[2022-07-22 14:30:02,027] {taskinstance.py:1179} INFO - Dependencies all met for <TaskInstance: get_options_data_FB.extract_options_data_from_tda scheduled__2022-07-22T14:00:00+00:00 [queued]>
[2022-07-22 14:30:02,043] {taskinstance.py:1179} INFO - Dependencies all met for <TaskInstance: get_options_data_FB.extract_options_data_from_tda scheduled__2022-07-22T14:00:00+00:00 [queued]>
[2022-07-22 14:30:02,043] {taskinstance.py:1376} INFO - 
--------------------------------------------------------------------------------
[2022-07-22 14:30:02,043] {taskinstance.py:1377} INFO - Starting attempt 1 of 2
[2022-07-22 14:30:02,044] {taskinstance.py:1378} INFO - 
--------------------------------------------------------------------------------
[2022-07-22 14:30:02,072] {taskinstance.py:1397} INFO - Executing <Task(PythonOperator): extract_options_data_from_tda> on 2022-07-22 14:00:00+00:00
[2022-07-22 14:30:02,078] {standard_task_runner.py:52} INFO - Started process 358 to run task
[2022-07-22 14:30:02,081] {standard_task_runner.py:79} INFO - Running: ['***', 'tasks', 'run', 'get_options_data_FB', 'extract_options_data_from_tda', 'scheduled__2022-07-22T14:00:00+00:00', '--job-id', '15', '--raw', '--subdir', 'DAGS_FOLDER/open_options.py', '--cfg-path', '/tmp/tmpi03lmb77', '--error-file', '/tmp/tmpsmq2xbwt']
[2022-07-22 14:30:02,082] {standard_task_runner.py:80} INFO - Job 15: Subtask extract_options_data_from_tda
[2022-07-22 14:30:02,164] {task_command.py:371} INFO - Running <TaskInstance: get_options_data_FB.extract_options_data_from_tda scheduled__2022-07-22T14:00:00+00:00 [running]> on host 447256dddbfe
[2022-07-22 14:30:02,241] {taskinstance.py:1591} INFO - Exporting the following env vars:
AIRFLOW_CTX_DAG_OWNER=chrischow
AIRFLOW_CTX_DAG_ID=get_options_data_FB
AIRFLOW_CTX_TASK_ID=extract_options_data_from_tda
AIRFLOW_CTX_EXECUTION_DATE=2022-07-22T14:00:00+00:00
AIRFLOW_CTX_TRY_NUMBER=1
AIRFLOW_CTX_DAG_RUN_ID=scheduled__2022-07-22T14:00:00+00:00
[2022-07-22 14:30:02,705] {logging_mixin.py:115} INFO - {'symbol': 'FB', 'status': 'FAILED', 'underlying': None, 'strategy': 'SINGLE', 'interval': 0.0, 'isDelayed': True, 'isIndex': False, 'interestRate': 0.0, 'underlyingPrice': 0.0, 'volatility': 0.0, 'daysToExpiration': 0.0, 'numberOfContracts': 1444, 'putExpDateMap': {}, 'callExpDateMap': {}}
[2022-07-22 14:30:02,744] {python.py:173} INFO - Done. Returned value was: None
[2022-07-22 14:30:02,766] {taskinstance.py:1420} INFO - Marking task as SUCCESS. dag_id=get_options_data_FB, task_id=extract_options_data_from_tda, execution_date=20220722T140000, start_date=20220722T143002, end_date=20220722T143002
[2022-07-22 14:30:02,817] {local_task_job.py:156} INFO - Task exited with return code 0
[2022-07-22 14:30:02,935] {local_task_job.py:273} INFO - 1 downstream tasks scheduled from follow-on schedule check
