[2022-07-22 14:06:11,852] {processor.py:153} INFO - Started process (PID=188) to work on /home/airflow/.local/lib/python3.7/site-packages/airflow/example_dags/example_branch_python_dop_operator_3.py
[2022-07-22 14:06:11,853] {processor.py:641} INFO - Processing file /home/airflow/.local/lib/python3.7/site-packages/airflow/example_dags/example_branch_python_dop_operator_3.py for tasks to queue
[2022-07-22 14:06:11,854] {logging_mixin.py:115} INFO - [2022-07-22 14:06:11,854] {dagbag.py:508} INFO - Filling up the DagBag from /home/airflow/.local/lib/python3.7/site-packages/airflow/example_dags/example_branch_python_dop_operator_3.py
[2022-07-22 14:06:11,875] {processor.py:651} INFO - DAG(s) dict_keys(['example_branch_dop_operator_v3']) retrieved from /home/airflow/.local/lib/python3.7/site-packages/airflow/example_dags/example_branch_python_dop_operator_3.py
[2022-07-22 14:06:12,022] {logging_mixin.py:115} INFO - [2022-07-22 14:06:12,022] {manager.py:508} INFO - Created Permission View: can read on DAG:example_branch_dop_operator_v3
[2022-07-22 14:06:12,040] {logging_mixin.py:115} INFO - [2022-07-22 14:06:12,040] {manager.py:508} INFO - Created Permission View: can delete on DAG:example_branch_dop_operator_v3
[2022-07-22 14:06:12,055] {logging_mixin.py:115} INFO - [2022-07-22 14:06:12,055] {manager.py:508} INFO - Created Permission View: can edit on DAG:example_branch_dop_operator_v3
[2022-07-22 14:06:12,056] {logging_mixin.py:115} INFO - [2022-07-22 14:06:12,055] {dag.py:2420} INFO - Sync 1 DAGs
[2022-07-22 14:06:12,066] {logging_mixin.py:115} INFO - [2022-07-22 14:06:12,066] {dag.py:2439} INFO - Creating ORM DAG for example_branch_dop_operator_v3
[2022-07-22 14:06:12,085] {logging_mixin.py:115} INFO - [2022-07-22 14:06:12,085] {dag.py:2972} INFO - Setting next_dagrun for example_branch_dop_operator_v3 to 2022-07-22T14:05:00+00:00, run_after=2022-07-22T14:06:00+00:00
[2022-07-22 14:06:12,109] {processor.py:161} INFO - Processing /home/airflow/.local/lib/python3.7/site-packages/airflow/example_dags/example_branch_python_dop_operator_3.py took 0.263 seconds
[2022-07-22 14:06:43,035] {processor.py:153} INFO - Started process (PID=385) to work on /home/airflow/.local/lib/python3.7/site-packages/airflow/example_dags/example_branch_python_dop_operator_3.py
[2022-07-22 14:06:43,036] {processor.py:641} INFO - Processing file /home/airflow/.local/lib/python3.7/site-packages/airflow/example_dags/example_branch_python_dop_operator_3.py for tasks to queue
[2022-07-22 14:06:43,037] {logging_mixin.py:115} INFO - [2022-07-22 14:06:43,037] {dagbag.py:508} INFO - Filling up the DagBag from /home/airflow/.local/lib/python3.7/site-packages/airflow/example_dags/example_branch_python_dop_operator_3.py
[2022-07-22 14:06:43,058] {processor.py:651} INFO - DAG(s) dict_keys(['example_branch_dop_operator_v3']) retrieved from /home/airflow/.local/lib/python3.7/site-packages/airflow/example_dags/example_branch_python_dop_operator_3.py
[2022-07-22 14:06:43,114] {logging_mixin.py:115} INFO - [2022-07-22 14:06:43,114] {dag.py:2420} INFO - Sync 1 DAGs
[2022-07-22 14:06:43,143] {logging_mixin.py:115} INFO - [2022-07-22 14:06:43,143] {dag.py:2972} INFO - Setting next_dagrun for example_branch_dop_operator_v3 to 2022-07-22T14:05:00+00:00, run_after=2022-07-22T14:06:00+00:00
[2022-07-22 14:06:43,162] {processor.py:161} INFO - Processing /home/airflow/.local/lib/python3.7/site-packages/airflow/example_dags/example_branch_python_dop_operator_3.py took 0.134 seconds
[2022-07-22 14:07:13,724] {processor.py:153} INFO - Started process (PID=582) to work on /home/airflow/.local/lib/python3.7/site-packages/airflow/example_dags/example_branch_python_dop_operator_3.py
[2022-07-22 14:07:13,725] {processor.py:641} INFO - Processing file /home/airflow/.local/lib/python3.7/site-packages/airflow/example_dags/example_branch_python_dop_operator_3.py for tasks to queue
[2022-07-22 14:07:13,726] {logging_mixin.py:115} INFO - [2022-07-22 14:07:13,726] {dagbag.py:508} INFO - Filling up the DagBag from /home/airflow/.local/lib/python3.7/site-packages/airflow/example_dags/example_branch_python_dop_operator_3.py
[2022-07-22 14:07:13,747] {processor.py:651} INFO - DAG(s) dict_keys(['example_branch_dop_operator_v3']) retrieved from /home/airflow/.local/lib/python3.7/site-packages/airflow/example_dags/example_branch_python_dop_operator_3.py
[2022-07-22 14:07:13,795] {logging_mixin.py:115} INFO - [2022-07-22 14:07:13,795] {dag.py:2420} INFO - Sync 1 DAGs
[2022-07-22 14:07:13,843] {logging_mixin.py:115} INFO - [2022-07-22 14:07:13,843] {dag.py:2972} INFO - Setting next_dagrun for example_branch_dop_operator_v3 to 2022-07-22T14:06:00+00:00, run_after=2022-07-22T14:07:00+00:00
[2022-07-22 14:07:13,858] {processor.py:161} INFO - Processing /home/airflow/.local/lib/python3.7/site-packages/airflow/example_dags/example_branch_python_dop_operator_3.py took 0.140 seconds
[2022-07-22 14:08:19,120] {processor.py:153} INFO - Started process (PID=194) to work on /home/airflow/.local/lib/python3.7/site-packages/airflow/example_dags/example_branch_python_dop_operator_3.py
[2022-07-22 14:08:19,121] {processor.py:641} INFO - Processing file /home/airflow/.local/lib/python3.7/site-packages/airflow/example_dags/example_branch_python_dop_operator_3.py for tasks to queue
[2022-07-22 14:08:19,122] {logging_mixin.py:115} INFO - [2022-07-22 14:08:19,122] {dagbag.py:508} INFO - Filling up the DagBag from /home/airflow/.local/lib/python3.7/site-packages/airflow/example_dags/example_branch_python_dop_operator_3.py
[2022-07-22 14:08:19,138] {processor.py:651} INFO - DAG(s) dict_keys(['example_branch_dop_operator_v3']) retrieved from /home/airflow/.local/lib/python3.7/site-packages/airflow/example_dags/example_branch_python_dop_operator_3.py
[2022-07-22 14:08:19,160] {logging_mixin.py:115} INFO - [2022-07-22 14:08:19,160] {dag.py:2420} INFO - Sync 1 DAGs
[2022-07-22 14:08:19,212] {logging_mixin.py:115} INFO - [2022-07-22 14:08:19,211] {dag.py:2972} INFO - Setting next_dagrun for example_branch_dop_operator_v3 to 2022-07-22T14:07:00+00:00, run_after=2022-07-22T14:08:00+00:00
[2022-07-22 14:08:19,242] {processor.py:161} INFO - Processing /home/airflow/.local/lib/python3.7/site-packages/airflow/example_dags/example_branch_python_dop_operator_3.py took 0.127 seconds
[2022-07-22 14:08:50,211] {processor.py:153} INFO - Started process (PID=400) to work on /home/airflow/.local/lib/python3.7/site-packages/airflow/example_dags/example_branch_python_dop_operator_3.py
[2022-07-22 14:08:50,213] {processor.py:641} INFO - Processing file /home/airflow/.local/lib/python3.7/site-packages/airflow/example_dags/example_branch_python_dop_operator_3.py for tasks to queue
[2022-07-22 14:08:50,214] {logging_mixin.py:115} INFO - [2022-07-22 14:08:50,213] {dagbag.py:508} INFO - Filling up the DagBag from /home/airflow/.local/lib/python3.7/site-packages/airflow/example_dags/example_branch_python_dop_operator_3.py
[2022-07-22 14:08:50,235] {processor.py:651} INFO - DAG(s) dict_keys(['example_branch_dop_operator_v3']) retrieved from /home/airflow/.local/lib/python3.7/site-packages/airflow/example_dags/example_branch_python_dop_operator_3.py
[2022-07-22 14:08:50,263] {logging_mixin.py:115} INFO - [2022-07-22 14:08:50,263] {dag.py:2420} INFO - Sync 1 DAGs
[2022-07-22 14:08:50,286] {logging_mixin.py:115} INFO - [2022-07-22 14:08:50,286] {dag.py:2972} INFO - Setting next_dagrun for example_branch_dop_operator_v3 to 2022-07-22T14:07:00+00:00, run_after=2022-07-22T14:08:00+00:00
[2022-07-22 14:08:50,300] {processor.py:161} INFO - Processing /home/airflow/.local/lib/python3.7/site-packages/airflow/example_dags/example_branch_python_dop_operator_3.py took 0.095 seconds
[2022-07-22 14:09:20,621] {processor.py:153} INFO - Started process (PID=602) to work on /home/airflow/.local/lib/python3.7/site-packages/airflow/example_dags/example_branch_python_dop_operator_3.py
[2022-07-22 14:09:20,623] {processor.py:641} INFO - Processing file /home/airflow/.local/lib/python3.7/site-packages/airflow/example_dags/example_branch_python_dop_operator_3.py for tasks to queue
[2022-07-22 14:09:20,624] {logging_mixin.py:115} INFO - [2022-07-22 14:09:20,624] {dagbag.py:508} INFO - Filling up the DagBag from /home/airflow/.local/lib/python3.7/site-packages/airflow/example_dags/example_branch_python_dop_operator_3.py
[2022-07-22 14:09:20,643] {processor.py:651} INFO - DAG(s) dict_keys(['example_branch_dop_operator_v3']) retrieved from /home/airflow/.local/lib/python3.7/site-packages/airflow/example_dags/example_branch_python_dop_operator_3.py
[2022-07-22 14:09:20,701] {logging_mixin.py:115} INFO - [2022-07-22 14:09:20,701] {dag.py:2420} INFO - Sync 1 DAGs
[2022-07-22 14:09:20,735] {logging_mixin.py:115} INFO - [2022-07-22 14:09:20,734] {dag.py:2972} INFO - Setting next_dagrun for example_branch_dop_operator_v3 to 2022-07-22T14:08:00+00:00, run_after=2022-07-22T14:09:00+00:00
[2022-07-22 14:09:20,752] {processor.py:161} INFO - Processing /home/airflow/.local/lib/python3.7/site-packages/airflow/example_dags/example_branch_python_dop_operator_3.py took 0.137 seconds
[2022-07-22 14:09:51,013] {processor.py:153} INFO - Started process (PID=799) to work on /home/airflow/.local/lib/python3.7/site-packages/airflow/example_dags/example_branch_python_dop_operator_3.py
[2022-07-22 14:09:51,013] {processor.py:641} INFO - Processing file /home/airflow/.local/lib/python3.7/site-packages/airflow/example_dags/example_branch_python_dop_operator_3.py for tasks to queue
[2022-07-22 14:09:51,014] {logging_mixin.py:115} INFO - [2022-07-22 14:09:51,014] {dagbag.py:508} INFO - Filling up the DagBag from /home/airflow/.local/lib/python3.7/site-packages/airflow/example_dags/example_branch_python_dop_operator_3.py
[2022-07-22 14:09:51,022] {processor.py:651} INFO - DAG(s) dict_keys(['example_branch_dop_operator_v3']) retrieved from /home/airflow/.local/lib/python3.7/site-packages/airflow/example_dags/example_branch_python_dop_operator_3.py
[2022-07-22 14:09:51,052] {logging_mixin.py:115} INFO - [2022-07-22 14:09:51,052] {dag.py:2420} INFO - Sync 1 DAGs
[2022-07-22 14:09:51,083] {logging_mixin.py:115} INFO - [2022-07-22 14:09:51,083] {dag.py:2972} INFO - Setting next_dagrun for example_branch_dop_operator_v3 to 2022-07-22T14:08:00+00:00, run_after=2022-07-22T14:09:00+00:00
[2022-07-22 14:09:51,101] {processor.py:161} INFO - Processing /home/airflow/.local/lib/python3.7/site-packages/airflow/example_dags/example_branch_python_dop_operator_3.py took 0.091 seconds
[2022-07-22 14:11:24,990] {processor.py:153} INFO - Started process (PID=194) to work on /home/airflow/.local/lib/python3.7/site-packages/airflow/example_dags/example_branch_python_dop_operator_3.py
[2022-07-22 14:11:24,990] {processor.py:641} INFO - Processing file /home/airflow/.local/lib/python3.7/site-packages/airflow/example_dags/example_branch_python_dop_operator_3.py for tasks to queue
[2022-07-22 14:11:24,991] {logging_mixin.py:115} INFO - [2022-07-22 14:11:24,991] {dagbag.py:508} INFO - Filling up the DagBag from /home/airflow/.local/lib/python3.7/site-packages/airflow/example_dags/example_branch_python_dop_operator_3.py
[2022-07-22 14:11:24,998] {processor.py:651} INFO - DAG(s) dict_keys(['example_branch_dop_operator_v3']) retrieved from /home/airflow/.local/lib/python3.7/site-packages/airflow/example_dags/example_branch_python_dop_operator_3.py
[2022-07-22 14:11:25,074] {logging_mixin.py:115} INFO - [2022-07-22 14:11:25,073] {manager.py:508} INFO - Created Permission View: can read on DAG:example_branch_dop_operator_v3
[2022-07-22 14:11:25,082] {logging_mixin.py:115} INFO - [2022-07-22 14:11:25,082] {manager.py:508} INFO - Created Permission View: can edit on DAG:example_branch_dop_operator_v3
[2022-07-22 14:11:25,092] {logging_mixin.py:115} INFO - [2022-07-22 14:11:25,092] {manager.py:508} INFO - Created Permission View: can delete on DAG:example_branch_dop_operator_v3
[2022-07-22 14:11:25,092] {logging_mixin.py:115} INFO - [2022-07-22 14:11:25,092] {dag.py:2420} INFO - Sync 1 DAGs
[2022-07-22 14:11:25,107] {logging_mixin.py:115} INFO - [2022-07-22 14:11:25,107] {dag.py:2439} INFO - Creating ORM DAG for example_branch_dop_operator_v3
[2022-07-22 14:11:25,140] {logging_mixin.py:115} INFO - [2022-07-22 14:11:25,140] {dag.py:2972} INFO - Setting next_dagrun for example_branch_dop_operator_v3 to 2022-07-22T14:10:00+00:00, run_after=2022-07-22T14:11:00+00:00
[2022-07-22 14:11:25,159] {processor.py:161} INFO - Processing /home/airflow/.local/lib/python3.7/site-packages/airflow/example_dags/example_branch_python_dop_operator_3.py took 0.172 seconds
[2022-07-22 14:11:55,332] {processor.py:153} INFO - Started process (PID=400) to work on /home/airflow/.local/lib/python3.7/site-packages/airflow/example_dags/example_branch_python_dop_operator_3.py
[2022-07-22 14:11:55,333] {processor.py:641} INFO - Processing file /home/airflow/.local/lib/python3.7/site-packages/airflow/example_dags/example_branch_python_dop_operator_3.py for tasks to queue
[2022-07-22 14:11:55,334] {logging_mixin.py:115} INFO - [2022-07-22 14:11:55,333] {dagbag.py:508} INFO - Filling up the DagBag from /home/airflow/.local/lib/python3.7/site-packages/airflow/example_dags/example_branch_python_dop_operator_3.py
[2022-07-22 14:11:55,352] {processor.py:651} INFO - DAG(s) dict_keys(['example_branch_dop_operator_v3']) retrieved from /home/airflow/.local/lib/python3.7/site-packages/airflow/example_dags/example_branch_python_dop_operator_3.py
[2022-07-22 14:11:55,392] {logging_mixin.py:115} INFO - [2022-07-22 14:11:55,392] {dag.py:2420} INFO - Sync 1 DAGs
[2022-07-22 14:11:55,450] {logging_mixin.py:115} INFO - [2022-07-22 14:11:55,449] {dag.py:2972} INFO - Setting next_dagrun for example_branch_dop_operator_v3 to 2022-07-22T14:10:00+00:00, run_after=2022-07-22T14:11:00+00:00
[2022-07-22 14:11:55,474] {processor.py:161} INFO - Processing /home/airflow/.local/lib/python3.7/site-packages/airflow/example_dags/example_branch_python_dop_operator_3.py took 0.147 seconds
[2022-07-22 14:12:53,206] {processor.py:153} INFO - Started process (PID=194) to work on /home/airflow/.local/lib/python3.7/site-packages/airflow/example_dags/example_branch_python_dop_operator_3.py
[2022-07-22 14:12:53,206] {processor.py:641} INFO - Processing file /home/airflow/.local/lib/python3.7/site-packages/airflow/example_dags/example_branch_python_dop_operator_3.py for tasks to queue
[2022-07-22 14:12:53,207] {logging_mixin.py:115} INFO - [2022-07-22 14:12:53,207] {dagbag.py:508} INFO - Filling up the DagBag from /home/airflow/.local/lib/python3.7/site-packages/airflow/example_dags/example_branch_python_dop_operator_3.py
[2022-07-22 14:12:53,216] {processor.py:651} INFO - DAG(s) dict_keys(['example_branch_dop_operator_v3']) retrieved from /home/airflow/.local/lib/python3.7/site-packages/airflow/example_dags/example_branch_python_dop_operator_3.py
[2022-07-22 14:12:53,317] {logging_mixin.py:115} INFO - [2022-07-22 14:12:53,317] {manager.py:508} INFO - Created Permission View: can read on DAG:example_branch_dop_operator_v3
[2022-07-22 14:12:53,335] {logging_mixin.py:115} INFO - [2022-07-22 14:12:53,335] {manager.py:508} INFO - Created Permission View: can delete on DAG:example_branch_dop_operator_v3
[2022-07-22 14:12:53,348] {logging_mixin.py:115} INFO - [2022-07-22 14:12:53,347] {manager.py:508} INFO - Created Permission View: can edit on DAG:example_branch_dop_operator_v3
[2022-07-22 14:12:53,348] {logging_mixin.py:115} INFO - [2022-07-22 14:12:53,348] {dag.py:2420} INFO - Sync 1 DAGs
[2022-07-22 14:12:53,357] {logging_mixin.py:115} INFO - [2022-07-22 14:12:53,357] {dag.py:2439} INFO - Creating ORM DAG for example_branch_dop_operator_v3
[2022-07-22 14:12:53,372] {logging_mixin.py:115} INFO - [2022-07-22 14:12:53,372] {dag.py:2972} INFO - Setting next_dagrun for example_branch_dop_operator_v3 to 2022-07-22T14:11:00+00:00, run_after=2022-07-22T14:12:00+00:00
[2022-07-22 14:12:53,385] {processor.py:161} INFO - Processing /home/airflow/.local/lib/python3.7/site-packages/airflow/example_dags/example_branch_python_dop_operator_3.py took 0.183 seconds
[2022-07-22 14:13:23,497] {processor.py:153} INFO - Started process (PID=398) to work on /home/airflow/.local/lib/python3.7/site-packages/airflow/example_dags/example_branch_python_dop_operator_3.py
[2022-07-22 14:13:23,498] {processor.py:641} INFO - Processing file /home/airflow/.local/lib/python3.7/site-packages/airflow/example_dags/example_branch_python_dop_operator_3.py for tasks to queue
[2022-07-22 14:13:23,499] {logging_mixin.py:115} INFO - [2022-07-22 14:13:23,499] {dagbag.py:508} INFO - Filling up the DagBag from /home/airflow/.local/lib/python3.7/site-packages/airflow/example_dags/example_branch_python_dop_operator_3.py
[2022-07-22 14:13:23,517] {processor.py:651} INFO - DAG(s) dict_keys(['example_branch_dop_operator_v3']) retrieved from /home/airflow/.local/lib/python3.7/site-packages/airflow/example_dags/example_branch_python_dop_operator_3.py
[2022-07-22 14:13:23,545] {logging_mixin.py:115} INFO - [2022-07-22 14:13:23,545] {dag.py:2420} INFO - Sync 1 DAGs
[2022-07-22 14:13:23,566] {logging_mixin.py:115} INFO - [2022-07-22 14:13:23,566] {dag.py:2972} INFO - Setting next_dagrun for example_branch_dop_operator_v3 to 2022-07-22T14:12:00+00:00, run_after=2022-07-22T14:13:00+00:00
[2022-07-22 14:13:23,579] {processor.py:161} INFO - Processing /home/airflow/.local/lib/python3.7/site-packages/airflow/example_dags/example_branch_python_dop_operator_3.py took 0.088 seconds
[2022-07-22 14:13:53,945] {processor.py:153} INFO - Started process (PID=598) to work on /home/airflow/.local/lib/python3.7/site-packages/airflow/example_dags/example_branch_python_dop_operator_3.py
[2022-07-22 14:13:53,946] {processor.py:641} INFO - Processing file /home/airflow/.local/lib/python3.7/site-packages/airflow/example_dags/example_branch_python_dop_operator_3.py for tasks to queue
[2022-07-22 14:13:53,947] {logging_mixin.py:115} INFO - [2022-07-22 14:13:53,947] {dagbag.py:508} INFO - Filling up the DagBag from /home/airflow/.local/lib/python3.7/site-packages/airflow/example_dags/example_branch_python_dop_operator_3.py
[2022-07-22 14:13:53,964] {processor.py:651} INFO - DAG(s) dict_keys(['example_branch_dop_operator_v3']) retrieved from /home/airflow/.local/lib/python3.7/site-packages/airflow/example_dags/example_branch_python_dop_operator_3.py
[2022-07-22 14:13:54,013] {logging_mixin.py:115} INFO - [2022-07-22 14:13:54,013] {dag.py:2420} INFO - Sync 1 DAGs
[2022-07-22 14:13:54,069] {logging_mixin.py:115} INFO - [2022-07-22 14:13:54,069] {dag.py:2972} INFO - Setting next_dagrun for example_branch_dop_operator_v3 to 2022-07-22T14:12:00+00:00, run_after=2022-07-22T14:13:00+00:00
[2022-07-22 14:13:54,084] {processor.py:161} INFO - Processing /home/airflow/.local/lib/python3.7/site-packages/airflow/example_dags/example_branch_python_dop_operator_3.py took 0.147 seconds
[2022-07-22 14:14:46,406] {processor.py:153} INFO - Started process (PID=194) to work on /home/airflow/.local/lib/python3.7/site-packages/airflow/example_dags/example_branch_python_dop_operator_3.py
[2022-07-22 14:14:46,407] {processor.py:641} INFO - Processing file /home/airflow/.local/lib/python3.7/site-packages/airflow/example_dags/example_branch_python_dop_operator_3.py for tasks to queue
[2022-07-22 14:14:46,408] {logging_mixin.py:115} INFO - [2022-07-22 14:14:46,407] {dagbag.py:508} INFO - Filling up the DagBag from /home/airflow/.local/lib/python3.7/site-packages/airflow/example_dags/example_branch_python_dop_operator_3.py
[2022-07-22 14:14:46,426] {processor.py:651} INFO - DAG(s) dict_keys(['example_branch_dop_operator_v3']) retrieved from /home/airflow/.local/lib/python3.7/site-packages/airflow/example_dags/example_branch_python_dop_operator_3.py
[2022-07-22 14:14:46,516] {logging_mixin.py:115} INFO - [2022-07-22 14:14:46,516] {manager.py:508} INFO - Created Permission View: can read on DAG:example_branch_dop_operator_v3
[2022-07-22 14:14:46,527] {logging_mixin.py:115} INFO - [2022-07-22 14:14:46,527] {manager.py:508} INFO - Created Permission View: can edit on DAG:example_branch_dop_operator_v3
[2022-07-22 14:14:46,536] {logging_mixin.py:115} INFO - [2022-07-22 14:14:46,536] {manager.py:508} INFO - Created Permission View: can delete on DAG:example_branch_dop_operator_v3
[2022-07-22 14:14:46,537] {logging_mixin.py:115} INFO - [2022-07-22 14:14:46,536] {dag.py:2420} INFO - Sync 1 DAGs
[2022-07-22 14:14:46,548] {logging_mixin.py:115} INFO - [2022-07-22 14:14:46,547] {dag.py:2439} INFO - Creating ORM DAG for example_branch_dop_operator_v3
[2022-07-22 14:14:46,585] {logging_mixin.py:115} INFO - [2022-07-22 14:14:46,585] {dag.py:2972} INFO - Setting next_dagrun for example_branch_dop_operator_v3 to 2022-07-22T14:13:00+00:00, run_after=2022-07-22T14:14:00+00:00
[2022-07-22 14:14:46,614] {processor.py:161} INFO - Processing /home/airflow/.local/lib/python3.7/site-packages/airflow/example_dags/example_branch_python_dop_operator_3.py took 0.214 seconds
[2022-07-22 14:15:16,818] {processor.py:153} INFO - Started process (PID=409) to work on /home/airflow/.local/lib/python3.7/site-packages/airflow/example_dags/example_branch_python_dop_operator_3.py
[2022-07-22 14:15:16,819] {processor.py:641} INFO - Processing file /home/airflow/.local/lib/python3.7/site-packages/airflow/example_dags/example_branch_python_dop_operator_3.py for tasks to queue
[2022-07-22 14:15:16,820] {logging_mixin.py:115} INFO - [2022-07-22 14:15:16,820] {dagbag.py:508} INFO - Filling up the DagBag from /home/airflow/.local/lib/python3.7/site-packages/airflow/example_dags/example_branch_python_dop_operator_3.py
[2022-07-22 14:15:16,842] {processor.py:651} INFO - DAG(s) dict_keys(['example_branch_dop_operator_v3']) retrieved from /home/airflow/.local/lib/python3.7/site-packages/airflow/example_dags/example_branch_python_dop_operator_3.py
[2022-07-22 14:15:16,869] {logging_mixin.py:115} INFO - [2022-07-22 14:15:16,869] {dag.py:2420} INFO - Sync 1 DAGs
[2022-07-22 14:15:16,897] {logging_mixin.py:115} INFO - [2022-07-22 14:15:16,897] {dag.py:2972} INFO - Setting next_dagrun for example_branch_dop_operator_v3 to 2022-07-22T14:14:00+00:00, run_after=2022-07-22T14:15:00+00:00
[2022-07-22 14:15:16,918] {processor.py:161} INFO - Processing /home/airflow/.local/lib/python3.7/site-packages/airflow/example_dags/example_branch_python_dop_operator_3.py took 0.106 seconds
[2022-07-22 14:15:47,134] {processor.py:153} INFO - Started process (PID=610) to work on /home/airflow/.local/lib/python3.7/site-packages/airflow/example_dags/example_branch_python_dop_operator_3.py
[2022-07-22 14:15:47,135] {processor.py:641} INFO - Processing file /home/airflow/.local/lib/python3.7/site-packages/airflow/example_dags/example_branch_python_dop_operator_3.py for tasks to queue
[2022-07-22 14:15:47,135] {logging_mixin.py:115} INFO - [2022-07-22 14:15:47,135] {dagbag.py:508} INFO - Filling up the DagBag from /home/airflow/.local/lib/python3.7/site-packages/airflow/example_dags/example_branch_python_dop_operator_3.py
[2022-07-22 14:15:47,153] {processor.py:651} INFO - DAG(s) dict_keys(['example_branch_dop_operator_v3']) retrieved from /home/airflow/.local/lib/python3.7/site-packages/airflow/example_dags/example_branch_python_dop_operator_3.py
[2022-07-22 14:15:47,184] {logging_mixin.py:115} INFO - [2022-07-22 14:15:47,184] {dag.py:2420} INFO - Sync 1 DAGs
[2022-07-22 14:15:47,217] {logging_mixin.py:115} INFO - [2022-07-22 14:15:47,217] {dag.py:2972} INFO - Setting next_dagrun for example_branch_dop_operator_v3 to 2022-07-22T14:14:00+00:00, run_after=2022-07-22T14:15:00+00:00
[2022-07-22 14:15:47,231] {processor.py:161} INFO - Processing /home/airflow/.local/lib/python3.7/site-packages/airflow/example_dags/example_branch_python_dop_operator_3.py took 0.102 seconds
[2022-07-22 14:16:17,516] {processor.py:153} INFO - Started process (PID=813) to work on /home/airflow/.local/lib/python3.7/site-packages/airflow/example_dags/example_branch_python_dop_operator_3.py
[2022-07-22 14:16:17,516] {processor.py:641} INFO - Processing file /home/airflow/.local/lib/python3.7/site-packages/airflow/example_dags/example_branch_python_dop_operator_3.py for tasks to queue
[2022-07-22 14:16:17,518] {logging_mixin.py:115} INFO - [2022-07-22 14:16:17,518] {dagbag.py:508} INFO - Filling up the DagBag from /home/airflow/.local/lib/python3.7/site-packages/airflow/example_dags/example_branch_python_dop_operator_3.py
[2022-07-22 14:16:17,530] {processor.py:651} INFO - DAG(s) dict_keys(['example_branch_dop_operator_v3']) retrieved from /home/airflow/.local/lib/python3.7/site-packages/airflow/example_dags/example_branch_python_dop_operator_3.py
[2022-07-22 14:16:17,559] {logging_mixin.py:115} INFO - [2022-07-22 14:16:17,559] {dag.py:2420} INFO - Sync 1 DAGs
[2022-07-22 14:16:17,588] {logging_mixin.py:115} INFO - [2022-07-22 14:16:17,588] {dag.py:2972} INFO - Setting next_dagrun for example_branch_dop_operator_v3 to 2022-07-22T14:15:00+00:00, run_after=2022-07-22T14:16:00+00:00
[2022-07-22 14:16:17,607] {processor.py:161} INFO - Processing /home/airflow/.local/lib/python3.7/site-packages/airflow/example_dags/example_branch_python_dop_operator_3.py took 0.095 seconds
[2022-07-22 14:16:48,096] {processor.py:153} INFO - Started process (PID=1015) to work on /home/airflow/.local/lib/python3.7/site-packages/airflow/example_dags/example_branch_python_dop_operator_3.py
[2022-07-22 14:16:48,096] {processor.py:641} INFO - Processing file /home/airflow/.local/lib/python3.7/site-packages/airflow/example_dags/example_branch_python_dop_operator_3.py for tasks to queue
[2022-07-22 14:16:48,097] {logging_mixin.py:115} INFO - [2022-07-22 14:16:48,097] {dagbag.py:508} INFO - Filling up the DagBag from /home/airflow/.local/lib/python3.7/site-packages/airflow/example_dags/example_branch_python_dop_operator_3.py
[2022-07-22 14:16:48,105] {processor.py:651} INFO - DAG(s) dict_keys(['example_branch_dop_operator_v3']) retrieved from /home/airflow/.local/lib/python3.7/site-packages/airflow/example_dags/example_branch_python_dop_operator_3.py
[2022-07-22 14:16:48,149] {logging_mixin.py:115} INFO - [2022-07-22 14:16:48,149] {dag.py:2420} INFO - Sync 1 DAGs
[2022-07-22 14:16:48,209] {logging_mixin.py:115} INFO - [2022-07-22 14:16:48,209] {dag.py:2972} INFO - Setting next_dagrun for example_branch_dop_operator_v3 to 2022-07-22T14:15:00+00:00, run_after=2022-07-22T14:16:00+00:00
[2022-07-22 14:16:48,238] {processor.py:161} INFO - Processing /home/airflow/.local/lib/python3.7/site-packages/airflow/example_dags/example_branch_python_dop_operator_3.py took 0.145 seconds
[2022-07-22 14:17:18,457] {processor.py:153} INFO - Started process (PID=1217) to work on /home/airflow/.local/lib/python3.7/site-packages/airflow/example_dags/example_branch_python_dop_operator_3.py
[2022-07-22 14:17:18,457] {processor.py:641} INFO - Processing file /home/airflow/.local/lib/python3.7/site-packages/airflow/example_dags/example_branch_python_dop_operator_3.py for tasks to queue
[2022-07-22 14:17:18,458] {logging_mixin.py:115} INFO - [2022-07-22 14:17:18,457] {dagbag.py:508} INFO - Filling up the DagBag from /home/airflow/.local/lib/python3.7/site-packages/airflow/example_dags/example_branch_python_dop_operator_3.py
[2022-07-22 14:17:18,466] {processor.py:651} INFO - DAG(s) dict_keys(['example_branch_dop_operator_v3']) retrieved from /home/airflow/.local/lib/python3.7/site-packages/airflow/example_dags/example_branch_python_dop_operator_3.py
[2022-07-22 14:17:18,499] {logging_mixin.py:115} INFO - [2022-07-22 14:17:18,499] {dag.py:2420} INFO - Sync 1 DAGs
[2022-07-22 14:17:18,529] {logging_mixin.py:115} INFO - [2022-07-22 14:17:18,528] {dag.py:2972} INFO - Setting next_dagrun for example_branch_dop_operator_v3 to 2022-07-22T14:16:00+00:00, run_after=2022-07-22T14:17:00+00:00
[2022-07-22 14:17:18,544] {processor.py:161} INFO - Processing /home/airflow/.local/lib/python3.7/site-packages/airflow/example_dags/example_branch_python_dop_operator_3.py took 0.090 seconds
[2022-07-22 14:17:49,571] {processor.py:153} INFO - Started process (PID=1410) to work on /home/airflow/.local/lib/python3.7/site-packages/airflow/example_dags/example_branch_python_dop_operator_3.py
[2022-07-22 14:17:49,572] {processor.py:641} INFO - Processing file /home/airflow/.local/lib/python3.7/site-packages/airflow/example_dags/example_branch_python_dop_operator_3.py for tasks to queue
[2022-07-22 14:17:49,573] {logging_mixin.py:115} INFO - [2022-07-22 14:17:49,573] {dagbag.py:508} INFO - Filling up the DagBag from /home/airflow/.local/lib/python3.7/site-packages/airflow/example_dags/example_branch_python_dop_operator_3.py
[2022-07-22 14:17:49,590] {processor.py:651} INFO - DAG(s) dict_keys(['example_branch_dop_operator_v3']) retrieved from /home/airflow/.local/lib/python3.7/site-packages/airflow/example_dags/example_branch_python_dop_operator_3.py
[2022-07-22 14:17:49,617] {logging_mixin.py:115} INFO - [2022-07-22 14:17:49,617] {dag.py:2420} INFO - Sync 1 DAGs
[2022-07-22 14:17:49,657] {logging_mixin.py:115} INFO - [2022-07-22 14:17:49,657] {dag.py:2972} INFO - Setting next_dagrun for example_branch_dop_operator_v3 to 2022-07-22T14:16:00+00:00, run_after=2022-07-22T14:17:00+00:00
[2022-07-22 14:17:49,678] {processor.py:161} INFO - Processing /home/airflow/.local/lib/python3.7/site-packages/airflow/example_dags/example_branch_python_dop_operator_3.py took 0.113 seconds
[2022-07-22 14:18:20,655] {processor.py:153} INFO - Started process (PID=1611) to work on /home/airflow/.local/lib/python3.7/site-packages/airflow/example_dags/example_branch_python_dop_operator_3.py
[2022-07-22 14:18:20,657] {processor.py:641} INFO - Processing file /home/airflow/.local/lib/python3.7/site-packages/airflow/example_dags/example_branch_python_dop_operator_3.py for tasks to queue
[2022-07-22 14:18:20,658] {logging_mixin.py:115} INFO - [2022-07-22 14:18:20,658] {dagbag.py:508} INFO - Filling up the DagBag from /home/airflow/.local/lib/python3.7/site-packages/airflow/example_dags/example_branch_python_dop_operator_3.py
[2022-07-22 14:18:20,676] {processor.py:651} INFO - DAG(s) dict_keys(['example_branch_dop_operator_v3']) retrieved from /home/airflow/.local/lib/python3.7/site-packages/airflow/example_dags/example_branch_python_dop_operator_3.py
[2022-07-22 14:18:20,716] {logging_mixin.py:115} INFO - [2022-07-22 14:18:20,716] {dag.py:2420} INFO - Sync 1 DAGs
[2022-07-22 14:18:20,765] {logging_mixin.py:115} INFO - [2022-07-22 14:18:20,765] {dag.py:2972} INFO - Setting next_dagrun for example_branch_dop_operator_v3 to 2022-07-22T14:17:00+00:00, run_after=2022-07-22T14:18:00+00:00
[2022-07-22 14:18:20,791] {processor.py:161} INFO - Processing /home/airflow/.local/lib/python3.7/site-packages/airflow/example_dags/example_branch_python_dop_operator_3.py took 0.141 seconds
[2022-07-22 14:18:51,164] {processor.py:153} INFO - Started process (PID=1815) to work on /home/airflow/.local/lib/python3.7/site-packages/airflow/example_dags/example_branch_python_dop_operator_3.py
[2022-07-22 14:18:51,165] {processor.py:641} INFO - Processing file /home/airflow/.local/lib/python3.7/site-packages/airflow/example_dags/example_branch_python_dop_operator_3.py for tasks to queue
[2022-07-22 14:18:51,166] {logging_mixin.py:115} INFO - [2022-07-22 14:18:51,165] {dagbag.py:508} INFO - Filling up the DagBag from /home/airflow/.local/lib/python3.7/site-packages/airflow/example_dags/example_branch_python_dop_operator_3.py
[2022-07-22 14:18:51,183] {processor.py:651} INFO - DAG(s) dict_keys(['example_branch_dop_operator_v3']) retrieved from /home/airflow/.local/lib/python3.7/site-packages/airflow/example_dags/example_branch_python_dop_operator_3.py
[2022-07-22 14:18:51,231] {logging_mixin.py:115} INFO - [2022-07-22 14:18:51,230] {dag.py:2420} INFO - Sync 1 DAGs
[2022-07-22 14:18:51,254] {logging_mixin.py:115} INFO - [2022-07-22 14:18:51,254] {dag.py:2972} INFO - Setting next_dagrun for example_branch_dop_operator_v3 to 2022-07-22T14:17:00+00:00, run_after=2022-07-22T14:18:00+00:00
[2022-07-22 14:18:51,268] {processor.py:161} INFO - Processing /home/airflow/.local/lib/python3.7/site-packages/airflow/example_dags/example_branch_python_dop_operator_3.py took 0.109 seconds
[2022-07-22 14:19:21,395] {processor.py:153} INFO - Started process (PID=2015) to work on /home/airflow/.local/lib/python3.7/site-packages/airflow/example_dags/example_branch_python_dop_operator_3.py
[2022-07-22 14:19:21,396] {processor.py:641} INFO - Processing file /home/airflow/.local/lib/python3.7/site-packages/airflow/example_dags/example_branch_python_dop_operator_3.py for tasks to queue
[2022-07-22 14:19:21,397] {logging_mixin.py:115} INFO - [2022-07-22 14:19:21,397] {dagbag.py:508} INFO - Filling up the DagBag from /home/airflow/.local/lib/python3.7/site-packages/airflow/example_dags/example_branch_python_dop_operator_3.py
[2022-07-22 14:19:21,408] {processor.py:651} INFO - DAG(s) dict_keys(['example_branch_dop_operator_v3']) retrieved from /home/airflow/.local/lib/python3.7/site-packages/airflow/example_dags/example_branch_python_dop_operator_3.py
[2022-07-22 14:19:21,438] {logging_mixin.py:115} INFO - [2022-07-22 14:19:21,438] {dag.py:2420} INFO - Sync 1 DAGs
[2022-07-22 14:19:21,472] {logging_mixin.py:115} INFO - [2022-07-22 14:19:21,472] {dag.py:2972} INFO - Setting next_dagrun for example_branch_dop_operator_v3 to 2022-07-22T14:18:00+00:00, run_after=2022-07-22T14:19:00+00:00
[2022-07-22 14:19:21,492] {processor.py:161} INFO - Processing /home/airflow/.local/lib/python3.7/site-packages/airflow/example_dags/example_branch_python_dop_operator_3.py took 0.100 seconds
[2022-07-22 14:19:51,582] {processor.py:153} INFO - Started process (PID=2205) to work on /home/airflow/.local/lib/python3.7/site-packages/airflow/example_dags/example_branch_python_dop_operator_3.py
[2022-07-22 14:19:51,582] {processor.py:641} INFO - Processing file /home/airflow/.local/lib/python3.7/site-packages/airflow/example_dags/example_branch_python_dop_operator_3.py for tasks to queue
[2022-07-22 14:19:51,583] {logging_mixin.py:115} INFO - [2022-07-22 14:19:51,583] {dagbag.py:508} INFO - Filling up the DagBag from /home/airflow/.local/lib/python3.7/site-packages/airflow/example_dags/example_branch_python_dop_operator_3.py
[2022-07-22 14:19:51,591] {processor.py:651} INFO - DAG(s) dict_keys(['example_branch_dop_operator_v3']) retrieved from /home/airflow/.local/lib/python3.7/site-packages/airflow/example_dags/example_branch_python_dop_operator_3.py
[2022-07-22 14:19:51,615] {logging_mixin.py:115} INFO - [2022-07-22 14:19:51,614] {dag.py:2420} INFO - Sync 1 DAGs
[2022-07-22 14:19:51,639] {logging_mixin.py:115} INFO - [2022-07-22 14:19:51,639] {dag.py:2972} INFO - Setting next_dagrun for example_branch_dop_operator_v3 to 2022-07-22T14:18:00+00:00, run_after=2022-07-22T14:19:00+00:00
[2022-07-22 14:19:51,651] {processor.py:161} INFO - Processing /home/airflow/.local/lib/python3.7/site-packages/airflow/example_dags/example_branch_python_dop_operator_3.py took 0.072 seconds
[2022-07-22 14:20:21,897] {processor.py:153} INFO - Started process (PID=2407) to work on /home/airflow/.local/lib/python3.7/site-packages/airflow/example_dags/example_branch_python_dop_operator_3.py
[2022-07-22 14:20:21,898] {processor.py:641} INFO - Processing file /home/airflow/.local/lib/python3.7/site-packages/airflow/example_dags/example_branch_python_dop_operator_3.py for tasks to queue
[2022-07-22 14:20:21,899] {logging_mixin.py:115} INFO - [2022-07-22 14:20:21,899] {dagbag.py:508} INFO - Filling up the DagBag from /home/airflow/.local/lib/python3.7/site-packages/airflow/example_dags/example_branch_python_dop_operator_3.py
[2022-07-22 14:20:21,910] {processor.py:651} INFO - DAG(s) dict_keys(['example_branch_dop_operator_v3']) retrieved from /home/airflow/.local/lib/python3.7/site-packages/airflow/example_dags/example_branch_python_dop_operator_3.py
[2022-07-22 14:20:21,934] {logging_mixin.py:115} INFO - [2022-07-22 14:20:21,934] {dag.py:2420} INFO - Sync 1 DAGs
[2022-07-22 14:20:21,961] {logging_mixin.py:115} INFO - [2022-07-22 14:20:21,961] {dag.py:2972} INFO - Setting next_dagrun for example_branch_dop_operator_v3 to 2022-07-22T14:19:00+00:00, run_after=2022-07-22T14:20:00+00:00
[2022-07-22 14:20:21,972] {processor.py:161} INFO - Processing /home/airflow/.local/lib/python3.7/site-packages/airflow/example_dags/example_branch_python_dop_operator_3.py took 0.079 seconds
[2022-07-22 14:20:52,390] {processor.py:153} INFO - Started process (PID=2609) to work on /home/airflow/.local/lib/python3.7/site-packages/airflow/example_dags/example_branch_python_dop_operator_3.py
[2022-07-22 14:20:52,391] {processor.py:641} INFO - Processing file /home/airflow/.local/lib/python3.7/site-packages/airflow/example_dags/example_branch_python_dop_operator_3.py for tasks to queue
[2022-07-22 14:20:52,391] {logging_mixin.py:115} INFO - [2022-07-22 14:20:52,391] {dagbag.py:508} INFO - Filling up the DagBag from /home/airflow/.local/lib/python3.7/site-packages/airflow/example_dags/example_branch_python_dop_operator_3.py
[2022-07-22 14:20:52,403] {processor.py:651} INFO - DAG(s) dict_keys(['example_branch_dop_operator_v3']) retrieved from /home/airflow/.local/lib/python3.7/site-packages/airflow/example_dags/example_branch_python_dop_operator_3.py
[2022-07-22 14:20:52,433] {logging_mixin.py:115} INFO - [2022-07-22 14:20:52,432] {dag.py:2420} INFO - Sync 1 DAGs
[2022-07-22 14:20:52,486] {logging_mixin.py:115} INFO - [2022-07-22 14:20:52,486] {dag.py:2972} INFO - Setting next_dagrun for example_branch_dop_operator_v3 to 2022-07-22T14:19:00+00:00, run_after=2022-07-22T14:20:00+00:00
[2022-07-22 14:20:52,504] {processor.py:161} INFO - Processing /home/airflow/.local/lib/python3.7/site-packages/airflow/example_dags/example_branch_python_dop_operator_3.py took 0.117 seconds
[2022-07-22 14:21:23,040] {processor.py:153} INFO - Started process (PID=2802) to work on /home/airflow/.local/lib/python3.7/site-packages/airflow/example_dags/example_branch_python_dop_operator_3.py
[2022-07-22 14:21:23,041] {processor.py:641} INFO - Processing file /home/airflow/.local/lib/python3.7/site-packages/airflow/example_dags/example_branch_python_dop_operator_3.py for tasks to queue
[2022-07-22 14:21:23,041] {logging_mixin.py:115} INFO - [2022-07-22 14:21:23,041] {dagbag.py:508} INFO - Filling up the DagBag from /home/airflow/.local/lib/python3.7/site-packages/airflow/example_dags/example_branch_python_dop_operator_3.py
[2022-07-22 14:21:23,053] {processor.py:651} INFO - DAG(s) dict_keys(['example_branch_dop_operator_v3']) retrieved from /home/airflow/.local/lib/python3.7/site-packages/airflow/example_dags/example_branch_python_dop_operator_3.py
[2022-07-22 14:21:23,080] {logging_mixin.py:115} INFO - [2022-07-22 14:21:23,080] {dag.py:2420} INFO - Sync 1 DAGs
[2022-07-22 14:21:23,114] {logging_mixin.py:115} INFO - [2022-07-22 14:21:23,113] {dag.py:2972} INFO - Setting next_dagrun for example_branch_dop_operator_v3 to 2022-07-22T14:20:00+00:00, run_after=2022-07-22T14:21:00+00:00
[2022-07-22 14:21:23,131] {processor.py:161} INFO - Processing /home/airflow/.local/lib/python3.7/site-packages/airflow/example_dags/example_branch_python_dop_operator_3.py took 0.094 seconds
[2022-07-22 14:21:54,213] {processor.py:153} INFO - Started process (PID=3007) to work on /home/airflow/.local/lib/python3.7/site-packages/airflow/example_dags/example_branch_python_dop_operator_3.py
[2022-07-22 14:21:54,213] {processor.py:641} INFO - Processing file /home/airflow/.local/lib/python3.7/site-packages/airflow/example_dags/example_branch_python_dop_operator_3.py for tasks to queue
[2022-07-22 14:21:54,215] {logging_mixin.py:115} INFO - [2022-07-22 14:21:54,214] {dagbag.py:508} INFO - Filling up the DagBag from /home/airflow/.local/lib/python3.7/site-packages/airflow/example_dags/example_branch_python_dop_operator_3.py
[2022-07-22 14:21:54,237] {processor.py:651} INFO - DAG(s) dict_keys(['example_branch_dop_operator_v3']) retrieved from /home/airflow/.local/lib/python3.7/site-packages/airflow/example_dags/example_branch_python_dop_operator_3.py
[2022-07-22 14:21:54,280] {logging_mixin.py:115} INFO - [2022-07-22 14:21:54,280] {dag.py:2420} INFO - Sync 1 DAGs
[2022-07-22 14:21:54,307] {logging_mixin.py:115} INFO - [2022-07-22 14:21:54,307] {dag.py:2972} INFO - Setting next_dagrun for example_branch_dop_operator_v3 to 2022-07-22T14:20:00+00:00, run_after=2022-07-22T14:21:00+00:00
[2022-07-22 14:21:54,318] {processor.py:161} INFO - Processing /home/airflow/.local/lib/python3.7/site-packages/airflow/example_dags/example_branch_python_dop_operator_3.py took 0.110 seconds
[2022-07-22 14:22:24,481] {processor.py:153} INFO - Started process (PID=3209) to work on /home/airflow/.local/lib/python3.7/site-packages/airflow/example_dags/example_branch_python_dop_operator_3.py
[2022-07-22 14:22:24,482] {processor.py:641} INFO - Processing file /home/airflow/.local/lib/python3.7/site-packages/airflow/example_dags/example_branch_python_dop_operator_3.py for tasks to queue
[2022-07-22 14:22:24,483] {logging_mixin.py:115} INFO - [2022-07-22 14:22:24,483] {dagbag.py:508} INFO - Filling up the DagBag from /home/airflow/.local/lib/python3.7/site-packages/airflow/example_dags/example_branch_python_dop_operator_3.py
[2022-07-22 14:22:24,501] {processor.py:651} INFO - DAG(s) dict_keys(['example_branch_dop_operator_v3']) retrieved from /home/airflow/.local/lib/python3.7/site-packages/airflow/example_dags/example_branch_python_dop_operator_3.py
[2022-07-22 14:22:24,528] {logging_mixin.py:115} INFO - [2022-07-22 14:22:24,527] {dag.py:2420} INFO - Sync 1 DAGs
[2022-07-22 14:22:24,562] {logging_mixin.py:115} INFO - [2022-07-22 14:22:24,561] {dag.py:2972} INFO - Setting next_dagrun for example_branch_dop_operator_v3 to 2022-07-22T14:21:00+00:00, run_after=2022-07-22T14:22:00+00:00
[2022-07-22 14:22:24,572] {processor.py:161} INFO - Processing /home/airflow/.local/lib/python3.7/site-packages/airflow/example_dags/example_branch_python_dop_operator_3.py took 0.097 seconds
[2022-07-22 14:22:55,155] {processor.py:153} INFO - Started process (PID=3404) to work on /home/airflow/.local/lib/python3.7/site-packages/airflow/example_dags/example_branch_python_dop_operator_3.py
[2022-07-22 14:22:55,156] {processor.py:641} INFO - Processing file /home/airflow/.local/lib/python3.7/site-packages/airflow/example_dags/example_branch_python_dop_operator_3.py for tasks to queue
[2022-07-22 14:22:55,156] {logging_mixin.py:115} INFO - [2022-07-22 14:22:55,156] {dagbag.py:508} INFO - Filling up the DagBag from /home/airflow/.local/lib/python3.7/site-packages/airflow/example_dags/example_branch_python_dop_operator_3.py
[2022-07-22 14:22:55,165] {processor.py:651} INFO - DAG(s) dict_keys(['example_branch_dop_operator_v3']) retrieved from /home/airflow/.local/lib/python3.7/site-packages/airflow/example_dags/example_branch_python_dop_operator_3.py
[2022-07-22 14:22:55,190] {logging_mixin.py:115} INFO - [2022-07-22 14:22:55,190] {dag.py:2420} INFO - Sync 1 DAGs
[2022-07-22 14:22:55,222] {logging_mixin.py:115} INFO - [2022-07-22 14:22:55,222] {dag.py:2972} INFO - Setting next_dagrun for example_branch_dop_operator_v3 to 2022-07-22T14:21:00+00:00, run_after=2022-07-22T14:22:00+00:00
[2022-07-22 14:22:55,233] {processor.py:161} INFO - Processing /home/airflow/.local/lib/python3.7/site-packages/airflow/example_dags/example_branch_python_dop_operator_3.py took 0.080 seconds
[2022-07-22 14:23:25,511] {processor.py:153} INFO - Started process (PID=3603) to work on /home/airflow/.local/lib/python3.7/site-packages/airflow/example_dags/example_branch_python_dop_operator_3.py
[2022-07-22 14:23:25,512] {processor.py:641} INFO - Processing file /home/airflow/.local/lib/python3.7/site-packages/airflow/example_dags/example_branch_python_dop_operator_3.py for tasks to queue
[2022-07-22 14:23:25,513] {logging_mixin.py:115} INFO - [2022-07-22 14:23:25,513] {dagbag.py:508} INFO - Filling up the DagBag from /home/airflow/.local/lib/python3.7/site-packages/airflow/example_dags/example_branch_python_dop_operator_3.py
[2022-07-22 14:23:25,534] {processor.py:651} INFO - DAG(s) dict_keys(['example_branch_dop_operator_v3']) retrieved from /home/airflow/.local/lib/python3.7/site-packages/airflow/example_dags/example_branch_python_dop_operator_3.py
[2022-07-22 14:23:25,573] {logging_mixin.py:115} INFO - [2022-07-22 14:23:25,573] {dag.py:2420} INFO - Sync 1 DAGs
[2022-07-22 14:23:25,635] {logging_mixin.py:115} INFO - [2022-07-22 14:23:25,635] {dag.py:2972} INFO - Setting next_dagrun for example_branch_dop_operator_v3 to 2022-07-22T14:22:00+00:00, run_after=2022-07-22T14:23:00+00:00
[2022-07-22 14:23:25,656] {processor.py:161} INFO - Processing /home/airflow/.local/lib/python3.7/site-packages/airflow/example_dags/example_branch_python_dop_operator_3.py took 0.152 seconds
[2022-07-22 14:23:55,857] {processor.py:153} INFO - Started process (PID=3805) to work on /home/airflow/.local/lib/python3.7/site-packages/airflow/example_dags/example_branch_python_dop_operator_3.py
[2022-07-22 14:23:55,858] {processor.py:641} INFO - Processing file /home/airflow/.local/lib/python3.7/site-packages/airflow/example_dags/example_branch_python_dop_operator_3.py for tasks to queue
[2022-07-22 14:23:55,860] {logging_mixin.py:115} INFO - [2022-07-22 14:23:55,860] {dagbag.py:508} INFO - Filling up the DagBag from /home/airflow/.local/lib/python3.7/site-packages/airflow/example_dags/example_branch_python_dop_operator_3.py
[2022-07-22 14:23:55,881] {processor.py:651} INFO - DAG(s) dict_keys(['example_branch_dop_operator_v3']) retrieved from /home/airflow/.local/lib/python3.7/site-packages/airflow/example_dags/example_branch_python_dop_operator_3.py
[2022-07-22 14:23:55,931] {logging_mixin.py:115} INFO - [2022-07-22 14:23:55,931] {dag.py:2420} INFO - Sync 1 DAGs
[2022-07-22 14:23:55,988] {logging_mixin.py:115} INFO - [2022-07-22 14:23:55,987] {dag.py:2972} INFO - Setting next_dagrun for example_branch_dop_operator_v3 to 2022-07-22T14:22:00+00:00, run_after=2022-07-22T14:23:00+00:00
[2022-07-22 14:23:56,002] {processor.py:161} INFO - Processing /home/airflow/.local/lib/python3.7/site-packages/airflow/example_dags/example_branch_python_dop_operator_3.py took 0.152 seconds
[2022-07-22 14:24:26,242] {processor.py:153} INFO - Started process (PID=3998) to work on /home/airflow/.local/lib/python3.7/site-packages/airflow/example_dags/example_branch_python_dop_operator_3.py
[2022-07-22 14:24:26,243] {processor.py:641} INFO - Processing file /home/airflow/.local/lib/python3.7/site-packages/airflow/example_dags/example_branch_python_dop_operator_3.py for tasks to queue
[2022-07-22 14:24:26,245] {logging_mixin.py:115} INFO - [2022-07-22 14:24:26,245] {dagbag.py:508} INFO - Filling up the DagBag from /home/airflow/.local/lib/python3.7/site-packages/airflow/example_dags/example_branch_python_dop_operator_3.py
[2022-07-22 14:24:26,264] {processor.py:651} INFO - DAG(s) dict_keys(['example_branch_dop_operator_v3']) retrieved from /home/airflow/.local/lib/python3.7/site-packages/airflow/example_dags/example_branch_python_dop_operator_3.py
[2022-07-22 14:24:26,313] {logging_mixin.py:115} INFO - [2022-07-22 14:24:26,313] {dag.py:2420} INFO - Sync 1 DAGs
[2022-07-22 14:24:26,360] {logging_mixin.py:115} INFO - [2022-07-22 14:24:26,360] {dag.py:2972} INFO - Setting next_dagrun for example_branch_dop_operator_v3 to 2022-07-22T14:23:00+00:00, run_after=2022-07-22T14:24:00+00:00
[2022-07-22 14:24:26,372] {processor.py:161} INFO - Processing /home/airflow/.local/lib/python3.7/site-packages/airflow/example_dags/example_branch_python_dop_operator_3.py took 0.136 seconds
[2022-07-22 14:24:56,512] {processor.py:153} INFO - Started process (PID=4200) to work on /home/airflow/.local/lib/python3.7/site-packages/airflow/example_dags/example_branch_python_dop_operator_3.py
[2022-07-22 14:24:56,513] {processor.py:641} INFO - Processing file /home/airflow/.local/lib/python3.7/site-packages/airflow/example_dags/example_branch_python_dop_operator_3.py for tasks to queue
[2022-07-22 14:24:56,514] {logging_mixin.py:115} INFO - [2022-07-22 14:24:56,514] {dagbag.py:508} INFO - Filling up the DagBag from /home/airflow/.local/lib/python3.7/site-packages/airflow/example_dags/example_branch_python_dop_operator_3.py
[2022-07-22 14:24:56,536] {processor.py:651} INFO - DAG(s) dict_keys(['example_branch_dop_operator_v3']) retrieved from /home/airflow/.local/lib/python3.7/site-packages/airflow/example_dags/example_branch_python_dop_operator_3.py
[2022-07-22 14:24:56,571] {logging_mixin.py:115} INFO - [2022-07-22 14:24:56,571] {dag.py:2420} INFO - Sync 1 DAGs
[2022-07-22 14:24:56,601] {logging_mixin.py:115} INFO - [2022-07-22 14:24:56,600] {dag.py:2972} INFO - Setting next_dagrun for example_branch_dop_operator_v3 to 2022-07-22T14:23:00+00:00, run_after=2022-07-22T14:24:00+00:00
[2022-07-22 14:24:56,614] {processor.py:161} INFO - Processing /home/airflow/.local/lib/python3.7/site-packages/airflow/example_dags/example_branch_python_dop_operator_3.py took 0.105 seconds
[2022-07-22 14:25:26,773] {processor.py:153} INFO - Started process (PID=4399) to work on /home/airflow/.local/lib/python3.7/site-packages/airflow/example_dags/example_branch_python_dop_operator_3.py
[2022-07-22 14:25:26,774] {processor.py:641} INFO - Processing file /home/airflow/.local/lib/python3.7/site-packages/airflow/example_dags/example_branch_python_dop_operator_3.py for tasks to queue
[2022-07-22 14:25:26,775] {logging_mixin.py:115} INFO - [2022-07-22 14:25:26,775] {dagbag.py:508} INFO - Filling up the DagBag from /home/airflow/.local/lib/python3.7/site-packages/airflow/example_dags/example_branch_python_dop_operator_3.py
[2022-07-22 14:25:26,796] {processor.py:651} INFO - DAG(s) dict_keys(['example_branch_dop_operator_v3']) retrieved from /home/airflow/.local/lib/python3.7/site-packages/airflow/example_dags/example_branch_python_dop_operator_3.py
[2022-07-22 14:25:26,845] {logging_mixin.py:115} INFO - [2022-07-22 14:25:26,844] {dag.py:2420} INFO - Sync 1 DAGs
[2022-07-22 14:25:26,897] {logging_mixin.py:115} INFO - [2022-07-22 14:25:26,897] {dag.py:2972} INFO - Setting next_dagrun for example_branch_dop_operator_v3 to 2022-07-22T14:24:00+00:00, run_after=2022-07-22T14:25:00+00:00
[2022-07-22 14:25:26,921] {processor.py:161} INFO - Processing /home/airflow/.local/lib/python3.7/site-packages/airflow/example_dags/example_branch_python_dop_operator_3.py took 0.155 seconds
[2022-07-22 14:25:57,308] {processor.py:153} INFO - Started process (PID=4592) to work on /home/airflow/.local/lib/python3.7/site-packages/airflow/example_dags/example_branch_python_dop_operator_3.py
[2022-07-22 14:25:57,310] {processor.py:641} INFO - Processing file /home/airflow/.local/lib/python3.7/site-packages/airflow/example_dags/example_branch_python_dop_operator_3.py for tasks to queue
[2022-07-22 14:25:57,311] {logging_mixin.py:115} INFO - [2022-07-22 14:25:57,311] {dagbag.py:508} INFO - Filling up the DagBag from /home/airflow/.local/lib/python3.7/site-packages/airflow/example_dags/example_branch_python_dop_operator_3.py
[2022-07-22 14:25:57,336] {processor.py:651} INFO - DAG(s) dict_keys(['example_branch_dop_operator_v3']) retrieved from /home/airflow/.local/lib/python3.7/site-packages/airflow/example_dags/example_branch_python_dop_operator_3.py
[2022-07-22 14:25:57,376] {logging_mixin.py:115} INFO - [2022-07-22 14:25:57,376] {dag.py:2420} INFO - Sync 1 DAGs
[2022-07-22 14:25:57,433] {logging_mixin.py:115} INFO - [2022-07-22 14:25:57,432] {dag.py:2972} INFO - Setting next_dagrun for example_branch_dop_operator_v3 to 2022-07-22T14:24:00+00:00, run_after=2022-07-22T14:25:00+00:00
[2022-07-22 14:25:57,444] {processor.py:161} INFO - Processing /home/airflow/.local/lib/python3.7/site-packages/airflow/example_dags/example_branch_python_dop_operator_3.py took 0.142 seconds
[2022-07-22 14:26:28,370] {processor.py:153} INFO - Started process (PID=4797) to work on /home/airflow/.local/lib/python3.7/site-packages/airflow/example_dags/example_branch_python_dop_operator_3.py
[2022-07-22 14:26:28,371] {processor.py:641} INFO - Processing file /home/airflow/.local/lib/python3.7/site-packages/airflow/example_dags/example_branch_python_dop_operator_3.py for tasks to queue
[2022-07-22 14:26:28,372] {logging_mixin.py:115} INFO - [2022-07-22 14:26:28,372] {dagbag.py:508} INFO - Filling up the DagBag from /home/airflow/.local/lib/python3.7/site-packages/airflow/example_dags/example_branch_python_dop_operator_3.py
[2022-07-22 14:26:28,388] {processor.py:651} INFO - DAG(s) dict_keys(['example_branch_dop_operator_v3']) retrieved from /home/airflow/.local/lib/python3.7/site-packages/airflow/example_dags/example_branch_python_dop_operator_3.py
[2022-07-22 14:26:28,435] {logging_mixin.py:115} INFO - [2022-07-22 14:26:28,435] {dag.py:2420} INFO - Sync 1 DAGs
[2022-07-22 14:26:28,476] {logging_mixin.py:115} INFO - [2022-07-22 14:26:28,475] {dag.py:2972} INFO - Setting next_dagrun for example_branch_dop_operator_v3 to 2022-07-22T14:25:00+00:00, run_after=2022-07-22T14:26:00+00:00
[2022-07-22 14:26:28,494] {processor.py:161} INFO - Processing /home/airflow/.local/lib/python3.7/site-packages/airflow/example_dags/example_branch_python_dop_operator_3.py took 0.128 seconds
[2022-07-22 14:26:59,091] {processor.py:153} INFO - Started process (PID=5000) to work on /home/airflow/.local/lib/python3.7/site-packages/airflow/example_dags/example_branch_python_dop_operator_3.py
[2022-07-22 14:26:59,092] {processor.py:641} INFO - Processing file /home/airflow/.local/lib/python3.7/site-packages/airflow/example_dags/example_branch_python_dop_operator_3.py for tasks to queue
[2022-07-22 14:26:59,093] {logging_mixin.py:115} INFO - [2022-07-22 14:26:59,093] {dagbag.py:508} INFO - Filling up the DagBag from /home/airflow/.local/lib/python3.7/site-packages/airflow/example_dags/example_branch_python_dop_operator_3.py
[2022-07-22 14:26:59,102] {processor.py:651} INFO - DAG(s) dict_keys(['example_branch_dop_operator_v3']) retrieved from /home/airflow/.local/lib/python3.7/site-packages/airflow/example_dags/example_branch_python_dop_operator_3.py
[2022-07-22 14:26:59,125] {logging_mixin.py:115} INFO - [2022-07-22 14:26:59,125] {dag.py:2420} INFO - Sync 1 DAGs
[2022-07-22 14:26:59,152] {logging_mixin.py:115} INFO - [2022-07-22 14:26:59,152] {dag.py:2972} INFO - Setting next_dagrun for example_branch_dop_operator_v3 to 2022-07-22T14:25:00+00:00, run_after=2022-07-22T14:26:00+00:00
[2022-07-22 14:26:59,163] {processor.py:161} INFO - Processing /home/airflow/.local/lib/python3.7/site-packages/airflow/example_dags/example_branch_python_dop_operator_3.py took 0.078 seconds
[2022-07-22 14:27:29,568] {processor.py:153} INFO - Started process (PID=5202) to work on /home/airflow/.local/lib/python3.7/site-packages/airflow/example_dags/example_branch_python_dop_operator_3.py
[2022-07-22 14:27:29,569] {processor.py:641} INFO - Processing file /home/airflow/.local/lib/python3.7/site-packages/airflow/example_dags/example_branch_python_dop_operator_3.py for tasks to queue
[2022-07-22 14:27:29,569] {logging_mixin.py:115} INFO - [2022-07-22 14:27:29,569] {dagbag.py:508} INFO - Filling up the DagBag from /home/airflow/.local/lib/python3.7/site-packages/airflow/example_dags/example_branch_python_dop_operator_3.py
[2022-07-22 14:27:29,577] {processor.py:651} INFO - DAG(s) dict_keys(['example_branch_dop_operator_v3']) retrieved from /home/airflow/.local/lib/python3.7/site-packages/airflow/example_dags/example_branch_python_dop_operator_3.py
[2022-07-22 14:27:29,599] {logging_mixin.py:115} INFO - [2022-07-22 14:27:29,598] {dag.py:2420} INFO - Sync 1 DAGs
[2022-07-22 14:27:29,660] {logging_mixin.py:115} INFO - [2022-07-22 14:27:29,660] {dag.py:2972} INFO - Setting next_dagrun for example_branch_dop_operator_v3 to 2022-07-22T14:26:00+00:00, run_after=2022-07-22T14:27:00+00:00
[2022-07-22 14:27:29,685] {processor.py:161} INFO - Processing /home/airflow/.local/lib/python3.7/site-packages/airflow/example_dags/example_branch_python_dop_operator_3.py took 0.120 seconds
[2022-07-22 14:28:00,658] {processor.py:153} INFO - Started process (PID=5395) to work on /home/airflow/.local/lib/python3.7/site-packages/airflow/example_dags/example_branch_python_dop_operator_3.py
[2022-07-22 14:28:00,659] {processor.py:641} INFO - Processing file /home/airflow/.local/lib/python3.7/site-packages/airflow/example_dags/example_branch_python_dop_operator_3.py for tasks to queue
[2022-07-22 14:28:00,660] {logging_mixin.py:115} INFO - [2022-07-22 14:28:00,660] {dagbag.py:508} INFO - Filling up the DagBag from /home/airflow/.local/lib/python3.7/site-packages/airflow/example_dags/example_branch_python_dop_operator_3.py
[2022-07-22 14:28:00,681] {processor.py:651} INFO - DAG(s) dict_keys(['example_branch_dop_operator_v3']) retrieved from /home/airflow/.local/lib/python3.7/site-packages/airflow/example_dags/example_branch_python_dop_operator_3.py
[2022-07-22 14:28:00,736] {logging_mixin.py:115} INFO - [2022-07-22 14:28:00,736] {dag.py:2420} INFO - Sync 1 DAGs
[2022-07-22 14:28:00,800] {logging_mixin.py:115} INFO - [2022-07-22 14:28:00,800] {dag.py:2972} INFO - Setting next_dagrun for example_branch_dop_operator_v3 to 2022-07-22T14:27:00+00:00, run_after=2022-07-22T14:28:00+00:00
[2022-07-22 14:28:00,820] {processor.py:161} INFO - Processing /home/airflow/.local/lib/python3.7/site-packages/airflow/example_dags/example_branch_python_dop_operator_3.py took 0.169 seconds
[2022-07-22 14:28:31,018] {processor.py:153} INFO - Started process (PID=5599) to work on /home/airflow/.local/lib/python3.7/site-packages/airflow/example_dags/example_branch_python_dop_operator_3.py
[2022-07-22 14:28:31,018] {processor.py:641} INFO - Processing file /home/airflow/.local/lib/python3.7/site-packages/airflow/example_dags/example_branch_python_dop_operator_3.py for tasks to queue
[2022-07-22 14:28:31,019] {logging_mixin.py:115} INFO - [2022-07-22 14:28:31,019] {dagbag.py:508} INFO - Filling up the DagBag from /home/airflow/.local/lib/python3.7/site-packages/airflow/example_dags/example_branch_python_dop_operator_3.py
[2022-07-22 14:28:31,034] {processor.py:651} INFO - DAG(s) dict_keys(['example_branch_dop_operator_v3']) retrieved from /home/airflow/.local/lib/python3.7/site-packages/airflow/example_dags/example_branch_python_dop_operator_3.py
[2022-07-22 14:28:31,068] {logging_mixin.py:115} INFO - [2022-07-22 14:28:31,068] {dag.py:2420} INFO - Sync 1 DAGs
[2022-07-22 14:28:31,128] {logging_mixin.py:115} INFO - [2022-07-22 14:28:31,127] {dag.py:2972} INFO - Setting next_dagrun for example_branch_dop_operator_v3 to 2022-07-22T14:27:00+00:00, run_after=2022-07-22T14:28:00+00:00
[2022-07-22 14:28:31,154] {processor.py:161} INFO - Processing /home/airflow/.local/lib/python3.7/site-packages/airflow/example_dags/example_branch_python_dop_operator_3.py took 0.140 seconds
[2022-07-22 14:29:50,418] {processor.py:153} INFO - Started process (PID=194) to work on /home/airflow/.local/lib/python3.7/site-packages/airflow/example_dags/example_branch_python_dop_operator_3.py
[2022-07-22 14:29:50,418] {processor.py:641} INFO - Processing file /home/airflow/.local/lib/python3.7/site-packages/airflow/example_dags/example_branch_python_dop_operator_3.py for tasks to queue
[2022-07-22 14:29:50,419] {logging_mixin.py:115} INFO - [2022-07-22 14:29:50,419] {dagbag.py:508} INFO - Filling up the DagBag from /home/airflow/.local/lib/python3.7/site-packages/airflow/example_dags/example_branch_python_dop_operator_3.py
[2022-07-22 14:29:50,430] {processor.py:651} INFO - DAG(s) dict_keys(['example_branch_dop_operator_v3']) retrieved from /home/airflow/.local/lib/python3.7/site-packages/airflow/example_dags/example_branch_python_dop_operator_3.py
[2022-07-22 14:29:50,455] {logging_mixin.py:115} INFO - [2022-07-22 14:29:50,455] {dag.py:2420} INFO - Sync 1 DAGs
[2022-07-22 14:29:50,479] {logging_mixin.py:115} INFO - [2022-07-22 14:29:50,479] {dag.py:2972} INFO - Setting next_dagrun for example_branch_dop_operator_v3 to 2022-07-22T14:28:00+00:00, run_after=2022-07-22T14:29:00+00:00
[2022-07-22 14:29:50,492] {processor.py:161} INFO - Processing /home/airflow/.local/lib/python3.7/site-packages/airflow/example_dags/example_branch_python_dop_operator_3.py took 0.077 seconds
[2022-07-22 14:30:21,288] {processor.py:153} INFO - Started process (PID=406) to work on /home/airflow/.local/lib/python3.7/site-packages/airflow/example_dags/example_branch_python_dop_operator_3.py
[2022-07-22 14:30:21,289] {processor.py:641} INFO - Processing file /home/airflow/.local/lib/python3.7/site-packages/airflow/example_dags/example_branch_python_dop_operator_3.py for tasks to queue
[2022-07-22 14:30:21,290] {logging_mixin.py:115} INFO - [2022-07-22 14:30:21,290] {dagbag.py:508} INFO - Filling up the DagBag from /home/airflow/.local/lib/python3.7/site-packages/airflow/example_dags/example_branch_python_dop_operator_3.py
[2022-07-22 14:30:21,316] {processor.py:651} INFO - DAG(s) dict_keys(['example_branch_dop_operator_v3']) retrieved from /home/airflow/.local/lib/python3.7/site-packages/airflow/example_dags/example_branch_python_dop_operator_3.py
[2022-07-22 14:30:21,365] {logging_mixin.py:115} INFO - [2022-07-22 14:30:21,365] {dag.py:2420} INFO - Sync 1 DAGs
[2022-07-22 14:30:21,414] {logging_mixin.py:115} INFO - [2022-07-22 14:30:21,414] {dag.py:2972} INFO - Setting next_dagrun for example_branch_dop_operator_v3 to 2022-07-22T14:29:00+00:00, run_after=2022-07-22T14:30:00+00:00
[2022-07-22 14:30:21,427] {processor.py:161} INFO - Processing /home/airflow/.local/lib/python3.7/site-packages/airflow/example_dags/example_branch_python_dop_operator_3.py took 0.145 seconds
[2022-07-22 14:30:51,979] {processor.py:153} INFO - Started process (PID=608) to work on /home/airflow/.local/lib/python3.7/site-packages/airflow/example_dags/example_branch_python_dop_operator_3.py
[2022-07-22 14:30:51,980] {processor.py:641} INFO - Processing file /home/airflow/.local/lib/python3.7/site-packages/airflow/example_dags/example_branch_python_dop_operator_3.py for tasks to queue
[2022-07-22 14:30:51,981] {logging_mixin.py:115} INFO - [2022-07-22 14:30:51,981] {dagbag.py:508} INFO - Filling up the DagBag from /home/airflow/.local/lib/python3.7/site-packages/airflow/example_dags/example_branch_python_dop_operator_3.py
[2022-07-22 14:30:51,998] {processor.py:651} INFO - DAG(s) dict_keys(['example_branch_dop_operator_v3']) retrieved from /home/airflow/.local/lib/python3.7/site-packages/airflow/example_dags/example_branch_python_dop_operator_3.py
[2022-07-22 14:30:52,049] {logging_mixin.py:115} INFO - [2022-07-22 14:30:52,049] {dag.py:2420} INFO - Sync 1 DAGs
[2022-07-22 14:30:52,113] {logging_mixin.py:115} INFO - [2022-07-22 14:30:52,112] {dag.py:2972} INFO - Setting next_dagrun for example_branch_dop_operator_v3 to 2022-07-22T14:29:00+00:00, run_after=2022-07-22T14:30:00+00:00
[2022-07-22 14:30:52,128] {processor.py:161} INFO - Processing /home/airflow/.local/lib/python3.7/site-packages/airflow/example_dags/example_branch_python_dop_operator_3.py took 0.156 seconds
[2022-07-22 14:31:22,785] {processor.py:153} INFO - Started process (PID=801) to work on /home/airflow/.local/lib/python3.7/site-packages/airflow/example_dags/example_branch_python_dop_operator_3.py
[2022-07-22 14:31:22,786] {processor.py:641} INFO - Processing file /home/airflow/.local/lib/python3.7/site-packages/airflow/example_dags/example_branch_python_dop_operator_3.py for tasks to queue
[2022-07-22 14:31:22,786] {logging_mixin.py:115} INFO - [2022-07-22 14:31:22,786] {dagbag.py:508} INFO - Filling up the DagBag from /home/airflow/.local/lib/python3.7/site-packages/airflow/example_dags/example_branch_python_dop_operator_3.py
[2022-07-22 14:31:22,804] {processor.py:651} INFO - DAG(s) dict_keys(['example_branch_dop_operator_v3']) retrieved from /home/airflow/.local/lib/python3.7/site-packages/airflow/example_dags/example_branch_python_dop_operator_3.py
[2022-07-22 14:31:22,843] {logging_mixin.py:115} INFO - [2022-07-22 14:31:22,843] {dag.py:2420} INFO - Sync 1 DAGs
[2022-07-22 14:31:22,867] {logging_mixin.py:115} INFO - [2022-07-22 14:31:22,867] {dag.py:2972} INFO - Setting next_dagrun for example_branch_dop_operator_v3 to 2022-07-22T14:30:00+00:00, run_after=2022-07-22T14:31:00+00:00
[2022-07-22 14:31:22,882] {processor.py:161} INFO - Processing /home/airflow/.local/lib/python3.7/site-packages/airflow/example_dags/example_branch_python_dop_operator_3.py took 0.102 seconds
[2022-07-22 14:31:53,425] {processor.py:153} INFO - Started process (PID=1003) to work on /home/airflow/.local/lib/python3.7/site-packages/airflow/example_dags/example_branch_python_dop_operator_3.py
[2022-07-22 14:31:53,426] {processor.py:641} INFO - Processing file /home/airflow/.local/lib/python3.7/site-packages/airflow/example_dags/example_branch_python_dop_operator_3.py for tasks to queue
[2022-07-22 14:31:53,427] {logging_mixin.py:115} INFO - [2022-07-22 14:31:53,427] {dagbag.py:508} INFO - Filling up the DagBag from /home/airflow/.local/lib/python3.7/site-packages/airflow/example_dags/example_branch_python_dop_operator_3.py
[2022-07-22 14:31:53,443] {processor.py:651} INFO - DAG(s) dict_keys(['example_branch_dop_operator_v3']) retrieved from /home/airflow/.local/lib/python3.7/site-packages/airflow/example_dags/example_branch_python_dop_operator_3.py
[2022-07-22 14:31:53,473] {logging_mixin.py:115} INFO - [2022-07-22 14:31:53,473] {dag.py:2420} INFO - Sync 1 DAGs
[2022-07-22 14:31:53,499] {logging_mixin.py:115} INFO - [2022-07-22 14:31:53,499] {dag.py:2972} INFO - Setting next_dagrun for example_branch_dop_operator_v3 to 2022-07-22T14:30:00+00:00, run_after=2022-07-22T14:31:00+00:00
[2022-07-22 14:31:53,523] {processor.py:161} INFO - Processing /home/airflow/.local/lib/python3.7/site-packages/airflow/example_dags/example_branch_python_dop_operator_3.py took 0.103 seconds
[2022-07-22 14:32:24,537] {processor.py:153} INFO - Started process (PID=1225) to work on /home/airflow/.local/lib/python3.7/site-packages/airflow/example_dags/example_branch_python_dop_operator_3.py
[2022-07-22 14:32:24,538] {processor.py:641} INFO - Processing file /home/airflow/.local/lib/python3.7/site-packages/airflow/example_dags/example_branch_python_dop_operator_3.py for tasks to queue
[2022-07-22 14:32:24,539] {logging_mixin.py:115} INFO - [2022-07-22 14:32:24,539] {dagbag.py:508} INFO - Filling up the DagBag from /home/airflow/.local/lib/python3.7/site-packages/airflow/example_dags/example_branch_python_dop_operator_3.py
[2022-07-22 14:32:24,559] {processor.py:651} INFO - DAG(s) dict_keys(['example_branch_dop_operator_v3']) retrieved from /home/airflow/.local/lib/python3.7/site-packages/airflow/example_dags/example_branch_python_dop_operator_3.py
[2022-07-22 14:32:24,604] {logging_mixin.py:115} INFO - [2022-07-22 14:32:24,604] {dag.py:2420} INFO - Sync 1 DAGs
[2022-07-22 14:32:24,631] {logging_mixin.py:115} INFO - [2022-07-22 14:32:24,631] {dag.py:2972} INFO - Setting next_dagrun for example_branch_dop_operator_v3 to 2022-07-22T14:31:00+00:00, run_after=2022-07-22T14:32:00+00:00
[2022-07-22 14:32:24,648] {processor.py:161} INFO - Processing /home/airflow/.local/lib/python3.7/site-packages/airflow/example_dags/example_branch_python_dop_operator_3.py took 0.116 seconds
[2022-07-22 14:32:55,479] {processor.py:153} INFO - Started process (PID=1418) to work on /home/airflow/.local/lib/python3.7/site-packages/airflow/example_dags/example_branch_python_dop_operator_3.py
[2022-07-22 14:32:55,480] {processor.py:641} INFO - Processing file /home/airflow/.local/lib/python3.7/site-packages/airflow/example_dags/example_branch_python_dop_operator_3.py for tasks to queue
[2022-07-22 14:32:55,480] {logging_mixin.py:115} INFO - [2022-07-22 14:32:55,480] {dagbag.py:508} INFO - Filling up the DagBag from /home/airflow/.local/lib/python3.7/site-packages/airflow/example_dags/example_branch_python_dop_operator_3.py
[2022-07-22 14:32:55,490] {processor.py:651} INFO - DAG(s) dict_keys(['example_branch_dop_operator_v3']) retrieved from /home/airflow/.local/lib/python3.7/site-packages/airflow/example_dags/example_branch_python_dop_operator_3.py
[2022-07-22 14:32:55,513] {logging_mixin.py:115} INFO - [2022-07-22 14:32:55,513] {dag.py:2420} INFO - Sync 1 DAGs
[2022-07-22 14:32:55,538] {logging_mixin.py:115} INFO - [2022-07-22 14:32:55,538] {dag.py:2972} INFO - Setting next_dagrun for example_branch_dop_operator_v3 to 2022-07-22T14:31:00+00:00, run_after=2022-07-22T14:32:00+00:00
[2022-07-22 14:32:55,554] {processor.py:161} INFO - Processing /home/airflow/.local/lib/python3.7/site-packages/airflow/example_dags/example_branch_python_dop_operator_3.py took 0.078 seconds
[2022-07-22 14:33:26,351] {processor.py:153} INFO - Started process (PID=1620) to work on /home/airflow/.local/lib/python3.7/site-packages/airflow/example_dags/example_branch_python_dop_operator_3.py
[2022-07-22 14:33:26,352] {processor.py:641} INFO - Processing file /home/airflow/.local/lib/python3.7/site-packages/airflow/example_dags/example_branch_python_dop_operator_3.py for tasks to queue
[2022-07-22 14:33:26,353] {logging_mixin.py:115} INFO - [2022-07-22 14:33:26,353] {dagbag.py:508} INFO - Filling up the DagBag from /home/airflow/.local/lib/python3.7/site-packages/airflow/example_dags/example_branch_python_dop_operator_3.py
[2022-07-22 14:33:26,365] {processor.py:651} INFO - DAG(s) dict_keys(['example_branch_dop_operator_v3']) retrieved from /home/airflow/.local/lib/python3.7/site-packages/airflow/example_dags/example_branch_python_dop_operator_3.py
[2022-07-22 14:33:26,394] {logging_mixin.py:115} INFO - [2022-07-22 14:33:26,394] {dag.py:2420} INFO - Sync 1 DAGs
[2022-07-22 14:33:26,427] {logging_mixin.py:115} INFO - [2022-07-22 14:33:26,426] {dag.py:2972} INFO - Setting next_dagrun for example_branch_dop_operator_v3 to 2022-07-22T14:32:00+00:00, run_after=2022-07-22T14:33:00+00:00
[2022-07-22 14:33:26,443] {processor.py:161} INFO - Processing /home/airflow/.local/lib/python3.7/site-packages/airflow/example_dags/example_branch_python_dop_operator_3.py took 0.095 seconds
[2022-07-22 14:34:48,988] {processor.py:153} INFO - Started process (PID=193) to work on /home/airflow/.local/lib/python3.7/site-packages/airflow/example_dags/example_branch_python_dop_operator_3.py
[2022-07-22 14:34:48,988] {processor.py:641} INFO - Processing file /home/airflow/.local/lib/python3.7/site-packages/airflow/example_dags/example_branch_python_dop_operator_3.py for tasks to queue
[2022-07-22 14:34:48,989] {logging_mixin.py:115} INFO - [2022-07-22 14:34:48,989] {dagbag.py:508} INFO - Filling up the DagBag from /home/airflow/.local/lib/python3.7/site-packages/airflow/example_dags/example_branch_python_dop_operator_3.py
[2022-07-22 14:34:48,997] {processor.py:651} INFO - DAG(s) dict_keys(['example_branch_dop_operator_v3']) retrieved from /home/airflow/.local/lib/python3.7/site-packages/airflow/example_dags/example_branch_python_dop_operator_3.py
[2022-07-22 14:34:49,020] {logging_mixin.py:115} INFO - [2022-07-22 14:34:49,020] {dag.py:2420} INFO - Sync 1 DAGs
[2022-07-22 14:34:49,047] {logging_mixin.py:115} INFO - [2022-07-22 14:34:49,047] {dag.py:2972} INFO - Setting next_dagrun for example_branch_dop_operator_v3 to 2022-07-22T14:33:00+00:00, run_after=2022-07-22T14:34:00+00:00
[2022-07-22 14:34:49,058] {processor.py:161} INFO - Processing /home/airflow/.local/lib/python3.7/site-packages/airflow/example_dags/example_branch_python_dop_operator_3.py took 0.073 seconds
[2022-07-22 14:35:19,692] {processor.py:153} INFO - Started process (PID=396) to work on /home/airflow/.local/lib/python3.7/site-packages/airflow/example_dags/example_branch_python_dop_operator_3.py
[2022-07-22 14:35:19,693] {processor.py:641} INFO - Processing file /home/airflow/.local/lib/python3.7/site-packages/airflow/example_dags/example_branch_python_dop_operator_3.py for tasks to queue
[2022-07-22 14:35:19,694] {logging_mixin.py:115} INFO - [2022-07-22 14:35:19,694] {dagbag.py:508} INFO - Filling up the DagBag from /home/airflow/.local/lib/python3.7/site-packages/airflow/example_dags/example_branch_python_dop_operator_3.py
[2022-07-22 14:35:19,706] {processor.py:651} INFO - DAG(s) dict_keys(['example_branch_dop_operator_v3']) retrieved from /home/airflow/.local/lib/python3.7/site-packages/airflow/example_dags/example_branch_python_dop_operator_3.py
[2022-07-22 14:35:19,746] {logging_mixin.py:115} INFO - [2022-07-22 14:35:19,745] {dag.py:2420} INFO - Sync 1 DAGs
[2022-07-22 14:35:19,780] {logging_mixin.py:115} INFO - [2022-07-22 14:35:19,780] {dag.py:2972} INFO - Setting next_dagrun for example_branch_dop_operator_v3 to 2022-07-22T14:34:00+00:00, run_after=2022-07-22T14:35:00+00:00
[2022-07-22 14:35:19,801] {processor.py:161} INFO - Processing /home/airflow/.local/lib/python3.7/site-packages/airflow/example_dags/example_branch_python_dop_operator_3.py took 0.112 seconds
