[2022-07-22 14:06:11,415] {processor.py:153} INFO - Started process (PID=169) to work on /home/airflow/.local/lib/python3.7/site-packages/airflow/example_dags/example_python_operator.py
[2022-07-22 14:06:11,416] {processor.py:641} INFO - Processing file /home/airflow/.local/lib/python3.7/site-packages/airflow/example_dags/example_python_operator.py for tasks to queue
[2022-07-22 14:06:11,417] {logging_mixin.py:115} INFO - [2022-07-22 14:06:11,417] {dagbag.py:508} INFO - Filling up the DagBag from /home/airflow/.local/lib/python3.7/site-packages/airflow/example_dags/example_python_operator.py
[2022-07-22 14:06:11,445] {processor.py:651} INFO - DAG(s) dict_keys(['example_python_operator']) retrieved from /home/airflow/.local/lib/python3.7/site-packages/airflow/example_dags/example_python_operator.py
[2022-07-22 14:06:11,568] {logging_mixin.py:115} INFO - [2022-07-22 14:06:11,568] {manager.py:508} INFO - Created Permission View: can read on DAG:example_python_operator
[2022-07-22 14:06:11,581] {logging_mixin.py:115} INFO - [2022-07-22 14:06:11,581] {manager.py:508} INFO - Created Permission View: can delete on DAG:example_python_operator
[2022-07-22 14:06:11,591] {logging_mixin.py:115} INFO - [2022-07-22 14:06:11,591] {manager.py:508} INFO - Created Permission View: can edit on DAG:example_python_operator
[2022-07-22 14:06:11,592] {logging_mixin.py:115} INFO - [2022-07-22 14:06:11,592] {dag.py:2420} INFO - Sync 1 DAGs
[2022-07-22 14:06:11,599] {logging_mixin.py:115} INFO - [2022-07-22 14:06:11,599] {dag.py:2439} INFO - Creating ORM DAG for example_python_operator
[2022-07-22 14:06:11,608] {logging_mixin.py:115} INFO - [2022-07-22 14:06:11,608] {dag.py:2972} INFO - Setting next_dagrun for example_python_operator to None, run_after=None
[2022-07-22 14:06:11,621] {processor.py:161} INFO - Processing /home/airflow/.local/lib/python3.7/site-packages/airflow/example_dags/example_python_operator.py took 0.209 seconds
[2022-07-22 14:06:41,812] {processor.py:153} INFO - Started process (PID=367) to work on /home/airflow/.local/lib/python3.7/site-packages/airflow/example_dags/example_python_operator.py
[2022-07-22 14:06:41,813] {processor.py:641} INFO - Processing file /home/airflow/.local/lib/python3.7/site-packages/airflow/example_dags/example_python_operator.py for tasks to queue
[2022-07-22 14:06:41,815] {logging_mixin.py:115} INFO - [2022-07-22 14:06:41,815] {dagbag.py:508} INFO - Filling up the DagBag from /home/airflow/.local/lib/python3.7/site-packages/airflow/example_dags/example_python_operator.py
[2022-07-22 14:06:41,861] {processor.py:651} INFO - DAG(s) dict_keys(['example_python_operator']) retrieved from /home/airflow/.local/lib/python3.7/site-packages/airflow/example_dags/example_python_operator.py
[2022-07-22 14:06:41,915] {logging_mixin.py:115} INFO - [2022-07-22 14:06:41,915] {dag.py:2420} INFO - Sync 1 DAGs
[2022-07-22 14:06:41,958] {logging_mixin.py:115} INFO - [2022-07-22 14:06:41,958] {dag.py:2972} INFO - Setting next_dagrun for example_python_operator to None, run_after=None
[2022-07-22 14:06:41,981] {processor.py:161} INFO - Processing /home/airflow/.local/lib/python3.7/site-packages/airflow/example_dags/example_python_operator.py took 0.177 seconds
[2022-07-22 14:07:12,574] {processor.py:153} INFO - Started process (PID=564) to work on /home/airflow/.local/lib/python3.7/site-packages/airflow/example_dags/example_python_operator.py
[2022-07-22 14:07:12,575] {processor.py:641} INFO - Processing file /home/airflow/.local/lib/python3.7/site-packages/airflow/example_dags/example_python_operator.py for tasks to queue
[2022-07-22 14:07:12,577] {logging_mixin.py:115} INFO - [2022-07-22 14:07:12,577] {dagbag.py:508} INFO - Filling up the DagBag from /home/airflow/.local/lib/python3.7/site-packages/airflow/example_dags/example_python_operator.py
[2022-07-22 14:07:12,615] {processor.py:651} INFO - DAG(s) dict_keys(['example_python_operator']) retrieved from /home/airflow/.local/lib/python3.7/site-packages/airflow/example_dags/example_python_operator.py
[2022-07-22 14:07:12,640] {logging_mixin.py:115} INFO - [2022-07-22 14:07:12,640] {dag.py:2420} INFO - Sync 1 DAGs
[2022-07-22 14:07:12,660] {logging_mixin.py:115} INFO - [2022-07-22 14:07:12,660] {dag.py:2972} INFO - Setting next_dagrun for example_python_operator to None, run_after=None
[2022-07-22 14:07:12,671] {processor.py:161} INFO - Processing /home/airflow/.local/lib/python3.7/site-packages/airflow/example_dags/example_python_operator.py took 0.103 seconds
[2022-07-22 14:08:18,680] {processor.py:153} INFO - Started process (PID=173) to work on /home/airflow/.local/lib/python3.7/site-packages/airflow/example_dags/example_python_operator.py
[2022-07-22 14:08:18,681] {processor.py:641} INFO - Processing file /home/airflow/.local/lib/python3.7/site-packages/airflow/example_dags/example_python_operator.py for tasks to queue
[2022-07-22 14:08:18,682] {logging_mixin.py:115} INFO - [2022-07-22 14:08:18,682] {dagbag.py:508} INFO - Filling up the DagBag from /home/airflow/.local/lib/python3.7/site-packages/airflow/example_dags/example_python_operator.py
[2022-07-22 14:08:18,708] {processor.py:651} INFO - DAG(s) dict_keys(['example_python_operator']) retrieved from /home/airflow/.local/lib/python3.7/site-packages/airflow/example_dags/example_python_operator.py
[2022-07-22 14:08:18,734] {logging_mixin.py:115} INFO - [2022-07-22 14:08:18,734] {dag.py:2420} INFO - Sync 1 DAGs
[2022-07-22 14:08:18,772] {logging_mixin.py:115} INFO - [2022-07-22 14:08:18,772] {dag.py:2972} INFO - Setting next_dagrun for example_python_operator to None, run_after=None
[2022-07-22 14:08:18,796] {processor.py:161} INFO - Processing /home/airflow/.local/lib/python3.7/site-packages/airflow/example_dags/example_python_operator.py took 0.119 seconds
[2022-07-22 14:08:49,788] {processor.py:153} INFO - Started process (PID=380) to work on /home/airflow/.local/lib/python3.7/site-packages/airflow/example_dags/example_python_operator.py
[2022-07-22 14:08:49,789] {processor.py:641} INFO - Processing file /home/airflow/.local/lib/python3.7/site-packages/airflow/example_dags/example_python_operator.py for tasks to queue
[2022-07-22 14:08:49,791] {logging_mixin.py:115} INFO - [2022-07-22 14:08:49,790] {dagbag.py:508} INFO - Filling up the DagBag from /home/airflow/.local/lib/python3.7/site-packages/airflow/example_dags/example_python_operator.py
[2022-07-22 14:08:49,833] {processor.py:651} INFO - DAG(s) dict_keys(['example_python_operator']) retrieved from /home/airflow/.local/lib/python3.7/site-packages/airflow/example_dags/example_python_operator.py
[2022-07-22 14:08:49,863] {logging_mixin.py:115} INFO - [2022-07-22 14:08:49,863] {dag.py:2420} INFO - Sync 1 DAGs
[2022-07-22 14:08:49,884] {logging_mixin.py:115} INFO - [2022-07-22 14:08:49,884] {dag.py:2972} INFO - Setting next_dagrun for example_python_operator to None, run_after=None
[2022-07-22 14:08:49,901] {processor.py:161} INFO - Processing /home/airflow/.local/lib/python3.7/site-packages/airflow/example_dags/example_python_operator.py took 0.119 seconds
[2022-07-22 14:09:20,029] {processor.py:153} INFO - Started process (PID=579) to work on /home/airflow/.local/lib/python3.7/site-packages/airflow/example_dags/example_python_operator.py
[2022-07-22 14:09:20,030] {processor.py:641} INFO - Processing file /home/airflow/.local/lib/python3.7/site-packages/airflow/example_dags/example_python_operator.py for tasks to queue
[2022-07-22 14:09:20,031] {logging_mixin.py:115} INFO - [2022-07-22 14:09:20,031] {dagbag.py:508} INFO - Filling up the DagBag from /home/airflow/.local/lib/python3.7/site-packages/airflow/example_dags/example_python_operator.py
[2022-07-22 14:09:20,066] {processor.py:651} INFO - DAG(s) dict_keys(['example_python_operator']) retrieved from /home/airflow/.local/lib/python3.7/site-packages/airflow/example_dags/example_python_operator.py
[2022-07-22 14:09:20,117] {logging_mixin.py:115} INFO - [2022-07-22 14:09:20,117] {dag.py:2420} INFO - Sync 1 DAGs
[2022-07-22 14:09:20,166] {logging_mixin.py:115} INFO - [2022-07-22 14:09:20,165] {dag.py:2972} INFO - Setting next_dagrun for example_python_operator to None, run_after=None
[2022-07-22 14:09:20,194] {processor.py:161} INFO - Processing /home/airflow/.local/lib/python3.7/site-packages/airflow/example_dags/example_python_operator.py took 0.171 seconds
[2022-07-22 14:09:50,461] {processor.py:153} INFO - Started process (PID=776) to work on /home/airflow/.local/lib/python3.7/site-packages/airflow/example_dags/example_python_operator.py
[2022-07-22 14:09:50,462] {processor.py:641} INFO - Processing file /home/airflow/.local/lib/python3.7/site-packages/airflow/example_dags/example_python_operator.py for tasks to queue
[2022-07-22 14:09:50,463] {logging_mixin.py:115} INFO - [2022-07-22 14:09:50,463] {dagbag.py:508} INFO - Filling up the DagBag from /home/airflow/.local/lib/python3.7/site-packages/airflow/example_dags/example_python_operator.py
[2022-07-22 14:09:50,498] {processor.py:651} INFO - DAG(s) dict_keys(['example_python_operator']) retrieved from /home/airflow/.local/lib/python3.7/site-packages/airflow/example_dags/example_python_operator.py
[2022-07-22 14:09:50,528] {logging_mixin.py:115} INFO - [2022-07-22 14:09:50,528] {dag.py:2420} INFO - Sync 1 DAGs
[2022-07-22 14:09:50,550] {logging_mixin.py:115} INFO - [2022-07-22 14:09:50,550] {dag.py:2972} INFO - Setting next_dagrun for example_python_operator to None, run_after=None
[2022-07-22 14:09:50,568] {processor.py:161} INFO - Processing /home/airflow/.local/lib/python3.7/site-packages/airflow/example_dags/example_python_operator.py took 0.112 seconds
[2022-07-22 14:11:24,384] {processor.py:153} INFO - Started process (PID=173) to work on /home/airflow/.local/lib/python3.7/site-packages/airflow/example_dags/example_python_operator.py
[2022-07-22 14:11:24,385] {processor.py:641} INFO - Processing file /home/airflow/.local/lib/python3.7/site-packages/airflow/example_dags/example_python_operator.py for tasks to queue
[2022-07-22 14:11:24,385] {logging_mixin.py:115} INFO - [2022-07-22 14:11:24,385] {dagbag.py:508} INFO - Filling up the DagBag from /home/airflow/.local/lib/python3.7/site-packages/airflow/example_dags/example_python_operator.py
[2022-07-22 14:11:24,412] {processor.py:651} INFO - DAG(s) dict_keys(['example_python_operator']) retrieved from /home/airflow/.local/lib/python3.7/site-packages/airflow/example_dags/example_python_operator.py
[2022-07-22 14:11:24,495] {logging_mixin.py:115} INFO - [2022-07-22 14:11:24,495] {manager.py:508} INFO - Created Permission View: can read on DAG:example_python_operator
[2022-07-22 14:11:24,504] {logging_mixin.py:115} INFO - [2022-07-22 14:11:24,504] {manager.py:508} INFO - Created Permission View: can edit on DAG:example_python_operator
[2022-07-22 14:11:24,511] {logging_mixin.py:115} INFO - [2022-07-22 14:11:24,511] {manager.py:508} INFO - Created Permission View: can delete on DAG:example_python_operator
[2022-07-22 14:11:24,512] {logging_mixin.py:115} INFO - [2022-07-22 14:11:24,512] {dag.py:2420} INFO - Sync 1 DAGs
[2022-07-22 14:11:24,519] {logging_mixin.py:115} INFO - [2022-07-22 14:11:24,519] {dag.py:2439} INFO - Creating ORM DAG for example_python_operator
[2022-07-22 14:11:24,529] {logging_mixin.py:115} INFO - [2022-07-22 14:11:24,529] {dag.py:2972} INFO - Setting next_dagrun for example_python_operator to None, run_after=None
[2022-07-22 14:11:24,541] {processor.py:161} INFO - Processing /home/airflow/.local/lib/python3.7/site-packages/airflow/example_dags/example_python_operator.py took 0.160 seconds
[2022-07-22 14:11:54,696] {processor.py:153} INFO - Started process (PID=377) to work on /home/airflow/.local/lib/python3.7/site-packages/airflow/example_dags/example_python_operator.py
[2022-07-22 14:11:54,697] {processor.py:641} INFO - Processing file /home/airflow/.local/lib/python3.7/site-packages/airflow/example_dags/example_python_operator.py for tasks to queue
[2022-07-22 14:11:54,698] {logging_mixin.py:115} INFO - [2022-07-22 14:11:54,698] {dagbag.py:508} INFO - Filling up the DagBag from /home/airflow/.local/lib/python3.7/site-packages/airflow/example_dags/example_python_operator.py
[2022-07-22 14:11:54,741] {processor.py:651} INFO - DAG(s) dict_keys(['example_python_operator']) retrieved from /home/airflow/.local/lib/python3.7/site-packages/airflow/example_dags/example_python_operator.py
[2022-07-22 14:11:54,800] {logging_mixin.py:115} INFO - [2022-07-22 14:11:54,800] {dag.py:2420} INFO - Sync 1 DAGs
[2022-07-22 14:11:54,861] {logging_mixin.py:115} INFO - [2022-07-22 14:11:54,861] {dag.py:2972} INFO - Setting next_dagrun for example_python_operator to None, run_after=None
[2022-07-22 14:11:54,876] {processor.py:161} INFO - Processing /home/airflow/.local/lib/python3.7/site-packages/airflow/example_dags/example_python_operator.py took 0.186 seconds
[2022-07-22 14:12:52,467] {processor.py:153} INFO - Started process (PID=173) to work on /home/airflow/.local/lib/python3.7/site-packages/airflow/example_dags/example_python_operator.py
[2022-07-22 14:12:52,468] {processor.py:641} INFO - Processing file /home/airflow/.local/lib/python3.7/site-packages/airflow/example_dags/example_python_operator.py for tasks to queue
[2022-07-22 14:12:52,468] {logging_mixin.py:115} INFO - [2022-07-22 14:12:52,468] {dagbag.py:508} INFO - Filling up the DagBag from /home/airflow/.local/lib/python3.7/site-packages/airflow/example_dags/example_python_operator.py
[2022-07-22 14:12:52,500] {processor.py:651} INFO - DAG(s) dict_keys(['example_python_operator']) retrieved from /home/airflow/.local/lib/python3.7/site-packages/airflow/example_dags/example_python_operator.py
[2022-07-22 14:12:52,624] {logging_mixin.py:115} INFO - [2022-07-22 14:12:52,624] {manager.py:508} INFO - Created Permission View: can read on DAG:example_python_operator
[2022-07-22 14:12:52,635] {logging_mixin.py:115} INFO - [2022-07-22 14:12:52,635] {manager.py:508} INFO - Created Permission View: can delete on DAG:example_python_operator
[2022-07-22 14:12:52,645] {logging_mixin.py:115} INFO - [2022-07-22 14:12:52,644] {manager.py:508} INFO - Created Permission View: can edit on DAG:example_python_operator
[2022-07-22 14:12:52,645] {logging_mixin.py:115} INFO - [2022-07-22 14:12:52,645] {dag.py:2420} INFO - Sync 1 DAGs
[2022-07-22 14:12:52,659] {logging_mixin.py:115} INFO - [2022-07-22 14:12:52,658] {dag.py:2439} INFO - Creating ORM DAG for example_python_operator
[2022-07-22 14:12:52,678] {logging_mixin.py:115} INFO - [2022-07-22 14:12:52,678] {dag.py:2972} INFO - Setting next_dagrun for example_python_operator to None, run_after=None
[2022-07-22 14:12:52,701] {processor.py:161} INFO - Processing /home/airflow/.local/lib/python3.7/site-packages/airflow/example_dags/example_python_operator.py took 0.237 seconds
[2022-07-22 14:13:22,892] {processor.py:153} INFO - Started process (PID=373) to work on /home/airflow/.local/lib/python3.7/site-packages/airflow/example_dags/example_python_operator.py
[2022-07-22 14:13:22,892] {processor.py:641} INFO - Processing file /home/airflow/.local/lib/python3.7/site-packages/airflow/example_dags/example_python_operator.py for tasks to queue
[2022-07-22 14:13:22,893] {logging_mixin.py:115} INFO - [2022-07-22 14:13:22,893] {dagbag.py:508} INFO - Filling up the DagBag from /home/airflow/.local/lib/python3.7/site-packages/airflow/example_dags/example_python_operator.py
[2022-07-22 14:13:22,906] {processor.py:651} INFO - DAG(s) dict_keys(['example_python_operator']) retrieved from /home/airflow/.local/lib/python3.7/site-packages/airflow/example_dags/example_python_operator.py
[2022-07-22 14:13:22,931] {logging_mixin.py:115} INFO - [2022-07-22 14:13:22,931] {dag.py:2420} INFO - Sync 1 DAGs
[2022-07-22 14:13:22,963] {logging_mixin.py:115} INFO - [2022-07-22 14:13:22,962] {dag.py:2972} INFO - Setting next_dagrun for example_python_operator to None, run_after=None
[2022-07-22 14:13:22,979] {processor.py:161} INFO - Processing /home/airflow/.local/lib/python3.7/site-packages/airflow/example_dags/example_python_operator.py took 0.091 seconds
[2022-07-22 14:13:53,512] {processor.py:153} INFO - Started process (PID=578) to work on /home/airflow/.local/lib/python3.7/site-packages/airflow/example_dags/example_python_operator.py
[2022-07-22 14:13:53,513] {processor.py:641} INFO - Processing file /home/airflow/.local/lib/python3.7/site-packages/airflow/example_dags/example_python_operator.py for tasks to queue
[2022-07-22 14:13:53,514] {logging_mixin.py:115} INFO - [2022-07-22 14:13:53,514] {dagbag.py:508} INFO - Filling up the DagBag from /home/airflow/.local/lib/python3.7/site-packages/airflow/example_dags/example_python_operator.py
[2022-07-22 14:13:53,551] {processor.py:651} INFO - DAG(s) dict_keys(['example_python_operator']) retrieved from /home/airflow/.local/lib/python3.7/site-packages/airflow/example_dags/example_python_operator.py
[2022-07-22 14:13:53,593] {logging_mixin.py:115} INFO - [2022-07-22 14:13:53,593] {dag.py:2420} INFO - Sync 1 DAGs
[2022-07-22 14:13:53,633] {logging_mixin.py:115} INFO - [2022-07-22 14:13:53,633] {dag.py:2972} INFO - Setting next_dagrun for example_python_operator to None, run_after=None
[2022-07-22 14:13:53,651] {processor.py:161} INFO - Processing /home/airflow/.local/lib/python3.7/site-packages/airflow/example_dags/example_python_operator.py took 0.145 seconds
[2022-07-22 14:14:45,761] {processor.py:153} INFO - Started process (PID=173) to work on /home/airflow/.local/lib/python3.7/site-packages/airflow/example_dags/example_python_operator.py
[2022-07-22 14:14:45,762] {processor.py:641} INFO - Processing file /home/airflow/.local/lib/python3.7/site-packages/airflow/example_dags/example_python_operator.py for tasks to queue
[2022-07-22 14:14:45,762] {logging_mixin.py:115} INFO - [2022-07-22 14:14:45,762] {dagbag.py:508} INFO - Filling up the DagBag from /home/airflow/.local/lib/python3.7/site-packages/airflow/example_dags/example_python_operator.py
[2022-07-22 14:14:45,784] {processor.py:651} INFO - DAG(s) dict_keys(['example_python_operator']) retrieved from /home/airflow/.local/lib/python3.7/site-packages/airflow/example_dags/example_python_operator.py
[2022-07-22 14:14:45,875] {logging_mixin.py:115} INFO - [2022-07-22 14:14:45,875] {manager.py:508} INFO - Created Permission View: can read on DAG:example_python_operator
[2022-07-22 14:14:45,886] {logging_mixin.py:115} INFO - [2022-07-22 14:14:45,886] {manager.py:508} INFO - Created Permission View: can edit on DAG:example_python_operator
[2022-07-22 14:14:45,895] {logging_mixin.py:115} INFO - [2022-07-22 14:14:45,895] {manager.py:508} INFO - Created Permission View: can delete on DAG:example_python_operator
[2022-07-22 14:14:45,896] {logging_mixin.py:115} INFO - [2022-07-22 14:14:45,896] {dag.py:2420} INFO - Sync 1 DAGs
[2022-07-22 14:14:45,904] {logging_mixin.py:115} INFO - [2022-07-22 14:14:45,903] {dag.py:2439} INFO - Creating ORM DAG for example_python_operator
[2022-07-22 14:14:45,920] {logging_mixin.py:115} INFO - [2022-07-22 14:14:45,920] {dag.py:2972} INFO - Setting next_dagrun for example_python_operator to None, run_after=None
[2022-07-22 14:14:45,954] {processor.py:161} INFO - Processing /home/airflow/.local/lib/python3.7/site-packages/airflow/example_dags/example_python_operator.py took 0.195 seconds
[2022-07-22 14:15:16,301] {processor.py:153} INFO - Started process (PID=388) to work on /home/airflow/.local/lib/python3.7/site-packages/airflow/example_dags/example_python_operator.py
[2022-07-22 14:15:16,302] {processor.py:641} INFO - Processing file /home/airflow/.local/lib/python3.7/site-packages/airflow/example_dags/example_python_operator.py for tasks to queue
[2022-07-22 14:15:16,303] {logging_mixin.py:115} INFO - [2022-07-22 14:15:16,303] {dagbag.py:508} INFO - Filling up the DagBag from /home/airflow/.local/lib/python3.7/site-packages/airflow/example_dags/example_python_operator.py
[2022-07-22 14:15:16,338] {processor.py:651} INFO - DAG(s) dict_keys(['example_python_operator']) retrieved from /home/airflow/.local/lib/python3.7/site-packages/airflow/example_dags/example_python_operator.py
[2022-07-22 14:15:16,380] {logging_mixin.py:115} INFO - [2022-07-22 14:15:16,380] {dag.py:2420} INFO - Sync 1 DAGs
[2022-07-22 14:15:16,425] {logging_mixin.py:115} INFO - [2022-07-22 14:15:16,425] {dag.py:2972} INFO - Setting next_dagrun for example_python_operator to None, run_after=None
[2022-07-22 14:15:16,451] {processor.py:161} INFO - Processing /home/airflow/.local/lib/python3.7/site-packages/airflow/example_dags/example_python_operator.py took 0.156 seconds
[2022-07-22 14:15:46,722] {processor.py:153} INFO - Started process (PID=590) to work on /home/airflow/.local/lib/python3.7/site-packages/airflow/example_dags/example_python_operator.py
[2022-07-22 14:15:46,723] {processor.py:641} INFO - Processing file /home/airflow/.local/lib/python3.7/site-packages/airflow/example_dags/example_python_operator.py for tasks to queue
[2022-07-22 14:15:46,725] {logging_mixin.py:115} INFO - [2022-07-22 14:15:46,724] {dagbag.py:508} INFO - Filling up the DagBag from /home/airflow/.local/lib/python3.7/site-packages/airflow/example_dags/example_python_operator.py
[2022-07-22 14:15:46,761] {processor.py:651} INFO - DAG(s) dict_keys(['example_python_operator']) retrieved from /home/airflow/.local/lib/python3.7/site-packages/airflow/example_dags/example_python_operator.py
[2022-07-22 14:15:46,802] {logging_mixin.py:115} INFO - [2022-07-22 14:15:46,801] {dag.py:2420} INFO - Sync 1 DAGs
[2022-07-22 14:15:46,832] {logging_mixin.py:115} INFO - [2022-07-22 14:15:46,832] {dag.py:2972} INFO - Setting next_dagrun for example_python_operator to None, run_after=None
[2022-07-22 14:15:46,853] {processor.py:161} INFO - Processing /home/airflow/.local/lib/python3.7/site-packages/airflow/example_dags/example_python_operator.py took 0.137 seconds
[2022-07-22 14:16:17,010] {processor.py:153} INFO - Started process (PID=790) to work on /home/airflow/.local/lib/python3.7/site-packages/airflow/example_dags/example_python_operator.py
[2022-07-22 14:16:17,011] {processor.py:641} INFO - Processing file /home/airflow/.local/lib/python3.7/site-packages/airflow/example_dags/example_python_operator.py for tasks to queue
[2022-07-22 14:16:17,012] {logging_mixin.py:115} INFO - [2022-07-22 14:16:17,012] {dagbag.py:508} INFO - Filling up the DagBag from /home/airflow/.local/lib/python3.7/site-packages/airflow/example_dags/example_python_operator.py
[2022-07-22 14:16:17,034] {processor.py:651} INFO - DAG(s) dict_keys(['example_python_operator']) retrieved from /home/airflow/.local/lib/python3.7/site-packages/airflow/example_dags/example_python_operator.py
[2022-07-22 14:16:17,078] {logging_mixin.py:115} INFO - [2022-07-22 14:16:17,078] {dag.py:2420} INFO - Sync 1 DAGs
[2022-07-22 14:16:17,118] {logging_mixin.py:115} INFO - [2022-07-22 14:16:17,118] {dag.py:2972} INFO - Setting next_dagrun for example_python_operator to None, run_after=None
[2022-07-22 14:16:17,146] {processor.py:161} INFO - Processing /home/airflow/.local/lib/python3.7/site-packages/airflow/example_dags/example_python_operator.py took 0.140 seconds
[2022-07-22 14:16:47,470] {processor.py:153} INFO - Started process (PID=992) to work on /home/airflow/.local/lib/python3.7/site-packages/airflow/example_dags/example_python_operator.py
[2022-07-22 14:16:47,471] {processor.py:641} INFO - Processing file /home/airflow/.local/lib/python3.7/site-packages/airflow/example_dags/example_python_operator.py for tasks to queue
[2022-07-22 14:16:47,472] {logging_mixin.py:115} INFO - [2022-07-22 14:16:47,472] {dagbag.py:508} INFO - Filling up the DagBag from /home/airflow/.local/lib/python3.7/site-packages/airflow/example_dags/example_python_operator.py
[2022-07-22 14:16:47,508] {processor.py:651} INFO - DAG(s) dict_keys(['example_python_operator']) retrieved from /home/airflow/.local/lib/python3.7/site-packages/airflow/example_dags/example_python_operator.py
[2022-07-22 14:16:47,558] {logging_mixin.py:115} INFO - [2022-07-22 14:16:47,558] {dag.py:2420} INFO - Sync 1 DAGs
[2022-07-22 14:16:47,596] {logging_mixin.py:115} INFO - [2022-07-22 14:16:47,596] {dag.py:2972} INFO - Setting next_dagrun for example_python_operator to None, run_after=None
[2022-07-22 14:16:47,610] {processor.py:161} INFO - Processing /home/airflow/.local/lib/python3.7/site-packages/airflow/example_dags/example_python_operator.py took 0.146 seconds
[2022-07-22 14:17:17,787] {processor.py:153} INFO - Started process (PID=1194) to work on /home/airflow/.local/lib/python3.7/site-packages/airflow/example_dags/example_python_operator.py
[2022-07-22 14:17:17,787] {processor.py:641} INFO - Processing file /home/airflow/.local/lib/python3.7/site-packages/airflow/example_dags/example_python_operator.py for tasks to queue
[2022-07-22 14:17:17,789] {logging_mixin.py:115} INFO - [2022-07-22 14:17:17,789] {dagbag.py:508} INFO - Filling up the DagBag from /home/airflow/.local/lib/python3.7/site-packages/airflow/example_dags/example_python_operator.py
[2022-07-22 14:17:17,814] {processor.py:651} INFO - DAG(s) dict_keys(['example_python_operator']) retrieved from /home/airflow/.local/lib/python3.7/site-packages/airflow/example_dags/example_python_operator.py
[2022-07-22 14:17:17,883] {logging_mixin.py:115} INFO - [2022-07-22 14:17:17,883] {dag.py:2420} INFO - Sync 1 DAGs
[2022-07-22 14:17:17,941] {logging_mixin.py:115} INFO - [2022-07-22 14:17:17,941] {dag.py:2972} INFO - Setting next_dagrun for example_python_operator to None, run_after=None
[2022-07-22 14:17:17,964] {processor.py:161} INFO - Processing /home/airflow/.local/lib/python3.7/site-packages/airflow/example_dags/example_python_operator.py took 0.180 seconds
[2022-07-22 14:17:48,071] {processor.py:153} INFO - Started process (PID=1387) to work on /home/airflow/.local/lib/python3.7/site-packages/airflow/example_dags/example_python_operator.py
[2022-07-22 14:17:48,072] {processor.py:641} INFO - Processing file /home/airflow/.local/lib/python3.7/site-packages/airflow/example_dags/example_python_operator.py for tasks to queue
[2022-07-22 14:17:48,073] {logging_mixin.py:115} INFO - [2022-07-22 14:17:48,073] {dagbag.py:508} INFO - Filling up the DagBag from /home/airflow/.local/lib/python3.7/site-packages/airflow/example_dags/example_python_operator.py
[2022-07-22 14:17:48,103] {processor.py:651} INFO - DAG(s) dict_keys(['example_python_operator']) retrieved from /home/airflow/.local/lib/python3.7/site-packages/airflow/example_dags/example_python_operator.py
[2022-07-22 14:17:48,136] {logging_mixin.py:115} INFO - [2022-07-22 14:17:48,136] {dag.py:2420} INFO - Sync 1 DAGs
[2022-07-22 14:17:48,161] {logging_mixin.py:115} INFO - [2022-07-22 14:17:48,161] {dag.py:2972} INFO - Setting next_dagrun for example_python_operator to None, run_after=None
[2022-07-22 14:17:48,179] {processor.py:161} INFO - Processing /home/airflow/.local/lib/python3.7/site-packages/airflow/example_dags/example_python_operator.py took 0.113 seconds
[2022-07-22 14:18:19,167] {processor.py:153} INFO - Started process (PID=1588) to work on /home/airflow/.local/lib/python3.7/site-packages/airflow/example_dags/example_python_operator.py
[2022-07-22 14:18:19,168] {processor.py:641} INFO - Processing file /home/airflow/.local/lib/python3.7/site-packages/airflow/example_dags/example_python_operator.py for tasks to queue
[2022-07-22 14:18:19,169] {logging_mixin.py:115} INFO - [2022-07-22 14:18:19,169] {dagbag.py:508} INFO - Filling up the DagBag from /home/airflow/.local/lib/python3.7/site-packages/airflow/example_dags/example_python_operator.py
[2022-07-22 14:18:19,200] {processor.py:651} INFO - DAG(s) dict_keys(['example_python_operator']) retrieved from /home/airflow/.local/lib/python3.7/site-packages/airflow/example_dags/example_python_operator.py
[2022-07-22 14:18:19,253] {logging_mixin.py:115} INFO - [2022-07-22 14:18:19,253] {dag.py:2420} INFO - Sync 1 DAGs
[2022-07-22 14:18:19,291] {logging_mixin.py:115} INFO - [2022-07-22 14:18:19,291] {dag.py:2972} INFO - Setting next_dagrun for example_python_operator to None, run_after=None
[2022-07-22 14:18:19,308] {processor.py:161} INFO - Processing /home/airflow/.local/lib/python3.7/site-packages/airflow/example_dags/example_python_operator.py took 0.148 seconds
[2022-07-22 14:18:49,639] {processor.py:153} INFO - Started process (PID=1790) to work on /home/airflow/.local/lib/python3.7/site-packages/airflow/example_dags/example_python_operator.py
[2022-07-22 14:18:49,640] {processor.py:641} INFO - Processing file /home/airflow/.local/lib/python3.7/site-packages/airflow/example_dags/example_python_operator.py for tasks to queue
[2022-07-22 14:18:49,641] {logging_mixin.py:115} INFO - [2022-07-22 14:18:49,641] {dagbag.py:508} INFO - Filling up the DagBag from /home/airflow/.local/lib/python3.7/site-packages/airflow/example_dags/example_python_operator.py
[2022-07-22 14:18:49,676] {processor.py:651} INFO - DAG(s) dict_keys(['example_python_operator']) retrieved from /home/airflow/.local/lib/python3.7/site-packages/airflow/example_dags/example_python_operator.py
[2022-07-22 14:18:49,719] {logging_mixin.py:115} INFO - [2022-07-22 14:18:49,719] {dag.py:2420} INFO - Sync 1 DAGs
[2022-07-22 14:18:49,755] {logging_mixin.py:115} INFO - [2022-07-22 14:18:49,755] {dag.py:2972} INFO - Setting next_dagrun for example_python_operator to None, run_after=None
[2022-07-22 14:18:49,775] {processor.py:161} INFO - Processing /home/airflow/.local/lib/python3.7/site-packages/airflow/example_dags/example_python_operator.py took 0.141 seconds
[2022-07-22 14:19:19,911] {processor.py:153} INFO - Started process (PID=1983) to work on /home/airflow/.local/lib/python3.7/site-packages/airflow/example_dags/example_python_operator.py
[2022-07-22 14:19:19,912] {processor.py:641} INFO - Processing file /home/airflow/.local/lib/python3.7/site-packages/airflow/example_dags/example_python_operator.py for tasks to queue
[2022-07-22 14:19:19,913] {logging_mixin.py:115} INFO - [2022-07-22 14:19:19,913] {dagbag.py:508} INFO - Filling up the DagBag from /home/airflow/.local/lib/python3.7/site-packages/airflow/example_dags/example_python_operator.py
[2022-07-22 14:19:19,950] {processor.py:651} INFO - DAG(s) dict_keys(['example_python_operator']) retrieved from /home/airflow/.local/lib/python3.7/site-packages/airflow/example_dags/example_python_operator.py
[2022-07-22 14:19:19,990] {logging_mixin.py:115} INFO - [2022-07-22 14:19:19,990] {dag.py:2420} INFO - Sync 1 DAGs
[2022-07-22 14:19:20,009] {logging_mixin.py:115} INFO - [2022-07-22 14:19:20,009] {dag.py:2972} INFO - Setting next_dagrun for example_python_operator to None, run_after=None
[2022-07-22 14:19:20,026] {processor.py:161} INFO - Processing /home/airflow/.local/lib/python3.7/site-packages/airflow/example_dags/example_python_operator.py took 0.121 seconds
[2022-07-22 14:19:50,132] {processor.py:153} INFO - Started process (PID=2185) to work on /home/airflow/.local/lib/python3.7/site-packages/airflow/example_dags/example_python_operator.py
[2022-07-22 14:19:50,133] {processor.py:641} INFO - Processing file /home/airflow/.local/lib/python3.7/site-packages/airflow/example_dags/example_python_operator.py for tasks to queue
[2022-07-22 14:19:50,133] {logging_mixin.py:115} INFO - [2022-07-22 14:19:50,133] {dagbag.py:508} INFO - Filling up the DagBag from /home/airflow/.local/lib/python3.7/site-packages/airflow/example_dags/example_python_operator.py
[2022-07-22 14:19:50,153] {processor.py:651} INFO - DAG(s) dict_keys(['example_python_operator']) retrieved from /home/airflow/.local/lib/python3.7/site-packages/airflow/example_dags/example_python_operator.py
[2022-07-22 14:19:50,174] {logging_mixin.py:115} INFO - [2022-07-22 14:19:50,174] {dag.py:2420} INFO - Sync 1 DAGs
[2022-07-22 14:19:50,193] {logging_mixin.py:115} INFO - [2022-07-22 14:19:50,193] {dag.py:2972} INFO - Setting next_dagrun for example_python_operator to None, run_after=None
[2022-07-22 14:19:50,206] {processor.py:161} INFO - Processing /home/airflow/.local/lib/python3.7/site-packages/airflow/example_dags/example_python_operator.py took 0.078 seconds
[2022-07-22 14:20:20,538] {processor.py:153} INFO - Started process (PID=2387) to work on /home/airflow/.local/lib/python3.7/site-packages/airflow/example_dags/example_python_operator.py
[2022-07-22 14:20:20,539] {processor.py:641} INFO - Processing file /home/airflow/.local/lib/python3.7/site-packages/airflow/example_dags/example_python_operator.py for tasks to queue
[2022-07-22 14:20:20,541] {logging_mixin.py:115} INFO - [2022-07-22 14:20:20,541] {dagbag.py:508} INFO - Filling up the DagBag from /home/airflow/.local/lib/python3.7/site-packages/airflow/example_dags/example_python_operator.py
[2022-07-22 14:20:20,580] {processor.py:651} INFO - DAG(s) dict_keys(['example_python_operator']) retrieved from /home/airflow/.local/lib/python3.7/site-packages/airflow/example_dags/example_python_operator.py
[2022-07-22 14:20:20,635] {logging_mixin.py:115} INFO - [2022-07-22 14:20:20,635] {dag.py:2420} INFO - Sync 1 DAGs
[2022-07-22 14:20:20,689] {logging_mixin.py:115} INFO - [2022-07-22 14:20:20,689] {dag.py:2972} INFO - Setting next_dagrun for example_python_operator to None, run_after=None
[2022-07-22 14:20:20,715] {processor.py:161} INFO - Processing /home/airflow/.local/lib/python3.7/site-packages/airflow/example_dags/example_python_operator.py took 0.184 seconds
[2022-07-22 14:20:51,025] {processor.py:153} INFO - Started process (PID=2580) to work on /home/airflow/.local/lib/python3.7/site-packages/airflow/example_dags/example_python_operator.py
[2022-07-22 14:20:51,027] {processor.py:641} INFO - Processing file /home/airflow/.local/lib/python3.7/site-packages/airflow/example_dags/example_python_operator.py for tasks to queue
[2022-07-22 14:20:51,028] {logging_mixin.py:115} INFO - [2022-07-22 14:20:51,028] {dagbag.py:508} INFO - Filling up the DagBag from /home/airflow/.local/lib/python3.7/site-packages/airflow/example_dags/example_python_operator.py
[2022-07-22 14:20:51,064] {processor.py:651} INFO - DAG(s) dict_keys(['example_python_operator']) retrieved from /home/airflow/.local/lib/python3.7/site-packages/airflow/example_dags/example_python_operator.py
[2022-07-22 14:20:51,128] {logging_mixin.py:115} INFO - [2022-07-22 14:20:51,128] {dag.py:2420} INFO - Sync 1 DAGs
[2022-07-22 14:20:51,164] {logging_mixin.py:115} INFO - [2022-07-22 14:20:51,164] {dag.py:2972} INFO - Setting next_dagrun for example_python_operator to None, run_after=None
[2022-07-22 14:20:51,185] {processor.py:161} INFO - Processing /home/airflow/.local/lib/python3.7/site-packages/airflow/example_dags/example_python_operator.py took 0.166 seconds
[2022-07-22 14:21:21,669] {processor.py:153} INFO - Started process (PID=2782) to work on /home/airflow/.local/lib/python3.7/site-packages/airflow/example_dags/example_python_operator.py
[2022-07-22 14:21:21,670] {processor.py:641} INFO - Processing file /home/airflow/.local/lib/python3.7/site-packages/airflow/example_dags/example_python_operator.py for tasks to queue
[2022-07-22 14:21:21,671] {logging_mixin.py:115} INFO - [2022-07-22 14:21:21,670] {dagbag.py:508} INFO - Filling up the DagBag from /home/airflow/.local/lib/python3.7/site-packages/airflow/example_dags/example_python_operator.py
[2022-07-22 14:21:21,703] {processor.py:651} INFO - DAG(s) dict_keys(['example_python_operator']) retrieved from /home/airflow/.local/lib/python3.7/site-packages/airflow/example_dags/example_python_operator.py
[2022-07-22 14:21:21,751] {logging_mixin.py:115} INFO - [2022-07-22 14:21:21,751] {dag.py:2420} INFO - Sync 1 DAGs
[2022-07-22 14:21:21,781] {logging_mixin.py:115} INFO - [2022-07-22 14:21:21,780] {dag.py:2972} INFO - Setting next_dagrun for example_python_operator to None, run_after=None
[2022-07-22 14:21:21,797] {processor.py:161} INFO - Processing /home/airflow/.local/lib/python3.7/site-packages/airflow/example_dags/example_python_operator.py took 0.134 seconds
[2022-07-22 14:21:52,656] {processor.py:153} INFO - Started process (PID=2984) to work on /home/airflow/.local/lib/python3.7/site-packages/airflow/example_dags/example_python_operator.py
[2022-07-22 14:21:52,657] {processor.py:641} INFO - Processing file /home/airflow/.local/lib/python3.7/site-packages/airflow/example_dags/example_python_operator.py for tasks to queue
[2022-07-22 14:21:52,658] {logging_mixin.py:115} INFO - [2022-07-22 14:21:52,658] {dagbag.py:508} INFO - Filling up the DagBag from /home/airflow/.local/lib/python3.7/site-packages/airflow/example_dags/example_python_operator.py
[2022-07-22 14:21:52,696] {processor.py:651} INFO - DAG(s) dict_keys(['example_python_operator']) retrieved from /home/airflow/.local/lib/python3.7/site-packages/airflow/example_dags/example_python_operator.py
[2022-07-22 14:21:52,747] {logging_mixin.py:115} INFO - [2022-07-22 14:21:52,747] {dag.py:2420} INFO - Sync 1 DAGs
[2022-07-22 14:21:52,795] {logging_mixin.py:115} INFO - [2022-07-22 14:21:52,795] {dag.py:2972} INFO - Setting next_dagrun for example_python_operator to None, run_after=None
[2022-07-22 14:21:52,807] {processor.py:161} INFO - Processing /home/airflow/.local/lib/python3.7/site-packages/airflow/example_dags/example_python_operator.py took 0.157 seconds
[2022-07-22 14:22:22,963] {processor.py:153} INFO - Started process (PID=3183) to work on /home/airflow/.local/lib/python3.7/site-packages/airflow/example_dags/example_python_operator.py
[2022-07-22 14:22:22,964] {processor.py:641} INFO - Processing file /home/airflow/.local/lib/python3.7/site-packages/airflow/example_dags/example_python_operator.py for tasks to queue
[2022-07-22 14:22:22,966] {logging_mixin.py:115} INFO - [2022-07-22 14:22:22,966] {dagbag.py:508} INFO - Filling up the DagBag from /home/airflow/.local/lib/python3.7/site-packages/airflow/example_dags/example_python_operator.py
[2022-07-22 14:22:23,007] {processor.py:651} INFO - DAG(s) dict_keys(['example_python_operator']) retrieved from /home/airflow/.local/lib/python3.7/site-packages/airflow/example_dags/example_python_operator.py
[2022-07-22 14:22:23,049] {logging_mixin.py:115} INFO - [2022-07-22 14:22:23,049] {dag.py:2420} INFO - Sync 1 DAGs
[2022-07-22 14:22:23,076] {logging_mixin.py:115} INFO - [2022-07-22 14:22:23,076] {dag.py:2972} INFO - Setting next_dagrun for example_python_operator to None, run_after=None
[2022-07-22 14:22:23,093] {processor.py:161} INFO - Processing /home/airflow/.local/lib/python3.7/site-packages/airflow/example_dags/example_python_operator.py took 0.138 seconds
[2022-07-22 14:22:53,695] {processor.py:153} INFO - Started process (PID=3379) to work on /home/airflow/.local/lib/python3.7/site-packages/airflow/example_dags/example_python_operator.py
[2022-07-22 14:22:53,696] {processor.py:641} INFO - Processing file /home/airflow/.local/lib/python3.7/site-packages/airflow/example_dags/example_python_operator.py for tasks to queue
[2022-07-22 14:22:53,697] {logging_mixin.py:115} INFO - [2022-07-22 14:22:53,697] {dagbag.py:508} INFO - Filling up the DagBag from /home/airflow/.local/lib/python3.7/site-packages/airflow/example_dags/example_python_operator.py
[2022-07-22 14:22:53,728] {processor.py:651} INFO - DAG(s) dict_keys(['example_python_operator']) retrieved from /home/airflow/.local/lib/python3.7/site-packages/airflow/example_dags/example_python_operator.py
[2022-07-22 14:22:53,776] {logging_mixin.py:115} INFO - [2022-07-22 14:22:53,776] {dag.py:2420} INFO - Sync 1 DAGs
[2022-07-22 14:22:53,822] {logging_mixin.py:115} INFO - [2022-07-22 14:22:53,821] {dag.py:2972} INFO - Setting next_dagrun for example_python_operator to None, run_after=None
[2022-07-22 14:22:53,839] {processor.py:161} INFO - Processing /home/airflow/.local/lib/python3.7/site-packages/airflow/example_dags/example_python_operator.py took 0.150 seconds
[2022-07-22 14:23:23,933] {processor.py:153} INFO - Started process (PID=3580) to work on /home/airflow/.local/lib/python3.7/site-packages/airflow/example_dags/example_python_operator.py
[2022-07-22 14:23:23,934] {processor.py:641} INFO - Processing file /home/airflow/.local/lib/python3.7/site-packages/airflow/example_dags/example_python_operator.py for tasks to queue
[2022-07-22 14:23:23,936] {logging_mixin.py:115} INFO - [2022-07-22 14:23:23,935] {dagbag.py:508} INFO - Filling up the DagBag from /home/airflow/.local/lib/python3.7/site-packages/airflow/example_dags/example_python_operator.py
[2022-07-22 14:23:23,980] {processor.py:651} INFO - DAG(s) dict_keys(['example_python_operator']) retrieved from /home/airflow/.local/lib/python3.7/site-packages/airflow/example_dags/example_python_operator.py
[2022-07-22 14:23:24,038] {logging_mixin.py:115} INFO - [2022-07-22 14:23:24,037] {dag.py:2420} INFO - Sync 1 DAGs
[2022-07-22 14:23:24,086] {logging_mixin.py:115} INFO - [2022-07-22 14:23:24,086] {dag.py:2972} INFO - Setting next_dagrun for example_python_operator to None, run_after=None
[2022-07-22 14:23:24,109] {processor.py:161} INFO - Processing /home/airflow/.local/lib/python3.7/site-packages/airflow/example_dags/example_python_operator.py took 0.182 seconds
[2022-07-22 14:23:54,268] {processor.py:153} INFO - Started process (PID=3782) to work on /home/airflow/.local/lib/python3.7/site-packages/airflow/example_dags/example_python_operator.py
[2022-07-22 14:23:54,269] {processor.py:641} INFO - Processing file /home/airflow/.local/lib/python3.7/site-packages/airflow/example_dags/example_python_operator.py for tasks to queue
[2022-07-22 14:23:54,270] {logging_mixin.py:115} INFO - [2022-07-22 14:23:54,270] {dagbag.py:508} INFO - Filling up the DagBag from /home/airflow/.local/lib/python3.7/site-packages/airflow/example_dags/example_python_operator.py
[2022-07-22 14:23:54,300] {processor.py:651} INFO - DAG(s) dict_keys(['example_python_operator']) retrieved from /home/airflow/.local/lib/python3.7/site-packages/airflow/example_dags/example_python_operator.py
[2022-07-22 14:23:54,335] {logging_mixin.py:115} INFO - [2022-07-22 14:23:54,335] {dag.py:2420} INFO - Sync 1 DAGs
[2022-07-22 14:23:54,364] {logging_mixin.py:115} INFO - [2022-07-22 14:23:54,364] {dag.py:2972} INFO - Setting next_dagrun for example_python_operator to None, run_after=None
[2022-07-22 14:23:54,378] {processor.py:161} INFO - Processing /home/airflow/.local/lib/python3.7/site-packages/airflow/example_dags/example_python_operator.py took 0.113 seconds
[2022-07-22 14:24:24,663] {processor.py:153} INFO - Started process (PID=3975) to work on /home/airflow/.local/lib/python3.7/site-packages/airflow/example_dags/example_python_operator.py
[2022-07-22 14:24:24,664] {processor.py:641} INFO - Processing file /home/airflow/.local/lib/python3.7/site-packages/airflow/example_dags/example_python_operator.py for tasks to queue
[2022-07-22 14:24:24,665] {logging_mixin.py:115} INFO - [2022-07-22 14:24:24,665] {dagbag.py:508} INFO - Filling up the DagBag from /home/airflow/.local/lib/python3.7/site-packages/airflow/example_dags/example_python_operator.py
[2022-07-22 14:24:24,701] {processor.py:651} INFO - DAG(s) dict_keys(['example_python_operator']) retrieved from /home/airflow/.local/lib/python3.7/site-packages/airflow/example_dags/example_python_operator.py
[2022-07-22 14:24:24,747] {logging_mixin.py:115} INFO - [2022-07-22 14:24:24,747] {dag.py:2420} INFO - Sync 1 DAGs
[2022-07-22 14:24:24,791] {logging_mixin.py:115} INFO - [2022-07-22 14:24:24,791] {dag.py:2972} INFO - Setting next_dagrun for example_python_operator to None, run_after=None
[2022-07-22 14:24:24,804] {processor.py:161} INFO - Processing /home/airflow/.local/lib/python3.7/site-packages/airflow/example_dags/example_python_operator.py took 0.147 seconds
[2022-07-22 14:24:54,972] {processor.py:153} INFO - Started process (PID=4177) to work on /home/airflow/.local/lib/python3.7/site-packages/airflow/example_dags/example_python_operator.py
[2022-07-22 14:24:54,973] {processor.py:641} INFO - Processing file /home/airflow/.local/lib/python3.7/site-packages/airflow/example_dags/example_python_operator.py for tasks to queue
[2022-07-22 14:24:54,974] {logging_mixin.py:115} INFO - [2022-07-22 14:24:54,974] {dagbag.py:508} INFO - Filling up the DagBag from /home/airflow/.local/lib/python3.7/site-packages/airflow/example_dags/example_python_operator.py
[2022-07-22 14:24:55,012] {processor.py:651} INFO - DAG(s) dict_keys(['example_python_operator']) retrieved from /home/airflow/.local/lib/python3.7/site-packages/airflow/example_dags/example_python_operator.py
[2022-07-22 14:24:55,062] {logging_mixin.py:115} INFO - [2022-07-22 14:24:55,062] {dag.py:2420} INFO - Sync 1 DAGs
[2022-07-22 14:24:55,099] {logging_mixin.py:115} INFO - [2022-07-22 14:24:55,099] {dag.py:2972} INFO - Setting next_dagrun for example_python_operator to None, run_after=None
[2022-07-22 14:24:55,113] {processor.py:161} INFO - Processing /home/airflow/.local/lib/python3.7/site-packages/airflow/example_dags/example_python_operator.py took 0.149 seconds
[2022-07-22 14:25:25,384] {processor.py:153} INFO - Started process (PID=4379) to work on /home/airflow/.local/lib/python3.7/site-packages/airflow/example_dags/example_python_operator.py
[2022-07-22 14:25:25,385] {processor.py:641} INFO - Processing file /home/airflow/.local/lib/python3.7/site-packages/airflow/example_dags/example_python_operator.py for tasks to queue
[2022-07-22 14:25:25,386] {logging_mixin.py:115} INFO - [2022-07-22 14:25:25,386] {dagbag.py:508} INFO - Filling up the DagBag from /home/airflow/.local/lib/python3.7/site-packages/airflow/example_dags/example_python_operator.py
[2022-07-22 14:25:25,423] {processor.py:651} INFO - DAG(s) dict_keys(['example_python_operator']) retrieved from /home/airflow/.local/lib/python3.7/site-packages/airflow/example_dags/example_python_operator.py
[2022-07-22 14:25:25,461] {logging_mixin.py:115} INFO - [2022-07-22 14:25:25,461] {dag.py:2420} INFO - Sync 1 DAGs
[2022-07-22 14:25:25,481] {logging_mixin.py:115} INFO - [2022-07-22 14:25:25,481] {dag.py:2972} INFO - Setting next_dagrun for example_python_operator to None, run_after=None
[2022-07-22 14:25:25,504] {processor.py:161} INFO - Processing /home/airflow/.local/lib/python3.7/site-packages/airflow/example_dags/example_python_operator.py took 0.126 seconds
[2022-07-22 14:25:55,929] {processor.py:153} INFO - Started process (PID=4572) to work on /home/airflow/.local/lib/python3.7/site-packages/airflow/example_dags/example_python_operator.py
[2022-07-22 14:25:55,929] {processor.py:641} INFO - Processing file /home/airflow/.local/lib/python3.7/site-packages/airflow/example_dags/example_python_operator.py for tasks to queue
[2022-07-22 14:25:55,930] {logging_mixin.py:115} INFO - [2022-07-22 14:25:55,930] {dagbag.py:508} INFO - Filling up the DagBag from /home/airflow/.local/lib/python3.7/site-packages/airflow/example_dags/example_python_operator.py
[2022-07-22 14:25:55,966] {processor.py:651} INFO - DAG(s) dict_keys(['example_python_operator']) retrieved from /home/airflow/.local/lib/python3.7/site-packages/airflow/example_dags/example_python_operator.py
[2022-07-22 14:25:56,016] {logging_mixin.py:115} INFO - [2022-07-22 14:25:56,016] {dag.py:2420} INFO - Sync 1 DAGs
[2022-07-22 14:25:56,067] {logging_mixin.py:115} INFO - [2022-07-22 14:25:56,067] {dag.py:2972} INFO - Setting next_dagrun for example_python_operator to None, run_after=None
[2022-07-22 14:25:56,094] {processor.py:161} INFO - Processing /home/airflow/.local/lib/python3.7/site-packages/airflow/example_dags/example_python_operator.py took 0.172 seconds
[2022-07-22 14:26:26,903] {processor.py:153} INFO - Started process (PID=4774) to work on /home/airflow/.local/lib/python3.7/site-packages/airflow/example_dags/example_python_operator.py
[2022-07-22 14:26:26,904] {processor.py:641} INFO - Processing file /home/airflow/.local/lib/python3.7/site-packages/airflow/example_dags/example_python_operator.py for tasks to queue
[2022-07-22 14:26:26,905] {logging_mixin.py:115} INFO - [2022-07-22 14:26:26,905] {dagbag.py:508} INFO - Filling up the DagBag from /home/airflow/.local/lib/python3.7/site-packages/airflow/example_dags/example_python_operator.py
[2022-07-22 14:26:26,939] {processor.py:651} INFO - DAG(s) dict_keys(['example_python_operator']) retrieved from /home/airflow/.local/lib/python3.7/site-packages/airflow/example_dags/example_python_operator.py
[2022-07-22 14:26:26,987] {logging_mixin.py:115} INFO - [2022-07-22 14:26:26,987] {dag.py:2420} INFO - Sync 1 DAGs
[2022-07-22 14:26:27,036] {logging_mixin.py:115} INFO - [2022-07-22 14:26:27,036] {dag.py:2972} INFO - Setting next_dagrun for example_python_operator to None, run_after=None
[2022-07-22 14:26:27,057] {processor.py:161} INFO - Processing /home/airflow/.local/lib/python3.7/site-packages/airflow/example_dags/example_python_operator.py took 0.158 seconds
[2022-07-22 14:26:57,620] {processor.py:153} INFO - Started process (PID=4977) to work on /home/airflow/.local/lib/python3.7/site-packages/airflow/example_dags/example_python_operator.py
[2022-07-22 14:26:57,621] {processor.py:641} INFO - Processing file /home/airflow/.local/lib/python3.7/site-packages/airflow/example_dags/example_python_operator.py for tasks to queue
[2022-07-22 14:26:57,622] {logging_mixin.py:115} INFO - [2022-07-22 14:26:57,622] {dagbag.py:508} INFO - Filling up the DagBag from /home/airflow/.local/lib/python3.7/site-packages/airflow/example_dags/example_python_operator.py
[2022-07-22 14:26:57,650] {processor.py:651} INFO - DAG(s) dict_keys(['example_python_operator']) retrieved from /home/airflow/.local/lib/python3.7/site-packages/airflow/example_dags/example_python_operator.py
[2022-07-22 14:26:57,671] {logging_mixin.py:115} INFO - [2022-07-22 14:26:57,671] {dag.py:2420} INFO - Sync 1 DAGs
[2022-07-22 14:26:57,694] {logging_mixin.py:115} INFO - [2022-07-22 14:26:57,694] {dag.py:2972} INFO - Setting next_dagrun for example_python_operator to None, run_after=None
[2022-07-22 14:26:57,712] {processor.py:161} INFO - Processing /home/airflow/.local/lib/python3.7/site-packages/airflow/example_dags/example_python_operator.py took 0.099 seconds
[2022-07-22 14:27:29,113] {processor.py:153} INFO - Started process (PID=5173) to work on /home/airflow/.local/lib/python3.7/site-packages/airflow/example_dags/example_python_operator.py
[2022-07-22 14:27:29,114] {processor.py:641} INFO - Processing file /home/airflow/.local/lib/python3.7/site-packages/airflow/example_dags/example_python_operator.py for tasks to queue
[2022-07-22 14:27:29,115] {logging_mixin.py:115} INFO - [2022-07-22 14:27:29,115] {dagbag.py:508} INFO - Filling up the DagBag from /home/airflow/.local/lib/python3.7/site-packages/airflow/example_dags/example_python_operator.py
[2022-07-22 14:27:29,161] {processor.py:651} INFO - DAG(s) dict_keys(['example_python_operator']) retrieved from /home/airflow/.local/lib/python3.7/site-packages/airflow/example_dags/example_python_operator.py
[2022-07-22 14:27:29,201] {logging_mixin.py:115} INFO - [2022-07-22 14:27:29,201] {dag.py:2420} INFO - Sync 1 DAGs
[2022-07-22 14:27:29,235] {logging_mixin.py:115} INFO - [2022-07-22 14:27:29,235] {dag.py:2972} INFO - Setting next_dagrun for example_python_operator to None, run_after=None
[2022-07-22 14:27:29,260] {processor.py:161} INFO - Processing /home/airflow/.local/lib/python3.7/site-packages/airflow/example_dags/example_python_operator.py took 0.154 seconds
[2022-07-22 14:28:00,148] {processor.py:153} INFO - Started process (PID=5375) to work on /home/airflow/.local/lib/python3.7/site-packages/airflow/example_dags/example_python_operator.py
[2022-07-22 14:28:00,149] {processor.py:641} INFO - Processing file /home/airflow/.local/lib/python3.7/site-packages/airflow/example_dags/example_python_operator.py for tasks to queue
[2022-07-22 14:28:00,150] {logging_mixin.py:115} INFO - [2022-07-22 14:28:00,150] {dagbag.py:508} INFO - Filling up the DagBag from /home/airflow/.local/lib/python3.7/site-packages/airflow/example_dags/example_python_operator.py
[2022-07-22 14:28:00,188] {processor.py:651} INFO - DAG(s) dict_keys(['example_python_operator']) retrieved from /home/airflow/.local/lib/python3.7/site-packages/airflow/example_dags/example_python_operator.py
[2022-07-22 14:28:00,236] {logging_mixin.py:115} INFO - [2022-07-22 14:28:00,236] {dag.py:2420} INFO - Sync 1 DAGs
[2022-07-22 14:28:00,278] {logging_mixin.py:115} INFO - [2022-07-22 14:28:00,278] {dag.py:2972} INFO - Setting next_dagrun for example_python_operator to None, run_after=None
[2022-07-22 14:28:00,303] {processor.py:161} INFO - Processing /home/airflow/.local/lib/python3.7/site-packages/airflow/example_dags/example_python_operator.py took 0.161 seconds
[2022-07-22 14:28:30,476] {processor.py:153} INFO - Started process (PID=5579) to work on /home/airflow/.local/lib/python3.7/site-packages/airflow/example_dags/example_python_operator.py
[2022-07-22 14:28:30,477] {processor.py:641} INFO - Processing file /home/airflow/.local/lib/python3.7/site-packages/airflow/example_dags/example_python_operator.py for tasks to queue
[2022-07-22 14:28:30,478] {logging_mixin.py:115} INFO - [2022-07-22 14:28:30,478] {dagbag.py:508} INFO - Filling up the DagBag from /home/airflow/.local/lib/python3.7/site-packages/airflow/example_dags/example_python_operator.py
[2022-07-22 14:28:30,514] {processor.py:651} INFO - DAG(s) dict_keys(['example_python_operator']) retrieved from /home/airflow/.local/lib/python3.7/site-packages/airflow/example_dags/example_python_operator.py
[2022-07-22 14:28:30,565] {logging_mixin.py:115} INFO - [2022-07-22 14:28:30,564] {dag.py:2420} INFO - Sync 1 DAGs
[2022-07-22 14:28:30,610] {logging_mixin.py:115} INFO - [2022-07-22 14:28:30,610] {dag.py:2972} INFO - Setting next_dagrun for example_python_operator to None, run_after=None
[2022-07-22 14:28:30,627] {processor.py:161} INFO - Processing /home/airflow/.local/lib/python3.7/site-packages/airflow/example_dags/example_python_operator.py took 0.157 seconds
[2022-07-22 14:29:50,062] {processor.py:153} INFO - Started process (PID=173) to work on /home/airflow/.local/lib/python3.7/site-packages/airflow/example_dags/example_python_operator.py
[2022-07-22 14:29:50,063] {processor.py:641} INFO - Processing file /home/airflow/.local/lib/python3.7/site-packages/airflow/example_dags/example_python_operator.py for tasks to queue
[2022-07-22 14:29:50,064] {logging_mixin.py:115} INFO - [2022-07-22 14:29:50,064] {dagbag.py:508} INFO - Filling up the DagBag from /home/airflow/.local/lib/python3.7/site-packages/airflow/example_dags/example_python_operator.py
[2022-07-22 14:29:50,088] {processor.py:651} INFO - DAG(s) dict_keys(['example_python_operator']) retrieved from /home/airflow/.local/lib/python3.7/site-packages/airflow/example_dags/example_python_operator.py
[2022-07-22 14:29:50,113] {logging_mixin.py:115} INFO - [2022-07-22 14:29:50,113] {dag.py:2420} INFO - Sync 1 DAGs
[2022-07-22 14:29:50,137] {logging_mixin.py:115} INFO - [2022-07-22 14:29:50,137] {dag.py:2972} INFO - Setting next_dagrun for example_python_operator to None, run_after=None
[2022-07-22 14:29:50,150] {processor.py:161} INFO - Processing /home/airflow/.local/lib/python3.7/site-packages/airflow/example_dags/example_python_operator.py took 0.092 seconds
[2022-07-22 14:30:20,804] {processor.py:153} INFO - Started process (PID=386) to work on /home/airflow/.local/lib/python3.7/site-packages/airflow/example_dags/example_python_operator.py
[2022-07-22 14:30:20,805] {processor.py:641} INFO - Processing file /home/airflow/.local/lib/python3.7/site-packages/airflow/example_dags/example_python_operator.py for tasks to queue
[2022-07-22 14:30:20,806] {logging_mixin.py:115} INFO - [2022-07-22 14:30:20,806] {dagbag.py:508} INFO - Filling up the DagBag from /home/airflow/.local/lib/python3.7/site-packages/airflow/example_dags/example_python_operator.py
[2022-07-22 14:30:20,837] {processor.py:651} INFO - DAG(s) dict_keys(['example_python_operator']) retrieved from /home/airflow/.local/lib/python3.7/site-packages/airflow/example_dags/example_python_operator.py
[2022-07-22 14:30:20,880] {logging_mixin.py:115} INFO - [2022-07-22 14:30:20,880] {dag.py:2420} INFO - Sync 1 DAGs
[2022-07-22 14:30:20,918] {logging_mixin.py:115} INFO - [2022-07-22 14:30:20,918] {dag.py:2972} INFO - Setting next_dagrun for example_python_operator to None, run_after=None
[2022-07-22 14:30:20,942] {processor.py:161} INFO - Processing /home/airflow/.local/lib/python3.7/site-packages/airflow/example_dags/example_python_operator.py took 0.144 seconds
[2022-07-22 14:30:51,581] {processor.py:153} INFO - Started process (PID=588) to work on /home/airflow/.local/lib/python3.7/site-packages/airflow/example_dags/example_python_operator.py
[2022-07-22 14:30:51,582] {processor.py:641} INFO - Processing file /home/airflow/.local/lib/python3.7/site-packages/airflow/example_dags/example_python_operator.py for tasks to queue
[2022-07-22 14:30:51,583] {logging_mixin.py:115} INFO - [2022-07-22 14:30:51,583] {dagbag.py:508} INFO - Filling up the DagBag from /home/airflow/.local/lib/python3.7/site-packages/airflow/example_dags/example_python_operator.py
[2022-07-22 14:30:51,618] {processor.py:651} INFO - DAG(s) dict_keys(['example_python_operator']) retrieved from /home/airflow/.local/lib/python3.7/site-packages/airflow/example_dags/example_python_operator.py
[2022-07-22 14:30:51,657] {logging_mixin.py:115} INFO - [2022-07-22 14:30:51,657] {dag.py:2420} INFO - Sync 1 DAGs
[2022-07-22 14:30:51,697] {logging_mixin.py:115} INFO - [2022-07-22 14:30:51,697] {dag.py:2972} INFO - Setting next_dagrun for example_python_operator to None, run_after=None
[2022-07-22 14:30:51,722] {processor.py:161} INFO - Processing /home/airflow/.local/lib/python3.7/site-packages/airflow/example_dags/example_python_operator.py took 0.147 seconds
[2022-07-22 14:31:22,349] {processor.py:153} INFO - Started process (PID=780) to work on /home/airflow/.local/lib/python3.7/site-packages/airflow/example_dags/example_python_operator.py
[2022-07-22 14:31:22,350] {processor.py:641} INFO - Processing file /home/airflow/.local/lib/python3.7/site-packages/airflow/example_dags/example_python_operator.py for tasks to queue
[2022-07-22 14:31:22,351] {logging_mixin.py:115} INFO - [2022-07-22 14:31:22,351] {dagbag.py:508} INFO - Filling up the DagBag from /home/airflow/.local/lib/python3.7/site-packages/airflow/example_dags/example_python_operator.py
[2022-07-22 14:31:22,386] {processor.py:651} INFO - DAG(s) dict_keys(['example_python_operator']) retrieved from /home/airflow/.local/lib/python3.7/site-packages/airflow/example_dags/example_python_operator.py
[2022-07-22 14:31:22,438] {logging_mixin.py:115} INFO - [2022-07-22 14:31:22,437] {dag.py:2420} INFO - Sync 1 DAGs
[2022-07-22 14:31:22,484] {logging_mixin.py:115} INFO - [2022-07-22 14:31:22,484] {dag.py:2972} INFO - Setting next_dagrun for example_python_operator to None, run_after=None
[2022-07-22 14:31:22,504] {processor.py:161} INFO - Processing /home/airflow/.local/lib/python3.7/site-packages/airflow/example_dags/example_python_operator.py took 0.161 seconds
[2022-07-22 14:31:52,996] {processor.py:153} INFO - Started process (PID=983) to work on /home/airflow/.local/lib/python3.7/site-packages/airflow/example_dags/example_python_operator.py
[2022-07-22 14:31:52,997] {processor.py:641} INFO - Processing file /home/airflow/.local/lib/python3.7/site-packages/airflow/example_dags/example_python_operator.py for tasks to queue
[2022-07-22 14:31:52,998] {logging_mixin.py:115} INFO - [2022-07-22 14:31:52,998] {dagbag.py:508} INFO - Filling up the DagBag from /home/airflow/.local/lib/python3.7/site-packages/airflow/example_dags/example_python_operator.py
[2022-07-22 14:31:53,027] {processor.py:651} INFO - DAG(s) dict_keys(['example_python_operator']) retrieved from /home/airflow/.local/lib/python3.7/site-packages/airflow/example_dags/example_python_operator.py
[2022-07-22 14:31:53,069] {logging_mixin.py:115} INFO - [2022-07-22 14:31:53,069] {dag.py:2420} INFO - Sync 1 DAGs
[2022-07-22 14:31:53,109] {logging_mixin.py:115} INFO - [2022-07-22 14:31:53,109] {dag.py:2972} INFO - Setting next_dagrun for example_python_operator to None, run_after=None
[2022-07-22 14:31:53,142] {processor.py:161} INFO - Processing /home/airflow/.local/lib/python3.7/site-packages/airflow/example_dags/example_python_operator.py took 0.150 seconds
[2022-07-22 14:32:24,043] {processor.py:153} INFO - Started process (PID=1204) to work on /home/airflow/.local/lib/python3.7/site-packages/airflow/example_dags/example_python_operator.py
[2022-07-22 14:32:24,044] {processor.py:641} INFO - Processing file /home/airflow/.local/lib/python3.7/site-packages/airflow/example_dags/example_python_operator.py for tasks to queue
[2022-07-22 14:32:24,046] {logging_mixin.py:115} INFO - [2022-07-22 14:32:24,045] {dagbag.py:508} INFO - Filling up the DagBag from /home/airflow/.local/lib/python3.7/site-packages/airflow/example_dags/example_python_operator.py
[2022-07-22 14:32:24,087] {processor.py:651} INFO - DAG(s) dict_keys(['example_python_operator']) retrieved from /home/airflow/.local/lib/python3.7/site-packages/airflow/example_dags/example_python_operator.py
[2022-07-22 14:32:24,137] {logging_mixin.py:115} INFO - [2022-07-22 14:32:24,137] {dag.py:2420} INFO - Sync 1 DAGs
[2022-07-22 14:32:24,176] {logging_mixin.py:115} INFO - [2022-07-22 14:32:24,176] {dag.py:2972} INFO - Setting next_dagrun for example_python_operator to None, run_after=None
[2022-07-22 14:32:24,193] {processor.py:161} INFO - Processing /home/airflow/.local/lib/python3.7/site-packages/airflow/example_dags/example_python_operator.py took 0.156 seconds
[2022-07-22 14:32:54,975] {processor.py:153} INFO - Started process (PID=1398) to work on /home/airflow/.local/lib/python3.7/site-packages/airflow/example_dags/example_python_operator.py
[2022-07-22 14:32:54,979] {processor.py:641} INFO - Processing file /home/airflow/.local/lib/python3.7/site-packages/airflow/example_dags/example_python_operator.py for tasks to queue
[2022-07-22 14:32:54,985] {logging_mixin.py:115} INFO - [2022-07-22 14:32:54,984] {dagbag.py:508} INFO - Filling up the DagBag from /home/airflow/.local/lib/python3.7/site-packages/airflow/example_dags/example_python_operator.py
[2022-07-22 14:32:55,020] {processor.py:651} INFO - DAG(s) dict_keys(['example_python_operator']) retrieved from /home/airflow/.local/lib/python3.7/site-packages/airflow/example_dags/example_python_operator.py
[2022-07-22 14:32:55,058] {logging_mixin.py:115} INFO - [2022-07-22 14:32:55,058] {dag.py:2420} INFO - Sync 1 DAGs
[2022-07-22 14:32:55,098] {logging_mixin.py:115} INFO - [2022-07-22 14:32:55,097] {dag.py:2972} INFO - Setting next_dagrun for example_python_operator to None, run_after=None
[2022-07-22 14:32:55,125] {processor.py:161} INFO - Processing /home/airflow/.local/lib/python3.7/site-packages/airflow/example_dags/example_python_operator.py took 0.155 seconds
[2022-07-22 14:33:25,853] {processor.py:153} INFO - Started process (PID=1600) to work on /home/airflow/.local/lib/python3.7/site-packages/airflow/example_dags/example_python_operator.py
[2022-07-22 14:33:25,853] {processor.py:641} INFO - Processing file /home/airflow/.local/lib/python3.7/site-packages/airflow/example_dags/example_python_operator.py for tasks to queue
[2022-07-22 14:33:25,855] {logging_mixin.py:115} INFO - [2022-07-22 14:33:25,854] {dagbag.py:508} INFO - Filling up the DagBag from /home/airflow/.local/lib/python3.7/site-packages/airflow/example_dags/example_python_operator.py
[2022-07-22 14:33:25,893] {processor.py:651} INFO - DAG(s) dict_keys(['example_python_operator']) retrieved from /home/airflow/.local/lib/python3.7/site-packages/airflow/example_dags/example_python_operator.py
[2022-07-22 14:33:25,936] {logging_mixin.py:115} INFO - [2022-07-22 14:33:25,936] {dag.py:2420} INFO - Sync 1 DAGs
[2022-07-22 14:33:25,960] {logging_mixin.py:115} INFO - [2022-07-22 14:33:25,960] {dag.py:2972} INFO - Setting next_dagrun for example_python_operator to None, run_after=None
[2022-07-22 14:33:25,978] {processor.py:161} INFO - Processing /home/airflow/.local/lib/python3.7/site-packages/airflow/example_dags/example_python_operator.py took 0.133 seconds
[2022-07-22 14:34:48,565] {processor.py:153} INFO - Started process (PID=173) to work on /home/airflow/.local/lib/python3.7/site-packages/airflow/example_dags/example_python_operator.py
[2022-07-22 14:34:48,565] {processor.py:641} INFO - Processing file /home/airflow/.local/lib/python3.7/site-packages/airflow/example_dags/example_python_operator.py for tasks to queue
[2022-07-22 14:34:48,566] {logging_mixin.py:115} INFO - [2022-07-22 14:34:48,566] {dagbag.py:508} INFO - Filling up the DagBag from /home/airflow/.local/lib/python3.7/site-packages/airflow/example_dags/example_python_operator.py
[2022-07-22 14:34:48,581] {processor.py:651} INFO - DAG(s) dict_keys(['example_python_operator']) retrieved from /home/airflow/.local/lib/python3.7/site-packages/airflow/example_dags/example_python_operator.py
[2022-07-22 14:34:48,622] {logging_mixin.py:115} INFO - [2022-07-22 14:34:48,622] {dag.py:2420} INFO - Sync 1 DAGs
[2022-07-22 14:34:48,666] {logging_mixin.py:115} INFO - [2022-07-22 14:34:48,665] {dag.py:2972} INFO - Setting next_dagrun for example_python_operator to None, run_after=None
[2022-07-22 14:34:48,693] {processor.py:161} INFO - Processing /home/airflow/.local/lib/python3.7/site-packages/airflow/example_dags/example_python_operator.py took 0.131 seconds
[2022-07-22 14:35:19,319] {processor.py:153} INFO - Started process (PID=376) to work on /home/airflow/.local/lib/python3.7/site-packages/airflow/example_dags/example_python_operator.py
[2022-07-22 14:35:19,320] {processor.py:641} INFO - Processing file /home/airflow/.local/lib/python3.7/site-packages/airflow/example_dags/example_python_operator.py for tasks to queue
[2022-07-22 14:35:19,322] {logging_mixin.py:115} INFO - [2022-07-22 14:35:19,321] {dagbag.py:508} INFO - Filling up the DagBag from /home/airflow/.local/lib/python3.7/site-packages/airflow/example_dags/example_python_operator.py
[2022-07-22 14:35:19,340] {processor.py:651} INFO - DAG(s) dict_keys(['example_python_operator']) retrieved from /home/airflow/.local/lib/python3.7/site-packages/airflow/example_dags/example_python_operator.py
[2022-07-22 14:35:19,365] {logging_mixin.py:115} INFO - [2022-07-22 14:35:19,365] {dag.py:2420} INFO - Sync 1 DAGs
[2022-07-22 14:35:19,385] {logging_mixin.py:115} INFO - [2022-07-22 14:35:19,385] {dag.py:2972} INFO - Setting next_dagrun for example_python_operator to None, run_after=None
[2022-07-22 14:35:19,403] {processor.py:161} INFO - Processing /home/airflow/.local/lib/python3.7/site-packages/airflow/example_dags/example_python_operator.py took 0.089 seconds
