[2022-07-22 14:06:12,977] {processor.py:153} INFO - Started process (PID=228) to work on /home/airflow/.local/lib/python3.7/site-packages/airflow/example_dags/example_bash_operator.py
[2022-07-22 14:06:12,979] {processor.py:641} INFO - Processing file /home/airflow/.local/lib/python3.7/site-packages/airflow/example_dags/example_bash_operator.py for tasks to queue
[2022-07-22 14:06:12,980] {logging_mixin.py:115} INFO - [2022-07-22 14:06:12,980] {dagbag.py:508} INFO - Filling up the DagBag from /home/airflow/.local/lib/python3.7/site-packages/airflow/example_dags/example_bash_operator.py
[2022-07-22 14:06:13,003] {processor.py:651} INFO - DAG(s) dict_keys(['example_bash_operator']) retrieved from /home/airflow/.local/lib/python3.7/site-packages/airflow/example_dags/example_bash_operator.py
[2022-07-22 14:06:13,113] {logging_mixin.py:115} INFO - [2022-07-22 14:06:13,113] {manager.py:508} INFO - Created Permission View: can read on DAG:example_bash_operator
[2022-07-22 14:06:13,123] {logging_mixin.py:115} INFO - [2022-07-22 14:06:13,123] {manager.py:508} INFO - Created Permission View: can delete on DAG:example_bash_operator
[2022-07-22 14:06:13,131] {logging_mixin.py:115} INFO - [2022-07-22 14:06:13,131] {manager.py:508} INFO - Created Permission View: can edit on DAG:example_bash_operator
[2022-07-22 14:06:13,131] {logging_mixin.py:115} INFO - [2022-07-22 14:06:13,131] {dag.py:2420} INFO - Sync 1 DAGs
[2022-07-22 14:06:13,147] {logging_mixin.py:115} INFO - [2022-07-22 14:06:13,147] {dag.py:2439} INFO - Creating ORM DAG for example_bash_operator
[2022-07-22 14:06:13,165] {logging_mixin.py:115} INFO - [2022-07-22 14:06:13,165] {dag.py:2972} INFO - Setting next_dagrun for example_bash_operator to 2022-07-21T00:00:00+00:00, run_after=2022-07-22T00:00:00+00:00
[2022-07-22 14:06:13,192] {processor.py:161} INFO - Processing /home/airflow/.local/lib/python3.7/site-packages/airflow/example_dags/example_bash_operator.py took 0.220 seconds
[2022-07-22 14:06:43,876] {processor.py:153} INFO - Started process (PID=427) to work on /home/airflow/.local/lib/python3.7/site-packages/airflow/example_dags/example_bash_operator.py
[2022-07-22 14:06:43,876] {processor.py:641} INFO - Processing file /home/airflow/.local/lib/python3.7/site-packages/airflow/example_dags/example_bash_operator.py for tasks to queue
[2022-07-22 14:06:43,877] {logging_mixin.py:115} INFO - [2022-07-22 14:06:43,877] {dagbag.py:508} INFO - Filling up the DagBag from /home/airflow/.local/lib/python3.7/site-packages/airflow/example_dags/example_bash_operator.py
[2022-07-22 14:06:43,886] {processor.py:651} INFO - DAG(s) dict_keys(['example_bash_operator']) retrieved from /home/airflow/.local/lib/python3.7/site-packages/airflow/example_dags/example_bash_operator.py
[2022-07-22 14:06:43,921] {logging_mixin.py:115} INFO - [2022-07-22 14:06:43,921] {dag.py:2420} INFO - Sync 1 DAGs
[2022-07-22 14:06:43,978] {logging_mixin.py:115} INFO - [2022-07-22 14:06:43,978] {dag.py:2972} INFO - Setting next_dagrun for example_bash_operator to 2022-07-21T00:00:00+00:00, run_after=2022-07-22T00:00:00+00:00
[2022-07-22 14:06:43,999] {processor.py:161} INFO - Processing /home/airflow/.local/lib/python3.7/site-packages/airflow/example_dags/example_bash_operator.py took 0.126 seconds
[2022-07-22 14:07:14,393] {processor.py:153} INFO - Started process (PID=622) to work on /home/airflow/.local/lib/python3.7/site-packages/airflow/example_dags/example_bash_operator.py
[2022-07-22 14:07:14,394] {processor.py:641} INFO - Processing file /home/airflow/.local/lib/python3.7/site-packages/airflow/example_dags/example_bash_operator.py for tasks to queue
[2022-07-22 14:07:14,395] {logging_mixin.py:115} INFO - [2022-07-22 14:07:14,395] {dagbag.py:508} INFO - Filling up the DagBag from /home/airflow/.local/lib/python3.7/site-packages/airflow/example_dags/example_bash_operator.py
[2022-07-22 14:07:14,417] {processor.py:651} INFO - DAG(s) dict_keys(['example_bash_operator']) retrieved from /home/airflow/.local/lib/python3.7/site-packages/airflow/example_dags/example_bash_operator.py
[2022-07-22 14:07:14,467] {logging_mixin.py:115} INFO - [2022-07-22 14:07:14,467] {dag.py:2420} INFO - Sync 1 DAGs
[2022-07-22 14:07:14,518] {logging_mixin.py:115} INFO - [2022-07-22 14:07:14,517] {dag.py:2972} INFO - Setting next_dagrun for example_bash_operator to 2022-07-21T00:00:00+00:00, run_after=2022-07-22T00:00:00+00:00
[2022-07-22 14:07:14,540] {processor.py:161} INFO - Processing /home/airflow/.local/lib/python3.7/site-packages/airflow/example_dags/example_bash_operator.py took 0.151 seconds
[2022-07-22 14:08:19,803] {processor.py:153} INFO - Started process (PID=236) to work on /home/airflow/.local/lib/python3.7/site-packages/airflow/example_dags/example_bash_operator.py
[2022-07-22 14:08:19,804] {processor.py:641} INFO - Processing file /home/airflow/.local/lib/python3.7/site-packages/airflow/example_dags/example_bash_operator.py for tasks to queue
[2022-07-22 14:08:19,805] {logging_mixin.py:115} INFO - [2022-07-22 14:08:19,805] {dagbag.py:508} INFO - Filling up the DagBag from /home/airflow/.local/lib/python3.7/site-packages/airflow/example_dags/example_bash_operator.py
[2022-07-22 14:08:19,820] {processor.py:651} INFO - DAG(s) dict_keys(['example_bash_operator']) retrieved from /home/airflow/.local/lib/python3.7/site-packages/airflow/example_dags/example_bash_operator.py
[2022-07-22 14:08:19,848] {logging_mixin.py:115} INFO - [2022-07-22 14:08:19,848] {dag.py:2420} INFO - Sync 1 DAGs
[2022-07-22 14:08:19,875] {logging_mixin.py:115} INFO - [2022-07-22 14:08:19,875] {dag.py:2972} INFO - Setting next_dagrun for example_bash_operator to 2022-07-21T00:00:00+00:00, run_after=2022-07-22T00:00:00+00:00
[2022-07-22 14:08:19,891] {processor.py:161} INFO - Processing /home/airflow/.local/lib/python3.7/site-packages/airflow/example_dags/example_bash_operator.py took 0.092 seconds
[2022-07-22 14:08:51,070] {processor.py:153} INFO - Started process (PID=442) to work on /home/airflow/.local/lib/python3.7/site-packages/airflow/example_dags/example_bash_operator.py
[2022-07-22 14:08:51,070] {processor.py:641} INFO - Processing file /home/airflow/.local/lib/python3.7/site-packages/airflow/example_dags/example_bash_operator.py for tasks to queue
[2022-07-22 14:08:51,071] {logging_mixin.py:115} INFO - [2022-07-22 14:08:51,071] {dagbag.py:508} INFO - Filling up the DagBag from /home/airflow/.local/lib/python3.7/site-packages/airflow/example_dags/example_bash_operator.py
[2022-07-22 14:08:51,080] {processor.py:651} INFO - DAG(s) dict_keys(['example_bash_operator']) retrieved from /home/airflow/.local/lib/python3.7/site-packages/airflow/example_dags/example_bash_operator.py
[2022-07-22 14:08:51,110] {logging_mixin.py:115} INFO - [2022-07-22 14:08:51,110] {dag.py:2420} INFO - Sync 1 DAGs
[2022-07-22 14:08:51,175] {logging_mixin.py:115} INFO - [2022-07-22 14:08:51,175] {dag.py:2972} INFO - Setting next_dagrun for example_bash_operator to 2022-07-21T00:00:00+00:00, run_after=2022-07-22T00:00:00+00:00
[2022-07-22 14:08:51,191] {processor.py:161} INFO - Processing /home/airflow/.local/lib/python3.7/site-packages/airflow/example_dags/example_bash_operator.py took 0.124 seconds
[2022-07-22 14:09:21,326] {processor.py:153} INFO - Started process (PID=642) to work on /home/airflow/.local/lib/python3.7/site-packages/airflow/example_dags/example_bash_operator.py
[2022-07-22 14:09:21,326] {processor.py:641} INFO - Processing file /home/airflow/.local/lib/python3.7/site-packages/airflow/example_dags/example_bash_operator.py for tasks to queue
[2022-07-22 14:09:21,327] {logging_mixin.py:115} INFO - [2022-07-22 14:09:21,327] {dagbag.py:508} INFO - Filling up the DagBag from /home/airflow/.local/lib/python3.7/site-packages/airflow/example_dags/example_bash_operator.py
[2022-07-22 14:09:21,348] {processor.py:651} INFO - DAG(s) dict_keys(['example_bash_operator']) retrieved from /home/airflow/.local/lib/python3.7/site-packages/airflow/example_dags/example_bash_operator.py
[2022-07-22 14:09:21,399] {logging_mixin.py:115} INFO - [2022-07-22 14:09:21,399] {dag.py:2420} INFO - Sync 1 DAGs
[2022-07-22 14:09:21,460] {logging_mixin.py:115} INFO - [2022-07-22 14:09:21,460] {dag.py:2972} INFO - Setting next_dagrun for example_bash_operator to 2022-07-21T00:00:00+00:00, run_after=2022-07-22T00:00:00+00:00
[2022-07-22 14:09:21,478] {processor.py:161} INFO - Processing /home/airflow/.local/lib/python3.7/site-packages/airflow/example_dags/example_bash_operator.py took 0.157 seconds
[2022-07-22 14:09:51,765] {processor.py:153} INFO - Started process (PID=841) to work on /home/airflow/.local/lib/python3.7/site-packages/airflow/example_dags/example_bash_operator.py
[2022-07-22 14:09:51,766] {processor.py:641} INFO - Processing file /home/airflow/.local/lib/python3.7/site-packages/airflow/example_dags/example_bash_operator.py for tasks to queue
[2022-07-22 14:09:51,768] {logging_mixin.py:115} INFO - [2022-07-22 14:09:51,767] {dagbag.py:508} INFO - Filling up the DagBag from /home/airflow/.local/lib/python3.7/site-packages/airflow/example_dags/example_bash_operator.py
[2022-07-22 14:09:51,795] {processor.py:651} INFO - DAG(s) dict_keys(['example_bash_operator']) retrieved from /home/airflow/.local/lib/python3.7/site-packages/airflow/example_dags/example_bash_operator.py
[2022-07-22 14:09:51,844] {logging_mixin.py:115} INFO - [2022-07-22 14:09:51,843] {dag.py:2420} INFO - Sync 1 DAGs
[2022-07-22 14:09:51,882] {logging_mixin.py:115} INFO - [2022-07-22 14:09:51,882] {dag.py:2972} INFO - Setting next_dagrun for example_bash_operator to 2022-07-21T00:00:00+00:00, run_after=2022-07-22T00:00:00+00:00
[2022-07-22 14:09:51,892] {processor.py:161} INFO - Processing /home/airflow/.local/lib/python3.7/site-packages/airflow/example_dags/example_bash_operator.py took 0.134 seconds
[2022-07-22 14:11:25,924] {processor.py:153} INFO - Started process (PID=234) to work on /home/airflow/.local/lib/python3.7/site-packages/airflow/example_dags/example_bash_operator.py
[2022-07-22 14:11:25,925] {processor.py:641} INFO - Processing file /home/airflow/.local/lib/python3.7/site-packages/airflow/example_dags/example_bash_operator.py for tasks to queue
[2022-07-22 14:11:25,926] {logging_mixin.py:115} INFO - [2022-07-22 14:11:25,926] {dagbag.py:508} INFO - Filling up the DagBag from /home/airflow/.local/lib/python3.7/site-packages/airflow/example_dags/example_bash_operator.py
[2022-07-22 14:11:25,951] {processor.py:651} INFO - DAG(s) dict_keys(['example_bash_operator']) retrieved from /home/airflow/.local/lib/python3.7/site-packages/airflow/example_dags/example_bash_operator.py
[2022-07-22 14:11:26,107] {logging_mixin.py:115} INFO - [2022-07-22 14:11:26,107] {manager.py:508} INFO - Created Permission View: can read on DAG:example_bash_operator
[2022-07-22 14:11:26,121] {logging_mixin.py:115} INFO - [2022-07-22 14:11:26,120] {manager.py:508} INFO - Created Permission View: can edit on DAG:example_bash_operator
[2022-07-22 14:11:26,130] {logging_mixin.py:115} INFO - [2022-07-22 14:11:26,129] {manager.py:508} INFO - Created Permission View: can delete on DAG:example_bash_operator
[2022-07-22 14:11:26,130] {logging_mixin.py:115} INFO - [2022-07-22 14:11:26,130] {dag.py:2420} INFO - Sync 1 DAGs
[2022-07-22 14:11:26,138] {logging_mixin.py:115} INFO - [2022-07-22 14:11:26,138] {dag.py:2439} INFO - Creating ORM DAG for example_bash_operator
[2022-07-22 14:11:26,150] {logging_mixin.py:115} INFO - [2022-07-22 14:11:26,150] {dag.py:2972} INFO - Setting next_dagrun for example_bash_operator to 2022-07-21T00:00:00+00:00, run_after=2022-07-22T00:00:00+00:00
[2022-07-22 14:11:26,166] {processor.py:161} INFO - Processing /home/airflow/.local/lib/python3.7/site-packages/airflow/example_dags/example_bash_operator.py took 0.249 seconds
[2022-07-22 14:11:57,006] {processor.py:153} INFO - Started process (PID=439) to work on /home/airflow/.local/lib/python3.7/site-packages/airflow/example_dags/example_bash_operator.py
[2022-07-22 14:11:57,007] {processor.py:641} INFO - Processing file /home/airflow/.local/lib/python3.7/site-packages/airflow/example_dags/example_bash_operator.py for tasks to queue
[2022-07-22 14:11:57,008] {logging_mixin.py:115} INFO - [2022-07-22 14:11:57,008] {dagbag.py:508} INFO - Filling up the DagBag from /home/airflow/.local/lib/python3.7/site-packages/airflow/example_dags/example_bash_operator.py
[2022-07-22 14:11:57,030] {processor.py:651} INFO - DAG(s) dict_keys(['example_bash_operator']) retrieved from /home/airflow/.local/lib/python3.7/site-packages/airflow/example_dags/example_bash_operator.py
[2022-07-22 14:11:57,082] {logging_mixin.py:115} INFO - [2022-07-22 14:11:57,082] {dag.py:2420} INFO - Sync 1 DAGs
[2022-07-22 14:11:57,123] {logging_mixin.py:115} INFO - [2022-07-22 14:11:57,123] {dag.py:2972} INFO - Setting next_dagrun for example_bash_operator to 2022-07-21T00:00:00+00:00, run_after=2022-07-22T00:00:00+00:00
[2022-07-22 14:11:57,145] {processor.py:161} INFO - Processing /home/airflow/.local/lib/python3.7/site-packages/airflow/example_dags/example_bash_operator.py took 0.144 seconds
[2022-07-22 14:12:54,022] {processor.py:153} INFO - Started process (PID=234) to work on /home/airflow/.local/lib/python3.7/site-packages/airflow/example_dags/example_bash_operator.py
[2022-07-22 14:12:54,023] {processor.py:641} INFO - Processing file /home/airflow/.local/lib/python3.7/site-packages/airflow/example_dags/example_bash_operator.py for tasks to queue
[2022-07-22 14:12:54,023] {logging_mixin.py:115} INFO - [2022-07-22 14:12:54,023] {dagbag.py:508} INFO - Filling up the DagBag from /home/airflow/.local/lib/python3.7/site-packages/airflow/example_dags/example_bash_operator.py
[2022-07-22 14:12:54,043] {processor.py:651} INFO - DAG(s) dict_keys(['example_bash_operator']) retrieved from /home/airflow/.local/lib/python3.7/site-packages/airflow/example_dags/example_bash_operator.py
[2022-07-22 14:12:54,141] {logging_mixin.py:115} INFO - [2022-07-22 14:12:54,141] {manager.py:508} INFO - Created Permission View: can read on DAG:example_bash_operator
[2022-07-22 14:12:54,151] {logging_mixin.py:115} INFO - [2022-07-22 14:12:54,151] {manager.py:508} INFO - Created Permission View: can delete on DAG:example_bash_operator
[2022-07-22 14:12:54,158] {logging_mixin.py:115} INFO - [2022-07-22 14:12:54,158] {manager.py:508} INFO - Created Permission View: can edit on DAG:example_bash_operator
[2022-07-22 14:12:54,158] {logging_mixin.py:115} INFO - [2022-07-22 14:12:54,158] {dag.py:2420} INFO - Sync 1 DAGs
[2022-07-22 14:12:54,165] {logging_mixin.py:115} INFO - [2022-07-22 14:12:54,165] {dag.py:2439} INFO - Creating ORM DAG for example_bash_operator
[2022-07-22 14:12:54,177] {logging_mixin.py:115} INFO - [2022-07-22 14:12:54,177] {dag.py:2972} INFO - Setting next_dagrun for example_bash_operator to 2022-07-21T00:00:00+00:00, run_after=2022-07-22T00:00:00+00:00
[2022-07-22 14:12:54,201] {processor.py:161} INFO - Processing /home/airflow/.local/lib/python3.7/site-packages/airflow/example_dags/example_bash_operator.py took 0.185 seconds
[2022-07-22 14:13:24,336] {processor.py:153} INFO - Started process (PID=436) to work on /home/airflow/.local/lib/python3.7/site-packages/airflow/example_dags/example_bash_operator.py
[2022-07-22 14:13:24,337] {processor.py:641} INFO - Processing file /home/airflow/.local/lib/python3.7/site-packages/airflow/example_dags/example_bash_operator.py for tasks to queue
[2022-07-22 14:13:24,338] {logging_mixin.py:115} INFO - [2022-07-22 14:13:24,338] {dagbag.py:508} INFO - Filling up the DagBag from /home/airflow/.local/lib/python3.7/site-packages/airflow/example_dags/example_bash_operator.py
[2022-07-22 14:13:24,349] {processor.py:651} INFO - DAG(s) dict_keys(['example_bash_operator']) retrieved from /home/airflow/.local/lib/python3.7/site-packages/airflow/example_dags/example_bash_operator.py
[2022-07-22 14:13:24,397] {logging_mixin.py:115} INFO - [2022-07-22 14:13:24,396] {dag.py:2420} INFO - Sync 1 DAGs
[2022-07-22 14:13:24,450] {logging_mixin.py:115} INFO - [2022-07-22 14:13:24,450] {dag.py:2972} INFO - Setting next_dagrun for example_bash_operator to 2022-07-21T00:00:00+00:00, run_after=2022-07-22T00:00:00+00:00
[2022-07-22 14:13:24,467] {processor.py:161} INFO - Processing /home/airflow/.local/lib/python3.7/site-packages/airflow/example_dags/example_bash_operator.py took 0.137 seconds
[2022-07-22 14:13:54,606] {processor.py:153} INFO - Started process (PID=640) to work on /home/airflow/.local/lib/python3.7/site-packages/airflow/example_dags/example_bash_operator.py
[2022-07-22 14:13:54,607] {processor.py:641} INFO - Processing file /home/airflow/.local/lib/python3.7/site-packages/airflow/example_dags/example_bash_operator.py for tasks to queue
[2022-07-22 14:13:54,607] {logging_mixin.py:115} INFO - [2022-07-22 14:13:54,607] {dagbag.py:508} INFO - Filling up the DagBag from /home/airflow/.local/lib/python3.7/site-packages/airflow/example_dags/example_bash_operator.py
[2022-07-22 14:13:54,629] {processor.py:651} INFO - DAG(s) dict_keys(['example_bash_operator']) retrieved from /home/airflow/.local/lib/python3.7/site-packages/airflow/example_dags/example_bash_operator.py
[2022-07-22 14:13:54,673] {logging_mixin.py:115} INFO - [2022-07-22 14:13:54,673] {dag.py:2420} INFO - Sync 1 DAGs
[2022-07-22 14:13:54,723] {logging_mixin.py:115} INFO - [2022-07-22 14:13:54,723] {dag.py:2972} INFO - Setting next_dagrun for example_bash_operator to 2022-07-21T00:00:00+00:00, run_after=2022-07-22T00:00:00+00:00
[2022-07-22 14:13:54,733] {processor.py:161} INFO - Processing /home/airflow/.local/lib/python3.7/site-packages/airflow/example_dags/example_bash_operator.py took 0.133 seconds
[2022-07-22 14:14:47,541] {processor.py:153} INFO - Started process (PID=236) to work on /home/airflow/.local/lib/python3.7/site-packages/airflow/example_dags/example_bash_operator.py
[2022-07-22 14:14:47,541] {processor.py:641} INFO - Processing file /home/airflow/.local/lib/python3.7/site-packages/airflow/example_dags/example_bash_operator.py for tasks to queue
[2022-07-22 14:14:47,542] {logging_mixin.py:115} INFO - [2022-07-22 14:14:47,542] {dagbag.py:508} INFO - Filling up the DagBag from /home/airflow/.local/lib/python3.7/site-packages/airflow/example_dags/example_bash_operator.py
[2022-07-22 14:14:47,567] {processor.py:651} INFO - DAG(s) dict_keys(['example_bash_operator']) retrieved from /home/airflow/.local/lib/python3.7/site-packages/airflow/example_dags/example_bash_operator.py
[2022-07-22 14:14:47,697] {logging_mixin.py:115} INFO - [2022-07-22 14:14:47,696] {manager.py:508} INFO - Created Permission View: can read on DAG:example_bash_operator
[2022-07-22 14:14:47,713] {logging_mixin.py:115} INFO - [2022-07-22 14:14:47,713] {manager.py:508} INFO - Created Permission View: can edit on DAG:example_bash_operator
[2022-07-22 14:14:47,726] {logging_mixin.py:115} INFO - [2022-07-22 14:14:47,725] {manager.py:508} INFO - Created Permission View: can delete on DAG:example_bash_operator
[2022-07-22 14:14:47,726] {logging_mixin.py:115} INFO - [2022-07-22 14:14:47,726] {dag.py:2420} INFO - Sync 1 DAGs
[2022-07-22 14:14:47,740] {logging_mixin.py:115} INFO - [2022-07-22 14:14:47,739] {dag.py:2439} INFO - Creating ORM DAG for example_bash_operator
[2022-07-22 14:14:47,766] {logging_mixin.py:115} INFO - [2022-07-22 14:14:47,766] {dag.py:2972} INFO - Setting next_dagrun for example_bash_operator to 2022-07-21T00:00:00+00:00, run_after=2022-07-22T00:00:00+00:00
[2022-07-22 14:14:47,793] {processor.py:161} INFO - Processing /home/airflow/.local/lib/python3.7/site-packages/airflow/example_dags/example_bash_operator.py took 0.257 seconds
[2022-07-22 14:15:18,434] {processor.py:153} INFO - Started process (PID=448) to work on /home/airflow/.local/lib/python3.7/site-packages/airflow/example_dags/example_bash_operator.py
[2022-07-22 14:15:18,435] {processor.py:641} INFO - Processing file /home/airflow/.local/lib/python3.7/site-packages/airflow/example_dags/example_bash_operator.py for tasks to queue
[2022-07-22 14:15:18,436] {logging_mixin.py:115} INFO - [2022-07-22 14:15:18,436] {dagbag.py:508} INFO - Filling up the DagBag from /home/airflow/.local/lib/python3.7/site-packages/airflow/example_dags/example_bash_operator.py
[2022-07-22 14:15:18,460] {processor.py:651} INFO - DAG(s) dict_keys(['example_bash_operator']) retrieved from /home/airflow/.local/lib/python3.7/site-packages/airflow/example_dags/example_bash_operator.py
[2022-07-22 14:15:18,516] {logging_mixin.py:115} INFO - [2022-07-22 14:15:18,516] {dag.py:2420} INFO - Sync 1 DAGs
[2022-07-22 14:15:18,577] {logging_mixin.py:115} INFO - [2022-07-22 14:15:18,577] {dag.py:2972} INFO - Setting next_dagrun for example_bash_operator to 2022-07-21T00:00:00+00:00, run_after=2022-07-22T00:00:00+00:00
[2022-07-22 14:15:18,590] {processor.py:161} INFO - Processing /home/airflow/.local/lib/python3.7/site-packages/airflow/example_dags/example_bash_operator.py took 0.162 seconds
[2022-07-22 14:15:48,735] {processor.py:153} INFO - Started process (PID=650) to work on /home/airflow/.local/lib/python3.7/site-packages/airflow/example_dags/example_bash_operator.py
[2022-07-22 14:15:48,736] {processor.py:641} INFO - Processing file /home/airflow/.local/lib/python3.7/site-packages/airflow/example_dags/example_bash_operator.py for tasks to queue
[2022-07-22 14:15:48,738] {logging_mixin.py:115} INFO - [2022-07-22 14:15:48,737] {dagbag.py:508} INFO - Filling up the DagBag from /home/airflow/.local/lib/python3.7/site-packages/airflow/example_dags/example_bash_operator.py
[2022-07-22 14:15:48,763] {processor.py:651} INFO - DAG(s) dict_keys(['example_bash_operator']) retrieved from /home/airflow/.local/lib/python3.7/site-packages/airflow/example_dags/example_bash_operator.py
[2022-07-22 14:15:48,824] {logging_mixin.py:115} INFO - [2022-07-22 14:15:48,823] {dag.py:2420} INFO - Sync 1 DAGs
[2022-07-22 14:15:48,872] {logging_mixin.py:115} INFO - [2022-07-22 14:15:48,872] {dag.py:2972} INFO - Setting next_dagrun for example_bash_operator to 2022-07-21T00:00:00+00:00, run_after=2022-07-22T00:00:00+00:00
[2022-07-22 14:15:48,886] {processor.py:161} INFO - Processing /home/airflow/.local/lib/python3.7/site-packages/airflow/example_dags/example_bash_operator.py took 0.158 seconds
[2022-07-22 14:16:19,304] {processor.py:153} INFO - Started process (PID=862) to work on /home/airflow/.local/lib/python3.7/site-packages/airflow/example_dags/example_bash_operator.py
[2022-07-22 14:16:19,305] {processor.py:641} INFO - Processing file /home/airflow/.local/lib/python3.7/site-packages/airflow/example_dags/example_bash_operator.py for tasks to queue
[2022-07-22 14:16:19,306] {logging_mixin.py:115} INFO - [2022-07-22 14:16:19,306] {dagbag.py:508} INFO - Filling up the DagBag from /home/airflow/.local/lib/python3.7/site-packages/airflow/example_dags/example_bash_operator.py
[2022-07-22 14:16:19,325] {processor.py:651} INFO - DAG(s) dict_keys(['example_bash_operator']) retrieved from /home/airflow/.local/lib/python3.7/site-packages/airflow/example_dags/example_bash_operator.py
[2022-07-22 14:16:19,373] {logging_mixin.py:115} INFO - [2022-07-22 14:16:19,372] {dag.py:2420} INFO - Sync 1 DAGs
[2022-07-22 14:16:19,422] {logging_mixin.py:115} INFO - [2022-07-22 14:16:19,422] {dag.py:2972} INFO - Setting next_dagrun for example_bash_operator to 2022-07-21T00:00:00+00:00, run_after=2022-07-22T00:00:00+00:00
[2022-07-22 14:16:19,435] {processor.py:161} INFO - Processing /home/airflow/.local/lib/python3.7/site-packages/airflow/example_dags/example_bash_operator.py took 0.136 seconds
[2022-07-22 14:16:49,742] {processor.py:153} INFO - Started process (PID=1055) to work on /home/airflow/.local/lib/python3.7/site-packages/airflow/example_dags/example_bash_operator.py
[2022-07-22 14:16:49,743] {processor.py:641} INFO - Processing file /home/airflow/.local/lib/python3.7/site-packages/airflow/example_dags/example_bash_operator.py for tasks to queue
[2022-07-22 14:16:49,745] {logging_mixin.py:115} INFO - [2022-07-22 14:16:49,745] {dagbag.py:508} INFO - Filling up the DagBag from /home/airflow/.local/lib/python3.7/site-packages/airflow/example_dags/example_bash_operator.py
[2022-07-22 14:16:49,773] {processor.py:651} INFO - DAG(s) dict_keys(['example_bash_operator']) retrieved from /home/airflow/.local/lib/python3.7/site-packages/airflow/example_dags/example_bash_operator.py
[2022-07-22 14:16:49,825] {logging_mixin.py:115} INFO - [2022-07-22 14:16:49,825] {dag.py:2420} INFO - Sync 1 DAGs
[2022-07-22 14:16:49,874] {logging_mixin.py:115} INFO - [2022-07-22 14:16:49,874] {dag.py:2972} INFO - Setting next_dagrun for example_bash_operator to 2022-07-21T00:00:00+00:00, run_after=2022-07-22T00:00:00+00:00
[2022-07-22 14:16:49,885] {processor.py:161} INFO - Processing /home/airflow/.local/lib/python3.7/site-packages/airflow/example_dags/example_bash_operator.py took 0.152 seconds
[2022-07-22 14:17:20,058] {processor.py:153} INFO - Started process (PID=1256) to work on /home/airflow/.local/lib/python3.7/site-packages/airflow/example_dags/example_bash_operator.py
[2022-07-22 14:17:20,059] {processor.py:641} INFO - Processing file /home/airflow/.local/lib/python3.7/site-packages/airflow/example_dags/example_bash_operator.py for tasks to queue
[2022-07-22 14:17:20,059] {logging_mixin.py:115} INFO - [2022-07-22 14:17:20,059] {dagbag.py:508} INFO - Filling up the DagBag from /home/airflow/.local/lib/python3.7/site-packages/airflow/example_dags/example_bash_operator.py
[2022-07-22 14:17:20,080] {processor.py:651} INFO - DAG(s) dict_keys(['example_bash_operator']) retrieved from /home/airflow/.local/lib/python3.7/site-packages/airflow/example_dags/example_bash_operator.py
[2022-07-22 14:17:20,125] {logging_mixin.py:115} INFO - [2022-07-22 14:17:20,125] {dag.py:2420} INFO - Sync 1 DAGs
[2022-07-22 14:17:20,173] {logging_mixin.py:115} INFO - [2022-07-22 14:17:20,173] {dag.py:2972} INFO - Setting next_dagrun for example_bash_operator to 2022-07-21T00:00:00+00:00, run_after=2022-07-22T00:00:00+00:00
[2022-07-22 14:17:20,184] {processor.py:161} INFO - Processing /home/airflow/.local/lib/python3.7/site-packages/airflow/example_dags/example_bash_operator.py took 0.132 seconds
[2022-07-22 14:17:51,063] {processor.py:153} INFO - Started process (PID=1458) to work on /home/airflow/.local/lib/python3.7/site-packages/airflow/example_dags/example_bash_operator.py
[2022-07-22 14:17:51,063] {processor.py:641} INFO - Processing file /home/airflow/.local/lib/python3.7/site-packages/airflow/example_dags/example_bash_operator.py for tasks to queue
[2022-07-22 14:17:51,064] {logging_mixin.py:115} INFO - [2022-07-22 14:17:51,064] {dagbag.py:508} INFO - Filling up the DagBag from /home/airflow/.local/lib/python3.7/site-packages/airflow/example_dags/example_bash_operator.py
[2022-07-22 14:17:51,074] {processor.py:651} INFO - DAG(s) dict_keys(['example_bash_operator']) retrieved from /home/airflow/.local/lib/python3.7/site-packages/airflow/example_dags/example_bash_operator.py
[2022-07-22 14:17:51,102] {logging_mixin.py:115} INFO - [2022-07-22 14:17:51,102] {dag.py:2420} INFO - Sync 1 DAGs
[2022-07-22 14:17:51,126] {logging_mixin.py:115} INFO - [2022-07-22 14:17:51,126] {dag.py:2972} INFO - Setting next_dagrun for example_bash_operator to 2022-07-21T00:00:00+00:00, run_after=2022-07-22T00:00:00+00:00
[2022-07-22 14:17:51,144] {processor.py:161} INFO - Processing /home/airflow/.local/lib/python3.7/site-packages/airflow/example_dags/example_bash_operator.py took 0.084 seconds
[2022-07-22 14:18:21,528] {processor.py:153} INFO - Started process (PID=1651) to work on /home/airflow/.local/lib/python3.7/site-packages/airflow/example_dags/example_bash_operator.py
[2022-07-22 14:18:21,529] {processor.py:641} INFO - Processing file /home/airflow/.local/lib/python3.7/site-packages/airflow/example_dags/example_bash_operator.py for tasks to queue
[2022-07-22 14:18:21,531] {logging_mixin.py:115} INFO - [2022-07-22 14:18:21,531] {dagbag.py:508} INFO - Filling up the DagBag from /home/airflow/.local/lib/python3.7/site-packages/airflow/example_dags/example_bash_operator.py
[2022-07-22 14:18:21,554] {processor.py:651} INFO - DAG(s) dict_keys(['example_bash_operator']) retrieved from /home/airflow/.local/lib/python3.7/site-packages/airflow/example_dags/example_bash_operator.py
[2022-07-22 14:18:21,601] {logging_mixin.py:115} INFO - [2022-07-22 14:18:21,601] {dag.py:2420} INFO - Sync 1 DAGs
[2022-07-22 14:18:21,623] {logging_mixin.py:115} INFO - [2022-07-22 14:18:21,623] {dag.py:2972} INFO - Setting next_dagrun for example_bash_operator to 2022-07-21T00:00:00+00:00, run_after=2022-07-22T00:00:00+00:00
[2022-07-22 14:18:21,634] {processor.py:161} INFO - Processing /home/airflow/.local/lib/python3.7/site-packages/airflow/example_dags/example_bash_operator.py took 0.113 seconds
[2022-07-22 14:18:51,766] {processor.py:153} INFO - Started process (PID=1853) to work on /home/airflow/.local/lib/python3.7/site-packages/airflow/example_dags/example_bash_operator.py
[2022-07-22 14:18:51,767] {processor.py:641} INFO - Processing file /home/airflow/.local/lib/python3.7/site-packages/airflow/example_dags/example_bash_operator.py for tasks to queue
[2022-07-22 14:18:51,768] {logging_mixin.py:115} INFO - [2022-07-22 14:18:51,768] {dagbag.py:508} INFO - Filling up the DagBag from /home/airflow/.local/lib/python3.7/site-packages/airflow/example_dags/example_bash_operator.py
[2022-07-22 14:18:51,792] {processor.py:651} INFO - DAG(s) dict_keys(['example_bash_operator']) retrieved from /home/airflow/.local/lib/python3.7/site-packages/airflow/example_dags/example_bash_operator.py
[2022-07-22 14:18:51,841] {logging_mixin.py:115} INFO - [2022-07-22 14:18:51,841] {dag.py:2420} INFO - Sync 1 DAGs
[2022-07-22 14:18:51,882] {logging_mixin.py:115} INFO - [2022-07-22 14:18:51,882] {dag.py:2972} INFO - Setting next_dagrun for example_bash_operator to 2022-07-21T00:00:00+00:00, run_after=2022-07-22T00:00:00+00:00
[2022-07-22 14:18:51,895] {processor.py:161} INFO - Processing /home/airflow/.local/lib/python3.7/site-packages/airflow/example_dags/example_bash_operator.py took 0.134 seconds
[2022-07-22 14:19:22,097] {processor.py:153} INFO - Started process (PID=2057) to work on /home/airflow/.local/lib/python3.7/site-packages/airflow/example_dags/example_bash_operator.py
[2022-07-22 14:19:22,098] {processor.py:641} INFO - Processing file /home/airflow/.local/lib/python3.7/site-packages/airflow/example_dags/example_bash_operator.py for tasks to queue
[2022-07-22 14:19:22,099] {logging_mixin.py:115} INFO - [2022-07-22 14:19:22,099] {dagbag.py:508} INFO - Filling up the DagBag from /home/airflow/.local/lib/python3.7/site-packages/airflow/example_dags/example_bash_operator.py
[2022-07-22 14:19:22,112] {processor.py:651} INFO - DAG(s) dict_keys(['example_bash_operator']) retrieved from /home/airflow/.local/lib/python3.7/site-packages/airflow/example_dags/example_bash_operator.py
[2022-07-22 14:19:22,151] {logging_mixin.py:115} INFO - [2022-07-22 14:19:22,151] {dag.py:2420} INFO - Sync 1 DAGs
[2022-07-22 14:19:22,192] {logging_mixin.py:115} INFO - [2022-07-22 14:19:22,192] {dag.py:2972} INFO - Setting next_dagrun for example_bash_operator to 2022-07-21T00:00:00+00:00, run_after=2022-07-22T00:00:00+00:00
[2022-07-22 14:19:22,205] {processor.py:161} INFO - Processing /home/airflow/.local/lib/python3.7/site-packages/airflow/example_dags/example_bash_operator.py took 0.111 seconds
[2022-07-22 14:19:52,518] {processor.py:153} INFO - Started process (PID=2248) to work on /home/airflow/.local/lib/python3.7/site-packages/airflow/example_dags/example_bash_operator.py
[2022-07-22 14:19:52,519] {processor.py:641} INFO - Processing file /home/airflow/.local/lib/python3.7/site-packages/airflow/example_dags/example_bash_operator.py for tasks to queue
[2022-07-22 14:19:52,520] {logging_mixin.py:115} INFO - [2022-07-22 14:19:52,520] {dagbag.py:508} INFO - Filling up the DagBag from /home/airflow/.local/lib/python3.7/site-packages/airflow/example_dags/example_bash_operator.py
[2022-07-22 14:19:52,541] {processor.py:651} INFO - DAG(s) dict_keys(['example_bash_operator']) retrieved from /home/airflow/.local/lib/python3.7/site-packages/airflow/example_dags/example_bash_operator.py
[2022-07-22 14:19:52,599] {logging_mixin.py:115} INFO - [2022-07-22 14:19:52,598] {dag.py:2420} INFO - Sync 1 DAGs
[2022-07-22 14:19:52,632] {logging_mixin.py:115} INFO - [2022-07-22 14:19:52,632] {dag.py:2972} INFO - Setting next_dagrun for example_bash_operator to 2022-07-21T00:00:00+00:00, run_after=2022-07-22T00:00:00+00:00
[2022-07-22 14:19:52,655] {processor.py:161} INFO - Processing /home/airflow/.local/lib/python3.7/site-packages/airflow/example_dags/example_bash_operator.py took 0.141 seconds
[2022-07-22 14:20:22,863] {processor.py:153} INFO - Started process (PID=2450) to work on /home/airflow/.local/lib/python3.7/site-packages/airflow/example_dags/example_bash_operator.py
[2022-07-22 14:20:22,864] {processor.py:641} INFO - Processing file /home/airflow/.local/lib/python3.7/site-packages/airflow/example_dags/example_bash_operator.py for tasks to queue
[2022-07-22 14:20:22,865] {logging_mixin.py:115} INFO - [2022-07-22 14:20:22,865] {dagbag.py:508} INFO - Filling up the DagBag from /home/airflow/.local/lib/python3.7/site-packages/airflow/example_dags/example_bash_operator.py
[2022-07-22 14:20:22,886] {processor.py:651} INFO - DAG(s) dict_keys(['example_bash_operator']) retrieved from /home/airflow/.local/lib/python3.7/site-packages/airflow/example_dags/example_bash_operator.py
[2022-07-22 14:20:22,912] {logging_mixin.py:115} INFO - [2022-07-22 14:20:22,912] {dag.py:2420} INFO - Sync 1 DAGs
[2022-07-22 14:20:22,936] {logging_mixin.py:115} INFO - [2022-07-22 14:20:22,936] {dag.py:2972} INFO - Setting next_dagrun for example_bash_operator to 2022-07-21T00:00:00+00:00, run_after=2022-07-22T00:00:00+00:00
[2022-07-22 14:20:22,948] {processor.py:161} INFO - Processing /home/airflow/.local/lib/python3.7/site-packages/airflow/example_dags/example_bash_operator.py took 0.092 seconds
[2022-07-22 14:20:53,392] {processor.py:153} INFO - Started process (PID=2652) to work on /home/airflow/.local/lib/python3.7/site-packages/airflow/example_dags/example_bash_operator.py
[2022-07-22 14:20:53,393] {processor.py:641} INFO - Processing file /home/airflow/.local/lib/python3.7/site-packages/airflow/example_dags/example_bash_operator.py for tasks to queue
[2022-07-22 14:20:53,394] {logging_mixin.py:115} INFO - [2022-07-22 14:20:53,394] {dagbag.py:508} INFO - Filling up the DagBag from /home/airflow/.local/lib/python3.7/site-packages/airflow/example_dags/example_bash_operator.py
[2022-07-22 14:20:53,410] {processor.py:651} INFO - DAG(s) dict_keys(['example_bash_operator']) retrieved from /home/airflow/.local/lib/python3.7/site-packages/airflow/example_dags/example_bash_operator.py
[2022-07-22 14:20:53,443] {logging_mixin.py:115} INFO - [2022-07-22 14:20:53,443] {dag.py:2420} INFO - Sync 1 DAGs
[2022-07-22 14:20:53,478] {logging_mixin.py:115} INFO - [2022-07-22 14:20:53,478] {dag.py:2972} INFO - Setting next_dagrun for example_bash_operator to 2022-07-21T00:00:00+00:00, run_after=2022-07-22T00:00:00+00:00
[2022-07-22 14:20:53,496] {processor.py:161} INFO - Processing /home/airflow/.local/lib/python3.7/site-packages/airflow/example_dags/example_bash_operator.py took 0.108 seconds
[2022-07-22 14:21:23,784] {processor.py:153} INFO - Started process (PID=2845) to work on /home/airflow/.local/lib/python3.7/site-packages/airflow/example_dags/example_bash_operator.py
[2022-07-22 14:21:23,785] {processor.py:641} INFO - Processing file /home/airflow/.local/lib/python3.7/site-packages/airflow/example_dags/example_bash_operator.py for tasks to queue
[2022-07-22 14:21:23,786] {logging_mixin.py:115} INFO - [2022-07-22 14:21:23,786] {dagbag.py:508} INFO - Filling up the DagBag from /home/airflow/.local/lib/python3.7/site-packages/airflow/example_dags/example_bash_operator.py
[2022-07-22 14:21:23,806] {processor.py:651} INFO - DAG(s) dict_keys(['example_bash_operator']) retrieved from /home/airflow/.local/lib/python3.7/site-packages/airflow/example_dags/example_bash_operator.py
[2022-07-22 14:21:23,844] {logging_mixin.py:115} INFO - [2022-07-22 14:21:23,844] {dag.py:2420} INFO - Sync 1 DAGs
[2022-07-22 14:21:23,881] {logging_mixin.py:115} INFO - [2022-07-22 14:21:23,881] {dag.py:2972} INFO - Setting next_dagrun for example_bash_operator to 2022-07-21T00:00:00+00:00, run_after=2022-07-22T00:00:00+00:00
[2022-07-22 14:21:23,895] {processor.py:161} INFO - Processing /home/airflow/.local/lib/python3.7/site-packages/airflow/example_dags/example_bash_operator.py took 0.116 seconds
[2022-07-22 14:21:54,998] {processor.py:153} INFO - Started process (PID=3049) to work on /home/airflow/.local/lib/python3.7/site-packages/airflow/example_dags/example_bash_operator.py
[2022-07-22 14:21:54,999] {processor.py:641} INFO - Processing file /home/airflow/.local/lib/python3.7/site-packages/airflow/example_dags/example_bash_operator.py for tasks to queue
[2022-07-22 14:21:55,000] {logging_mixin.py:115} INFO - [2022-07-22 14:21:54,999] {dagbag.py:508} INFO - Filling up the DagBag from /home/airflow/.local/lib/python3.7/site-packages/airflow/example_dags/example_bash_operator.py
[2022-07-22 14:21:55,022] {processor.py:651} INFO - DAG(s) dict_keys(['example_bash_operator']) retrieved from /home/airflow/.local/lib/python3.7/site-packages/airflow/example_dags/example_bash_operator.py
[2022-07-22 14:21:55,078] {logging_mixin.py:115} INFO - [2022-07-22 14:21:55,078] {dag.py:2420} INFO - Sync 1 DAGs
[2022-07-22 14:21:55,133] {logging_mixin.py:115} INFO - [2022-07-22 14:21:55,133] {dag.py:2972} INFO - Setting next_dagrun for example_bash_operator to 2022-07-21T00:00:00+00:00, run_after=2022-07-22T00:00:00+00:00
[2022-07-22 14:21:55,168] {processor.py:161} INFO - Processing /home/airflow/.local/lib/python3.7/site-packages/airflow/example_dags/example_bash_operator.py took 0.176 seconds
[2022-07-22 14:22:25,381] {processor.py:153} INFO - Started process (PID=3249) to work on /home/airflow/.local/lib/python3.7/site-packages/airflow/example_dags/example_bash_operator.py
[2022-07-22 14:22:25,383] {processor.py:641} INFO - Processing file /home/airflow/.local/lib/python3.7/site-packages/airflow/example_dags/example_bash_operator.py for tasks to queue
[2022-07-22 14:22:25,384] {logging_mixin.py:115} INFO - [2022-07-22 14:22:25,384] {dagbag.py:508} INFO - Filling up the DagBag from /home/airflow/.local/lib/python3.7/site-packages/airflow/example_dags/example_bash_operator.py
[2022-07-22 14:22:25,409] {processor.py:651} INFO - DAG(s) dict_keys(['example_bash_operator']) retrieved from /home/airflow/.local/lib/python3.7/site-packages/airflow/example_dags/example_bash_operator.py
[2022-07-22 14:22:25,462] {logging_mixin.py:115} INFO - [2022-07-22 14:22:25,462] {dag.py:2420} INFO - Sync 1 DAGs
[2022-07-22 14:22:25,508] {logging_mixin.py:115} INFO - [2022-07-22 14:22:25,508] {dag.py:2972} INFO - Setting next_dagrun for example_bash_operator to 2022-07-21T00:00:00+00:00, run_after=2022-07-22T00:00:00+00:00
[2022-07-22 14:22:25,521] {processor.py:161} INFO - Processing /home/airflow/.local/lib/python3.7/site-packages/airflow/example_dags/example_bash_operator.py took 0.145 seconds
[2022-07-22 14:22:55,675] {processor.py:153} INFO - Started process (PID=3442) to work on /home/airflow/.local/lib/python3.7/site-packages/airflow/example_dags/example_bash_operator.py
[2022-07-22 14:22:55,676] {processor.py:641} INFO - Processing file /home/airflow/.local/lib/python3.7/site-packages/airflow/example_dags/example_bash_operator.py for tasks to queue
[2022-07-22 14:22:55,677] {logging_mixin.py:115} INFO - [2022-07-22 14:22:55,676] {dagbag.py:508} INFO - Filling up the DagBag from /home/airflow/.local/lib/python3.7/site-packages/airflow/example_dags/example_bash_operator.py
[2022-07-22 14:22:55,688] {processor.py:651} INFO - DAG(s) dict_keys(['example_bash_operator']) retrieved from /home/airflow/.local/lib/python3.7/site-packages/airflow/example_dags/example_bash_operator.py
[2022-07-22 14:22:55,731] {logging_mixin.py:115} INFO - [2022-07-22 14:22:55,731] {dag.py:2420} INFO - Sync 1 DAGs
[2022-07-22 14:22:55,776] {logging_mixin.py:115} INFO - [2022-07-22 14:22:55,776] {dag.py:2972} INFO - Setting next_dagrun for example_bash_operator to 2022-07-21T00:00:00+00:00, run_after=2022-07-22T00:00:00+00:00
[2022-07-22 14:22:55,786] {processor.py:161} INFO - Processing /home/airflow/.local/lib/python3.7/site-packages/airflow/example_dags/example_bash_operator.py took 0.113 seconds
[2022-07-22 14:23:26,193] {processor.py:153} INFO - Started process (PID=3643) to work on /home/airflow/.local/lib/python3.7/site-packages/airflow/example_dags/example_bash_operator.py
[2022-07-22 14:23:26,194] {processor.py:641} INFO - Processing file /home/airflow/.local/lib/python3.7/site-packages/airflow/example_dags/example_bash_operator.py for tasks to queue
[2022-07-22 14:23:26,195] {logging_mixin.py:115} INFO - [2022-07-22 14:23:26,195] {dagbag.py:508} INFO - Filling up the DagBag from /home/airflow/.local/lib/python3.7/site-packages/airflow/example_dags/example_bash_operator.py
[2022-07-22 14:23:26,218] {processor.py:651} INFO - DAG(s) dict_keys(['example_bash_operator']) retrieved from /home/airflow/.local/lib/python3.7/site-packages/airflow/example_dags/example_bash_operator.py
[2022-07-22 14:23:26,263] {logging_mixin.py:115} INFO - [2022-07-22 14:23:26,263] {dag.py:2420} INFO - Sync 1 DAGs
[2022-07-22 14:23:26,312] {logging_mixin.py:115} INFO - [2022-07-22 14:23:26,312] {dag.py:2972} INFO - Setting next_dagrun for example_bash_operator to 2022-07-21T00:00:00+00:00, run_after=2022-07-22T00:00:00+00:00
[2022-07-22 14:23:26,325] {processor.py:161} INFO - Processing /home/airflow/.local/lib/python3.7/site-packages/airflow/example_dags/example_bash_operator.py took 0.140 seconds
[2022-07-22 14:23:56,483] {processor.py:153} INFO - Started process (PID=3845) to work on /home/airflow/.local/lib/python3.7/site-packages/airflow/example_dags/example_bash_operator.py
[2022-07-22 14:23:56,484] {processor.py:641} INFO - Processing file /home/airflow/.local/lib/python3.7/site-packages/airflow/example_dags/example_bash_operator.py for tasks to queue
[2022-07-22 14:23:56,486] {logging_mixin.py:115} INFO - [2022-07-22 14:23:56,485] {dagbag.py:508} INFO - Filling up the DagBag from /home/airflow/.local/lib/python3.7/site-packages/airflow/example_dags/example_bash_operator.py
[2022-07-22 14:23:56,511] {processor.py:651} INFO - DAG(s) dict_keys(['example_bash_operator']) retrieved from /home/airflow/.local/lib/python3.7/site-packages/airflow/example_dags/example_bash_operator.py
[2022-07-22 14:23:56,563] {logging_mixin.py:115} INFO - [2022-07-22 14:23:56,563] {dag.py:2420} INFO - Sync 1 DAGs
[2022-07-22 14:23:56,601] {logging_mixin.py:115} INFO - [2022-07-22 14:23:56,601] {dag.py:2972} INFO - Setting next_dagrun for example_bash_operator to 2022-07-21T00:00:00+00:00, run_after=2022-07-22T00:00:00+00:00
[2022-07-22 14:23:56,616] {processor.py:161} INFO - Processing /home/airflow/.local/lib/python3.7/site-packages/airflow/example_dags/example_bash_operator.py took 0.139 seconds
[2022-07-22 14:24:27,013] {processor.py:153} INFO - Started process (PID=4038) to work on /home/airflow/.local/lib/python3.7/site-packages/airflow/example_dags/example_bash_operator.py
[2022-07-22 14:24:27,014] {processor.py:641} INFO - Processing file /home/airflow/.local/lib/python3.7/site-packages/airflow/example_dags/example_bash_operator.py for tasks to queue
[2022-07-22 14:24:27,015] {logging_mixin.py:115} INFO - [2022-07-22 14:24:27,015] {dagbag.py:508} INFO - Filling up the DagBag from /home/airflow/.local/lib/python3.7/site-packages/airflow/example_dags/example_bash_operator.py
[2022-07-22 14:24:27,040] {processor.py:651} INFO - DAG(s) dict_keys(['example_bash_operator']) retrieved from /home/airflow/.local/lib/python3.7/site-packages/airflow/example_dags/example_bash_operator.py
[2022-07-22 14:24:27,092] {logging_mixin.py:115} INFO - [2022-07-22 14:24:27,092] {dag.py:2420} INFO - Sync 1 DAGs
[2022-07-22 14:24:27,145] {logging_mixin.py:115} INFO - [2022-07-22 14:24:27,145] {dag.py:2972} INFO - Setting next_dagrun for example_bash_operator to 2022-07-21T00:00:00+00:00, run_after=2022-07-22T00:00:00+00:00
[2022-07-22 14:24:27,156] {processor.py:161} INFO - Processing /home/airflow/.local/lib/python3.7/site-packages/airflow/example_dags/example_bash_operator.py took 0.149 seconds
[2022-07-22 14:24:57,413] {processor.py:153} INFO - Started process (PID=4240) to work on /home/airflow/.local/lib/python3.7/site-packages/airflow/example_dags/example_bash_operator.py
[2022-07-22 14:24:57,415] {processor.py:641} INFO - Processing file /home/airflow/.local/lib/python3.7/site-packages/airflow/example_dags/example_bash_operator.py for tasks to queue
[2022-07-22 14:24:57,416] {logging_mixin.py:115} INFO - [2022-07-22 14:24:57,416] {dagbag.py:508} INFO - Filling up the DagBag from /home/airflow/.local/lib/python3.7/site-packages/airflow/example_dags/example_bash_operator.py
[2022-07-22 14:24:57,426] {processor.py:651} INFO - DAG(s) dict_keys(['example_bash_operator']) retrieved from /home/airflow/.local/lib/python3.7/site-packages/airflow/example_dags/example_bash_operator.py
[2022-07-22 14:24:57,471] {logging_mixin.py:115} INFO - [2022-07-22 14:24:57,470] {dag.py:2420} INFO - Sync 1 DAGs
[2022-07-22 14:24:57,504] {logging_mixin.py:115} INFO - [2022-07-22 14:24:57,504] {dag.py:2972} INFO - Setting next_dagrun for example_bash_operator to 2022-07-21T00:00:00+00:00, run_after=2022-07-22T00:00:00+00:00
[2022-07-22 14:24:57,519] {processor.py:161} INFO - Processing /home/airflow/.local/lib/python3.7/site-packages/airflow/example_dags/example_bash_operator.py took 0.115 seconds
[2022-07-22 14:25:27,699] {processor.py:153} INFO - Started process (PID=4444) to work on /home/airflow/.local/lib/python3.7/site-packages/airflow/example_dags/example_bash_operator.py
[2022-07-22 14:25:27,700] {processor.py:641} INFO - Processing file /home/airflow/.local/lib/python3.7/site-packages/airflow/example_dags/example_bash_operator.py for tasks to queue
[2022-07-22 14:25:27,701] {logging_mixin.py:115} INFO - [2022-07-22 14:25:27,701] {dagbag.py:508} INFO - Filling up the DagBag from /home/airflow/.local/lib/python3.7/site-packages/airflow/example_dags/example_bash_operator.py
[2022-07-22 14:25:27,720] {processor.py:651} INFO - DAG(s) dict_keys(['example_bash_operator']) retrieved from /home/airflow/.local/lib/python3.7/site-packages/airflow/example_dags/example_bash_operator.py
[2022-07-22 14:25:27,774] {logging_mixin.py:115} INFO - [2022-07-22 14:25:27,774] {dag.py:2420} INFO - Sync 1 DAGs
[2022-07-22 14:25:27,814] {logging_mixin.py:115} INFO - [2022-07-22 14:25:27,814] {dag.py:2972} INFO - Setting next_dagrun for example_bash_operator to 2022-07-21T00:00:00+00:00, run_after=2022-07-22T00:00:00+00:00
[2022-07-22 14:25:27,825] {processor.py:161} INFO - Processing /home/airflow/.local/lib/python3.7/site-packages/airflow/example_dags/example_bash_operator.py took 0.128 seconds
[2022-07-22 14:25:58,198] {processor.py:153} INFO - Started process (PID=4644) to work on /home/airflow/.local/lib/python3.7/site-packages/airflow/example_dags/example_bash_operator.py
[2022-07-22 14:25:58,198] {processor.py:641} INFO - Processing file /home/airflow/.local/lib/python3.7/site-packages/airflow/example_dags/example_bash_operator.py for tasks to queue
[2022-07-22 14:25:58,199] {logging_mixin.py:115} INFO - [2022-07-22 14:25:58,199] {dagbag.py:508} INFO - Filling up the DagBag from /home/airflow/.local/lib/python3.7/site-packages/airflow/example_dags/example_bash_operator.py
[2022-07-22 14:25:58,213] {processor.py:651} INFO - DAG(s) dict_keys(['example_bash_operator']) retrieved from /home/airflow/.local/lib/python3.7/site-packages/airflow/example_dags/example_bash_operator.py
[2022-07-22 14:25:58,256] {logging_mixin.py:115} INFO - [2022-07-22 14:25:58,256] {dag.py:2420} INFO - Sync 1 DAGs
[2022-07-22 14:25:58,296] {logging_mixin.py:115} INFO - [2022-07-22 14:25:58,295] {dag.py:2972} INFO - Setting next_dagrun for example_bash_operator to 2022-07-21T00:00:00+00:00, run_after=2022-07-22T00:00:00+00:00
[2022-07-22 14:25:58,310] {processor.py:161} INFO - Processing /home/airflow/.local/lib/python3.7/site-packages/airflow/example_dags/example_bash_operator.py took 0.116 seconds
[2022-07-22 14:26:28,923] {processor.py:153} INFO - Started process (PID=4837) to work on /home/airflow/.local/lib/python3.7/site-packages/airflow/example_dags/example_bash_operator.py
[2022-07-22 14:26:28,923] {processor.py:641} INFO - Processing file /home/airflow/.local/lib/python3.7/site-packages/airflow/example_dags/example_bash_operator.py for tasks to queue
[2022-07-22 14:26:28,923] {logging_mixin.py:115} INFO - [2022-07-22 14:26:28,923] {dagbag.py:508} INFO - Filling up the DagBag from /home/airflow/.local/lib/python3.7/site-packages/airflow/example_dags/example_bash_operator.py
[2022-07-22 14:26:28,934] {processor.py:651} INFO - DAG(s) dict_keys(['example_bash_operator']) retrieved from /home/airflow/.local/lib/python3.7/site-packages/airflow/example_dags/example_bash_operator.py
[2022-07-22 14:26:28,960] {logging_mixin.py:115} INFO - [2022-07-22 14:26:28,960] {dag.py:2420} INFO - Sync 1 DAGs
[2022-07-22 14:26:28,987] {logging_mixin.py:115} INFO - [2022-07-22 14:26:28,987] {dag.py:2972} INFO - Setting next_dagrun for example_bash_operator to 2022-07-21T00:00:00+00:00, run_after=2022-07-22T00:00:00+00:00
[2022-07-22 14:26:29,005] {processor.py:161} INFO - Processing /home/airflow/.local/lib/python3.7/site-packages/airflow/example_dags/example_bash_operator.py took 0.085 seconds
[2022-07-22 14:26:59,615] {processor.py:153} INFO - Started process (PID=5040) to work on /home/airflow/.local/lib/python3.7/site-packages/airflow/example_dags/example_bash_operator.py
[2022-07-22 14:26:59,616] {processor.py:641} INFO - Processing file /home/airflow/.local/lib/python3.7/site-packages/airflow/example_dags/example_bash_operator.py for tasks to queue
[2022-07-22 14:26:59,616] {logging_mixin.py:115} INFO - [2022-07-22 14:26:59,616] {dagbag.py:508} INFO - Filling up the DagBag from /home/airflow/.local/lib/python3.7/site-packages/airflow/example_dags/example_bash_operator.py
[2022-07-22 14:26:59,628] {processor.py:651} INFO - DAG(s) dict_keys(['example_bash_operator']) retrieved from /home/airflow/.local/lib/python3.7/site-packages/airflow/example_dags/example_bash_operator.py
[2022-07-22 14:26:59,656] {logging_mixin.py:115} INFO - [2022-07-22 14:26:59,656] {dag.py:2420} INFO - Sync 1 DAGs
[2022-07-22 14:26:59,679] {logging_mixin.py:115} INFO - [2022-07-22 14:26:59,679] {dag.py:2972} INFO - Setting next_dagrun for example_bash_operator to 2022-07-21T00:00:00+00:00, run_after=2022-07-22T00:00:00+00:00
[2022-07-22 14:26:59,690] {processor.py:161} INFO - Processing /home/airflow/.local/lib/python3.7/site-packages/airflow/example_dags/example_bash_operator.py took 0.078 seconds
[2022-07-22 14:27:30,173] {processor.py:153} INFO - Started process (PID=5242) to work on /home/airflow/.local/lib/python3.7/site-packages/airflow/example_dags/example_bash_operator.py
[2022-07-22 14:27:30,174] {processor.py:641} INFO - Processing file /home/airflow/.local/lib/python3.7/site-packages/airflow/example_dags/example_bash_operator.py for tasks to queue
[2022-07-22 14:27:30,174] {logging_mixin.py:115} INFO - [2022-07-22 14:27:30,174] {dagbag.py:508} INFO - Filling up the DagBag from /home/airflow/.local/lib/python3.7/site-packages/airflow/example_dags/example_bash_operator.py
[2022-07-22 14:27:30,184] {processor.py:651} INFO - DAG(s) dict_keys(['example_bash_operator']) retrieved from /home/airflow/.local/lib/python3.7/site-packages/airflow/example_dags/example_bash_operator.py
[2022-07-22 14:27:30,210] {logging_mixin.py:115} INFO - [2022-07-22 14:27:30,210] {dag.py:2420} INFO - Sync 1 DAGs
[2022-07-22 14:27:30,246] {logging_mixin.py:115} INFO - [2022-07-22 14:27:30,245] {dag.py:2972} INFO - Setting next_dagrun for example_bash_operator to 2022-07-21T00:00:00+00:00, run_after=2022-07-22T00:00:00+00:00
[2022-07-22 14:27:30,266] {processor.py:161} INFO - Processing /home/airflow/.local/lib/python3.7/site-packages/airflow/example_dags/example_bash_operator.py took 0.096 seconds
[2022-07-22 14:28:01,215] {processor.py:153} INFO - Started process (PID=5435) to work on /home/airflow/.local/lib/python3.7/site-packages/airflow/example_dags/example_bash_operator.py
[2022-07-22 14:28:01,215] {processor.py:641} INFO - Processing file /home/airflow/.local/lib/python3.7/site-packages/airflow/example_dags/example_bash_operator.py for tasks to queue
[2022-07-22 14:28:01,216] {logging_mixin.py:115} INFO - [2022-07-22 14:28:01,216] {dagbag.py:508} INFO - Filling up the DagBag from /home/airflow/.local/lib/python3.7/site-packages/airflow/example_dags/example_bash_operator.py
[2022-07-22 14:28:01,226] {processor.py:651} INFO - DAG(s) dict_keys(['example_bash_operator']) retrieved from /home/airflow/.local/lib/python3.7/site-packages/airflow/example_dags/example_bash_operator.py
[2022-07-22 14:28:01,270] {logging_mixin.py:115} INFO - [2022-07-22 14:28:01,270] {dag.py:2420} INFO - Sync 1 DAGs
[2022-07-22 14:28:01,304] {logging_mixin.py:115} INFO - [2022-07-22 14:28:01,304] {dag.py:2972} INFO - Setting next_dagrun for example_bash_operator to 2022-07-21T00:00:00+00:00, run_after=2022-07-22T00:00:00+00:00
[2022-07-22 14:28:01,315] {processor.py:161} INFO - Processing /home/airflow/.local/lib/python3.7/site-packages/airflow/example_dags/example_bash_operator.py took 0.103 seconds
[2022-07-22 14:28:31,523] {processor.py:153} INFO - Started process (PID=5637) to work on /home/airflow/.local/lib/python3.7/site-packages/airflow/example_dags/example_bash_operator.py
[2022-07-22 14:28:31,524] {processor.py:641} INFO - Processing file /home/airflow/.local/lib/python3.7/site-packages/airflow/example_dags/example_bash_operator.py for tasks to queue
[2022-07-22 14:28:31,525] {logging_mixin.py:115} INFO - [2022-07-22 14:28:31,524] {dagbag.py:508} INFO - Filling up the DagBag from /home/airflow/.local/lib/python3.7/site-packages/airflow/example_dags/example_bash_operator.py
[2022-07-22 14:28:31,550] {processor.py:651} INFO - DAG(s) dict_keys(['example_bash_operator']) retrieved from /home/airflow/.local/lib/python3.7/site-packages/airflow/example_dags/example_bash_operator.py
[2022-07-22 14:28:31,600] {logging_mixin.py:115} INFO - [2022-07-22 14:28:31,599] {dag.py:2420} INFO - Sync 1 DAGs
[2022-07-22 14:28:31,623] {logging_mixin.py:115} INFO - [2022-07-22 14:28:31,623] {dag.py:2972} INFO - Setting next_dagrun for example_bash_operator to 2022-07-21T00:00:00+00:00, run_after=2022-07-22T00:00:00+00:00
[2022-07-22 14:28:31,640] {processor.py:161} INFO - Processing /home/airflow/.local/lib/python3.7/site-packages/airflow/example_dags/example_bash_operator.py took 0.122 seconds
[2022-07-22 14:29:50,972] {processor.py:153} INFO - Started process (PID=234) to work on /home/airflow/.local/lib/python3.7/site-packages/airflow/example_dags/example_bash_operator.py
[2022-07-22 14:29:50,972] {processor.py:641} INFO - Processing file /home/airflow/.local/lib/python3.7/site-packages/airflow/example_dags/example_bash_operator.py for tasks to queue
[2022-07-22 14:29:50,973] {logging_mixin.py:115} INFO - [2022-07-22 14:29:50,973] {dagbag.py:508} INFO - Filling up the DagBag from /home/airflow/.local/lib/python3.7/site-packages/airflow/example_dags/example_bash_operator.py
[2022-07-22 14:29:50,987] {processor.py:651} INFO - DAG(s) dict_keys(['example_bash_operator']) retrieved from /home/airflow/.local/lib/python3.7/site-packages/airflow/example_dags/example_bash_operator.py
[2022-07-22 14:29:51,021] {logging_mixin.py:115} INFO - [2022-07-22 14:29:51,021] {dag.py:2420} INFO - Sync 1 DAGs
[2022-07-22 14:29:51,055] {logging_mixin.py:115} INFO - [2022-07-22 14:29:51,055] {dag.py:2972} INFO - Setting next_dagrun for example_bash_operator to 2022-07-21T00:00:00+00:00, run_after=2022-07-22T00:00:00+00:00
[2022-07-22 14:29:51,070] {processor.py:161} INFO - Processing /home/airflow/.local/lib/python3.7/site-packages/airflow/example_dags/example_bash_operator.py took 0.102 seconds
[2022-07-22 14:30:21,851] {processor.py:153} INFO - Started process (PID=446) to work on /home/airflow/.local/lib/python3.7/site-packages/airflow/example_dags/example_bash_operator.py
[2022-07-22 14:30:21,853] {processor.py:641} INFO - Processing file /home/airflow/.local/lib/python3.7/site-packages/airflow/example_dags/example_bash_operator.py for tasks to queue
[2022-07-22 14:30:21,854] {logging_mixin.py:115} INFO - [2022-07-22 14:30:21,854] {dagbag.py:508} INFO - Filling up the DagBag from /home/airflow/.local/lib/python3.7/site-packages/airflow/example_dags/example_bash_operator.py
[2022-07-22 14:30:21,878] {processor.py:651} INFO - DAG(s) dict_keys(['example_bash_operator']) retrieved from /home/airflow/.local/lib/python3.7/site-packages/airflow/example_dags/example_bash_operator.py
[2022-07-22 14:30:21,935] {logging_mixin.py:115} INFO - [2022-07-22 14:30:21,934] {dag.py:2420} INFO - Sync 1 DAGs
[2022-07-22 14:30:22,000] {logging_mixin.py:115} INFO - [2022-07-22 14:30:22,000] {dag.py:2972} INFO - Setting next_dagrun for example_bash_operator to 2022-07-21T00:00:00+00:00, run_after=2022-07-22T00:00:00+00:00
[2022-07-22 14:30:22,018] {processor.py:161} INFO - Processing /home/airflow/.local/lib/python3.7/site-packages/airflow/example_dags/example_bash_operator.py took 0.173 seconds
[2022-07-22 14:30:52,545] {processor.py:153} INFO - Started process (PID=648) to work on /home/airflow/.local/lib/python3.7/site-packages/airflow/example_dags/example_bash_operator.py
[2022-07-22 14:30:52,546] {processor.py:641} INFO - Processing file /home/airflow/.local/lib/python3.7/site-packages/airflow/example_dags/example_bash_operator.py for tasks to queue
[2022-07-22 14:30:52,546] {logging_mixin.py:115} INFO - [2022-07-22 14:30:52,546] {dagbag.py:508} INFO - Filling up the DagBag from /home/airflow/.local/lib/python3.7/site-packages/airflow/example_dags/example_bash_operator.py
[2022-07-22 14:30:52,557] {processor.py:651} INFO - DAG(s) dict_keys(['example_bash_operator']) retrieved from /home/airflow/.local/lib/python3.7/site-packages/airflow/example_dags/example_bash_operator.py
[2022-07-22 14:30:52,582] {logging_mixin.py:115} INFO - [2022-07-22 14:30:52,581] {dag.py:2420} INFO - Sync 1 DAGs
[2022-07-22 14:30:52,611] {logging_mixin.py:115} INFO - [2022-07-22 14:30:52,611] {dag.py:2972} INFO - Setting next_dagrun for example_bash_operator to 2022-07-21T00:00:00+00:00, run_after=2022-07-22T00:00:00+00:00
[2022-07-22 14:30:52,623] {processor.py:161} INFO - Processing /home/airflow/.local/lib/python3.7/site-packages/airflow/example_dags/example_bash_operator.py took 0.081 seconds
[2022-07-22 14:31:23,306] {processor.py:153} INFO - Started process (PID=849) to work on /home/airflow/.local/lib/python3.7/site-packages/airflow/example_dags/example_bash_operator.py
[2022-07-22 14:31:23,307] {processor.py:641} INFO - Processing file /home/airflow/.local/lib/python3.7/site-packages/airflow/example_dags/example_bash_operator.py for tasks to queue
[2022-07-22 14:31:23,308] {logging_mixin.py:115} INFO - [2022-07-22 14:31:23,308] {dagbag.py:508} INFO - Filling up the DagBag from /home/airflow/.local/lib/python3.7/site-packages/airflow/example_dags/example_bash_operator.py
[2022-07-22 14:31:23,321] {processor.py:651} INFO - DAG(s) dict_keys(['example_bash_operator']) retrieved from /home/airflow/.local/lib/python3.7/site-packages/airflow/example_dags/example_bash_operator.py
[2022-07-22 14:31:23,346] {logging_mixin.py:115} INFO - [2022-07-22 14:31:23,346] {dag.py:2420} INFO - Sync 1 DAGs
[2022-07-22 14:31:23,379] {logging_mixin.py:115} INFO - [2022-07-22 14:31:23,378] {dag.py:2972} INFO - Setting next_dagrun for example_bash_operator to 2022-07-21T00:00:00+00:00, run_after=2022-07-22T00:00:00+00:00
[2022-07-22 14:31:23,391] {processor.py:161} INFO - Processing /home/airflow/.local/lib/python3.7/site-packages/airflow/example_dags/example_bash_operator.py took 0.089 seconds
[2022-07-22 14:31:53,974] {processor.py:153} INFO - Started process (PID=1043) to work on /home/airflow/.local/lib/python3.7/site-packages/airflow/example_dags/example_bash_operator.py
[2022-07-22 14:31:53,977] {processor.py:641} INFO - Processing file /home/airflow/.local/lib/python3.7/site-packages/airflow/example_dags/example_bash_operator.py for tasks to queue
[2022-07-22 14:31:53,978] {logging_mixin.py:115} INFO - [2022-07-22 14:31:53,978] {dagbag.py:508} INFO - Filling up the DagBag from /home/airflow/.local/lib/python3.7/site-packages/airflow/example_dags/example_bash_operator.py
[2022-07-22 14:31:54,003] {processor.py:651} INFO - DAG(s) dict_keys(['example_bash_operator']) retrieved from /home/airflow/.local/lib/python3.7/site-packages/airflow/example_dags/example_bash_operator.py
[2022-07-22 14:31:54,069] {logging_mixin.py:115} INFO - [2022-07-22 14:31:54,068] {dag.py:2420} INFO - Sync 1 DAGs
[2022-07-22 14:31:54,119] {logging_mixin.py:115} INFO - [2022-07-22 14:31:54,119] {dag.py:2972} INFO - Setting next_dagrun for example_bash_operator to 2022-07-21T00:00:00+00:00, run_after=2022-07-22T00:00:00+00:00
[2022-07-22 14:31:54,141] {processor.py:161} INFO - Processing /home/airflow/.local/lib/python3.7/site-packages/airflow/example_dags/example_bash_operator.py took 0.172 seconds
[2022-07-22 14:32:25,150] {processor.py:153} INFO - Started process (PID=1265) to work on /home/airflow/.local/lib/python3.7/site-packages/airflow/example_dags/example_bash_operator.py
[2022-07-22 14:32:25,151] {processor.py:641} INFO - Processing file /home/airflow/.local/lib/python3.7/site-packages/airflow/example_dags/example_bash_operator.py for tasks to queue
[2022-07-22 14:32:25,151] {logging_mixin.py:115} INFO - [2022-07-22 14:32:25,151] {dagbag.py:508} INFO - Filling up the DagBag from /home/airflow/.local/lib/python3.7/site-packages/airflow/example_dags/example_bash_operator.py
[2022-07-22 14:32:25,161] {processor.py:651} INFO - DAG(s) dict_keys(['example_bash_operator']) retrieved from /home/airflow/.local/lib/python3.7/site-packages/airflow/example_dags/example_bash_operator.py
[2022-07-22 14:32:25,186] {logging_mixin.py:115} INFO - [2022-07-22 14:32:25,186] {dag.py:2420} INFO - Sync 1 DAGs
[2022-07-22 14:32:25,232] {logging_mixin.py:115} INFO - [2022-07-22 14:32:25,232] {dag.py:2972} INFO - Setting next_dagrun for example_bash_operator to 2022-07-21T00:00:00+00:00, run_after=2022-07-22T00:00:00+00:00
[2022-07-22 14:32:25,257] {processor.py:161} INFO - Processing /home/airflow/.local/lib/python3.7/site-packages/airflow/example_dags/example_bash_operator.py took 0.110 seconds
[2022-07-22 14:32:56,011] {processor.py:153} INFO - Started process (PID=1467) to work on /home/airflow/.local/lib/python3.7/site-packages/airflow/example_dags/example_bash_operator.py
[2022-07-22 14:32:56,012] {processor.py:641} INFO - Processing file /home/airflow/.local/lib/python3.7/site-packages/airflow/example_dags/example_bash_operator.py for tasks to queue
[2022-07-22 14:32:56,013] {logging_mixin.py:115} INFO - [2022-07-22 14:32:56,013] {dagbag.py:508} INFO - Filling up the DagBag from /home/airflow/.local/lib/python3.7/site-packages/airflow/example_dags/example_bash_operator.py
[2022-07-22 14:32:56,028] {processor.py:651} INFO - DAG(s) dict_keys(['example_bash_operator']) retrieved from /home/airflow/.local/lib/python3.7/site-packages/airflow/example_dags/example_bash_operator.py
[2022-07-22 14:32:56,062] {logging_mixin.py:115} INFO - [2022-07-22 14:32:56,062] {dag.py:2420} INFO - Sync 1 DAGs
[2022-07-22 14:32:56,089] {logging_mixin.py:115} INFO - [2022-07-22 14:32:56,089] {dag.py:2972} INFO - Setting next_dagrun for example_bash_operator to 2022-07-21T00:00:00+00:00, run_after=2022-07-22T00:00:00+00:00
[2022-07-22 14:32:56,102] {processor.py:161} INFO - Processing /home/airflow/.local/lib/python3.7/site-packages/airflow/example_dags/example_bash_operator.py took 0.094 seconds
[2022-07-22 14:33:26,964] {processor.py:153} INFO - Started process (PID=1660) to work on /home/airflow/.local/lib/python3.7/site-packages/airflow/example_dags/example_bash_operator.py
[2022-07-22 14:33:26,964] {processor.py:641} INFO - Processing file /home/airflow/.local/lib/python3.7/site-packages/airflow/example_dags/example_bash_operator.py for tasks to queue
[2022-07-22 14:33:26,965] {logging_mixin.py:115} INFO - [2022-07-22 14:33:26,965] {dagbag.py:508} INFO - Filling up the DagBag from /home/airflow/.local/lib/python3.7/site-packages/airflow/example_dags/example_bash_operator.py
[2022-07-22 14:33:26,986] {processor.py:651} INFO - DAG(s) dict_keys(['example_bash_operator']) retrieved from /home/airflow/.local/lib/python3.7/site-packages/airflow/example_dags/example_bash_operator.py
[2022-07-22 14:33:27,015] {logging_mixin.py:115} INFO - [2022-07-22 14:33:27,015] {dag.py:2420} INFO - Sync 1 DAGs
[2022-07-22 14:33:27,039] {logging_mixin.py:115} INFO - [2022-07-22 14:33:27,039] {dag.py:2972} INFO - Setting next_dagrun for example_bash_operator to 2022-07-21T00:00:00+00:00, run_after=2022-07-22T00:00:00+00:00
[2022-07-22 14:33:27,050] {processor.py:161} INFO - Processing /home/airflow/.local/lib/python3.7/site-packages/airflow/example_dags/example_bash_operator.py took 0.091 seconds
[2022-07-22 14:34:49,502] {processor.py:153} INFO - Started process (PID=233) to work on /home/airflow/.local/lib/python3.7/site-packages/airflow/example_dags/example_bash_operator.py
[2022-07-22 14:34:49,503] {processor.py:641} INFO - Processing file /home/airflow/.local/lib/python3.7/site-packages/airflow/example_dags/example_bash_operator.py for tasks to queue
[2022-07-22 14:34:49,504] {logging_mixin.py:115} INFO - [2022-07-22 14:34:49,504] {dagbag.py:508} INFO - Filling up the DagBag from /home/airflow/.local/lib/python3.7/site-packages/airflow/example_dags/example_bash_operator.py
[2022-07-22 14:34:49,516] {processor.py:651} INFO - DAG(s) dict_keys(['example_bash_operator']) retrieved from /home/airflow/.local/lib/python3.7/site-packages/airflow/example_dags/example_bash_operator.py
[2022-07-22 14:34:49,542] {logging_mixin.py:115} INFO - [2022-07-22 14:34:49,542] {dag.py:2420} INFO - Sync 1 DAGs
[2022-07-22 14:34:49,564] {logging_mixin.py:115} INFO - [2022-07-22 14:34:49,564] {dag.py:2972} INFO - Setting next_dagrun for example_bash_operator to 2022-07-21T00:00:00+00:00, run_after=2022-07-22T00:00:00+00:00
[2022-07-22 14:34:49,576] {processor.py:161} INFO - Processing /home/airflow/.local/lib/python3.7/site-packages/airflow/example_dags/example_bash_operator.py took 0.077 seconds
[2022-07-22 14:35:20,335] {processor.py:153} INFO - Started process (PID=438) to work on /home/airflow/.local/lib/python3.7/site-packages/airflow/example_dags/example_bash_operator.py
[2022-07-22 14:35:20,336] {processor.py:641} INFO - Processing file /home/airflow/.local/lib/python3.7/site-packages/airflow/example_dags/example_bash_operator.py for tasks to queue
[2022-07-22 14:35:20,337] {logging_mixin.py:115} INFO - [2022-07-22 14:35:20,337] {dagbag.py:508} INFO - Filling up the DagBag from /home/airflow/.local/lib/python3.7/site-packages/airflow/example_dags/example_bash_operator.py
[2022-07-22 14:35:20,347] {processor.py:651} INFO - DAG(s) dict_keys(['example_bash_operator']) retrieved from /home/airflow/.local/lib/python3.7/site-packages/airflow/example_dags/example_bash_operator.py
[2022-07-22 14:35:20,374] {logging_mixin.py:115} INFO - [2022-07-22 14:35:20,374] {dag.py:2420} INFO - Sync 1 DAGs
[2022-07-22 14:35:20,399] {logging_mixin.py:115} INFO - [2022-07-22 14:35:20,399] {dag.py:2972} INFO - Setting next_dagrun for example_bash_operator to 2022-07-21T00:00:00+00:00, run_after=2022-07-22T00:00:00+00:00
[2022-07-22 14:35:20,413] {processor.py:161} INFO - Processing /home/airflow/.local/lib/python3.7/site-packages/airflow/example_dags/example_bash_operator.py took 0.080 seconds
