[2022-07-22 14:06:14,081] {processor.py:153} INFO - Started process (PID=282) to work on /home/airflow/.local/lib/python3.7/site-packages/airflow/example_dags/example_xcomargs.py
[2022-07-22 14:06:14,082] {processor.py:641} INFO - Processing file /home/airflow/.local/lib/python3.7/site-packages/airflow/example_dags/example_xcomargs.py for tasks to queue
[2022-07-22 14:06:14,083] {logging_mixin.py:115} INFO - [2022-07-22 14:06:14,083] {dagbag.py:508} INFO - Filling up the DagBag from /home/airflow/.local/lib/python3.7/site-packages/airflow/example_dags/example_xcomargs.py
[2022-07-22 14:06:14,120] {processor.py:651} INFO - DAG(s) dict_keys(['example_xcom_args', 'example_xcom_args_with_operators']) retrieved from /home/airflow/.local/lib/python3.7/site-packages/airflow/example_dags/example_xcomargs.py
[2022-07-22 14:06:14,263] {logging_mixin.py:115} INFO - [2022-07-22 14:06:14,263] {manager.py:508} INFO - Created Permission View: can read on DAG:example_xcom_args
[2022-07-22 14:06:14,277] {logging_mixin.py:115} INFO - [2022-07-22 14:06:14,276] {manager.py:508} INFO - Created Permission View: can delete on DAG:example_xcom_args
[2022-07-22 14:06:14,289] {logging_mixin.py:115} INFO - [2022-07-22 14:06:14,289] {manager.py:508} INFO - Created Permission View: can edit on DAG:example_xcom_args
[2022-07-22 14:06:14,323] {logging_mixin.py:115} INFO - [2022-07-22 14:06:14,323] {manager.py:508} INFO - Created Permission View: can read on DAG:example_xcom_args_with_operators
[2022-07-22 14:06:14,336] {logging_mixin.py:115} INFO - [2022-07-22 14:06:14,336] {manager.py:508} INFO - Created Permission View: can delete on DAG:example_xcom_args_with_operators
[2022-07-22 14:06:14,351] {logging_mixin.py:115} INFO - [2022-07-22 14:06:14,351] {manager.py:508} INFO - Created Permission View: can edit on DAG:example_xcom_args_with_operators
[2022-07-22 14:06:14,351] {logging_mixin.py:115} INFO - [2022-07-22 14:06:14,351] {dag.py:2420} INFO - Sync 2 DAGs
[2022-07-22 14:06:14,366] {logging_mixin.py:115} INFO - [2022-07-22 14:06:14,366] {dag.py:2439} INFO - Creating ORM DAG for example_xcom_args_with_operators
[2022-07-22 14:06:14,367] {logging_mixin.py:115} INFO - [2022-07-22 14:06:14,367] {dag.py:2439} INFO - Creating ORM DAG for example_xcom_args
[2022-07-22 14:06:14,385] {logging_mixin.py:115} INFO - [2022-07-22 14:06:14,385] {dag.py:2972} INFO - Setting next_dagrun for example_xcom_args to None, run_after=None
[2022-07-22 14:06:14,386] {logging_mixin.py:115} INFO - [2022-07-22 14:06:14,386] {dag.py:2972} INFO - Setting next_dagrun for example_xcom_args_with_operators to None, run_after=None
[2022-07-22 14:06:14,415] {processor.py:161} INFO - Processing /home/airflow/.local/lib/python3.7/site-packages/airflow/example_dags/example_xcomargs.py took 0.338 seconds
[2022-07-22 14:06:44,572] {processor.py:153} INFO - Started process (PID=470) to work on /home/airflow/.local/lib/python3.7/site-packages/airflow/example_dags/example_xcomargs.py
[2022-07-22 14:06:44,573] {processor.py:641} INFO - Processing file /home/airflow/.local/lib/python3.7/site-packages/airflow/example_dags/example_xcomargs.py for tasks to queue
[2022-07-22 14:06:44,573] {logging_mixin.py:115} INFO - [2022-07-22 14:06:44,573] {dagbag.py:508} INFO - Filling up the DagBag from /home/airflow/.local/lib/python3.7/site-packages/airflow/example_dags/example_xcomargs.py
[2022-07-22 14:06:44,602] {processor.py:651} INFO - DAG(s) dict_keys(['example_xcom_args', 'example_xcom_args_with_operators']) retrieved from /home/airflow/.local/lib/python3.7/site-packages/airflow/example_dags/example_xcomargs.py
[2022-07-22 14:06:44,709] {logging_mixin.py:115} INFO - [2022-07-22 14:06:44,709] {dag.py:2420} INFO - Sync 2 DAGs
[2022-07-22 14:06:44,735] {logging_mixin.py:115} INFO - [2022-07-22 14:06:44,734] {dag.py:2972} INFO - Setting next_dagrun for example_xcom_args to None, run_after=None
[2022-07-22 14:06:44,735] {logging_mixin.py:115} INFO - [2022-07-22 14:06:44,735] {dag.py:2972} INFO - Setting next_dagrun for example_xcom_args_with_operators to None, run_after=None
[2022-07-22 14:06:44,762] {processor.py:161} INFO - Processing /home/airflow/.local/lib/python3.7/site-packages/airflow/example_dags/example_xcomargs.py took 0.192 seconds
[2022-07-22 14:07:15,346] {processor.py:153} INFO - Started process (PID=666) to work on /home/airflow/.local/lib/python3.7/site-packages/airflow/example_dags/example_xcomargs.py
[2022-07-22 14:07:15,347] {processor.py:641} INFO - Processing file /home/airflow/.local/lib/python3.7/site-packages/airflow/example_dags/example_xcomargs.py for tasks to queue
[2022-07-22 14:07:15,347] {logging_mixin.py:115} INFO - [2022-07-22 14:07:15,347] {dagbag.py:508} INFO - Filling up the DagBag from /home/airflow/.local/lib/python3.7/site-packages/airflow/example_dags/example_xcomargs.py
[2022-07-22 14:07:15,361] {processor.py:651} INFO - DAG(s) dict_keys(['example_xcom_args', 'example_xcom_args_with_operators']) retrieved from /home/airflow/.local/lib/python3.7/site-packages/airflow/example_dags/example_xcomargs.py
[2022-07-22 14:07:15,412] {logging_mixin.py:115} INFO - [2022-07-22 14:07:15,412] {dag.py:2420} INFO - Sync 2 DAGs
[2022-07-22 14:07:15,456] {logging_mixin.py:115} INFO - [2022-07-22 14:07:15,456] {dag.py:2972} INFO - Setting next_dagrun for example_xcom_args to None, run_after=None
[2022-07-22 14:07:15,456] {logging_mixin.py:115} INFO - [2022-07-22 14:07:15,456] {dag.py:2972} INFO - Setting next_dagrun for example_xcom_args_with_operators to None, run_after=None
[2022-07-22 14:07:15,467] {processor.py:161} INFO - Processing /home/airflow/.local/lib/python3.7/site-packages/airflow/example_dags/example_xcomargs.py took 0.123 seconds
[2022-07-22 14:08:20,555] {processor.py:153} INFO - Started process (PID=279) to work on /home/airflow/.local/lib/python3.7/site-packages/airflow/example_dags/example_xcomargs.py
[2022-07-22 14:08:20,555] {processor.py:641} INFO - Processing file /home/airflow/.local/lib/python3.7/site-packages/airflow/example_dags/example_xcomargs.py for tasks to queue
[2022-07-22 14:08:20,556] {logging_mixin.py:115} INFO - [2022-07-22 14:08:20,556] {dagbag.py:508} INFO - Filling up the DagBag from /home/airflow/.local/lib/python3.7/site-packages/airflow/example_dags/example_xcomargs.py
[2022-07-22 14:08:20,571] {processor.py:651} INFO - DAG(s) dict_keys(['example_xcom_args', 'example_xcom_args_with_operators']) retrieved from /home/airflow/.local/lib/python3.7/site-packages/airflow/example_dags/example_xcomargs.py
[2022-07-22 14:08:20,682] {logging_mixin.py:115} INFO - [2022-07-22 14:08:20,681] {dag.py:2420} INFO - Sync 2 DAGs
[2022-07-22 14:08:20,700] {logging_mixin.py:115} INFO - [2022-07-22 14:08:20,700] {dag.py:2972} INFO - Setting next_dagrun for example_xcom_args to None, run_after=None
[2022-07-22 14:08:20,700] {logging_mixin.py:115} INFO - [2022-07-22 14:08:20,700] {dag.py:2972} INFO - Setting next_dagrun for example_xcom_args_with_operators to None, run_after=None
[2022-07-22 14:08:20,716] {processor.py:161} INFO - Processing /home/airflow/.local/lib/python3.7/site-packages/airflow/example_dags/example_xcomargs.py took 0.163 seconds
[2022-07-22 14:08:51,775] {processor.py:153} INFO - Started process (PID=485) to work on /home/airflow/.local/lib/python3.7/site-packages/airflow/example_dags/example_xcomargs.py
[2022-07-22 14:08:51,776] {processor.py:641} INFO - Processing file /home/airflow/.local/lib/python3.7/site-packages/airflow/example_dags/example_xcomargs.py for tasks to queue
[2022-07-22 14:08:51,777] {logging_mixin.py:115} INFO - [2022-07-22 14:08:51,777] {dagbag.py:508} INFO - Filling up the DagBag from /home/airflow/.local/lib/python3.7/site-packages/airflow/example_dags/example_xcomargs.py
[2022-07-22 14:08:51,805] {processor.py:651} INFO - DAG(s) dict_keys(['example_xcom_args', 'example_xcom_args_with_operators']) retrieved from /home/airflow/.local/lib/python3.7/site-packages/airflow/example_dags/example_xcomargs.py
[2022-07-22 14:08:51,924] {logging_mixin.py:115} INFO - [2022-07-22 14:08:51,924] {dag.py:2420} INFO - Sync 2 DAGs
[2022-07-22 14:08:51,961] {logging_mixin.py:115} INFO - [2022-07-22 14:08:51,961] {dag.py:2972} INFO - Setting next_dagrun for example_xcom_args to None, run_after=None
[2022-07-22 14:08:51,962] {logging_mixin.py:115} INFO - [2022-07-22 14:08:51,962] {dag.py:2972} INFO - Setting next_dagrun for example_xcom_args_with_operators to None, run_after=None
[2022-07-22 14:08:51,988] {processor.py:161} INFO - Processing /home/airflow/.local/lib/python3.7/site-packages/airflow/example_dags/example_xcomargs.py took 0.217 seconds
[2022-07-22 14:09:22,207] {processor.py:153} INFO - Started process (PID=689) to work on /home/airflow/.local/lib/python3.7/site-packages/airflow/example_dags/example_xcomargs.py
[2022-07-22 14:09:22,207] {processor.py:641} INFO - Processing file /home/airflow/.local/lib/python3.7/site-packages/airflow/example_dags/example_xcomargs.py for tasks to queue
[2022-07-22 14:09:22,208] {logging_mixin.py:115} INFO - [2022-07-22 14:09:22,208] {dagbag.py:508} INFO - Filling up the DagBag from /home/airflow/.local/lib/python3.7/site-packages/airflow/example_dags/example_xcomargs.py
[2022-07-22 14:09:22,222] {processor.py:651} INFO - DAG(s) dict_keys(['example_xcom_args', 'example_xcom_args_with_operators']) retrieved from /home/airflow/.local/lib/python3.7/site-packages/airflow/example_dags/example_xcomargs.py
[2022-07-22 14:09:22,280] {logging_mixin.py:115} INFO - [2022-07-22 14:09:22,280] {dag.py:2420} INFO - Sync 2 DAGs
[2022-07-22 14:09:22,308] {logging_mixin.py:115} INFO - [2022-07-22 14:09:22,307] {dag.py:2972} INFO - Setting next_dagrun for example_xcom_args to None, run_after=None
[2022-07-22 14:09:22,308] {logging_mixin.py:115} INFO - [2022-07-22 14:09:22,308] {dag.py:2972} INFO - Setting next_dagrun for example_xcom_args_with_operators to None, run_after=None
[2022-07-22 14:09:22,338] {processor.py:161} INFO - Processing /home/airflow/.local/lib/python3.7/site-packages/airflow/example_dags/example_xcomargs.py took 0.134 seconds
[2022-07-22 14:09:52,401] {processor.py:153} INFO - Started process (PID=891) to work on /home/airflow/.local/lib/python3.7/site-packages/airflow/example_dags/example_xcomargs.py
[2022-07-22 14:09:52,402] {processor.py:641} INFO - Processing file /home/airflow/.local/lib/python3.7/site-packages/airflow/example_dags/example_xcomargs.py for tasks to queue
[2022-07-22 14:09:52,403] {logging_mixin.py:115} INFO - [2022-07-22 14:09:52,403] {dagbag.py:508} INFO - Filling up the DagBag from /home/airflow/.local/lib/python3.7/site-packages/airflow/example_dags/example_xcomargs.py
[2022-07-22 14:09:52,444] {processor.py:651} INFO - DAG(s) dict_keys(['example_xcom_args', 'example_xcom_args_with_operators']) retrieved from /home/airflow/.local/lib/python3.7/site-packages/airflow/example_dags/example_xcomargs.py
[2022-07-22 14:09:52,510] {logging_mixin.py:115} INFO - [2022-07-22 14:09:52,510] {dag.py:2420} INFO - Sync 2 DAGs
[2022-07-22 14:09:52,526] {logging_mixin.py:115} INFO - [2022-07-22 14:09:52,526] {dag.py:2972} INFO - Setting next_dagrun for example_xcom_args to None, run_after=None
[2022-07-22 14:09:52,527] {logging_mixin.py:115} INFO - [2022-07-22 14:09:52,527] {dag.py:2972} INFO - Setting next_dagrun for example_xcom_args_with_operators to None, run_after=None
[2022-07-22 14:09:52,540] {processor.py:161} INFO - Processing /home/airflow/.local/lib/python3.7/site-packages/airflow/example_dags/example_xcomargs.py took 0.144 seconds
[2022-07-22 14:11:27,155] {processor.py:153} INFO - Started process (PID=286) to work on /home/airflow/.local/lib/python3.7/site-packages/airflow/example_dags/example_xcomargs.py
[2022-07-22 14:11:27,156] {processor.py:641} INFO - Processing file /home/airflow/.local/lib/python3.7/site-packages/airflow/example_dags/example_xcomargs.py for tasks to queue
[2022-07-22 14:11:27,157] {logging_mixin.py:115} INFO - [2022-07-22 14:11:27,157] {dagbag.py:508} INFO - Filling up the DagBag from /home/airflow/.local/lib/python3.7/site-packages/airflow/example_dags/example_xcomargs.py
[2022-07-22 14:11:27,173] {processor.py:651} INFO - DAG(s) dict_keys(['example_xcom_args', 'example_xcom_args_with_operators']) retrieved from /home/airflow/.local/lib/python3.7/site-packages/airflow/example_dags/example_xcomargs.py
[2022-07-22 14:11:27,277] {logging_mixin.py:115} INFO - [2022-07-22 14:11:27,277] {manager.py:508} INFO - Created Permission View: can read on DAG:example_xcom_args
[2022-07-22 14:11:27,288] {logging_mixin.py:115} INFO - [2022-07-22 14:11:27,288] {manager.py:508} INFO - Created Permission View: can edit on DAG:example_xcom_args
[2022-07-22 14:11:27,298] {logging_mixin.py:115} INFO - [2022-07-22 14:11:27,298] {manager.py:508} INFO - Created Permission View: can delete on DAG:example_xcom_args
[2022-07-22 14:11:27,316] {logging_mixin.py:115} INFO - [2022-07-22 14:11:27,316] {manager.py:508} INFO - Created Permission View: can read on DAG:example_xcom_args_with_operators
[2022-07-22 14:11:27,328] {logging_mixin.py:115} INFO - [2022-07-22 14:11:27,328] {manager.py:508} INFO - Created Permission View: can edit on DAG:example_xcom_args_with_operators
[2022-07-22 14:11:27,339] {logging_mixin.py:115} INFO - [2022-07-22 14:11:27,339] {manager.py:508} INFO - Created Permission View: can delete on DAG:example_xcom_args_with_operators
[2022-07-22 14:11:27,340] {logging_mixin.py:115} INFO - [2022-07-22 14:11:27,340] {dag.py:2420} INFO - Sync 2 DAGs
[2022-07-22 14:11:27,349] {logging_mixin.py:115} INFO - [2022-07-22 14:11:27,349] {dag.py:2439} INFO - Creating ORM DAG for example_xcom_args_with_operators
[2022-07-22 14:11:27,350] {logging_mixin.py:115} INFO - [2022-07-22 14:11:27,350] {dag.py:2439} INFO - Creating ORM DAG for example_xcom_args
[2022-07-22 14:11:27,368] {logging_mixin.py:115} INFO - [2022-07-22 14:11:27,368] {dag.py:2972} INFO - Setting next_dagrun for example_xcom_args to None, run_after=None
[2022-07-22 14:11:27,369] {logging_mixin.py:115} INFO - [2022-07-22 14:11:27,369] {dag.py:2972} INFO - Setting next_dagrun for example_xcom_args_with_operators to None, run_after=None
[2022-07-22 14:11:27,390] {processor.py:161} INFO - Processing /home/airflow/.local/lib/python3.7/site-packages/airflow/example_dags/example_xcomargs.py took 0.238 seconds
[2022-07-22 14:11:57,863] {processor.py:153} INFO - Started process (PID=448) to work on /home/airflow/.local/lib/python3.7/site-packages/airflow/example_dags/example_xcomargs.py
[2022-07-22 14:11:57,869] {processor.py:641} INFO - Processing file /home/airflow/.local/lib/python3.7/site-packages/airflow/example_dags/example_xcomargs.py for tasks to queue
[2022-07-22 14:11:57,876] {logging_mixin.py:115} INFO - [2022-07-22 14:11:57,876] {dagbag.py:508} INFO - Filling up the DagBag from /home/airflow/.local/lib/python3.7/site-packages/airflow/example_dags/example_xcomargs.py
[2022-07-22 14:11:58,231] {logging_mixin.py:115} INFO - [2022-07-22 14:11:58,231] {process_utils.py:240} INFO - Waiting up to 5 seconds for processes to exit...
[2022-07-22 14:12:55,162] {processor.py:153} INFO - Started process (PID=288) to work on /home/airflow/.local/lib/python3.7/site-packages/airflow/example_dags/example_xcomargs.py
[2022-07-22 14:12:55,163] {processor.py:641} INFO - Processing file /home/airflow/.local/lib/python3.7/site-packages/airflow/example_dags/example_xcomargs.py for tasks to queue
[2022-07-22 14:12:55,164] {logging_mixin.py:115} INFO - [2022-07-22 14:12:55,164] {dagbag.py:508} INFO - Filling up the DagBag from /home/airflow/.local/lib/python3.7/site-packages/airflow/example_dags/example_xcomargs.py
[2022-07-22 14:12:55,188] {processor.py:651} INFO - DAG(s) dict_keys(['example_xcom_args', 'example_xcom_args_with_operators']) retrieved from /home/airflow/.local/lib/python3.7/site-packages/airflow/example_dags/example_xcomargs.py
[2022-07-22 14:12:55,275] {logging_mixin.py:115} INFO - [2022-07-22 14:12:55,275] {manager.py:508} INFO - Created Permission View: can read on DAG:example_xcom_args
[2022-07-22 14:12:55,290] {logging_mixin.py:115} INFO - [2022-07-22 14:12:55,290] {manager.py:508} INFO - Created Permission View: can delete on DAG:example_xcom_args
[2022-07-22 14:12:55,301] {logging_mixin.py:115} INFO - [2022-07-22 14:12:55,301] {manager.py:508} INFO - Created Permission View: can edit on DAG:example_xcom_args
[2022-07-22 14:12:55,322] {logging_mixin.py:115} INFO - [2022-07-22 14:12:55,322] {manager.py:508} INFO - Created Permission View: can read on DAG:example_xcom_args_with_operators
[2022-07-22 14:12:55,335] {logging_mixin.py:115} INFO - [2022-07-22 14:12:55,335] {manager.py:508} INFO - Created Permission View: can delete on DAG:example_xcom_args_with_operators
[2022-07-22 14:12:55,348] {logging_mixin.py:115} INFO - [2022-07-22 14:12:55,348] {manager.py:508} INFO - Created Permission View: can edit on DAG:example_xcom_args_with_operators
[2022-07-22 14:12:55,349] {logging_mixin.py:115} INFO - [2022-07-22 14:12:55,349] {dag.py:2420} INFO - Sync 2 DAGs
[2022-07-22 14:12:55,364] {logging_mixin.py:115} INFO - [2022-07-22 14:12:55,364] {dag.py:2439} INFO - Creating ORM DAG for example_xcom_args
[2022-07-22 14:12:55,365] {logging_mixin.py:115} INFO - [2022-07-22 14:12:55,364] {dag.py:2439} INFO - Creating ORM DAG for example_xcom_args_with_operators
[2022-07-22 14:12:55,384] {logging_mixin.py:115} INFO - [2022-07-22 14:12:55,384] {dag.py:2972} INFO - Setting next_dagrun for example_xcom_args to None, run_after=None
[2022-07-22 14:12:55,385] {logging_mixin.py:115} INFO - [2022-07-22 14:12:55,385] {dag.py:2972} INFO - Setting next_dagrun for example_xcom_args_with_operators to None, run_after=None
[2022-07-22 14:12:55,409] {processor.py:161} INFO - Processing /home/airflow/.local/lib/python3.7/site-packages/airflow/example_dags/example_xcomargs.py took 0.251 seconds
[2022-07-22 14:13:25,492] {processor.py:153} INFO - Started process (PID=483) to work on /home/airflow/.local/lib/python3.7/site-packages/airflow/example_dags/example_xcomargs.py
[2022-07-22 14:13:25,493] {processor.py:641} INFO - Processing file /home/airflow/.local/lib/python3.7/site-packages/airflow/example_dags/example_xcomargs.py for tasks to queue
[2022-07-22 14:13:25,493] {logging_mixin.py:115} INFO - [2022-07-22 14:13:25,493] {dagbag.py:508} INFO - Filling up the DagBag from /home/airflow/.local/lib/python3.7/site-packages/airflow/example_dags/example_xcomargs.py
[2022-07-22 14:13:25,527] {processor.py:651} INFO - DAG(s) dict_keys(['example_xcom_args', 'example_xcom_args_with_operators']) retrieved from /home/airflow/.local/lib/python3.7/site-packages/airflow/example_dags/example_xcomargs.py
[2022-07-22 14:13:25,643] {logging_mixin.py:115} INFO - [2022-07-22 14:13:25,643] {dag.py:2420} INFO - Sync 2 DAGs
[2022-07-22 14:13:25,660] {logging_mixin.py:115} INFO - [2022-07-22 14:13:25,660] {dag.py:2972} INFO - Setting next_dagrun for example_xcom_args to None, run_after=None
[2022-07-22 14:13:25,660] {logging_mixin.py:115} INFO - [2022-07-22 14:13:25,660] {dag.py:2972} INFO - Setting next_dagrun for example_xcom_args_with_operators to None, run_after=None
[2022-07-22 14:13:25,672] {processor.py:161} INFO - Processing /home/airflow/.local/lib/python3.7/site-packages/airflow/example_dags/example_xcomargs.py took 0.186 seconds
[2022-07-22 14:14:48,579] {processor.py:153} INFO - Started process (PID=288) to work on /home/airflow/.local/lib/python3.7/site-packages/airflow/example_dags/example_xcomargs.py
[2022-07-22 14:14:48,580] {processor.py:641} INFO - Processing file /home/airflow/.local/lib/python3.7/site-packages/airflow/example_dags/example_xcomargs.py for tasks to queue
[2022-07-22 14:14:48,581] {logging_mixin.py:115} INFO - [2022-07-22 14:14:48,581] {dagbag.py:508} INFO - Filling up the DagBag from /home/airflow/.local/lib/python3.7/site-packages/airflow/example_dags/example_xcomargs.py
[2022-07-22 14:14:48,609] {processor.py:651} INFO - DAG(s) dict_keys(['example_xcom_args', 'example_xcom_args_with_operators']) retrieved from /home/airflow/.local/lib/python3.7/site-packages/airflow/example_dags/example_xcomargs.py
[2022-07-22 14:14:48,704] {logging_mixin.py:115} INFO - [2022-07-22 14:14:48,704] {manager.py:508} INFO - Created Permission View: can read on DAG:example_xcom_args
[2022-07-22 14:14:48,726] {logging_mixin.py:115} INFO - [2022-07-22 14:14:48,726] {manager.py:508} INFO - Created Permission View: can edit on DAG:example_xcom_args
[2022-07-22 14:14:48,741] {logging_mixin.py:115} INFO - [2022-07-22 14:14:48,741] {manager.py:508} INFO - Created Permission View: can delete on DAG:example_xcom_args
[2022-07-22 14:14:48,768] {logging_mixin.py:115} INFO - [2022-07-22 14:14:48,768] {manager.py:508} INFO - Created Permission View: can read on DAG:example_xcom_args_with_operators
[2022-07-22 14:14:48,782] {logging_mixin.py:115} INFO - [2022-07-22 14:14:48,782] {manager.py:508} INFO - Created Permission View: can edit on DAG:example_xcom_args_with_operators
[2022-07-22 14:14:48,795] {logging_mixin.py:115} INFO - [2022-07-22 14:14:48,795] {manager.py:508} INFO - Created Permission View: can delete on DAG:example_xcom_args_with_operators
[2022-07-22 14:14:48,795] {logging_mixin.py:115} INFO - [2022-07-22 14:14:48,795] {dag.py:2420} INFO - Sync 2 DAGs
[2022-07-22 14:14:48,805] {logging_mixin.py:115} INFO - [2022-07-22 14:14:48,804] {dag.py:2439} INFO - Creating ORM DAG for example_xcom_args_with_operators
[2022-07-22 14:14:48,805] {logging_mixin.py:115} INFO - [2022-07-22 14:14:48,805] {dag.py:2439} INFO - Creating ORM DAG for example_xcom_args
[2022-07-22 14:14:48,817] {logging_mixin.py:115} INFO - [2022-07-22 14:14:48,817] {dag.py:2972} INFO - Setting next_dagrun for example_xcom_args to None, run_after=None
[2022-07-22 14:14:48,818] {logging_mixin.py:115} INFO - [2022-07-22 14:14:48,818] {dag.py:2972} INFO - Setting next_dagrun for example_xcom_args_with_operators to None, run_after=None
[2022-07-22 14:14:48,834] {processor.py:161} INFO - Processing /home/airflow/.local/lib/python3.7/site-packages/airflow/example_dags/example_xcomargs.py took 0.260 seconds
[2022-07-22 14:15:19,285] {processor.py:153} INFO - Started process (PID=493) to work on /home/airflow/.local/lib/python3.7/site-packages/airflow/example_dags/example_xcomargs.py
[2022-07-22 14:15:19,287] {processor.py:641} INFO - Processing file /home/airflow/.local/lib/python3.7/site-packages/airflow/example_dags/example_xcomargs.py for tasks to queue
[2022-07-22 14:15:19,288] {logging_mixin.py:115} INFO - [2022-07-22 14:15:19,288] {dagbag.py:508} INFO - Filling up the DagBag from /home/airflow/.local/lib/python3.7/site-packages/airflow/example_dags/example_xcomargs.py
[2022-07-22 14:15:19,321] {processor.py:651} INFO - DAG(s) dict_keys(['example_xcom_args', 'example_xcom_args_with_operators']) retrieved from /home/airflow/.local/lib/python3.7/site-packages/airflow/example_dags/example_xcomargs.py
[2022-07-22 14:15:19,435] {logging_mixin.py:115} INFO - [2022-07-22 14:15:19,435] {dag.py:2420} INFO - Sync 2 DAGs
[2022-07-22 14:15:19,453] {logging_mixin.py:115} INFO - [2022-07-22 14:15:19,453] {dag.py:2972} INFO - Setting next_dagrun for example_xcom_args to None, run_after=None
[2022-07-22 14:15:19,454] {logging_mixin.py:115} INFO - [2022-07-22 14:15:19,454] {dag.py:2972} INFO - Setting next_dagrun for example_xcom_args_with_operators to None, run_after=None
[2022-07-22 14:15:19,479] {processor.py:161} INFO - Processing /home/airflow/.local/lib/python3.7/site-packages/airflow/example_dags/example_xcomargs.py took 0.202 seconds
[2022-07-22 14:15:49,554] {processor.py:153} INFO - Started process (PID=697) to work on /home/airflow/.local/lib/python3.7/site-packages/airflow/example_dags/example_xcomargs.py
[2022-07-22 14:15:49,555] {processor.py:641} INFO - Processing file /home/airflow/.local/lib/python3.7/site-packages/airflow/example_dags/example_xcomargs.py for tasks to queue
[2022-07-22 14:15:49,556] {logging_mixin.py:115} INFO - [2022-07-22 14:15:49,556] {dagbag.py:508} INFO - Filling up the DagBag from /home/airflow/.local/lib/python3.7/site-packages/airflow/example_dags/example_xcomargs.py
[2022-07-22 14:15:49,589] {processor.py:651} INFO - DAG(s) dict_keys(['example_xcom_args', 'example_xcom_args_with_operators']) retrieved from /home/airflow/.local/lib/python3.7/site-packages/airflow/example_dags/example_xcomargs.py
[2022-07-22 14:15:49,702] {logging_mixin.py:115} INFO - [2022-07-22 14:15:49,702] {dag.py:2420} INFO - Sync 2 DAGs
[2022-07-22 14:15:49,736] {logging_mixin.py:115} INFO - [2022-07-22 14:15:49,736] {dag.py:2972} INFO - Setting next_dagrun for example_xcom_args to None, run_after=None
[2022-07-22 14:15:49,737] {logging_mixin.py:115} INFO - [2022-07-22 14:15:49,737] {dag.py:2972} INFO - Setting next_dagrun for example_xcom_args_with_operators to None, run_after=None
[2022-07-22 14:15:49,759] {processor.py:161} INFO - Processing /home/airflow/.local/lib/python3.7/site-packages/airflow/example_dags/example_xcomargs.py took 0.209 seconds
[2022-07-22 14:16:20,136] {processor.py:153} INFO - Started process (PID=909) to work on /home/airflow/.local/lib/python3.7/site-packages/airflow/example_dags/example_xcomargs.py
[2022-07-22 14:16:20,137] {processor.py:641} INFO - Processing file /home/airflow/.local/lib/python3.7/site-packages/airflow/example_dags/example_xcomargs.py for tasks to queue
[2022-07-22 14:16:20,138] {logging_mixin.py:115} INFO - [2022-07-22 14:16:20,138] {dagbag.py:508} INFO - Filling up the DagBag from /home/airflow/.local/lib/python3.7/site-packages/airflow/example_dags/example_xcomargs.py
[2022-07-22 14:16:20,161] {processor.py:651} INFO - DAG(s) dict_keys(['example_xcom_args', 'example_xcom_args_with_operators']) retrieved from /home/airflow/.local/lib/python3.7/site-packages/airflow/example_dags/example_xcomargs.py
[2022-07-22 14:16:20,228] {logging_mixin.py:115} INFO - [2022-07-22 14:16:20,228] {dag.py:2420} INFO - Sync 2 DAGs
[2022-07-22 14:16:20,255] {logging_mixin.py:115} INFO - [2022-07-22 14:16:20,254] {dag.py:2972} INFO - Setting next_dagrun for example_xcom_args to None, run_after=None
[2022-07-22 14:16:20,256] {logging_mixin.py:115} INFO - [2022-07-22 14:16:20,256] {dag.py:2972} INFO - Setting next_dagrun for example_xcom_args_with_operators to None, run_after=None
[2022-07-22 14:16:20,279] {processor.py:161} INFO - Processing /home/airflow/.local/lib/python3.7/site-packages/airflow/example_dags/example_xcomargs.py took 0.148 seconds
[2022-07-22 14:16:50,598] {processor.py:153} INFO - Started process (PID=1100) to work on /home/airflow/.local/lib/python3.7/site-packages/airflow/example_dags/example_xcomargs.py
[2022-07-22 14:16:50,599] {processor.py:641} INFO - Processing file /home/airflow/.local/lib/python3.7/site-packages/airflow/example_dags/example_xcomargs.py for tasks to queue
[2022-07-22 14:16:50,600] {logging_mixin.py:115} INFO - [2022-07-22 14:16:50,600] {dagbag.py:508} INFO - Filling up the DagBag from /home/airflow/.local/lib/python3.7/site-packages/airflow/example_dags/example_xcomargs.py
[2022-07-22 14:16:50,635] {processor.py:651} INFO - DAG(s) dict_keys(['example_xcom_args', 'example_xcom_args_with_operators']) retrieved from /home/airflow/.local/lib/python3.7/site-packages/airflow/example_dags/example_xcomargs.py
[2022-07-22 14:16:50,713] {logging_mixin.py:115} INFO - [2022-07-22 14:16:50,712] {dag.py:2420} INFO - Sync 2 DAGs
[2022-07-22 14:16:50,740] {logging_mixin.py:115} INFO - [2022-07-22 14:16:50,740] {dag.py:2972} INFO - Setting next_dagrun for example_xcom_args to None, run_after=None
[2022-07-22 14:16:50,741] {logging_mixin.py:115} INFO - [2022-07-22 14:16:50,741] {dag.py:2972} INFO - Setting next_dagrun for example_xcom_args_with_operators to None, run_after=None
[2022-07-22 14:16:50,753] {processor.py:161} INFO - Processing /home/airflow/.local/lib/python3.7/site-packages/airflow/example_dags/example_xcomargs.py took 0.161 seconds
[2022-07-22 14:17:20,850] {processor.py:153} INFO - Started process (PID=1302) to work on /home/airflow/.local/lib/python3.7/site-packages/airflow/example_dags/example_xcomargs.py
[2022-07-22 14:17:20,851] {processor.py:641} INFO - Processing file /home/airflow/.local/lib/python3.7/site-packages/airflow/example_dags/example_xcomargs.py for tasks to queue
[2022-07-22 14:17:20,852] {logging_mixin.py:115} INFO - [2022-07-22 14:17:20,852] {dagbag.py:508} INFO - Filling up the DagBag from /home/airflow/.local/lib/python3.7/site-packages/airflow/example_dags/example_xcomargs.py
[2022-07-22 14:17:20,885] {processor.py:651} INFO - DAG(s) dict_keys(['example_xcom_args', 'example_xcom_args_with_operators']) retrieved from /home/airflow/.local/lib/python3.7/site-packages/airflow/example_dags/example_xcomargs.py
[2022-07-22 14:17:21,001] {logging_mixin.py:115} INFO - [2022-07-22 14:17:21,000] {dag.py:2420} INFO - Sync 2 DAGs
[2022-07-22 14:17:21,024] {logging_mixin.py:115} INFO - [2022-07-22 14:17:21,024] {dag.py:2972} INFO - Setting next_dagrun for example_xcom_args to None, run_after=None
[2022-07-22 14:17:21,025] {logging_mixin.py:115} INFO - [2022-07-22 14:17:21,024] {dag.py:2972} INFO - Setting next_dagrun for example_xcom_args_with_operators to None, run_after=None
[2022-07-22 14:17:21,043] {processor.py:161} INFO - Processing /home/airflow/.local/lib/python3.7/site-packages/airflow/example_dags/example_xcomargs.py took 0.198 seconds
[2022-07-22 14:17:51,747] {processor.py:153} INFO - Started process (PID=1504) to work on /home/airflow/.local/lib/python3.7/site-packages/airflow/example_dags/example_xcomargs.py
[2022-07-22 14:17:51,748] {processor.py:641} INFO - Processing file /home/airflow/.local/lib/python3.7/site-packages/airflow/example_dags/example_xcomargs.py for tasks to queue
[2022-07-22 14:17:51,749] {logging_mixin.py:115} INFO - [2022-07-22 14:17:51,749] {dagbag.py:508} INFO - Filling up the DagBag from /home/airflow/.local/lib/python3.7/site-packages/airflow/example_dags/example_xcomargs.py
[2022-07-22 14:17:51,787] {processor.py:651} INFO - DAG(s) dict_keys(['example_xcom_args', 'example_xcom_args_with_operators']) retrieved from /home/airflow/.local/lib/python3.7/site-packages/airflow/example_dags/example_xcomargs.py
[2022-07-22 14:17:51,915] {logging_mixin.py:115} INFO - [2022-07-22 14:17:51,915] {dag.py:2420} INFO - Sync 2 DAGs
[2022-07-22 14:17:51,946] {logging_mixin.py:115} INFO - [2022-07-22 14:17:51,946] {dag.py:2972} INFO - Setting next_dagrun for example_xcom_args to None, run_after=None
[2022-07-22 14:17:51,946] {logging_mixin.py:115} INFO - [2022-07-22 14:17:51,946] {dag.py:2972} INFO - Setting next_dagrun for example_xcom_args_with_operators to None, run_after=None
[2022-07-22 14:17:51,960] {processor.py:161} INFO - Processing /home/airflow/.local/lib/python3.7/site-packages/airflow/example_dags/example_xcomargs.py took 0.220 seconds
[2022-07-22 14:18:22,418] {processor.py:153} INFO - Started process (PID=1698) to work on /home/airflow/.local/lib/python3.7/site-packages/airflow/example_dags/example_xcomargs.py
[2022-07-22 14:18:22,418] {processor.py:641} INFO - Processing file /home/airflow/.local/lib/python3.7/site-packages/airflow/example_dags/example_xcomargs.py for tasks to queue
[2022-07-22 14:18:22,419] {logging_mixin.py:115} INFO - [2022-07-22 14:18:22,419] {dagbag.py:508} INFO - Filling up the DagBag from /home/airflow/.local/lib/python3.7/site-packages/airflow/example_dags/example_xcomargs.py
[2022-07-22 14:18:22,433] {processor.py:651} INFO - DAG(s) dict_keys(['example_xcom_args', 'example_xcom_args_with_operators']) retrieved from /home/airflow/.local/lib/python3.7/site-packages/airflow/example_dags/example_xcomargs.py
[2022-07-22 14:18:22,547] {logging_mixin.py:115} INFO - [2022-07-22 14:18:22,547] {dag.py:2420} INFO - Sync 2 DAGs
[2022-07-22 14:18:22,572] {logging_mixin.py:115} INFO - [2022-07-22 14:18:22,572] {dag.py:2972} INFO - Setting next_dagrun for example_xcom_args to None, run_after=None
[2022-07-22 14:18:22,572] {logging_mixin.py:115} INFO - [2022-07-22 14:18:22,572] {dag.py:2972} INFO - Setting next_dagrun for example_xcom_args_with_operators to None, run_after=None
[2022-07-22 14:18:22,589] {processor.py:161} INFO - Processing /home/airflow/.local/lib/python3.7/site-packages/airflow/example_dags/example_xcomargs.py took 0.174 seconds
[2022-07-22 14:18:52,644] {processor.py:153} INFO - Started process (PID=1900) to work on /home/airflow/.local/lib/python3.7/site-packages/airflow/example_dags/example_xcomargs.py
[2022-07-22 14:18:52,645] {processor.py:641} INFO - Processing file /home/airflow/.local/lib/python3.7/site-packages/airflow/example_dags/example_xcomargs.py for tasks to queue
[2022-07-22 14:18:52,645] {logging_mixin.py:115} INFO - [2022-07-22 14:18:52,645] {dagbag.py:508} INFO - Filling up the DagBag from /home/airflow/.local/lib/python3.7/site-packages/airflow/example_dags/example_xcomargs.py
[2022-07-22 14:18:52,677] {processor.py:651} INFO - DAG(s) dict_keys(['example_xcom_args', 'example_xcom_args_with_operators']) retrieved from /home/airflow/.local/lib/python3.7/site-packages/airflow/example_dags/example_xcomargs.py
[2022-07-22 14:18:52,793] {logging_mixin.py:115} INFO - [2022-07-22 14:18:52,793] {dag.py:2420} INFO - Sync 2 DAGs
[2022-07-22 14:18:52,812] {logging_mixin.py:115} INFO - [2022-07-22 14:18:52,811] {dag.py:2972} INFO - Setting next_dagrun for example_xcom_args to None, run_after=None
[2022-07-22 14:18:52,812] {logging_mixin.py:115} INFO - [2022-07-22 14:18:52,812] {dag.py:2972} INFO - Setting next_dagrun for example_xcom_args_with_operators to None, run_after=None
[2022-07-22 14:18:52,825] {processor.py:161} INFO - Processing /home/airflow/.local/lib/python3.7/site-packages/airflow/example_dags/example_xcomargs.py took 0.183 seconds
[2022-07-22 14:19:23,005] {processor.py:153} INFO - Started process (PID=2107) to work on /home/airflow/.local/lib/python3.7/site-packages/airflow/example_dags/example_xcomargs.py
[2022-07-22 14:19:23,006] {processor.py:641} INFO - Processing file /home/airflow/.local/lib/python3.7/site-packages/airflow/example_dags/example_xcomargs.py for tasks to queue
[2022-07-22 14:19:23,007] {logging_mixin.py:115} INFO - [2022-07-22 14:19:23,007] {dagbag.py:508} INFO - Filling up the DagBag from /home/airflow/.local/lib/python3.7/site-packages/airflow/example_dags/example_xcomargs.py
[2022-07-22 14:19:23,042] {processor.py:651} INFO - DAG(s) dict_keys(['example_xcom_args', 'example_xcom_args_with_operators']) retrieved from /home/airflow/.local/lib/python3.7/site-packages/airflow/example_dags/example_xcomargs.py
[2022-07-22 14:19:23,080] {logging_mixin.py:115} INFO - [2022-07-22 14:19:23,080] {dag.py:2420} INFO - Sync 2 DAGs
[2022-07-22 14:19:23,111] {logging_mixin.py:115} INFO - [2022-07-22 14:19:23,111] {dag.py:2972} INFO - Setting next_dagrun for example_xcom_args to None, run_after=None
[2022-07-22 14:19:23,112] {logging_mixin.py:115} INFO - [2022-07-22 14:19:23,112] {dag.py:2972} INFO - Setting next_dagrun for example_xcom_args_with_operators to None, run_after=None
[2022-07-22 14:19:23,136] {processor.py:161} INFO - Processing /home/airflow/.local/lib/python3.7/site-packages/airflow/example_dags/example_xcomargs.py took 0.136 seconds
[2022-07-22 14:19:53,283] {processor.py:153} INFO - Started process (PID=2293) to work on /home/airflow/.local/lib/python3.7/site-packages/airflow/example_dags/example_xcomargs.py
[2022-07-22 14:19:53,284] {processor.py:641} INFO - Processing file /home/airflow/.local/lib/python3.7/site-packages/airflow/example_dags/example_xcomargs.py for tasks to queue
[2022-07-22 14:19:53,285] {logging_mixin.py:115} INFO - [2022-07-22 14:19:53,285] {dagbag.py:508} INFO - Filling up the DagBag from /home/airflow/.local/lib/python3.7/site-packages/airflow/example_dags/example_xcomargs.py
[2022-07-22 14:19:53,320] {processor.py:651} INFO - DAG(s) dict_keys(['example_xcom_args', 'example_xcom_args_with_operators']) retrieved from /home/airflow/.local/lib/python3.7/site-packages/airflow/example_dags/example_xcomargs.py
[2022-07-22 14:19:53,433] {logging_mixin.py:115} INFO - [2022-07-22 14:19:53,433] {dag.py:2420} INFO - Sync 2 DAGs
[2022-07-22 14:19:53,453] {logging_mixin.py:115} INFO - [2022-07-22 14:19:53,453] {dag.py:2972} INFO - Setting next_dagrun for example_xcom_args to None, run_after=None
[2022-07-22 14:19:53,454] {logging_mixin.py:115} INFO - [2022-07-22 14:19:53,454] {dag.py:2972} INFO - Setting next_dagrun for example_xcom_args_with_operators to None, run_after=None
[2022-07-22 14:19:53,469] {processor.py:161} INFO - Processing /home/airflow/.local/lib/python3.7/site-packages/airflow/example_dags/example_xcomargs.py took 0.192 seconds
[2022-07-22 14:20:23,619] {processor.py:153} INFO - Started process (PID=2495) to work on /home/airflow/.local/lib/python3.7/site-packages/airflow/example_dags/example_xcomargs.py
[2022-07-22 14:20:23,620] {processor.py:641} INFO - Processing file /home/airflow/.local/lib/python3.7/site-packages/airflow/example_dags/example_xcomargs.py for tasks to queue
[2022-07-22 14:20:23,621] {logging_mixin.py:115} INFO - [2022-07-22 14:20:23,621] {dagbag.py:508} INFO - Filling up the DagBag from /home/airflow/.local/lib/python3.7/site-packages/airflow/example_dags/example_xcomargs.py
[2022-07-22 14:20:23,657] {processor.py:651} INFO - DAG(s) dict_keys(['example_xcom_args', 'example_xcom_args_with_operators']) retrieved from /home/airflow/.local/lib/python3.7/site-packages/airflow/example_dags/example_xcomargs.py
[2022-07-22 14:20:23,698] {logging_mixin.py:115} INFO - [2022-07-22 14:20:23,698] {dag.py:2420} INFO - Sync 2 DAGs
[2022-07-22 14:20:23,723] {logging_mixin.py:115} INFO - [2022-07-22 14:20:23,723] {dag.py:2972} INFO - Setting next_dagrun for example_xcom_args to None, run_after=None
[2022-07-22 14:20:23,724] {logging_mixin.py:115} INFO - [2022-07-22 14:20:23,724] {dag.py:2972} INFO - Setting next_dagrun for example_xcom_args_with_operators to None, run_after=None
[2022-07-22 14:20:23,735] {processor.py:161} INFO - Processing /home/airflow/.local/lib/python3.7/site-packages/airflow/example_dags/example_xcomargs.py took 0.121 seconds
[2022-07-22 14:20:54,305] {processor.py:153} INFO - Started process (PID=2697) to work on /home/airflow/.local/lib/python3.7/site-packages/airflow/example_dags/example_xcomargs.py
[2022-07-22 14:20:54,306] {processor.py:641} INFO - Processing file /home/airflow/.local/lib/python3.7/site-packages/airflow/example_dags/example_xcomargs.py for tasks to queue
[2022-07-22 14:20:54,307] {logging_mixin.py:115} INFO - [2022-07-22 14:20:54,307] {dagbag.py:508} INFO - Filling up the DagBag from /home/airflow/.local/lib/python3.7/site-packages/airflow/example_dags/example_xcomargs.py
[2022-07-22 14:20:54,348] {processor.py:651} INFO - DAG(s) dict_keys(['example_xcom_args', 'example_xcom_args_with_operators']) retrieved from /home/airflow/.local/lib/python3.7/site-packages/airflow/example_dags/example_xcomargs.py
[2022-07-22 14:20:54,463] {logging_mixin.py:115} INFO - [2022-07-22 14:20:54,463] {dag.py:2420} INFO - Sync 2 DAGs
[2022-07-22 14:20:54,480] {logging_mixin.py:115} INFO - [2022-07-22 14:20:54,480] {dag.py:2972} INFO - Setting next_dagrun for example_xcom_args to None, run_after=None
[2022-07-22 14:20:54,481] {logging_mixin.py:115} INFO - [2022-07-22 14:20:54,480] {dag.py:2972} INFO - Setting next_dagrun for example_xcom_args_with_operators to None, run_after=None
[2022-07-22 14:20:54,494] {processor.py:161} INFO - Processing /home/airflow/.local/lib/python3.7/site-packages/airflow/example_dags/example_xcomargs.py took 0.193 seconds
[2022-07-22 14:21:24,569] {processor.py:153} INFO - Started process (PID=2895) to work on /home/airflow/.local/lib/python3.7/site-packages/airflow/example_dags/example_xcomargs.py
[2022-07-22 14:21:24,570] {processor.py:641} INFO - Processing file /home/airflow/.local/lib/python3.7/site-packages/airflow/example_dags/example_xcomargs.py for tasks to queue
[2022-07-22 14:21:24,572] {logging_mixin.py:115} INFO - [2022-07-22 14:21:24,571] {dagbag.py:508} INFO - Filling up the DagBag from /home/airflow/.local/lib/python3.7/site-packages/airflow/example_dags/example_xcomargs.py
[2022-07-22 14:21:24,610] {processor.py:651} INFO - DAG(s) dict_keys(['example_xcom_args', 'example_xcom_args_with_operators']) retrieved from /home/airflow/.local/lib/python3.7/site-packages/airflow/example_dags/example_xcomargs.py
[2022-07-22 14:21:24,722] {logging_mixin.py:115} INFO - [2022-07-22 14:21:24,722] {dag.py:2420} INFO - Sync 2 DAGs
[2022-07-22 14:21:24,739] {logging_mixin.py:115} INFO - [2022-07-22 14:21:24,739] {dag.py:2972} INFO - Setting next_dagrun for example_xcom_args to None, run_after=None
[2022-07-22 14:21:24,739] {logging_mixin.py:115} INFO - [2022-07-22 14:21:24,739] {dag.py:2972} INFO - Setting next_dagrun for example_xcom_args_with_operators to None, run_after=None
[2022-07-22 14:21:24,757] {processor.py:161} INFO - Processing /home/airflow/.local/lib/python3.7/site-packages/airflow/example_dags/example_xcomargs.py took 0.194 seconds
[2022-07-22 14:21:55,841] {processor.py:153} INFO - Started process (PID=3092) to work on /home/airflow/.local/lib/python3.7/site-packages/airflow/example_dags/example_xcomargs.py
[2022-07-22 14:21:55,842] {processor.py:641} INFO - Processing file /home/airflow/.local/lib/python3.7/site-packages/airflow/example_dags/example_xcomargs.py for tasks to queue
[2022-07-22 14:21:55,842] {logging_mixin.py:115} INFO - [2022-07-22 14:21:55,842] {dagbag.py:508} INFO - Filling up the DagBag from /home/airflow/.local/lib/python3.7/site-packages/airflow/example_dags/example_xcomargs.py
[2022-07-22 14:21:55,858] {processor.py:651} INFO - DAG(s) dict_keys(['example_xcom_args', 'example_xcom_args_with_operators']) retrieved from /home/airflow/.local/lib/python3.7/site-packages/airflow/example_dags/example_xcomargs.py
[2022-07-22 14:21:55,961] {logging_mixin.py:115} INFO - [2022-07-22 14:21:55,961] {dag.py:2420} INFO - Sync 2 DAGs
[2022-07-22 14:21:55,979] {logging_mixin.py:115} INFO - [2022-07-22 14:21:55,979] {dag.py:2972} INFO - Setting next_dagrun for example_xcom_args to None, run_after=None
[2022-07-22 14:21:55,980] {logging_mixin.py:115} INFO - [2022-07-22 14:21:55,980] {dag.py:2972} INFO - Setting next_dagrun for example_xcom_args_with_operators to None, run_after=None
[2022-07-22 14:21:55,993] {processor.py:161} INFO - Processing /home/airflow/.local/lib/python3.7/site-packages/airflow/example_dags/example_xcomargs.py took 0.154 seconds
[2022-07-22 14:22:26,339] {processor.py:153} INFO - Started process (PID=3294) to work on /home/airflow/.local/lib/python3.7/site-packages/airflow/example_dags/example_xcomargs.py
[2022-07-22 14:22:26,340] {processor.py:641} INFO - Processing file /home/airflow/.local/lib/python3.7/site-packages/airflow/example_dags/example_xcomargs.py for tasks to queue
[2022-07-22 14:22:26,341] {logging_mixin.py:115} INFO - [2022-07-22 14:22:26,341] {dagbag.py:508} INFO - Filling up the DagBag from /home/airflow/.local/lib/python3.7/site-packages/airflow/example_dags/example_xcomargs.py
[2022-07-22 14:22:26,380] {processor.py:651} INFO - DAG(s) dict_keys(['example_xcom_args', 'example_xcom_args_with_operators']) retrieved from /home/airflow/.local/lib/python3.7/site-packages/airflow/example_dags/example_xcomargs.py
[2022-07-22 14:22:26,492] {logging_mixin.py:115} INFO - [2022-07-22 14:22:26,492] {dag.py:2420} INFO - Sync 2 DAGs
[2022-07-22 14:22:26,512] {logging_mixin.py:115} INFO - [2022-07-22 14:22:26,511] {dag.py:2972} INFO - Setting next_dagrun for example_xcom_args to None, run_after=None
[2022-07-22 14:22:26,512] {logging_mixin.py:115} INFO - [2022-07-22 14:22:26,512] {dag.py:2972} INFO - Setting next_dagrun for example_xcom_args_with_operators to None, run_after=None
[2022-07-22 14:22:26,531] {processor.py:161} INFO - Processing /home/airflow/.local/lib/python3.7/site-packages/airflow/example_dags/example_xcomargs.py took 0.198 seconds
[2022-07-22 14:22:56,676] {processor.py:153} INFO - Started process (PID=3489) to work on /home/airflow/.local/lib/python3.7/site-packages/airflow/example_dags/example_xcomargs.py
[2022-07-22 14:22:56,677] {processor.py:641} INFO - Processing file /home/airflow/.local/lib/python3.7/site-packages/airflow/example_dags/example_xcomargs.py for tasks to queue
[2022-07-22 14:22:56,677] {logging_mixin.py:115} INFO - [2022-07-22 14:22:56,677] {dagbag.py:508} INFO - Filling up the DagBag from /home/airflow/.local/lib/python3.7/site-packages/airflow/example_dags/example_xcomargs.py
[2022-07-22 14:22:56,720] {processor.py:651} INFO - DAG(s) dict_keys(['example_xcom_args', 'example_xcom_args_with_operators']) retrieved from /home/airflow/.local/lib/python3.7/site-packages/airflow/example_dags/example_xcomargs.py
[2022-07-22 14:22:56,828] {logging_mixin.py:115} INFO - [2022-07-22 14:22:56,828] {dag.py:2420} INFO - Sync 2 DAGs
[2022-07-22 14:22:56,851] {logging_mixin.py:115} INFO - [2022-07-22 14:22:56,851] {dag.py:2972} INFO - Setting next_dagrun for example_xcom_args to None, run_after=None
[2022-07-22 14:22:56,852] {logging_mixin.py:115} INFO - [2022-07-22 14:22:56,852] {dag.py:2972} INFO - Setting next_dagrun for example_xcom_args_with_operators to None, run_after=None
[2022-07-22 14:22:56,871] {processor.py:161} INFO - Processing /home/airflow/.local/lib/python3.7/site-packages/airflow/example_dags/example_xcomargs.py took 0.200 seconds
[2022-07-22 14:23:27,049] {processor.py:153} INFO - Started process (PID=3688) to work on /home/airflow/.local/lib/python3.7/site-packages/airflow/example_dags/example_xcomargs.py
[2022-07-22 14:23:27,050] {processor.py:641} INFO - Processing file /home/airflow/.local/lib/python3.7/site-packages/airflow/example_dags/example_xcomargs.py for tasks to queue
[2022-07-22 14:23:27,052] {logging_mixin.py:115} INFO - [2022-07-22 14:23:27,051] {dagbag.py:508} INFO - Filling up the DagBag from /home/airflow/.local/lib/python3.7/site-packages/airflow/example_dags/example_xcomargs.py
[2022-07-22 14:23:27,090] {processor.py:651} INFO - DAG(s) dict_keys(['example_xcom_args', 'example_xcom_args_with_operators']) retrieved from /home/airflow/.local/lib/python3.7/site-packages/airflow/example_dags/example_xcomargs.py
[2022-07-22 14:23:27,223] {logging_mixin.py:115} INFO - [2022-07-22 14:23:27,223] {dag.py:2420} INFO - Sync 2 DAGs
[2022-07-22 14:23:27,239] {logging_mixin.py:115} INFO - [2022-07-22 14:23:27,239] {dag.py:2972} INFO - Setting next_dagrun for example_xcom_args to None, run_after=None
[2022-07-22 14:23:27,240] {logging_mixin.py:115} INFO - [2022-07-22 14:23:27,240] {dag.py:2972} INFO - Setting next_dagrun for example_xcom_args_with_operators to None, run_after=None
[2022-07-22 14:23:27,251] {processor.py:161} INFO - Processing /home/airflow/.local/lib/python3.7/site-packages/airflow/example_dags/example_xcomargs.py took 0.207 seconds
[2022-07-22 14:23:57,455] {processor.py:153} INFO - Started process (PID=3890) to work on /home/airflow/.local/lib/python3.7/site-packages/airflow/example_dags/example_xcomargs.py
[2022-07-22 14:23:57,457] {processor.py:641} INFO - Processing file /home/airflow/.local/lib/python3.7/site-packages/airflow/example_dags/example_xcomargs.py for tasks to queue
[2022-07-22 14:23:57,458] {logging_mixin.py:115} INFO - [2022-07-22 14:23:57,458] {dagbag.py:508} INFO - Filling up the DagBag from /home/airflow/.local/lib/python3.7/site-packages/airflow/example_dags/example_xcomargs.py
[2022-07-22 14:23:57,500] {processor.py:651} INFO - DAG(s) dict_keys(['example_xcom_args', 'example_xcom_args_with_operators']) retrieved from /home/airflow/.local/lib/python3.7/site-packages/airflow/example_dags/example_xcomargs.py
[2022-07-22 14:23:57,598] {logging_mixin.py:115} INFO - [2022-07-22 14:23:57,598] {dag.py:2420} INFO - Sync 2 DAGs
[2022-07-22 14:23:57,615] {logging_mixin.py:115} INFO - [2022-07-22 14:23:57,615] {dag.py:2972} INFO - Setting next_dagrun for example_xcom_args to None, run_after=None
[2022-07-22 14:23:57,615] {logging_mixin.py:115} INFO - [2022-07-22 14:23:57,615] {dag.py:2972} INFO - Setting next_dagrun for example_xcom_args_with_operators to None, run_after=None
[2022-07-22 14:23:57,627] {processor.py:161} INFO - Processing /home/airflow/.local/lib/python3.7/site-packages/airflow/example_dags/example_xcomargs.py took 0.178 seconds
[2022-07-22 14:24:27,891] {processor.py:153} INFO - Started process (PID=4092) to work on /home/airflow/.local/lib/python3.7/site-packages/airflow/example_dags/example_xcomargs.py
[2022-07-22 14:24:27,892] {processor.py:641} INFO - Processing file /home/airflow/.local/lib/python3.7/site-packages/airflow/example_dags/example_xcomargs.py for tasks to queue
[2022-07-22 14:24:27,893] {logging_mixin.py:115} INFO - [2022-07-22 14:24:27,893] {dagbag.py:508} INFO - Filling up the DagBag from /home/airflow/.local/lib/python3.7/site-packages/airflow/example_dags/example_xcomargs.py
[2022-07-22 14:24:27,914] {processor.py:651} INFO - DAG(s) dict_keys(['example_xcom_args', 'example_xcom_args_with_operators']) retrieved from /home/airflow/.local/lib/python3.7/site-packages/airflow/example_dags/example_xcomargs.py
[2022-07-22 14:24:28,022] {logging_mixin.py:115} INFO - [2022-07-22 14:24:28,022] {dag.py:2420} INFO - Sync 2 DAGs
[2022-07-22 14:24:28,039] {logging_mixin.py:115} INFO - [2022-07-22 14:24:28,039] {dag.py:2972} INFO - Setting next_dagrun for example_xcom_args to None, run_after=None
[2022-07-22 14:24:28,040] {logging_mixin.py:115} INFO - [2022-07-22 14:24:28,040] {dag.py:2972} INFO - Setting next_dagrun for example_xcom_args_with_operators to None, run_after=None
[2022-07-22 14:24:28,055] {processor.py:161} INFO - Processing /home/airflow/.local/lib/python3.7/site-packages/airflow/example_dags/example_xcomargs.py took 0.167 seconds
[2022-07-22 14:24:58,322] {processor.py:153} INFO - Started process (PID=4287) to work on /home/airflow/.local/lib/python3.7/site-packages/airflow/example_dags/example_xcomargs.py
[2022-07-22 14:24:58,323] {processor.py:641} INFO - Processing file /home/airflow/.local/lib/python3.7/site-packages/airflow/example_dags/example_xcomargs.py for tasks to queue
[2022-07-22 14:24:58,324] {logging_mixin.py:115} INFO - [2022-07-22 14:24:58,324] {dagbag.py:508} INFO - Filling up the DagBag from /home/airflow/.local/lib/python3.7/site-packages/airflow/example_dags/example_xcomargs.py
[2022-07-22 14:24:58,358] {processor.py:651} INFO - DAG(s) dict_keys(['example_xcom_args', 'example_xcom_args_with_operators']) retrieved from /home/airflow/.local/lib/python3.7/site-packages/airflow/example_dags/example_xcomargs.py
[2022-07-22 14:24:58,485] {logging_mixin.py:115} INFO - [2022-07-22 14:24:58,485] {dag.py:2420} INFO - Sync 2 DAGs
[2022-07-22 14:24:58,503] {logging_mixin.py:115} INFO - [2022-07-22 14:24:58,502] {dag.py:2972} INFO - Setting next_dagrun for example_xcom_args to None, run_after=None
[2022-07-22 14:24:58,503] {logging_mixin.py:115} INFO - [2022-07-22 14:24:58,503] {dag.py:2972} INFO - Setting next_dagrun for example_xcom_args_with_operators to None, run_after=None
[2022-07-22 14:24:58,516] {processor.py:161} INFO - Processing /home/airflow/.local/lib/python3.7/site-packages/airflow/example_dags/example_xcomargs.py took 0.199 seconds
[2022-07-22 14:25:28,654] {processor.py:153} INFO - Started process (PID=4487) to work on /home/airflow/.local/lib/python3.7/site-packages/airflow/example_dags/example_xcomargs.py
[2022-07-22 14:25:28,655] {processor.py:641} INFO - Processing file /home/airflow/.local/lib/python3.7/site-packages/airflow/example_dags/example_xcomargs.py for tasks to queue
[2022-07-22 14:25:28,656] {logging_mixin.py:115} INFO - [2022-07-22 14:25:28,656] {dagbag.py:508} INFO - Filling up the DagBag from /home/airflow/.local/lib/python3.7/site-packages/airflow/example_dags/example_xcomargs.py
[2022-07-22 14:25:28,696] {processor.py:651} INFO - DAG(s) dict_keys(['example_xcom_args', 'example_xcom_args_with_operators']) retrieved from /home/airflow/.local/lib/python3.7/site-packages/airflow/example_dags/example_xcomargs.py
[2022-07-22 14:25:28,783] {logging_mixin.py:115} INFO - [2022-07-22 14:25:28,783] {dag.py:2420} INFO - Sync 2 DAGs
[2022-07-22 14:25:28,807] {logging_mixin.py:115} INFO - [2022-07-22 14:25:28,807] {dag.py:2972} INFO - Setting next_dagrun for example_xcom_args to None, run_after=None
[2022-07-22 14:25:28,807] {logging_mixin.py:115} INFO - [2022-07-22 14:25:28,807] {dag.py:2972} INFO - Setting next_dagrun for example_xcom_args_with_operators to None, run_after=None
[2022-07-22 14:25:28,826] {processor.py:161} INFO - Processing /home/airflow/.local/lib/python3.7/site-packages/airflow/example_dags/example_xcomargs.py took 0.178 seconds
[2022-07-22 14:25:58,881] {processor.py:153} INFO - Started process (PID=4689) to work on /home/airflow/.local/lib/python3.7/site-packages/airflow/example_dags/example_xcomargs.py
[2022-07-22 14:25:58,881] {processor.py:641} INFO - Processing file /home/airflow/.local/lib/python3.7/site-packages/airflow/example_dags/example_xcomargs.py for tasks to queue
[2022-07-22 14:25:58,882] {logging_mixin.py:115} INFO - [2022-07-22 14:25:58,882] {dagbag.py:508} INFO - Filling up the DagBag from /home/airflow/.local/lib/python3.7/site-packages/airflow/example_dags/example_xcomargs.py
[2022-07-22 14:25:58,898] {processor.py:651} INFO - DAG(s) dict_keys(['example_xcom_args', 'example_xcom_args_with_operators']) retrieved from /home/airflow/.local/lib/python3.7/site-packages/airflow/example_dags/example_xcomargs.py
[2022-07-22 14:25:58,948] {logging_mixin.py:115} INFO - [2022-07-22 14:25:58,948] {dag.py:2420} INFO - Sync 2 DAGs
[2022-07-22 14:25:58,981] {logging_mixin.py:115} INFO - [2022-07-22 14:25:58,981] {dag.py:2972} INFO - Setting next_dagrun for example_xcom_args to None, run_after=None
[2022-07-22 14:25:58,982] {logging_mixin.py:115} INFO - [2022-07-22 14:25:58,981] {dag.py:2972} INFO - Setting next_dagrun for example_xcom_args_with_operators to None, run_after=None
[2022-07-22 14:25:59,001] {processor.py:161} INFO - Processing /home/airflow/.local/lib/python3.7/site-packages/airflow/example_dags/example_xcomargs.py took 0.123 seconds
[2022-07-22 14:26:29,604] {processor.py:153} INFO - Started process (PID=4882) to work on /home/airflow/.local/lib/python3.7/site-packages/airflow/example_dags/example_xcomargs.py
[2022-07-22 14:26:29,605] {processor.py:641} INFO - Processing file /home/airflow/.local/lib/python3.7/site-packages/airflow/example_dags/example_xcomargs.py for tasks to queue
[2022-07-22 14:26:29,606] {logging_mixin.py:115} INFO - [2022-07-22 14:26:29,606] {dagbag.py:508} INFO - Filling up the DagBag from /home/airflow/.local/lib/python3.7/site-packages/airflow/example_dags/example_xcomargs.py
[2022-07-22 14:26:29,628] {processor.py:651} INFO - DAG(s) dict_keys(['example_xcom_args', 'example_xcom_args_with_operators']) retrieved from /home/airflow/.local/lib/python3.7/site-packages/airflow/example_dags/example_xcomargs.py
[2022-07-22 14:26:29,669] {logging_mixin.py:115} INFO - [2022-07-22 14:26:29,668] {dag.py:2420} INFO - Sync 2 DAGs
[2022-07-22 14:26:29,696] {logging_mixin.py:115} INFO - [2022-07-22 14:26:29,696] {dag.py:2972} INFO - Setting next_dagrun for example_xcom_args to None, run_after=None
[2022-07-22 14:26:29,696] {logging_mixin.py:115} INFO - [2022-07-22 14:26:29,696] {dag.py:2972} INFO - Setting next_dagrun for example_xcom_args_with_operators to None, run_after=None
[2022-07-22 14:26:29,707] {processor.py:161} INFO - Processing /home/airflow/.local/lib/python3.7/site-packages/airflow/example_dags/example_xcomargs.py took 0.109 seconds
[2022-07-22 14:27:00,240] {processor.py:153} INFO - Started process (PID=5085) to work on /home/airflow/.local/lib/python3.7/site-packages/airflow/example_dags/example_xcomargs.py
[2022-07-22 14:27:00,241] {processor.py:641} INFO - Processing file /home/airflow/.local/lib/python3.7/site-packages/airflow/example_dags/example_xcomargs.py for tasks to queue
[2022-07-22 14:27:00,241] {logging_mixin.py:115} INFO - [2022-07-22 14:27:00,241] {dagbag.py:508} INFO - Filling up the DagBag from /home/airflow/.local/lib/python3.7/site-packages/airflow/example_dags/example_xcomargs.py
[2022-07-22 14:27:00,255] {processor.py:651} INFO - DAG(s) dict_keys(['example_xcom_args', 'example_xcom_args_with_operators']) retrieved from /home/airflow/.local/lib/python3.7/site-packages/airflow/example_dags/example_xcomargs.py
[2022-07-22 14:27:00,305] {logging_mixin.py:115} INFO - [2022-07-22 14:27:00,305] {dag.py:2420} INFO - Sync 2 DAGs
[2022-07-22 14:27:00,347] {logging_mixin.py:115} INFO - [2022-07-22 14:27:00,346] {dag.py:2972} INFO - Setting next_dagrun for example_xcom_args to None, run_after=None
[2022-07-22 14:27:00,347] {logging_mixin.py:115} INFO - [2022-07-22 14:27:00,347] {dag.py:2972} INFO - Setting next_dagrun for example_xcom_args_with_operators to None, run_after=None
[2022-07-22 14:27:00,368] {processor.py:161} INFO - Processing /home/airflow/.local/lib/python3.7/site-packages/airflow/example_dags/example_xcomargs.py took 0.130 seconds
[2022-07-22 14:27:30,899] {processor.py:153} INFO - Started process (PID=5287) to work on /home/airflow/.local/lib/python3.7/site-packages/airflow/example_dags/example_xcomargs.py
[2022-07-22 14:27:30,900] {processor.py:641} INFO - Processing file /home/airflow/.local/lib/python3.7/site-packages/airflow/example_dags/example_xcomargs.py for tasks to queue
[2022-07-22 14:27:30,901] {logging_mixin.py:115} INFO - [2022-07-22 14:27:30,901] {dagbag.py:508} INFO - Filling up the DagBag from /home/airflow/.local/lib/python3.7/site-packages/airflow/example_dags/example_xcomargs.py
[2022-07-22 14:27:30,933] {processor.py:651} INFO - DAG(s) dict_keys(['example_xcom_args', 'example_xcom_args_with_operators']) retrieved from /home/airflow/.local/lib/python3.7/site-packages/airflow/example_dags/example_xcomargs.py
[2022-07-22 14:27:30,963] {logging_mixin.py:115} INFO - [2022-07-22 14:27:30,963] {dag.py:2420} INFO - Sync 2 DAGs
[2022-07-22 14:27:30,997] {logging_mixin.py:115} INFO - [2022-07-22 14:27:30,997] {dag.py:2972} INFO - Setting next_dagrun for example_xcom_args to None, run_after=None
[2022-07-22 14:27:30,998] {logging_mixin.py:115} INFO - [2022-07-22 14:27:30,998] {dag.py:2972} INFO - Setting next_dagrun for example_xcom_args_with_operators to None, run_after=None
[2022-07-22 14:27:31,008] {processor.py:161} INFO - Processing /home/airflow/.local/lib/python3.7/site-packages/airflow/example_dags/example_xcomargs.py took 0.116 seconds
[2022-07-22 14:28:01,976] {processor.py:153} INFO - Started process (PID=5480) to work on /home/airflow/.local/lib/python3.7/site-packages/airflow/example_dags/example_xcomargs.py
[2022-07-22 14:28:01,977] {processor.py:641} INFO - Processing file /home/airflow/.local/lib/python3.7/site-packages/airflow/example_dags/example_xcomargs.py for tasks to queue
[2022-07-22 14:28:01,979] {logging_mixin.py:115} INFO - [2022-07-22 14:28:01,978] {dagbag.py:508} INFO - Filling up the DagBag from /home/airflow/.local/lib/python3.7/site-packages/airflow/example_dags/example_xcomargs.py
[2022-07-22 14:28:02,015] {processor.py:651} INFO - DAG(s) dict_keys(['example_xcom_args', 'example_xcom_args_with_operators']) retrieved from /home/airflow/.local/lib/python3.7/site-packages/airflow/example_dags/example_xcomargs.py
[2022-07-22 14:28:02,135] {logging_mixin.py:115} INFO - [2022-07-22 14:28:02,135] {dag.py:2420} INFO - Sync 2 DAGs
[2022-07-22 14:28:02,151] {logging_mixin.py:115} INFO - [2022-07-22 14:28:02,151] {dag.py:2972} INFO - Setting next_dagrun for example_xcom_args to None, run_after=None
[2022-07-22 14:28:02,151] {logging_mixin.py:115} INFO - [2022-07-22 14:28:02,151] {dag.py:2972} INFO - Setting next_dagrun for example_xcom_args_with_operators to None, run_after=None
[2022-07-22 14:28:02,169] {processor.py:161} INFO - Processing /home/airflow/.local/lib/python3.7/site-packages/airflow/example_dags/example_xcomargs.py took 0.199 seconds
[2022-07-22 14:28:32,219] {processor.py:153} INFO - Started process (PID=5684) to work on /home/airflow/.local/lib/python3.7/site-packages/airflow/example_dags/example_xcomargs.py
[2022-07-22 14:28:32,219] {processor.py:641} INFO - Processing file /home/airflow/.local/lib/python3.7/site-packages/airflow/example_dags/example_xcomargs.py for tasks to queue
[2022-07-22 14:28:32,220] {logging_mixin.py:115} INFO - [2022-07-22 14:28:32,220] {dagbag.py:508} INFO - Filling up the DagBag from /home/airflow/.local/lib/python3.7/site-packages/airflow/example_dags/example_xcomargs.py
[2022-07-22 14:28:32,241] {processor.py:651} INFO - DAG(s) dict_keys(['example_xcom_args', 'example_xcom_args_with_operators']) retrieved from /home/airflow/.local/lib/python3.7/site-packages/airflow/example_dags/example_xcomargs.py
[2022-07-22 14:28:32,309] {logging_mixin.py:115} INFO - [2022-07-22 14:28:32,309] {dag.py:2420} INFO - Sync 2 DAGs
[2022-07-22 14:28:32,328] {logging_mixin.py:115} INFO - [2022-07-22 14:28:32,328] {dag.py:2972} INFO - Setting next_dagrun for example_xcom_args to None, run_after=None
[2022-07-22 14:28:32,329] {logging_mixin.py:115} INFO - [2022-07-22 14:28:32,328] {dag.py:2972} INFO - Setting next_dagrun for example_xcom_args_with_operators to None, run_after=None
[2022-07-22 14:28:32,349] {processor.py:161} INFO - Processing /home/airflow/.local/lib/python3.7/site-packages/airflow/example_dags/example_xcomargs.py took 0.134 seconds
[2022-07-22 14:29:51,672] {processor.py:153} INFO - Started process (PID=286) to work on /home/airflow/.local/lib/python3.7/site-packages/airflow/example_dags/example_xcomargs.py
[2022-07-22 14:29:51,673] {processor.py:641} INFO - Processing file /home/airflow/.local/lib/python3.7/site-packages/airflow/example_dags/example_xcomargs.py for tasks to queue
[2022-07-22 14:29:51,674] {logging_mixin.py:115} INFO - [2022-07-22 14:29:51,674] {dagbag.py:508} INFO - Filling up the DagBag from /home/airflow/.local/lib/python3.7/site-packages/airflow/example_dags/example_xcomargs.py
[2022-07-22 14:29:51,697] {processor.py:651} INFO - DAG(s) dict_keys(['example_xcom_args', 'example_xcom_args_with_operators']) retrieved from /home/airflow/.local/lib/python3.7/site-packages/airflow/example_dags/example_xcomargs.py
[2022-07-22 14:29:51,803] {logging_mixin.py:115} INFO - [2022-07-22 14:29:51,803] {dag.py:2420} INFO - Sync 2 DAGs
[2022-07-22 14:29:51,830] {logging_mixin.py:115} INFO - [2022-07-22 14:29:51,829] {dag.py:2972} INFO - Setting next_dagrun for example_xcom_args to None, run_after=None
[2022-07-22 14:29:51,830] {logging_mixin.py:115} INFO - [2022-07-22 14:29:51,830] {dag.py:2972} INFO - Setting next_dagrun for example_xcom_args_with_operators to None, run_after=None
[2022-07-22 14:29:51,851] {processor.py:161} INFO - Processing /home/airflow/.local/lib/python3.7/site-packages/airflow/example_dags/example_xcomargs.py took 0.182 seconds
[2022-07-22 14:30:22,485] {processor.py:153} INFO - Started process (PID=491) to work on /home/airflow/.local/lib/python3.7/site-packages/airflow/example_dags/example_xcomargs.py
[2022-07-22 14:30:22,486] {processor.py:641} INFO - Processing file /home/airflow/.local/lib/python3.7/site-packages/airflow/example_dags/example_xcomargs.py for tasks to queue
[2022-07-22 14:30:22,486] {logging_mixin.py:115} INFO - [2022-07-22 14:30:22,486] {dagbag.py:508} INFO - Filling up the DagBag from /home/airflow/.local/lib/python3.7/site-packages/airflow/example_dags/example_xcomargs.py
[2022-07-22 14:30:22,502] {processor.py:651} INFO - DAG(s) dict_keys(['example_xcom_args', 'example_xcom_args_with_operators']) retrieved from /home/airflow/.local/lib/python3.7/site-packages/airflow/example_dags/example_xcomargs.py
[2022-07-22 14:30:22,585] {logging_mixin.py:115} INFO - [2022-07-22 14:30:22,584] {dag.py:2420} INFO - Sync 2 DAGs
[2022-07-22 14:30:22,610] {logging_mixin.py:115} INFO - [2022-07-22 14:30:22,610] {dag.py:2972} INFO - Setting next_dagrun for example_xcom_args to None, run_after=None
[2022-07-22 14:30:22,610] {logging_mixin.py:115} INFO - [2022-07-22 14:30:22,610] {dag.py:2972} INFO - Setting next_dagrun for example_xcom_args_with_operators to None, run_after=None
[2022-07-22 14:30:22,623] {processor.py:161} INFO - Processing /home/airflow/.local/lib/python3.7/site-packages/airflow/example_dags/example_xcomargs.py took 0.140 seconds
[2022-07-22 14:30:53,196] {processor.py:153} INFO - Started process (PID=693) to work on /home/airflow/.local/lib/python3.7/site-packages/airflow/example_dags/example_xcomargs.py
[2022-07-22 14:30:53,197] {processor.py:641} INFO - Processing file /home/airflow/.local/lib/python3.7/site-packages/airflow/example_dags/example_xcomargs.py for tasks to queue
[2022-07-22 14:30:53,197] {logging_mixin.py:115} INFO - [2022-07-22 14:30:53,197] {dagbag.py:508} INFO - Filling up the DagBag from /home/airflow/.local/lib/python3.7/site-packages/airflow/example_dags/example_xcomargs.py
[2022-07-22 14:30:53,212] {processor.py:651} INFO - DAG(s) dict_keys(['example_xcom_args', 'example_xcom_args_with_operators']) retrieved from /home/airflow/.local/lib/python3.7/site-packages/airflow/example_dags/example_xcomargs.py
[2022-07-22 14:30:53,310] {logging_mixin.py:115} INFO - [2022-07-22 14:30:53,310] {dag.py:2420} INFO - Sync 2 DAGs
[2022-07-22 14:30:53,327] {logging_mixin.py:115} INFO - [2022-07-22 14:30:53,326] {dag.py:2972} INFO - Setting next_dagrun for example_xcom_args to None, run_after=None
[2022-07-22 14:30:53,327] {logging_mixin.py:115} INFO - [2022-07-22 14:30:53,327] {dag.py:2972} INFO - Setting next_dagrun for example_xcom_args_with_operators to None, run_after=None
[2022-07-22 14:30:53,341] {processor.py:161} INFO - Processing /home/airflow/.local/lib/python3.7/site-packages/airflow/example_dags/example_xcomargs.py took 0.147 seconds
[2022-07-22 14:31:23,970] {processor.py:153} INFO - Started process (PID=895) to work on /home/airflow/.local/lib/python3.7/site-packages/airflow/example_dags/example_xcomargs.py
[2022-07-22 14:31:23,972] {processor.py:641} INFO - Processing file /home/airflow/.local/lib/python3.7/site-packages/airflow/example_dags/example_xcomargs.py for tasks to queue
[2022-07-22 14:31:23,974] {logging_mixin.py:115} INFO - [2022-07-22 14:31:23,974] {dagbag.py:508} INFO - Filling up the DagBag from /home/airflow/.local/lib/python3.7/site-packages/airflow/example_dags/example_xcomargs.py
[2022-07-22 14:31:24,019] {processor.py:651} INFO - DAG(s) dict_keys(['example_xcom_args', 'example_xcom_args_with_operators']) retrieved from /home/airflow/.local/lib/python3.7/site-packages/airflow/example_dags/example_xcomargs.py
[2022-07-22 14:31:24,061] {logging_mixin.py:115} INFO - [2022-07-22 14:31:24,061] {dag.py:2420} INFO - Sync 2 DAGs
[2022-07-22 14:31:24,105] {logging_mixin.py:115} INFO - [2022-07-22 14:31:24,105] {dag.py:2972} INFO - Setting next_dagrun for example_xcom_args to None, run_after=None
[2022-07-22 14:31:24,106] {logging_mixin.py:115} INFO - [2022-07-22 14:31:24,106] {dag.py:2972} INFO - Setting next_dagrun for example_xcom_args_with_operators to None, run_after=None
[2022-07-22 14:31:24,124] {processor.py:161} INFO - Processing /home/airflow/.local/lib/python3.7/site-packages/airflow/example_dags/example_xcomargs.py took 0.162 seconds
[2022-07-22 14:31:54,732] {processor.py:153} INFO - Started process (PID=1088) to work on /home/airflow/.local/lib/python3.7/site-packages/airflow/example_dags/example_xcomargs.py
[2022-07-22 14:31:54,734] {processor.py:641} INFO - Processing file /home/airflow/.local/lib/python3.7/site-packages/airflow/example_dags/example_xcomargs.py for tasks to queue
[2022-07-22 14:31:54,735] {logging_mixin.py:115} INFO - [2022-07-22 14:31:54,734] {dagbag.py:508} INFO - Filling up the DagBag from /home/airflow/.local/lib/python3.7/site-packages/airflow/example_dags/example_xcomargs.py
[2022-07-22 14:31:54,775] {processor.py:651} INFO - DAG(s) dict_keys(['example_xcom_args', 'example_xcom_args_with_operators']) retrieved from /home/airflow/.local/lib/python3.7/site-packages/airflow/example_dags/example_xcomargs.py
[2022-07-22 14:31:54,902] {logging_mixin.py:115} INFO - [2022-07-22 14:31:54,901] {dag.py:2420} INFO - Sync 2 DAGs
[2022-07-22 14:31:54,922] {logging_mixin.py:115} INFO - [2022-07-22 14:31:54,922] {dag.py:2972} INFO - Setting next_dagrun for example_xcom_args to None, run_after=None
[2022-07-22 14:31:54,922] {logging_mixin.py:115} INFO - [2022-07-22 14:31:54,922] {dag.py:2972} INFO - Setting next_dagrun for example_xcom_args_with_operators to None, run_after=None
[2022-07-22 14:31:54,937] {processor.py:161} INFO - Processing /home/airflow/.local/lib/python3.7/site-packages/airflow/example_dags/example_xcomargs.py took 0.210 seconds
[2022-07-22 14:32:25,856] {processor.py:153} INFO - Started process (PID=1310) to work on /home/airflow/.local/lib/python3.7/site-packages/airflow/example_dags/example_xcomargs.py
[2022-07-22 14:32:25,857] {processor.py:641} INFO - Processing file /home/airflow/.local/lib/python3.7/site-packages/airflow/example_dags/example_xcomargs.py for tasks to queue
[2022-07-22 14:32:25,859] {logging_mixin.py:115} INFO - [2022-07-22 14:32:25,858] {dagbag.py:508} INFO - Filling up the DagBag from /home/airflow/.local/lib/python3.7/site-packages/airflow/example_dags/example_xcomargs.py
[2022-07-22 14:32:25,895] {processor.py:651} INFO - DAG(s) dict_keys(['example_xcom_args', 'example_xcom_args_with_operators']) retrieved from /home/airflow/.local/lib/python3.7/site-packages/airflow/example_dags/example_xcomargs.py
[2022-07-22 14:32:26,008] {logging_mixin.py:115} INFO - [2022-07-22 14:32:26,008] {dag.py:2420} INFO - Sync 2 DAGs
[2022-07-22 14:32:26,029] {logging_mixin.py:115} INFO - [2022-07-22 14:32:26,029] {dag.py:2972} INFO - Setting next_dagrun for example_xcom_args to None, run_after=None
[2022-07-22 14:32:26,030] {logging_mixin.py:115} INFO - [2022-07-22 14:32:26,030] {dag.py:2972} INFO - Setting next_dagrun for example_xcom_args_with_operators to None, run_after=None
[2022-07-22 14:32:26,043] {processor.py:161} INFO - Processing /home/airflow/.local/lib/python3.7/site-packages/airflow/example_dags/example_xcomargs.py took 0.190 seconds
[2022-07-22 14:32:56,800] {processor.py:153} INFO - Started process (PID=1512) to work on /home/airflow/.local/lib/python3.7/site-packages/airflow/example_dags/example_xcomargs.py
[2022-07-22 14:32:56,801] {processor.py:641} INFO - Processing file /home/airflow/.local/lib/python3.7/site-packages/airflow/example_dags/example_xcomargs.py for tasks to queue
[2022-07-22 14:32:56,802] {logging_mixin.py:115} INFO - [2022-07-22 14:32:56,802] {dagbag.py:508} INFO - Filling up the DagBag from /home/airflow/.local/lib/python3.7/site-packages/airflow/example_dags/example_xcomargs.py
[2022-07-22 14:32:56,833] {processor.py:651} INFO - DAG(s) dict_keys(['example_xcom_args', 'example_xcom_args_with_operators']) retrieved from /home/airflow/.local/lib/python3.7/site-packages/airflow/example_dags/example_xcomargs.py
[2022-07-22 14:32:56,943] {logging_mixin.py:115} INFO - [2022-07-22 14:32:56,943] {dag.py:2420} INFO - Sync 2 DAGs
[2022-07-22 14:32:56,967] {logging_mixin.py:115} INFO - [2022-07-22 14:32:56,967] {dag.py:2972} INFO - Setting next_dagrun for example_xcom_args to None, run_after=None
[2022-07-22 14:32:56,968] {logging_mixin.py:115} INFO - [2022-07-22 14:32:56,968] {dag.py:2972} INFO - Setting next_dagrun for example_xcom_args_with_operators to None, run_after=None
[2022-07-22 14:32:56,984] {processor.py:161} INFO - Processing /home/airflow/.local/lib/python3.7/site-packages/airflow/example_dags/example_xcomargs.py took 0.188 seconds
[2022-07-22 14:33:27,920] {processor.py:153} INFO - Started process (PID=1707) to work on /home/airflow/.local/lib/python3.7/site-packages/airflow/example_dags/example_xcomargs.py
[2022-07-22 14:33:27,921] {processor.py:641} INFO - Processing file /home/airflow/.local/lib/python3.7/site-packages/airflow/example_dags/example_xcomargs.py for tasks to queue
[2022-07-22 14:33:27,922] {logging_mixin.py:115} INFO - [2022-07-22 14:33:27,922] {dagbag.py:508} INFO - Filling up the DagBag from /home/airflow/.local/lib/python3.7/site-packages/airflow/example_dags/example_xcomargs.py
[2022-07-22 14:33:27,950] {processor.py:651} INFO - DAG(s) dict_keys(['example_xcom_args', 'example_xcom_args_with_operators']) retrieved from /home/airflow/.local/lib/python3.7/site-packages/airflow/example_dags/example_xcomargs.py
[2022-07-22 14:33:28,051] {logging_mixin.py:115} INFO - [2022-07-22 14:33:28,051] {dag.py:2420} INFO - Sync 2 DAGs
[2022-07-22 14:33:28,086] {logging_mixin.py:115} INFO - [2022-07-22 14:33:28,086] {dag.py:2972} INFO - Setting next_dagrun for example_xcom_args to None, run_after=None
[2022-07-22 14:33:28,087] {logging_mixin.py:115} INFO - [2022-07-22 14:33:28,087] {dag.py:2972} INFO - Setting next_dagrun for example_xcom_args_with_operators to None, run_after=None
[2022-07-22 14:33:28,107] {processor.py:161} INFO - Processing /home/airflow/.local/lib/python3.7/site-packages/airflow/example_dags/example_xcomargs.py took 0.192 seconds
[2022-07-22 14:34:50,135] {processor.py:153} INFO - Started process (PID=278) to work on /home/airflow/.local/lib/python3.7/site-packages/airflow/example_dags/example_xcomargs.py
[2022-07-22 14:34:50,135] {processor.py:641} INFO - Processing file /home/airflow/.local/lib/python3.7/site-packages/airflow/example_dags/example_xcomargs.py for tasks to queue
[2022-07-22 14:34:50,136] {logging_mixin.py:115} INFO - [2022-07-22 14:34:50,136] {dagbag.py:508} INFO - Filling up the DagBag from /home/airflow/.local/lib/python3.7/site-packages/airflow/example_dags/example_xcomargs.py
[2022-07-22 14:34:50,153] {processor.py:651} INFO - DAG(s) dict_keys(['example_xcom_args', 'example_xcom_args_with_operators']) retrieved from /home/airflow/.local/lib/python3.7/site-packages/airflow/example_dags/example_xcomargs.py
[2022-07-22 14:34:50,228] {logging_mixin.py:115} INFO - [2022-07-22 14:34:50,228] {dag.py:2420} INFO - Sync 2 DAGs
[2022-07-22 14:34:50,292] {logging_mixin.py:115} INFO - [2022-07-22 14:34:50,292] {dag.py:2972} INFO - Setting next_dagrun for example_xcom_args to None, run_after=None
[2022-07-22 14:34:50,293] {logging_mixin.py:115} INFO - [2022-07-22 14:34:50,293] {dag.py:2972} INFO - Setting next_dagrun for example_xcom_args_with_operators to None, run_after=None
[2022-07-22 14:34:50,316] {processor.py:161} INFO - Processing /home/airflow/.local/lib/python3.7/site-packages/airflow/example_dags/example_xcomargs.py took 0.184 seconds
[2022-07-22 14:35:20,921] {processor.py:153} INFO - Started process (PID=481) to work on /home/airflow/.local/lib/python3.7/site-packages/airflow/example_dags/example_xcomargs.py
[2022-07-22 14:35:20,922] {processor.py:641} INFO - Processing file /home/airflow/.local/lib/python3.7/site-packages/airflow/example_dags/example_xcomargs.py for tasks to queue
[2022-07-22 14:35:20,923] {logging_mixin.py:115} INFO - [2022-07-22 14:35:20,923] {dagbag.py:508} INFO - Filling up the DagBag from /home/airflow/.local/lib/python3.7/site-packages/airflow/example_dags/example_xcomargs.py
[2022-07-22 14:35:20,938] {processor.py:651} INFO - DAG(s) dict_keys(['example_xcom_args', 'example_xcom_args_with_operators']) retrieved from /home/airflow/.local/lib/python3.7/site-packages/airflow/example_dags/example_xcomargs.py
[2022-07-22 14:35:21,055] {logging_mixin.py:115} INFO - [2022-07-22 14:35:21,055] {dag.py:2420} INFO - Sync 2 DAGs
[2022-07-22 14:35:21,082] {logging_mixin.py:115} INFO - [2022-07-22 14:35:21,082] {dag.py:2972} INFO - Setting next_dagrun for example_xcom_args to None, run_after=None
[2022-07-22 14:35:21,083] {logging_mixin.py:115} INFO - [2022-07-22 14:35:21,083] {dag.py:2972} INFO - Setting next_dagrun for example_xcom_args_with_operators to None, run_after=None
[2022-07-22 14:35:21,099] {processor.py:161} INFO - Processing /home/airflow/.local/lib/python3.7/site-packages/airflow/example_dags/example_xcomargs.py took 0.184 seconds
