[2022-07-22 14:06:14,134] {processor.py:153} INFO - Started process (PID=287) to work on /home/airflow/.local/lib/python3.7/site-packages/airflow/example_dags/example_skip_dag.py
[2022-07-22 14:06:14,135] {processor.py:641} INFO - Processing file /home/airflow/.local/lib/python3.7/site-packages/airflow/example_dags/example_skip_dag.py for tasks to queue
[2022-07-22 14:06:14,136] {logging_mixin.py:115} INFO - [2022-07-22 14:06:14,136] {dagbag.py:508} INFO - Filling up the DagBag from /home/airflow/.local/lib/python3.7/site-packages/airflow/example_dags/example_skip_dag.py
[2022-07-22 14:06:14,146] {processor.py:651} INFO - DAG(s) dict_keys(['example_skip_dag']) retrieved from /home/airflow/.local/lib/python3.7/site-packages/airflow/example_dags/example_skip_dag.py
[2022-07-22 14:06:14,287] {logging_mixin.py:115} INFO - [2022-07-22 14:06:14,287] {manager.py:508} INFO - Created Permission View: can read on DAG:example_skip_dag
[2022-07-22 14:06:14,306] {logging_mixin.py:115} INFO - [2022-07-22 14:06:14,305] {manager.py:508} INFO - Created Permission View: can delete on DAG:example_skip_dag
[2022-07-22 14:06:14,319] {logging_mixin.py:115} INFO - [2022-07-22 14:06:14,318] {manager.py:508} INFO - Created Permission View: can edit on DAG:example_skip_dag
[2022-07-22 14:06:14,319] {logging_mixin.py:115} INFO - [2022-07-22 14:06:14,319] {dag.py:2420} INFO - Sync 1 DAGs
[2022-07-22 14:06:14,331] {logging_mixin.py:115} INFO - [2022-07-22 14:06:14,331] {dag.py:2439} INFO - Creating ORM DAG for example_skip_dag
[2022-07-22 14:06:14,349] {logging_mixin.py:115} INFO - [2022-07-22 14:06:14,349] {dag.py:2972} INFO - Setting next_dagrun for example_skip_dag to 2022-07-21T14:06:14.349334+00:00, run_after=2022-07-22T14:06:14.349334+00:00
[2022-07-22 14:06:14,375] {processor.py:161} INFO - Processing /home/airflow/.local/lib/python3.7/site-packages/airflow/example_dags/example_skip_dag.py took 0.246 seconds
[2022-07-22 14:06:44,634] {processor.py:153} INFO - Started process (PID=475) to work on /home/airflow/.local/lib/python3.7/site-packages/airflow/example_dags/example_skip_dag.py
[2022-07-22 14:06:44,635] {processor.py:641} INFO - Processing file /home/airflow/.local/lib/python3.7/site-packages/airflow/example_dags/example_skip_dag.py for tasks to queue
[2022-07-22 14:06:44,636] {logging_mixin.py:115} INFO - [2022-07-22 14:06:44,636] {dagbag.py:508} INFO - Filling up the DagBag from /home/airflow/.local/lib/python3.7/site-packages/airflow/example_dags/example_skip_dag.py
[2022-07-22 14:06:44,645] {processor.py:651} INFO - DAG(s) dict_keys(['example_skip_dag']) retrieved from /home/airflow/.local/lib/python3.7/site-packages/airflow/example_dags/example_skip_dag.py
[2022-07-22 14:06:44,673] {logging_mixin.py:115} INFO - [2022-07-22 14:06:44,673] {dag.py:2420} INFO - Sync 1 DAGs
[2022-07-22 14:06:44,692] {logging_mixin.py:115} INFO - [2022-07-22 14:06:44,692] {dag.py:2972} INFO - Setting next_dagrun for example_skip_dag to 2022-07-21T14:06:44.691841+00:00, run_after=2022-07-22T14:06:44.691841+00:00
[2022-07-22 14:06:44,705] {processor.py:161} INFO - Processing /home/airflow/.local/lib/python3.7/site-packages/airflow/example_dags/example_skip_dag.py took 0.076 seconds
[2022-07-22 14:07:15,493] {processor.py:153} INFO - Started process (PID=672) to work on /home/airflow/.local/lib/python3.7/site-packages/airflow/example_dags/example_skip_dag.py
[2022-07-22 14:07:15,494] {processor.py:641} INFO - Processing file /home/airflow/.local/lib/python3.7/site-packages/airflow/example_dags/example_skip_dag.py for tasks to queue
[2022-07-22 14:07:15,494] {logging_mixin.py:115} INFO - [2022-07-22 14:07:15,494] {dagbag.py:508} INFO - Filling up the DagBag from /home/airflow/.local/lib/python3.7/site-packages/airflow/example_dags/example_skip_dag.py
[2022-07-22 14:07:15,500] {processor.py:651} INFO - DAG(s) dict_keys(['example_skip_dag']) retrieved from /home/airflow/.local/lib/python3.7/site-packages/airflow/example_dags/example_skip_dag.py
[2022-07-22 14:07:15,545] {logging_mixin.py:115} INFO - [2022-07-22 14:07:15,545] {dag.py:2420} INFO - Sync 1 DAGs
[2022-07-22 14:07:15,599] {logging_mixin.py:115} INFO - [2022-07-22 14:07:15,599] {dag.py:2972} INFO - Setting next_dagrun for example_skip_dag to 2022-07-21T14:07:15.599246+00:00, run_after=2022-07-22T14:07:15.599246+00:00
[2022-07-22 14:07:15,629] {processor.py:161} INFO - Processing /home/airflow/.local/lib/python3.7/site-packages/airflow/example_dags/example_skip_dag.py took 0.138 seconds
[2022-07-22 14:08:20,736] {processor.py:153} INFO - Started process (PID=285) to work on /home/airflow/.local/lib/python3.7/site-packages/airflow/example_dags/example_skip_dag.py
[2022-07-22 14:08:20,737] {processor.py:641} INFO - Processing file /home/airflow/.local/lib/python3.7/site-packages/airflow/example_dags/example_skip_dag.py for tasks to queue
[2022-07-22 14:08:20,738] {logging_mixin.py:115} INFO - [2022-07-22 14:08:20,738] {dagbag.py:508} INFO - Filling up the DagBag from /home/airflow/.local/lib/python3.7/site-packages/airflow/example_dags/example_skip_dag.py
[2022-07-22 14:08:20,750] {processor.py:651} INFO - DAG(s) dict_keys(['example_skip_dag']) retrieved from /home/airflow/.local/lib/python3.7/site-packages/airflow/example_dags/example_skip_dag.py
[2022-07-22 14:08:20,806] {logging_mixin.py:115} INFO - [2022-07-22 14:08:20,806] {dag.py:2420} INFO - Sync 1 DAGs
[2022-07-22 14:08:20,848] {logging_mixin.py:115} INFO - [2022-07-22 14:08:20,848] {dag.py:2972} INFO - Setting next_dagrun for example_skip_dag to 2022-07-21T14:08:20.847997+00:00, run_after=2022-07-22T14:08:20.847997+00:00
[2022-07-22 14:08:20,868] {processor.py:161} INFO - Processing /home/airflow/.local/lib/python3.7/site-packages/airflow/example_dags/example_skip_dag.py took 0.139 seconds
[2022-07-22 14:08:51,869] {processor.py:153} INFO - Started process (PID=490) to work on /home/airflow/.local/lib/python3.7/site-packages/airflow/example_dags/example_skip_dag.py
[2022-07-22 14:08:51,871] {processor.py:641} INFO - Processing file /home/airflow/.local/lib/python3.7/site-packages/airflow/example_dags/example_skip_dag.py for tasks to queue
[2022-07-22 14:08:51,872] {logging_mixin.py:115} INFO - [2022-07-22 14:08:51,872] {dagbag.py:508} INFO - Filling up the DagBag from /home/airflow/.local/lib/python3.7/site-packages/airflow/example_dags/example_skip_dag.py
[2022-07-22 14:08:51,888] {processor.py:651} INFO - DAG(s) dict_keys(['example_skip_dag']) retrieved from /home/airflow/.local/lib/python3.7/site-packages/airflow/example_dags/example_skip_dag.py
[2022-07-22 14:08:51,932] {logging_mixin.py:115} INFO - [2022-07-22 14:08:51,932] {dag.py:2420} INFO - Sync 1 DAGs
[2022-07-22 14:08:51,975] {logging_mixin.py:115} INFO - [2022-07-22 14:08:51,975] {dag.py:2972} INFO - Setting next_dagrun for example_skip_dag to 2022-07-21T14:08:51.974948+00:00, run_after=2022-07-22T14:08:51.974948+00:00
[2022-07-22 14:08:51,988] {processor.py:161} INFO - Processing /home/airflow/.local/lib/python3.7/site-packages/airflow/example_dags/example_skip_dag.py took 0.126 seconds
[2022-07-22 14:09:22,384] {processor.py:153} INFO - Started process (PID=694) to work on /home/airflow/.local/lib/python3.7/site-packages/airflow/example_dags/example_skip_dag.py
[2022-07-22 14:09:22,385] {processor.py:641} INFO - Processing file /home/airflow/.local/lib/python3.7/site-packages/airflow/example_dags/example_skip_dag.py for tasks to queue
[2022-07-22 14:09:22,387] {logging_mixin.py:115} INFO - [2022-07-22 14:09:22,387] {dagbag.py:508} INFO - Filling up the DagBag from /home/airflow/.local/lib/python3.7/site-packages/airflow/example_dags/example_skip_dag.py
[2022-07-22 14:09:22,402] {processor.py:651} INFO - DAG(s) dict_keys(['example_skip_dag']) retrieved from /home/airflow/.local/lib/python3.7/site-packages/airflow/example_dags/example_skip_dag.py
[2022-07-22 14:09:22,460] {logging_mixin.py:115} INFO - [2022-07-22 14:09:22,460] {dag.py:2420} INFO - Sync 1 DAGs
[2022-07-22 14:09:22,501] {logging_mixin.py:115} INFO - [2022-07-22 14:09:22,501] {dag.py:2972} INFO - Setting next_dagrun for example_skip_dag to 2022-07-21T14:09:22.500880+00:00, run_after=2022-07-22T14:09:22.500880+00:00
[2022-07-22 14:09:22,513] {processor.py:161} INFO - Processing /home/airflow/.local/lib/python3.7/site-packages/airflow/example_dags/example_skip_dag.py took 0.135 seconds
[2022-07-22 14:09:52,587] {processor.py:153} INFO - Started process (PID=900) to work on /home/airflow/.local/lib/python3.7/site-packages/airflow/example_dags/example_skip_dag.py
[2022-07-22 14:09:52,588] {processor.py:641} INFO - Processing file /home/airflow/.local/lib/python3.7/site-packages/airflow/example_dags/example_skip_dag.py for tasks to queue
[2022-07-22 14:09:52,589] {logging_mixin.py:115} INFO - [2022-07-22 14:09:52,589] {dagbag.py:508} INFO - Filling up the DagBag from /home/airflow/.local/lib/python3.7/site-packages/airflow/example_dags/example_skip_dag.py
[2022-07-22 14:09:52,598] {processor.py:651} INFO - DAG(s) dict_keys(['example_skip_dag']) retrieved from /home/airflow/.local/lib/python3.7/site-packages/airflow/example_dags/example_skip_dag.py
[2022-07-22 14:09:52,627] {logging_mixin.py:115} INFO - [2022-07-22 14:09:52,626] {dag.py:2420} INFO - Sync 1 DAGs
[2022-07-22 14:09:52,646] {logging_mixin.py:115} INFO - [2022-07-22 14:09:52,646] {dag.py:2972} INFO - Setting next_dagrun for example_skip_dag to 2022-07-21T14:09:52.645865+00:00, run_after=2022-07-22T14:09:52.645865+00:00
[2022-07-22 14:09:52,660] {processor.py:161} INFO - Processing /home/airflow/.local/lib/python3.7/site-packages/airflow/example_dags/example_skip_dag.py took 0.079 seconds
[2022-07-22 14:11:27,352] {processor.py:153} INFO - Started process (PID=293) to work on /home/airflow/.local/lib/python3.7/site-packages/airflow/example_dags/example_skip_dag.py
[2022-07-22 14:11:27,353] {processor.py:641} INFO - Processing file /home/airflow/.local/lib/python3.7/site-packages/airflow/example_dags/example_skip_dag.py for tasks to queue
[2022-07-22 14:11:27,354] {logging_mixin.py:115} INFO - [2022-07-22 14:11:27,354] {dagbag.py:508} INFO - Filling up the DagBag from /home/airflow/.local/lib/python3.7/site-packages/airflow/example_dags/example_skip_dag.py
[2022-07-22 14:11:27,367] {processor.py:651} INFO - DAG(s) dict_keys(['example_skip_dag']) retrieved from /home/airflow/.local/lib/python3.7/site-packages/airflow/example_dags/example_skip_dag.py
[2022-07-22 14:11:27,495] {logging_mixin.py:115} INFO - [2022-07-22 14:11:27,495] {manager.py:508} INFO - Created Permission View: can read on DAG:example_skip_dag
[2022-07-22 14:11:27,515] {logging_mixin.py:115} INFO - [2022-07-22 14:11:27,515] {manager.py:508} INFO - Created Permission View: can edit on DAG:example_skip_dag
[2022-07-22 14:11:27,525] {logging_mixin.py:115} INFO - [2022-07-22 14:11:27,525] {manager.py:508} INFO - Created Permission View: can delete on DAG:example_skip_dag
[2022-07-22 14:11:27,526] {logging_mixin.py:115} INFO - [2022-07-22 14:11:27,525] {dag.py:2420} INFO - Sync 1 DAGs
[2022-07-22 14:11:27,537] {logging_mixin.py:115} INFO - [2022-07-22 14:11:27,536] {dag.py:2439} INFO - Creating ORM DAG for example_skip_dag
[2022-07-22 14:11:27,548] {logging_mixin.py:115} INFO - [2022-07-22 14:11:27,548] {dag.py:2972} INFO - Setting next_dagrun for example_skip_dag to 2022-07-21T14:11:27.548208+00:00, run_after=2022-07-22T14:11:27.548208+00:00
[2022-07-22 14:11:27,564] {processor.py:161} INFO - Processing /home/airflow/.local/lib/python3.7/site-packages/airflow/example_dags/example_skip_dag.py took 0.218 seconds
[2022-07-22 14:12:55,267] {processor.py:153} INFO - Started process (PID=293) to work on /home/airflow/.local/lib/python3.7/site-packages/airflow/example_dags/example_skip_dag.py
[2022-07-22 14:12:55,268] {processor.py:641} INFO - Processing file /home/airflow/.local/lib/python3.7/site-packages/airflow/example_dags/example_skip_dag.py for tasks to queue
[2022-07-22 14:12:55,269] {logging_mixin.py:115} INFO - [2022-07-22 14:12:55,269] {dagbag.py:508} INFO - Filling up the DagBag from /home/airflow/.local/lib/python3.7/site-packages/airflow/example_dags/example_skip_dag.py
[2022-07-22 14:12:55,278] {processor.py:651} INFO - DAG(s) dict_keys(['example_skip_dag']) retrieved from /home/airflow/.local/lib/python3.7/site-packages/airflow/example_dags/example_skip_dag.py
[2022-07-22 14:12:55,360] {logging_mixin.py:115} INFO - [2022-07-22 14:12:55,359] {manager.py:508} INFO - Created Permission View: can read on DAG:example_skip_dag
[2022-07-22 14:12:55,371] {logging_mixin.py:115} INFO - [2022-07-22 14:12:55,371] {manager.py:508} INFO - Created Permission View: can delete on DAG:example_skip_dag
[2022-07-22 14:12:55,382] {logging_mixin.py:115} INFO - [2022-07-22 14:12:55,382] {manager.py:508} INFO - Created Permission View: can edit on DAG:example_skip_dag
[2022-07-22 14:12:55,382] {logging_mixin.py:115} INFO - [2022-07-22 14:12:55,382] {dag.py:2420} INFO - Sync 1 DAGs
[2022-07-22 14:12:55,394] {logging_mixin.py:115} INFO - [2022-07-22 14:12:55,394] {dag.py:2439} INFO - Creating ORM DAG for example_skip_dag
[2022-07-22 14:12:55,409] {logging_mixin.py:115} INFO - [2022-07-22 14:12:55,409] {dag.py:2972} INFO - Setting next_dagrun for example_skip_dag to 2022-07-21T14:12:55.408876+00:00, run_after=2022-07-22T14:12:55.408876+00:00
[2022-07-22 14:12:55,427] {processor.py:161} INFO - Processing /home/airflow/.local/lib/python3.7/site-packages/airflow/example_dags/example_skip_dag.py took 0.165 seconds
[2022-07-22 14:13:25,492] {processor.py:153} INFO - Started process (PID=485) to work on /home/airflow/.local/lib/python3.7/site-packages/airflow/example_dags/example_skip_dag.py
[2022-07-22 14:13:25,493] {processor.py:641} INFO - Processing file /home/airflow/.local/lib/python3.7/site-packages/airflow/example_dags/example_skip_dag.py for tasks to queue
[2022-07-22 14:13:25,493] {logging_mixin.py:115} INFO - [2022-07-22 14:13:25,493] {dagbag.py:508} INFO - Filling up the DagBag from /home/airflow/.local/lib/python3.7/site-packages/airflow/example_dags/example_skip_dag.py
[2022-07-22 14:13:25,497] {processor.py:651} INFO - DAG(s) dict_keys(['example_skip_dag']) retrieved from /home/airflow/.local/lib/python3.7/site-packages/airflow/example_dags/example_skip_dag.py
[2022-07-22 14:13:25,540] {logging_mixin.py:115} INFO - [2022-07-22 14:13:25,540] {dag.py:2420} INFO - Sync 1 DAGs
[2022-07-22 14:13:25,585] {logging_mixin.py:115} INFO - [2022-07-22 14:13:25,585] {dag.py:2972} INFO - Setting next_dagrun for example_skip_dag to 2022-07-21T14:13:25.585103+00:00, run_after=2022-07-22T14:13:25.585103+00:00
[2022-07-22 14:13:25,619] {processor.py:161} INFO - Processing /home/airflow/.local/lib/python3.7/site-packages/airflow/example_dags/example_skip_dag.py took 0.130 seconds
[2022-07-22 14:14:48,829] {processor.py:153} INFO - Started process (PID=293) to work on /home/airflow/.local/lib/python3.7/site-packages/airflow/example_dags/example_skip_dag.py
[2022-07-22 14:14:48,830] {processor.py:641} INFO - Processing file /home/airflow/.local/lib/python3.7/site-packages/airflow/example_dags/example_skip_dag.py for tasks to queue
[2022-07-22 14:14:48,830] {logging_mixin.py:115} INFO - [2022-07-22 14:14:48,830] {dagbag.py:508} INFO - Filling up the DagBag from /home/airflow/.local/lib/python3.7/site-packages/airflow/example_dags/example_skip_dag.py
[2022-07-22 14:14:48,844] {processor.py:651} INFO - DAG(s) dict_keys(['example_skip_dag']) retrieved from /home/airflow/.local/lib/python3.7/site-packages/airflow/example_dags/example_skip_dag.py
[2022-07-22 14:14:48,937] {logging_mixin.py:115} INFO - [2022-07-22 14:14:48,937] {manager.py:508} INFO - Created Permission View: can read on DAG:example_skip_dag
[2022-07-22 14:14:48,952] {logging_mixin.py:115} INFO - [2022-07-22 14:14:48,952] {manager.py:508} INFO - Created Permission View: can edit on DAG:example_skip_dag
[2022-07-22 14:14:48,964] {logging_mixin.py:115} INFO - [2022-07-22 14:14:48,964] {manager.py:508} INFO - Created Permission View: can delete on DAG:example_skip_dag
[2022-07-22 14:14:48,964] {logging_mixin.py:115} INFO - [2022-07-22 14:14:48,964] {dag.py:2420} INFO - Sync 1 DAGs
[2022-07-22 14:14:48,973] {logging_mixin.py:115} INFO - [2022-07-22 14:14:48,973] {dag.py:2439} INFO - Creating ORM DAG for example_skip_dag
[2022-07-22 14:14:48,984] {logging_mixin.py:115} INFO - [2022-07-22 14:14:48,984] {dag.py:2972} INFO - Setting next_dagrun for example_skip_dag to 2022-07-21T14:14:48.984005+00:00, run_after=2022-07-22T14:14:48.984005+00:00
[2022-07-22 14:14:48,999] {processor.py:161} INFO - Processing /home/airflow/.local/lib/python3.7/site-packages/airflow/example_dags/example_skip_dag.py took 0.176 seconds
[2022-07-22 14:15:19,355] {processor.py:153} INFO - Started process (PID=498) to work on /home/airflow/.local/lib/python3.7/site-packages/airflow/example_dags/example_skip_dag.py
[2022-07-22 14:15:19,356] {processor.py:641} INFO - Processing file /home/airflow/.local/lib/python3.7/site-packages/airflow/example_dags/example_skip_dag.py for tasks to queue
[2022-07-22 14:15:19,357] {logging_mixin.py:115} INFO - [2022-07-22 14:15:19,357] {dagbag.py:508} INFO - Filling up the DagBag from /home/airflow/.local/lib/python3.7/site-packages/airflow/example_dags/example_skip_dag.py
[2022-07-22 14:15:19,367] {processor.py:651} INFO - DAG(s) dict_keys(['example_skip_dag']) retrieved from /home/airflow/.local/lib/python3.7/site-packages/airflow/example_dags/example_skip_dag.py
[2022-07-22 14:15:19,420] {logging_mixin.py:115} INFO - [2022-07-22 14:15:19,420] {dag.py:2420} INFO - Sync 1 DAGs
[2022-07-22 14:15:19,456] {logging_mixin.py:115} INFO - [2022-07-22 14:15:19,456] {dag.py:2972} INFO - Setting next_dagrun for example_skip_dag to 2022-07-21T14:15:19.456432+00:00, run_after=2022-07-22T14:15:19.456432+00:00
[2022-07-22 14:15:19,472] {processor.py:161} INFO - Processing /home/airflow/.local/lib/python3.7/site-packages/airflow/example_dags/example_skip_dag.py took 0.123 seconds
[2022-07-22 14:15:49,556] {processor.py:153} INFO - Started process (PID=700) to work on /home/airflow/.local/lib/python3.7/site-packages/airflow/example_dags/example_skip_dag.py
[2022-07-22 14:15:49,557] {processor.py:641} INFO - Processing file /home/airflow/.local/lib/python3.7/site-packages/airflow/example_dags/example_skip_dag.py for tasks to queue
[2022-07-22 14:15:49,557] {logging_mixin.py:115} INFO - [2022-07-22 14:15:49,557] {dagbag.py:508} INFO - Filling up the DagBag from /home/airflow/.local/lib/python3.7/site-packages/airflow/example_dags/example_skip_dag.py
[2022-07-22 14:15:49,561] {processor.py:651} INFO - DAG(s) dict_keys(['example_skip_dag']) retrieved from /home/airflow/.local/lib/python3.7/site-packages/airflow/example_dags/example_skip_dag.py
[2022-07-22 14:15:49,590] {logging_mixin.py:115} INFO - [2022-07-22 14:15:49,590] {dag.py:2420} INFO - Sync 1 DAGs
[2022-07-22 14:15:49,633] {logging_mixin.py:115} INFO - [2022-07-22 14:15:49,633] {dag.py:2972} INFO - Setting next_dagrun for example_skip_dag to 2022-07-21T14:15:49.632312+00:00, run_after=2022-07-22T14:15:49.632312+00:00
[2022-07-22 14:15:49,666] {processor.py:161} INFO - Processing /home/airflow/.local/lib/python3.7/site-packages/airflow/example_dags/example_skip_dag.py took 0.112 seconds
[2022-07-22 14:16:20,324] {processor.py:153} INFO - Started process (PID=914) to work on /home/airflow/.local/lib/python3.7/site-packages/airflow/example_dags/example_skip_dag.py
[2022-07-22 14:16:20,325] {processor.py:641} INFO - Processing file /home/airflow/.local/lib/python3.7/site-packages/airflow/example_dags/example_skip_dag.py for tasks to queue
[2022-07-22 14:16:20,326] {logging_mixin.py:115} INFO - [2022-07-22 14:16:20,326] {dagbag.py:508} INFO - Filling up the DagBag from /home/airflow/.local/lib/python3.7/site-packages/airflow/example_dags/example_skip_dag.py
[2022-07-22 14:16:20,336] {processor.py:651} INFO - DAG(s) dict_keys(['example_skip_dag']) retrieved from /home/airflow/.local/lib/python3.7/site-packages/airflow/example_dags/example_skip_dag.py
[2022-07-22 14:16:20,393] {logging_mixin.py:115} INFO - [2022-07-22 14:16:20,393] {dag.py:2420} INFO - Sync 1 DAGs
[2022-07-22 14:16:20,434] {logging_mixin.py:115} INFO - [2022-07-22 14:16:20,434] {dag.py:2972} INFO - Setting next_dagrun for example_skip_dag to 2022-07-21T14:16:20.434145+00:00, run_after=2022-07-22T14:16:20.434145+00:00
[2022-07-22 14:16:20,447] {processor.py:161} INFO - Processing /home/airflow/.local/lib/python3.7/site-packages/airflow/example_dags/example_skip_dag.py took 0.129 seconds
[2022-07-22 14:16:50,703] {processor.py:153} INFO - Started process (PID=1105) to work on /home/airflow/.local/lib/python3.7/site-packages/airflow/example_dags/example_skip_dag.py
[2022-07-22 14:16:50,704] {processor.py:641} INFO - Processing file /home/airflow/.local/lib/python3.7/site-packages/airflow/example_dags/example_skip_dag.py for tasks to queue
[2022-07-22 14:16:50,705] {logging_mixin.py:115} INFO - [2022-07-22 14:16:50,705] {dagbag.py:508} INFO - Filling up the DagBag from /home/airflow/.local/lib/python3.7/site-packages/airflow/example_dags/example_skip_dag.py
[2022-07-22 14:16:50,713] {processor.py:651} INFO - DAG(s) dict_keys(['example_skip_dag']) retrieved from /home/airflow/.local/lib/python3.7/site-packages/airflow/example_dags/example_skip_dag.py
[2022-07-22 14:16:50,756] {logging_mixin.py:115} INFO - [2022-07-22 14:16:50,755] {dag.py:2420} INFO - Sync 1 DAGs
[2022-07-22 14:16:50,792] {logging_mixin.py:115} INFO - [2022-07-22 14:16:50,792] {dag.py:2972} INFO - Setting next_dagrun for example_skip_dag to 2022-07-21T14:16:50.791558+00:00, run_after=2022-07-22T14:16:50.791558+00:00
[2022-07-22 14:16:50,816] {processor.py:161} INFO - Processing /home/airflow/.local/lib/python3.7/site-packages/airflow/example_dags/example_skip_dag.py took 0.118 seconds
[2022-07-22 14:17:20,914] {processor.py:153} INFO - Started process (PID=1307) to work on /home/airflow/.local/lib/python3.7/site-packages/airflow/example_dags/example_skip_dag.py
[2022-07-22 14:17:20,915] {processor.py:641} INFO - Processing file /home/airflow/.local/lib/python3.7/site-packages/airflow/example_dags/example_skip_dag.py for tasks to queue
[2022-07-22 14:17:20,915] {logging_mixin.py:115} INFO - [2022-07-22 14:17:20,915] {dagbag.py:508} INFO - Filling up the DagBag from /home/airflow/.local/lib/python3.7/site-packages/airflow/example_dags/example_skip_dag.py
[2022-07-22 14:17:20,919] {processor.py:651} INFO - DAG(s) dict_keys(['example_skip_dag']) retrieved from /home/airflow/.local/lib/python3.7/site-packages/airflow/example_dags/example_skip_dag.py
[2022-07-22 14:17:20,967] {logging_mixin.py:115} INFO - [2022-07-22 14:17:20,967] {dag.py:2420} INFO - Sync 1 DAGs
[2022-07-22 14:17:21,005] {logging_mixin.py:115} INFO - [2022-07-22 14:17:21,004] {dag.py:2972} INFO - Setting next_dagrun for example_skip_dag to 2022-07-21T14:17:21.004711+00:00, run_after=2022-07-22T14:17:21.004711+00:00
[2022-07-22 14:17:21,028] {processor.py:161} INFO - Processing /home/airflow/.local/lib/python3.7/site-packages/airflow/example_dags/example_skip_dag.py took 0.116 seconds
[2022-07-22 14:17:51,883] {processor.py:153} INFO - Started process (PID=1509) to work on /home/airflow/.local/lib/python3.7/site-packages/airflow/example_dags/example_skip_dag.py
[2022-07-22 14:17:51,884] {processor.py:641} INFO - Processing file /home/airflow/.local/lib/python3.7/site-packages/airflow/example_dags/example_skip_dag.py for tasks to queue
[2022-07-22 14:17:51,885] {logging_mixin.py:115} INFO - [2022-07-22 14:17:51,885] {dagbag.py:508} INFO - Filling up the DagBag from /home/airflow/.local/lib/python3.7/site-packages/airflow/example_dags/example_skip_dag.py
[2022-07-22 14:17:51,889] {processor.py:651} INFO - DAG(s) dict_keys(['example_skip_dag']) retrieved from /home/airflow/.local/lib/python3.7/site-packages/airflow/example_dags/example_skip_dag.py
[2022-07-22 14:17:51,929] {logging_mixin.py:115} INFO - [2022-07-22 14:17:51,929] {dag.py:2420} INFO - Sync 1 DAGs
[2022-07-22 14:17:51,967] {logging_mixin.py:115} INFO - [2022-07-22 14:17:51,967] {dag.py:2972} INFO - Setting next_dagrun for example_skip_dag to 2022-07-21T14:17:51.966756+00:00, run_after=2022-07-22T14:17:51.966756+00:00
[2022-07-22 14:17:51,989] {processor.py:161} INFO - Processing /home/airflow/.local/lib/python3.7/site-packages/airflow/example_dags/example_skip_dag.py took 0.110 seconds
[2022-07-22 14:18:22,439] {processor.py:153} INFO - Started process (PID=1701) to work on /home/airflow/.local/lib/python3.7/site-packages/airflow/example_dags/example_skip_dag.py
[2022-07-22 14:18:22,440] {processor.py:641} INFO - Processing file /home/airflow/.local/lib/python3.7/site-packages/airflow/example_dags/example_skip_dag.py for tasks to queue
[2022-07-22 14:18:22,441] {logging_mixin.py:115} INFO - [2022-07-22 14:18:22,441] {dagbag.py:508} INFO - Filling up the DagBag from /home/airflow/.local/lib/python3.7/site-packages/airflow/example_dags/example_skip_dag.py
[2022-07-22 14:18:22,454] {processor.py:651} INFO - DAG(s) dict_keys(['example_skip_dag']) retrieved from /home/airflow/.local/lib/python3.7/site-packages/airflow/example_dags/example_skip_dag.py
[2022-07-22 14:18:22,515] {logging_mixin.py:115} INFO - [2022-07-22 14:18:22,515] {dag.py:2420} INFO - Sync 1 DAGs
[2022-07-22 14:18:22,545] {logging_mixin.py:115} INFO - [2022-07-22 14:18:22,545] {dag.py:2972} INFO - Setting next_dagrun for example_skip_dag to 2022-07-21T14:18:22.544931+00:00, run_after=2022-07-22T14:18:22.544931+00:00
[2022-07-22 14:18:22,566] {processor.py:161} INFO - Processing /home/airflow/.local/lib/python3.7/site-packages/airflow/example_dags/example_skip_dag.py took 0.133 seconds
[2022-07-22 14:18:52,651] {processor.py:153} INFO - Started process (PID=1903) to work on /home/airflow/.local/lib/python3.7/site-packages/airflow/example_dags/example_skip_dag.py
[2022-07-22 14:18:52,651] {processor.py:641} INFO - Processing file /home/airflow/.local/lib/python3.7/site-packages/airflow/example_dags/example_skip_dag.py for tasks to queue
[2022-07-22 14:18:52,652] {logging_mixin.py:115} INFO - [2022-07-22 14:18:52,652] {dagbag.py:508} INFO - Filling up the DagBag from /home/airflow/.local/lib/python3.7/site-packages/airflow/example_dags/example_skip_dag.py
[2022-07-22 14:18:52,656] {processor.py:651} INFO - DAG(s) dict_keys(['example_skip_dag']) retrieved from /home/airflow/.local/lib/python3.7/site-packages/airflow/example_dags/example_skip_dag.py
[2022-07-22 14:18:52,699] {logging_mixin.py:115} INFO - [2022-07-22 14:18:52,698] {dag.py:2420} INFO - Sync 1 DAGs
[2022-07-22 14:18:52,730] {logging_mixin.py:115} INFO - [2022-07-22 14:18:52,730] {dag.py:2972} INFO - Setting next_dagrun for example_skip_dag to 2022-07-21T14:18:52.729805+00:00, run_after=2022-07-22T14:18:52.729805+00:00
[2022-07-22 14:18:52,747] {processor.py:161} INFO - Processing /home/airflow/.local/lib/python3.7/site-packages/airflow/example_dags/example_skip_dag.py took 0.098 seconds
[2022-07-22 14:19:22,840] {processor.py:153} INFO - Started process (PID=2102) to work on /home/airflow/.local/lib/python3.7/site-packages/airflow/example_dags/example_skip_dag.py
[2022-07-22 14:19:22,841] {processor.py:641} INFO - Processing file /home/airflow/.local/lib/python3.7/site-packages/airflow/example_dags/example_skip_dag.py for tasks to queue
[2022-07-22 14:19:22,842] {logging_mixin.py:115} INFO - [2022-07-22 14:19:22,842] {dagbag.py:508} INFO - Filling up the DagBag from /home/airflow/.local/lib/python3.7/site-packages/airflow/example_dags/example_skip_dag.py
[2022-07-22 14:19:22,847] {processor.py:651} INFO - DAG(s) dict_keys(['example_skip_dag']) retrieved from /home/airflow/.local/lib/python3.7/site-packages/airflow/example_dags/example_skip_dag.py
[2022-07-22 14:19:22,877] {logging_mixin.py:115} INFO - [2022-07-22 14:19:22,877] {dag.py:2420} INFO - Sync 1 DAGs
[2022-07-22 14:19:22,927] {logging_mixin.py:115} INFO - [2022-07-22 14:19:22,927] {dag.py:2972} INFO - Setting next_dagrun for example_skip_dag to 2022-07-21T14:19:22.926631+00:00, run_after=2022-07-22T14:19:22.926631+00:00
[2022-07-22 14:19:22,953] {processor.py:161} INFO - Processing /home/airflow/.local/lib/python3.7/site-packages/airflow/example_dags/example_skip_dag.py took 0.116 seconds
[2022-07-22 14:19:53,315] {processor.py:153} INFO - Started process (PID=2298) to work on /home/airflow/.local/lib/python3.7/site-packages/airflow/example_dags/example_skip_dag.py
[2022-07-22 14:19:53,316] {processor.py:641} INFO - Processing file /home/airflow/.local/lib/python3.7/site-packages/airflow/example_dags/example_skip_dag.py for tasks to queue
[2022-07-22 14:19:53,317] {logging_mixin.py:115} INFO - [2022-07-22 14:19:53,317] {dagbag.py:508} INFO - Filling up the DagBag from /home/airflow/.local/lib/python3.7/site-packages/airflow/example_dags/example_skip_dag.py
[2022-07-22 14:19:53,329] {processor.py:651} INFO - DAG(s) dict_keys(['example_skip_dag']) retrieved from /home/airflow/.local/lib/python3.7/site-packages/airflow/example_dags/example_skip_dag.py
[2022-07-22 14:19:53,381] {logging_mixin.py:115} INFO - [2022-07-22 14:19:53,381] {dag.py:2420} INFO - Sync 1 DAGs
[2022-07-22 14:19:53,427] {logging_mixin.py:115} INFO - [2022-07-22 14:19:53,427] {dag.py:2972} INFO - Setting next_dagrun for example_skip_dag to 2022-07-21T14:19:53.426784+00:00, run_after=2022-07-22T14:19:53.426784+00:00
[2022-07-22 14:19:53,457] {processor.py:161} INFO - Processing /home/airflow/.local/lib/python3.7/site-packages/airflow/example_dags/example_skip_dag.py took 0.149 seconds
[2022-07-22 14:20:23,714] {processor.py:153} INFO - Started process (PID=2500) to work on /home/airflow/.local/lib/python3.7/site-packages/airflow/example_dags/example_skip_dag.py
[2022-07-22 14:20:23,715] {processor.py:641} INFO - Processing file /home/airflow/.local/lib/python3.7/site-packages/airflow/example_dags/example_skip_dag.py for tasks to queue
[2022-07-22 14:20:23,716] {logging_mixin.py:115} INFO - [2022-07-22 14:20:23,716] {dagbag.py:508} INFO - Filling up the DagBag from /home/airflow/.local/lib/python3.7/site-packages/airflow/example_dags/example_skip_dag.py
[2022-07-22 14:20:23,725] {processor.py:651} INFO - DAG(s) dict_keys(['example_skip_dag']) retrieved from /home/airflow/.local/lib/python3.7/site-packages/airflow/example_dags/example_skip_dag.py
[2022-07-22 14:20:23,751] {logging_mixin.py:115} INFO - [2022-07-22 14:20:23,751] {dag.py:2420} INFO - Sync 1 DAGs
[2022-07-22 14:20:23,785] {logging_mixin.py:115} INFO - [2022-07-22 14:20:23,785] {dag.py:2972} INFO - Setting next_dagrun for example_skip_dag to 2022-07-21T14:20:23.785578+00:00, run_after=2022-07-22T14:20:23.785578+00:00
[2022-07-22 14:20:23,801] {processor.py:161} INFO - Processing /home/airflow/.local/lib/python3.7/site-packages/airflow/example_dags/example_skip_dag.py took 0.091 seconds
[2022-07-22 14:20:54,348] {processor.py:153} INFO - Started process (PID=2702) to work on /home/airflow/.local/lib/python3.7/site-packages/airflow/example_dags/example_skip_dag.py
[2022-07-22 14:20:54,350] {processor.py:641} INFO - Processing file /home/airflow/.local/lib/python3.7/site-packages/airflow/example_dags/example_skip_dag.py for tasks to queue
[2022-07-22 14:20:54,351] {logging_mixin.py:115} INFO - [2022-07-22 14:20:54,351] {dagbag.py:508} INFO - Filling up the DagBag from /home/airflow/.local/lib/python3.7/site-packages/airflow/example_dags/example_skip_dag.py
[2022-07-22 14:20:54,362] {processor.py:651} INFO - DAG(s) dict_keys(['example_skip_dag']) retrieved from /home/airflow/.local/lib/python3.7/site-packages/airflow/example_dags/example_skip_dag.py
[2022-07-22 14:20:54,429] {logging_mixin.py:115} INFO - [2022-07-22 14:20:54,429] {dag.py:2420} INFO - Sync 1 DAGs
[2022-07-22 14:20:54,472] {logging_mixin.py:115} INFO - [2022-07-22 14:20:54,472] {dag.py:2972} INFO - Setting next_dagrun for example_skip_dag to 2022-07-21T14:20:54.472589+00:00, run_after=2022-07-22T14:20:54.472589+00:00
[2022-07-22 14:20:54,490] {processor.py:161} INFO - Processing /home/airflow/.local/lib/python3.7/site-packages/airflow/example_dags/example_skip_dag.py took 0.148 seconds
[2022-07-22 14:21:24,534] {processor.py:153} INFO - Started process (PID=2890) to work on /home/airflow/.local/lib/python3.7/site-packages/airflow/example_dags/example_skip_dag.py
[2022-07-22 14:21:24,535] {processor.py:641} INFO - Processing file /home/airflow/.local/lib/python3.7/site-packages/airflow/example_dags/example_skip_dag.py for tasks to queue
[2022-07-22 14:21:24,536] {logging_mixin.py:115} INFO - [2022-07-22 14:21:24,536] {dagbag.py:508} INFO - Filling up the DagBag from /home/airflow/.local/lib/python3.7/site-packages/airflow/example_dags/example_skip_dag.py
[2022-07-22 14:21:24,546] {processor.py:651} INFO - DAG(s) dict_keys(['example_skip_dag']) retrieved from /home/airflow/.local/lib/python3.7/site-packages/airflow/example_dags/example_skip_dag.py
[2022-07-22 14:21:24,601] {logging_mixin.py:115} INFO - [2022-07-22 14:21:24,601] {dag.py:2420} INFO - Sync 1 DAGs
[2022-07-22 14:21:24,623] {logging_mixin.py:115} INFO - [2022-07-22 14:21:24,623] {dag.py:2972} INFO - Setting next_dagrun for example_skip_dag to 2022-07-21T14:21:24.623413+00:00, run_after=2022-07-22T14:21:24.623413+00:00
[2022-07-22 14:21:24,642] {processor.py:161} INFO - Processing /home/airflow/.local/lib/python3.7/site-packages/airflow/example_dags/example_skip_dag.py took 0.114 seconds
[2022-07-22 14:21:55,902] {processor.py:153} INFO - Started process (PID=3097) to work on /home/airflow/.local/lib/python3.7/site-packages/airflow/example_dags/example_skip_dag.py
[2022-07-22 14:21:55,904] {processor.py:641} INFO - Processing file /home/airflow/.local/lib/python3.7/site-packages/airflow/example_dags/example_skip_dag.py for tasks to queue
[2022-07-22 14:21:55,904] {logging_mixin.py:115} INFO - [2022-07-22 14:21:55,904] {dagbag.py:508} INFO - Filling up the DagBag from /home/airflow/.local/lib/python3.7/site-packages/airflow/example_dags/example_skip_dag.py
[2022-07-22 14:21:55,914] {processor.py:651} INFO - DAG(s) dict_keys(['example_skip_dag']) retrieved from /home/airflow/.local/lib/python3.7/site-packages/airflow/example_dags/example_skip_dag.py
[2022-07-22 14:21:55,944] {logging_mixin.py:115} INFO - [2022-07-22 14:21:55,944] {dag.py:2420} INFO - Sync 1 DAGs
[2022-07-22 14:21:55,963] {logging_mixin.py:115} INFO - [2022-07-22 14:21:55,963] {dag.py:2972} INFO - Setting next_dagrun for example_skip_dag to 2022-07-21T14:21:55.962791+00:00, run_after=2022-07-22T14:21:55.962791+00:00
[2022-07-22 14:21:55,980] {processor.py:161} INFO - Processing /home/airflow/.local/lib/python3.7/site-packages/airflow/example_dags/example_skip_dag.py took 0.083 seconds
[2022-07-22 14:22:26,448] {processor.py:153} INFO - Started process (PID=3299) to work on /home/airflow/.local/lib/python3.7/site-packages/airflow/example_dags/example_skip_dag.py
[2022-07-22 14:22:26,450] {processor.py:641} INFO - Processing file /home/airflow/.local/lib/python3.7/site-packages/airflow/example_dags/example_skip_dag.py for tasks to queue
[2022-07-22 14:22:26,451] {logging_mixin.py:115} INFO - [2022-07-22 14:22:26,451] {dagbag.py:508} INFO - Filling up the DagBag from /home/airflow/.local/lib/python3.7/site-packages/airflow/example_dags/example_skip_dag.py
[2022-07-22 14:22:26,463] {processor.py:651} INFO - DAG(s) dict_keys(['example_skip_dag']) retrieved from /home/airflow/.local/lib/python3.7/site-packages/airflow/example_dags/example_skip_dag.py
[2022-07-22 14:22:26,514] {logging_mixin.py:115} INFO - [2022-07-22 14:22:26,514] {dag.py:2420} INFO - Sync 1 DAGs
[2022-07-22 14:22:26,549] {logging_mixin.py:115} INFO - [2022-07-22 14:22:26,549] {dag.py:2972} INFO - Setting next_dagrun for example_skip_dag to 2022-07-21T14:22:26.549411+00:00, run_after=2022-07-22T14:22:26.549411+00:00
[2022-07-22 14:22:26,563] {processor.py:161} INFO - Processing /home/airflow/.local/lib/python3.7/site-packages/airflow/example_dags/example_skip_dag.py took 0.121 seconds
[2022-07-22 14:22:56,682] {processor.py:153} INFO - Started process (PID=3492) to work on /home/airflow/.local/lib/python3.7/site-packages/airflow/example_dags/example_skip_dag.py
[2022-07-22 14:22:56,683] {processor.py:641} INFO - Processing file /home/airflow/.local/lib/python3.7/site-packages/airflow/example_dags/example_skip_dag.py for tasks to queue
[2022-07-22 14:22:56,684] {logging_mixin.py:115} INFO - [2022-07-22 14:22:56,684] {dagbag.py:508} INFO - Filling up the DagBag from /home/airflow/.local/lib/python3.7/site-packages/airflow/example_dags/example_skip_dag.py
[2022-07-22 14:22:56,695] {processor.py:651} INFO - DAG(s) dict_keys(['example_skip_dag']) retrieved from /home/airflow/.local/lib/python3.7/site-packages/airflow/example_dags/example_skip_dag.py
[2022-07-22 14:22:56,759] {logging_mixin.py:115} INFO - [2022-07-22 14:22:56,758] {dag.py:2420} INFO - Sync 1 DAGs
[2022-07-22 14:22:56,802] {logging_mixin.py:115} INFO - [2022-07-22 14:22:56,802] {dag.py:2972} INFO - Setting next_dagrun for example_skip_dag to 2022-07-21T14:22:56.802395+00:00, run_after=2022-07-22T14:22:56.802395+00:00
[2022-07-22 14:22:56,816] {processor.py:161} INFO - Processing /home/airflow/.local/lib/python3.7/site-packages/airflow/example_dags/example_skip_dag.py took 0.140 seconds
[2022-07-22 14:23:27,163] {processor.py:153} INFO - Started process (PID=3693) to work on /home/airflow/.local/lib/python3.7/site-packages/airflow/example_dags/example_skip_dag.py
[2022-07-22 14:23:27,164] {processor.py:641} INFO - Processing file /home/airflow/.local/lib/python3.7/site-packages/airflow/example_dags/example_skip_dag.py for tasks to queue
[2022-07-22 14:23:27,165] {logging_mixin.py:115} INFO - [2022-07-22 14:23:27,164] {dagbag.py:508} INFO - Filling up the DagBag from /home/airflow/.local/lib/python3.7/site-packages/airflow/example_dags/example_skip_dag.py
[2022-07-22 14:23:27,175] {processor.py:651} INFO - DAG(s) dict_keys(['example_skip_dag']) retrieved from /home/airflow/.local/lib/python3.7/site-packages/airflow/example_dags/example_skip_dag.py
[2022-07-22 14:23:27,222] {logging_mixin.py:115} INFO - [2022-07-22 14:23:27,222] {dag.py:2420} INFO - Sync 1 DAGs
[2022-07-22 14:23:27,249] {logging_mixin.py:115} INFO - [2022-07-22 14:23:27,249] {dag.py:2972} INFO - Setting next_dagrun for example_skip_dag to 2022-07-21T14:23:27.249562+00:00, run_after=2022-07-22T14:23:27.249562+00:00
[2022-07-22 14:23:27,264] {processor.py:161} INFO - Processing /home/airflow/.local/lib/python3.7/site-packages/airflow/example_dags/example_skip_dag.py took 0.106 seconds
[2022-07-22 14:23:57,634] {processor.py:153} INFO - Started process (PID=3895) to work on /home/airflow/.local/lib/python3.7/site-packages/airflow/example_dags/example_skip_dag.py
[2022-07-22 14:23:57,635] {processor.py:641} INFO - Processing file /home/airflow/.local/lib/python3.7/site-packages/airflow/example_dags/example_skip_dag.py for tasks to queue
[2022-07-22 14:23:57,636] {logging_mixin.py:115} INFO - [2022-07-22 14:23:57,635] {dagbag.py:508} INFO - Filling up the DagBag from /home/airflow/.local/lib/python3.7/site-packages/airflow/example_dags/example_skip_dag.py
[2022-07-22 14:23:57,646] {processor.py:651} INFO - DAG(s) dict_keys(['example_skip_dag']) retrieved from /home/airflow/.local/lib/python3.7/site-packages/airflow/example_dags/example_skip_dag.py
[2022-07-22 14:23:57,691] {logging_mixin.py:115} INFO - [2022-07-22 14:23:57,691] {dag.py:2420} INFO - Sync 1 DAGs
[2022-07-22 14:23:57,735] {logging_mixin.py:115} INFO - [2022-07-22 14:23:57,735] {dag.py:2972} INFO - Setting next_dagrun for example_skip_dag to 2022-07-21T14:23:57.735408+00:00, run_after=2022-07-22T14:23:57.735408+00:00
[2022-07-22 14:23:57,748] {processor.py:161} INFO - Processing /home/airflow/.local/lib/python3.7/site-packages/airflow/example_dags/example_skip_dag.py took 0.120 seconds
[2022-07-22 14:24:27,965] {processor.py:153} INFO - Started process (PID=4097) to work on /home/airflow/.local/lib/python3.7/site-packages/airflow/example_dags/example_skip_dag.py
[2022-07-22 14:24:27,966] {processor.py:641} INFO - Processing file /home/airflow/.local/lib/python3.7/site-packages/airflow/example_dags/example_skip_dag.py for tasks to queue
[2022-07-22 14:24:27,967] {logging_mixin.py:115} INFO - [2022-07-22 14:24:27,967] {dagbag.py:508} INFO - Filling up the DagBag from /home/airflow/.local/lib/python3.7/site-packages/airflow/example_dags/example_skip_dag.py
[2022-07-22 14:24:27,974] {processor.py:651} INFO - DAG(s) dict_keys(['example_skip_dag']) retrieved from /home/airflow/.local/lib/python3.7/site-packages/airflow/example_dags/example_skip_dag.py
[2022-07-22 14:24:28,011] {logging_mixin.py:115} INFO - [2022-07-22 14:24:28,011] {dag.py:2420} INFO - Sync 1 DAGs
[2022-07-22 14:24:28,040] {logging_mixin.py:115} INFO - [2022-07-22 14:24:28,040] {dag.py:2972} INFO - Setting next_dagrun for example_skip_dag to 2022-07-21T14:24:28.040079+00:00, run_after=2022-07-22T14:24:28.040079+00:00
[2022-07-22 14:24:28,064] {processor.py:161} INFO - Processing /home/airflow/.local/lib/python3.7/site-packages/airflow/example_dags/example_skip_dag.py took 0.103 seconds
[2022-07-22 14:24:58,331] {processor.py:153} INFO - Started process (PID=4290) to work on /home/airflow/.local/lib/python3.7/site-packages/airflow/example_dags/example_skip_dag.py
[2022-07-22 14:24:58,332] {processor.py:641} INFO - Processing file /home/airflow/.local/lib/python3.7/site-packages/airflow/example_dags/example_skip_dag.py for tasks to queue
[2022-07-22 14:24:58,333] {logging_mixin.py:115} INFO - [2022-07-22 14:24:58,333] {dagbag.py:508} INFO - Filling up the DagBag from /home/airflow/.local/lib/python3.7/site-packages/airflow/example_dags/example_skip_dag.py
[2022-07-22 14:24:58,342] {processor.py:651} INFO - DAG(s) dict_keys(['example_skip_dag']) retrieved from /home/airflow/.local/lib/python3.7/site-packages/airflow/example_dags/example_skip_dag.py
[2022-07-22 14:24:58,398] {logging_mixin.py:115} INFO - [2022-07-22 14:24:58,397] {dag.py:2420} INFO - Sync 1 DAGs
[2022-07-22 14:24:58,445] {logging_mixin.py:115} INFO - [2022-07-22 14:24:58,445] {dag.py:2972} INFO - Setting next_dagrun for example_skip_dag to 2022-07-21T14:24:58.445037+00:00, run_after=2022-07-22T14:24:58.445037+00:00
[2022-07-22 14:24:58,458] {processor.py:161} INFO - Processing /home/airflow/.local/lib/python3.7/site-packages/airflow/example_dags/example_skip_dag.py took 0.133 seconds
[2022-07-22 14:25:28,704] {processor.py:153} INFO - Started process (PID=4492) to work on /home/airflow/.local/lib/python3.7/site-packages/airflow/example_dags/example_skip_dag.py
[2022-07-22 14:25:28,705] {processor.py:641} INFO - Processing file /home/airflow/.local/lib/python3.7/site-packages/airflow/example_dags/example_skip_dag.py for tasks to queue
[2022-07-22 14:25:28,706] {logging_mixin.py:115} INFO - [2022-07-22 14:25:28,706] {dagbag.py:508} INFO - Filling up the DagBag from /home/airflow/.local/lib/python3.7/site-packages/airflow/example_dags/example_skip_dag.py
[2022-07-22 14:25:28,717] {processor.py:651} INFO - DAG(s) dict_keys(['example_skip_dag']) retrieved from /home/airflow/.local/lib/python3.7/site-packages/airflow/example_dags/example_skip_dag.py
[2022-07-22 14:25:28,770] {logging_mixin.py:115} INFO - [2022-07-22 14:25:28,770] {dag.py:2420} INFO - Sync 1 DAGs
[2022-07-22 14:25:28,809] {logging_mixin.py:115} INFO - [2022-07-22 14:25:28,809] {dag.py:2972} INFO - Setting next_dagrun for example_skip_dag to 2022-07-21T14:25:28.808958+00:00, run_after=2022-07-22T14:25:28.808958+00:00
[2022-07-22 14:25:28,827] {processor.py:161} INFO - Processing /home/airflow/.local/lib/python3.7/site-packages/airflow/example_dags/example_skip_dag.py took 0.128 seconds
[2022-07-22 14:25:58,947] {processor.py:153} INFO - Started process (PID=4694) to work on /home/airflow/.local/lib/python3.7/site-packages/airflow/example_dags/example_skip_dag.py
[2022-07-22 14:25:58,948] {processor.py:641} INFO - Processing file /home/airflow/.local/lib/python3.7/site-packages/airflow/example_dags/example_skip_dag.py for tasks to queue
[2022-07-22 14:25:58,949] {logging_mixin.py:115} INFO - [2022-07-22 14:25:58,949] {dagbag.py:508} INFO - Filling up the DagBag from /home/airflow/.local/lib/python3.7/site-packages/airflow/example_dags/example_skip_dag.py
[2022-07-22 14:25:58,957] {processor.py:651} INFO - DAG(s) dict_keys(['example_skip_dag']) retrieved from /home/airflow/.local/lib/python3.7/site-packages/airflow/example_dags/example_skip_dag.py
[2022-07-22 14:25:58,984] {logging_mixin.py:115} INFO - [2022-07-22 14:25:58,984] {dag.py:2420} INFO - Sync 1 DAGs
[2022-07-22 14:25:59,005] {logging_mixin.py:115} INFO - [2022-07-22 14:25:59,005] {dag.py:2972} INFO - Setting next_dagrun for example_skip_dag to 2022-07-21T14:25:59.005183+00:00, run_after=2022-07-22T14:25:59.005183+00:00
[2022-07-22 14:25:59,017] {processor.py:161} INFO - Processing /home/airflow/.local/lib/python3.7/site-packages/airflow/example_dags/example_skip_dag.py took 0.075 seconds
[2022-07-22 14:26:29,637] {processor.py:153} INFO - Started process (PID=4887) to work on /home/airflow/.local/lib/python3.7/site-packages/airflow/example_dags/example_skip_dag.py
[2022-07-22 14:26:29,637] {processor.py:641} INFO - Processing file /home/airflow/.local/lib/python3.7/site-packages/airflow/example_dags/example_skip_dag.py for tasks to queue
[2022-07-22 14:26:29,638] {logging_mixin.py:115} INFO - [2022-07-22 14:26:29,637] {dagbag.py:508} INFO - Filling up the DagBag from /home/airflow/.local/lib/python3.7/site-packages/airflow/example_dags/example_skip_dag.py
[2022-07-22 14:26:29,642] {processor.py:651} INFO - DAG(s) dict_keys(['example_skip_dag']) retrieved from /home/airflow/.local/lib/python3.7/site-packages/airflow/example_dags/example_skip_dag.py
[2022-07-22 14:26:29,663] {logging_mixin.py:115} INFO - [2022-07-22 14:26:29,663] {dag.py:2420} INFO - Sync 1 DAGs
[2022-07-22 14:26:29,683] {logging_mixin.py:115} INFO - [2022-07-22 14:26:29,683] {dag.py:2972} INFO - Setting next_dagrun for example_skip_dag to 2022-07-21T14:26:29.683673+00:00, run_after=2022-07-22T14:26:29.683673+00:00
[2022-07-22 14:26:29,703] {processor.py:161} INFO - Processing /home/airflow/.local/lib/python3.7/site-packages/airflow/example_dags/example_skip_dag.py took 0.069 seconds
[2022-07-22 14:27:00,380] {processor.py:153} INFO - Started process (PID=5090) to work on /home/airflow/.local/lib/python3.7/site-packages/airflow/example_dags/example_skip_dag.py
[2022-07-22 14:27:00,380] {processor.py:641} INFO - Processing file /home/airflow/.local/lib/python3.7/site-packages/airflow/example_dags/example_skip_dag.py for tasks to queue
[2022-07-22 14:27:00,381] {logging_mixin.py:115} INFO - [2022-07-22 14:27:00,381] {dagbag.py:508} INFO - Filling up the DagBag from /home/airflow/.local/lib/python3.7/site-packages/airflow/example_dags/example_skip_dag.py
[2022-07-22 14:27:00,385] {processor.py:651} INFO - DAG(s) dict_keys(['example_skip_dag']) retrieved from /home/airflow/.local/lib/python3.7/site-packages/airflow/example_dags/example_skip_dag.py
[2022-07-22 14:27:00,431] {logging_mixin.py:115} INFO - [2022-07-22 14:27:00,431] {dag.py:2420} INFO - Sync 1 DAGs
[2022-07-22 14:27:00,481] {logging_mixin.py:115} INFO - [2022-07-22 14:27:00,481] {dag.py:2972} INFO - Setting next_dagrun for example_skip_dag to 2022-07-21T14:27:00.480828+00:00, run_after=2022-07-22T14:27:00.480828+00:00
[2022-07-22 14:27:00,504] {processor.py:161} INFO - Processing /home/airflow/.local/lib/python3.7/site-packages/airflow/example_dags/example_skip_dag.py took 0.127 seconds
[2022-07-22 14:27:30,967] {processor.py:153} INFO - Started process (PID=5292) to work on /home/airflow/.local/lib/python3.7/site-packages/airflow/example_dags/example_skip_dag.py
[2022-07-22 14:27:30,967] {processor.py:641} INFO - Processing file /home/airflow/.local/lib/python3.7/site-packages/airflow/example_dags/example_skip_dag.py for tasks to queue
[2022-07-22 14:27:30,968] {logging_mixin.py:115} INFO - [2022-07-22 14:27:30,967] {dagbag.py:508} INFO - Filling up the DagBag from /home/airflow/.local/lib/python3.7/site-packages/airflow/example_dags/example_skip_dag.py
[2022-07-22 14:27:30,971] {processor.py:651} INFO - DAG(s) dict_keys(['example_skip_dag']) retrieved from /home/airflow/.local/lib/python3.7/site-packages/airflow/example_dags/example_skip_dag.py
[2022-07-22 14:27:31,027] {logging_mixin.py:115} INFO - [2022-07-22 14:27:31,027] {dag.py:2420} INFO - Sync 1 DAGs
[2022-07-22 14:27:31,075] {logging_mixin.py:115} INFO - [2022-07-22 14:27:31,075] {dag.py:2972} INFO - Setting next_dagrun for example_skip_dag to 2022-07-21T14:27:31.074707+00:00, run_after=2022-07-22T14:27:31.074707+00:00
[2022-07-22 14:27:31,096] {processor.py:161} INFO - Processing /home/airflow/.local/lib/python3.7/site-packages/airflow/example_dags/example_skip_dag.py took 0.131 seconds
[2022-07-22 14:28:02,072] {processor.py:153} INFO - Started process (PID=5485) to work on /home/airflow/.local/lib/python3.7/site-packages/airflow/example_dags/example_skip_dag.py
[2022-07-22 14:28:02,074] {processor.py:641} INFO - Processing file /home/airflow/.local/lib/python3.7/site-packages/airflow/example_dags/example_skip_dag.py for tasks to queue
[2022-07-22 14:28:02,075] {logging_mixin.py:115} INFO - [2022-07-22 14:28:02,075] {dagbag.py:508} INFO - Filling up the DagBag from /home/airflow/.local/lib/python3.7/site-packages/airflow/example_dags/example_skip_dag.py
[2022-07-22 14:28:02,079] {processor.py:651} INFO - DAG(s) dict_keys(['example_skip_dag']) retrieved from /home/airflow/.local/lib/python3.7/site-packages/airflow/example_dags/example_skip_dag.py
[2022-07-22 14:28:02,127] {logging_mixin.py:115} INFO - [2022-07-22 14:28:02,127] {dag.py:2420} INFO - Sync 1 DAGs
[2022-07-22 14:28:02,172] {logging_mixin.py:115} INFO - [2022-07-22 14:28:02,172] {dag.py:2972} INFO - Setting next_dagrun for example_skip_dag to 2022-07-21T14:28:02.172354+00:00, run_after=2022-07-22T14:28:02.172354+00:00
[2022-07-22 14:28:02,184] {processor.py:161} INFO - Processing /home/airflow/.local/lib/python3.7/site-packages/airflow/example_dags/example_skip_dag.py took 0.118 seconds
[2022-07-22 14:28:32,389] {processor.py:153} INFO - Started process (PID=5689) to work on /home/airflow/.local/lib/python3.7/site-packages/airflow/example_dags/example_skip_dag.py
[2022-07-22 14:28:32,389] {processor.py:641} INFO - Processing file /home/airflow/.local/lib/python3.7/site-packages/airflow/example_dags/example_skip_dag.py for tasks to queue
[2022-07-22 14:28:32,390] {logging_mixin.py:115} INFO - [2022-07-22 14:28:32,390] {dagbag.py:508} INFO - Filling up the DagBag from /home/airflow/.local/lib/python3.7/site-packages/airflow/example_dags/example_skip_dag.py
[2022-07-22 14:28:32,393] {processor.py:651} INFO - DAG(s) dict_keys(['example_skip_dag']) retrieved from /home/airflow/.local/lib/python3.7/site-packages/airflow/example_dags/example_skip_dag.py
[2022-07-22 14:28:32,418] {logging_mixin.py:115} INFO - [2022-07-22 14:28:32,417] {dag.py:2420} INFO - Sync 1 DAGs
[2022-07-22 14:28:32,439] {logging_mixin.py:115} INFO - [2022-07-22 14:28:32,438] {dag.py:2972} INFO - Setting next_dagrun for example_skip_dag to 2022-07-21T14:28:32.438461+00:00, run_after=2022-07-22T14:28:32.438461+00:00
[2022-07-22 14:28:32,453] {processor.py:161} INFO - Processing /home/airflow/.local/lib/python3.7/site-packages/airflow/example_dags/example_skip_dag.py took 0.066 seconds
[2022-07-22 14:29:51,764] {processor.py:153} INFO - Started process (PID=291) to work on /home/airflow/.local/lib/python3.7/site-packages/airflow/example_dags/example_skip_dag.py
[2022-07-22 14:29:51,765] {processor.py:641} INFO - Processing file /home/airflow/.local/lib/python3.7/site-packages/airflow/example_dags/example_skip_dag.py for tasks to queue
[2022-07-22 14:29:51,767] {logging_mixin.py:115} INFO - [2022-07-22 14:29:51,767] {dagbag.py:508} INFO - Filling up the DagBag from /home/airflow/.local/lib/python3.7/site-packages/airflow/example_dags/example_skip_dag.py
[2022-07-22 14:29:51,775] {processor.py:651} INFO - DAG(s) dict_keys(['example_skip_dag']) retrieved from /home/airflow/.local/lib/python3.7/site-packages/airflow/example_dags/example_skip_dag.py
[2022-07-22 14:29:51,813] {logging_mixin.py:115} INFO - [2022-07-22 14:29:51,813] {dag.py:2420} INFO - Sync 1 DAGs
[2022-07-22 14:29:51,846] {logging_mixin.py:115} INFO - [2022-07-22 14:29:51,845] {dag.py:2972} INFO - Setting next_dagrun for example_skip_dag to 2022-07-21T14:29:51.845595+00:00, run_after=2022-07-22T14:29:51.845595+00:00
[2022-07-22 14:29:51,869] {processor.py:161} INFO - Processing /home/airflow/.local/lib/python3.7/site-packages/airflow/example_dags/example_skip_dag.py took 0.108 seconds
[2022-07-22 14:30:22,612] {processor.py:153} INFO - Started process (PID=496) to work on /home/airflow/.local/lib/python3.7/site-packages/airflow/example_dags/example_skip_dag.py
[2022-07-22 14:30:22,612] {processor.py:641} INFO - Processing file /home/airflow/.local/lib/python3.7/site-packages/airflow/example_dags/example_skip_dag.py for tasks to queue
[2022-07-22 14:30:22,613] {logging_mixin.py:115} INFO - [2022-07-22 14:30:22,613] {dagbag.py:508} INFO - Filling up the DagBag from /home/airflow/.local/lib/python3.7/site-packages/airflow/example_dags/example_skip_dag.py
[2022-07-22 14:30:22,617] {processor.py:651} INFO - DAG(s) dict_keys(['example_skip_dag']) retrieved from /home/airflow/.local/lib/python3.7/site-packages/airflow/example_dags/example_skip_dag.py
[2022-07-22 14:30:22,641] {logging_mixin.py:115} INFO - [2022-07-22 14:30:22,641] {dag.py:2420} INFO - Sync 1 DAGs
[2022-07-22 14:30:22,661] {logging_mixin.py:115} INFO - [2022-07-22 14:30:22,661] {dag.py:2972} INFO - Setting next_dagrun for example_skip_dag to 2022-07-21T14:30:22.661528+00:00, run_after=2022-07-22T14:30:22.661528+00:00
[2022-07-22 14:30:22,675] {processor.py:161} INFO - Processing /home/airflow/.local/lib/python3.7/site-packages/airflow/example_dags/example_skip_dag.py took 0.065 seconds
[2022-07-22 14:30:53,248] {processor.py:153} INFO - Started process (PID=698) to work on /home/airflow/.local/lib/python3.7/site-packages/airflow/example_dags/example_skip_dag.py
[2022-07-22 14:30:53,248] {processor.py:641} INFO - Processing file /home/airflow/.local/lib/python3.7/site-packages/airflow/example_dags/example_skip_dag.py for tasks to queue
[2022-07-22 14:30:53,249] {logging_mixin.py:115} INFO - [2022-07-22 14:30:53,249] {dagbag.py:508} INFO - Filling up the DagBag from /home/airflow/.local/lib/python3.7/site-packages/airflow/example_dags/example_skip_dag.py
[2022-07-22 14:30:53,253] {processor.py:651} INFO - DAG(s) dict_keys(['example_skip_dag']) retrieved from /home/airflow/.local/lib/python3.7/site-packages/airflow/example_dags/example_skip_dag.py
[2022-07-22 14:30:53,290] {logging_mixin.py:115} INFO - [2022-07-22 14:30:53,290] {dag.py:2420} INFO - Sync 1 DAGs
[2022-07-22 14:30:53,330] {logging_mixin.py:115} INFO - [2022-07-22 14:30:53,330] {dag.py:2972} INFO - Setting next_dagrun for example_skip_dag to 2022-07-21T14:30:53.330055+00:00, run_after=2022-07-22T14:30:53.330055+00:00
[2022-07-22 14:30:53,356] {processor.py:161} INFO - Processing /home/airflow/.local/lib/python3.7/site-packages/airflow/example_dags/example_skip_dag.py took 0.111 seconds
[2022-07-22 14:31:24,051] {processor.py:153} INFO - Started process (PID=900) to work on /home/airflow/.local/lib/python3.7/site-packages/airflow/example_dags/example_skip_dag.py
[2022-07-22 14:31:24,052] {processor.py:641} INFO - Processing file /home/airflow/.local/lib/python3.7/site-packages/airflow/example_dags/example_skip_dag.py for tasks to queue
[2022-07-22 14:31:24,053] {logging_mixin.py:115} INFO - [2022-07-22 14:31:24,052] {dagbag.py:508} INFO - Filling up the DagBag from /home/airflow/.local/lib/python3.7/site-packages/airflow/example_dags/example_skip_dag.py
[2022-07-22 14:31:24,057] {processor.py:651} INFO - DAG(s) dict_keys(['example_skip_dag']) retrieved from /home/airflow/.local/lib/python3.7/site-packages/airflow/example_dags/example_skip_dag.py
[2022-07-22 14:31:24,083] {logging_mixin.py:115} INFO - [2022-07-22 14:31:24,083] {dag.py:2420} INFO - Sync 1 DAGs
[2022-07-22 14:31:24,111] {logging_mixin.py:115} INFO - [2022-07-22 14:31:24,111] {dag.py:2972} INFO - Setting next_dagrun for example_skip_dag to 2022-07-21T14:31:24.111529+00:00, run_after=2022-07-22T14:31:24.111529+00:00
[2022-07-22 14:31:24,127] {processor.py:161} INFO - Processing /home/airflow/.local/lib/python3.7/site-packages/airflow/example_dags/example_skip_dag.py took 0.081 seconds
[2022-07-22 14:31:54,777] {processor.py:153} INFO - Started process (PID=1093) to work on /home/airflow/.local/lib/python3.7/site-packages/airflow/example_dags/example_skip_dag.py
[2022-07-22 14:31:54,778] {processor.py:641} INFO - Processing file /home/airflow/.local/lib/python3.7/site-packages/airflow/example_dags/example_skip_dag.py for tasks to queue
[2022-07-22 14:31:54,780] {logging_mixin.py:115} INFO - [2022-07-22 14:31:54,780] {dagbag.py:508} INFO - Filling up the DagBag from /home/airflow/.local/lib/python3.7/site-packages/airflow/example_dags/example_skip_dag.py
[2022-07-22 14:31:54,791] {processor.py:651} INFO - DAG(s) dict_keys(['example_skip_dag']) retrieved from /home/airflow/.local/lib/python3.7/site-packages/airflow/example_dags/example_skip_dag.py
[2022-07-22 14:31:54,847] {logging_mixin.py:115} INFO - [2022-07-22 14:31:54,847] {dag.py:2420} INFO - Sync 1 DAGs
[2022-07-22 14:31:54,878] {logging_mixin.py:115} INFO - [2022-07-22 14:31:54,878] {dag.py:2972} INFO - Setting next_dagrun for example_skip_dag to 2022-07-21T14:31:54.878285+00:00, run_after=2022-07-22T14:31:54.878285+00:00
[2022-07-22 14:31:54,897] {processor.py:161} INFO - Processing /home/airflow/.local/lib/python3.7/site-packages/airflow/example_dags/example_skip_dag.py took 0.127 seconds
[2022-07-22 14:32:25,903] {processor.py:153} INFO - Started process (PID=1315) to work on /home/airflow/.local/lib/python3.7/site-packages/airflow/example_dags/example_skip_dag.py
[2022-07-22 14:32:25,904] {processor.py:641} INFO - Processing file /home/airflow/.local/lib/python3.7/site-packages/airflow/example_dags/example_skip_dag.py for tasks to queue
[2022-07-22 14:32:25,905] {logging_mixin.py:115} INFO - [2022-07-22 14:32:25,905] {dagbag.py:508} INFO - Filling up the DagBag from /home/airflow/.local/lib/python3.7/site-packages/airflow/example_dags/example_skip_dag.py
[2022-07-22 14:32:25,915] {processor.py:651} INFO - DAG(s) dict_keys(['example_skip_dag']) retrieved from /home/airflow/.local/lib/python3.7/site-packages/airflow/example_dags/example_skip_dag.py
[2022-07-22 14:32:25,958] {logging_mixin.py:115} INFO - [2022-07-22 14:32:25,957] {dag.py:2420} INFO - Sync 1 DAGs
[2022-07-22 14:32:25,980] {logging_mixin.py:115} INFO - [2022-07-22 14:32:25,980] {dag.py:2972} INFO - Setting next_dagrun for example_skip_dag to 2022-07-21T14:32:25.980410+00:00, run_after=2022-07-22T14:32:25.980410+00:00
[2022-07-22 14:32:25,998] {processor.py:161} INFO - Processing /home/airflow/.local/lib/python3.7/site-packages/airflow/example_dags/example_skip_dag.py took 0.100 seconds
[2022-07-22 14:32:56,854] {processor.py:153} INFO - Started process (PID=1517) to work on /home/airflow/.local/lib/python3.7/site-packages/airflow/example_dags/example_skip_dag.py
[2022-07-22 14:32:56,855] {processor.py:641} INFO - Processing file /home/airflow/.local/lib/python3.7/site-packages/airflow/example_dags/example_skip_dag.py for tasks to queue
[2022-07-22 14:32:56,856] {logging_mixin.py:115} INFO - [2022-07-22 14:32:56,856] {dagbag.py:508} INFO - Filling up the DagBag from /home/airflow/.local/lib/python3.7/site-packages/airflow/example_dags/example_skip_dag.py
[2022-07-22 14:32:56,864] {processor.py:651} INFO - DAG(s) dict_keys(['example_skip_dag']) retrieved from /home/airflow/.local/lib/python3.7/site-packages/airflow/example_dags/example_skip_dag.py
[2022-07-22 14:32:56,908] {logging_mixin.py:115} INFO - [2022-07-22 14:32:56,908] {dag.py:2420} INFO - Sync 1 DAGs
[2022-07-22 14:32:56,941] {logging_mixin.py:115} INFO - [2022-07-22 14:32:56,941] {dag.py:2972} INFO - Setting next_dagrun for example_skip_dag to 2022-07-21T14:32:56.941063+00:00, run_after=2022-07-22T14:32:56.941063+00:00
[2022-07-22 14:32:56,962] {processor.py:161} INFO - Processing /home/airflow/.local/lib/python3.7/site-packages/airflow/example_dags/example_skip_dag.py took 0.113 seconds
[2022-07-22 14:33:28,153] {processor.py:153} INFO - Started process (PID=1712) to work on /home/airflow/.local/lib/python3.7/site-packages/airflow/example_dags/example_skip_dag.py
[2022-07-22 14:33:28,154] {processor.py:641} INFO - Processing file /home/airflow/.local/lib/python3.7/site-packages/airflow/example_dags/example_skip_dag.py for tasks to queue
[2022-07-22 14:33:28,155] {logging_mixin.py:115} INFO - [2022-07-22 14:33:28,155] {dagbag.py:508} INFO - Filling up the DagBag from /home/airflow/.local/lib/python3.7/site-packages/airflow/example_dags/example_skip_dag.py
[2022-07-22 14:33:28,170] {processor.py:651} INFO - DAG(s) dict_keys(['example_skip_dag']) retrieved from /home/airflow/.local/lib/python3.7/site-packages/airflow/example_dags/example_skip_dag.py
[2022-07-22 14:33:28,221] {logging_mixin.py:115} INFO - [2022-07-22 14:33:28,220] {dag.py:2420} INFO - Sync 1 DAGs
[2022-07-22 14:33:28,262] {logging_mixin.py:115} INFO - [2022-07-22 14:33:28,262] {dag.py:2972} INFO - Setting next_dagrun for example_skip_dag to 2022-07-21T14:33:28.261675+00:00, run_after=2022-07-22T14:33:28.261675+00:00
[2022-07-22 14:33:28,278] {processor.py:161} INFO - Processing /home/airflow/.local/lib/python3.7/site-packages/airflow/example_dags/example_skip_dag.py took 0.132 seconds
[2022-07-22 14:34:50,182] {processor.py:153} INFO - Started process (PID=283) to work on /home/airflow/.local/lib/python3.7/site-packages/airflow/example_dags/example_skip_dag.py
[2022-07-22 14:34:50,183] {processor.py:641} INFO - Processing file /home/airflow/.local/lib/python3.7/site-packages/airflow/example_dags/example_skip_dag.py for tasks to queue
[2022-07-22 14:34:50,184] {logging_mixin.py:115} INFO - [2022-07-22 14:34:50,184] {dagbag.py:508} INFO - Filling up the DagBag from /home/airflow/.local/lib/python3.7/site-packages/airflow/example_dags/example_skip_dag.py
[2022-07-22 14:34:50,193] {processor.py:651} INFO - DAG(s) dict_keys(['example_skip_dag']) retrieved from /home/airflow/.local/lib/python3.7/site-packages/airflow/example_dags/example_skip_dag.py
[2022-07-22 14:34:50,251] {logging_mixin.py:115} INFO - [2022-07-22 14:34:50,250] {dag.py:2420} INFO - Sync 1 DAGs
[2022-07-22 14:34:50,303] {logging_mixin.py:115} INFO - [2022-07-22 14:34:50,303] {dag.py:2972} INFO - Setting next_dagrun for example_skip_dag to 2022-07-21T14:34:50.303225+00:00, run_after=2022-07-22T14:34:50.303225+00:00
[2022-07-22 14:34:50,319] {processor.py:161} INFO - Processing /home/airflow/.local/lib/python3.7/site-packages/airflow/example_dags/example_skip_dag.py took 0.142 seconds
[2022-07-22 14:35:20,993] {processor.py:153} INFO - Started process (PID=486) to work on /home/airflow/.local/lib/python3.7/site-packages/airflow/example_dags/example_skip_dag.py
[2022-07-22 14:35:20,994] {processor.py:641} INFO - Processing file /home/airflow/.local/lib/python3.7/site-packages/airflow/example_dags/example_skip_dag.py for tasks to queue
[2022-07-22 14:35:20,995] {logging_mixin.py:115} INFO - [2022-07-22 14:35:20,994] {dagbag.py:508} INFO - Filling up the DagBag from /home/airflow/.local/lib/python3.7/site-packages/airflow/example_dags/example_skip_dag.py
[2022-07-22 14:35:21,005] {processor.py:651} INFO - DAG(s) dict_keys(['example_skip_dag']) retrieved from /home/airflow/.local/lib/python3.7/site-packages/airflow/example_dags/example_skip_dag.py
[2022-07-22 14:35:21,056] {logging_mixin.py:115} INFO - [2022-07-22 14:35:21,056] {dag.py:2420} INFO - Sync 1 DAGs
[2022-07-22 14:35:21,084] {logging_mixin.py:115} INFO - [2022-07-22 14:35:21,084] {dag.py:2972} INFO - Setting next_dagrun for example_skip_dag to 2022-07-21T14:35:21.083799+00:00, run_after=2022-07-22T14:35:21.083799+00:00
[2022-07-22 14:35:21,101] {processor.py:161} INFO - Processing /home/airflow/.local/lib/python3.7/site-packages/airflow/example_dags/example_skip_dag.py took 0.111 seconds
