[2022-07-22 14:06:14,913] {processor.py:153} INFO - Started process (PID=309) to work on /home/airflow/.local/lib/python3.7/site-packages/airflow/example_dags/example_dag_decorator.py
[2022-07-22 14:06:14,914] {processor.py:641} INFO - Processing file /home/airflow/.local/lib/python3.7/site-packages/airflow/example_dags/example_dag_decorator.py for tasks to queue
[2022-07-22 14:06:14,915] {logging_mixin.py:115} INFO - [2022-07-22 14:06:14,915] {dagbag.py:508} INFO - Filling up the DagBag from /home/airflow/.local/lib/python3.7/site-packages/airflow/example_dags/example_dag_decorator.py
[2022-07-22 14:06:14,959] {processor.py:651} INFO - DAG(s) dict_keys(['example_dag_decorator']) retrieved from /home/airflow/.local/lib/python3.7/site-packages/airflow/example_dags/example_dag_decorator.py
[2022-07-22 14:06:15,063] {logging_mixin.py:115} INFO - [2022-07-22 14:06:15,063] {manager.py:508} INFO - Created Permission View: can read on DAG:example_dag_decorator
[2022-07-22 14:06:15,082] {logging_mixin.py:115} INFO - [2022-07-22 14:06:15,082] {manager.py:508} INFO - Created Permission View: can delete on DAG:example_dag_decorator
[2022-07-22 14:06:15,098] {logging_mixin.py:115} INFO - [2022-07-22 14:06:15,098] {manager.py:508} INFO - Created Permission View: can edit on DAG:example_dag_decorator
[2022-07-22 14:06:15,099] {logging_mixin.py:115} INFO - [2022-07-22 14:06:15,098] {dag.py:2420} INFO - Sync 1 DAGs
[2022-07-22 14:06:15,110] {logging_mixin.py:115} INFO - [2022-07-22 14:06:15,110] {dag.py:2439} INFO - Creating ORM DAG for example_dag_decorator
[2022-07-22 14:06:15,128] {logging_mixin.py:115} INFO - [2022-07-22 14:06:15,128] {dag.py:2972} INFO - Setting next_dagrun for example_dag_decorator to None, run_after=None
[2022-07-22 14:06:15,155] {processor.py:161} INFO - Processing /home/airflow/.local/lib/python3.7/site-packages/airflow/example_dags/example_dag_decorator.py took 0.246 seconds
[2022-07-22 14:06:45,952] {processor.py:153} INFO - Started process (PID=497) to work on /home/airflow/.local/lib/python3.7/site-packages/airflow/example_dags/example_dag_decorator.py
[2022-07-22 14:06:45,953] {processor.py:641} INFO - Processing file /home/airflow/.local/lib/python3.7/site-packages/airflow/example_dags/example_dag_decorator.py for tasks to queue
[2022-07-22 14:06:45,954] {logging_mixin.py:115} INFO - [2022-07-22 14:06:45,953] {dagbag.py:508} INFO - Filling up the DagBag from /home/airflow/.local/lib/python3.7/site-packages/airflow/example_dags/example_dag_decorator.py
[2022-07-22 14:06:45,985] {processor.py:651} INFO - DAG(s) dict_keys(['example_dag_decorator']) retrieved from /home/airflow/.local/lib/python3.7/site-packages/airflow/example_dags/example_dag_decorator.py
[2022-07-22 14:06:46,099] {logging_mixin.py:115} INFO - [2022-07-22 14:06:46,099] {dag.py:2420} INFO - Sync 1 DAGs
[2022-07-22 14:06:46,121] {logging_mixin.py:115} INFO - [2022-07-22 14:06:46,121] {dag.py:2972} INFO - Setting next_dagrun for example_dag_decorator to None, run_after=None
[2022-07-22 14:06:46,138] {processor.py:161} INFO - Processing /home/airflow/.local/lib/python3.7/site-packages/airflow/example_dags/example_dag_decorator.py took 0.189 seconds
[2022-07-22 14:07:16,801] {processor.py:153} INFO - Started process (PID=694) to work on /home/airflow/.local/lib/python3.7/site-packages/airflow/example_dags/example_dag_decorator.py
[2022-07-22 14:07:16,802] {processor.py:641} INFO - Processing file /home/airflow/.local/lib/python3.7/site-packages/airflow/example_dags/example_dag_decorator.py for tasks to queue
[2022-07-22 14:07:16,803] {logging_mixin.py:115} INFO - [2022-07-22 14:07:16,803] {dagbag.py:508} INFO - Filling up the DagBag from /home/airflow/.local/lib/python3.7/site-packages/airflow/example_dags/example_dag_decorator.py
[2022-07-22 14:07:16,848] {processor.py:651} INFO - DAG(s) dict_keys(['example_dag_decorator']) retrieved from /home/airflow/.local/lib/python3.7/site-packages/airflow/example_dags/example_dag_decorator.py
[2022-07-22 14:07:16,952] {logging_mixin.py:115} INFO - [2022-07-22 14:07:16,952] {dag.py:2420} INFO - Sync 1 DAGs
[2022-07-22 14:07:16,990] {logging_mixin.py:115} INFO - [2022-07-22 14:07:16,990] {dag.py:2972} INFO - Setting next_dagrun for example_dag_decorator to None, run_after=None
[2022-07-22 14:07:17,019] {processor.py:161} INFO - Processing /home/airflow/.local/lib/python3.7/site-packages/airflow/example_dags/example_dag_decorator.py took 0.224 seconds
[2022-07-22 14:08:21,073] {processor.py:153} INFO - Started process (PID=313) to work on /home/airflow/.local/lib/python3.7/site-packages/airflow/example_dags/example_dag_decorator.py
[2022-07-22 14:08:21,074] {processor.py:641} INFO - Processing file /home/airflow/.local/lib/python3.7/site-packages/airflow/example_dags/example_dag_decorator.py for tasks to queue
[2022-07-22 14:08:21,075] {logging_mixin.py:115} INFO - [2022-07-22 14:08:21,075] {dagbag.py:508} INFO - Filling up the DagBag from /home/airflow/.local/lib/python3.7/site-packages/airflow/example_dags/example_dag_decorator.py
[2022-07-22 14:08:21,115] {processor.py:651} INFO - DAG(s) dict_keys(['example_dag_decorator']) retrieved from /home/airflow/.local/lib/python3.7/site-packages/airflow/example_dags/example_dag_decorator.py
[2022-07-22 14:08:21,192] {logging_mixin.py:115} INFO - [2022-07-22 14:08:21,192] {dag.py:2420} INFO - Sync 1 DAGs
[2022-07-22 14:08:21,211] {logging_mixin.py:115} INFO - [2022-07-22 14:08:21,211] {dag.py:2972} INFO - Setting next_dagrun for example_dag_decorator to None, run_after=None
[2022-07-22 14:08:21,229] {processor.py:161} INFO - Processing /home/airflow/.local/lib/python3.7/site-packages/airflow/example_dags/example_dag_decorator.py took 0.161 seconds
[2022-07-22 14:08:52,305] {processor.py:153} INFO - Started process (PID=511) to work on /home/airflow/.local/lib/python3.7/site-packages/airflow/example_dags/example_dag_decorator.py
[2022-07-22 14:08:52,306] {processor.py:641} INFO - Processing file /home/airflow/.local/lib/python3.7/site-packages/airflow/example_dags/example_dag_decorator.py for tasks to queue
[2022-07-22 14:08:52,307] {logging_mixin.py:115} INFO - [2022-07-22 14:08:52,307] {dagbag.py:508} INFO - Filling up the DagBag from /home/airflow/.local/lib/python3.7/site-packages/airflow/example_dags/example_dag_decorator.py
[2022-07-22 14:08:52,347] {processor.py:651} INFO - DAG(s) dict_keys(['example_dag_decorator']) retrieved from /home/airflow/.local/lib/python3.7/site-packages/airflow/example_dags/example_dag_decorator.py
[2022-07-22 14:08:52,460] {logging_mixin.py:115} INFO - [2022-07-22 14:08:52,459] {dag.py:2420} INFO - Sync 1 DAGs
[2022-07-22 14:08:52,495] {logging_mixin.py:115} INFO - [2022-07-22 14:08:52,494] {dag.py:2972} INFO - Setting next_dagrun for example_dag_decorator to None, run_after=None
[2022-07-22 14:08:52,521] {processor.py:161} INFO - Processing /home/airflow/.local/lib/python3.7/site-packages/airflow/example_dags/example_dag_decorator.py took 0.220 seconds
[2022-07-22 14:09:22,787] {processor.py:153} INFO - Started process (PID=717) to work on /home/airflow/.local/lib/python3.7/site-packages/airflow/example_dags/example_dag_decorator.py
[2022-07-22 14:09:22,787] {processor.py:641} INFO - Processing file /home/airflow/.local/lib/python3.7/site-packages/airflow/example_dags/example_dag_decorator.py for tasks to queue
[2022-07-22 14:09:22,788] {logging_mixin.py:115} INFO - [2022-07-22 14:09:22,787] {dagbag.py:508} INFO - Filling up the DagBag from /home/airflow/.local/lib/python3.7/site-packages/airflow/example_dags/example_dag_decorator.py
[2022-07-22 14:09:22,806] {processor.py:651} INFO - DAG(s) dict_keys(['example_dag_decorator']) retrieved from /home/airflow/.local/lib/python3.7/site-packages/airflow/example_dags/example_dag_decorator.py
[2022-07-22 14:09:22,868] {logging_mixin.py:115} INFO - [2022-07-22 14:09:22,868] {dag.py:2420} INFO - Sync 1 DAGs
[2022-07-22 14:09:22,918] {logging_mixin.py:115} INFO - [2022-07-22 14:09:22,918] {dag.py:2972} INFO - Setting next_dagrun for example_dag_decorator to None, run_after=None
[2022-07-22 14:09:22,942] {processor.py:161} INFO - Processing /home/airflow/.local/lib/python3.7/site-packages/airflow/example_dags/example_dag_decorator.py took 0.157 seconds
[2022-07-22 14:09:53,115] {processor.py:153} INFO - Started process (PID=925) to work on /home/airflow/.local/lib/python3.7/site-packages/airflow/example_dags/example_dag_decorator.py
[2022-07-22 14:09:53,116] {processor.py:641} INFO - Processing file /home/airflow/.local/lib/python3.7/site-packages/airflow/example_dags/example_dag_decorator.py for tasks to queue
[2022-07-22 14:09:53,117] {logging_mixin.py:115} INFO - [2022-07-22 14:09:53,117] {dagbag.py:508} INFO - Filling up the DagBag from /home/airflow/.local/lib/python3.7/site-packages/airflow/example_dags/example_dag_decorator.py
[2022-07-22 14:09:53,151] {processor.py:651} INFO - DAG(s) dict_keys(['example_dag_decorator']) retrieved from /home/airflow/.local/lib/python3.7/site-packages/airflow/example_dags/example_dag_decorator.py
[2022-07-22 14:09:53,249] {logging_mixin.py:115} INFO - [2022-07-22 14:09:53,249] {dag.py:2420} INFO - Sync 1 DAGs
[2022-07-22 14:09:53,267] {logging_mixin.py:115} INFO - [2022-07-22 14:09:53,266] {dag.py:2972} INFO - Setting next_dagrun for example_dag_decorator to None, run_after=None
[2022-07-22 14:09:53,292] {processor.py:161} INFO - Processing /home/airflow/.local/lib/python3.7/site-packages/airflow/example_dags/example_dag_decorator.py took 0.182 seconds
[2022-07-22 14:11:27,821] {processor.py:153} INFO - Started process (PID=315) to work on /home/airflow/.local/lib/python3.7/site-packages/airflow/example_dags/example_dag_decorator.py
[2022-07-22 14:11:27,821] {processor.py:641} INFO - Processing file /home/airflow/.local/lib/python3.7/site-packages/airflow/example_dags/example_dag_decorator.py for tasks to queue
[2022-07-22 14:11:27,822] {logging_mixin.py:115} INFO - [2022-07-22 14:11:27,822] {dagbag.py:508} INFO - Filling up the DagBag from /home/airflow/.local/lib/python3.7/site-packages/airflow/example_dags/example_dag_decorator.py
[2022-07-22 14:11:27,848] {processor.py:651} INFO - DAG(s) dict_keys(['example_dag_decorator']) retrieved from /home/airflow/.local/lib/python3.7/site-packages/airflow/example_dags/example_dag_decorator.py
[2022-07-22 14:11:27,935] {logging_mixin.py:115} INFO - [2022-07-22 14:11:27,935] {manager.py:508} INFO - Created Permission View: can read on DAG:example_dag_decorator
[2022-07-22 14:11:27,947] {logging_mixin.py:115} INFO - [2022-07-22 14:11:27,946] {manager.py:508} INFO - Created Permission View: can edit on DAG:example_dag_decorator
[2022-07-22 14:11:27,957] {logging_mixin.py:115} INFO - [2022-07-22 14:11:27,956] {manager.py:508} INFO - Created Permission View: can delete on DAG:example_dag_decorator
[2022-07-22 14:11:27,957] {logging_mixin.py:115} INFO - [2022-07-22 14:11:27,957] {dag.py:2420} INFO - Sync 1 DAGs
[2022-07-22 14:11:27,965] {logging_mixin.py:115} INFO - [2022-07-22 14:11:27,965] {dag.py:2439} INFO - Creating ORM DAG for example_dag_decorator
[2022-07-22 14:11:27,977] {logging_mixin.py:115} INFO - [2022-07-22 14:11:27,977] {dag.py:2972} INFO - Setting next_dagrun for example_dag_decorator to None, run_after=None
[2022-07-22 14:11:27,994] {processor.py:161} INFO - Processing /home/airflow/.local/lib/python3.7/site-packages/airflow/example_dags/example_dag_decorator.py took 0.178 seconds
[2022-07-22 14:12:55,971] {processor.py:153} INFO - Started process (PID=315) to work on /home/airflow/.local/lib/python3.7/site-packages/airflow/example_dags/example_dag_decorator.py
[2022-07-22 14:12:55,971] {processor.py:641} INFO - Processing file /home/airflow/.local/lib/python3.7/site-packages/airflow/example_dags/example_dag_decorator.py for tasks to queue
[2022-07-22 14:12:55,972] {logging_mixin.py:115} INFO - [2022-07-22 14:12:55,972] {dagbag.py:508} INFO - Filling up the DagBag from /home/airflow/.local/lib/python3.7/site-packages/airflow/example_dags/example_dag_decorator.py
[2022-07-22 14:12:56,001] {processor.py:651} INFO - DAG(s) dict_keys(['example_dag_decorator']) retrieved from /home/airflow/.local/lib/python3.7/site-packages/airflow/example_dags/example_dag_decorator.py
[2022-07-22 14:12:56,143] {logging_mixin.py:115} INFO - [2022-07-22 14:12:56,142] {manager.py:508} INFO - Created Permission View: can read on DAG:example_dag_decorator
[2022-07-22 14:12:56,158] {logging_mixin.py:115} INFO - [2022-07-22 14:12:56,158] {manager.py:508} INFO - Created Permission View: can delete on DAG:example_dag_decorator
[2022-07-22 14:12:56,172] {logging_mixin.py:115} INFO - [2022-07-22 14:12:56,171] {manager.py:508} INFO - Created Permission View: can edit on DAG:example_dag_decorator
[2022-07-22 14:12:56,178] {logging_mixin.py:115} INFO - [2022-07-22 14:12:56,177] {dag.py:2420} INFO - Sync 1 DAGs
[2022-07-22 14:12:56,191] {logging_mixin.py:115} INFO - [2022-07-22 14:12:56,191] {dag.py:2439} INFO - Creating ORM DAG for example_dag_decorator
[2022-07-22 14:12:56,209] {logging_mixin.py:115} INFO - [2022-07-22 14:12:56,209] {dag.py:2972} INFO - Setting next_dagrun for example_dag_decorator to None, run_after=None
[2022-07-22 14:12:56,233] {processor.py:161} INFO - Processing /home/airflow/.local/lib/python3.7/site-packages/airflow/example_dags/example_dag_decorator.py took 0.266 seconds
[2022-07-22 14:13:26,857] {processor.py:153} INFO - Started process (PID=506) to work on /home/airflow/.local/lib/python3.7/site-packages/airflow/example_dags/example_dag_decorator.py
[2022-07-22 14:13:26,858] {processor.py:641} INFO - Processing file /home/airflow/.local/lib/python3.7/site-packages/airflow/example_dags/example_dag_decorator.py for tasks to queue
[2022-07-22 14:13:26,859] {logging_mixin.py:115} INFO - [2022-07-22 14:13:26,859] {dagbag.py:508} INFO - Filling up the DagBag from /home/airflow/.local/lib/python3.7/site-packages/airflow/example_dags/example_dag_decorator.py
[2022-07-22 14:13:26,896] {processor.py:651} INFO - DAG(s) dict_keys(['example_dag_decorator']) retrieved from /home/airflow/.local/lib/python3.7/site-packages/airflow/example_dags/example_dag_decorator.py
[2022-07-22 14:13:26,995] {logging_mixin.py:115} INFO - [2022-07-22 14:13:26,995] {dag.py:2420} INFO - Sync 1 DAGs
[2022-07-22 14:13:27,012] {logging_mixin.py:115} INFO - [2022-07-22 14:13:27,012] {dag.py:2972} INFO - Setting next_dagrun for example_dag_decorator to None, run_after=None
[2022-07-22 14:13:27,025] {processor.py:161} INFO - Processing /home/airflow/.local/lib/python3.7/site-packages/airflow/example_dags/example_dag_decorator.py took 0.173 seconds
[2022-07-22 14:14:49,266] {processor.py:153} INFO - Started process (PID=313) to work on /home/airflow/.local/lib/python3.7/site-packages/airflow/example_dags/example_dag_decorator.py
[2022-07-22 14:14:49,267] {processor.py:641} INFO - Processing file /home/airflow/.local/lib/python3.7/site-packages/airflow/example_dags/example_dag_decorator.py for tasks to queue
[2022-07-22 14:14:49,268] {logging_mixin.py:115} INFO - [2022-07-22 14:14:49,268] {dagbag.py:508} INFO - Filling up the DagBag from /home/airflow/.local/lib/python3.7/site-packages/airflow/example_dags/example_dag_decorator.py
[2022-07-22 14:14:49,315] {processor.py:651} INFO - DAG(s) dict_keys(['example_dag_decorator']) retrieved from /home/airflow/.local/lib/python3.7/site-packages/airflow/example_dags/example_dag_decorator.py
[2022-07-22 14:14:49,433] {logging_mixin.py:115} INFO - [2022-07-22 14:14:49,433] {manager.py:508} INFO - Created Permission View: can read on DAG:example_dag_decorator
[2022-07-22 14:14:49,453] {logging_mixin.py:115} INFO - [2022-07-22 14:14:49,453] {manager.py:508} INFO - Created Permission View: can edit on DAG:example_dag_decorator
[2022-07-22 14:14:49,467] {logging_mixin.py:115} INFO - [2022-07-22 14:14:49,467] {manager.py:508} INFO - Created Permission View: can delete on DAG:example_dag_decorator
[2022-07-22 14:14:49,468] {logging_mixin.py:115} INFO - [2022-07-22 14:14:49,468] {dag.py:2420} INFO - Sync 1 DAGs
[2022-07-22 14:14:49,481] {logging_mixin.py:115} INFO - [2022-07-22 14:14:49,481] {dag.py:2439} INFO - Creating ORM DAG for example_dag_decorator
[2022-07-22 14:14:49,499] {logging_mixin.py:115} INFO - [2022-07-22 14:14:49,499] {dag.py:2972} INFO - Setting next_dagrun for example_dag_decorator to None, run_after=None
[2022-07-22 14:14:49,527] {processor.py:161} INFO - Processing /home/airflow/.local/lib/python3.7/site-packages/airflow/example_dags/example_dag_decorator.py took 0.267 seconds
[2022-07-22 14:15:19,859] {processor.py:153} INFO - Started process (PID=520) to work on /home/airflow/.local/lib/python3.7/site-packages/airflow/example_dags/example_dag_decorator.py
[2022-07-22 14:15:19,860] {processor.py:641} INFO - Processing file /home/airflow/.local/lib/python3.7/site-packages/airflow/example_dags/example_dag_decorator.py for tasks to queue
[2022-07-22 14:15:19,862] {logging_mixin.py:115} INFO - [2022-07-22 14:15:19,862] {dagbag.py:508} INFO - Filling up the DagBag from /home/airflow/.local/lib/python3.7/site-packages/airflow/example_dags/example_dag_decorator.py
[2022-07-22 14:15:19,908] {processor.py:651} INFO - DAG(s) dict_keys(['example_dag_decorator']) retrieved from /home/airflow/.local/lib/python3.7/site-packages/airflow/example_dags/example_dag_decorator.py
[2022-07-22 14:15:19,971] {logging_mixin.py:115} INFO - [2022-07-22 14:15:19,971] {dag.py:2420} INFO - Sync 1 DAGs
[2022-07-22 14:15:19,998] {logging_mixin.py:115} INFO - [2022-07-22 14:15:19,998] {dag.py:2972} INFO - Setting next_dagrun for example_dag_decorator to None, run_after=None
[2022-07-22 14:15:20,026] {processor.py:161} INFO - Processing /home/airflow/.local/lib/python3.7/site-packages/airflow/example_dags/example_dag_decorator.py took 0.174 seconds
[2022-07-22 14:15:50,163] {processor.py:153} INFO - Started process (PID=722) to work on /home/airflow/.local/lib/python3.7/site-packages/airflow/example_dags/example_dag_decorator.py
[2022-07-22 14:15:50,164] {processor.py:641} INFO - Processing file /home/airflow/.local/lib/python3.7/site-packages/airflow/example_dags/example_dag_decorator.py for tasks to queue
[2022-07-22 14:15:50,165] {logging_mixin.py:115} INFO - [2022-07-22 14:15:50,165] {dagbag.py:508} INFO - Filling up the DagBag from /home/airflow/.local/lib/python3.7/site-packages/airflow/example_dags/example_dag_decorator.py
[2022-07-22 14:15:50,212] {processor.py:651} INFO - DAG(s) dict_keys(['example_dag_decorator']) retrieved from /home/airflow/.local/lib/python3.7/site-packages/airflow/example_dags/example_dag_decorator.py
[2022-07-22 14:15:50,319] {logging_mixin.py:115} INFO - [2022-07-22 14:15:50,319] {dag.py:2420} INFO - Sync 1 DAGs
[2022-07-22 14:15:50,334] {logging_mixin.py:115} INFO - [2022-07-22 14:15:50,334] {dag.py:2972} INFO - Setting next_dagrun for example_dag_decorator to None, run_after=None
[2022-07-22 14:15:50,355] {processor.py:161} INFO - Processing /home/airflow/.local/lib/python3.7/site-packages/airflow/example_dags/example_dag_decorator.py took 0.198 seconds
[2022-07-22 14:16:20,639] {processor.py:153} INFO - Started process (PID=934) to work on /home/airflow/.local/lib/python3.7/site-packages/airflow/example_dags/example_dag_decorator.py
[2022-07-22 14:16:20,640] {processor.py:641} INFO - Processing file /home/airflow/.local/lib/python3.7/site-packages/airflow/example_dags/example_dag_decorator.py for tasks to queue
[2022-07-22 14:16:20,641] {logging_mixin.py:115} INFO - [2022-07-22 14:16:20,641] {dagbag.py:508} INFO - Filling up the DagBag from /home/airflow/.local/lib/python3.7/site-packages/airflow/example_dags/example_dag_decorator.py
[2022-07-22 14:16:20,686] {processor.py:651} INFO - DAG(s) dict_keys(['example_dag_decorator']) retrieved from /home/airflow/.local/lib/python3.7/site-packages/airflow/example_dags/example_dag_decorator.py
[2022-07-22 14:16:20,770] {logging_mixin.py:115} INFO - [2022-07-22 14:16:20,770] {dag.py:2420} INFO - Sync 1 DAGs
[2022-07-22 14:16:20,796] {logging_mixin.py:115} INFO - [2022-07-22 14:16:20,796] {dag.py:2972} INFO - Setting next_dagrun for example_dag_decorator to None, run_after=None
[2022-07-22 14:16:20,808] {processor.py:161} INFO - Processing /home/airflow/.local/lib/python3.7/site-packages/airflow/example_dags/example_dag_decorator.py took 0.175 seconds
[2022-07-22 14:16:51,052] {processor.py:153} INFO - Started process (PID=1125) to work on /home/airflow/.local/lib/python3.7/site-packages/airflow/example_dags/example_dag_decorator.py
[2022-07-22 14:16:51,054] {processor.py:641} INFO - Processing file /home/airflow/.local/lib/python3.7/site-packages/airflow/example_dags/example_dag_decorator.py for tasks to queue
[2022-07-22 14:16:51,055] {logging_mixin.py:115} INFO - [2022-07-22 14:16:51,055] {dagbag.py:508} INFO - Filling up the DagBag from /home/airflow/.local/lib/python3.7/site-packages/airflow/example_dags/example_dag_decorator.py
[2022-07-22 14:16:51,091] {processor.py:651} INFO - DAG(s) dict_keys(['example_dag_decorator']) retrieved from /home/airflow/.local/lib/python3.7/site-packages/airflow/example_dags/example_dag_decorator.py
[2022-07-22 14:16:51,197] {logging_mixin.py:115} INFO - [2022-07-22 14:16:51,197] {dag.py:2420} INFO - Sync 1 DAGs
[2022-07-22 14:16:51,213] {logging_mixin.py:115} INFO - [2022-07-22 14:16:51,213] {dag.py:2972} INFO - Setting next_dagrun for example_dag_decorator to None, run_after=None
[2022-07-22 14:16:51,225] {processor.py:161} INFO - Processing /home/airflow/.local/lib/python3.7/site-packages/airflow/example_dags/example_dag_decorator.py took 0.179 seconds
[2022-07-22 14:17:21,290] {processor.py:153} INFO - Started process (PID=1327) to work on /home/airflow/.local/lib/python3.7/site-packages/airflow/example_dags/example_dag_decorator.py
[2022-07-22 14:17:21,291] {processor.py:641} INFO - Processing file /home/airflow/.local/lib/python3.7/site-packages/airflow/example_dags/example_dag_decorator.py for tasks to queue
[2022-07-22 14:17:21,292] {logging_mixin.py:115} INFO - [2022-07-22 14:17:21,292] {dagbag.py:508} INFO - Filling up the DagBag from /home/airflow/.local/lib/python3.7/site-packages/airflow/example_dags/example_dag_decorator.py
[2022-07-22 14:17:21,340] {processor.py:651} INFO - DAG(s) dict_keys(['example_dag_decorator']) retrieved from /home/airflow/.local/lib/python3.7/site-packages/airflow/example_dags/example_dag_decorator.py
[2022-07-22 14:17:21,413] {logging_mixin.py:115} INFO - [2022-07-22 14:17:21,413] {dag.py:2420} INFO - Sync 1 DAGs
[2022-07-22 14:17:21,433] {logging_mixin.py:115} INFO - [2022-07-22 14:17:21,433] {dag.py:2972} INFO - Setting next_dagrun for example_dag_decorator to None, run_after=None
[2022-07-22 14:17:21,447] {processor.py:161} INFO - Processing /home/airflow/.local/lib/python3.7/site-packages/airflow/example_dags/example_dag_decorator.py took 0.163 seconds
[2022-07-22 14:17:52,224] {processor.py:153} INFO - Started process (PID=1529) to work on /home/airflow/.local/lib/python3.7/site-packages/airflow/example_dags/example_dag_decorator.py
[2022-07-22 14:17:52,225] {processor.py:641} INFO - Processing file /home/airflow/.local/lib/python3.7/site-packages/airflow/example_dags/example_dag_decorator.py for tasks to queue
[2022-07-22 14:17:52,226] {logging_mixin.py:115} INFO - [2022-07-22 14:17:52,226] {dagbag.py:508} INFO - Filling up the DagBag from /home/airflow/.local/lib/python3.7/site-packages/airflow/example_dags/example_dag_decorator.py
[2022-07-22 14:17:52,274] {processor.py:651} INFO - DAG(s) dict_keys(['example_dag_decorator']) retrieved from /home/airflow/.local/lib/python3.7/site-packages/airflow/example_dags/example_dag_decorator.py
[2022-07-22 14:17:52,385] {logging_mixin.py:115} INFO - [2022-07-22 14:17:52,385] {dag.py:2420} INFO - Sync 1 DAGs
[2022-07-22 14:17:52,401] {logging_mixin.py:115} INFO - [2022-07-22 14:17:52,401] {dag.py:2972} INFO - Setting next_dagrun for example_dag_decorator to None, run_after=None
[2022-07-22 14:17:52,413] {processor.py:161} INFO - Processing /home/airflow/.local/lib/python3.7/site-packages/airflow/example_dags/example_dag_decorator.py took 0.195 seconds
[2022-07-22 14:18:22,840] {processor.py:153} INFO - Started process (PID=1721) to work on /home/airflow/.local/lib/python3.7/site-packages/airflow/example_dags/example_dag_decorator.py
[2022-07-22 14:18:22,841] {processor.py:641} INFO - Processing file /home/airflow/.local/lib/python3.7/site-packages/airflow/example_dags/example_dag_decorator.py for tasks to queue
[2022-07-22 14:18:22,842] {logging_mixin.py:115} INFO - [2022-07-22 14:18:22,842] {dagbag.py:508} INFO - Filling up the DagBag from /home/airflow/.local/lib/python3.7/site-packages/airflow/example_dags/example_dag_decorator.py
[2022-07-22 14:18:22,882] {processor.py:651} INFO - DAG(s) dict_keys(['example_dag_decorator']) retrieved from /home/airflow/.local/lib/python3.7/site-packages/airflow/example_dags/example_dag_decorator.py
[2022-07-22 14:18:22,931] {logging_mixin.py:115} INFO - [2022-07-22 14:18:22,931] {dag.py:2420} INFO - Sync 1 DAGs
[2022-07-22 14:18:22,982] {logging_mixin.py:115} INFO - [2022-07-22 14:18:22,982] {dag.py:2972} INFO - Setting next_dagrun for example_dag_decorator to None, run_after=None
[2022-07-22 14:18:23,005] {processor.py:161} INFO - Processing /home/airflow/.local/lib/python3.7/site-packages/airflow/example_dags/example_dag_decorator.py took 0.171 seconds
[2022-07-22 14:18:53,068] {processor.py:153} INFO - Started process (PID=1923) to work on /home/airflow/.local/lib/python3.7/site-packages/airflow/example_dags/example_dag_decorator.py
[2022-07-22 14:18:53,070] {processor.py:641} INFO - Processing file /home/airflow/.local/lib/python3.7/site-packages/airflow/example_dags/example_dag_decorator.py for tasks to queue
[2022-07-22 14:18:53,071] {logging_mixin.py:115} INFO - [2022-07-22 14:18:53,071] {dagbag.py:508} INFO - Filling up the DagBag from /home/airflow/.local/lib/python3.7/site-packages/airflow/example_dags/example_dag_decorator.py
[2022-07-22 14:18:53,117] {processor.py:651} INFO - DAG(s) dict_keys(['example_dag_decorator']) retrieved from /home/airflow/.local/lib/python3.7/site-packages/airflow/example_dags/example_dag_decorator.py
[2022-07-22 14:18:53,169] {logging_mixin.py:115} INFO - [2022-07-22 14:18:53,169] {dag.py:2420} INFO - Sync 1 DAGs
[2022-07-22 14:18:53,192] {logging_mixin.py:115} INFO - [2022-07-22 14:18:53,192] {dag.py:2972} INFO - Setting next_dagrun for example_dag_decorator to None, run_after=None
[2022-07-22 14:18:53,203] {processor.py:161} INFO - Processing /home/airflow/.local/lib/python3.7/site-packages/airflow/example_dags/example_dag_decorator.py took 0.142 seconds
[2022-07-22 14:19:23,354] {processor.py:153} INFO - Started process (PID=2125) to work on /home/airflow/.local/lib/python3.7/site-packages/airflow/example_dags/example_dag_decorator.py
[2022-07-22 14:19:23,355] {processor.py:641} INFO - Processing file /home/airflow/.local/lib/python3.7/site-packages/airflow/example_dags/example_dag_decorator.py for tasks to queue
[2022-07-22 14:19:23,357] {logging_mixin.py:115} INFO - [2022-07-22 14:19:23,357] {dagbag.py:508} INFO - Filling up the DagBag from /home/airflow/.local/lib/python3.7/site-packages/airflow/example_dags/example_dag_decorator.py
[2022-07-22 14:19:23,402] {processor.py:651} INFO - DAG(s) dict_keys(['example_dag_decorator']) retrieved from /home/airflow/.local/lib/python3.7/site-packages/airflow/example_dags/example_dag_decorator.py
[2022-07-22 14:19:23,484] {logging_mixin.py:115} INFO - [2022-07-22 14:19:23,484] {dag.py:2420} INFO - Sync 1 DAGs
[2022-07-22 14:19:23,510] {logging_mixin.py:115} INFO - [2022-07-22 14:19:23,510] {dag.py:2972} INFO - Setting next_dagrun for example_dag_decorator to None, run_after=None
[2022-07-22 14:19:23,543] {processor.py:161} INFO - Processing /home/airflow/.local/lib/python3.7/site-packages/airflow/example_dags/example_dag_decorator.py took 0.195 seconds
[2022-07-22 14:19:53,699] {processor.py:153} INFO - Started process (PID=2318) to work on /home/airflow/.local/lib/python3.7/site-packages/airflow/example_dags/example_dag_decorator.py
[2022-07-22 14:19:53,700] {processor.py:641} INFO - Processing file /home/airflow/.local/lib/python3.7/site-packages/airflow/example_dags/example_dag_decorator.py for tasks to queue
[2022-07-22 14:19:53,701] {logging_mixin.py:115} INFO - [2022-07-22 14:19:53,701] {dagbag.py:508} INFO - Filling up the DagBag from /home/airflow/.local/lib/python3.7/site-packages/airflow/example_dags/example_dag_decorator.py
[2022-07-22 14:19:53,749] {processor.py:651} INFO - DAG(s) dict_keys(['example_dag_decorator']) retrieved from /home/airflow/.local/lib/python3.7/site-packages/airflow/example_dags/example_dag_decorator.py
[2022-07-22 14:19:53,859] {logging_mixin.py:115} INFO - [2022-07-22 14:19:53,858] {dag.py:2420} INFO - Sync 1 DAGs
[2022-07-22 14:19:53,897] {logging_mixin.py:115} INFO - [2022-07-22 14:19:53,897] {dag.py:2972} INFO - Setting next_dagrun for example_dag_decorator to None, run_after=None
[2022-07-22 14:19:53,921] {processor.py:161} INFO - Processing /home/airflow/.local/lib/python3.7/site-packages/airflow/example_dags/example_dag_decorator.py took 0.228 seconds
[2022-07-22 14:20:24,048] {processor.py:153} INFO - Started process (PID=2520) to work on /home/airflow/.local/lib/python3.7/site-packages/airflow/example_dags/example_dag_decorator.py
[2022-07-22 14:20:24,049] {processor.py:641} INFO - Processing file /home/airflow/.local/lib/python3.7/site-packages/airflow/example_dags/example_dag_decorator.py for tasks to queue
[2022-07-22 14:20:24,050] {logging_mixin.py:115} INFO - [2022-07-22 14:20:24,050] {dagbag.py:508} INFO - Filling up the DagBag from /home/airflow/.local/lib/python3.7/site-packages/airflow/example_dags/example_dag_decorator.py
[2022-07-22 14:20:24,098] {processor.py:651} INFO - DAG(s) dict_keys(['example_dag_decorator']) retrieved from /home/airflow/.local/lib/python3.7/site-packages/airflow/example_dags/example_dag_decorator.py
[2022-07-22 14:20:24,200] {logging_mixin.py:115} INFO - [2022-07-22 14:20:24,200] {dag.py:2420} INFO - Sync 1 DAGs
[2022-07-22 14:20:24,216] {logging_mixin.py:115} INFO - [2022-07-22 14:20:24,216] {dag.py:2972} INFO - Setting next_dagrun for example_dag_decorator to None, run_after=None
[2022-07-22 14:20:24,233] {processor.py:161} INFO - Processing /home/airflow/.local/lib/python3.7/site-packages/airflow/example_dags/example_dag_decorator.py took 0.191 seconds
[2022-07-22 14:20:54,879] {processor.py:153} INFO - Started process (PID=2722) to work on /home/airflow/.local/lib/python3.7/site-packages/airflow/example_dags/example_dag_decorator.py
[2022-07-22 14:20:54,880] {processor.py:641} INFO - Processing file /home/airflow/.local/lib/python3.7/site-packages/airflow/example_dags/example_dag_decorator.py for tasks to queue
[2022-07-22 14:20:54,881] {logging_mixin.py:115} INFO - [2022-07-22 14:20:54,881] {dagbag.py:508} INFO - Filling up the DagBag from /home/airflow/.local/lib/python3.7/site-packages/airflow/example_dags/example_dag_decorator.py
[2022-07-22 14:20:54,922] {processor.py:651} INFO - DAG(s) dict_keys(['example_dag_decorator']) retrieved from /home/airflow/.local/lib/python3.7/site-packages/airflow/example_dags/example_dag_decorator.py
[2022-07-22 14:20:55,019] {logging_mixin.py:115} INFO - [2022-07-22 14:20:55,019] {dag.py:2420} INFO - Sync 1 DAGs
[2022-07-22 14:20:55,036] {logging_mixin.py:115} INFO - [2022-07-22 14:20:55,036] {dag.py:2972} INFO - Setting next_dagrun for example_dag_decorator to None, run_after=None
[2022-07-22 14:20:55,052] {processor.py:161} INFO - Processing /home/airflow/.local/lib/python3.7/site-packages/airflow/example_dags/example_dag_decorator.py took 0.177 seconds
[2022-07-22 14:21:25,080] {processor.py:153} INFO - Started process (PID=2916) to work on /home/airflow/.local/lib/python3.7/site-packages/airflow/example_dags/example_dag_decorator.py
[2022-07-22 14:21:25,080] {processor.py:641} INFO - Processing file /home/airflow/.local/lib/python3.7/site-packages/airflow/example_dags/example_dag_decorator.py for tasks to queue
[2022-07-22 14:21:25,081] {logging_mixin.py:115} INFO - [2022-07-22 14:21:25,081] {dagbag.py:508} INFO - Filling up the DagBag from /home/airflow/.local/lib/python3.7/site-packages/airflow/example_dags/example_dag_decorator.py
[2022-07-22 14:21:25,100] {processor.py:651} INFO - DAG(s) dict_keys(['example_dag_decorator']) retrieved from /home/airflow/.local/lib/python3.7/site-packages/airflow/example_dags/example_dag_decorator.py
[2022-07-22 14:21:25,175] {logging_mixin.py:115} INFO - [2022-07-22 14:21:25,175] {dag.py:2420} INFO - Sync 1 DAGs
[2022-07-22 14:21:25,193] {logging_mixin.py:115} INFO - [2022-07-22 14:21:25,193] {dag.py:2972} INFO - Setting next_dagrun for example_dag_decorator to None, run_after=None
[2022-07-22 14:21:25,207] {processor.py:161} INFO - Processing /home/airflow/.local/lib/python3.7/site-packages/airflow/example_dags/example_dag_decorator.py took 0.130 seconds
[2022-07-22 14:21:56,223] {processor.py:153} INFO - Started process (PID=3117) to work on /home/airflow/.local/lib/python3.7/site-packages/airflow/example_dags/example_dag_decorator.py
[2022-07-22 14:21:56,224] {processor.py:641} INFO - Processing file /home/airflow/.local/lib/python3.7/site-packages/airflow/example_dags/example_dag_decorator.py for tasks to queue
[2022-07-22 14:21:56,225] {logging_mixin.py:115} INFO - [2022-07-22 14:21:56,225] {dagbag.py:508} INFO - Filling up the DagBag from /home/airflow/.local/lib/python3.7/site-packages/airflow/example_dags/example_dag_decorator.py
[2022-07-22 14:21:56,282] {processor.py:651} INFO - DAG(s) dict_keys(['example_dag_decorator']) retrieved from /home/airflow/.local/lib/python3.7/site-packages/airflow/example_dags/example_dag_decorator.py
[2022-07-22 14:21:56,395] {logging_mixin.py:115} INFO - [2022-07-22 14:21:56,395] {dag.py:2420} INFO - Sync 1 DAGs
[2022-07-22 14:21:56,418] {logging_mixin.py:115} INFO - [2022-07-22 14:21:56,418] {dag.py:2972} INFO - Setting next_dagrun for example_dag_decorator to None, run_after=None
[2022-07-22 14:21:56,440] {processor.py:161} INFO - Processing /home/airflow/.local/lib/python3.7/site-packages/airflow/example_dags/example_dag_decorator.py took 0.226 seconds
[2022-07-22 14:22:26,804] {processor.py:153} INFO - Started process (PID=3319) to work on /home/airflow/.local/lib/python3.7/site-packages/airflow/example_dags/example_dag_decorator.py
[2022-07-22 14:22:26,805] {processor.py:641} INFO - Processing file /home/airflow/.local/lib/python3.7/site-packages/airflow/example_dags/example_dag_decorator.py for tasks to queue
[2022-07-22 14:22:26,806] {logging_mixin.py:115} INFO - [2022-07-22 14:22:26,806] {dagbag.py:508} INFO - Filling up the DagBag from /home/airflow/.local/lib/python3.7/site-packages/airflow/example_dags/example_dag_decorator.py
[2022-07-22 14:22:26,857] {processor.py:651} INFO - DAG(s) dict_keys(['example_dag_decorator']) retrieved from /home/airflow/.local/lib/python3.7/site-packages/airflow/example_dags/example_dag_decorator.py
[2022-07-22 14:22:26,967] {logging_mixin.py:115} INFO - [2022-07-22 14:22:26,966] {dag.py:2420} INFO - Sync 1 DAGs
[2022-07-22 14:22:26,992] {logging_mixin.py:115} INFO - [2022-07-22 14:22:26,992] {dag.py:2972} INFO - Setting next_dagrun for example_dag_decorator to None, run_after=None
[2022-07-22 14:22:27,004] {processor.py:161} INFO - Processing /home/airflow/.local/lib/python3.7/site-packages/airflow/example_dags/example_dag_decorator.py took 0.210 seconds
[2022-07-22 14:22:57,049] {processor.py:153} INFO - Started process (PID=3521) to work on /home/airflow/.local/lib/python3.7/site-packages/airflow/example_dags/example_dag_decorator.py
[2022-07-22 14:22:57,050] {processor.py:641} INFO - Processing file /home/airflow/.local/lib/python3.7/site-packages/airflow/example_dags/example_dag_decorator.py for tasks to queue
[2022-07-22 14:22:57,051] {logging_mixin.py:115} INFO - [2022-07-22 14:22:57,051] {dagbag.py:508} INFO - Filling up the DagBag from /home/airflow/.local/lib/python3.7/site-packages/airflow/example_dags/example_dag_decorator.py
[2022-07-22 14:22:57,087] {processor.py:651} INFO - DAG(s) dict_keys(['example_dag_decorator']) retrieved from /home/airflow/.local/lib/python3.7/site-packages/airflow/example_dags/example_dag_decorator.py
[2022-07-22 14:22:57,125] {logging_mixin.py:115} INFO - [2022-07-22 14:22:57,124] {dag.py:2420} INFO - Sync 1 DAGs
[2022-07-22 14:22:57,154] {logging_mixin.py:115} INFO - [2022-07-22 14:22:57,154] {dag.py:2972} INFO - Setting next_dagrun for example_dag_decorator to None, run_after=None
[2022-07-22 14:22:57,168] {processor.py:161} INFO - Processing /home/airflow/.local/lib/python3.7/site-packages/airflow/example_dags/example_dag_decorator.py took 0.124 seconds
[2022-07-22 14:23:27,456] {processor.py:153} INFO - Started process (PID=3713) to work on /home/airflow/.local/lib/python3.7/site-packages/airflow/example_dags/example_dag_decorator.py
[2022-07-22 14:23:27,458] {processor.py:641} INFO - Processing file /home/airflow/.local/lib/python3.7/site-packages/airflow/example_dags/example_dag_decorator.py for tasks to queue
[2022-07-22 14:23:27,459] {logging_mixin.py:115} INFO - [2022-07-22 14:23:27,459] {dagbag.py:508} INFO - Filling up the DagBag from /home/airflow/.local/lib/python3.7/site-packages/airflow/example_dags/example_dag_decorator.py
[2022-07-22 14:23:27,512] {processor.py:651} INFO - DAG(s) dict_keys(['example_dag_decorator']) retrieved from /home/airflow/.local/lib/python3.7/site-packages/airflow/example_dags/example_dag_decorator.py
[2022-07-22 14:23:27,569] {logging_mixin.py:115} INFO - [2022-07-22 14:23:27,568] {dag.py:2420} INFO - Sync 1 DAGs
[2022-07-22 14:23:27,602] {logging_mixin.py:115} INFO - [2022-07-22 14:23:27,602] {dag.py:2972} INFO - Setting next_dagrun for example_dag_decorator to None, run_after=None
[2022-07-22 14:23:27,614] {processor.py:161} INFO - Processing /home/airflow/.local/lib/python3.7/site-packages/airflow/example_dags/example_dag_decorator.py took 0.167 seconds
[2022-07-22 14:23:57,997] {processor.py:153} INFO - Started process (PID=3915) to work on /home/airflow/.local/lib/python3.7/site-packages/airflow/example_dags/example_dag_decorator.py
[2022-07-22 14:23:57,997] {processor.py:641} INFO - Processing file /home/airflow/.local/lib/python3.7/site-packages/airflow/example_dags/example_dag_decorator.py for tasks to queue
[2022-07-22 14:23:57,998] {logging_mixin.py:115} INFO - [2022-07-22 14:23:57,998] {dagbag.py:508} INFO - Filling up the DagBag from /home/airflow/.local/lib/python3.7/site-packages/airflow/example_dags/example_dag_decorator.py
[2022-07-22 14:23:58,038] {processor.py:651} INFO - DAG(s) dict_keys(['example_dag_decorator']) retrieved from /home/airflow/.local/lib/python3.7/site-packages/airflow/example_dags/example_dag_decorator.py
[2022-07-22 14:23:58,124] {logging_mixin.py:115} INFO - [2022-07-22 14:23:58,124] {dag.py:2420} INFO - Sync 1 DAGs
[2022-07-22 14:23:58,140] {logging_mixin.py:115} INFO - [2022-07-22 14:23:58,140] {dag.py:2972} INFO - Setting next_dagrun for example_dag_decorator to None, run_after=None
[2022-07-22 14:23:58,160] {processor.py:161} INFO - Processing /home/airflow/.local/lib/python3.7/site-packages/airflow/example_dags/example_dag_decorator.py took 0.169 seconds
[2022-07-22 14:24:28,235] {processor.py:153} INFO - Started process (PID=4117) to work on /home/airflow/.local/lib/python3.7/site-packages/airflow/example_dags/example_dag_decorator.py
[2022-07-22 14:24:28,236] {processor.py:641} INFO - Processing file /home/airflow/.local/lib/python3.7/site-packages/airflow/example_dags/example_dag_decorator.py for tasks to queue
[2022-07-22 14:24:28,237] {logging_mixin.py:115} INFO - [2022-07-22 14:24:28,236] {dagbag.py:508} INFO - Filling up the DagBag from /home/airflow/.local/lib/python3.7/site-packages/airflow/example_dags/example_dag_decorator.py
[2022-07-22 14:24:28,301] {processor.py:651} INFO - DAG(s) dict_keys(['example_dag_decorator']) retrieved from /home/airflow/.local/lib/python3.7/site-packages/airflow/example_dags/example_dag_decorator.py
[2022-07-22 14:24:28,393] {logging_mixin.py:115} INFO - [2022-07-22 14:24:28,393] {dag.py:2420} INFO - Sync 1 DAGs
[2022-07-22 14:24:28,411] {logging_mixin.py:115} INFO - [2022-07-22 14:24:28,411] {dag.py:2972} INFO - Setting next_dagrun for example_dag_decorator to None, run_after=None
[2022-07-22 14:24:28,426] {processor.py:161} INFO - Processing /home/airflow/.local/lib/python3.7/site-packages/airflow/example_dags/example_dag_decorator.py took 0.196 seconds
[2022-07-22 14:24:58,706] {processor.py:153} INFO - Started process (PID=4310) to work on /home/airflow/.local/lib/python3.7/site-packages/airflow/example_dags/example_dag_decorator.py
[2022-07-22 14:24:58,706] {processor.py:641} INFO - Processing file /home/airflow/.local/lib/python3.7/site-packages/airflow/example_dags/example_dag_decorator.py for tasks to queue
[2022-07-22 14:24:58,707] {logging_mixin.py:115} INFO - [2022-07-22 14:24:58,707] {dagbag.py:508} INFO - Filling up the DagBag from /home/airflow/.local/lib/python3.7/site-packages/airflow/example_dags/example_dag_decorator.py
[2022-07-22 14:24:58,725] {processor.py:651} INFO - DAG(s) dict_keys(['example_dag_decorator']) retrieved from /home/airflow/.local/lib/python3.7/site-packages/airflow/example_dags/example_dag_decorator.py
[2022-07-22 14:24:58,792] {logging_mixin.py:115} INFO - [2022-07-22 14:24:58,792] {dag.py:2420} INFO - Sync 1 DAGs
[2022-07-22 14:24:58,820] {logging_mixin.py:115} INFO - [2022-07-22 14:24:58,820] {dag.py:2972} INFO - Setting next_dagrun for example_dag_decorator to None, run_after=None
[2022-07-22 14:24:58,832] {processor.py:161} INFO - Processing /home/airflow/.local/lib/python3.7/site-packages/airflow/example_dags/example_dag_decorator.py took 0.129 seconds
[2022-07-22 14:25:29,233] {processor.py:153} INFO - Started process (PID=4514) to work on /home/airflow/.local/lib/python3.7/site-packages/airflow/example_dags/example_dag_decorator.py
[2022-07-22 14:25:29,234] {processor.py:641} INFO - Processing file /home/airflow/.local/lib/python3.7/site-packages/airflow/example_dags/example_dag_decorator.py for tasks to queue
[2022-07-22 14:25:29,235] {logging_mixin.py:115} INFO - [2022-07-22 14:25:29,235] {dagbag.py:508} INFO - Filling up the DagBag from /home/airflow/.local/lib/python3.7/site-packages/airflow/example_dags/example_dag_decorator.py
[2022-07-22 14:25:29,280] {processor.py:651} INFO - DAG(s) dict_keys(['example_dag_decorator']) retrieved from /home/airflow/.local/lib/python3.7/site-packages/airflow/example_dags/example_dag_decorator.py
[2022-07-22 14:25:29,330] {logging_mixin.py:115} INFO - [2022-07-22 14:25:29,330] {dag.py:2420} INFO - Sync 1 DAGs
[2022-07-22 14:25:29,370] {logging_mixin.py:115} INFO - [2022-07-22 14:25:29,370] {dag.py:2972} INFO - Setting next_dagrun for example_dag_decorator to None, run_after=None
[2022-07-22 14:25:29,388] {processor.py:161} INFO - Processing /home/airflow/.local/lib/python3.7/site-packages/airflow/example_dags/example_dag_decorator.py took 0.161 seconds
[2022-07-22 14:26:00,233] {processor.py:153} INFO - Started process (PID=4714) to work on /home/airflow/.local/lib/python3.7/site-packages/airflow/example_dags/example_dag_decorator.py
[2022-07-22 14:26:00,233] {processor.py:641} INFO - Processing file /home/airflow/.local/lib/python3.7/site-packages/airflow/example_dags/example_dag_decorator.py for tasks to queue
[2022-07-22 14:26:00,234] {logging_mixin.py:115} INFO - [2022-07-22 14:26:00,234] {dagbag.py:508} INFO - Filling up the DagBag from /home/airflow/.local/lib/python3.7/site-packages/airflow/example_dags/example_dag_decorator.py
[2022-07-22 14:26:00,251] {processor.py:651} INFO - DAG(s) dict_keys(['example_dag_decorator']) retrieved from /home/airflow/.local/lib/python3.7/site-packages/airflow/example_dags/example_dag_decorator.py
[2022-07-22 14:26:00,340] {logging_mixin.py:115} INFO - [2022-07-22 14:26:00,340] {dag.py:2420} INFO - Sync 1 DAGs
[2022-07-22 14:26:00,357] {logging_mixin.py:115} INFO - [2022-07-22 14:26:00,357] {dag.py:2972} INFO - Setting next_dagrun for example_dag_decorator to None, run_after=None
[2022-07-22 14:26:00,369] {processor.py:161} INFO - Processing /home/airflow/.local/lib/python3.7/site-packages/airflow/example_dags/example_dag_decorator.py took 0.139 seconds
[2022-07-22 14:26:30,926] {processor.py:153} INFO - Started process (PID=4907) to work on /home/airflow/.local/lib/python3.7/site-packages/airflow/example_dags/example_dag_decorator.py
[2022-07-22 14:26:30,927] {processor.py:641} INFO - Processing file /home/airflow/.local/lib/python3.7/site-packages/airflow/example_dags/example_dag_decorator.py for tasks to queue
[2022-07-22 14:26:30,927] {logging_mixin.py:115} INFO - [2022-07-22 14:26:30,927] {dagbag.py:508} INFO - Filling up the DagBag from /home/airflow/.local/lib/python3.7/site-packages/airflow/example_dags/example_dag_decorator.py
[2022-07-22 14:26:30,948] {processor.py:651} INFO - DAG(s) dict_keys(['example_dag_decorator']) retrieved from /home/airflow/.local/lib/python3.7/site-packages/airflow/example_dags/example_dag_decorator.py
[2022-07-22 14:26:31,003] {logging_mixin.py:115} INFO - [2022-07-22 14:26:31,003] {dag.py:2420} INFO - Sync 1 DAGs
[2022-07-22 14:26:31,034] {logging_mixin.py:115} INFO - [2022-07-22 14:26:31,034] {dag.py:2972} INFO - Setting next_dagrun for example_dag_decorator to None, run_after=None
[2022-07-22 14:26:31,046] {processor.py:161} INFO - Processing /home/airflow/.local/lib/python3.7/site-packages/airflow/example_dags/example_dag_decorator.py took 0.123 seconds
[2022-07-22 14:27:01,610] {processor.py:153} INFO - Started process (PID=5110) to work on /home/airflow/.local/lib/python3.7/site-packages/airflow/example_dags/example_dag_decorator.py
[2022-07-22 14:27:01,610] {processor.py:641} INFO - Processing file /home/airflow/.local/lib/python3.7/site-packages/airflow/example_dags/example_dag_decorator.py for tasks to queue
[2022-07-22 14:27:01,611] {logging_mixin.py:115} INFO - [2022-07-22 14:27:01,611] {dagbag.py:508} INFO - Filling up the DagBag from /home/airflow/.local/lib/python3.7/site-packages/airflow/example_dags/example_dag_decorator.py
[2022-07-22 14:27:01,629] {processor.py:651} INFO - DAG(s) dict_keys(['example_dag_decorator']) retrieved from /home/airflow/.local/lib/python3.7/site-packages/airflow/example_dags/example_dag_decorator.py
[2022-07-22 14:27:01,652] {logging_mixin.py:115} INFO - [2022-07-22 14:27:01,652] {dag.py:2420} INFO - Sync 1 DAGs
[2022-07-22 14:27:01,671] {logging_mixin.py:115} INFO - [2022-07-22 14:27:01,671] {dag.py:2972} INFO - Setting next_dagrun for example_dag_decorator to None, run_after=None
[2022-07-22 14:27:01,682] {processor.py:161} INFO - Processing /home/airflow/.local/lib/python3.7/site-packages/airflow/example_dags/example_dag_decorator.py took 0.075 seconds
[2022-07-22 14:27:32,375] {processor.py:153} INFO - Started process (PID=5314) to work on /home/airflow/.local/lib/python3.7/site-packages/airflow/example_dags/example_dag_decorator.py
[2022-07-22 14:27:32,376] {processor.py:641} INFO - Processing file /home/airflow/.local/lib/python3.7/site-packages/airflow/example_dags/example_dag_decorator.py for tasks to queue
[2022-07-22 14:27:32,377] {logging_mixin.py:115} INFO - [2022-07-22 14:27:32,377] {dagbag.py:508} INFO - Filling up the DagBag from /home/airflow/.local/lib/python3.7/site-packages/airflow/example_dags/example_dag_decorator.py
[2022-07-22 14:27:32,415] {processor.py:651} INFO - DAG(s) dict_keys(['example_dag_decorator']) retrieved from /home/airflow/.local/lib/python3.7/site-packages/airflow/example_dags/example_dag_decorator.py
[2022-07-22 14:27:32,515] {logging_mixin.py:115} INFO - [2022-07-22 14:27:32,515] {dag.py:2420} INFO - Sync 1 DAGs
[2022-07-22 14:27:32,531] {logging_mixin.py:115} INFO - [2022-07-22 14:27:32,531] {dag.py:2972} INFO - Setting next_dagrun for example_dag_decorator to None, run_after=None
[2022-07-22 14:27:32,548] {processor.py:161} INFO - Processing /home/airflow/.local/lib/python3.7/site-packages/airflow/example_dags/example_dag_decorator.py took 0.178 seconds
[2022-07-22 14:28:02,671] {processor.py:153} INFO - Started process (PID=5512) to work on /home/airflow/.local/lib/python3.7/site-packages/airflow/example_dags/example_dag_decorator.py
[2022-07-22 14:28:02,672] {processor.py:641} INFO - Processing file /home/airflow/.local/lib/python3.7/site-packages/airflow/example_dags/example_dag_decorator.py for tasks to queue
[2022-07-22 14:28:02,674] {logging_mixin.py:115} INFO - [2022-07-22 14:28:02,673] {dagbag.py:508} INFO - Filling up the DagBag from /home/airflow/.local/lib/python3.7/site-packages/airflow/example_dags/example_dag_decorator.py
[2022-07-22 14:28:02,727] {processor.py:651} INFO - DAG(s) dict_keys(['example_dag_decorator']) retrieved from /home/airflow/.local/lib/python3.7/site-packages/airflow/example_dags/example_dag_decorator.py
[2022-07-22 14:28:02,833] {logging_mixin.py:115} INFO - [2022-07-22 14:28:02,833] {dag.py:2420} INFO - Sync 1 DAGs
[2022-07-22 14:28:02,858] {logging_mixin.py:115} INFO - [2022-07-22 14:28:02,858] {dag.py:2972} INFO - Setting next_dagrun for example_dag_decorator to None, run_after=None
[2022-07-22 14:28:02,884] {processor.py:161} INFO - Processing /home/airflow/.local/lib/python3.7/site-packages/airflow/example_dags/example_dag_decorator.py took 0.220 seconds
[2022-07-22 14:28:33,758] {processor.py:153} INFO - Started process (PID=5714) to work on /home/airflow/.local/lib/python3.7/site-packages/airflow/example_dags/example_dag_decorator.py
[2022-07-22 14:28:33,759] {processor.py:641} INFO - Processing file /home/airflow/.local/lib/python3.7/site-packages/airflow/example_dags/example_dag_decorator.py for tasks to queue
[2022-07-22 14:28:33,759] {logging_mixin.py:115} INFO - [2022-07-22 14:28:33,759] {dagbag.py:508} INFO - Filling up the DagBag from /home/airflow/.local/lib/python3.7/site-packages/airflow/example_dags/example_dag_decorator.py
[2022-07-22 14:28:33,782] {processor.py:651} INFO - DAG(s) dict_keys(['example_dag_decorator']) retrieved from /home/airflow/.local/lib/python3.7/site-packages/airflow/example_dags/example_dag_decorator.py
[2022-07-22 14:28:33,849] {logging_mixin.py:115} INFO - [2022-07-22 14:28:33,849] {dag.py:2420} INFO - Sync 1 DAGs
[2022-07-22 14:28:33,869] {logging_mixin.py:115} INFO - [2022-07-22 14:28:33,869] {dag.py:2972} INFO - Setting next_dagrun for example_dag_decorator to None, run_after=None
[2022-07-22 14:28:33,883] {processor.py:161} INFO - Processing /home/airflow/.local/lib/python3.7/site-packages/airflow/example_dags/example_dag_decorator.py took 0.128 seconds
[2022-07-22 14:29:52,044] {processor.py:153} INFO - Started process (PID=313) to work on /home/airflow/.local/lib/python3.7/site-packages/airflow/example_dags/example_dag_decorator.py
[2022-07-22 14:29:52,045] {processor.py:641} INFO - Processing file /home/airflow/.local/lib/python3.7/site-packages/airflow/example_dags/example_dag_decorator.py for tasks to queue
[2022-07-22 14:29:52,046] {logging_mixin.py:115} INFO - [2022-07-22 14:29:52,046] {dagbag.py:508} INFO - Filling up the DagBag from /home/airflow/.local/lib/python3.7/site-packages/airflow/example_dags/example_dag_decorator.py
[2022-07-22 14:29:52,094] {processor.py:651} INFO - DAG(s) dict_keys(['example_dag_decorator']) retrieved from /home/airflow/.local/lib/python3.7/site-packages/airflow/example_dags/example_dag_decorator.py
[2022-07-22 14:29:52,186] {logging_mixin.py:115} INFO - [2022-07-22 14:29:52,186] {dag.py:2420} INFO - Sync 1 DAGs
[2022-07-22 14:29:52,208] {logging_mixin.py:115} INFO - [2022-07-22 14:29:52,208] {dag.py:2972} INFO - Setting next_dagrun for example_dag_decorator to None, run_after=None
[2022-07-22 14:29:52,229] {processor.py:161} INFO - Processing /home/airflow/.local/lib/python3.7/site-packages/airflow/example_dags/example_dag_decorator.py took 0.190 seconds
[2022-07-22 14:30:22,866] {processor.py:153} INFO - Started process (PID=516) to work on /home/airflow/.local/lib/python3.7/site-packages/airflow/example_dags/example_dag_decorator.py
[2022-07-22 14:30:22,867] {processor.py:641} INFO - Processing file /home/airflow/.local/lib/python3.7/site-packages/airflow/example_dags/example_dag_decorator.py for tasks to queue
[2022-07-22 14:30:22,868] {logging_mixin.py:115} INFO - [2022-07-22 14:30:22,868] {dagbag.py:508} INFO - Filling up the DagBag from /home/airflow/.local/lib/python3.7/site-packages/airflow/example_dags/example_dag_decorator.py
[2022-07-22 14:30:22,908] {processor.py:651} INFO - DAG(s) dict_keys(['example_dag_decorator']) retrieved from /home/airflow/.local/lib/python3.7/site-packages/airflow/example_dags/example_dag_decorator.py
[2022-07-22 14:30:23,020] {logging_mixin.py:115} INFO - [2022-07-22 14:30:23,020] {dag.py:2420} INFO - Sync 1 DAGs
[2022-07-22 14:30:23,037] {logging_mixin.py:115} INFO - [2022-07-22 14:30:23,037] {dag.py:2972} INFO - Setting next_dagrun for example_dag_decorator to None, run_after=None
[2022-07-22 14:30:23,050] {processor.py:161} INFO - Processing /home/airflow/.local/lib/python3.7/site-packages/airflow/example_dags/example_dag_decorator.py took 0.191 seconds
[2022-07-22 14:30:53,582] {processor.py:153} INFO - Started process (PID=718) to work on /home/airflow/.local/lib/python3.7/site-packages/airflow/example_dags/example_dag_decorator.py
[2022-07-22 14:30:53,583] {processor.py:641} INFO - Processing file /home/airflow/.local/lib/python3.7/site-packages/airflow/example_dags/example_dag_decorator.py for tasks to queue
[2022-07-22 14:30:53,584] {logging_mixin.py:115} INFO - [2022-07-22 14:30:53,584] {dagbag.py:508} INFO - Filling up the DagBag from /home/airflow/.local/lib/python3.7/site-packages/airflow/example_dags/example_dag_decorator.py
[2022-07-22 14:30:53,626] {processor.py:651} INFO - DAG(s) dict_keys(['example_dag_decorator']) retrieved from /home/airflow/.local/lib/python3.7/site-packages/airflow/example_dags/example_dag_decorator.py
[2022-07-22 14:30:53,737] {logging_mixin.py:115} INFO - [2022-07-22 14:30:53,737] {dag.py:2420} INFO - Sync 1 DAGs
[2022-07-22 14:30:53,753] {logging_mixin.py:115} INFO - [2022-07-22 14:30:53,753] {dag.py:2972} INFO - Setting next_dagrun for example_dag_decorator to None, run_after=None
[2022-07-22 14:30:53,769] {processor.py:161} INFO - Processing /home/airflow/.local/lib/python3.7/site-packages/airflow/example_dags/example_dag_decorator.py took 0.194 seconds
[2022-07-22 14:31:24,404] {processor.py:153} INFO - Started process (PID=920) to work on /home/airflow/.local/lib/python3.7/site-packages/airflow/example_dags/example_dag_decorator.py
[2022-07-22 14:31:24,405] {processor.py:641} INFO - Processing file /home/airflow/.local/lib/python3.7/site-packages/airflow/example_dags/example_dag_decorator.py for tasks to queue
[2022-07-22 14:31:24,406] {logging_mixin.py:115} INFO - [2022-07-22 14:31:24,406] {dagbag.py:508} INFO - Filling up the DagBag from /home/airflow/.local/lib/python3.7/site-packages/airflow/example_dags/example_dag_decorator.py
[2022-07-22 14:31:24,445] {processor.py:651} INFO - DAG(s) dict_keys(['example_dag_decorator']) retrieved from /home/airflow/.local/lib/python3.7/site-packages/airflow/example_dags/example_dag_decorator.py
[2022-07-22 14:31:24,521] {logging_mixin.py:115} INFO - [2022-07-22 14:31:24,521] {dag.py:2420} INFO - Sync 1 DAGs
[2022-07-22 14:31:24,540] {logging_mixin.py:115} INFO - [2022-07-22 14:31:24,540] {dag.py:2972} INFO - Setting next_dagrun for example_dag_decorator to None, run_after=None
[2022-07-22 14:31:24,555] {processor.py:161} INFO - Processing /home/airflow/.local/lib/python3.7/site-packages/airflow/example_dags/example_dag_decorator.py took 0.154 seconds
[2022-07-22 14:31:55,135] {processor.py:153} INFO - Started process (PID=1113) to work on /home/airflow/.local/lib/python3.7/site-packages/airflow/example_dags/example_dag_decorator.py
[2022-07-22 14:31:55,136] {processor.py:641} INFO - Processing file /home/airflow/.local/lib/python3.7/site-packages/airflow/example_dags/example_dag_decorator.py for tasks to queue
[2022-07-22 14:31:55,137] {logging_mixin.py:115} INFO - [2022-07-22 14:31:55,137] {dagbag.py:508} INFO - Filling up the DagBag from /home/airflow/.local/lib/python3.7/site-packages/airflow/example_dags/example_dag_decorator.py
[2022-07-22 14:31:55,177] {processor.py:651} INFO - DAG(s) dict_keys(['example_dag_decorator']) retrieved from /home/airflow/.local/lib/python3.7/site-packages/airflow/example_dags/example_dag_decorator.py
[2022-07-22 14:31:55,285] {logging_mixin.py:115} INFO - [2022-07-22 14:31:55,285] {dag.py:2420} INFO - Sync 1 DAGs
[2022-07-22 14:31:55,302] {logging_mixin.py:115} INFO - [2022-07-22 14:31:55,302] {dag.py:2972} INFO - Setting next_dagrun for example_dag_decorator to None, run_after=None
[2022-07-22 14:31:55,317] {processor.py:161} INFO - Processing /home/airflow/.local/lib/python3.7/site-packages/airflow/example_dags/example_dag_decorator.py took 0.188 seconds
[2022-07-22 14:32:26,239] {processor.py:153} INFO - Started process (PID=1335) to work on /home/airflow/.local/lib/python3.7/site-packages/airflow/example_dags/example_dag_decorator.py
[2022-07-22 14:32:26,241] {processor.py:641} INFO - Processing file /home/airflow/.local/lib/python3.7/site-packages/airflow/example_dags/example_dag_decorator.py for tasks to queue
[2022-07-22 14:32:26,243] {logging_mixin.py:115} INFO - [2022-07-22 14:32:26,243] {dagbag.py:508} INFO - Filling up the DagBag from /home/airflow/.local/lib/python3.7/site-packages/airflow/example_dags/example_dag_decorator.py
[2022-07-22 14:32:26,273] {processor.py:651} INFO - DAG(s) dict_keys(['example_dag_decorator']) retrieved from /home/airflow/.local/lib/python3.7/site-packages/airflow/example_dags/example_dag_decorator.py
[2022-07-22 14:32:26,365] {logging_mixin.py:115} INFO - [2022-07-22 14:32:26,365] {dag.py:2420} INFO - Sync 1 DAGs
[2022-07-22 14:32:26,387] {logging_mixin.py:115} INFO - [2022-07-22 14:32:26,386] {dag.py:2972} INFO - Setting next_dagrun for example_dag_decorator to None, run_after=None
[2022-07-22 14:32:26,403] {processor.py:161} INFO - Processing /home/airflow/.local/lib/python3.7/site-packages/airflow/example_dags/example_dag_decorator.py took 0.171 seconds
[2022-07-22 14:32:57,162] {processor.py:153} INFO - Started process (PID=1537) to work on /home/airflow/.local/lib/python3.7/site-packages/airflow/example_dags/example_dag_decorator.py
[2022-07-22 14:32:57,163] {processor.py:641} INFO - Processing file /home/airflow/.local/lib/python3.7/site-packages/airflow/example_dags/example_dag_decorator.py for tasks to queue
[2022-07-22 14:32:57,164] {logging_mixin.py:115} INFO - [2022-07-22 14:32:57,164] {dagbag.py:508} INFO - Filling up the DagBag from /home/airflow/.local/lib/python3.7/site-packages/airflow/example_dags/example_dag_decorator.py
[2022-07-22 14:32:57,202] {processor.py:651} INFO - DAG(s) dict_keys(['example_dag_decorator']) retrieved from /home/airflow/.local/lib/python3.7/site-packages/airflow/example_dags/example_dag_decorator.py
[2022-07-22 14:32:57,236] {logging_mixin.py:115} INFO - [2022-07-22 14:32:57,236] {dag.py:2420} INFO - Sync 1 DAGs
[2022-07-22 14:32:57,274] {logging_mixin.py:115} INFO - [2022-07-22 14:32:57,273] {dag.py:2972} INFO - Setting next_dagrun for example_dag_decorator to None, run_after=None
[2022-07-22 14:32:57,293] {processor.py:161} INFO - Processing /home/airflow/.local/lib/python3.7/site-packages/airflow/example_dags/example_dag_decorator.py took 0.136 seconds
[2022-07-22 14:33:28,478] {processor.py:153} INFO - Started process (PID=1730) to work on /home/airflow/.local/lib/python3.7/site-packages/airflow/example_dags/example_dag_decorator.py
[2022-07-22 14:33:28,479] {processor.py:641} INFO - Processing file /home/airflow/.local/lib/python3.7/site-packages/airflow/example_dags/example_dag_decorator.py for tasks to queue
[2022-07-22 14:33:28,480] {logging_mixin.py:115} INFO - [2022-07-22 14:33:28,480] {dagbag.py:508} INFO - Filling up the DagBag from /home/airflow/.local/lib/python3.7/site-packages/airflow/example_dags/example_dag_decorator.py
[2022-07-22 14:33:28,522] {processor.py:651} INFO - DAG(s) dict_keys(['example_dag_decorator']) retrieved from /home/airflow/.local/lib/python3.7/site-packages/airflow/example_dags/example_dag_decorator.py
[2022-07-22 14:33:28,632] {logging_mixin.py:115} INFO - [2022-07-22 14:33:28,632] {dag.py:2420} INFO - Sync 1 DAGs
[2022-07-22 14:33:28,649] {logging_mixin.py:115} INFO - [2022-07-22 14:33:28,649] {dag.py:2972} INFO - Setting next_dagrun for example_dag_decorator to None, run_after=None
[2022-07-22 14:33:28,663] {processor.py:161} INFO - Processing /home/airflow/.local/lib/python3.7/site-packages/airflow/example_dags/example_dag_decorator.py took 0.190 seconds
[2022-07-22 14:34:50,654] {processor.py:153} INFO - Started process (PID=305) to work on /home/airflow/.local/lib/python3.7/site-packages/airflow/example_dags/example_dag_decorator.py
[2022-07-22 14:34:50,655] {processor.py:641} INFO - Processing file /home/airflow/.local/lib/python3.7/site-packages/airflow/example_dags/example_dag_decorator.py for tasks to queue
[2022-07-22 14:34:50,656] {logging_mixin.py:115} INFO - [2022-07-22 14:34:50,655] {dagbag.py:508} INFO - Filling up the DagBag from /home/airflow/.local/lib/python3.7/site-packages/airflow/example_dags/example_dag_decorator.py
[2022-07-22 14:34:50,675] {processor.py:651} INFO - DAG(s) dict_keys(['example_dag_decorator']) retrieved from /home/airflow/.local/lib/python3.7/site-packages/airflow/example_dags/example_dag_decorator.py
[2022-07-22 14:34:50,746] {logging_mixin.py:115} INFO - [2022-07-22 14:34:50,746] {dag.py:2420} INFO - Sync 1 DAGs
[2022-07-22 14:34:50,765] {logging_mixin.py:115} INFO - [2022-07-22 14:34:50,765] {dag.py:2972} INFO - Setting next_dagrun for example_dag_decorator to None, run_after=None
[2022-07-22 14:34:50,780] {processor.py:161} INFO - Processing /home/airflow/.local/lib/python3.7/site-packages/airflow/example_dags/example_dag_decorator.py took 0.128 seconds
[2022-07-22 14:35:21,367] {processor.py:153} INFO - Started process (PID=506) to work on /home/airflow/.local/lib/python3.7/site-packages/airflow/example_dags/example_dag_decorator.py
[2022-07-22 14:35:21,368] {processor.py:641} INFO - Processing file /home/airflow/.local/lib/python3.7/site-packages/airflow/example_dags/example_dag_decorator.py for tasks to queue
[2022-07-22 14:35:21,369] {logging_mixin.py:115} INFO - [2022-07-22 14:35:21,369] {dagbag.py:508} INFO - Filling up the DagBag from /home/airflow/.local/lib/python3.7/site-packages/airflow/example_dags/example_dag_decorator.py
[2022-07-22 14:35:21,405] {processor.py:651} INFO - DAG(s) dict_keys(['example_dag_decorator']) retrieved from /home/airflow/.local/lib/python3.7/site-packages/airflow/example_dags/example_dag_decorator.py
[2022-07-22 14:35:21,468] {logging_mixin.py:115} INFO - [2022-07-22 14:35:21,468] {dag.py:2420} INFO - Sync 1 DAGs
[2022-07-22 14:35:21,486] {logging_mixin.py:115} INFO - [2022-07-22 14:35:21,486] {dag.py:2972} INFO - Setting next_dagrun for example_dag_decorator to None, run_after=None
[2022-07-22 14:35:21,501] {processor.py:161} INFO - Processing /home/airflow/.local/lib/python3.7/site-packages/airflow/example_dags/example_dag_decorator.py took 0.141 seconds
