[2022-07-22 14:06:13,226] {processor.py:153} INFO - Started process (PID=238) to work on /home/airflow/.local/lib/python3.7/site-packages/airflow/example_dags/example_task_group.py
[2022-07-22 14:06:13,227] {processor.py:641} INFO - Processing file /home/airflow/.local/lib/python3.7/site-packages/airflow/example_dags/example_task_group.py for tasks to queue
[2022-07-22 14:06:13,227] {logging_mixin.py:115} INFO - [2022-07-22 14:06:13,227] {dagbag.py:508} INFO - Filling up the DagBag from /home/airflow/.local/lib/python3.7/site-packages/airflow/example_dags/example_task_group.py
[2022-07-22 14:06:13,233] {processor.py:651} INFO - DAG(s) dict_keys(['example_task_group']) retrieved from /home/airflow/.local/lib/python3.7/site-packages/airflow/example_dags/example_task_group.py
[2022-07-22 14:06:13,314] {logging_mixin.py:115} INFO - [2022-07-22 14:06:13,314] {manager.py:508} INFO - Created Permission View: can read on DAG:example_task_group
[2022-07-22 14:06:13,329] {logging_mixin.py:115} INFO - [2022-07-22 14:06:13,329] {manager.py:508} INFO - Created Permission View: can delete on DAG:example_task_group
[2022-07-22 14:06:13,337] {logging_mixin.py:115} INFO - [2022-07-22 14:06:13,337] {manager.py:508} INFO - Created Permission View: can edit on DAG:example_task_group
[2022-07-22 14:06:13,337] {logging_mixin.py:115} INFO - [2022-07-22 14:06:13,337] {dag.py:2420} INFO - Sync 1 DAGs
[2022-07-22 14:06:13,345] {logging_mixin.py:115} INFO - [2022-07-22 14:06:13,345] {dag.py:2439} INFO - Creating ORM DAG for example_task_group
[2022-07-22 14:06:13,356] {logging_mixin.py:115} INFO - [2022-07-22 14:06:13,356] {dag.py:2972} INFO - Setting next_dagrun for example_task_group to 2022-07-21T14:06:13.356281+00:00, run_after=2022-07-22T14:06:13.356281+00:00
[2022-07-22 14:06:13,370] {processor.py:161} INFO - Processing /home/airflow/.local/lib/python3.7/site-packages/airflow/example_dags/example_task_group.py took 0.147 seconds
[2022-07-22 14:06:44,038] {processor.py:153} INFO - Started process (PID=435) to work on /home/airflow/.local/lib/python3.7/site-packages/airflow/example_dags/example_task_group.py
[2022-07-22 14:06:44,040] {processor.py:641} INFO - Processing file /home/airflow/.local/lib/python3.7/site-packages/airflow/example_dags/example_task_group.py for tasks to queue
[2022-07-22 14:06:44,041] {logging_mixin.py:115} INFO - [2022-07-22 14:06:44,040] {dagbag.py:508} INFO - Filling up the DagBag from /home/airflow/.local/lib/python3.7/site-packages/airflow/example_dags/example_task_group.py
[2022-07-22 14:06:44,054] {processor.py:651} INFO - DAG(s) dict_keys(['example_task_group']) retrieved from /home/airflow/.local/lib/python3.7/site-packages/airflow/example_dags/example_task_group.py
[2022-07-22 14:06:44,101] {logging_mixin.py:115} INFO - [2022-07-22 14:06:44,100] {dag.py:2420} INFO - Sync 1 DAGs
[2022-07-22 14:06:44,129] {logging_mixin.py:115} INFO - [2022-07-22 14:06:44,129] {dag.py:2972} INFO - Setting next_dagrun for example_task_group to 2022-07-21T14:06:44.129249+00:00, run_after=2022-07-22T14:06:44.129249+00:00
[2022-07-22 14:06:44,144] {processor.py:161} INFO - Processing /home/airflow/.local/lib/python3.7/site-packages/airflow/example_dags/example_task_group.py took 0.110 seconds
[2022-07-22 14:07:14,578] {processor.py:153} INFO - Started process (PID=632) to work on /home/airflow/.local/lib/python3.7/site-packages/airflow/example_dags/example_task_group.py
[2022-07-22 14:07:14,579] {processor.py:641} INFO - Processing file /home/airflow/.local/lib/python3.7/site-packages/airflow/example_dags/example_task_group.py for tasks to queue
[2022-07-22 14:07:14,579] {logging_mixin.py:115} INFO - [2022-07-22 14:07:14,579] {dagbag.py:508} INFO - Filling up the DagBag from /home/airflow/.local/lib/python3.7/site-packages/airflow/example_dags/example_task_group.py
[2022-07-22 14:07:14,585] {processor.py:651} INFO - DAG(s) dict_keys(['example_task_group']) retrieved from /home/airflow/.local/lib/python3.7/site-packages/airflow/example_dags/example_task_group.py
[2022-07-22 14:07:14,610] {logging_mixin.py:115} INFO - [2022-07-22 14:07:14,610] {dag.py:2420} INFO - Sync 1 DAGs
[2022-07-22 14:07:14,631] {logging_mixin.py:115} INFO - [2022-07-22 14:07:14,631] {dag.py:2972} INFO - Setting next_dagrun for example_task_group to 2022-07-21T14:07:14.630929+00:00, run_after=2022-07-22T14:07:14.630929+00:00
[2022-07-22 14:07:14,644] {processor.py:161} INFO - Processing /home/airflow/.local/lib/python3.7/site-packages/airflow/example_dags/example_task_group.py took 0.068 seconds
[2022-07-22 14:08:19,943] {processor.py:153} INFO - Started process (PID=244) to work on /home/airflow/.local/lib/python3.7/site-packages/airflow/example_dags/example_task_group.py
[2022-07-22 14:08:19,944] {processor.py:641} INFO - Processing file /home/airflow/.local/lib/python3.7/site-packages/airflow/example_dags/example_task_group.py for tasks to queue
[2022-07-22 14:08:19,945] {logging_mixin.py:115} INFO - [2022-07-22 14:08:19,945] {dagbag.py:508} INFO - Filling up the DagBag from /home/airflow/.local/lib/python3.7/site-packages/airflow/example_dags/example_task_group.py
[2022-07-22 14:08:19,961] {processor.py:651} INFO - DAG(s) dict_keys(['example_task_group']) retrieved from /home/airflow/.local/lib/python3.7/site-packages/airflow/example_dags/example_task_group.py
[2022-07-22 14:08:20,024] {logging_mixin.py:115} INFO - [2022-07-22 14:08:20,024] {dag.py:2420} INFO - Sync 1 DAGs
[2022-07-22 14:08:20,088] {logging_mixin.py:115} INFO - [2022-07-22 14:08:20,087] {dag.py:2972} INFO - Setting next_dagrun for example_task_group to 2022-07-21T14:08:20.087473+00:00, run_after=2022-07-22T14:08:20.087473+00:00
[2022-07-22 14:08:20,111] {processor.py:161} INFO - Processing /home/airflow/.local/lib/python3.7/site-packages/airflow/example_dags/example_task_group.py took 0.175 seconds
[2022-07-22 14:08:51,224] {processor.py:153} INFO - Started process (PID=450) to work on /home/airflow/.local/lib/python3.7/site-packages/airflow/example_dags/example_task_group.py
[2022-07-22 14:08:51,226] {processor.py:641} INFO - Processing file /home/airflow/.local/lib/python3.7/site-packages/airflow/example_dags/example_task_group.py for tasks to queue
[2022-07-22 14:08:51,227] {logging_mixin.py:115} INFO - [2022-07-22 14:08:51,227] {dagbag.py:508} INFO - Filling up the DagBag from /home/airflow/.local/lib/python3.7/site-packages/airflow/example_dags/example_task_group.py
[2022-07-22 14:08:51,239] {processor.py:651} INFO - DAG(s) dict_keys(['example_task_group']) retrieved from /home/airflow/.local/lib/python3.7/site-packages/airflow/example_dags/example_task_group.py
[2022-07-22 14:08:51,292] {logging_mixin.py:115} INFO - [2022-07-22 14:08:51,292] {dag.py:2420} INFO - Sync 1 DAGs
[2022-07-22 14:08:51,338] {logging_mixin.py:115} INFO - [2022-07-22 14:08:51,338] {dag.py:2972} INFO - Setting next_dagrun for example_task_group to 2022-07-21T14:08:51.337931+00:00, run_after=2022-07-22T14:08:51.337931+00:00
[2022-07-22 14:08:51,365] {processor.py:161} INFO - Processing /home/airflow/.local/lib/python3.7/site-packages/airflow/example_dags/example_task_group.py took 0.146 seconds
[2022-07-22 14:09:21,521] {processor.py:153} INFO - Started process (PID=652) to work on /home/airflow/.local/lib/python3.7/site-packages/airflow/example_dags/example_task_group.py
[2022-07-22 14:09:21,522] {processor.py:641} INFO - Processing file /home/airflow/.local/lib/python3.7/site-packages/airflow/example_dags/example_task_group.py for tasks to queue
[2022-07-22 14:09:21,523] {logging_mixin.py:115} INFO - [2022-07-22 14:09:21,523] {dagbag.py:508} INFO - Filling up the DagBag from /home/airflow/.local/lib/python3.7/site-packages/airflow/example_dags/example_task_group.py
[2022-07-22 14:09:21,534] {processor.py:651} INFO - DAG(s) dict_keys(['example_task_group']) retrieved from /home/airflow/.local/lib/python3.7/site-packages/airflow/example_dags/example_task_group.py
[2022-07-22 14:09:21,576] {logging_mixin.py:115} INFO - [2022-07-22 14:09:21,575] {dag.py:2420} INFO - Sync 1 DAGs
[2022-07-22 14:09:21,617] {logging_mixin.py:115} INFO - [2022-07-22 14:09:21,616] {dag.py:2972} INFO - Setting next_dagrun for example_task_group to 2022-07-21T14:09:21.616297+00:00, run_after=2022-07-22T14:09:21.616297+00:00
[2022-07-22 14:09:21,650] {processor.py:161} INFO - Processing /home/airflow/.local/lib/python3.7/site-packages/airflow/example_dags/example_task_group.py took 0.133 seconds
[2022-07-22 14:09:51,919] {processor.py:153} INFO - Started process (PID=851) to work on /home/airflow/.local/lib/python3.7/site-packages/airflow/example_dags/example_task_group.py
[2022-07-22 14:09:51,920] {processor.py:641} INFO - Processing file /home/airflow/.local/lib/python3.7/site-packages/airflow/example_dags/example_task_group.py for tasks to queue
[2022-07-22 14:09:51,921] {logging_mixin.py:115} INFO - [2022-07-22 14:09:51,921] {dagbag.py:508} INFO - Filling up the DagBag from /home/airflow/.local/lib/python3.7/site-packages/airflow/example_dags/example_task_group.py
[2022-07-22 14:09:51,932] {processor.py:651} INFO - DAG(s) dict_keys(['example_task_group']) retrieved from /home/airflow/.local/lib/python3.7/site-packages/airflow/example_dags/example_task_group.py
[2022-07-22 14:09:51,981] {logging_mixin.py:115} INFO - [2022-07-22 14:09:51,981] {dag.py:2420} INFO - Sync 1 DAGs
[2022-07-22 14:09:52,002] {logging_mixin.py:115} INFO - [2022-07-22 14:09:52,002] {dag.py:2972} INFO - Setting next_dagrun for example_task_group to 2022-07-21T14:09:52.002244+00:00, run_after=2022-07-22T14:09:52.002244+00:00
[2022-07-22 14:09:52,015] {processor.py:161} INFO - Processing /home/airflow/.local/lib/python3.7/site-packages/airflow/example_dags/example_task_group.py took 0.101 seconds
[2022-07-22 14:11:26,213] {processor.py:153} INFO - Started process (PID=244) to work on /home/airflow/.local/lib/python3.7/site-packages/airflow/example_dags/example_task_group.py
[2022-07-22 14:11:26,214] {processor.py:641} INFO - Processing file /home/airflow/.local/lib/python3.7/site-packages/airflow/example_dags/example_task_group.py for tasks to queue
[2022-07-22 14:11:26,215] {logging_mixin.py:115} INFO - [2022-07-22 14:11:26,215] {dagbag.py:508} INFO - Filling up the DagBag from /home/airflow/.local/lib/python3.7/site-packages/airflow/example_dags/example_task_group.py
[2022-07-22 14:11:26,222] {processor.py:651} INFO - DAG(s) dict_keys(['example_task_group']) retrieved from /home/airflow/.local/lib/python3.7/site-packages/airflow/example_dags/example_task_group.py
[2022-07-22 14:11:26,411] {logging_mixin.py:115} INFO - [2022-07-22 14:11:26,411] {manager.py:508} INFO - Created Permission View: can read on DAG:example_task_group
[2022-07-22 14:11:26,427] {logging_mixin.py:115} INFO - [2022-07-22 14:11:26,426] {manager.py:508} INFO - Created Permission View: can edit on DAG:example_task_group
[2022-07-22 14:11:26,441] {logging_mixin.py:115} INFO - [2022-07-22 14:11:26,441] {manager.py:508} INFO - Created Permission View: can delete on DAG:example_task_group
[2022-07-22 14:11:26,442] {logging_mixin.py:115} INFO - [2022-07-22 14:11:26,442] {dag.py:2420} INFO - Sync 1 DAGs
[2022-07-22 14:11:26,455] {logging_mixin.py:115} INFO - [2022-07-22 14:11:26,455] {dag.py:2439} INFO - Creating ORM DAG for example_task_group
[2022-07-22 14:11:26,476] {logging_mixin.py:115} INFO - [2022-07-22 14:11:26,475] {dag.py:2972} INFO - Setting next_dagrun for example_task_group to 2022-07-21T14:11:26.475132+00:00, run_after=2022-07-22T14:11:26.475132+00:00
[2022-07-22 14:11:26,505] {processor.py:161} INFO - Processing /home/airflow/.local/lib/python3.7/site-packages/airflow/example_dags/example_task_group.py took 0.299 seconds
[2022-07-22 14:11:57,189] {processor.py:153} INFO - Started process (PID=441) to work on /home/airflow/.local/lib/python3.7/site-packages/airflow/example_dags/example_task_group.py
[2022-07-22 14:11:57,199] {processor.py:641} INFO - Processing file /home/airflow/.local/lib/python3.7/site-packages/airflow/example_dags/example_task_group.py for tasks to queue
[2022-07-22 14:11:57,200] {logging_mixin.py:115} INFO - [2022-07-22 14:11:57,200] {dagbag.py:508} INFO - Filling up the DagBag from /home/airflow/.local/lib/python3.7/site-packages/airflow/example_dags/example_task_group.py
[2022-07-22 14:11:57,212] {processor.py:651} INFO - DAG(s) dict_keys(['example_task_group']) retrieved from /home/airflow/.local/lib/python3.7/site-packages/airflow/example_dags/example_task_group.py
[2022-07-22 14:11:57,255] {logging_mixin.py:115} INFO - [2022-07-22 14:11:57,254] {dag.py:2420} INFO - Sync 1 DAGs
[2022-07-22 14:11:57,304] {logging_mixin.py:115} INFO - [2022-07-22 14:11:57,304] {dag.py:2972} INFO - Setting next_dagrun for example_task_group to 2022-07-21T14:11:57.303667+00:00, run_after=2022-07-22T14:11:57.303667+00:00
[2022-07-22 14:11:57,333] {processor.py:161} INFO - Processing /home/airflow/.local/lib/python3.7/site-packages/airflow/example_dags/example_task_group.py took 0.149 seconds
[2022-07-22 14:12:54,235] {processor.py:153} INFO - Started process (PID=244) to work on /home/airflow/.local/lib/python3.7/site-packages/airflow/example_dags/example_task_group.py
[2022-07-22 14:12:54,237] {processor.py:641} INFO - Processing file /home/airflow/.local/lib/python3.7/site-packages/airflow/example_dags/example_task_group.py for tasks to queue
[2022-07-22 14:12:54,238] {logging_mixin.py:115} INFO - [2022-07-22 14:12:54,238] {dagbag.py:508} INFO - Filling up the DagBag from /home/airflow/.local/lib/python3.7/site-packages/airflow/example_dags/example_task_group.py
[2022-07-22 14:12:54,253] {processor.py:651} INFO - DAG(s) dict_keys(['example_task_group']) retrieved from /home/airflow/.local/lib/python3.7/site-packages/airflow/example_dags/example_task_group.py
[2022-07-22 14:12:54,356] {logging_mixin.py:115} INFO - [2022-07-22 14:12:54,356] {manager.py:508} INFO - Created Permission View: can read on DAG:example_task_group
[2022-07-22 14:12:54,365] {logging_mixin.py:115} INFO - [2022-07-22 14:12:54,365] {manager.py:508} INFO - Created Permission View: can delete on DAG:example_task_group
[2022-07-22 14:12:54,378] {logging_mixin.py:115} INFO - [2022-07-22 14:12:54,378] {manager.py:508} INFO - Created Permission View: can edit on DAG:example_task_group
[2022-07-22 14:12:54,379] {logging_mixin.py:115} INFO - [2022-07-22 14:12:54,379] {dag.py:2420} INFO - Sync 1 DAGs
[2022-07-22 14:12:54,394] {logging_mixin.py:115} INFO - [2022-07-22 14:12:54,394] {dag.py:2439} INFO - Creating ORM DAG for example_task_group
[2022-07-22 14:12:54,425] {logging_mixin.py:115} INFO - [2022-07-22 14:12:54,425] {dag.py:2972} INFO - Setting next_dagrun for example_task_group to 2022-07-21T14:12:54.424770+00:00, run_after=2022-07-22T14:12:54.424770+00:00
[2022-07-22 14:12:54,440] {processor.py:161} INFO - Processing /home/airflow/.local/lib/python3.7/site-packages/airflow/example_dags/example_task_group.py took 0.211 seconds
[2022-07-22 14:13:24,506] {processor.py:153} INFO - Started process (PID=443) to work on /home/airflow/.local/lib/python3.7/site-packages/airflow/example_dags/example_task_group.py
[2022-07-22 14:13:24,507] {processor.py:641} INFO - Processing file /home/airflow/.local/lib/python3.7/site-packages/airflow/example_dags/example_task_group.py for tasks to queue
[2022-07-22 14:13:24,508] {logging_mixin.py:115} INFO - [2022-07-22 14:13:24,508] {dagbag.py:508} INFO - Filling up the DagBag from /home/airflow/.local/lib/python3.7/site-packages/airflow/example_dags/example_task_group.py
[2022-07-22 14:13:24,522] {processor.py:651} INFO - DAG(s) dict_keys(['example_task_group']) retrieved from /home/airflow/.local/lib/python3.7/site-packages/airflow/example_dags/example_task_group.py
[2022-07-22 14:13:24,577] {logging_mixin.py:115} INFO - [2022-07-22 14:13:24,576] {dag.py:2420} INFO - Sync 1 DAGs
[2022-07-22 14:13:24,608] {logging_mixin.py:115} INFO - [2022-07-22 14:13:24,608] {dag.py:2972} INFO - Setting next_dagrun for example_task_group to 2022-07-21T14:13:24.608044+00:00, run_after=2022-07-22T14:13:24.608044+00:00
[2022-07-22 14:13:24,621] {processor.py:161} INFO - Processing /home/airflow/.local/lib/python3.7/site-packages/airflow/example_dags/example_task_group.py took 0.120 seconds
[2022-07-22 14:13:54,769] {processor.py:153} INFO - Started process (PID=645) to work on /home/airflow/.local/lib/python3.7/site-packages/airflow/example_dags/example_task_group.py
[2022-07-22 14:13:54,769] {processor.py:641} INFO - Processing file /home/airflow/.local/lib/python3.7/site-packages/airflow/example_dags/example_task_group.py for tasks to queue
[2022-07-22 14:13:54,770] {logging_mixin.py:115} INFO - [2022-07-22 14:13:54,770] {dagbag.py:508} INFO - Filling up the DagBag from /home/airflow/.local/lib/python3.7/site-packages/airflow/example_dags/example_task_group.py
[2022-07-22 14:13:54,778] {processor.py:651} INFO - DAG(s) dict_keys(['example_task_group']) retrieved from /home/airflow/.local/lib/python3.7/site-packages/airflow/example_dags/example_task_group.py
[2022-07-22 14:13:54,854] {logging_mixin.py:115} INFO - [2022-07-22 14:13:54,854] {dag.py:2420} INFO - Sync 1 DAGs
[2022-07-22 14:13:54,892] {logging_mixin.py:115} INFO - [2022-07-22 14:13:54,892] {dag.py:2972} INFO - Setting next_dagrun for example_task_group to 2022-07-21T14:13:54.887527+00:00, run_after=2022-07-22T14:13:54.887527+00:00
[2022-07-22 14:13:54,916] {processor.py:161} INFO - Processing /home/airflow/.local/lib/python3.7/site-packages/airflow/example_dags/example_task_group.py took 0.151 seconds
[2022-07-22 14:14:47,795] {processor.py:153} INFO - Started process (PID=244) to work on /home/airflow/.local/lib/python3.7/site-packages/airflow/example_dags/example_task_group.py
[2022-07-22 14:14:47,796] {processor.py:641} INFO - Processing file /home/airflow/.local/lib/python3.7/site-packages/airflow/example_dags/example_task_group.py for tasks to queue
[2022-07-22 14:14:47,798] {logging_mixin.py:115} INFO - [2022-07-22 14:14:47,797] {dagbag.py:508} INFO - Filling up the DagBag from /home/airflow/.local/lib/python3.7/site-packages/airflow/example_dags/example_task_group.py
[2022-07-22 14:14:47,810] {processor.py:651} INFO - DAG(s) dict_keys(['example_task_group']) retrieved from /home/airflow/.local/lib/python3.7/site-packages/airflow/example_dags/example_task_group.py
[2022-07-22 14:14:47,940] {logging_mixin.py:115} INFO - [2022-07-22 14:14:47,940] {manager.py:508} INFO - Created Permission View: can read on DAG:example_task_group
[2022-07-22 14:14:47,954] {logging_mixin.py:115} INFO - [2022-07-22 14:14:47,954] {manager.py:508} INFO - Created Permission View: can edit on DAG:example_task_group
[2022-07-22 14:14:47,965] {logging_mixin.py:115} INFO - [2022-07-22 14:14:47,965] {manager.py:508} INFO - Created Permission View: can delete on DAG:example_task_group
[2022-07-22 14:14:47,966] {logging_mixin.py:115} INFO - [2022-07-22 14:14:47,966] {dag.py:2420} INFO - Sync 1 DAGs
[2022-07-22 14:14:47,976] {logging_mixin.py:115} INFO - [2022-07-22 14:14:47,975] {dag.py:2439} INFO - Creating ORM DAG for example_task_group
[2022-07-22 14:14:47,989] {logging_mixin.py:115} INFO - [2022-07-22 14:14:47,989] {dag.py:2972} INFO - Setting next_dagrun for example_task_group to 2022-07-21T14:14:47.989330+00:00, run_after=2022-07-22T14:14:47.989330+00:00
[2022-07-22 14:14:48,011] {processor.py:161} INFO - Processing /home/airflow/.local/lib/python3.7/site-packages/airflow/example_dags/example_task_group.py took 0.221 seconds
[2022-07-22 14:15:18,633] {processor.py:153} INFO - Started process (PID=458) to work on /home/airflow/.local/lib/python3.7/site-packages/airflow/example_dags/example_task_group.py
[2022-07-22 14:15:18,633] {processor.py:641} INFO - Processing file /home/airflow/.local/lib/python3.7/site-packages/airflow/example_dags/example_task_group.py for tasks to queue
[2022-07-22 14:15:18,634] {logging_mixin.py:115} INFO - [2022-07-22 14:15:18,633] {dagbag.py:508} INFO - Filling up the DagBag from /home/airflow/.local/lib/python3.7/site-packages/airflow/example_dags/example_task_group.py
[2022-07-22 14:15:18,640] {processor.py:651} INFO - DAG(s) dict_keys(['example_task_group']) retrieved from /home/airflow/.local/lib/python3.7/site-packages/airflow/example_dags/example_task_group.py
[2022-07-22 14:15:18,682] {logging_mixin.py:115} INFO - [2022-07-22 14:15:18,682] {dag.py:2420} INFO - Sync 1 DAGs
[2022-07-22 14:15:18,714] {logging_mixin.py:115} INFO - [2022-07-22 14:15:18,714] {dag.py:2972} INFO - Setting next_dagrun for example_task_group to 2022-07-21T14:15:18.713869+00:00, run_after=2022-07-22T14:15:18.713869+00:00
[2022-07-22 14:15:18,727] {processor.py:161} INFO - Processing /home/airflow/.local/lib/python3.7/site-packages/airflow/example_dags/example_task_group.py took 0.097 seconds
[2022-07-22 14:15:48,897] {processor.py:153} INFO - Started process (PID=655) to work on /home/airflow/.local/lib/python3.7/site-packages/airflow/example_dags/example_task_group.py
[2022-07-22 14:15:48,898] {processor.py:641} INFO - Processing file /home/airflow/.local/lib/python3.7/site-packages/airflow/example_dags/example_task_group.py for tasks to queue
[2022-07-22 14:15:48,900] {logging_mixin.py:115} INFO - [2022-07-22 14:15:48,900] {dagbag.py:508} INFO - Filling up the DagBag from /home/airflow/.local/lib/python3.7/site-packages/airflow/example_dags/example_task_group.py
[2022-07-22 14:15:48,914] {processor.py:651} INFO - DAG(s) dict_keys(['example_task_group']) retrieved from /home/airflow/.local/lib/python3.7/site-packages/airflow/example_dags/example_task_group.py
[2022-07-22 14:15:48,946] {logging_mixin.py:115} INFO - [2022-07-22 14:15:48,946] {dag.py:2420} INFO - Sync 1 DAGs
[2022-07-22 14:15:48,974] {logging_mixin.py:115} INFO - [2022-07-22 14:15:48,973] {dag.py:2972} INFO - Setting next_dagrun for example_task_group to 2022-07-21T14:15:48.973724+00:00, run_after=2022-07-22T14:15:48.973724+00:00
[2022-07-22 14:15:48,988] {processor.py:161} INFO - Processing /home/airflow/.local/lib/python3.7/site-packages/airflow/example_dags/example_task_group.py took 0.098 seconds
[2022-07-22 14:16:19,468] {processor.py:153} INFO - Started process (PID=872) to work on /home/airflow/.local/lib/python3.7/site-packages/airflow/example_dags/example_task_group.py
[2022-07-22 14:16:19,469] {processor.py:641} INFO - Processing file /home/airflow/.local/lib/python3.7/site-packages/airflow/example_dags/example_task_group.py for tasks to queue
[2022-07-22 14:16:19,470] {logging_mixin.py:115} INFO - [2022-07-22 14:16:19,470] {dagbag.py:508} INFO - Filling up the DagBag from /home/airflow/.local/lib/python3.7/site-packages/airflow/example_dags/example_task_group.py
[2022-07-22 14:16:19,486] {processor.py:651} INFO - DAG(s) dict_keys(['example_task_group']) retrieved from /home/airflow/.local/lib/python3.7/site-packages/airflow/example_dags/example_task_group.py
[2022-07-22 14:16:19,538] {logging_mixin.py:115} INFO - [2022-07-22 14:16:19,537] {dag.py:2420} INFO - Sync 1 DAGs
[2022-07-22 14:16:19,583] {logging_mixin.py:115} INFO - [2022-07-22 14:16:19,583] {dag.py:2972} INFO - Setting next_dagrun for example_task_group to 2022-07-21T14:16:19.583151+00:00, run_after=2022-07-22T14:16:19.583151+00:00
[2022-07-22 14:16:19,613] {processor.py:161} INFO - Processing /home/airflow/.local/lib/python3.7/site-packages/airflow/example_dags/example_task_group.py took 0.151 seconds
[2022-07-22 14:16:49,914] {processor.py:153} INFO - Started process (PID=1065) to work on /home/airflow/.local/lib/python3.7/site-packages/airflow/example_dags/example_task_group.py
[2022-07-22 14:16:49,914] {processor.py:641} INFO - Processing file /home/airflow/.local/lib/python3.7/site-packages/airflow/example_dags/example_task_group.py for tasks to queue
[2022-07-22 14:16:49,915] {logging_mixin.py:115} INFO - [2022-07-22 14:16:49,915] {dagbag.py:508} INFO - Filling up the DagBag from /home/airflow/.local/lib/python3.7/site-packages/airflow/example_dags/example_task_group.py
[2022-07-22 14:16:49,920] {processor.py:651} INFO - DAG(s) dict_keys(['example_task_group']) retrieved from /home/airflow/.local/lib/python3.7/site-packages/airflow/example_dags/example_task_group.py
[2022-07-22 14:16:49,966] {logging_mixin.py:115} INFO - [2022-07-22 14:16:49,965] {dag.py:2420} INFO - Sync 1 DAGs
[2022-07-22 14:16:50,007] {logging_mixin.py:115} INFO - [2022-07-22 14:16:50,007] {dag.py:2972} INFO - Setting next_dagrun for example_task_group to 2022-07-21T14:16:50.006954+00:00, run_after=2022-07-22T14:16:50.006954+00:00
[2022-07-22 14:16:50,020] {processor.py:161} INFO - Processing /home/airflow/.local/lib/python3.7/site-packages/airflow/example_dags/example_task_group.py took 0.109 seconds
[2022-07-22 14:17:20,225] {processor.py:153} INFO - Started process (PID=1267) to work on /home/airflow/.local/lib/python3.7/site-packages/airflow/example_dags/example_task_group.py
[2022-07-22 14:17:20,226] {processor.py:641} INFO - Processing file /home/airflow/.local/lib/python3.7/site-packages/airflow/example_dags/example_task_group.py for tasks to queue
[2022-07-22 14:17:20,227] {logging_mixin.py:115} INFO - [2022-07-22 14:17:20,227] {dagbag.py:508} INFO - Filling up the DagBag from /home/airflow/.local/lib/python3.7/site-packages/airflow/example_dags/example_task_group.py
[2022-07-22 14:17:20,240] {processor.py:651} INFO - DAG(s) dict_keys(['example_task_group']) retrieved from /home/airflow/.local/lib/python3.7/site-packages/airflow/example_dags/example_task_group.py
[2022-07-22 14:17:20,294] {logging_mixin.py:115} INFO - [2022-07-22 14:17:20,294] {dag.py:2420} INFO - Sync 1 DAGs
[2022-07-22 14:17:20,320] {logging_mixin.py:115} INFO - [2022-07-22 14:17:20,319] {dag.py:2972} INFO - Setting next_dagrun for example_task_group to 2022-07-21T14:17:20.319754+00:00, run_after=2022-07-22T14:17:20.319754+00:00
[2022-07-22 14:17:20,334] {processor.py:161} INFO - Processing /home/airflow/.local/lib/python3.7/site-packages/airflow/example_dags/example_task_group.py took 0.114 seconds
[2022-07-22 14:17:51,215] {processor.py:153} INFO - Started process (PID=1469) to work on /home/airflow/.local/lib/python3.7/site-packages/airflow/example_dags/example_task_group.py
[2022-07-22 14:17:51,216] {processor.py:641} INFO - Processing file /home/airflow/.local/lib/python3.7/site-packages/airflow/example_dags/example_task_group.py for tasks to queue
[2022-07-22 14:17:51,217] {logging_mixin.py:115} INFO - [2022-07-22 14:17:51,216] {dagbag.py:508} INFO - Filling up the DagBag from /home/airflow/.local/lib/python3.7/site-packages/airflow/example_dags/example_task_group.py
[2022-07-22 14:17:51,228] {processor.py:651} INFO - DAG(s) dict_keys(['example_task_group']) retrieved from /home/airflow/.local/lib/python3.7/site-packages/airflow/example_dags/example_task_group.py
[2022-07-22 14:17:51,281] {logging_mixin.py:115} INFO - [2022-07-22 14:17:51,280] {dag.py:2420} INFO - Sync 1 DAGs
[2022-07-22 14:17:51,299] {logging_mixin.py:115} INFO - [2022-07-22 14:17:51,299] {dag.py:2972} INFO - Setting next_dagrun for example_task_group to 2022-07-21T14:17:51.299040+00:00, run_after=2022-07-22T14:17:51.299040+00:00
[2022-07-22 14:17:51,311] {processor.py:161} INFO - Processing /home/airflow/.local/lib/python3.7/site-packages/airflow/example_dags/example_task_group.py took 0.101 seconds
[2022-07-22 14:18:21,684] {processor.py:153} INFO - Started process (PID=1661) to work on /home/airflow/.local/lib/python3.7/site-packages/airflow/example_dags/example_task_group.py
[2022-07-22 14:18:21,685] {processor.py:641} INFO - Processing file /home/airflow/.local/lib/python3.7/site-packages/airflow/example_dags/example_task_group.py for tasks to queue
[2022-07-22 14:18:21,686] {logging_mixin.py:115} INFO - [2022-07-22 14:18:21,685] {dagbag.py:508} INFO - Filling up the DagBag from /home/airflow/.local/lib/python3.7/site-packages/airflow/example_dags/example_task_group.py
[2022-07-22 14:18:21,701] {processor.py:651} INFO - DAG(s) dict_keys(['example_task_group']) retrieved from /home/airflow/.local/lib/python3.7/site-packages/airflow/example_dags/example_task_group.py
[2022-07-22 14:18:21,745] {logging_mixin.py:115} INFO - [2022-07-22 14:18:21,745] {dag.py:2420} INFO - Sync 1 DAGs
[2022-07-22 14:18:21,797] {logging_mixin.py:115} INFO - [2022-07-22 14:18:21,796] {dag.py:2972} INFO - Setting next_dagrun for example_task_group to 2022-07-21T14:18:21.796219+00:00, run_after=2022-07-22T14:18:21.796219+00:00
[2022-07-22 14:18:21,828] {processor.py:161} INFO - Processing /home/airflow/.local/lib/python3.7/site-packages/airflow/example_dags/example_task_group.py took 0.151 seconds
[2022-07-22 14:18:51,933] {processor.py:153} INFO - Started process (PID=1863) to work on /home/airflow/.local/lib/python3.7/site-packages/airflow/example_dags/example_task_group.py
[2022-07-22 14:18:51,934] {processor.py:641} INFO - Processing file /home/airflow/.local/lib/python3.7/site-packages/airflow/example_dags/example_task_group.py for tasks to queue
[2022-07-22 14:18:51,935] {logging_mixin.py:115} INFO - [2022-07-22 14:18:51,935] {dagbag.py:508} INFO - Filling up the DagBag from /home/airflow/.local/lib/python3.7/site-packages/airflow/example_dags/example_task_group.py
[2022-07-22 14:18:51,948] {processor.py:651} INFO - DAG(s) dict_keys(['example_task_group']) retrieved from /home/airflow/.local/lib/python3.7/site-packages/airflow/example_dags/example_task_group.py
[2022-07-22 14:18:51,998] {logging_mixin.py:115} INFO - [2022-07-22 14:18:51,997] {dag.py:2420} INFO - Sync 1 DAGs
[2022-07-22 14:18:52,048] {logging_mixin.py:115} INFO - [2022-07-22 14:18:52,048] {dag.py:2972} INFO - Setting next_dagrun for example_task_group to 2022-07-21T14:18:52.047598+00:00, run_after=2022-07-22T14:18:52.047598+00:00
[2022-07-22 14:18:52,072] {processor.py:161} INFO - Processing /home/airflow/.local/lib/python3.7/site-packages/airflow/example_dags/example_task_group.py took 0.144 seconds
[2022-07-22 14:19:22,238] {processor.py:153} INFO - Started process (PID=2065) to work on /home/airflow/.local/lib/python3.7/site-packages/airflow/example_dags/example_task_group.py
[2022-07-22 14:19:22,238] {processor.py:641} INFO - Processing file /home/airflow/.local/lib/python3.7/site-packages/airflow/example_dags/example_task_group.py for tasks to queue
[2022-07-22 14:19:22,239] {logging_mixin.py:115} INFO - [2022-07-22 14:19:22,239] {dagbag.py:508} INFO - Filling up the DagBag from /home/airflow/.local/lib/python3.7/site-packages/airflow/example_dags/example_task_group.py
[2022-07-22 14:19:22,245] {processor.py:651} INFO - DAG(s) dict_keys(['example_task_group']) retrieved from /home/airflow/.local/lib/python3.7/site-packages/airflow/example_dags/example_task_group.py
[2022-07-22 14:19:22,273] {logging_mixin.py:115} INFO - [2022-07-22 14:19:22,273] {dag.py:2420} INFO - Sync 1 DAGs
[2022-07-22 14:19:22,293] {logging_mixin.py:115} INFO - [2022-07-22 14:19:22,293] {dag.py:2972} INFO - Setting next_dagrun for example_task_group to 2022-07-21T14:19:22.293092+00:00, run_after=2022-07-22T14:19:22.293092+00:00
[2022-07-22 14:19:22,313] {processor.py:161} INFO - Processing /home/airflow/.local/lib/python3.7/site-packages/airflow/example_dags/example_task_group.py took 0.078 seconds
[2022-07-22 14:19:52,698] {processor.py:153} INFO - Started process (PID=2258) to work on /home/airflow/.local/lib/python3.7/site-packages/airflow/example_dags/example_task_group.py
[2022-07-22 14:19:52,699] {processor.py:641} INFO - Processing file /home/airflow/.local/lib/python3.7/site-packages/airflow/example_dags/example_task_group.py for tasks to queue
[2022-07-22 14:19:52,700] {logging_mixin.py:115} INFO - [2022-07-22 14:19:52,700] {dagbag.py:508} INFO - Filling up the DagBag from /home/airflow/.local/lib/python3.7/site-packages/airflow/example_dags/example_task_group.py
[2022-07-22 14:19:52,711] {processor.py:651} INFO - DAG(s) dict_keys(['example_task_group']) retrieved from /home/airflow/.local/lib/python3.7/site-packages/airflow/example_dags/example_task_group.py
[2022-07-22 14:19:52,751] {logging_mixin.py:115} INFO - [2022-07-22 14:19:52,750] {dag.py:2420} INFO - Sync 1 DAGs
[2022-07-22 14:19:52,793] {logging_mixin.py:115} INFO - [2022-07-22 14:19:52,793] {dag.py:2972} INFO - Setting next_dagrun for example_task_group to 2022-07-21T14:19:52.792525+00:00, run_after=2022-07-22T14:19:52.792525+00:00
[2022-07-22 14:19:52,819] {processor.py:161} INFO - Processing /home/airflow/.local/lib/python3.7/site-packages/airflow/example_dags/example_task_group.py took 0.127 seconds
[2022-07-22 14:20:23,001] {processor.py:153} INFO - Started process (PID=2460) to work on /home/airflow/.local/lib/python3.7/site-packages/airflow/example_dags/example_task_group.py
[2022-07-22 14:20:23,001] {processor.py:641} INFO - Processing file /home/airflow/.local/lib/python3.7/site-packages/airflow/example_dags/example_task_group.py for tasks to queue
[2022-07-22 14:20:23,002] {logging_mixin.py:115} INFO - [2022-07-22 14:20:23,002] {dagbag.py:508} INFO - Filling up the DagBag from /home/airflow/.local/lib/python3.7/site-packages/airflow/example_dags/example_task_group.py
[2022-07-22 14:20:23,008] {processor.py:651} INFO - DAG(s) dict_keys(['example_task_group']) retrieved from /home/airflow/.local/lib/python3.7/site-packages/airflow/example_dags/example_task_group.py
[2022-07-22 14:20:23,031] {logging_mixin.py:115} INFO - [2022-07-22 14:20:23,031] {dag.py:2420} INFO - Sync 1 DAGs
[2022-07-22 14:20:23,051] {logging_mixin.py:115} INFO - [2022-07-22 14:20:23,051] {dag.py:2972} INFO - Setting next_dagrun for example_task_group to 2022-07-21T14:20:23.050923+00:00, run_after=2022-07-22T14:20:23.050923+00:00
[2022-07-22 14:20:23,065] {processor.py:161} INFO - Processing /home/airflow/.local/lib/python3.7/site-packages/airflow/example_dags/example_task_group.py took 0.066 seconds
[2022-07-22 14:20:53,536] {processor.py:153} INFO - Started process (PID=2662) to work on /home/airflow/.local/lib/python3.7/site-packages/airflow/example_dags/example_task_group.py
[2022-07-22 14:20:53,537] {processor.py:641} INFO - Processing file /home/airflow/.local/lib/python3.7/site-packages/airflow/example_dags/example_task_group.py for tasks to queue
[2022-07-22 14:20:53,538] {logging_mixin.py:115} INFO - [2022-07-22 14:20:53,538] {dagbag.py:508} INFO - Filling up the DagBag from /home/airflow/.local/lib/python3.7/site-packages/airflow/example_dags/example_task_group.py
[2022-07-22 14:20:53,553] {processor.py:651} INFO - DAG(s) dict_keys(['example_task_group']) retrieved from /home/airflow/.local/lib/python3.7/site-packages/airflow/example_dags/example_task_group.py
[2022-07-22 14:20:53,589] {logging_mixin.py:115} INFO - [2022-07-22 14:20:53,589] {dag.py:2420} INFO - Sync 1 DAGs
[2022-07-22 14:20:53,622] {logging_mixin.py:115} INFO - [2022-07-22 14:20:53,622] {dag.py:2972} INFO - Setting next_dagrun for example_task_group to 2022-07-21T14:20:53.622068+00:00, run_after=2022-07-22T14:20:53.622068+00:00
[2022-07-22 14:20:53,654] {processor.py:161} INFO - Processing /home/airflow/.local/lib/python3.7/site-packages/airflow/example_dags/example_task_group.py took 0.123 seconds
[2022-07-22 14:21:23,935] {processor.py:153} INFO - Started process (PID=2855) to work on /home/airflow/.local/lib/python3.7/site-packages/airflow/example_dags/example_task_group.py
[2022-07-22 14:21:23,936] {processor.py:641} INFO - Processing file /home/airflow/.local/lib/python3.7/site-packages/airflow/example_dags/example_task_group.py for tasks to queue
[2022-07-22 14:21:23,937] {logging_mixin.py:115} INFO - [2022-07-22 14:21:23,937] {dagbag.py:508} INFO - Filling up the DagBag from /home/airflow/.local/lib/python3.7/site-packages/airflow/example_dags/example_task_group.py
[2022-07-22 14:21:23,950] {processor.py:651} INFO - DAG(s) dict_keys(['example_task_group']) retrieved from /home/airflow/.local/lib/python3.7/site-packages/airflow/example_dags/example_task_group.py
[2022-07-22 14:21:24,002] {logging_mixin.py:115} INFO - [2022-07-22 14:21:24,002] {dag.py:2420} INFO - Sync 1 DAGs
[2022-07-22 14:21:24,041] {logging_mixin.py:115} INFO - [2022-07-22 14:21:24,041] {dag.py:2972} INFO - Setting next_dagrun for example_task_group to 2022-07-21T14:21:24.041438+00:00, run_after=2022-07-22T14:21:24.041438+00:00
[2022-07-22 14:21:24,060] {processor.py:161} INFO - Processing /home/airflow/.local/lib/python3.7/site-packages/airflow/example_dags/example_task_group.py took 0.130 seconds
[2022-07-22 14:21:55,205] {processor.py:153} INFO - Started process (PID=3057) to work on /home/airflow/.local/lib/python3.7/site-packages/airflow/example_dags/example_task_group.py
[2022-07-22 14:21:55,207] {processor.py:641} INFO - Processing file /home/airflow/.local/lib/python3.7/site-packages/airflow/example_dags/example_task_group.py for tasks to queue
[2022-07-22 14:21:55,208] {logging_mixin.py:115} INFO - [2022-07-22 14:21:55,208] {dagbag.py:508} INFO - Filling up the DagBag from /home/airflow/.local/lib/python3.7/site-packages/airflow/example_dags/example_task_group.py
[2022-07-22 14:21:55,214] {processor.py:651} INFO - DAG(s) dict_keys(['example_task_group']) retrieved from /home/airflow/.local/lib/python3.7/site-packages/airflow/example_dags/example_task_group.py
[2022-07-22 14:21:55,256] {logging_mixin.py:115} INFO - [2022-07-22 14:21:55,256] {dag.py:2420} INFO - Sync 1 DAGs
[2022-07-22 14:21:55,303] {logging_mixin.py:115} INFO - [2022-07-22 14:21:55,303] {dag.py:2972} INFO - Setting next_dagrun for example_task_group to 2022-07-21T14:21:55.303185+00:00, run_after=2022-07-22T14:21:55.303185+00:00
[2022-07-22 14:21:55,333] {processor.py:161} INFO - Processing /home/airflow/.local/lib/python3.7/site-packages/airflow/example_dags/example_task_group.py took 0.132 seconds
[2022-07-22 14:22:25,784] {processor.py:153} INFO - Started process (PID=3261) to work on /home/airflow/.local/lib/python3.7/site-packages/airflow/example_dags/example_task_group.py
[2022-07-22 14:22:25,785] {processor.py:641} INFO - Processing file /home/airflow/.local/lib/python3.7/site-packages/airflow/example_dags/example_task_group.py for tasks to queue
[2022-07-22 14:22:25,786] {logging_mixin.py:115} INFO - [2022-07-22 14:22:25,786] {dagbag.py:508} INFO - Filling up the DagBag from /home/airflow/.local/lib/python3.7/site-packages/airflow/example_dags/example_task_group.py
[2022-07-22 14:22:25,800] {processor.py:651} INFO - DAG(s) dict_keys(['example_task_group']) retrieved from /home/airflow/.local/lib/python3.7/site-packages/airflow/example_dags/example_task_group.py
[2022-07-22 14:22:25,850] {logging_mixin.py:115} INFO - [2022-07-22 14:22:25,850] {dag.py:2420} INFO - Sync 1 DAGs
[2022-07-22 14:22:25,876] {logging_mixin.py:115} INFO - [2022-07-22 14:22:25,876] {dag.py:2972} INFO - Setting next_dagrun for example_task_group to 2022-07-21T14:22:25.875875+00:00, run_after=2022-07-22T14:22:25.875875+00:00
[2022-07-22 14:22:25,889] {processor.py:161} INFO - Processing /home/airflow/.local/lib/python3.7/site-packages/airflow/example_dags/example_task_group.py took 0.111 seconds
[2022-07-22 14:22:56,054] {processor.py:153} INFO - Started process (PID=3454) to work on /home/airflow/.local/lib/python3.7/site-packages/airflow/example_dags/example_task_group.py
[2022-07-22 14:22:56,055] {processor.py:641} INFO - Processing file /home/airflow/.local/lib/python3.7/site-packages/airflow/example_dags/example_task_group.py for tasks to queue
[2022-07-22 14:22:56,056] {logging_mixin.py:115} INFO - [2022-07-22 14:22:56,055] {dagbag.py:508} INFO - Filling up the DagBag from /home/airflow/.local/lib/python3.7/site-packages/airflow/example_dags/example_task_group.py
[2022-07-22 14:22:56,067] {processor.py:651} INFO - DAG(s) dict_keys(['example_task_group']) retrieved from /home/airflow/.local/lib/python3.7/site-packages/airflow/example_dags/example_task_group.py
[2022-07-22 14:22:56,093] {logging_mixin.py:115} INFO - [2022-07-22 14:22:56,093] {dag.py:2420} INFO - Sync 1 DAGs
[2022-07-22 14:22:56,115] {logging_mixin.py:115} INFO - [2022-07-22 14:22:56,115] {dag.py:2972} INFO - Setting next_dagrun for example_task_group to 2022-07-21T14:22:56.115026+00:00, run_after=2022-07-22T14:22:56.115026+00:00
[2022-07-22 14:22:56,139] {processor.py:161} INFO - Processing /home/airflow/.local/lib/python3.7/site-packages/airflow/example_dags/example_task_group.py took 0.090 seconds
[2022-07-22 14:23:26,373] {processor.py:153} INFO - Started process (PID=3653) to work on /home/airflow/.local/lib/python3.7/site-packages/airflow/example_dags/example_task_group.py
[2022-07-22 14:23:26,374] {processor.py:641} INFO - Processing file /home/airflow/.local/lib/python3.7/site-packages/airflow/example_dags/example_task_group.py for tasks to queue
[2022-07-22 14:23:26,375] {logging_mixin.py:115} INFO - [2022-07-22 14:23:26,375] {dagbag.py:508} INFO - Filling up the DagBag from /home/airflow/.local/lib/python3.7/site-packages/airflow/example_dags/example_task_group.py
[2022-07-22 14:23:26,390] {processor.py:651} INFO - DAG(s) dict_keys(['example_task_group']) retrieved from /home/airflow/.local/lib/python3.7/site-packages/airflow/example_dags/example_task_group.py
[2022-07-22 14:23:26,444] {logging_mixin.py:115} INFO - [2022-07-22 14:23:26,443] {dag.py:2420} INFO - Sync 1 DAGs
[2022-07-22 14:23:26,478] {logging_mixin.py:115} INFO - [2022-07-22 14:23:26,478] {dag.py:2972} INFO - Setting next_dagrun for example_task_group to 2022-07-21T14:23:26.477866+00:00, run_after=2022-07-22T14:23:26.477866+00:00
[2022-07-22 14:23:26,495] {processor.py:161} INFO - Processing /home/airflow/.local/lib/python3.7/site-packages/airflow/example_dags/example_task_group.py took 0.129 seconds
[2022-07-22 14:23:56,656] {processor.py:153} INFO - Started process (PID=3855) to work on /home/airflow/.local/lib/python3.7/site-packages/airflow/example_dags/example_task_group.py
[2022-07-22 14:23:56,658] {processor.py:641} INFO - Processing file /home/airflow/.local/lib/python3.7/site-packages/airflow/example_dags/example_task_group.py for tasks to queue
[2022-07-22 14:23:56,659] {logging_mixin.py:115} INFO - [2022-07-22 14:23:56,659] {dagbag.py:508} INFO - Filling up the DagBag from /home/airflow/.local/lib/python3.7/site-packages/airflow/example_dags/example_task_group.py
[2022-07-22 14:23:56,673] {processor.py:651} INFO - DAG(s) dict_keys(['example_task_group']) retrieved from /home/airflow/.local/lib/python3.7/site-packages/airflow/example_dags/example_task_group.py
[2022-07-22 14:23:56,728] {logging_mixin.py:115} INFO - [2022-07-22 14:23:56,728] {dag.py:2420} INFO - Sync 1 DAGs
[2022-07-22 14:23:56,764] {logging_mixin.py:115} INFO - [2022-07-22 14:23:56,764] {dag.py:2972} INFO - Setting next_dagrun for example_task_group to 2022-07-21T14:23:56.764644+00:00, run_after=2022-07-22T14:23:56.764644+00:00
[2022-07-22 14:23:56,778] {processor.py:161} INFO - Processing /home/airflow/.local/lib/python3.7/site-packages/airflow/example_dags/example_task_group.py took 0.128 seconds
[2022-07-22 14:24:27,200] {processor.py:153} INFO - Started process (PID=4055) to work on /home/airflow/.local/lib/python3.7/site-packages/airflow/example_dags/example_task_group.py
[2022-07-22 14:24:27,201] {processor.py:641} INFO - Processing file /home/airflow/.local/lib/python3.7/site-packages/airflow/example_dags/example_task_group.py for tasks to queue
[2022-07-22 14:24:27,202] {logging_mixin.py:115} INFO - [2022-07-22 14:24:27,202] {dagbag.py:508} INFO - Filling up the DagBag from /home/airflow/.local/lib/python3.7/site-packages/airflow/example_dags/example_task_group.py
[2022-07-22 14:24:27,213] {processor.py:651} INFO - DAG(s) dict_keys(['example_task_group']) retrieved from /home/airflow/.local/lib/python3.7/site-packages/airflow/example_dags/example_task_group.py
[2022-07-22 14:24:27,252] {logging_mixin.py:115} INFO - [2022-07-22 14:24:27,252] {dag.py:2420} INFO - Sync 1 DAGs
[2022-07-22 14:24:27,296] {logging_mixin.py:115} INFO - [2022-07-22 14:24:27,296] {dag.py:2972} INFO - Setting next_dagrun for example_task_group to 2022-07-21T14:24:27.296118+00:00, run_after=2022-07-22T14:24:27.296118+00:00
[2022-07-22 14:24:27,319] {processor.py:161} INFO - Processing /home/airflow/.local/lib/python3.7/site-packages/airflow/example_dags/example_task_group.py took 0.124 seconds
[2022-07-22 14:24:57,549] {processor.py:153} INFO - Started process (PID=4250) to work on /home/airflow/.local/lib/python3.7/site-packages/airflow/example_dags/example_task_group.py
[2022-07-22 14:24:57,550] {processor.py:641} INFO - Processing file /home/airflow/.local/lib/python3.7/site-packages/airflow/example_dags/example_task_group.py for tasks to queue
[2022-07-22 14:24:57,550] {logging_mixin.py:115} INFO - [2022-07-22 14:24:57,550] {dagbag.py:508} INFO - Filling up the DagBag from /home/airflow/.local/lib/python3.7/site-packages/airflow/example_dags/example_task_group.py
[2022-07-22 14:24:57,555] {processor.py:651} INFO - DAG(s) dict_keys(['example_task_group']) retrieved from /home/airflow/.local/lib/python3.7/site-packages/airflow/example_dags/example_task_group.py
[2022-07-22 14:24:57,578] {logging_mixin.py:115} INFO - [2022-07-22 14:24:57,578] {dag.py:2420} INFO - Sync 1 DAGs
[2022-07-22 14:24:57,598] {logging_mixin.py:115} INFO - [2022-07-22 14:24:57,598] {dag.py:2972} INFO - Setting next_dagrun for example_task_group to 2022-07-21T14:24:57.598618+00:00, run_after=2022-07-22T14:24:57.598618+00:00
[2022-07-22 14:24:57,609] {processor.py:161} INFO - Processing /home/airflow/.local/lib/python3.7/site-packages/airflow/example_dags/example_task_group.py took 0.062 seconds
[2022-07-22 14:25:27,874] {processor.py:153} INFO - Started process (PID=4452) to work on /home/airflow/.local/lib/python3.7/site-packages/airflow/example_dags/example_task_group.py
[2022-07-22 14:25:27,876] {processor.py:641} INFO - Processing file /home/airflow/.local/lib/python3.7/site-packages/airflow/example_dags/example_task_group.py for tasks to queue
[2022-07-22 14:25:27,877] {logging_mixin.py:115} INFO - [2022-07-22 14:25:27,877] {dagbag.py:508} INFO - Filling up the DagBag from /home/airflow/.local/lib/python3.7/site-packages/airflow/example_dags/example_task_group.py
[2022-07-22 14:25:27,891] {processor.py:651} INFO - DAG(s) dict_keys(['example_task_group']) retrieved from /home/airflow/.local/lib/python3.7/site-packages/airflow/example_dags/example_task_group.py
[2022-07-22 14:25:27,946] {logging_mixin.py:115} INFO - [2022-07-22 14:25:27,945] {dag.py:2420} INFO - Sync 1 DAGs
[2022-07-22 14:25:27,989] {logging_mixin.py:115} INFO - [2022-07-22 14:25:27,989] {dag.py:2972} INFO - Setting next_dagrun for example_task_group to 2022-07-21T14:25:27.989022+00:00, run_after=2022-07-22T14:25:27.989022+00:00
[2022-07-22 14:25:28,008] {processor.py:161} INFO - Processing /home/airflow/.local/lib/python3.7/site-packages/airflow/example_dags/example_task_group.py took 0.139 seconds
[2022-07-22 14:25:58,359] {processor.py:153} INFO - Started process (PID=4654) to work on /home/airflow/.local/lib/python3.7/site-packages/airflow/example_dags/example_task_group.py
[2022-07-22 14:25:58,361] {processor.py:641} INFO - Processing file /home/airflow/.local/lib/python3.7/site-packages/airflow/example_dags/example_task_group.py for tasks to queue
[2022-07-22 14:25:58,362] {logging_mixin.py:115} INFO - [2022-07-22 14:25:58,362] {dagbag.py:508} INFO - Filling up the DagBag from /home/airflow/.local/lib/python3.7/site-packages/airflow/example_dags/example_task_group.py
[2022-07-22 14:25:58,371] {processor.py:651} INFO - DAG(s) dict_keys(['example_task_group']) retrieved from /home/airflow/.local/lib/python3.7/site-packages/airflow/example_dags/example_task_group.py
[2022-07-22 14:25:58,407] {logging_mixin.py:115} INFO - [2022-07-22 14:25:58,407] {dag.py:2420} INFO - Sync 1 DAGs
[2022-07-22 14:25:58,432] {logging_mixin.py:115} INFO - [2022-07-22 14:25:58,432] {dag.py:2972} INFO - Setting next_dagrun for example_task_group to 2022-07-21T14:25:58.432419+00:00, run_after=2022-07-22T14:25:58.432419+00:00
[2022-07-22 14:25:58,445] {processor.py:161} INFO - Processing /home/airflow/.local/lib/python3.7/site-packages/airflow/example_dags/example_task_group.py took 0.090 seconds
[2022-07-22 14:26:29,038] {processor.py:153} INFO - Started process (PID=4847) to work on /home/airflow/.local/lib/python3.7/site-packages/airflow/example_dags/example_task_group.py
[2022-07-22 14:26:29,038] {processor.py:641} INFO - Processing file /home/airflow/.local/lib/python3.7/site-packages/airflow/example_dags/example_task_group.py for tasks to queue
[2022-07-22 14:26:29,039] {logging_mixin.py:115} INFO - [2022-07-22 14:26:29,039] {dagbag.py:508} INFO - Filling up the DagBag from /home/airflow/.local/lib/python3.7/site-packages/airflow/example_dags/example_task_group.py
[2022-07-22 14:26:29,045] {processor.py:651} INFO - DAG(s) dict_keys(['example_task_group']) retrieved from /home/airflow/.local/lib/python3.7/site-packages/airflow/example_dags/example_task_group.py
[2022-07-22 14:26:29,076] {logging_mixin.py:115} INFO - [2022-07-22 14:26:29,076] {dag.py:2420} INFO - Sync 1 DAGs
[2022-07-22 14:26:29,106] {logging_mixin.py:115} INFO - [2022-07-22 14:26:29,106] {dag.py:2972} INFO - Setting next_dagrun for example_task_group to 2022-07-21T14:26:29.105856+00:00, run_after=2022-07-22T14:26:29.105856+00:00
[2022-07-22 14:26:29,126] {processor.py:161} INFO - Processing /home/airflow/.local/lib/python3.7/site-packages/airflow/example_dags/example_task_group.py took 0.092 seconds
[2022-07-22 14:26:59,717] {processor.py:153} INFO - Started process (PID=5050) to work on /home/airflow/.local/lib/python3.7/site-packages/airflow/example_dags/example_task_group.py
[2022-07-22 14:26:59,717] {processor.py:641} INFO - Processing file /home/airflow/.local/lib/python3.7/site-packages/airflow/example_dags/example_task_group.py for tasks to queue
[2022-07-22 14:26:59,718] {logging_mixin.py:115} INFO - [2022-07-22 14:26:59,718] {dagbag.py:508} INFO - Filling up the DagBag from /home/airflow/.local/lib/python3.7/site-packages/airflow/example_dags/example_task_group.py
[2022-07-22 14:26:59,723] {processor.py:651} INFO - DAG(s) dict_keys(['example_task_group']) retrieved from /home/airflow/.local/lib/python3.7/site-packages/airflow/example_dags/example_task_group.py
[2022-07-22 14:26:59,763] {logging_mixin.py:115} INFO - [2022-07-22 14:26:59,763] {dag.py:2420} INFO - Sync 1 DAGs
[2022-07-22 14:26:59,784] {logging_mixin.py:115} INFO - [2022-07-22 14:26:59,784] {dag.py:2972} INFO - Setting next_dagrun for example_task_group to 2022-07-21T14:26:59.784543+00:00, run_after=2022-07-22T14:26:59.784543+00:00
[2022-07-22 14:26:59,802] {processor.py:161} INFO - Processing /home/airflow/.local/lib/python3.7/site-packages/airflow/example_dags/example_task_group.py took 0.088 seconds
[2022-07-22 14:27:30,299] {processor.py:153} INFO - Started process (PID=5252) to work on /home/airflow/.local/lib/python3.7/site-packages/airflow/example_dags/example_task_group.py
[2022-07-22 14:27:30,300] {processor.py:641} INFO - Processing file /home/airflow/.local/lib/python3.7/site-packages/airflow/example_dags/example_task_group.py for tasks to queue
[2022-07-22 14:27:30,301] {logging_mixin.py:115} INFO - [2022-07-22 14:27:30,300] {dagbag.py:508} INFO - Filling up the DagBag from /home/airflow/.local/lib/python3.7/site-packages/airflow/example_dags/example_task_group.py
[2022-07-22 14:27:30,311] {processor.py:651} INFO - DAG(s) dict_keys(['example_task_group']) retrieved from /home/airflow/.local/lib/python3.7/site-packages/airflow/example_dags/example_task_group.py
[2022-07-22 14:27:30,341] {logging_mixin.py:115} INFO - [2022-07-22 14:27:30,341] {dag.py:2420} INFO - Sync 1 DAGs
[2022-07-22 14:27:30,363] {logging_mixin.py:115} INFO - [2022-07-22 14:27:30,363] {dag.py:2972} INFO - Setting next_dagrun for example_task_group to 2022-07-21T14:27:30.363156+00:00, run_after=2022-07-22T14:27:30.363156+00:00
[2022-07-22 14:27:30,375] {processor.py:161} INFO - Processing /home/airflow/.local/lib/python3.7/site-packages/airflow/example_dags/example_task_group.py took 0.081 seconds
[2022-07-22 14:28:01,355] {processor.py:153} INFO - Started process (PID=5445) to work on /home/airflow/.local/lib/python3.7/site-packages/airflow/example_dags/example_task_group.py
[2022-07-22 14:28:01,355] {processor.py:641} INFO - Processing file /home/airflow/.local/lib/python3.7/site-packages/airflow/example_dags/example_task_group.py for tasks to queue
[2022-07-22 14:28:01,356] {logging_mixin.py:115} INFO - [2022-07-22 14:28:01,356] {dagbag.py:508} INFO - Filling up the DagBag from /home/airflow/.local/lib/python3.7/site-packages/airflow/example_dags/example_task_group.py
[2022-07-22 14:28:01,361] {processor.py:651} INFO - DAG(s) dict_keys(['example_task_group']) retrieved from /home/airflow/.local/lib/python3.7/site-packages/airflow/example_dags/example_task_group.py
[2022-07-22 14:28:01,402] {logging_mixin.py:115} INFO - [2022-07-22 14:28:01,402] {dag.py:2420} INFO - Sync 1 DAGs
[2022-07-22 14:28:01,439] {logging_mixin.py:115} INFO - [2022-07-22 14:28:01,438] {dag.py:2972} INFO - Setting next_dagrun for example_task_group to 2022-07-21T14:28:01.438656+00:00, run_after=2022-07-22T14:28:01.438656+00:00
[2022-07-22 14:28:01,454] {processor.py:161} INFO - Processing /home/airflow/.local/lib/python3.7/site-packages/airflow/example_dags/example_task_group.py took 0.102 seconds
[2022-07-22 14:28:31,673] {processor.py:153} INFO - Started process (PID=5647) to work on /home/airflow/.local/lib/python3.7/site-packages/airflow/example_dags/example_task_group.py
[2022-07-22 14:28:31,674] {processor.py:641} INFO - Processing file /home/airflow/.local/lib/python3.7/site-packages/airflow/example_dags/example_task_group.py for tasks to queue
[2022-07-22 14:28:31,674] {logging_mixin.py:115} INFO - [2022-07-22 14:28:31,674] {dagbag.py:508} INFO - Filling up the DagBag from /home/airflow/.local/lib/python3.7/site-packages/airflow/example_dags/example_task_group.py
[2022-07-22 14:28:31,682] {processor.py:651} INFO - DAG(s) dict_keys(['example_task_group']) retrieved from /home/airflow/.local/lib/python3.7/site-packages/airflow/example_dags/example_task_group.py
[2022-07-22 14:28:31,712] {logging_mixin.py:115} INFO - [2022-07-22 14:28:31,712] {dag.py:2420} INFO - Sync 1 DAGs
[2022-07-22 14:28:31,745] {logging_mixin.py:115} INFO - [2022-07-22 14:28:31,745] {dag.py:2972} INFO - Setting next_dagrun for example_task_group to 2022-07-21T14:28:31.744859+00:00, run_after=2022-07-22T14:28:31.744859+00:00
[2022-07-22 14:28:31,761] {processor.py:161} INFO - Processing /home/airflow/.local/lib/python3.7/site-packages/airflow/example_dags/example_task_group.py took 0.091 seconds
[2022-07-22 14:29:51,106] {processor.py:153} INFO - Started process (PID=244) to work on /home/airflow/.local/lib/python3.7/site-packages/airflow/example_dags/example_task_group.py
[2022-07-22 14:29:51,107] {processor.py:641} INFO - Processing file /home/airflow/.local/lib/python3.7/site-packages/airflow/example_dags/example_task_group.py for tasks to queue
[2022-07-22 14:29:51,108] {logging_mixin.py:115} INFO - [2022-07-22 14:29:51,107] {dagbag.py:508} INFO - Filling up the DagBag from /home/airflow/.local/lib/python3.7/site-packages/airflow/example_dags/example_task_group.py
[2022-07-22 14:29:51,119] {processor.py:651} INFO - DAG(s) dict_keys(['example_task_group']) retrieved from /home/airflow/.local/lib/python3.7/site-packages/airflow/example_dags/example_task_group.py
[2022-07-22 14:29:51,152] {logging_mixin.py:115} INFO - [2022-07-22 14:29:51,152] {dag.py:2420} INFO - Sync 1 DAGs
[2022-07-22 14:29:51,182] {logging_mixin.py:115} INFO - [2022-07-22 14:29:51,182] {dag.py:2972} INFO - Setting next_dagrun for example_task_group to 2022-07-21T14:29:51.182123+00:00, run_after=2022-07-22T14:29:51.182123+00:00
[2022-07-22 14:29:51,207] {processor.py:161} INFO - Processing /home/airflow/.local/lib/python3.7/site-packages/airflow/example_dags/example_task_group.py took 0.105 seconds
[2022-07-22 14:30:22,064] {processor.py:153} INFO - Started process (PID=456) to work on /home/airflow/.local/lib/python3.7/site-packages/airflow/example_dags/example_task_group.py
[2022-07-22 14:30:22,065] {processor.py:641} INFO - Processing file /home/airflow/.local/lib/python3.7/site-packages/airflow/example_dags/example_task_group.py for tasks to queue
[2022-07-22 14:30:22,066] {logging_mixin.py:115} INFO - [2022-07-22 14:30:22,066] {dagbag.py:508} INFO - Filling up the DagBag from /home/airflow/.local/lib/python3.7/site-packages/airflow/example_dags/example_task_group.py
[2022-07-22 14:30:22,079] {processor.py:651} INFO - DAG(s) dict_keys(['example_task_group']) retrieved from /home/airflow/.local/lib/python3.7/site-packages/airflow/example_dags/example_task_group.py
[2022-07-22 14:30:22,111] {logging_mixin.py:115} INFO - [2022-07-22 14:30:22,111] {dag.py:2420} INFO - Sync 1 DAGs
[2022-07-22 14:30:22,136] {logging_mixin.py:115} INFO - [2022-07-22 14:30:22,136] {dag.py:2972} INFO - Setting next_dagrun for example_task_group to 2022-07-21T14:30:22.136184+00:00, run_after=2022-07-22T14:30:22.136184+00:00
[2022-07-22 14:30:22,155] {processor.py:161} INFO - Processing /home/airflow/.local/lib/python3.7/site-packages/airflow/example_dags/example_task_group.py took 0.097 seconds
[2022-07-22 14:30:52,663] {processor.py:153} INFO - Started process (PID=658) to work on /home/airflow/.local/lib/python3.7/site-packages/airflow/example_dags/example_task_group.py
[2022-07-22 14:30:52,665] {processor.py:641} INFO - Processing file /home/airflow/.local/lib/python3.7/site-packages/airflow/example_dags/example_task_group.py for tasks to queue
[2022-07-22 14:30:52,666] {logging_mixin.py:115} INFO - [2022-07-22 14:30:52,666] {dagbag.py:508} INFO - Filling up the DagBag from /home/airflow/.local/lib/python3.7/site-packages/airflow/example_dags/example_task_group.py
[2022-07-22 14:30:52,677] {processor.py:651} INFO - DAG(s) dict_keys(['example_task_group']) retrieved from /home/airflow/.local/lib/python3.7/site-packages/airflow/example_dags/example_task_group.py
[2022-07-22 14:30:52,719] {logging_mixin.py:115} INFO - [2022-07-22 14:30:52,719] {dag.py:2420} INFO - Sync 1 DAGs
[2022-07-22 14:30:52,761] {logging_mixin.py:115} INFO - [2022-07-22 14:30:52,761] {dag.py:2972} INFO - Setting next_dagrun for example_task_group to 2022-07-21T14:30:52.761039+00:00, run_after=2022-07-22T14:30:52.761039+00:00
[2022-07-22 14:30:52,791] {processor.py:161} INFO - Processing /home/airflow/.local/lib/python3.7/site-packages/airflow/example_dags/example_task_group.py took 0.134 seconds
[2022-07-22 14:31:23,428] {processor.py:153} INFO - Started process (PID=860) to work on /home/airflow/.local/lib/python3.7/site-packages/airflow/example_dags/example_task_group.py
[2022-07-22 14:31:23,429] {processor.py:641} INFO - Processing file /home/airflow/.local/lib/python3.7/site-packages/airflow/example_dags/example_task_group.py for tasks to queue
[2022-07-22 14:31:23,430] {logging_mixin.py:115} INFO - [2022-07-22 14:31:23,430] {dagbag.py:508} INFO - Filling up the DagBag from /home/airflow/.local/lib/python3.7/site-packages/airflow/example_dags/example_task_group.py
[2022-07-22 14:31:23,443] {processor.py:651} INFO - DAG(s) dict_keys(['example_task_group']) retrieved from /home/airflow/.local/lib/python3.7/site-packages/airflow/example_dags/example_task_group.py
[2022-07-22 14:31:23,472] {logging_mixin.py:115} INFO - [2022-07-22 14:31:23,472] {dag.py:2420} INFO - Sync 1 DAGs
[2022-07-22 14:31:23,503] {logging_mixin.py:115} INFO - [2022-07-22 14:31:23,503] {dag.py:2972} INFO - Setting next_dagrun for example_task_group to 2022-07-21T14:31:23.503106+00:00, run_after=2022-07-22T14:31:23.503106+00:00
[2022-07-22 14:31:23,523] {processor.py:161} INFO - Processing /home/airflow/.local/lib/python3.7/site-packages/airflow/example_dags/example_task_group.py took 0.100 seconds
[2022-07-22 14:31:54,181] {processor.py:153} INFO - Started process (PID=1053) to work on /home/airflow/.local/lib/python3.7/site-packages/airflow/example_dags/example_task_group.py
[2022-07-22 14:31:54,182] {processor.py:641} INFO - Processing file /home/airflow/.local/lib/python3.7/site-packages/airflow/example_dags/example_task_group.py for tasks to queue
[2022-07-22 14:31:54,183] {logging_mixin.py:115} INFO - [2022-07-22 14:31:54,182] {dagbag.py:508} INFO - Filling up the DagBag from /home/airflow/.local/lib/python3.7/site-packages/airflow/example_dags/example_task_group.py
[2022-07-22 14:31:54,196] {processor.py:651} INFO - DAG(s) dict_keys(['example_task_group']) retrieved from /home/airflow/.local/lib/python3.7/site-packages/airflow/example_dags/example_task_group.py
[2022-07-22 14:31:54,226] {logging_mixin.py:115} INFO - [2022-07-22 14:31:54,226] {dag.py:2420} INFO - Sync 1 DAGs
[2022-07-22 14:31:54,246] {logging_mixin.py:115} INFO - [2022-07-22 14:31:54,246] {dag.py:2972} INFO - Setting next_dagrun for example_task_group to 2022-07-21T14:31:54.246385+00:00, run_after=2022-07-22T14:31:54.246385+00:00
[2022-07-22 14:31:54,260] {processor.py:161} INFO - Processing /home/airflow/.local/lib/python3.7/site-packages/airflow/example_dags/example_task_group.py took 0.085 seconds
[2022-07-22 14:32:25,289] {processor.py:153} INFO - Started process (PID=1275) to work on /home/airflow/.local/lib/python3.7/site-packages/airflow/example_dags/example_task_group.py
[2022-07-22 14:32:25,289] {processor.py:641} INFO - Processing file /home/airflow/.local/lib/python3.7/site-packages/airflow/example_dags/example_task_group.py for tasks to queue
[2022-07-22 14:32:25,290] {logging_mixin.py:115} INFO - [2022-07-22 14:32:25,290] {dagbag.py:508} INFO - Filling up the DagBag from /home/airflow/.local/lib/python3.7/site-packages/airflow/example_dags/example_task_group.py
[2022-07-22 14:32:25,303] {processor.py:651} INFO - DAG(s) dict_keys(['example_task_group']) retrieved from /home/airflow/.local/lib/python3.7/site-packages/airflow/example_dags/example_task_group.py
[2022-07-22 14:32:25,349] {logging_mixin.py:115} INFO - [2022-07-22 14:32:25,348] {dag.py:2420} INFO - Sync 1 DAGs
[2022-07-22 14:32:25,389] {logging_mixin.py:115} INFO - [2022-07-22 14:32:25,389] {dag.py:2972} INFO - Setting next_dagrun for example_task_group to 2022-07-21T14:32:25.389166+00:00, run_after=2022-07-22T14:32:25.389166+00:00
[2022-07-22 14:32:25,404] {processor.py:161} INFO - Processing /home/airflow/.local/lib/python3.7/site-packages/airflow/example_dags/example_task_group.py took 0.121 seconds
[2022-07-22 14:32:56,146] {processor.py:153} INFO - Started process (PID=1477) to work on /home/airflow/.local/lib/python3.7/site-packages/airflow/example_dags/example_task_group.py
[2022-07-22 14:32:56,147] {processor.py:641} INFO - Processing file /home/airflow/.local/lib/python3.7/site-packages/airflow/example_dags/example_task_group.py for tasks to queue
[2022-07-22 14:32:56,148] {logging_mixin.py:115} INFO - [2022-07-22 14:32:56,148] {dagbag.py:508} INFO - Filling up the DagBag from /home/airflow/.local/lib/python3.7/site-packages/airflow/example_dags/example_task_group.py
[2022-07-22 14:32:56,161] {processor.py:651} INFO - DAG(s) dict_keys(['example_task_group']) retrieved from /home/airflow/.local/lib/python3.7/site-packages/airflow/example_dags/example_task_group.py
[2022-07-22 14:32:56,197] {logging_mixin.py:115} INFO - [2022-07-22 14:32:56,197] {dag.py:2420} INFO - Sync 1 DAGs
[2022-07-22 14:32:56,223] {logging_mixin.py:115} INFO - [2022-07-22 14:32:56,223] {dag.py:2972} INFO - Setting next_dagrun for example_task_group to 2022-07-21T14:32:56.222822+00:00, run_after=2022-07-22T14:32:56.222822+00:00
[2022-07-22 14:32:56,240] {processor.py:161} INFO - Processing /home/airflow/.local/lib/python3.7/site-packages/airflow/example_dags/example_task_group.py took 0.100 seconds
[2022-07-22 14:33:27,079] {processor.py:153} INFO - Started process (PID=1670) to work on /home/airflow/.local/lib/python3.7/site-packages/airflow/example_dags/example_task_group.py
[2022-07-22 14:33:27,080] {processor.py:641} INFO - Processing file /home/airflow/.local/lib/python3.7/site-packages/airflow/example_dags/example_task_group.py for tasks to queue
[2022-07-22 14:33:27,080] {logging_mixin.py:115} INFO - [2022-07-22 14:33:27,080] {dagbag.py:508} INFO - Filling up the DagBag from /home/airflow/.local/lib/python3.7/site-packages/airflow/example_dags/example_task_group.py
[2022-07-22 14:33:27,086] {processor.py:651} INFO - DAG(s) dict_keys(['example_task_group']) retrieved from /home/airflow/.local/lib/python3.7/site-packages/airflow/example_dags/example_task_group.py
[2022-07-22 14:33:27,109] {logging_mixin.py:115} INFO - [2022-07-22 14:33:27,109] {dag.py:2420} INFO - Sync 1 DAGs
[2022-07-22 14:33:27,147] {logging_mixin.py:115} INFO - [2022-07-22 14:33:27,146] {dag.py:2972} INFO - Setting next_dagrun for example_task_group to 2022-07-21T14:33:27.146434+00:00, run_after=2022-07-22T14:33:27.146434+00:00
[2022-07-22 14:33:27,176] {processor.py:161} INFO - Processing /home/airflow/.local/lib/python3.7/site-packages/airflow/example_dags/example_task_group.py took 0.099 seconds
[2022-07-22 14:34:49,602] {processor.py:153} INFO - Started process (PID=243) to work on /home/airflow/.local/lib/python3.7/site-packages/airflow/example_dags/example_task_group.py
[2022-07-22 14:34:49,602] {processor.py:641} INFO - Processing file /home/airflow/.local/lib/python3.7/site-packages/airflow/example_dags/example_task_group.py for tasks to queue
[2022-07-22 14:34:49,603] {logging_mixin.py:115} INFO - [2022-07-22 14:34:49,603] {dagbag.py:508} INFO - Filling up the DagBag from /home/airflow/.local/lib/python3.7/site-packages/airflow/example_dags/example_task_group.py
[2022-07-22 14:34:49,608] {processor.py:651} INFO - DAG(s) dict_keys(['example_task_group']) retrieved from /home/airflow/.local/lib/python3.7/site-packages/airflow/example_dags/example_task_group.py
[2022-07-22 14:34:49,637] {logging_mixin.py:115} INFO - [2022-07-22 14:34:49,637] {dag.py:2420} INFO - Sync 1 DAGs
[2022-07-22 14:34:49,657] {logging_mixin.py:115} INFO - [2022-07-22 14:34:49,656] {dag.py:2972} INFO - Setting next_dagrun for example_task_group to 2022-07-21T14:34:49.656760+00:00, run_after=2022-07-22T14:34:49.656760+00:00
[2022-07-22 14:34:49,668] {processor.py:161} INFO - Processing /home/airflow/.local/lib/python3.7/site-packages/airflow/example_dags/example_task_group.py took 0.069 seconds
[2022-07-22 14:35:20,448] {processor.py:153} INFO - Started process (PID=446) to work on /home/airflow/.local/lib/python3.7/site-packages/airflow/example_dags/example_task_group.py
[2022-07-22 14:35:20,448] {processor.py:641} INFO - Processing file /home/airflow/.local/lib/python3.7/site-packages/airflow/example_dags/example_task_group.py for tasks to queue
[2022-07-22 14:35:20,449] {logging_mixin.py:115} INFO - [2022-07-22 14:35:20,449] {dagbag.py:508} INFO - Filling up the DagBag from /home/airflow/.local/lib/python3.7/site-packages/airflow/example_dags/example_task_group.py
[2022-07-22 14:35:20,455] {processor.py:651} INFO - DAG(s) dict_keys(['example_task_group']) retrieved from /home/airflow/.local/lib/python3.7/site-packages/airflow/example_dags/example_task_group.py
[2022-07-22 14:35:20,478] {logging_mixin.py:115} INFO - [2022-07-22 14:35:20,478] {dag.py:2420} INFO - Sync 1 DAGs
[2022-07-22 14:35:20,505] {logging_mixin.py:115} INFO - [2022-07-22 14:35:20,505] {dag.py:2972} INFO - Setting next_dagrun for example_task_group to 2022-07-21T14:35:20.504868+00:00, run_after=2022-07-22T14:35:20.504868+00:00
[2022-07-22 14:35:20,525] {processor.py:161} INFO - Processing /home/airflow/.local/lib/python3.7/site-packages/airflow/example_dags/example_task_group.py took 0.079 seconds
