[2022-07-22 14:06:14,421] {processor.py:153} INFO - Started process (PID=292) to work on /home/airflow/.local/lib/python3.7/site-packages/airflow/example_dags/example_branch_operator_decorator.py
[2022-07-22 14:06:14,422] {processor.py:641} INFO - Processing file /home/airflow/.local/lib/python3.7/site-packages/airflow/example_dags/example_branch_operator_decorator.py for tasks to queue
[2022-07-22 14:06:14,422] {logging_mixin.py:115} INFO - [2022-07-22 14:06:14,422] {dagbag.py:508} INFO - Filling up the DagBag from /home/airflow/.local/lib/python3.7/site-packages/airflow/example_dags/example_branch_operator_decorator.py
[2022-07-22 14:06:14,447] {processor.py:651} INFO - DAG(s) dict_keys(['example_branch_python_operator_decorator']) retrieved from /home/airflow/.local/lib/python3.7/site-packages/airflow/example_dags/example_branch_operator_decorator.py
[2022-07-22 14:06:14,572] {logging_mixin.py:115} INFO - [2022-07-22 14:06:14,571] {manager.py:508} INFO - Created Permission View: can read on DAG:example_branch_python_operator_decorator
[2022-07-22 14:06:14,594] {logging_mixin.py:115} INFO - [2022-07-22 14:06:14,593] {manager.py:508} INFO - Created Permission View: can delete on DAG:example_branch_python_operator_decorator
[2022-07-22 14:06:14,609] {logging_mixin.py:115} INFO - [2022-07-22 14:06:14,609] {manager.py:508} INFO - Created Permission View: can edit on DAG:example_branch_python_operator_decorator
[2022-07-22 14:06:14,609] {logging_mixin.py:115} INFO - [2022-07-22 14:06:14,609] {dag.py:2420} INFO - Sync 1 DAGs
[2022-07-22 14:06:14,623] {logging_mixin.py:115} INFO - [2022-07-22 14:06:14,623] {dag.py:2439} INFO - Creating ORM DAG for example_branch_python_operator_decorator
[2022-07-22 14:06:14,643] {logging_mixin.py:115} INFO - [2022-07-22 14:06:14,643] {dag.py:2972} INFO - Setting next_dagrun for example_branch_python_operator_decorator to 2022-07-21T00:00:00+00:00, run_after=2022-07-22T00:00:00+00:00
[2022-07-22 14:06:14,666] {processor.py:161} INFO - Processing /home/airflow/.local/lib/python3.7/site-packages/airflow/example_dags/example_branch_operator_decorator.py took 0.251 seconds
[2022-07-22 14:06:44,747] {processor.py:153} INFO - Started process (PID=480) to work on /home/airflow/.local/lib/python3.7/site-packages/airflow/example_dags/example_branch_operator_decorator.py
[2022-07-22 14:06:44,748] {processor.py:641} INFO - Processing file /home/airflow/.local/lib/python3.7/site-packages/airflow/example_dags/example_branch_operator_decorator.py for tasks to queue
[2022-07-22 14:06:44,750] {logging_mixin.py:115} INFO - [2022-07-22 14:06:44,750] {dagbag.py:508} INFO - Filling up the DagBag from /home/airflow/.local/lib/python3.7/site-packages/airflow/example_dags/example_branch_operator_decorator.py
[2022-07-22 14:06:44,783] {processor.py:651} INFO - DAG(s) dict_keys(['example_branch_python_operator_decorator']) retrieved from /home/airflow/.local/lib/python3.7/site-packages/airflow/example_dags/example_branch_operator_decorator.py
[2022-07-22 14:06:44,811] {logging_mixin.py:115} INFO - [2022-07-22 14:06:44,811] {dag.py:2420} INFO - Sync 1 DAGs
[2022-07-22 14:06:44,839] {logging_mixin.py:115} INFO - [2022-07-22 14:06:44,839] {dag.py:2972} INFO - Setting next_dagrun for example_branch_python_operator_decorator to 2022-07-21T00:00:00+00:00, run_after=2022-07-22T00:00:00+00:00
[2022-07-22 14:06:44,853] {processor.py:161} INFO - Processing /home/airflow/.local/lib/python3.7/site-packages/airflow/example_dags/example_branch_operator_decorator.py took 0.113 seconds
[2022-07-22 14:07:15,514] {processor.py:153} INFO - Started process (PID=677) to work on /home/airflow/.local/lib/python3.7/site-packages/airflow/example_dags/example_branch_operator_decorator.py
[2022-07-22 14:07:15,515] {processor.py:641} INFO - Processing file /home/airflow/.local/lib/python3.7/site-packages/airflow/example_dags/example_branch_operator_decorator.py for tasks to queue
[2022-07-22 14:07:15,516] {logging_mixin.py:115} INFO - [2022-07-22 14:07:15,516] {dagbag.py:508} INFO - Filling up the DagBag from /home/airflow/.local/lib/python3.7/site-packages/airflow/example_dags/example_branch_operator_decorator.py
[2022-07-22 14:07:15,565] {processor.py:651} INFO - DAG(s) dict_keys(['example_branch_python_operator_decorator']) retrieved from /home/airflow/.local/lib/python3.7/site-packages/airflow/example_dags/example_branch_operator_decorator.py
[2022-07-22 14:07:15,621] {logging_mixin.py:115} INFO - [2022-07-22 14:07:15,620] {dag.py:2420} INFO - Sync 1 DAGs
[2022-07-22 14:07:15,675] {logging_mixin.py:115} INFO - [2022-07-22 14:07:15,675] {dag.py:2972} INFO - Setting next_dagrun for example_branch_python_operator_decorator to 2022-07-21T00:00:00+00:00, run_after=2022-07-22T00:00:00+00:00
[2022-07-22 14:07:15,700] {processor.py:161} INFO - Processing /home/airflow/.local/lib/python3.7/site-packages/airflow/example_dags/example_branch_operator_decorator.py took 0.190 seconds
[2022-07-22 14:08:20,761] {processor.py:153} INFO - Started process (PID=289) to work on /home/airflow/.local/lib/python3.7/site-packages/airflow/example_dags/example_branch_operator_decorator.py
[2022-07-22 14:08:20,762] {processor.py:641} INFO - Processing file /home/airflow/.local/lib/python3.7/site-packages/airflow/example_dags/example_branch_operator_decorator.py for tasks to queue
[2022-07-22 14:08:20,763] {logging_mixin.py:115} INFO - [2022-07-22 14:08:20,763] {dagbag.py:508} INFO - Filling up the DagBag from /home/airflow/.local/lib/python3.7/site-packages/airflow/example_dags/example_branch_operator_decorator.py
[2022-07-22 14:08:20,802] {processor.py:651} INFO - DAG(s) dict_keys(['example_branch_python_operator_decorator']) retrieved from /home/airflow/.local/lib/python3.7/site-packages/airflow/example_dags/example_branch_operator_decorator.py
[2022-07-22 14:08:20,854] {logging_mixin.py:115} INFO - [2022-07-22 14:08:20,854] {dag.py:2420} INFO - Sync 1 DAGs
[2022-07-22 14:08:20,878] {logging_mixin.py:115} INFO - [2022-07-22 14:08:20,878] {dag.py:2972} INFO - Setting next_dagrun for example_branch_python_operator_decorator to 2022-07-21T00:00:00+00:00, run_after=2022-07-22T00:00:00+00:00
[2022-07-22 14:08:20,891] {processor.py:161} INFO - Processing /home/airflow/.local/lib/python3.7/site-packages/airflow/example_dags/example_branch_operator_decorator.py took 0.135 seconds
[2022-07-22 14:08:52,021] {processor.py:153} INFO - Started process (PID=497) to work on /home/airflow/.local/lib/python3.7/site-packages/airflow/example_dags/example_branch_operator_decorator.py
[2022-07-22 14:08:52,021] {processor.py:641} INFO - Processing file /home/airflow/.local/lib/python3.7/site-packages/airflow/example_dags/example_branch_operator_decorator.py for tasks to queue
[2022-07-22 14:08:52,022] {logging_mixin.py:115} INFO - [2022-07-22 14:08:52,022] {dagbag.py:508} INFO - Filling up the DagBag from /home/airflow/.local/lib/python3.7/site-packages/airflow/example_dags/example_branch_operator_decorator.py
[2022-07-22 14:08:52,036] {processor.py:651} INFO - DAG(s) dict_keys(['example_branch_python_operator_decorator']) retrieved from /home/airflow/.local/lib/python3.7/site-packages/airflow/example_dags/example_branch_operator_decorator.py
[2022-07-22 14:08:52,079] {logging_mixin.py:115} INFO - [2022-07-22 14:08:52,079] {dag.py:2420} INFO - Sync 1 DAGs
[2022-07-22 14:08:52,126] {logging_mixin.py:115} INFO - [2022-07-22 14:08:52,126] {dag.py:2972} INFO - Setting next_dagrun for example_branch_python_operator_decorator to 2022-07-21T00:00:00+00:00, run_after=2022-07-22T00:00:00+00:00
[2022-07-22 14:08:52,136] {processor.py:161} INFO - Processing /home/airflow/.local/lib/python3.7/site-packages/airflow/example_dags/example_branch_operator_decorator.py took 0.118 seconds
[2022-07-22 14:09:22,395] {processor.py:153} INFO - Started process (PID=697) to work on /home/airflow/.local/lib/python3.7/site-packages/airflow/example_dags/example_branch_operator_decorator.py
[2022-07-22 14:09:22,397] {processor.py:641} INFO - Processing file /home/airflow/.local/lib/python3.7/site-packages/airflow/example_dags/example_branch_operator_decorator.py for tasks to queue
[2022-07-22 14:09:22,399] {logging_mixin.py:115} INFO - [2022-07-22 14:09:22,399] {dagbag.py:508} INFO - Filling up the DagBag from /home/airflow/.local/lib/python3.7/site-packages/airflow/example_dags/example_branch_operator_decorator.py
[2022-07-22 14:09:22,445] {processor.py:651} INFO - DAG(s) dict_keys(['example_branch_python_operator_decorator']) retrieved from /home/airflow/.local/lib/python3.7/site-packages/airflow/example_dags/example_branch_operator_decorator.py
[2022-07-22 14:09:22,495] {logging_mixin.py:115} INFO - [2022-07-22 14:09:22,495] {dag.py:2420} INFO - Sync 1 DAGs
[2022-07-22 14:09:22,546] {logging_mixin.py:115} INFO - [2022-07-22 14:09:22,546] {dag.py:2972} INFO - Setting next_dagrun for example_branch_python_operator_decorator to 2022-07-21T00:00:00+00:00, run_after=2022-07-22T00:00:00+00:00
[2022-07-22 14:09:22,572] {processor.py:161} INFO - Processing /home/airflow/.local/lib/python3.7/site-packages/airflow/example_dags/example_branch_operator_decorator.py took 0.186 seconds
[2022-07-22 14:09:52,698] {processor.py:153} INFO - Started process (PID=905) to work on /home/airflow/.local/lib/python3.7/site-packages/airflow/example_dags/example_branch_operator_decorator.py
[2022-07-22 14:09:52,699] {processor.py:641} INFO - Processing file /home/airflow/.local/lib/python3.7/site-packages/airflow/example_dags/example_branch_operator_decorator.py for tasks to queue
[2022-07-22 14:09:52,700] {logging_mixin.py:115} INFO - [2022-07-22 14:09:52,700] {dagbag.py:508} INFO - Filling up the DagBag from /home/airflow/.local/lib/python3.7/site-packages/airflow/example_dags/example_branch_operator_decorator.py
[2022-07-22 14:09:52,731] {processor.py:651} INFO - DAG(s) dict_keys(['example_branch_python_operator_decorator']) retrieved from /home/airflow/.local/lib/python3.7/site-packages/airflow/example_dags/example_branch_operator_decorator.py
[2022-07-22 14:09:52,770] {logging_mixin.py:115} INFO - [2022-07-22 14:09:52,770] {dag.py:2420} INFO - Sync 1 DAGs
[2022-07-22 14:09:52,802] {logging_mixin.py:115} INFO - [2022-07-22 14:09:52,802] {dag.py:2972} INFO - Setting next_dagrun for example_branch_python_operator_decorator to 2022-07-21T00:00:00+00:00, run_after=2022-07-22T00:00:00+00:00
[2022-07-22 14:09:52,813] {processor.py:161} INFO - Processing /home/airflow/.local/lib/python3.7/site-packages/airflow/example_dags/example_branch_operator_decorator.py took 0.120 seconds
[2022-07-22 14:11:27,436] {processor.py:153} INFO - Started process (PID=298) to work on /home/airflow/.local/lib/python3.7/site-packages/airflow/example_dags/example_branch_operator_decorator.py
[2022-07-22 14:11:27,437] {processor.py:641} INFO - Processing file /home/airflow/.local/lib/python3.7/site-packages/airflow/example_dags/example_branch_operator_decorator.py for tasks to queue
[2022-07-22 14:11:27,437] {logging_mixin.py:115} INFO - [2022-07-22 14:11:27,437] {dagbag.py:508} INFO - Filling up the DagBag from /home/airflow/.local/lib/python3.7/site-packages/airflow/example_dags/example_branch_operator_decorator.py
[2022-07-22 14:11:27,456] {processor.py:651} INFO - DAG(s) dict_keys(['example_branch_python_operator_decorator']) retrieved from /home/airflow/.local/lib/python3.7/site-packages/airflow/example_dags/example_branch_operator_decorator.py
[2022-07-22 14:11:27,532] {logging_mixin.py:115} INFO - [2022-07-22 14:11:27,532] {manager.py:508} INFO - Created Permission View: can read on DAG:example_branch_python_operator_decorator
[2022-07-22 14:11:27,542] {logging_mixin.py:115} INFO - [2022-07-22 14:11:27,542] {manager.py:508} INFO - Created Permission View: can edit on DAG:example_branch_python_operator_decorator
[2022-07-22 14:11:27,550] {logging_mixin.py:115} INFO - [2022-07-22 14:11:27,550] {manager.py:508} INFO - Created Permission View: can delete on DAG:example_branch_python_operator_decorator
[2022-07-22 14:11:27,551] {logging_mixin.py:115} INFO - [2022-07-22 14:11:27,551] {dag.py:2420} INFO - Sync 1 DAGs
[2022-07-22 14:11:27,561] {logging_mixin.py:115} INFO - [2022-07-22 14:11:27,561] {dag.py:2439} INFO - Creating ORM DAG for example_branch_python_operator_decorator
[2022-07-22 14:11:27,584] {logging_mixin.py:115} INFO - [2022-07-22 14:11:27,584] {dag.py:2972} INFO - Setting next_dagrun for example_branch_python_operator_decorator to 2022-07-21T00:00:00+00:00, run_after=2022-07-22T00:00:00+00:00
[2022-07-22 14:11:27,603] {processor.py:161} INFO - Processing /home/airflow/.local/lib/python3.7/site-packages/airflow/example_dags/example_branch_operator_decorator.py took 0.172 seconds
[2022-07-22 14:12:55,453] {processor.py:153} INFO - Started process (PID=300) to work on /home/airflow/.local/lib/python3.7/site-packages/airflow/example_dags/example_branch_operator_decorator.py
[2022-07-22 14:12:55,454] {processor.py:641} INFO - Processing file /home/airflow/.local/lib/python3.7/site-packages/airflow/example_dags/example_branch_operator_decorator.py for tasks to queue
[2022-07-22 14:12:55,455] {logging_mixin.py:115} INFO - [2022-07-22 14:12:55,455] {dagbag.py:508} INFO - Filling up the DagBag from /home/airflow/.local/lib/python3.7/site-packages/airflow/example_dags/example_branch_operator_decorator.py
[2022-07-22 14:12:55,496] {processor.py:651} INFO - DAG(s) dict_keys(['example_branch_python_operator_decorator']) retrieved from /home/airflow/.local/lib/python3.7/site-packages/airflow/example_dags/example_branch_operator_decorator.py
[2022-07-22 14:12:55,609] {logging_mixin.py:115} INFO - [2022-07-22 14:12:55,609] {manager.py:508} INFO - Created Permission View: can read on DAG:example_branch_python_operator_decorator
[2022-07-22 14:12:55,623] {logging_mixin.py:115} INFO - [2022-07-22 14:12:55,623] {manager.py:508} INFO - Created Permission View: can delete on DAG:example_branch_python_operator_decorator
[2022-07-22 14:12:55,635] {logging_mixin.py:115} INFO - [2022-07-22 14:12:55,635] {manager.py:508} INFO - Created Permission View: can edit on DAG:example_branch_python_operator_decorator
[2022-07-22 14:12:55,636] {logging_mixin.py:115} INFO - [2022-07-22 14:12:55,636] {dag.py:2420} INFO - Sync 1 DAGs
[2022-07-22 14:12:55,652] {logging_mixin.py:115} INFO - [2022-07-22 14:12:55,651] {dag.py:2439} INFO - Creating ORM DAG for example_branch_python_operator_decorator
[2022-07-22 14:12:55,675] {logging_mixin.py:115} INFO - [2022-07-22 14:12:55,675] {dag.py:2972} INFO - Setting next_dagrun for example_branch_python_operator_decorator to 2022-07-21T00:00:00+00:00, run_after=2022-07-22T00:00:00+00:00
[2022-07-22 14:12:55,704] {processor.py:161} INFO - Processing /home/airflow/.local/lib/python3.7/site-packages/airflow/example_dags/example_branch_operator_decorator.py took 0.257 seconds
[2022-07-22 14:13:26,658] {processor.py:153} INFO - Started process (PID=493) to work on /home/airflow/.local/lib/python3.7/site-packages/airflow/example_dags/example_branch_operator_decorator.py
[2022-07-22 14:13:26,658] {processor.py:641} INFO - Processing file /home/airflow/.local/lib/python3.7/site-packages/airflow/example_dags/example_branch_operator_decorator.py for tasks to queue
[2022-07-22 14:13:26,659] {logging_mixin.py:115} INFO - [2022-07-22 14:13:26,659] {dagbag.py:508} INFO - Filling up the DagBag from /home/airflow/.local/lib/python3.7/site-packages/airflow/example_dags/example_branch_operator_decorator.py
[2022-07-22 14:13:26,673] {processor.py:651} INFO - DAG(s) dict_keys(['example_branch_python_operator_decorator']) retrieved from /home/airflow/.local/lib/python3.7/site-packages/airflow/example_dags/example_branch_operator_decorator.py
[2022-07-22 14:13:26,720] {logging_mixin.py:115} INFO - [2022-07-22 14:13:26,720] {dag.py:2420} INFO - Sync 1 DAGs
[2022-07-22 14:13:26,754] {logging_mixin.py:115} INFO - [2022-07-22 14:13:26,753] {dag.py:2972} INFO - Setting next_dagrun for example_branch_python_operator_decorator to 2022-07-21T00:00:00+00:00, run_after=2022-07-22T00:00:00+00:00
[2022-07-22 14:13:26,782] {processor.py:161} INFO - Processing /home/airflow/.local/lib/python3.7/site-packages/airflow/example_dags/example_branch_operator_decorator.py took 0.126 seconds
[2022-07-22 14:14:48,868] {processor.py:153} INFO - Started process (PID=298) to work on /home/airflow/.local/lib/python3.7/site-packages/airflow/example_dags/example_branch_operator_decorator.py
[2022-07-22 14:14:48,869] {processor.py:641} INFO - Processing file /home/airflow/.local/lib/python3.7/site-packages/airflow/example_dags/example_branch_operator_decorator.py for tasks to queue
[2022-07-22 14:14:48,870] {logging_mixin.py:115} INFO - [2022-07-22 14:14:48,870] {dagbag.py:508} INFO - Filling up the DagBag from /home/airflow/.local/lib/python3.7/site-packages/airflow/example_dags/example_branch_operator_decorator.py
[2022-07-22 14:14:48,903] {processor.py:651} INFO - DAG(s) dict_keys(['example_branch_python_operator_decorator']) retrieved from /home/airflow/.local/lib/python3.7/site-packages/airflow/example_dags/example_branch_operator_decorator.py
[2022-07-22 14:14:49,017] {logging_mixin.py:115} INFO - [2022-07-22 14:14:49,017] {manager.py:508} INFO - Created Permission View: can read on DAG:example_branch_python_operator_decorator
[2022-07-22 14:14:49,036] {logging_mixin.py:115} INFO - [2022-07-22 14:14:49,036] {manager.py:508} INFO - Created Permission View: can edit on DAG:example_branch_python_operator_decorator
[2022-07-22 14:14:49,049] {logging_mixin.py:115} INFO - [2022-07-22 14:14:49,049] {manager.py:508} INFO - Created Permission View: can delete on DAG:example_branch_python_operator_decorator
[2022-07-22 14:14:49,049] {logging_mixin.py:115} INFO - [2022-07-22 14:14:49,049] {dag.py:2420} INFO - Sync 1 DAGs
[2022-07-22 14:14:49,065] {logging_mixin.py:115} INFO - [2022-07-22 14:14:49,064] {dag.py:2439} INFO - Creating ORM DAG for example_branch_python_operator_decorator
[2022-07-22 14:14:49,091] {logging_mixin.py:115} INFO - [2022-07-22 14:14:49,091] {dag.py:2972} INFO - Setting next_dagrun for example_branch_python_operator_decorator to 2022-07-21T00:00:00+00:00, run_after=2022-07-22T00:00:00+00:00
[2022-07-22 14:14:49,116] {processor.py:161} INFO - Processing /home/airflow/.local/lib/python3.7/site-packages/airflow/example_dags/example_branch_operator_decorator.py took 0.253 seconds
[2022-07-22 14:15:19,507] {processor.py:153} INFO - Started process (PID=505) to work on /home/airflow/.local/lib/python3.7/site-packages/airflow/example_dags/example_branch_operator_decorator.py
[2022-07-22 14:15:19,507] {processor.py:641} INFO - Processing file /home/airflow/.local/lib/python3.7/site-packages/airflow/example_dags/example_branch_operator_decorator.py for tasks to queue
[2022-07-22 14:15:19,508] {logging_mixin.py:115} INFO - [2022-07-22 14:15:19,508] {dagbag.py:508} INFO - Filling up the DagBag from /home/airflow/.local/lib/python3.7/site-packages/airflow/example_dags/example_branch_operator_decorator.py
[2022-07-22 14:15:19,523] {processor.py:651} INFO - DAG(s) dict_keys(['example_branch_python_operator_decorator']) retrieved from /home/airflow/.local/lib/python3.7/site-packages/airflow/example_dags/example_branch_operator_decorator.py
[2022-07-22 14:15:19,571] {logging_mixin.py:115} INFO - [2022-07-22 14:15:19,571] {dag.py:2420} INFO - Sync 1 DAGs
[2022-07-22 14:15:19,613] {logging_mixin.py:115} INFO - [2022-07-22 14:15:19,613] {dag.py:2972} INFO - Setting next_dagrun for example_branch_python_operator_decorator to 2022-07-21T00:00:00+00:00, run_after=2022-07-22T00:00:00+00:00
[2022-07-22 14:15:19,625] {processor.py:161} INFO - Processing /home/airflow/.local/lib/python3.7/site-packages/airflow/example_dags/example_branch_operator_decorator.py took 0.120 seconds
[2022-07-22 14:15:49,706] {processor.py:153} INFO - Started process (PID=705) to work on /home/airflow/.local/lib/python3.7/site-packages/airflow/example_dags/example_branch_operator_decorator.py
[2022-07-22 14:15:49,706] {processor.py:641} INFO - Processing file /home/airflow/.local/lib/python3.7/site-packages/airflow/example_dags/example_branch_operator_decorator.py for tasks to queue
[2022-07-22 14:15:49,707] {logging_mixin.py:115} INFO - [2022-07-22 14:15:49,707] {dagbag.py:508} INFO - Filling up the DagBag from /home/airflow/.local/lib/python3.7/site-packages/airflow/example_dags/example_branch_operator_decorator.py
[2022-07-22 14:15:49,724] {processor.py:651} INFO - DAG(s) dict_keys(['example_branch_python_operator_decorator']) retrieved from /home/airflow/.local/lib/python3.7/site-packages/airflow/example_dags/example_branch_operator_decorator.py
[2022-07-22 14:15:49,753] {logging_mixin.py:115} INFO - [2022-07-22 14:15:49,753] {dag.py:2420} INFO - Sync 1 DAGs
[2022-07-22 14:15:49,790] {logging_mixin.py:115} INFO - [2022-07-22 14:15:49,790] {dag.py:2972} INFO - Setting next_dagrun for example_branch_python_operator_decorator to 2022-07-21T00:00:00+00:00, run_after=2022-07-22T00:00:00+00:00
[2022-07-22 14:15:49,814] {processor.py:161} INFO - Processing /home/airflow/.local/lib/python3.7/site-packages/airflow/example_dags/example_branch_operator_decorator.py took 0.111 seconds
[2022-07-22 14:16:20,325] {processor.py:153} INFO - Started process (PID=916) to work on /home/airflow/.local/lib/python3.7/site-packages/airflow/example_dags/example_branch_operator_decorator.py
[2022-07-22 14:16:20,326] {processor.py:641} INFO - Processing file /home/airflow/.local/lib/python3.7/site-packages/airflow/example_dags/example_branch_operator_decorator.py for tasks to queue
[2022-07-22 14:16:20,327] {logging_mixin.py:115} INFO - [2022-07-22 14:16:20,327] {dagbag.py:508} INFO - Filling up the DagBag from /home/airflow/.local/lib/python3.7/site-packages/airflow/example_dags/example_branch_operator_decorator.py
[2022-07-22 14:16:20,365] {processor.py:651} INFO - DAG(s) dict_keys(['example_branch_python_operator_decorator']) retrieved from /home/airflow/.local/lib/python3.7/site-packages/airflow/example_dags/example_branch_operator_decorator.py
[2022-07-22 14:16:20,413] {logging_mixin.py:115} INFO - [2022-07-22 14:16:20,412] {dag.py:2420} INFO - Sync 1 DAGs
[2022-07-22 14:16:20,462] {logging_mixin.py:115} INFO - [2022-07-22 14:16:20,461] {dag.py:2972} INFO - Setting next_dagrun for example_branch_python_operator_decorator to 2022-07-21T00:00:00+00:00, run_after=2022-07-22T00:00:00+00:00
[2022-07-22 14:16:20,482] {processor.py:161} INFO - Processing /home/airflow/.local/lib/python3.7/site-packages/airflow/example_dags/example_branch_operator_decorator.py took 0.162 seconds
[2022-07-22 14:16:50,800] {processor.py:153} INFO - Started process (PID=1110) to work on /home/airflow/.local/lib/python3.7/site-packages/airflow/example_dags/example_branch_operator_decorator.py
[2022-07-22 14:16:50,801] {processor.py:641} INFO - Processing file /home/airflow/.local/lib/python3.7/site-packages/airflow/example_dags/example_branch_operator_decorator.py for tasks to queue
[2022-07-22 14:16:50,802] {logging_mixin.py:115} INFO - [2022-07-22 14:16:50,802] {dagbag.py:508} INFO - Filling up the DagBag from /home/airflow/.local/lib/python3.7/site-packages/airflow/example_dags/example_branch_operator_decorator.py
[2022-07-22 14:16:50,831] {processor.py:651} INFO - DAG(s) dict_keys(['example_branch_python_operator_decorator']) retrieved from /home/airflow/.local/lib/python3.7/site-packages/airflow/example_dags/example_branch_operator_decorator.py
[2022-07-22 14:16:50,872] {logging_mixin.py:115} INFO - [2022-07-22 14:16:50,872] {dag.py:2420} INFO - Sync 1 DAGs
[2022-07-22 14:16:50,912] {logging_mixin.py:115} INFO - [2022-07-22 14:16:50,912] {dag.py:2972} INFO - Setting next_dagrun for example_branch_python_operator_decorator to 2022-07-21T00:00:00+00:00, run_after=2022-07-22T00:00:00+00:00
[2022-07-22 14:16:50,924] {processor.py:161} INFO - Processing /home/airflow/.local/lib/python3.7/site-packages/airflow/example_dags/example_branch_operator_decorator.py took 0.130 seconds
[2022-07-22 14:17:21,073] {processor.py:153} INFO - Started process (PID=1314) to work on /home/airflow/.local/lib/python3.7/site-packages/airflow/example_dags/example_branch_operator_decorator.py
[2022-07-22 14:17:21,074] {processor.py:641} INFO - Processing file /home/airflow/.local/lib/python3.7/site-packages/airflow/example_dags/example_branch_operator_decorator.py for tasks to queue
[2022-07-22 14:17:21,075] {logging_mixin.py:115} INFO - [2022-07-22 14:17:21,075] {dagbag.py:508} INFO - Filling up the DagBag from /home/airflow/.local/lib/python3.7/site-packages/airflow/example_dags/example_branch_operator_decorator.py
[2022-07-22 14:17:21,112] {processor.py:651} INFO - DAG(s) dict_keys(['example_branch_python_operator_decorator']) retrieved from /home/airflow/.local/lib/python3.7/site-packages/airflow/example_dags/example_branch_operator_decorator.py
[2022-07-22 14:17:21,165] {logging_mixin.py:115} INFO - [2022-07-22 14:17:21,165] {dag.py:2420} INFO - Sync 1 DAGs
[2022-07-22 14:17:21,220] {logging_mixin.py:115} INFO - [2022-07-22 14:17:21,220] {dag.py:2972} INFO - Setting next_dagrun for example_branch_python_operator_decorator to 2022-07-21T00:00:00+00:00, run_after=2022-07-22T00:00:00+00:00
[2022-07-22 14:17:21,240] {processor.py:161} INFO - Processing /home/airflow/.local/lib/python3.7/site-packages/airflow/example_dags/example_branch_operator_decorator.py took 0.172 seconds
[2022-07-22 14:17:51,997] {processor.py:153} INFO - Started process (PID=1514) to work on /home/airflow/.local/lib/python3.7/site-packages/airflow/example_dags/example_branch_operator_decorator.py
[2022-07-22 14:17:51,997] {processor.py:641} INFO - Processing file /home/airflow/.local/lib/python3.7/site-packages/airflow/example_dags/example_branch_operator_decorator.py for tasks to queue
[2022-07-22 14:17:51,998] {logging_mixin.py:115} INFO - [2022-07-22 14:17:51,998] {dagbag.py:508} INFO - Filling up the DagBag from /home/airflow/.local/lib/python3.7/site-packages/airflow/example_dags/example_branch_operator_decorator.py
[2022-07-22 14:17:52,014] {processor.py:651} INFO - DAG(s) dict_keys(['example_branch_python_operator_decorator']) retrieved from /home/airflow/.local/lib/python3.7/site-packages/airflow/example_dags/example_branch_operator_decorator.py
[2022-07-22 14:17:52,062] {logging_mixin.py:115} INFO - [2022-07-22 14:17:52,062] {dag.py:2420} INFO - Sync 1 DAGs
[2022-07-22 14:17:52,105] {logging_mixin.py:115} INFO - [2022-07-22 14:17:52,105] {dag.py:2972} INFO - Setting next_dagrun for example_branch_python_operator_decorator to 2022-07-21T00:00:00+00:00, run_after=2022-07-22T00:00:00+00:00
[2022-07-22 14:17:52,116] {processor.py:161} INFO - Processing /home/airflow/.local/lib/python3.7/site-packages/airflow/example_dags/example_branch_operator_decorator.py took 0.121 seconds
[2022-07-22 14:18:22,614] {processor.py:153} INFO - Started process (PID=1708) to work on /home/airflow/.local/lib/python3.7/site-packages/airflow/example_dags/example_branch_operator_decorator.py
[2022-07-22 14:18:22,615] {processor.py:641} INFO - Processing file /home/airflow/.local/lib/python3.7/site-packages/airflow/example_dags/example_branch_operator_decorator.py for tasks to queue
[2022-07-22 14:18:22,616] {logging_mixin.py:115} INFO - [2022-07-22 14:18:22,616] {dagbag.py:508} INFO - Filling up the DagBag from /home/airflow/.local/lib/python3.7/site-packages/airflow/example_dags/example_branch_operator_decorator.py
[2022-07-22 14:18:22,656] {processor.py:651} INFO - DAG(s) dict_keys(['example_branch_python_operator_decorator']) retrieved from /home/airflow/.local/lib/python3.7/site-packages/airflow/example_dags/example_branch_operator_decorator.py
[2022-07-22 14:18:22,691] {logging_mixin.py:115} INFO - [2022-07-22 14:18:22,691] {dag.py:2420} INFO - Sync 1 DAGs
[2022-07-22 14:18:22,720] {logging_mixin.py:115} INFO - [2022-07-22 14:18:22,720] {dag.py:2972} INFO - Setting next_dagrun for example_branch_python_operator_decorator to 2022-07-21T00:00:00+00:00, run_after=2022-07-22T00:00:00+00:00
[2022-07-22 14:18:22,744] {processor.py:161} INFO - Processing /home/airflow/.local/lib/python3.7/site-packages/airflow/example_dags/example_branch_operator_decorator.py took 0.137 seconds
[2022-07-22 14:18:52,780] {processor.py:153} INFO - Started process (PID=1908) to work on /home/airflow/.local/lib/python3.7/site-packages/airflow/example_dags/example_branch_operator_decorator.py
[2022-07-22 14:18:52,781] {processor.py:641} INFO - Processing file /home/airflow/.local/lib/python3.7/site-packages/airflow/example_dags/example_branch_operator_decorator.py for tasks to queue
[2022-07-22 14:18:52,782] {logging_mixin.py:115} INFO - [2022-07-22 14:18:52,782] {dagbag.py:508} INFO - Filling up the DagBag from /home/airflow/.local/lib/python3.7/site-packages/airflow/example_dags/example_branch_operator_decorator.py
[2022-07-22 14:18:52,799] {processor.py:651} INFO - DAG(s) dict_keys(['example_branch_python_operator_decorator']) retrieved from /home/airflow/.local/lib/python3.7/site-packages/airflow/example_dags/example_branch_operator_decorator.py
[2022-07-22 14:18:52,821] {logging_mixin.py:115} INFO - [2022-07-22 14:18:52,821] {dag.py:2420} INFO - Sync 1 DAGs
[2022-07-22 14:18:52,860] {logging_mixin.py:115} INFO - [2022-07-22 14:18:52,860] {dag.py:2972} INFO - Setting next_dagrun for example_branch_python_operator_decorator to 2022-07-21T00:00:00+00:00, run_after=2022-07-22T00:00:00+00:00
[2022-07-22 14:18:52,884] {processor.py:161} INFO - Processing /home/airflow/.local/lib/python3.7/site-packages/airflow/example_dags/example_branch_operator_decorator.py took 0.106 seconds
[2022-07-22 14:19:23,015] {processor.py:153} INFO - Started process (PID=2109) to work on /home/airflow/.local/lib/python3.7/site-packages/airflow/example_dags/example_branch_operator_decorator.py
[2022-07-22 14:19:23,016] {processor.py:641} INFO - Processing file /home/airflow/.local/lib/python3.7/site-packages/airflow/example_dags/example_branch_operator_decorator.py for tasks to queue
[2022-07-22 14:19:23,018] {logging_mixin.py:115} INFO - [2022-07-22 14:19:23,017] {dagbag.py:508} INFO - Filling up the DagBag from /home/airflow/.local/lib/python3.7/site-packages/airflow/example_dags/example_branch_operator_decorator.py
[2022-07-22 14:19:23,060] {processor.py:651} INFO - DAG(s) dict_keys(['example_branch_python_operator_decorator']) retrieved from /home/airflow/.local/lib/python3.7/site-packages/airflow/example_dags/example_branch_operator_decorator.py
[2022-07-22 14:19:23,096] {logging_mixin.py:115} INFO - [2022-07-22 14:19:23,095] {dag.py:2420} INFO - Sync 1 DAGs
[2022-07-22 14:19:23,126] {logging_mixin.py:115} INFO - [2022-07-22 14:19:23,126] {dag.py:2972} INFO - Setting next_dagrun for example_branch_python_operator_decorator to 2022-07-21T00:00:00+00:00, run_after=2022-07-22T00:00:00+00:00
[2022-07-22 14:19:23,142] {processor.py:161} INFO - Processing /home/airflow/.local/lib/python3.7/site-packages/airflow/example_dags/example_branch_operator_decorator.py took 0.135 seconds
[2022-07-22 14:19:53,491] {processor.py:153} INFO - Started process (PID=2305) to work on /home/airflow/.local/lib/python3.7/site-packages/airflow/example_dags/example_branch_operator_decorator.py
[2022-07-22 14:19:53,492] {processor.py:641} INFO - Processing file /home/airflow/.local/lib/python3.7/site-packages/airflow/example_dags/example_branch_operator_decorator.py for tasks to queue
[2022-07-22 14:19:53,493] {logging_mixin.py:115} INFO - [2022-07-22 14:19:53,493] {dagbag.py:508} INFO - Filling up the DagBag from /home/airflow/.local/lib/python3.7/site-packages/airflow/example_dags/example_branch_operator_decorator.py
[2022-07-22 14:19:53,530] {processor.py:651} INFO - DAG(s) dict_keys(['example_branch_python_operator_decorator']) retrieved from /home/airflow/.local/lib/python3.7/site-packages/airflow/example_dags/example_branch_operator_decorator.py
[2022-07-22 14:19:53,576] {logging_mixin.py:115} INFO - [2022-07-22 14:19:53,576] {dag.py:2420} INFO - Sync 1 DAGs
[2022-07-22 14:19:53,626] {logging_mixin.py:115} INFO - [2022-07-22 14:19:53,626] {dag.py:2972} INFO - Setting next_dagrun for example_branch_python_operator_decorator to 2022-07-21T00:00:00+00:00, run_after=2022-07-22T00:00:00+00:00
[2022-07-22 14:19:53,645] {processor.py:161} INFO - Processing /home/airflow/.local/lib/python3.7/site-packages/airflow/example_dags/example_branch_operator_decorator.py took 0.159 seconds
[2022-07-22 14:20:23,775] {processor.py:153} INFO - Started process (PID=2505) to work on /home/airflow/.local/lib/python3.7/site-packages/airflow/example_dags/example_branch_operator_decorator.py
[2022-07-22 14:20:23,776] {processor.py:641} INFO - Processing file /home/airflow/.local/lib/python3.7/site-packages/airflow/example_dags/example_branch_operator_decorator.py for tasks to queue
[2022-07-22 14:20:23,777] {logging_mixin.py:115} INFO - [2022-07-22 14:20:23,777] {dagbag.py:508} INFO - Filling up the DagBag from /home/airflow/.local/lib/python3.7/site-packages/airflow/example_dags/example_branch_operator_decorator.py
[2022-07-22 14:20:23,811] {processor.py:651} INFO - DAG(s) dict_keys(['example_branch_python_operator_decorator']) retrieved from /home/airflow/.local/lib/python3.7/site-packages/airflow/example_dags/example_branch_operator_decorator.py
[2022-07-22 14:20:23,840] {logging_mixin.py:115} INFO - [2022-07-22 14:20:23,840] {dag.py:2420} INFO - Sync 1 DAGs
[2022-07-22 14:20:23,878] {logging_mixin.py:115} INFO - [2022-07-22 14:20:23,877] {dag.py:2972} INFO - Setting next_dagrun for example_branch_python_operator_decorator to 2022-07-21T00:00:00+00:00, run_after=2022-07-22T00:00:00+00:00
[2022-07-22 14:20:23,896] {processor.py:161} INFO - Processing /home/airflow/.local/lib/python3.7/site-packages/airflow/example_dags/example_branch_operator_decorator.py took 0.127 seconds
[2022-07-22 14:20:54,531] {processor.py:153} INFO - Started process (PID=2709) to work on /home/airflow/.local/lib/python3.7/site-packages/airflow/example_dags/example_branch_operator_decorator.py
[2022-07-22 14:20:54,532] {processor.py:641} INFO - Processing file /home/airflow/.local/lib/python3.7/site-packages/airflow/example_dags/example_branch_operator_decorator.py for tasks to queue
[2022-07-22 14:20:54,534] {logging_mixin.py:115} INFO - [2022-07-22 14:20:54,533] {dagbag.py:508} INFO - Filling up the DagBag from /home/airflow/.local/lib/python3.7/site-packages/airflow/example_dags/example_branch_operator_decorator.py
[2022-07-22 14:20:54,573] {processor.py:651} INFO - DAG(s) dict_keys(['example_branch_python_operator_decorator']) retrieved from /home/airflow/.local/lib/python3.7/site-packages/airflow/example_dags/example_branch_operator_decorator.py
[2022-07-22 14:20:54,627] {logging_mixin.py:115} INFO - [2022-07-22 14:20:54,626] {dag.py:2420} INFO - Sync 1 DAGs
[2022-07-22 14:20:54,684] {logging_mixin.py:115} INFO - [2022-07-22 14:20:54,684] {dag.py:2972} INFO - Setting next_dagrun for example_branch_python_operator_decorator to 2022-07-21T00:00:00+00:00, run_after=2022-07-22T00:00:00+00:00
[2022-07-22 14:20:54,712] {processor.py:161} INFO - Processing /home/airflow/.local/lib/python3.7/site-packages/airflow/example_dags/example_branch_operator_decorator.py took 0.186 seconds
[2022-07-22 14:21:24,798] {processor.py:153} INFO - Started process (PID=2902) to work on /home/airflow/.local/lib/python3.7/site-packages/airflow/example_dags/example_branch_operator_decorator.py
[2022-07-22 14:21:24,799] {processor.py:641} INFO - Processing file /home/airflow/.local/lib/python3.7/site-packages/airflow/example_dags/example_branch_operator_decorator.py for tasks to queue
[2022-07-22 14:21:24,800] {logging_mixin.py:115} INFO - [2022-07-22 14:21:24,800] {dagbag.py:508} INFO - Filling up the DagBag from /home/airflow/.local/lib/python3.7/site-packages/airflow/example_dags/example_branch_operator_decorator.py
[2022-07-22 14:21:24,828] {processor.py:651} INFO - DAG(s) dict_keys(['example_branch_python_operator_decorator']) retrieved from /home/airflow/.local/lib/python3.7/site-packages/airflow/example_dags/example_branch_operator_decorator.py
[2022-07-22 14:21:24,868] {logging_mixin.py:115} INFO - [2022-07-22 14:21:24,868] {dag.py:2420} INFO - Sync 1 DAGs
[2022-07-22 14:21:24,917] {logging_mixin.py:115} INFO - [2022-07-22 14:21:24,917] {dag.py:2972} INFO - Setting next_dagrun for example_branch_python_operator_decorator to 2022-07-21T00:00:00+00:00, run_after=2022-07-22T00:00:00+00:00
[2022-07-22 14:21:24,932] {processor.py:161} INFO - Processing /home/airflow/.local/lib/python3.7/site-packages/airflow/example_dags/example_branch_operator_decorator.py took 0.140 seconds
[2022-07-22 14:21:56,016] {processor.py:153} INFO - Started process (PID=3104) to work on /home/airflow/.local/lib/python3.7/site-packages/airflow/example_dags/example_branch_operator_decorator.py
[2022-07-22 14:21:56,017] {processor.py:641} INFO - Processing file /home/airflow/.local/lib/python3.7/site-packages/airflow/example_dags/example_branch_operator_decorator.py for tasks to queue
[2022-07-22 14:21:56,017] {logging_mixin.py:115} INFO - [2022-07-22 14:21:56,017] {dagbag.py:508} INFO - Filling up the DagBag from /home/airflow/.local/lib/python3.7/site-packages/airflow/example_dags/example_branch_operator_decorator.py
[2022-07-22 14:21:56,052] {processor.py:651} INFO - DAG(s) dict_keys(['example_branch_python_operator_decorator']) retrieved from /home/airflow/.local/lib/python3.7/site-packages/airflow/example_dags/example_branch_operator_decorator.py
[2022-07-22 14:21:56,120] {logging_mixin.py:115} INFO - [2022-07-22 14:21:56,120] {dag.py:2420} INFO - Sync 1 DAGs
[2022-07-22 14:21:56,158] {logging_mixin.py:115} INFO - [2022-07-22 14:21:56,158] {dag.py:2972} INFO - Setting next_dagrun for example_branch_python_operator_decorator to 2022-07-21T00:00:00+00:00, run_after=2022-07-22T00:00:00+00:00
[2022-07-22 14:21:56,171] {processor.py:161} INFO - Processing /home/airflow/.local/lib/python3.7/site-packages/airflow/example_dags/example_branch_operator_decorator.py took 0.161 seconds
[2022-07-22 14:22:26,565] {processor.py:153} INFO - Started process (PID=3304) to work on /home/airflow/.local/lib/python3.7/site-packages/airflow/example_dags/example_branch_operator_decorator.py
[2022-07-22 14:22:26,566] {processor.py:641} INFO - Processing file /home/airflow/.local/lib/python3.7/site-packages/airflow/example_dags/example_branch_operator_decorator.py for tasks to queue
[2022-07-22 14:22:26,566] {logging_mixin.py:115} INFO - [2022-07-22 14:22:26,566] {dagbag.py:508} INFO - Filling up the DagBag from /home/airflow/.local/lib/python3.7/site-packages/airflow/example_dags/example_branch_operator_decorator.py
[2022-07-22 14:22:26,599] {processor.py:651} INFO - DAG(s) dict_keys(['example_branch_python_operator_decorator']) retrieved from /home/airflow/.local/lib/python3.7/site-packages/airflow/example_dags/example_branch_operator_decorator.py
[2022-07-22 14:22:26,655] {logging_mixin.py:115} INFO - [2022-07-22 14:22:26,655] {dag.py:2420} INFO - Sync 1 DAGs
[2022-07-22 14:22:26,698] {logging_mixin.py:115} INFO - [2022-07-22 14:22:26,698] {dag.py:2972} INFO - Setting next_dagrun for example_branch_python_operator_decorator to 2022-07-21T00:00:00+00:00, run_after=2022-07-22T00:00:00+00:00
[2022-07-22 14:22:26,708] {processor.py:161} INFO - Processing /home/airflow/.local/lib/python3.7/site-packages/airflow/example_dags/example_branch_operator_decorator.py took 0.146 seconds
[2022-07-22 14:22:56,848] {processor.py:153} INFO - Started process (PID=3504) to work on /home/airflow/.local/lib/python3.7/site-packages/airflow/example_dags/example_branch_operator_decorator.py
[2022-07-22 14:22:56,848] {processor.py:641} INFO - Processing file /home/airflow/.local/lib/python3.7/site-packages/airflow/example_dags/example_branch_operator_decorator.py for tasks to queue
[2022-07-22 14:22:56,849] {logging_mixin.py:115} INFO - [2022-07-22 14:22:56,849] {dagbag.py:508} INFO - Filling up the DagBag from /home/airflow/.local/lib/python3.7/site-packages/airflow/example_dags/example_branch_operator_decorator.py
[2022-07-22 14:22:56,864] {processor.py:651} INFO - DAG(s) dict_keys(['example_branch_python_operator_decorator']) retrieved from /home/airflow/.local/lib/python3.7/site-packages/airflow/example_dags/example_branch_operator_decorator.py
[2022-07-22 14:22:56,888] {logging_mixin.py:115} INFO - [2022-07-22 14:22:56,888] {dag.py:2420} INFO - Sync 1 DAGs
[2022-07-22 14:22:56,917] {logging_mixin.py:115} INFO - [2022-07-22 14:22:56,917] {dag.py:2972} INFO - Setting next_dagrun for example_branch_python_operator_decorator to 2022-07-21T00:00:00+00:00, run_after=2022-07-22T00:00:00+00:00
[2022-07-22 14:22:56,930] {processor.py:161} INFO - Processing /home/airflow/.local/lib/python3.7/site-packages/airflow/example_dags/example_branch_operator_decorator.py took 0.085 seconds
[2022-07-22 14:23:27,284] {processor.py:153} INFO - Started process (PID=3700) to work on /home/airflow/.local/lib/python3.7/site-packages/airflow/example_dags/example_branch_operator_decorator.py
[2022-07-22 14:23:27,284] {processor.py:641} INFO - Processing file /home/airflow/.local/lib/python3.7/site-packages/airflow/example_dags/example_branch_operator_decorator.py for tasks to queue
[2022-07-22 14:23:27,285] {logging_mixin.py:115} INFO - [2022-07-22 14:23:27,285] {dagbag.py:508} INFO - Filling up the DagBag from /home/airflow/.local/lib/python3.7/site-packages/airflow/example_dags/example_branch_operator_decorator.py
[2022-07-22 14:23:27,300] {processor.py:651} INFO - DAG(s) dict_keys(['example_branch_python_operator_decorator']) retrieved from /home/airflow/.local/lib/python3.7/site-packages/airflow/example_dags/example_branch_operator_decorator.py
[2022-07-22 14:23:27,321] {logging_mixin.py:115} INFO - [2022-07-22 14:23:27,321] {dag.py:2420} INFO - Sync 1 DAGs
[2022-07-22 14:23:27,354] {logging_mixin.py:115} INFO - [2022-07-22 14:23:27,354] {dag.py:2972} INFO - Setting next_dagrun for example_branch_python_operator_decorator to 2022-07-21T00:00:00+00:00, run_after=2022-07-22T00:00:00+00:00
[2022-07-22 14:23:27,371] {processor.py:161} INFO - Processing /home/airflow/.local/lib/python3.7/site-packages/airflow/example_dags/example_branch_operator_decorator.py took 0.090 seconds
[2022-07-22 14:23:57,660] {processor.py:153} INFO - Started process (PID=3900) to work on /home/airflow/.local/lib/python3.7/site-packages/airflow/example_dags/example_branch_operator_decorator.py
[2022-07-22 14:23:57,661] {processor.py:641} INFO - Processing file /home/airflow/.local/lib/python3.7/site-packages/airflow/example_dags/example_branch_operator_decorator.py for tasks to queue
[2022-07-22 14:23:57,662] {logging_mixin.py:115} INFO - [2022-07-22 14:23:57,662] {dagbag.py:508} INFO - Filling up the DagBag from /home/airflow/.local/lib/python3.7/site-packages/airflow/example_dags/example_branch_operator_decorator.py
[2022-07-22 14:23:57,701] {processor.py:651} INFO - DAG(s) dict_keys(['example_branch_python_operator_decorator']) retrieved from /home/airflow/.local/lib/python3.7/site-packages/airflow/example_dags/example_branch_operator_decorator.py
[2022-07-22 14:23:57,751] {logging_mixin.py:115} INFO - [2022-07-22 14:23:57,750] {dag.py:2420} INFO - Sync 1 DAGs
[2022-07-22 14:23:57,805] {logging_mixin.py:115} INFO - [2022-07-22 14:23:57,805] {dag.py:2972} INFO - Setting next_dagrun for example_branch_python_operator_decorator to 2022-07-21T00:00:00+00:00, run_after=2022-07-22T00:00:00+00:00
[2022-07-22 14:23:57,830] {processor.py:161} INFO - Processing /home/airflow/.local/lib/python3.7/site-packages/airflow/example_dags/example_branch_operator_decorator.py took 0.174 seconds
[2022-07-22 14:24:28,088] {processor.py:153} INFO - Started process (PID=4104) to work on /home/airflow/.local/lib/python3.7/site-packages/airflow/example_dags/example_branch_operator_decorator.py
[2022-07-22 14:24:28,088] {processor.py:641} INFO - Processing file /home/airflow/.local/lib/python3.7/site-packages/airflow/example_dags/example_branch_operator_decorator.py for tasks to queue
[2022-07-22 14:24:28,089] {logging_mixin.py:115} INFO - [2022-07-22 14:24:28,089] {dagbag.py:508} INFO - Filling up the DagBag from /home/airflow/.local/lib/python3.7/site-packages/airflow/example_dags/example_branch_operator_decorator.py
[2022-07-22 14:24:28,109] {processor.py:651} INFO - DAG(s) dict_keys(['example_branch_python_operator_decorator']) retrieved from /home/airflow/.local/lib/python3.7/site-packages/airflow/example_dags/example_branch_operator_decorator.py
[2022-07-22 14:24:28,145] {logging_mixin.py:115} INFO - [2022-07-22 14:24:28,145] {dag.py:2420} INFO - Sync 1 DAGs
[2022-07-22 14:24:28,184] {logging_mixin.py:115} INFO - [2022-07-22 14:24:28,183] {dag.py:2972} INFO - Setting next_dagrun for example_branch_python_operator_decorator to 2022-07-21T00:00:00+00:00, run_after=2022-07-22T00:00:00+00:00
[2022-07-22 14:24:28,196] {processor.py:161} INFO - Processing /home/airflow/.local/lib/python3.7/site-packages/airflow/example_dags/example_branch_operator_decorator.py took 0.112 seconds
[2022-07-22 14:24:58,488] {processor.py:153} INFO - Started process (PID=4295) to work on /home/airflow/.local/lib/python3.7/site-packages/airflow/example_dags/example_branch_operator_decorator.py
[2022-07-22 14:24:58,489] {processor.py:641} INFO - Processing file /home/airflow/.local/lib/python3.7/site-packages/airflow/example_dags/example_branch_operator_decorator.py for tasks to queue
[2022-07-22 14:24:58,490] {logging_mixin.py:115} INFO - [2022-07-22 14:24:58,490] {dagbag.py:508} INFO - Filling up the DagBag from /home/airflow/.local/lib/python3.7/site-packages/airflow/example_dags/example_branch_operator_decorator.py
[2022-07-22 14:24:58,520] {processor.py:651} INFO - DAG(s) dict_keys(['example_branch_python_operator_decorator']) retrieved from /home/airflow/.local/lib/python3.7/site-packages/airflow/example_dags/example_branch_operator_decorator.py
[2022-07-22 14:24:58,567] {logging_mixin.py:115} INFO - [2022-07-22 14:24:58,567] {dag.py:2420} INFO - Sync 1 DAGs
[2022-07-22 14:24:58,600] {logging_mixin.py:115} INFO - [2022-07-22 14:24:58,600] {dag.py:2972} INFO - Setting next_dagrun for example_branch_python_operator_decorator to 2022-07-21T00:00:00+00:00, run_after=2022-07-22T00:00:00+00:00
[2022-07-22 14:24:58,617] {processor.py:161} INFO - Processing /home/airflow/.local/lib/python3.7/site-packages/airflow/example_dags/example_branch_operator_decorator.py took 0.134 seconds
[2022-07-22 14:25:28,866] {processor.py:153} INFO - Started process (PID=4499) to work on /home/airflow/.local/lib/python3.7/site-packages/airflow/example_dags/example_branch_operator_decorator.py
[2022-07-22 14:25:28,867] {processor.py:641} INFO - Processing file /home/airflow/.local/lib/python3.7/site-packages/airflow/example_dags/example_branch_operator_decorator.py for tasks to queue
[2022-07-22 14:25:28,869] {logging_mixin.py:115} INFO - [2022-07-22 14:25:28,868] {dagbag.py:508} INFO - Filling up the DagBag from /home/airflow/.local/lib/python3.7/site-packages/airflow/example_dags/example_branch_operator_decorator.py
[2022-07-22 14:25:28,908] {processor.py:651} INFO - DAG(s) dict_keys(['example_branch_python_operator_decorator']) retrieved from /home/airflow/.local/lib/python3.7/site-packages/airflow/example_dags/example_branch_operator_decorator.py
[2022-07-22 14:25:28,967] {logging_mixin.py:115} INFO - [2022-07-22 14:25:28,967] {dag.py:2420} INFO - Sync 1 DAGs
[2022-07-22 14:25:29,008] {logging_mixin.py:115} INFO - [2022-07-22 14:25:29,008] {dag.py:2972} INFO - Setting next_dagrun for example_branch_python_operator_decorator to 2022-07-21T00:00:00+00:00, run_after=2022-07-22T00:00:00+00:00
[2022-07-22 14:25:29,026] {processor.py:161} INFO - Processing /home/airflow/.local/lib/python3.7/site-packages/airflow/example_dags/example_branch_operator_decorator.py took 0.166 seconds
[2022-07-22 14:26:00,053] {processor.py:153} INFO - Started process (PID=4701) to work on /home/airflow/.local/lib/python3.7/site-packages/airflow/example_dags/example_branch_operator_decorator.py
[2022-07-22 14:26:00,054] {processor.py:641} INFO - Processing file /home/airflow/.local/lib/python3.7/site-packages/airflow/example_dags/example_branch_operator_decorator.py for tasks to queue
[2022-07-22 14:26:00,055] {logging_mixin.py:115} INFO - [2022-07-22 14:26:00,055] {dagbag.py:508} INFO - Filling up the DagBag from /home/airflow/.local/lib/python3.7/site-packages/airflow/example_dags/example_branch_operator_decorator.py
[2022-07-22 14:26:00,095] {processor.py:651} INFO - DAG(s) dict_keys(['example_branch_python_operator_decorator']) retrieved from /home/airflow/.local/lib/python3.7/site-packages/airflow/example_dags/example_branch_operator_decorator.py
[2022-07-22 14:26:00,138] {logging_mixin.py:115} INFO - [2022-07-22 14:26:00,137] {dag.py:2420} INFO - Sync 1 DAGs
[2022-07-22 14:26:00,179] {logging_mixin.py:115} INFO - [2022-07-22 14:26:00,179] {dag.py:2972} INFO - Setting next_dagrun for example_branch_python_operator_decorator to 2022-07-21T00:00:00+00:00, run_after=2022-07-22T00:00:00+00:00
[2022-07-22 14:26:00,200] {processor.py:161} INFO - Processing /home/airflow/.local/lib/python3.7/site-packages/airflow/example_dags/example_branch_operator_decorator.py took 0.155 seconds
[2022-07-22 14:26:30,752] {processor.py:153} INFO - Started process (PID=4894) to work on /home/airflow/.local/lib/python3.7/site-packages/airflow/example_dags/example_branch_operator_decorator.py
[2022-07-22 14:26:30,753] {processor.py:641} INFO - Processing file /home/airflow/.local/lib/python3.7/site-packages/airflow/example_dags/example_branch_operator_decorator.py for tasks to queue
[2022-07-22 14:26:30,755] {logging_mixin.py:115} INFO - [2022-07-22 14:26:30,755] {dagbag.py:508} INFO - Filling up the DagBag from /home/airflow/.local/lib/python3.7/site-packages/airflow/example_dags/example_branch_operator_decorator.py
[2022-07-22 14:26:30,798] {processor.py:651} INFO - DAG(s) dict_keys(['example_branch_python_operator_decorator']) retrieved from /home/airflow/.local/lib/python3.7/site-packages/airflow/example_dags/example_branch_operator_decorator.py
[2022-07-22 14:26:30,827] {logging_mixin.py:115} INFO - [2022-07-22 14:26:30,827] {dag.py:2420} INFO - Sync 1 DAGs
[2022-07-22 14:26:30,873] {logging_mixin.py:115} INFO - [2022-07-22 14:26:30,873] {dag.py:2972} INFO - Setting next_dagrun for example_branch_python_operator_decorator to 2022-07-21T00:00:00+00:00, run_after=2022-07-22T00:00:00+00:00
[2022-07-22 14:26:30,893] {processor.py:161} INFO - Processing /home/airflow/.local/lib/python3.7/site-packages/airflow/example_dags/example_branch_operator_decorator.py took 0.144 seconds
[2022-07-22 14:27:01,416] {processor.py:153} INFO - Started process (PID=5097) to work on /home/airflow/.local/lib/python3.7/site-packages/airflow/example_dags/example_branch_operator_decorator.py
[2022-07-22 14:27:01,417] {processor.py:641} INFO - Processing file /home/airflow/.local/lib/python3.7/site-packages/airflow/example_dags/example_branch_operator_decorator.py for tasks to queue
[2022-07-22 14:27:01,418] {logging_mixin.py:115} INFO - [2022-07-22 14:27:01,418] {dagbag.py:508} INFO - Filling up the DagBag from /home/airflow/.local/lib/python3.7/site-packages/airflow/example_dags/example_branch_operator_decorator.py
[2022-07-22 14:27:01,461] {processor.py:651} INFO - DAG(s) dict_keys(['example_branch_python_operator_decorator']) retrieved from /home/airflow/.local/lib/python3.7/site-packages/airflow/example_dags/example_branch_operator_decorator.py
[2022-07-22 14:27:01,519] {logging_mixin.py:115} INFO - [2022-07-22 14:27:01,518] {dag.py:2420} INFO - Sync 1 DAGs
[2022-07-22 14:27:01,552] {logging_mixin.py:115} INFO - [2022-07-22 14:27:01,552] {dag.py:2972} INFO - Setting next_dagrun for example_branch_python_operator_decorator to 2022-07-21T00:00:00+00:00, run_after=2022-07-22T00:00:00+00:00
[2022-07-22 14:27:01,572] {processor.py:161} INFO - Processing /home/airflow/.local/lib/python3.7/site-packages/airflow/example_dags/example_branch_operator_decorator.py took 0.164 seconds
[2022-07-22 14:27:32,059] {processor.py:153} INFO - Started process (PID=5299) to work on /home/airflow/.local/lib/python3.7/site-packages/airflow/example_dags/example_branch_operator_decorator.py
[2022-07-22 14:27:32,060] {processor.py:641} INFO - Processing file /home/airflow/.local/lib/python3.7/site-packages/airflow/example_dags/example_branch_operator_decorator.py for tasks to queue
[2022-07-22 14:27:32,061] {logging_mixin.py:115} INFO - [2022-07-22 14:27:32,060] {dagbag.py:508} INFO - Filling up the DagBag from /home/airflow/.local/lib/python3.7/site-packages/airflow/example_dags/example_branch_operator_decorator.py
[2022-07-22 14:27:32,102] {processor.py:651} INFO - DAG(s) dict_keys(['example_branch_python_operator_decorator']) retrieved from /home/airflow/.local/lib/python3.7/site-packages/airflow/example_dags/example_branch_operator_decorator.py
[2022-07-22 14:27:32,127] {logging_mixin.py:115} INFO - [2022-07-22 14:27:32,127] {dag.py:2420} INFO - Sync 1 DAGs
[2022-07-22 14:27:32,147] {logging_mixin.py:115} INFO - [2022-07-22 14:27:32,147] {dag.py:2972} INFO - Setting next_dagrun for example_branch_python_operator_decorator to 2022-07-21T00:00:00+00:00, run_after=2022-07-22T00:00:00+00:00
[2022-07-22 14:27:32,175] {processor.py:161} INFO - Processing /home/airflow/.local/lib/python3.7/site-packages/airflow/example_dags/example_branch_operator_decorator.py took 0.123 seconds
[2022-07-22 14:28:02,219] {processor.py:153} INFO - Started process (PID=5492) to work on /home/airflow/.local/lib/python3.7/site-packages/airflow/example_dags/example_branch_operator_decorator.py
[2022-07-22 14:28:02,220] {processor.py:641} INFO - Processing file /home/airflow/.local/lib/python3.7/site-packages/airflow/example_dags/example_branch_operator_decorator.py for tasks to queue
[2022-07-22 14:28:02,220] {logging_mixin.py:115} INFO - [2022-07-22 14:28:02,220] {dagbag.py:508} INFO - Filling up the DagBag from /home/airflow/.local/lib/python3.7/site-packages/airflow/example_dags/example_branch_operator_decorator.py
[2022-07-22 14:28:02,256] {processor.py:651} INFO - DAG(s) dict_keys(['example_branch_python_operator_decorator']) retrieved from /home/airflow/.local/lib/python3.7/site-packages/airflow/example_dags/example_branch_operator_decorator.py
[2022-07-22 14:28:02,302] {logging_mixin.py:115} INFO - [2022-07-22 14:28:02,302] {dag.py:2420} INFO - Sync 1 DAGs
[2022-07-22 14:28:02,351] {logging_mixin.py:115} INFO - [2022-07-22 14:28:02,351] {dag.py:2972} INFO - Setting next_dagrun for example_branch_python_operator_decorator to 2022-07-21T00:00:00+00:00, run_after=2022-07-22T00:00:00+00:00
[2022-07-22 14:28:02,367] {processor.py:161} INFO - Processing /home/airflow/.local/lib/python3.7/site-packages/airflow/example_dags/example_branch_operator_decorator.py took 0.154 seconds
[2022-07-22 14:28:32,493] {processor.py:153} INFO - Started process (PID=5694) to work on /home/airflow/.local/lib/python3.7/site-packages/airflow/example_dags/example_branch_operator_decorator.py
[2022-07-22 14:28:32,494] {processor.py:641} INFO - Processing file /home/airflow/.local/lib/python3.7/site-packages/airflow/example_dags/example_branch_operator_decorator.py for tasks to queue
[2022-07-22 14:28:32,495] {logging_mixin.py:115} INFO - [2022-07-22 14:28:32,495] {dagbag.py:508} INFO - Filling up the DagBag from /home/airflow/.local/lib/python3.7/site-packages/airflow/example_dags/example_branch_operator_decorator.py
[2022-07-22 14:28:32,531] {processor.py:651} INFO - DAG(s) dict_keys(['example_branch_python_operator_decorator']) retrieved from /home/airflow/.local/lib/python3.7/site-packages/airflow/example_dags/example_branch_operator_decorator.py
[2022-07-22 14:28:32,567] {logging_mixin.py:115} INFO - [2022-07-22 14:28:32,567] {dag.py:2420} INFO - Sync 1 DAGs
[2022-07-22 14:28:32,593] {logging_mixin.py:115} INFO - [2022-07-22 14:28:32,593] {dag.py:2972} INFO - Setting next_dagrun for example_branch_python_operator_decorator to 2022-07-21T00:00:00+00:00, run_after=2022-07-22T00:00:00+00:00
[2022-07-22 14:28:32,614] {processor.py:161} INFO - Processing /home/airflow/.local/lib/python3.7/site-packages/airflow/example_dags/example_branch_operator_decorator.py took 0.126 seconds
[2022-07-22 14:29:51,893] {processor.py:153} INFO - Started process (PID=298) to work on /home/airflow/.local/lib/python3.7/site-packages/airflow/example_dags/example_branch_operator_decorator.py
[2022-07-22 14:29:51,893] {processor.py:641} INFO - Processing file /home/airflow/.local/lib/python3.7/site-packages/airflow/example_dags/example_branch_operator_decorator.py for tasks to queue
[2022-07-22 14:29:51,894] {logging_mixin.py:115} INFO - [2022-07-22 14:29:51,894] {dagbag.py:508} INFO - Filling up the DagBag from /home/airflow/.local/lib/python3.7/site-packages/airflow/example_dags/example_branch_operator_decorator.py
[2022-07-22 14:29:51,915] {processor.py:651} INFO - DAG(s) dict_keys(['example_branch_python_operator_decorator']) retrieved from /home/airflow/.local/lib/python3.7/site-packages/airflow/example_dags/example_branch_operator_decorator.py
[2022-07-22 14:29:51,945] {logging_mixin.py:115} INFO - [2022-07-22 14:29:51,945] {dag.py:2420} INFO - Sync 1 DAGs
[2022-07-22 14:29:51,982] {logging_mixin.py:115} INFO - [2022-07-22 14:29:51,982] {dag.py:2972} INFO - Setting next_dagrun for example_branch_python_operator_decorator to 2022-07-21T00:00:00+00:00, run_after=2022-07-22T00:00:00+00:00
[2022-07-22 14:29:52,001] {processor.py:161} INFO - Processing /home/airflow/.local/lib/python3.7/site-packages/airflow/example_dags/example_branch_operator_decorator.py took 0.111 seconds
[2022-07-22 14:30:22,654] {processor.py:153} INFO - Started process (PID=501) to work on /home/airflow/.local/lib/python3.7/site-packages/airflow/example_dags/example_branch_operator_decorator.py
[2022-07-22 14:30:22,654] {processor.py:641} INFO - Processing file /home/airflow/.local/lib/python3.7/site-packages/airflow/example_dags/example_branch_operator_decorator.py for tasks to queue
[2022-07-22 14:30:22,655] {logging_mixin.py:115} INFO - [2022-07-22 14:30:22,655] {dagbag.py:508} INFO - Filling up the DagBag from /home/airflow/.local/lib/python3.7/site-packages/airflow/example_dags/example_branch_operator_decorator.py
[2022-07-22 14:30:22,670] {processor.py:651} INFO - DAG(s) dict_keys(['example_branch_python_operator_decorator']) retrieved from /home/airflow/.local/lib/python3.7/site-packages/airflow/example_dags/example_branch_operator_decorator.py
[2022-07-22 14:30:22,707] {logging_mixin.py:115} INFO - [2022-07-22 14:30:22,707] {dag.py:2420} INFO - Sync 1 DAGs
[2022-07-22 14:30:22,755] {logging_mixin.py:115} INFO - [2022-07-22 14:30:22,755] {dag.py:2972} INFO - Setting next_dagrun for example_branch_python_operator_decorator to 2022-07-21T00:00:00+00:00, run_after=2022-07-22T00:00:00+00:00
[2022-07-22 14:30:22,776] {processor.py:161} INFO - Processing /home/airflow/.local/lib/python3.7/site-packages/airflow/example_dags/example_branch_operator_decorator.py took 0.125 seconds
[2022-07-22 14:30:53,386] {processor.py:153} INFO - Started process (PID=705) to work on /home/airflow/.local/lib/python3.7/site-packages/airflow/example_dags/example_branch_operator_decorator.py
[2022-07-22 14:30:53,386] {processor.py:641} INFO - Processing file /home/airflow/.local/lib/python3.7/site-packages/airflow/example_dags/example_branch_operator_decorator.py for tasks to queue
[2022-07-22 14:30:53,388] {logging_mixin.py:115} INFO - [2022-07-22 14:30:53,388] {dagbag.py:508} INFO - Filling up the DagBag from /home/airflow/.local/lib/python3.7/site-packages/airflow/example_dags/example_branch_operator_decorator.py
[2022-07-22 14:30:53,428] {processor.py:651} INFO - DAG(s) dict_keys(['example_branch_python_operator_decorator']) retrieved from /home/airflow/.local/lib/python3.7/site-packages/airflow/example_dags/example_branch_operator_decorator.py
[2022-07-22 14:30:53,480] {logging_mixin.py:115} INFO - [2022-07-22 14:30:53,480] {dag.py:2420} INFO - Sync 1 DAGs
[2022-07-22 14:30:53,524] {logging_mixin.py:115} INFO - [2022-07-22 14:30:53,524] {dag.py:2972} INFO - Setting next_dagrun for example_branch_python_operator_decorator to 2022-07-21T00:00:00+00:00, run_after=2022-07-22T00:00:00+00:00
[2022-07-22 14:30:53,535] {processor.py:161} INFO - Processing /home/airflow/.local/lib/python3.7/site-packages/airflow/example_dags/example_branch_operator_decorator.py took 0.156 seconds
[2022-07-22 14:31:24,169] {processor.py:153} INFO - Started process (PID=907) to work on /home/airflow/.local/lib/python3.7/site-packages/airflow/example_dags/example_branch_operator_decorator.py
[2022-07-22 14:31:24,170] {processor.py:641} INFO - Processing file /home/airflow/.local/lib/python3.7/site-packages/airflow/example_dags/example_branch_operator_decorator.py for tasks to queue
[2022-07-22 14:31:24,171] {logging_mixin.py:115} INFO - [2022-07-22 14:31:24,171] {dagbag.py:508} INFO - Filling up the DagBag from /home/airflow/.local/lib/python3.7/site-packages/airflow/example_dags/example_branch_operator_decorator.py
[2022-07-22 14:31:24,204] {processor.py:651} INFO - DAG(s) dict_keys(['example_branch_python_operator_decorator']) retrieved from /home/airflow/.local/lib/python3.7/site-packages/airflow/example_dags/example_branch_operator_decorator.py
[2022-07-22 14:31:24,228] {logging_mixin.py:115} INFO - [2022-07-22 14:31:24,228] {dag.py:2420} INFO - Sync 1 DAGs
[2022-07-22 14:31:24,257] {logging_mixin.py:115} INFO - [2022-07-22 14:31:24,257] {dag.py:2972} INFO - Setting next_dagrun for example_branch_python_operator_decorator to 2022-07-21T00:00:00+00:00, run_after=2022-07-22T00:00:00+00:00
[2022-07-22 14:31:24,269] {processor.py:161} INFO - Processing /home/airflow/.local/lib/python3.7/site-packages/airflow/example_dags/example_branch_operator_decorator.py took 0.105 seconds
[2022-07-22 14:31:54,948] {processor.py:153} INFO - Started process (PID=1098) to work on /home/airflow/.local/lib/python3.7/site-packages/airflow/example_dags/example_branch_operator_decorator.py
[2022-07-22 14:31:54,949] {processor.py:641} INFO - Processing file /home/airflow/.local/lib/python3.7/site-packages/airflow/example_dags/example_branch_operator_decorator.py for tasks to queue
[2022-07-22 14:31:54,951] {logging_mixin.py:115} INFO - [2022-07-22 14:31:54,950] {dagbag.py:508} INFO - Filling up the DagBag from /home/airflow/.local/lib/python3.7/site-packages/airflow/example_dags/example_branch_operator_decorator.py
[2022-07-22 14:31:54,994] {processor.py:651} INFO - DAG(s) dict_keys(['example_branch_python_operator_decorator']) retrieved from /home/airflow/.local/lib/python3.7/site-packages/airflow/example_dags/example_branch_operator_decorator.py
[2022-07-22 14:31:55,022] {logging_mixin.py:115} INFO - [2022-07-22 14:31:55,022] {dag.py:2420} INFO - Sync 1 DAGs
[2022-07-22 14:31:55,054] {logging_mixin.py:115} INFO - [2022-07-22 14:31:55,054] {dag.py:2972} INFO - Setting next_dagrun for example_branch_python_operator_decorator to 2022-07-21T00:00:00+00:00, run_after=2022-07-22T00:00:00+00:00
[2022-07-22 14:31:55,065] {processor.py:161} INFO - Processing /home/airflow/.local/lib/python3.7/site-packages/airflow/example_dags/example_branch_operator_decorator.py took 0.126 seconds
[2022-07-22 14:32:26,030] {processor.py:153} INFO - Started process (PID=1320) to work on /home/airflow/.local/lib/python3.7/site-packages/airflow/example_dags/example_branch_operator_decorator.py
[2022-07-22 14:32:26,031] {processor.py:641} INFO - Processing file /home/airflow/.local/lib/python3.7/site-packages/airflow/example_dags/example_branch_operator_decorator.py for tasks to queue
[2022-07-22 14:32:26,031] {logging_mixin.py:115} INFO - [2022-07-22 14:32:26,031] {dagbag.py:508} INFO - Filling up the DagBag from /home/airflow/.local/lib/python3.7/site-packages/airflow/example_dags/example_branch_operator_decorator.py
[2022-07-22 14:32:26,067] {processor.py:651} INFO - DAG(s) dict_keys(['example_branch_python_operator_decorator']) retrieved from /home/airflow/.local/lib/python3.7/site-packages/airflow/example_dags/example_branch_operator_decorator.py
[2022-07-22 14:32:26,095] {logging_mixin.py:115} INFO - [2022-07-22 14:32:26,095] {dag.py:2420} INFO - Sync 1 DAGs
[2022-07-22 14:32:26,129] {logging_mixin.py:115} INFO - [2022-07-22 14:32:26,129] {dag.py:2972} INFO - Setting next_dagrun for example_branch_python_operator_decorator to 2022-07-21T00:00:00+00:00, run_after=2022-07-22T00:00:00+00:00
[2022-07-22 14:32:26,142] {processor.py:161} INFO - Processing /home/airflow/.local/lib/python3.7/site-packages/airflow/example_dags/example_branch_operator_decorator.py took 0.117 seconds
[2022-07-22 14:32:56,995] {processor.py:153} INFO - Started process (PID=1522) to work on /home/airflow/.local/lib/python3.7/site-packages/airflow/example_dags/example_branch_operator_decorator.py
[2022-07-22 14:32:56,995] {processor.py:641} INFO - Processing file /home/airflow/.local/lib/python3.7/site-packages/airflow/example_dags/example_branch_operator_decorator.py for tasks to queue
[2022-07-22 14:32:56,996] {logging_mixin.py:115} INFO - [2022-07-22 14:32:56,996] {dagbag.py:508} INFO - Filling up the DagBag from /home/airflow/.local/lib/python3.7/site-packages/airflow/example_dags/example_branch_operator_decorator.py
[2022-07-22 14:32:57,019] {processor.py:651} INFO - DAG(s) dict_keys(['example_branch_python_operator_decorator']) retrieved from /home/airflow/.local/lib/python3.7/site-packages/airflow/example_dags/example_branch_operator_decorator.py
[2022-07-22 14:32:57,051] {logging_mixin.py:115} INFO - [2022-07-22 14:32:57,051] {dag.py:2420} INFO - Sync 1 DAGs
[2022-07-22 14:32:57,087] {logging_mixin.py:115} INFO - [2022-07-22 14:32:57,087] {dag.py:2972} INFO - Setting next_dagrun for example_branch_python_operator_decorator to 2022-07-21T00:00:00+00:00, run_after=2022-07-22T00:00:00+00:00
[2022-07-22 14:32:57,100] {processor.py:161} INFO - Processing /home/airflow/.local/lib/python3.7/site-packages/airflow/example_dags/example_branch_operator_decorator.py took 0.109 seconds
[2022-07-22 14:33:28,165] {processor.py:153} INFO - Started process (PID=1715) to work on /home/airflow/.local/lib/python3.7/site-packages/airflow/example_dags/example_branch_operator_decorator.py
[2022-07-22 14:33:28,166] {processor.py:641} INFO - Processing file /home/airflow/.local/lib/python3.7/site-packages/airflow/example_dags/example_branch_operator_decorator.py for tasks to queue
[2022-07-22 14:33:28,167] {logging_mixin.py:115} INFO - [2022-07-22 14:33:28,167] {dagbag.py:508} INFO - Filling up the DagBag from /home/airflow/.local/lib/python3.7/site-packages/airflow/example_dags/example_branch_operator_decorator.py
[2022-07-22 14:33:28,211] {processor.py:651} INFO - DAG(s) dict_keys(['example_branch_python_operator_decorator']) retrieved from /home/airflow/.local/lib/python3.7/site-packages/airflow/example_dags/example_branch_operator_decorator.py
[2022-07-22 14:33:28,248] {logging_mixin.py:115} INFO - [2022-07-22 14:33:28,247] {dag.py:2420} INFO - Sync 1 DAGs
[2022-07-22 14:33:28,290] {logging_mixin.py:115} INFO - [2022-07-22 14:33:28,290] {dag.py:2972} INFO - Setting next_dagrun for example_branch_python_operator_decorator to 2022-07-21T00:00:00+00:00, run_after=2022-07-22T00:00:00+00:00
[2022-07-22 14:33:28,312] {processor.py:161} INFO - Processing /home/airflow/.local/lib/python3.7/site-packages/airflow/example_dags/example_branch_operator_decorator.py took 0.153 seconds
[2022-07-22 14:34:50,355] {processor.py:153} INFO - Started process (PID=290) to work on /home/airflow/.local/lib/python3.7/site-packages/airflow/example_dags/example_branch_operator_decorator.py
[2022-07-22 14:34:50,356] {processor.py:641} INFO - Processing file /home/airflow/.local/lib/python3.7/site-packages/airflow/example_dags/example_branch_operator_decorator.py for tasks to queue
[2022-07-22 14:34:50,357] {logging_mixin.py:115} INFO - [2022-07-22 14:34:50,357] {dagbag.py:508} INFO - Filling up the DagBag from /home/airflow/.local/lib/python3.7/site-packages/airflow/example_dags/example_branch_operator_decorator.py
[2022-07-22 14:34:50,389] {processor.py:651} INFO - DAG(s) dict_keys(['example_branch_python_operator_decorator']) retrieved from /home/airflow/.local/lib/python3.7/site-packages/airflow/example_dags/example_branch_operator_decorator.py
[2022-07-22 14:34:50,415] {logging_mixin.py:115} INFO - [2022-07-22 14:34:50,415] {dag.py:2420} INFO - Sync 1 DAGs
[2022-07-22 14:34:50,456] {logging_mixin.py:115} INFO - [2022-07-22 14:34:50,455] {dag.py:2972} INFO - Setting next_dagrun for example_branch_python_operator_decorator to 2022-07-21T00:00:00+00:00, run_after=2022-07-22T00:00:00+00:00
[2022-07-22 14:34:50,480] {processor.py:161} INFO - Processing /home/airflow/.local/lib/python3.7/site-packages/airflow/example_dags/example_branch_operator_decorator.py took 0.130 seconds
[2022-07-22 14:35:21,129] {processor.py:153} INFO - Started process (PID=493) to work on /home/airflow/.local/lib/python3.7/site-packages/airflow/example_dags/example_branch_operator_decorator.py
[2022-07-22 14:35:21,129] {processor.py:641} INFO - Processing file /home/airflow/.local/lib/python3.7/site-packages/airflow/example_dags/example_branch_operator_decorator.py for tasks to queue
[2022-07-22 14:35:21,130] {logging_mixin.py:115} INFO - [2022-07-22 14:35:21,130] {dagbag.py:508} INFO - Filling up the DagBag from /home/airflow/.local/lib/python3.7/site-packages/airflow/example_dags/example_branch_operator_decorator.py
[2022-07-22 14:35:21,144] {processor.py:651} INFO - DAG(s) dict_keys(['example_branch_python_operator_decorator']) retrieved from /home/airflow/.local/lib/python3.7/site-packages/airflow/example_dags/example_branch_operator_decorator.py
[2022-07-22 14:35:21,165] {logging_mixin.py:115} INFO - [2022-07-22 14:35:21,165] {dag.py:2420} INFO - Sync 1 DAGs
[2022-07-22 14:35:21,189] {logging_mixin.py:115} INFO - [2022-07-22 14:35:21,189] {dag.py:2972} INFO - Setting next_dagrun for example_branch_python_operator_decorator to 2022-07-21T00:00:00+00:00, run_after=2022-07-22T00:00:00+00:00
[2022-07-22 14:35:21,208] {processor.py:161} INFO - Processing /home/airflow/.local/lib/python3.7/site-packages/airflow/example_dags/example_branch_operator_decorator.py took 0.082 seconds
