[2022-07-22 14:06:15,201] {processor.py:153} INFO - Started process (PID=322) to work on /home/airflow/.local/lib/python3.7/site-packages/airflow/example_dags/example_external_task_marker_dag.py
[2022-07-22 14:06:15,202] {processor.py:641} INFO - Processing file /home/airflow/.local/lib/python3.7/site-packages/airflow/example_dags/example_external_task_marker_dag.py for tasks to queue
[2022-07-22 14:06:15,203] {logging_mixin.py:115} INFO - [2022-07-22 14:06:15,202] {dagbag.py:508} INFO - Filling up the DagBag from /home/airflow/.local/lib/python3.7/site-packages/airflow/example_dags/example_external_task_marker_dag.py
[2022-07-22 14:06:15,207] {processor.py:651} INFO - DAG(s) dict_keys(['example_external_task_marker_parent', 'example_external_task_marker_child']) retrieved from /home/airflow/.local/lib/python3.7/site-packages/airflow/example_dags/example_external_task_marker_dag.py
[2022-07-22 14:06:15,290] {logging_mixin.py:115} INFO - [2022-07-22 14:06:15,290] {manager.py:508} INFO - Created Permission View: can read on DAG:example_external_task_marker_parent
[2022-07-22 14:06:15,302] {logging_mixin.py:115} INFO - [2022-07-22 14:06:15,302] {manager.py:508} INFO - Created Permission View: can delete on DAG:example_external_task_marker_parent
[2022-07-22 14:06:15,314] {logging_mixin.py:115} INFO - [2022-07-22 14:06:15,314] {manager.py:508} INFO - Created Permission View: can edit on DAG:example_external_task_marker_parent
[2022-07-22 14:06:15,359] {logging_mixin.py:115} INFO - [2022-07-22 14:06:15,359] {manager.py:508} INFO - Created Permission View: can read on DAG:example_external_task_marker_child
[2022-07-22 14:06:15,370] {logging_mixin.py:115} INFO - [2022-07-22 14:06:15,370] {manager.py:508} INFO - Created Permission View: can delete on DAG:example_external_task_marker_child
[2022-07-22 14:06:15,381] {logging_mixin.py:115} INFO - [2022-07-22 14:06:15,381] {manager.py:508} INFO - Created Permission View: can edit on DAG:example_external_task_marker_child
[2022-07-22 14:06:15,381] {logging_mixin.py:115} INFO - [2022-07-22 14:06:15,381] {dag.py:2420} INFO - Sync 2 DAGs
[2022-07-22 14:06:15,390] {logging_mixin.py:115} INFO - [2022-07-22 14:06:15,390] {dag.py:2439} INFO - Creating ORM DAG for example_external_task_marker_parent
[2022-07-22 14:06:15,391] {logging_mixin.py:115} INFO - [2022-07-22 14:06:15,390] {dag.py:2439} INFO - Creating ORM DAG for example_external_task_marker_child
[2022-07-22 14:06:15,403] {logging_mixin.py:115} INFO - [2022-07-22 14:06:15,403] {dag.py:2972} INFO - Setting next_dagrun for example_external_task_marker_child to None, run_after=None
[2022-07-22 14:06:15,404] {logging_mixin.py:115} INFO - [2022-07-22 14:06:15,404] {dag.py:2972} INFO - Setting next_dagrun for example_external_task_marker_parent to None, run_after=None
[2022-07-22 14:06:15,429] {processor.py:161} INFO - Processing /home/airflow/.local/lib/python3.7/site-packages/airflow/example_dags/example_external_task_marker_dag.py took 0.231 seconds
[2022-07-22 14:06:46,173] {processor.py:153} INFO - Started process (PID=510) to work on /home/airflow/.local/lib/python3.7/site-packages/airflow/example_dags/example_external_task_marker_dag.py
[2022-07-22 14:06:46,173] {processor.py:641} INFO - Processing file /home/airflow/.local/lib/python3.7/site-packages/airflow/example_dags/example_external_task_marker_dag.py for tasks to queue
[2022-07-22 14:06:46,174] {logging_mixin.py:115} INFO - [2022-07-22 14:06:46,174] {dagbag.py:508} INFO - Filling up the DagBag from /home/airflow/.local/lib/python3.7/site-packages/airflow/example_dags/example_external_task_marker_dag.py
[2022-07-22 14:06:46,178] {processor.py:651} INFO - DAG(s) dict_keys(['example_external_task_marker_parent', 'example_external_task_marker_child']) retrieved from /home/airflow/.local/lib/python3.7/site-packages/airflow/example_dags/example_external_task_marker_dag.py
[2022-07-22 14:06:46,246] {logging_mixin.py:115} INFO - [2022-07-22 14:06:46,246] {dag.py:2420} INFO - Sync 2 DAGs
[2022-07-22 14:06:46,267] {logging_mixin.py:115} INFO - [2022-07-22 14:06:46,267] {dag.py:2972} INFO - Setting next_dagrun for example_external_task_marker_child to None, run_after=None
[2022-07-22 14:06:46,267] {logging_mixin.py:115} INFO - [2022-07-22 14:06:46,267] {dag.py:2972} INFO - Setting next_dagrun for example_external_task_marker_parent to None, run_after=None
[2022-07-22 14:06:46,280] {processor.py:161} INFO - Processing /home/airflow/.local/lib/python3.7/site-packages/airflow/example_dags/example_external_task_marker_dag.py took 0.111 seconds
[2022-07-22 14:07:17,065] {processor.py:153} INFO - Started process (PID=707) to work on /home/airflow/.local/lib/python3.7/site-packages/airflow/example_dags/example_external_task_marker_dag.py
[2022-07-22 14:07:17,066] {processor.py:641} INFO - Processing file /home/airflow/.local/lib/python3.7/site-packages/airflow/example_dags/example_external_task_marker_dag.py for tasks to queue
[2022-07-22 14:07:17,068] {logging_mixin.py:115} INFO - [2022-07-22 14:07:17,068] {dagbag.py:508} INFO - Filling up the DagBag from /home/airflow/.local/lib/python3.7/site-packages/airflow/example_dags/example_external_task_marker_dag.py
[2022-07-22 14:07:17,076] {processor.py:651} INFO - DAG(s) dict_keys(['example_external_task_marker_parent', 'example_external_task_marker_child']) retrieved from /home/airflow/.local/lib/python3.7/site-packages/airflow/example_dags/example_external_task_marker_dag.py
[2022-07-22 14:07:17,162] {logging_mixin.py:115} INFO - [2022-07-22 14:07:17,162] {dag.py:2420} INFO - Sync 2 DAGs
[2022-07-22 14:07:17,180] {logging_mixin.py:115} INFO - [2022-07-22 14:07:17,180] {dag.py:2972} INFO - Setting next_dagrun for example_external_task_marker_child to None, run_after=None
[2022-07-22 14:07:17,181] {logging_mixin.py:115} INFO - [2022-07-22 14:07:17,181] {dag.py:2972} INFO - Setting next_dagrun for example_external_task_marker_parent to None, run_after=None
[2022-07-22 14:07:17,193] {processor.py:161} INFO - Processing /home/airflow/.local/lib/python3.7/site-packages/airflow/example_dags/example_external_task_marker_dag.py took 0.134 seconds
[2022-07-22 14:08:21,266] {processor.py:153} INFO - Started process (PID=328) to work on /home/airflow/.local/lib/python3.7/site-packages/airflow/example_dags/example_external_task_marker_dag.py
[2022-07-22 14:08:21,267] {processor.py:641} INFO - Processing file /home/airflow/.local/lib/python3.7/site-packages/airflow/example_dags/example_external_task_marker_dag.py for tasks to queue
[2022-07-22 14:08:21,268] {logging_mixin.py:115} INFO - [2022-07-22 14:08:21,268] {dagbag.py:508} INFO - Filling up the DagBag from /home/airflow/.local/lib/python3.7/site-packages/airflow/example_dags/example_external_task_marker_dag.py
[2022-07-22 14:08:21,276] {processor.py:651} INFO - DAG(s) dict_keys(['example_external_task_marker_parent', 'example_external_task_marker_child']) retrieved from /home/airflow/.local/lib/python3.7/site-packages/airflow/example_dags/example_external_task_marker_dag.py
[2022-07-22 14:08:21,353] {logging_mixin.py:115} INFO - [2022-07-22 14:08:21,353] {dag.py:2420} INFO - Sync 2 DAGs
[2022-07-22 14:08:21,382] {logging_mixin.py:115} INFO - [2022-07-22 14:08:21,382] {dag.py:2972} INFO - Setting next_dagrun for example_external_task_marker_child to None, run_after=None
[2022-07-22 14:08:21,383] {logging_mixin.py:115} INFO - [2022-07-22 14:08:21,383] {dag.py:2972} INFO - Setting next_dagrun for example_external_task_marker_parent to None, run_after=None
[2022-07-22 14:08:21,405] {processor.py:161} INFO - Processing /home/airflow/.local/lib/python3.7/site-packages/airflow/example_dags/example_external_task_marker_dag.py took 0.144 seconds
[2022-07-22 14:08:52,570] {processor.py:153} INFO - Started process (PID=525) to work on /home/airflow/.local/lib/python3.7/site-packages/airflow/example_dags/example_external_task_marker_dag.py
[2022-07-22 14:08:52,571] {processor.py:641} INFO - Processing file /home/airflow/.local/lib/python3.7/site-packages/airflow/example_dags/example_external_task_marker_dag.py for tasks to queue
[2022-07-22 14:08:52,572] {logging_mixin.py:115} INFO - [2022-07-22 14:08:52,572] {dagbag.py:508} INFO - Filling up the DagBag from /home/airflow/.local/lib/python3.7/site-packages/airflow/example_dags/example_external_task_marker_dag.py
[2022-07-22 14:08:52,579] {processor.py:651} INFO - DAG(s) dict_keys(['example_external_task_marker_parent', 'example_external_task_marker_child']) retrieved from /home/airflow/.local/lib/python3.7/site-packages/airflow/example_dags/example_external_task_marker_dag.py
[2022-07-22 14:08:52,630] {logging_mixin.py:115} INFO - [2022-07-22 14:08:52,630] {dag.py:2420} INFO - Sync 2 DAGs
[2022-07-22 14:08:52,649] {logging_mixin.py:115} INFO - [2022-07-22 14:08:52,649] {dag.py:2972} INFO - Setting next_dagrun for example_external_task_marker_child to None, run_after=None
[2022-07-22 14:08:52,649] {logging_mixin.py:115} INFO - [2022-07-22 14:08:52,649] {dag.py:2972} INFO - Setting next_dagrun for example_external_task_marker_parent to None, run_after=None
[2022-07-22 14:08:52,663] {processor.py:161} INFO - Processing /home/airflow/.local/lib/python3.7/site-packages/airflow/example_dags/example_external_task_marker_dag.py took 0.098 seconds
[2022-07-22 14:09:22,990] {processor.py:153} INFO - Started process (PID=727) to work on /home/airflow/.local/lib/python3.7/site-packages/airflow/example_dags/example_external_task_marker_dag.py
[2022-07-22 14:09:22,991] {processor.py:641} INFO - Processing file /home/airflow/.local/lib/python3.7/site-packages/airflow/example_dags/example_external_task_marker_dag.py for tasks to queue
[2022-07-22 14:09:22,993] {logging_mixin.py:115} INFO - [2022-07-22 14:09:22,993] {dagbag.py:508} INFO - Filling up the DagBag from /home/airflow/.local/lib/python3.7/site-packages/airflow/example_dags/example_external_task_marker_dag.py
[2022-07-22 14:09:23,001] {processor.py:651} INFO - DAG(s) dict_keys(['example_external_task_marker_parent', 'example_external_task_marker_child']) retrieved from /home/airflow/.local/lib/python3.7/site-packages/airflow/example_dags/example_external_task_marker_dag.py
[2022-07-22 14:09:23,064] {logging_mixin.py:115} INFO - [2022-07-22 14:09:23,064] {dag.py:2420} INFO - Sync 2 DAGs
[2022-07-22 14:09:23,080] {logging_mixin.py:115} INFO - [2022-07-22 14:09:23,080] {dag.py:2972} INFO - Setting next_dagrun for example_external_task_marker_child to None, run_after=None
[2022-07-22 14:09:23,081] {logging_mixin.py:115} INFO - [2022-07-22 14:09:23,081] {dag.py:2972} INFO - Setting next_dagrun for example_external_task_marker_parent to None, run_after=None
[2022-07-22 14:09:23,096] {processor.py:161} INFO - Processing /home/airflow/.local/lib/python3.7/site-packages/airflow/example_dags/example_external_task_marker_dag.py took 0.115 seconds
[2022-07-22 14:09:53,339] {processor.py:153} INFO - Started process (PID=933) to work on /home/airflow/.local/lib/python3.7/site-packages/airflow/example_dags/example_external_task_marker_dag.py
[2022-07-22 14:09:53,340] {processor.py:641} INFO - Processing file /home/airflow/.local/lib/python3.7/site-packages/airflow/example_dags/example_external_task_marker_dag.py for tasks to queue
[2022-07-22 14:09:53,340] {logging_mixin.py:115} INFO - [2022-07-22 14:09:53,340] {dagbag.py:508} INFO - Filling up the DagBag from /home/airflow/.local/lib/python3.7/site-packages/airflow/example_dags/example_external_task_marker_dag.py
[2022-07-22 14:09:53,347] {processor.py:651} INFO - DAG(s) dict_keys(['example_external_task_marker_parent', 'example_external_task_marker_child']) retrieved from /home/airflow/.local/lib/python3.7/site-packages/airflow/example_dags/example_external_task_marker_dag.py
[2022-07-22 14:09:53,408] {logging_mixin.py:115} INFO - [2022-07-22 14:09:53,408] {dag.py:2420} INFO - Sync 2 DAGs
[2022-07-22 14:09:53,433] {logging_mixin.py:115} INFO - [2022-07-22 14:09:53,432] {dag.py:2972} INFO - Setting next_dagrun for example_external_task_marker_child to None, run_after=None
[2022-07-22 14:09:53,433] {logging_mixin.py:115} INFO - [2022-07-22 14:09:53,433] {dag.py:2972} INFO - Setting next_dagrun for example_external_task_marker_parent to None, run_after=None
[2022-07-22 14:09:53,450] {processor.py:161} INFO - Processing /home/airflow/.local/lib/python3.7/site-packages/airflow/example_dags/example_external_task_marker_dag.py took 0.116 seconds
[2022-07-22 14:11:28,040] {processor.py:153} INFO - Started process (PID=328) to work on /home/airflow/.local/lib/python3.7/site-packages/airflow/example_dags/example_external_task_marker_dag.py
[2022-07-22 14:11:28,041] {processor.py:641} INFO - Processing file /home/airflow/.local/lib/python3.7/site-packages/airflow/example_dags/example_external_task_marker_dag.py for tasks to queue
[2022-07-22 14:11:28,041] {logging_mixin.py:115} INFO - [2022-07-22 14:11:28,041] {dagbag.py:508} INFO - Filling up the DagBag from /home/airflow/.local/lib/python3.7/site-packages/airflow/example_dags/example_external_task_marker_dag.py
[2022-07-22 14:11:28,048] {processor.py:651} INFO - DAG(s) dict_keys(['example_external_task_marker_parent', 'example_external_task_marker_child']) retrieved from /home/airflow/.local/lib/python3.7/site-packages/airflow/example_dags/example_external_task_marker_dag.py
[2022-07-22 14:11:28,132] {logging_mixin.py:115} INFO - [2022-07-22 14:11:28,132] {manager.py:508} INFO - Created Permission View: can read on DAG:example_external_task_marker_parent
[2022-07-22 14:11:28,142] {logging_mixin.py:115} INFO - [2022-07-22 14:11:28,142] {manager.py:508} INFO - Created Permission View: can edit on DAG:example_external_task_marker_parent
[2022-07-22 14:11:28,153] {logging_mixin.py:115} INFO - [2022-07-22 14:11:28,153] {manager.py:508} INFO - Created Permission View: can delete on DAG:example_external_task_marker_parent
[2022-07-22 14:11:28,187] {logging_mixin.py:115} INFO - [2022-07-22 14:11:28,186] {manager.py:508} INFO - Created Permission View: can read on DAG:example_external_task_marker_child
[2022-07-22 14:11:28,197] {logging_mixin.py:115} INFO - [2022-07-22 14:11:28,197] {manager.py:508} INFO - Created Permission View: can edit on DAG:example_external_task_marker_child
[2022-07-22 14:11:28,211] {logging_mixin.py:115} INFO - [2022-07-22 14:11:28,211] {manager.py:508} INFO - Created Permission View: can delete on DAG:example_external_task_marker_child
[2022-07-22 14:11:28,212] {logging_mixin.py:115} INFO - [2022-07-22 14:11:28,212] {dag.py:2420} INFO - Sync 2 DAGs
[2022-07-22 14:11:28,225] {logging_mixin.py:115} INFO - [2022-07-22 14:11:28,224] {dag.py:2439} INFO - Creating ORM DAG for example_external_task_marker_child
[2022-07-22 14:11:28,226] {logging_mixin.py:115} INFO - [2022-07-22 14:11:28,225] {dag.py:2439} INFO - Creating ORM DAG for example_external_task_marker_parent
[2022-07-22 14:11:28,241] {logging_mixin.py:115} INFO - [2022-07-22 14:11:28,241] {dag.py:2972} INFO - Setting next_dagrun for example_external_task_marker_child to None, run_after=None
[2022-07-22 14:11:28,242] {logging_mixin.py:115} INFO - [2022-07-22 14:11:28,242] {dag.py:2972} INFO - Setting next_dagrun for example_external_task_marker_parent to None, run_after=None
[2022-07-22 14:11:28,261] {processor.py:161} INFO - Processing /home/airflow/.local/lib/python3.7/site-packages/airflow/example_dags/example_external_task_marker_dag.py took 0.225 seconds
[2022-07-22 14:12:56,281] {processor.py:153} INFO - Started process (PID=328) to work on /home/airflow/.local/lib/python3.7/site-packages/airflow/example_dags/example_external_task_marker_dag.py
[2022-07-22 14:12:56,283] {processor.py:641} INFO - Processing file /home/airflow/.local/lib/python3.7/site-packages/airflow/example_dags/example_external_task_marker_dag.py for tasks to queue
[2022-07-22 14:12:56,284] {logging_mixin.py:115} INFO - [2022-07-22 14:12:56,283] {dagbag.py:508} INFO - Filling up the DagBag from /home/airflow/.local/lib/python3.7/site-packages/airflow/example_dags/example_external_task_marker_dag.py
[2022-07-22 14:12:56,295] {processor.py:651} INFO - DAG(s) dict_keys(['example_external_task_marker_parent', 'example_external_task_marker_child']) retrieved from /home/airflow/.local/lib/python3.7/site-packages/airflow/example_dags/example_external_task_marker_dag.py
[2022-07-22 14:12:56,416] {logging_mixin.py:115} INFO - [2022-07-22 14:12:56,416] {manager.py:508} INFO - Created Permission View: can read on DAG:example_external_task_marker_parent
[2022-07-22 14:12:56,429] {logging_mixin.py:115} INFO - [2022-07-22 14:12:56,429] {manager.py:508} INFO - Created Permission View: can delete on DAG:example_external_task_marker_parent
[2022-07-22 14:12:56,443] {logging_mixin.py:115} INFO - [2022-07-22 14:12:56,443] {manager.py:508} INFO - Created Permission View: can edit on DAG:example_external_task_marker_parent
[2022-07-22 14:12:56,494] {logging_mixin.py:115} INFO - [2022-07-22 14:12:56,494] {manager.py:508} INFO - Created Permission View: can read on DAG:example_external_task_marker_child
[2022-07-22 14:12:56,503] {logging_mixin.py:115} INFO - [2022-07-22 14:12:56,503] {manager.py:508} INFO - Created Permission View: can delete on DAG:example_external_task_marker_child
[2022-07-22 14:12:56,513] {logging_mixin.py:115} INFO - [2022-07-22 14:12:56,512] {manager.py:508} INFO - Created Permission View: can edit on DAG:example_external_task_marker_child
[2022-07-22 14:12:56,513] {logging_mixin.py:115} INFO - [2022-07-22 14:12:56,513] {dag.py:2420} INFO - Sync 2 DAGs
[2022-07-22 14:12:56,523] {logging_mixin.py:115} INFO - [2022-07-22 14:12:56,522] {dag.py:2439} INFO - Creating ORM DAG for example_external_task_marker_parent
[2022-07-22 14:12:56,523] {logging_mixin.py:115} INFO - [2022-07-22 14:12:56,523] {dag.py:2439} INFO - Creating ORM DAG for example_external_task_marker_child
[2022-07-22 14:12:56,534] {logging_mixin.py:115} INFO - [2022-07-22 14:12:56,534] {dag.py:2972} INFO - Setting next_dagrun for example_external_task_marker_child to None, run_after=None
[2022-07-22 14:12:56,535] {logging_mixin.py:115} INFO - [2022-07-22 14:12:56,535] {dag.py:2972} INFO - Setting next_dagrun for example_external_task_marker_parent to None, run_after=None
[2022-07-22 14:12:56,550] {processor.py:161} INFO - Processing /home/airflow/.local/lib/python3.7/site-packages/airflow/example_dags/example_external_task_marker_dag.py took 0.274 seconds
[2022-07-22 14:13:27,134] {processor.py:153} INFO - Started process (PID=521) to work on /home/airflow/.local/lib/python3.7/site-packages/airflow/example_dags/example_external_task_marker_dag.py
[2022-07-22 14:13:27,135] {processor.py:641} INFO - Processing file /home/airflow/.local/lib/python3.7/site-packages/airflow/example_dags/example_external_task_marker_dag.py for tasks to queue
[2022-07-22 14:13:27,136] {logging_mixin.py:115} INFO - [2022-07-22 14:13:27,136] {dagbag.py:508} INFO - Filling up the DagBag from /home/airflow/.local/lib/python3.7/site-packages/airflow/example_dags/example_external_task_marker_dag.py
[2022-07-22 14:13:27,140] {processor.py:651} INFO - DAG(s) dict_keys(['example_external_task_marker_parent', 'example_external_task_marker_child']) retrieved from /home/airflow/.local/lib/python3.7/site-packages/airflow/example_dags/example_external_task_marker_dag.py
[2022-07-22 14:13:27,180] {logging_mixin.py:115} INFO - [2022-07-22 14:13:27,180] {dag.py:2420} INFO - Sync 2 DAGs
[2022-07-22 14:13:27,203] {logging_mixin.py:115} INFO - [2022-07-22 14:13:27,203] {dag.py:2972} INFO - Setting next_dagrun for example_external_task_marker_child to None, run_after=None
[2022-07-22 14:13:27,204] {logging_mixin.py:115} INFO - [2022-07-22 14:13:27,204] {dag.py:2972} INFO - Setting next_dagrun for example_external_task_marker_parent to None, run_after=None
[2022-07-22 14:13:27,220] {processor.py:161} INFO - Processing /home/airflow/.local/lib/python3.7/site-packages/airflow/example_dags/example_external_task_marker_dag.py took 0.089 seconds
[2022-07-22 14:14:49,573] {processor.py:153} INFO - Started process (PID=328) to work on /home/airflow/.local/lib/python3.7/site-packages/airflow/example_dags/example_external_task_marker_dag.py
[2022-07-22 14:14:49,574] {processor.py:641} INFO - Processing file /home/airflow/.local/lib/python3.7/site-packages/airflow/example_dags/example_external_task_marker_dag.py for tasks to queue
[2022-07-22 14:14:49,575] {logging_mixin.py:115} INFO - [2022-07-22 14:14:49,575] {dagbag.py:508} INFO - Filling up the DagBag from /home/airflow/.local/lib/python3.7/site-packages/airflow/example_dags/example_external_task_marker_dag.py
[2022-07-22 14:14:49,584] {processor.py:651} INFO - DAG(s) dict_keys(['example_external_task_marker_parent', 'example_external_task_marker_child']) retrieved from /home/airflow/.local/lib/python3.7/site-packages/airflow/example_dags/example_external_task_marker_dag.py
[2022-07-22 14:14:49,741] {logging_mixin.py:115} INFO - [2022-07-22 14:14:49,741] {manager.py:508} INFO - Created Permission View: can read on DAG:example_external_task_marker_parent
[2022-07-22 14:14:49,756] {logging_mixin.py:115} INFO - [2022-07-22 14:14:49,756] {manager.py:508} INFO - Created Permission View: can edit on DAG:example_external_task_marker_parent
[2022-07-22 14:14:49,768] {logging_mixin.py:115} INFO - [2022-07-22 14:14:49,768] {manager.py:508} INFO - Created Permission View: can delete on DAG:example_external_task_marker_parent
[2022-07-22 14:14:49,799] {logging_mixin.py:115} INFO - [2022-07-22 14:14:49,799] {manager.py:508} INFO - Created Permission View: can read on DAG:example_external_task_marker_child
[2022-07-22 14:14:49,809] {logging_mixin.py:115} INFO - [2022-07-22 14:14:49,809] {manager.py:508} INFO - Created Permission View: can edit on DAG:example_external_task_marker_child
[2022-07-22 14:14:49,819] {logging_mixin.py:115} INFO - [2022-07-22 14:14:49,819] {manager.py:508} INFO - Created Permission View: can delete on DAG:example_external_task_marker_child
[2022-07-22 14:14:49,819] {logging_mixin.py:115} INFO - [2022-07-22 14:14:49,819] {dag.py:2420} INFO - Sync 2 DAGs
[2022-07-22 14:14:49,828] {logging_mixin.py:115} INFO - [2022-07-22 14:14:49,828] {dag.py:2439} INFO - Creating ORM DAG for example_external_task_marker_parent
[2022-07-22 14:14:49,828] {logging_mixin.py:115} INFO - [2022-07-22 14:14:49,828] {dag.py:2439} INFO - Creating ORM DAG for example_external_task_marker_child
[2022-07-22 14:14:49,840] {logging_mixin.py:115} INFO - [2022-07-22 14:14:49,840] {dag.py:2972} INFO - Setting next_dagrun for example_external_task_marker_child to None, run_after=None
[2022-07-22 14:14:49,840] {logging_mixin.py:115} INFO - [2022-07-22 14:14:49,840] {dag.py:2972} INFO - Setting next_dagrun for example_external_task_marker_parent to None, run_after=None
[2022-07-22 14:14:49,857] {processor.py:161} INFO - Processing /home/airflow/.local/lib/python3.7/site-packages/airflow/example_dags/example_external_task_marker_dag.py took 0.287 seconds
[2022-07-22 14:15:20,246] {processor.py:153} INFO - Started process (PID=533) to work on /home/airflow/.local/lib/python3.7/site-packages/airflow/example_dags/example_external_task_marker_dag.py
[2022-07-22 14:15:20,247] {processor.py:641} INFO - Processing file /home/airflow/.local/lib/python3.7/site-packages/airflow/example_dags/example_external_task_marker_dag.py for tasks to queue
[2022-07-22 14:15:20,248] {logging_mixin.py:115} INFO - [2022-07-22 14:15:20,248] {dagbag.py:508} INFO - Filling up the DagBag from /home/airflow/.local/lib/python3.7/site-packages/airflow/example_dags/example_external_task_marker_dag.py
[2022-07-22 14:15:20,256] {processor.py:651} INFO - DAG(s) dict_keys(['example_external_task_marker_parent', 'example_external_task_marker_child']) retrieved from /home/airflow/.local/lib/python3.7/site-packages/airflow/example_dags/example_external_task_marker_dag.py
[2022-07-22 14:15:20,347] {logging_mixin.py:115} INFO - [2022-07-22 14:15:20,347] {dag.py:2420} INFO - Sync 2 DAGs
[2022-07-22 14:15:20,370] {logging_mixin.py:115} INFO - [2022-07-22 14:15:20,370] {dag.py:2972} INFO - Setting next_dagrun for example_external_task_marker_child to None, run_after=None
[2022-07-22 14:15:20,370] {logging_mixin.py:115} INFO - [2022-07-22 14:15:20,370] {dag.py:2972} INFO - Setting next_dagrun for example_external_task_marker_parent to None, run_after=None
[2022-07-22 14:15:20,399] {processor.py:161} INFO - Processing /home/airflow/.local/lib/python3.7/site-packages/airflow/example_dags/example_external_task_marker_dag.py took 0.159 seconds
[2022-07-22 14:15:50,586] {processor.py:153} INFO - Started process (PID=735) to work on /home/airflow/.local/lib/python3.7/site-packages/airflow/example_dags/example_external_task_marker_dag.py
[2022-07-22 14:15:50,588] {processor.py:641} INFO - Processing file /home/airflow/.local/lib/python3.7/site-packages/airflow/example_dags/example_external_task_marker_dag.py for tasks to queue
[2022-07-22 14:15:50,589] {logging_mixin.py:115} INFO - [2022-07-22 14:15:50,589] {dagbag.py:508} INFO - Filling up the DagBag from /home/airflow/.local/lib/python3.7/site-packages/airflow/example_dags/example_external_task_marker_dag.py
[2022-07-22 14:15:50,598] {processor.py:651} INFO - DAG(s) dict_keys(['example_external_task_marker_parent', 'example_external_task_marker_child']) retrieved from /home/airflow/.local/lib/python3.7/site-packages/airflow/example_dags/example_external_task_marker_dag.py
[2022-07-22 14:15:50,681] {logging_mixin.py:115} INFO - [2022-07-22 14:15:50,681] {dag.py:2420} INFO - Sync 2 DAGs
[2022-07-22 14:15:50,717] {logging_mixin.py:115} INFO - [2022-07-22 14:15:50,717] {dag.py:2972} INFO - Setting next_dagrun for example_external_task_marker_child to None, run_after=None
[2022-07-22 14:15:50,718] {logging_mixin.py:115} INFO - [2022-07-22 14:15:50,718] {dag.py:2972} INFO - Setting next_dagrun for example_external_task_marker_parent to None, run_after=None
[2022-07-22 14:15:50,734] {processor.py:161} INFO - Processing /home/airflow/.local/lib/python3.7/site-packages/airflow/example_dags/example_external_task_marker_dag.py took 0.154 seconds
[2022-07-22 14:16:21,015] {processor.py:153} INFO - Started process (PID=949) to work on /home/airflow/.local/lib/python3.7/site-packages/airflow/example_dags/example_external_task_marker_dag.py
[2022-07-22 14:16:21,016] {processor.py:641} INFO - Processing file /home/airflow/.local/lib/python3.7/site-packages/airflow/example_dags/example_external_task_marker_dag.py for tasks to queue
[2022-07-22 14:16:21,017] {logging_mixin.py:115} INFO - [2022-07-22 14:16:21,017] {dagbag.py:508} INFO - Filling up the DagBag from /home/airflow/.local/lib/python3.7/site-packages/airflow/example_dags/example_external_task_marker_dag.py
[2022-07-22 14:16:21,028] {processor.py:651} INFO - DAG(s) dict_keys(['example_external_task_marker_parent', 'example_external_task_marker_child']) retrieved from /home/airflow/.local/lib/python3.7/site-packages/airflow/example_dags/example_external_task_marker_dag.py
[2022-07-22 14:16:21,118] {logging_mixin.py:115} INFO - [2022-07-22 14:16:21,118] {dag.py:2420} INFO - Sync 2 DAGs
[2022-07-22 14:16:21,147] {logging_mixin.py:115} INFO - [2022-07-22 14:16:21,147] {dag.py:2972} INFO - Setting next_dagrun for example_external_task_marker_child to None, run_after=None
[2022-07-22 14:16:21,148] {logging_mixin.py:115} INFO - [2022-07-22 14:16:21,148] {dag.py:2972} INFO - Setting next_dagrun for example_external_task_marker_parent to None, run_after=None
[2022-07-22 14:16:21,161] {processor.py:161} INFO - Processing /home/airflow/.local/lib/python3.7/site-packages/airflow/example_dags/example_external_task_marker_dag.py took 0.153 seconds
[2022-07-22 14:16:51,287] {processor.py:153} INFO - Started process (PID=1140) to work on /home/airflow/.local/lib/python3.7/site-packages/airflow/example_dags/example_external_task_marker_dag.py
[2022-07-22 14:16:51,288] {processor.py:641} INFO - Processing file /home/airflow/.local/lib/python3.7/site-packages/airflow/example_dags/example_external_task_marker_dag.py for tasks to queue
[2022-07-22 14:16:51,289] {logging_mixin.py:115} INFO - [2022-07-22 14:16:51,289] {dagbag.py:508} INFO - Filling up the DagBag from /home/airflow/.local/lib/python3.7/site-packages/airflow/example_dags/example_external_task_marker_dag.py
[2022-07-22 14:16:51,296] {processor.py:651} INFO - DAG(s) dict_keys(['example_external_task_marker_parent', 'example_external_task_marker_child']) retrieved from /home/airflow/.local/lib/python3.7/site-packages/airflow/example_dags/example_external_task_marker_dag.py
[2022-07-22 14:16:51,351] {logging_mixin.py:115} INFO - [2022-07-22 14:16:51,351] {dag.py:2420} INFO - Sync 2 DAGs
[2022-07-22 14:16:51,389] {logging_mixin.py:115} INFO - [2022-07-22 14:16:51,389] {dag.py:2972} INFO - Setting next_dagrun for example_external_task_marker_child to None, run_after=None
[2022-07-22 14:16:51,390] {logging_mixin.py:115} INFO - [2022-07-22 14:16:51,390] {dag.py:2972} INFO - Setting next_dagrun for example_external_task_marker_parent to None, run_after=None
[2022-07-22 14:16:51,408] {processor.py:161} INFO - Processing /home/airflow/.local/lib/python3.7/site-packages/airflow/example_dags/example_external_task_marker_dag.py took 0.124 seconds
[2022-07-22 14:17:21,624] {processor.py:153} INFO - Started process (PID=1342) to work on /home/airflow/.local/lib/python3.7/site-packages/airflow/example_dags/example_external_task_marker_dag.py
[2022-07-22 14:17:21,625] {processor.py:641} INFO - Processing file /home/airflow/.local/lib/python3.7/site-packages/airflow/example_dags/example_external_task_marker_dag.py for tasks to queue
[2022-07-22 14:17:21,626] {logging_mixin.py:115} INFO - [2022-07-22 14:17:21,626] {dagbag.py:508} INFO - Filling up the DagBag from /home/airflow/.local/lib/python3.7/site-packages/airflow/example_dags/example_external_task_marker_dag.py
[2022-07-22 14:17:21,635] {processor.py:651} INFO - DAG(s) dict_keys(['example_external_task_marker_parent', 'example_external_task_marker_child']) retrieved from /home/airflow/.local/lib/python3.7/site-packages/airflow/example_dags/example_external_task_marker_dag.py
[2022-07-22 14:17:21,705] {logging_mixin.py:115} INFO - [2022-07-22 14:17:21,705] {dag.py:2420} INFO - Sync 2 DAGs
[2022-07-22 14:17:21,727] {logging_mixin.py:115} INFO - [2022-07-22 14:17:21,727] {dag.py:2972} INFO - Setting next_dagrun for example_external_task_marker_child to None, run_after=None
[2022-07-22 14:17:21,728] {logging_mixin.py:115} INFO - [2022-07-22 14:17:21,728] {dag.py:2972} INFO - Setting next_dagrun for example_external_task_marker_parent to None, run_after=None
[2022-07-22 14:17:21,744] {processor.py:161} INFO - Processing /home/airflow/.local/lib/python3.7/site-packages/airflow/example_dags/example_external_task_marker_dag.py took 0.126 seconds
[2022-07-22 14:17:52,601] {processor.py:153} INFO - Started process (PID=1546) to work on /home/airflow/.local/lib/python3.7/site-packages/airflow/example_dags/example_external_task_marker_dag.py
[2022-07-22 14:17:52,602] {processor.py:641} INFO - Processing file /home/airflow/.local/lib/python3.7/site-packages/airflow/example_dags/example_external_task_marker_dag.py for tasks to queue
[2022-07-22 14:17:52,602] {logging_mixin.py:115} INFO - [2022-07-22 14:17:52,602] {dagbag.py:508} INFO - Filling up the DagBag from /home/airflow/.local/lib/python3.7/site-packages/airflow/example_dags/example_external_task_marker_dag.py
[2022-07-22 14:17:52,605] {processor.py:651} INFO - DAG(s) dict_keys(['example_external_task_marker_parent', 'example_external_task_marker_child']) retrieved from /home/airflow/.local/lib/python3.7/site-packages/airflow/example_dags/example_external_task_marker_dag.py
[2022-07-22 14:17:52,681] {logging_mixin.py:115} INFO - [2022-07-22 14:17:52,681] {dag.py:2420} INFO - Sync 2 DAGs
[2022-07-22 14:17:52,703] {logging_mixin.py:115} INFO - [2022-07-22 14:17:52,703] {dag.py:2972} INFO - Setting next_dagrun for example_external_task_marker_child to None, run_after=None
[2022-07-22 14:17:52,703] {logging_mixin.py:115} INFO - [2022-07-22 14:17:52,703] {dag.py:2972} INFO - Setting next_dagrun for example_external_task_marker_parent to None, run_after=None
[2022-07-22 14:17:52,721] {processor.py:161} INFO - Processing /home/airflow/.local/lib/python3.7/site-packages/airflow/example_dags/example_external_task_marker_dag.py took 0.122 seconds
[2022-07-22 14:18:23,172] {processor.py:153} INFO - Started process (PID=1736) to work on /home/airflow/.local/lib/python3.7/site-packages/airflow/example_dags/example_external_task_marker_dag.py
[2022-07-22 14:18:23,172] {processor.py:641} INFO - Processing file /home/airflow/.local/lib/python3.7/site-packages/airflow/example_dags/example_external_task_marker_dag.py for tasks to queue
[2022-07-22 14:18:23,174] {logging_mixin.py:115} INFO - [2022-07-22 14:18:23,173] {dagbag.py:508} INFO - Filling up the DagBag from /home/airflow/.local/lib/python3.7/site-packages/airflow/example_dags/example_external_task_marker_dag.py
[2022-07-22 14:18:23,180] {processor.py:651} INFO - DAG(s) dict_keys(['example_external_task_marker_parent', 'example_external_task_marker_child']) retrieved from /home/airflow/.local/lib/python3.7/site-packages/airflow/example_dags/example_external_task_marker_dag.py
[2022-07-22 14:18:23,248] {logging_mixin.py:115} INFO - [2022-07-22 14:18:23,248] {dag.py:2420} INFO - Sync 2 DAGs
[2022-07-22 14:18:23,277] {logging_mixin.py:115} INFO - [2022-07-22 14:18:23,277] {dag.py:2972} INFO - Setting next_dagrun for example_external_task_marker_child to None, run_after=None
[2022-07-22 14:18:23,278] {logging_mixin.py:115} INFO - [2022-07-22 14:18:23,278] {dag.py:2972} INFO - Setting next_dagrun for example_external_task_marker_parent to None, run_after=None
[2022-07-22 14:18:23,307] {processor.py:161} INFO - Processing /home/airflow/.local/lib/python3.7/site-packages/airflow/example_dags/example_external_task_marker_dag.py took 0.140 seconds
[2022-07-22 14:18:53,403] {processor.py:153} INFO - Started process (PID=1938) to work on /home/airflow/.local/lib/python3.7/site-packages/airflow/example_dags/example_external_task_marker_dag.py
[2022-07-22 14:18:53,404] {processor.py:641} INFO - Processing file /home/airflow/.local/lib/python3.7/site-packages/airflow/example_dags/example_external_task_marker_dag.py for tasks to queue
[2022-07-22 14:18:53,406] {logging_mixin.py:115} INFO - [2022-07-22 14:18:53,406] {dagbag.py:508} INFO - Filling up the DagBag from /home/airflow/.local/lib/python3.7/site-packages/airflow/example_dags/example_external_task_marker_dag.py
[2022-07-22 14:18:53,415] {processor.py:651} INFO - DAG(s) dict_keys(['example_external_task_marker_parent', 'example_external_task_marker_child']) retrieved from /home/airflow/.local/lib/python3.7/site-packages/airflow/example_dags/example_external_task_marker_dag.py
[2022-07-22 14:18:53,490] {logging_mixin.py:115} INFO - [2022-07-22 14:18:53,490] {dag.py:2420} INFO - Sync 2 DAGs
[2022-07-22 14:18:53,507] {logging_mixin.py:115} INFO - [2022-07-22 14:18:53,507] {dag.py:2972} INFO - Setting next_dagrun for example_external_task_marker_child to None, run_after=None
[2022-07-22 14:18:53,507] {logging_mixin.py:115} INFO - [2022-07-22 14:18:53,507] {dag.py:2972} INFO - Setting next_dagrun for example_external_task_marker_parent to None, run_after=None
[2022-07-22 14:18:53,526] {processor.py:161} INFO - Processing /home/airflow/.local/lib/python3.7/site-packages/airflow/example_dags/example_external_task_marker_dag.py took 0.131 seconds
[2022-07-22 14:19:23,665] {processor.py:153} INFO - Started process (PID=2140) to work on /home/airflow/.local/lib/python3.7/site-packages/airflow/example_dags/example_external_task_marker_dag.py
[2022-07-22 14:19:23,666] {processor.py:641} INFO - Processing file /home/airflow/.local/lib/python3.7/site-packages/airflow/example_dags/example_external_task_marker_dag.py for tasks to queue
[2022-07-22 14:19:23,667] {logging_mixin.py:115} INFO - [2022-07-22 14:19:23,667] {dagbag.py:508} INFO - Filling up the DagBag from /home/airflow/.local/lib/python3.7/site-packages/airflow/example_dags/example_external_task_marker_dag.py
[2022-07-22 14:19:23,671] {processor.py:651} INFO - DAG(s) dict_keys(['example_external_task_marker_parent', 'example_external_task_marker_child']) retrieved from /home/airflow/.local/lib/python3.7/site-packages/airflow/example_dags/example_external_task_marker_dag.py
[2022-07-22 14:19:23,710] {logging_mixin.py:115} INFO - [2022-07-22 14:19:23,710] {dag.py:2420} INFO - Sync 2 DAGs
[2022-07-22 14:19:23,733] {logging_mixin.py:115} INFO - [2022-07-22 14:19:23,733] {dag.py:2972} INFO - Setting next_dagrun for example_external_task_marker_child to None, run_after=None
[2022-07-22 14:19:23,734] {logging_mixin.py:115} INFO - [2022-07-22 14:19:23,734] {dag.py:2972} INFO - Setting next_dagrun for example_external_task_marker_parent to None, run_after=None
[2022-07-22 14:19:23,752] {processor.py:161} INFO - Processing /home/airflow/.local/lib/python3.7/site-packages/airflow/example_dags/example_external_task_marker_dag.py took 0.091 seconds
[2022-07-22 14:19:54,040] {processor.py:153} INFO - Started process (PID=2333) to work on /home/airflow/.local/lib/python3.7/site-packages/airflow/example_dags/example_external_task_marker_dag.py
[2022-07-22 14:19:54,041] {processor.py:641} INFO - Processing file /home/airflow/.local/lib/python3.7/site-packages/airflow/example_dags/example_external_task_marker_dag.py for tasks to queue
[2022-07-22 14:19:54,043] {logging_mixin.py:115} INFO - [2022-07-22 14:19:54,042] {dagbag.py:508} INFO - Filling up the DagBag from /home/airflow/.local/lib/python3.7/site-packages/airflow/example_dags/example_external_task_marker_dag.py
[2022-07-22 14:19:54,052] {processor.py:651} INFO - DAG(s) dict_keys(['example_external_task_marker_parent', 'example_external_task_marker_child']) retrieved from /home/airflow/.local/lib/python3.7/site-packages/airflow/example_dags/example_external_task_marker_dag.py
[2022-07-22 14:19:54,127] {logging_mixin.py:115} INFO - [2022-07-22 14:19:54,126] {dag.py:2420} INFO - Sync 2 DAGs
[2022-07-22 14:19:54,147] {logging_mixin.py:115} INFO - [2022-07-22 14:19:54,147] {dag.py:2972} INFO - Setting next_dagrun for example_external_task_marker_child to None, run_after=None
[2022-07-22 14:19:54,148] {logging_mixin.py:115} INFO - [2022-07-22 14:19:54,148] {dag.py:2972} INFO - Setting next_dagrun for example_external_task_marker_parent to None, run_after=None
[2022-07-22 14:19:54,163] {processor.py:161} INFO - Processing /home/airflow/.local/lib/python3.7/site-packages/airflow/example_dags/example_external_task_marker_dag.py took 0.129 seconds
[2022-07-22 14:20:24,475] {processor.py:153} INFO - Started process (PID=2537) to work on /home/airflow/.local/lib/python3.7/site-packages/airflow/example_dags/example_external_task_marker_dag.py
[2022-07-22 14:20:24,476] {processor.py:641} INFO - Processing file /home/airflow/.local/lib/python3.7/site-packages/airflow/example_dags/example_external_task_marker_dag.py for tasks to queue
[2022-07-22 14:20:24,477] {logging_mixin.py:115} INFO - [2022-07-22 14:20:24,476] {dagbag.py:508} INFO - Filling up the DagBag from /home/airflow/.local/lib/python3.7/site-packages/airflow/example_dags/example_external_task_marker_dag.py
[2022-07-22 14:20:24,485] {processor.py:651} INFO - DAG(s) dict_keys(['example_external_task_marker_parent', 'example_external_task_marker_child']) retrieved from /home/airflow/.local/lib/python3.7/site-packages/airflow/example_dags/example_external_task_marker_dag.py
[2022-07-22 14:20:24,571] {logging_mixin.py:115} INFO - [2022-07-22 14:20:24,571] {dag.py:2420} INFO - Sync 2 DAGs
[2022-07-22 14:20:24,595] {logging_mixin.py:115} INFO - [2022-07-22 14:20:24,595] {dag.py:2972} INFO - Setting next_dagrun for example_external_task_marker_child to None, run_after=None
[2022-07-22 14:20:24,596] {logging_mixin.py:115} INFO - [2022-07-22 14:20:24,596] {dag.py:2972} INFO - Setting next_dagrun for example_external_task_marker_parent to None, run_after=None
[2022-07-22 14:20:24,633] {processor.py:161} INFO - Processing /home/airflow/.local/lib/python3.7/site-packages/airflow/example_dags/example_external_task_marker_dag.py took 0.164 seconds
[2022-07-22 14:20:55,087] {processor.py:153} INFO - Started process (PID=2737) to work on /home/airflow/.local/lib/python3.7/site-packages/airflow/example_dags/example_external_task_marker_dag.py
[2022-07-22 14:20:55,088] {processor.py:641} INFO - Processing file /home/airflow/.local/lib/python3.7/site-packages/airflow/example_dags/example_external_task_marker_dag.py for tasks to queue
[2022-07-22 14:20:55,089] {logging_mixin.py:115} INFO - [2022-07-22 14:20:55,089] {dagbag.py:508} INFO - Filling up the DagBag from /home/airflow/.local/lib/python3.7/site-packages/airflow/example_dags/example_external_task_marker_dag.py
[2022-07-22 14:20:55,097] {processor.py:651} INFO - DAG(s) dict_keys(['example_external_task_marker_parent', 'example_external_task_marker_child']) retrieved from /home/airflow/.local/lib/python3.7/site-packages/airflow/example_dags/example_external_task_marker_dag.py
[2022-07-22 14:20:55,187] {logging_mixin.py:115} INFO - [2022-07-22 14:20:55,187] {dag.py:2420} INFO - Sync 2 DAGs
[2022-07-22 14:20:55,210] {logging_mixin.py:115} INFO - [2022-07-22 14:20:55,210] {dag.py:2972} INFO - Setting next_dagrun for example_external_task_marker_child to None, run_after=None
[2022-07-22 14:20:55,211] {logging_mixin.py:115} INFO - [2022-07-22 14:20:55,211] {dag.py:2972} INFO - Setting next_dagrun for example_external_task_marker_parent to None, run_after=None
[2022-07-22 14:20:55,246] {processor.py:161} INFO - Processing /home/airflow/.local/lib/python3.7/site-packages/airflow/example_dags/example_external_task_marker_dag.py took 0.165 seconds
[2022-07-22 14:21:26,129] {processor.py:153} INFO - Started process (PID=2930) to work on /home/airflow/.local/lib/python3.7/site-packages/airflow/example_dags/example_external_task_marker_dag.py
[2022-07-22 14:21:26,130] {processor.py:641} INFO - Processing file /home/airflow/.local/lib/python3.7/site-packages/airflow/example_dags/example_external_task_marker_dag.py for tasks to queue
[2022-07-22 14:21:26,130] {logging_mixin.py:115} INFO - [2022-07-22 14:21:26,130] {dagbag.py:508} INFO - Filling up the DagBag from /home/airflow/.local/lib/python3.7/site-packages/airflow/example_dags/example_external_task_marker_dag.py
[2022-07-22 14:21:26,138] {processor.py:651} INFO - DAG(s) dict_keys(['example_external_task_marker_parent', 'example_external_task_marker_child']) retrieved from /home/airflow/.local/lib/python3.7/site-packages/airflow/example_dags/example_external_task_marker_dag.py
[2022-07-22 14:21:26,236] {logging_mixin.py:115} INFO - [2022-07-22 14:21:26,236] {dag.py:2420} INFO - Sync 2 DAGs
[2022-07-22 14:21:26,287] {logging_mixin.py:115} INFO - [2022-07-22 14:21:26,287] {dag.py:2972} INFO - Setting next_dagrun for example_external_task_marker_child to None, run_after=None
[2022-07-22 14:21:26,289] {logging_mixin.py:115} INFO - [2022-07-22 14:21:26,288] {dag.py:2972} INFO - Setting next_dagrun for example_external_task_marker_parent to None, run_after=None
[2022-07-22 14:21:26,319] {processor.py:161} INFO - Processing /home/airflow/.local/lib/python3.7/site-packages/airflow/example_dags/example_external_task_marker_dag.py took 0.195 seconds
[2022-07-22 14:21:56,505] {processor.py:153} INFO - Started process (PID=3132) to work on /home/airflow/.local/lib/python3.7/site-packages/airflow/example_dags/example_external_task_marker_dag.py
[2022-07-22 14:21:56,505] {processor.py:641} INFO - Processing file /home/airflow/.local/lib/python3.7/site-packages/airflow/example_dags/example_external_task_marker_dag.py for tasks to queue
[2022-07-22 14:21:56,506] {logging_mixin.py:115} INFO - [2022-07-22 14:21:56,506] {dagbag.py:508} INFO - Filling up the DagBag from /home/airflow/.local/lib/python3.7/site-packages/airflow/example_dags/example_external_task_marker_dag.py
[2022-07-22 14:21:56,511] {processor.py:651} INFO - DAG(s) dict_keys(['example_external_task_marker_parent', 'example_external_task_marker_child']) retrieved from /home/airflow/.local/lib/python3.7/site-packages/airflow/example_dags/example_external_task_marker_dag.py
[2022-07-22 14:21:56,558] {logging_mixin.py:115} INFO - [2022-07-22 14:21:56,557] {dag.py:2420} INFO - Sync 2 DAGs
[2022-07-22 14:21:56,582] {logging_mixin.py:115} INFO - [2022-07-22 14:21:56,582] {dag.py:2972} INFO - Setting next_dagrun for example_external_task_marker_child to None, run_after=None
[2022-07-22 14:21:56,583] {logging_mixin.py:115} INFO - [2022-07-22 14:21:56,583] {dag.py:2972} INFO - Setting next_dagrun for example_external_task_marker_parent to None, run_after=None
[2022-07-22 14:21:56,601] {processor.py:161} INFO - Processing /home/airflow/.local/lib/python3.7/site-packages/airflow/example_dags/example_external_task_marker_dag.py took 0.099 seconds
[2022-07-22 14:22:27,129] {processor.py:153} INFO - Started process (PID=3334) to work on /home/airflow/.local/lib/python3.7/site-packages/airflow/example_dags/example_external_task_marker_dag.py
[2022-07-22 14:22:27,130] {processor.py:641} INFO - Processing file /home/airflow/.local/lib/python3.7/site-packages/airflow/example_dags/example_external_task_marker_dag.py for tasks to queue
[2022-07-22 14:22:27,131] {logging_mixin.py:115} INFO - [2022-07-22 14:22:27,131] {dagbag.py:508} INFO - Filling up the DagBag from /home/airflow/.local/lib/python3.7/site-packages/airflow/example_dags/example_external_task_marker_dag.py
[2022-07-22 14:22:27,136] {processor.py:651} INFO - DAG(s) dict_keys(['example_external_task_marker_parent', 'example_external_task_marker_child']) retrieved from /home/airflow/.local/lib/python3.7/site-packages/airflow/example_dags/example_external_task_marker_dag.py
[2022-07-22 14:22:27,228] {logging_mixin.py:115} INFO - [2022-07-22 14:22:27,228] {dag.py:2420} INFO - Sync 2 DAGs
[2022-07-22 14:22:27,276] {logging_mixin.py:115} INFO - [2022-07-22 14:22:27,276] {dag.py:2972} INFO - Setting next_dagrun for example_external_task_marker_child to None, run_after=None
[2022-07-22 14:22:27,277] {logging_mixin.py:115} INFO - [2022-07-22 14:22:27,277] {dag.py:2972} INFO - Setting next_dagrun for example_external_task_marker_parent to None, run_after=None
[2022-07-22 14:22:27,310] {processor.py:161} INFO - Processing /home/airflow/.local/lib/python3.7/site-packages/airflow/example_dags/example_external_task_marker_dag.py took 0.184 seconds
[2022-07-22 14:22:57,478] {processor.py:153} INFO - Started process (PID=3538) to work on /home/airflow/.local/lib/python3.7/site-packages/airflow/example_dags/example_external_task_marker_dag.py
[2022-07-22 14:22:57,479] {processor.py:641} INFO - Processing file /home/airflow/.local/lib/python3.7/site-packages/airflow/example_dags/example_external_task_marker_dag.py for tasks to queue
[2022-07-22 14:22:57,480] {logging_mixin.py:115} INFO - [2022-07-22 14:22:57,480] {dagbag.py:508} INFO - Filling up the DagBag from /home/airflow/.local/lib/python3.7/site-packages/airflow/example_dags/example_external_task_marker_dag.py
[2022-07-22 14:22:57,489] {processor.py:651} INFO - DAG(s) dict_keys(['example_external_task_marker_parent', 'example_external_task_marker_child']) retrieved from /home/airflow/.local/lib/python3.7/site-packages/airflow/example_dags/example_external_task_marker_dag.py
[2022-07-22 14:22:57,536] {logging_mixin.py:115} INFO - [2022-07-22 14:22:57,536] {dag.py:2420} INFO - Sync 2 DAGs
[2022-07-22 14:22:57,574] {logging_mixin.py:115} INFO - [2022-07-22 14:22:57,574] {dag.py:2972} INFO - Setting next_dagrun for example_external_task_marker_child to None, run_after=None
[2022-07-22 14:22:57,575] {logging_mixin.py:115} INFO - [2022-07-22 14:22:57,575] {dag.py:2972} INFO - Setting next_dagrun for example_external_task_marker_parent to None, run_after=None
[2022-07-22 14:22:57,598] {processor.py:161} INFO - Processing /home/airflow/.local/lib/python3.7/site-packages/airflow/example_dags/example_external_task_marker_dag.py took 0.126 seconds
[2022-07-22 14:23:27,706] {processor.py:153} INFO - Started process (PID=3728) to work on /home/airflow/.local/lib/python3.7/site-packages/airflow/example_dags/example_external_task_marker_dag.py
[2022-07-22 14:23:27,708] {processor.py:641} INFO - Processing file /home/airflow/.local/lib/python3.7/site-packages/airflow/example_dags/example_external_task_marker_dag.py for tasks to queue
[2022-07-22 14:23:27,709] {logging_mixin.py:115} INFO - [2022-07-22 14:23:27,709] {dagbag.py:508} INFO - Filling up the DagBag from /home/airflow/.local/lib/python3.7/site-packages/airflow/example_dags/example_external_task_marker_dag.py
[2022-07-22 14:23:27,718] {processor.py:651} INFO - DAG(s) dict_keys(['example_external_task_marker_parent', 'example_external_task_marker_child']) retrieved from /home/airflow/.local/lib/python3.7/site-packages/airflow/example_dags/example_external_task_marker_dag.py
[2022-07-22 14:23:27,806] {logging_mixin.py:115} INFO - [2022-07-22 14:23:27,806] {dag.py:2420} INFO - Sync 2 DAGs
[2022-07-22 14:23:27,846] {logging_mixin.py:115} INFO - [2022-07-22 14:23:27,846] {dag.py:2972} INFO - Setting next_dagrun for example_external_task_marker_child to None, run_after=None
[2022-07-22 14:23:27,847] {logging_mixin.py:115} INFO - [2022-07-22 14:23:27,847] {dag.py:2972} INFO - Setting next_dagrun for example_external_task_marker_parent to None, run_after=None
[2022-07-22 14:23:27,860] {processor.py:161} INFO - Processing /home/airflow/.local/lib/python3.7/site-packages/airflow/example_dags/example_external_task_marker_dag.py took 0.159 seconds
[2022-07-22 14:23:58,215] {processor.py:153} INFO - Started process (PID=3930) to work on /home/airflow/.local/lib/python3.7/site-packages/airflow/example_dags/example_external_task_marker_dag.py
[2022-07-22 14:23:58,216] {processor.py:641} INFO - Processing file /home/airflow/.local/lib/python3.7/site-packages/airflow/example_dags/example_external_task_marker_dag.py for tasks to queue
[2022-07-22 14:23:58,217] {logging_mixin.py:115} INFO - [2022-07-22 14:23:58,217] {dagbag.py:508} INFO - Filling up the DagBag from /home/airflow/.local/lib/python3.7/site-packages/airflow/example_dags/example_external_task_marker_dag.py
[2022-07-22 14:23:58,226] {processor.py:651} INFO - DAG(s) dict_keys(['example_external_task_marker_parent', 'example_external_task_marker_child']) retrieved from /home/airflow/.local/lib/python3.7/site-packages/airflow/example_dags/example_external_task_marker_dag.py
[2022-07-22 14:23:58,309] {logging_mixin.py:115} INFO - [2022-07-22 14:23:58,309] {dag.py:2420} INFO - Sync 2 DAGs
[2022-07-22 14:23:58,327] {logging_mixin.py:115} INFO - [2022-07-22 14:23:58,327] {dag.py:2972} INFO - Setting next_dagrun for example_external_task_marker_child to None, run_after=None
[2022-07-22 14:23:58,328] {logging_mixin.py:115} INFO - [2022-07-22 14:23:58,328] {dag.py:2972} INFO - Setting next_dagrun for example_external_task_marker_parent to None, run_after=None
[2022-07-22 14:23:58,341] {processor.py:161} INFO - Processing /home/airflow/.local/lib/python3.7/site-packages/airflow/example_dags/example_external_task_marker_dag.py took 0.133 seconds
[2022-07-22 14:24:28,459] {processor.py:153} INFO - Started process (PID=4132) to work on /home/airflow/.local/lib/python3.7/site-packages/airflow/example_dags/example_external_task_marker_dag.py
[2022-07-22 14:24:28,460] {processor.py:641} INFO - Processing file /home/airflow/.local/lib/python3.7/site-packages/airflow/example_dags/example_external_task_marker_dag.py for tasks to queue
[2022-07-22 14:24:28,461] {logging_mixin.py:115} INFO - [2022-07-22 14:24:28,461] {dagbag.py:508} INFO - Filling up the DagBag from /home/airflow/.local/lib/python3.7/site-packages/airflow/example_dags/example_external_task_marker_dag.py
[2022-07-22 14:24:28,467] {processor.py:651} INFO - DAG(s) dict_keys(['example_external_task_marker_parent', 'example_external_task_marker_child']) retrieved from /home/airflow/.local/lib/python3.7/site-packages/airflow/example_dags/example_external_task_marker_dag.py
[2022-07-22 14:24:28,526] {logging_mixin.py:115} INFO - [2022-07-22 14:24:28,525] {dag.py:2420} INFO - Sync 2 DAGs
[2022-07-22 14:24:28,556] {logging_mixin.py:115} INFO - [2022-07-22 14:24:28,556] {dag.py:2972} INFO - Setting next_dagrun for example_external_task_marker_child to None, run_after=None
[2022-07-22 14:24:28,556] {logging_mixin.py:115} INFO - [2022-07-22 14:24:28,556] {dag.py:2972} INFO - Setting next_dagrun for example_external_task_marker_parent to None, run_after=None
[2022-07-22 14:24:28,577] {processor.py:161} INFO - Processing /home/airflow/.local/lib/python3.7/site-packages/airflow/example_dags/example_external_task_marker_dag.py took 0.122 seconds
[2022-07-22 14:24:58,972] {processor.py:153} INFO - Started process (PID=4325) to work on /home/airflow/.local/lib/python3.7/site-packages/airflow/example_dags/example_external_task_marker_dag.py
[2022-07-22 14:24:58,973] {processor.py:641} INFO - Processing file /home/airflow/.local/lib/python3.7/site-packages/airflow/example_dags/example_external_task_marker_dag.py for tasks to queue
[2022-07-22 14:24:58,975] {logging_mixin.py:115} INFO - [2022-07-22 14:24:58,975] {dagbag.py:508} INFO - Filling up the DagBag from /home/airflow/.local/lib/python3.7/site-packages/airflow/example_dags/example_external_task_marker_dag.py
[2022-07-22 14:24:58,984] {processor.py:651} INFO - DAG(s) dict_keys(['example_external_task_marker_parent', 'example_external_task_marker_child']) retrieved from /home/airflow/.local/lib/python3.7/site-packages/airflow/example_dags/example_external_task_marker_dag.py
[2022-07-22 14:24:59,042] {logging_mixin.py:115} INFO - [2022-07-22 14:24:59,042] {dag.py:2420} INFO - Sync 2 DAGs
[2022-07-22 14:24:59,061] {logging_mixin.py:115} INFO - [2022-07-22 14:24:59,061] {dag.py:2972} INFO - Setting next_dagrun for example_external_task_marker_child to None, run_after=None
[2022-07-22 14:24:59,061] {logging_mixin.py:115} INFO - [2022-07-22 14:24:59,061] {dag.py:2972} INFO - Setting next_dagrun for example_external_task_marker_parent to None, run_after=None
[2022-07-22 14:24:59,072] {processor.py:161} INFO - Processing /home/airflow/.local/lib/python3.7/site-packages/airflow/example_dags/example_external_task_marker_dag.py took 0.110 seconds
[2022-07-22 14:25:29,427] {processor.py:153} INFO - Started process (PID=4527) to work on /home/airflow/.local/lib/python3.7/site-packages/airflow/example_dags/example_external_task_marker_dag.py
[2022-07-22 14:25:29,428] {processor.py:641} INFO - Processing file /home/airflow/.local/lib/python3.7/site-packages/airflow/example_dags/example_external_task_marker_dag.py for tasks to queue
[2022-07-22 14:25:29,429] {logging_mixin.py:115} INFO - [2022-07-22 14:25:29,429] {dagbag.py:508} INFO - Filling up the DagBag from /home/airflow/.local/lib/python3.7/site-packages/airflow/example_dags/example_external_task_marker_dag.py
[2022-07-22 14:25:29,436] {processor.py:651} INFO - DAG(s) dict_keys(['example_external_task_marker_parent', 'example_external_task_marker_child']) retrieved from /home/airflow/.local/lib/python3.7/site-packages/airflow/example_dags/example_external_task_marker_dag.py
[2022-07-22 14:25:29,505] {logging_mixin.py:115} INFO - [2022-07-22 14:25:29,504] {dag.py:2420} INFO - Sync 2 DAGs
[2022-07-22 14:25:29,557] {logging_mixin.py:115} INFO - [2022-07-22 14:25:29,556] {dag.py:2972} INFO - Setting next_dagrun for example_external_task_marker_child to None, run_after=None
[2022-07-22 14:25:29,558] {logging_mixin.py:115} INFO - [2022-07-22 14:25:29,557] {dag.py:2972} INFO - Setting next_dagrun for example_external_task_marker_parent to None, run_after=None
[2022-07-22 14:25:29,580] {processor.py:161} INFO - Processing /home/airflow/.local/lib/python3.7/site-packages/airflow/example_dags/example_external_task_marker_dag.py took 0.158 seconds
[2022-07-22 14:26:00,469] {processor.py:153} INFO - Started process (PID=4729) to work on /home/airflow/.local/lib/python3.7/site-packages/airflow/example_dags/example_external_task_marker_dag.py
[2022-07-22 14:26:00,469] {processor.py:641} INFO - Processing file /home/airflow/.local/lib/python3.7/site-packages/airflow/example_dags/example_external_task_marker_dag.py for tasks to queue
[2022-07-22 14:26:00,470] {logging_mixin.py:115} INFO - [2022-07-22 14:26:00,470] {dagbag.py:508} INFO - Filling up the DagBag from /home/airflow/.local/lib/python3.7/site-packages/airflow/example_dags/example_external_task_marker_dag.py
[2022-07-22 14:26:00,478] {processor.py:651} INFO - DAG(s) dict_keys(['example_external_task_marker_parent', 'example_external_task_marker_child']) retrieved from /home/airflow/.local/lib/python3.7/site-packages/airflow/example_dags/example_external_task_marker_dag.py
[2022-07-22 14:26:00,520] {logging_mixin.py:115} INFO - [2022-07-22 14:26:00,520] {dag.py:2420} INFO - Sync 2 DAGs
[2022-07-22 14:26:00,543] {logging_mixin.py:115} INFO - [2022-07-22 14:26:00,542] {dag.py:2972} INFO - Setting next_dagrun for example_external_task_marker_child to None, run_after=None
[2022-07-22 14:26:00,543] {logging_mixin.py:115} INFO - [2022-07-22 14:26:00,543] {dag.py:2972} INFO - Setting next_dagrun for example_external_task_marker_parent to None, run_after=None
[2022-07-22 14:26:00,557] {processor.py:161} INFO - Processing /home/airflow/.local/lib/python3.7/site-packages/airflow/example_dags/example_external_task_marker_dag.py took 0.094 seconds
[2022-07-22 14:26:31,210] {processor.py:153} INFO - Started process (PID=4922) to work on /home/airflow/.local/lib/python3.7/site-packages/airflow/example_dags/example_external_task_marker_dag.py
[2022-07-22 14:26:31,211] {processor.py:641} INFO - Processing file /home/airflow/.local/lib/python3.7/site-packages/airflow/example_dags/example_external_task_marker_dag.py for tasks to queue
[2022-07-22 14:26:31,211] {logging_mixin.py:115} INFO - [2022-07-22 14:26:31,211] {dagbag.py:508} INFO - Filling up the DagBag from /home/airflow/.local/lib/python3.7/site-packages/airflow/example_dags/example_external_task_marker_dag.py
[2022-07-22 14:26:31,215] {processor.py:651} INFO - DAG(s) dict_keys(['example_external_task_marker_parent', 'example_external_task_marker_child']) retrieved from /home/airflow/.local/lib/python3.7/site-packages/airflow/example_dags/example_external_task_marker_dag.py
[2022-07-22 14:26:31,260] {logging_mixin.py:115} INFO - [2022-07-22 14:26:31,260] {dag.py:2420} INFO - Sync 2 DAGs
[2022-07-22 14:26:31,280] {logging_mixin.py:115} INFO - [2022-07-22 14:26:31,280] {dag.py:2972} INFO - Setting next_dagrun for example_external_task_marker_child to None, run_after=None
[2022-07-22 14:26:31,281] {logging_mixin.py:115} INFO - [2022-07-22 14:26:31,281] {dag.py:2972} INFO - Setting next_dagrun for example_external_task_marker_parent to None, run_after=None
[2022-07-22 14:26:31,292] {processor.py:161} INFO - Processing /home/airflow/.local/lib/python3.7/site-packages/airflow/example_dags/example_external_task_marker_dag.py took 0.084 seconds
[2022-07-22 14:27:01,811] {processor.py:153} INFO - Started process (PID=5125) to work on /home/airflow/.local/lib/python3.7/site-packages/airflow/example_dags/example_external_task_marker_dag.py
[2022-07-22 14:27:01,812] {processor.py:641} INFO - Processing file /home/airflow/.local/lib/python3.7/site-packages/airflow/example_dags/example_external_task_marker_dag.py for tasks to queue
[2022-07-22 14:27:01,813] {logging_mixin.py:115} INFO - [2022-07-22 14:27:01,813] {dagbag.py:508} INFO - Filling up the DagBag from /home/airflow/.local/lib/python3.7/site-packages/airflow/example_dags/example_external_task_marker_dag.py
[2022-07-22 14:27:01,822] {processor.py:651} INFO - DAG(s) dict_keys(['example_external_task_marker_parent', 'example_external_task_marker_child']) retrieved from /home/airflow/.local/lib/python3.7/site-packages/airflow/example_dags/example_external_task_marker_dag.py
[2022-07-22 14:27:01,894] {logging_mixin.py:115} INFO - [2022-07-22 14:27:01,894] {dag.py:2420} INFO - Sync 2 DAGs
[2022-07-22 14:27:01,945] {logging_mixin.py:115} INFO - [2022-07-22 14:27:01,945] {dag.py:2972} INFO - Setting next_dagrun for example_external_task_marker_child to None, run_after=None
[2022-07-22 14:27:01,946] {logging_mixin.py:115} INFO - [2022-07-22 14:27:01,946] {dag.py:2972} INFO - Setting next_dagrun for example_external_task_marker_parent to None, run_after=None
[2022-07-22 14:27:01,971] {processor.py:161} INFO - Processing /home/airflow/.local/lib/python3.7/site-packages/airflow/example_dags/example_external_task_marker_dag.py took 0.166 seconds
[2022-07-22 14:27:32,595] {processor.py:153} INFO - Started process (PID=5327) to work on /home/airflow/.local/lib/python3.7/site-packages/airflow/example_dags/example_external_task_marker_dag.py
[2022-07-22 14:27:32,596] {processor.py:641} INFO - Processing file /home/airflow/.local/lib/python3.7/site-packages/airflow/example_dags/example_external_task_marker_dag.py for tasks to queue
[2022-07-22 14:27:32,597] {logging_mixin.py:115} INFO - [2022-07-22 14:27:32,597] {dagbag.py:508} INFO - Filling up the DagBag from /home/airflow/.local/lib/python3.7/site-packages/airflow/example_dags/example_external_task_marker_dag.py
[2022-07-22 14:27:32,606] {processor.py:651} INFO - DAG(s) dict_keys(['example_external_task_marker_parent', 'example_external_task_marker_child']) retrieved from /home/airflow/.local/lib/python3.7/site-packages/airflow/example_dags/example_external_task_marker_dag.py
[2022-07-22 14:27:32,696] {logging_mixin.py:115} INFO - [2022-07-22 14:27:32,696] {dag.py:2420} INFO - Sync 2 DAGs
[2022-07-22 14:27:32,721] {logging_mixin.py:115} INFO - [2022-07-22 14:27:32,720] {dag.py:2972} INFO - Setting next_dagrun for example_external_task_marker_child to None, run_after=None
[2022-07-22 14:27:32,721] {logging_mixin.py:115} INFO - [2022-07-22 14:27:32,721] {dag.py:2972} INFO - Setting next_dagrun for example_external_task_marker_parent to None, run_after=None
[2022-07-22 14:27:32,738] {processor.py:161} INFO - Processing /home/airflow/.local/lib/python3.7/site-packages/airflow/example_dags/example_external_task_marker_dag.py took 0.148 seconds
[2022-07-22 14:28:02,939] {processor.py:153} INFO - Started process (PID=5520) to work on /home/airflow/.local/lib/python3.7/site-packages/airflow/example_dags/example_external_task_marker_dag.py
[2022-07-22 14:28:02,940] {processor.py:641} INFO - Processing file /home/airflow/.local/lib/python3.7/site-packages/airflow/example_dags/example_external_task_marker_dag.py for tasks to queue
[2022-07-22 14:28:02,942] {logging_mixin.py:115} INFO - [2022-07-22 14:28:02,942] {dagbag.py:508} INFO - Filling up the DagBag from /home/airflow/.local/lib/python3.7/site-packages/airflow/example_dags/example_external_task_marker_dag.py
[2022-07-22 14:28:02,951] {processor.py:651} INFO - DAG(s) dict_keys(['example_external_task_marker_parent', 'example_external_task_marker_child']) retrieved from /home/airflow/.local/lib/python3.7/site-packages/airflow/example_dags/example_external_task_marker_dag.py
[2022-07-22 14:28:03,036] {logging_mixin.py:115} INFO - [2022-07-22 14:28:03,036] {dag.py:2420} INFO - Sync 2 DAGs
[2022-07-22 14:28:03,056] {logging_mixin.py:115} INFO - [2022-07-22 14:28:03,056] {dag.py:2972} INFO - Setting next_dagrun for example_external_task_marker_child to None, run_after=None
[2022-07-22 14:28:03,057] {logging_mixin.py:115} INFO - [2022-07-22 14:28:03,057] {dag.py:2972} INFO - Setting next_dagrun for example_external_task_marker_parent to None, run_after=None
[2022-07-22 14:28:03,082] {processor.py:161} INFO - Processing /home/airflow/.local/lib/python3.7/site-packages/airflow/example_dags/example_external_task_marker_dag.py took 0.150 seconds
[2022-07-22 14:28:33,905] {processor.py:153} INFO - Started process (PID=5724) to work on /home/airflow/.local/lib/python3.7/site-packages/airflow/example_dags/example_external_task_marker_dag.py
[2022-07-22 14:28:33,906] {processor.py:641} INFO - Processing file /home/airflow/.local/lib/python3.7/site-packages/airflow/example_dags/example_external_task_marker_dag.py for tasks to queue
[2022-07-22 14:28:33,908] {logging_mixin.py:115} INFO - [2022-07-22 14:28:33,908] {dagbag.py:508} INFO - Filling up the DagBag from /home/airflow/.local/lib/python3.7/site-packages/airflow/example_dags/example_external_task_marker_dag.py
[2022-07-22 14:28:33,915] {processor.py:651} INFO - DAG(s) dict_keys(['example_external_task_marker_parent', 'example_external_task_marker_child']) retrieved from /home/airflow/.local/lib/python3.7/site-packages/airflow/example_dags/example_external_task_marker_dag.py
[2022-07-22 14:28:33,979] {logging_mixin.py:115} INFO - [2022-07-22 14:28:33,979] {dag.py:2420} INFO - Sync 2 DAGs
[2022-07-22 14:28:34,011] {logging_mixin.py:115} INFO - [2022-07-22 14:28:34,010] {dag.py:2972} INFO - Setting next_dagrun for example_external_task_marker_child to None, run_after=None
[2022-07-22 14:28:34,011] {logging_mixin.py:115} INFO - [2022-07-22 14:28:34,011] {dag.py:2972} INFO - Setting next_dagrun for example_external_task_marker_parent to None, run_after=None
[2022-07-22 14:28:34,023] {processor.py:161} INFO - Processing /home/airflow/.local/lib/python3.7/site-packages/airflow/example_dags/example_external_task_marker_dag.py took 0.126 seconds
[2022-07-22 14:29:52,323] {processor.py:153} INFO - Started process (PID=328) to work on /home/airflow/.local/lib/python3.7/site-packages/airflow/example_dags/example_external_task_marker_dag.py
[2022-07-22 14:29:52,324] {processor.py:641} INFO - Processing file /home/airflow/.local/lib/python3.7/site-packages/airflow/example_dags/example_external_task_marker_dag.py for tasks to queue
[2022-07-22 14:29:52,324] {logging_mixin.py:115} INFO - [2022-07-22 14:29:52,324] {dagbag.py:508} INFO - Filling up the DagBag from /home/airflow/.local/lib/python3.7/site-packages/airflow/example_dags/example_external_task_marker_dag.py
[2022-07-22 14:29:52,329] {processor.py:651} INFO - DAG(s) dict_keys(['example_external_task_marker_parent', 'example_external_task_marker_child']) retrieved from /home/airflow/.local/lib/python3.7/site-packages/airflow/example_dags/example_external_task_marker_dag.py
[2022-07-22 14:29:52,370] {logging_mixin.py:115} INFO - [2022-07-22 14:29:52,370] {dag.py:2420} INFO - Sync 2 DAGs
[2022-07-22 14:29:52,396] {logging_mixin.py:115} INFO - [2022-07-22 14:29:52,396] {dag.py:2972} INFO - Setting next_dagrun for example_external_task_marker_child to None, run_after=None
[2022-07-22 14:29:52,397] {logging_mixin.py:115} INFO - [2022-07-22 14:29:52,397] {dag.py:2972} INFO - Setting next_dagrun for example_external_task_marker_parent to None, run_after=None
[2022-07-22 14:29:52,425] {processor.py:161} INFO - Processing /home/airflow/.local/lib/python3.7/site-packages/airflow/example_dags/example_external_task_marker_dag.py took 0.105 seconds
[2022-07-22 14:30:23,098] {processor.py:153} INFO - Started process (PID=531) to work on /home/airflow/.local/lib/python3.7/site-packages/airflow/example_dags/example_external_task_marker_dag.py
[2022-07-22 14:30:23,098] {processor.py:641} INFO - Processing file /home/airflow/.local/lib/python3.7/site-packages/airflow/example_dags/example_external_task_marker_dag.py for tasks to queue
[2022-07-22 14:30:23,099] {logging_mixin.py:115} INFO - [2022-07-22 14:30:23,099] {dagbag.py:508} INFO - Filling up the DagBag from /home/airflow/.local/lib/python3.7/site-packages/airflow/example_dags/example_external_task_marker_dag.py
[2022-07-22 14:30:23,102] {processor.py:651} INFO - DAG(s) dict_keys(['example_external_task_marker_parent', 'example_external_task_marker_child']) retrieved from /home/airflow/.local/lib/python3.7/site-packages/airflow/example_dags/example_external_task_marker_dag.py
[2022-07-22 14:30:23,140] {logging_mixin.py:115} INFO - [2022-07-22 14:30:23,140] {dag.py:2420} INFO - Sync 2 DAGs
[2022-07-22 14:30:23,159] {logging_mixin.py:115} INFO - [2022-07-22 14:30:23,159] {dag.py:2972} INFO - Setting next_dagrun for example_external_task_marker_child to None, run_after=None
[2022-07-22 14:30:23,159] {logging_mixin.py:115} INFO - [2022-07-22 14:30:23,159] {dag.py:2972} INFO - Setting next_dagrun for example_external_task_marker_parent to None, run_after=None
[2022-07-22 14:30:23,174] {processor.py:161} INFO - Processing /home/airflow/.local/lib/python3.7/site-packages/airflow/example_dags/example_external_task_marker_dag.py took 0.079 seconds
[2022-07-22 14:30:53,867] {processor.py:153} INFO - Started process (PID=733) to work on /home/airflow/.local/lib/python3.7/site-packages/airflow/example_dags/example_external_task_marker_dag.py
[2022-07-22 14:30:53,868] {processor.py:641} INFO - Processing file /home/airflow/.local/lib/python3.7/site-packages/airflow/example_dags/example_external_task_marker_dag.py for tasks to queue
[2022-07-22 14:30:53,870] {logging_mixin.py:115} INFO - [2022-07-22 14:30:53,869] {dagbag.py:508} INFO - Filling up the DagBag from /home/airflow/.local/lib/python3.7/site-packages/airflow/example_dags/example_external_task_marker_dag.py
[2022-07-22 14:30:53,878] {processor.py:651} INFO - DAG(s) dict_keys(['example_external_task_marker_parent', 'example_external_task_marker_child']) retrieved from /home/airflow/.local/lib/python3.7/site-packages/airflow/example_dags/example_external_task_marker_dag.py
[2022-07-22 14:30:53,961] {logging_mixin.py:115} INFO - [2022-07-22 14:30:53,961] {dag.py:2420} INFO - Sync 2 DAGs
[2022-07-22 14:30:53,981] {logging_mixin.py:115} INFO - [2022-07-22 14:30:53,981] {dag.py:2972} INFO - Setting next_dagrun for example_external_task_marker_child to None, run_after=None
[2022-07-22 14:30:53,981] {logging_mixin.py:115} INFO - [2022-07-22 14:30:53,981] {dag.py:2972} INFO - Setting next_dagrun for example_external_task_marker_parent to None, run_after=None
[2022-07-22 14:30:54,004] {processor.py:161} INFO - Processing /home/airflow/.local/lib/python3.7/site-packages/airflow/example_dags/example_external_task_marker_dag.py took 0.145 seconds
[2022-07-22 14:31:24,601] {processor.py:153} INFO - Started process (PID=935) to work on /home/airflow/.local/lib/python3.7/site-packages/airflow/example_dags/example_external_task_marker_dag.py
[2022-07-22 14:31:24,602] {processor.py:641} INFO - Processing file /home/airflow/.local/lib/python3.7/site-packages/airflow/example_dags/example_external_task_marker_dag.py for tasks to queue
[2022-07-22 14:31:24,603] {logging_mixin.py:115} INFO - [2022-07-22 14:31:24,603] {dagbag.py:508} INFO - Filling up the DagBag from /home/airflow/.local/lib/python3.7/site-packages/airflow/example_dags/example_external_task_marker_dag.py
[2022-07-22 14:31:24,610] {processor.py:651} INFO - DAG(s) dict_keys(['example_external_task_marker_parent', 'example_external_task_marker_child']) retrieved from /home/airflow/.local/lib/python3.7/site-packages/airflow/example_dags/example_external_task_marker_dag.py
[2022-07-22 14:31:24,651] {logging_mixin.py:115} INFO - [2022-07-22 14:31:24,651] {dag.py:2420} INFO - Sync 2 DAGs
[2022-07-22 14:31:24,673] {logging_mixin.py:115} INFO - [2022-07-22 14:31:24,672] {dag.py:2972} INFO - Setting next_dagrun for example_external_task_marker_child to None, run_after=None
[2022-07-22 14:31:24,673] {logging_mixin.py:115} INFO - [2022-07-22 14:31:24,673] {dag.py:2972} INFO - Setting next_dagrun for example_external_task_marker_parent to None, run_after=None
[2022-07-22 14:31:24,703] {processor.py:161} INFO - Processing /home/airflow/.local/lib/python3.7/site-packages/airflow/example_dags/example_external_task_marker_dag.py took 0.107 seconds
[2022-07-22 14:31:55,478] {processor.py:153} INFO - Started process (PID=1128) to work on /home/airflow/.local/lib/python3.7/site-packages/airflow/example_dags/example_external_task_marker_dag.py
[2022-07-22 14:31:55,479] {processor.py:641} INFO - Processing file /home/airflow/.local/lib/python3.7/site-packages/airflow/example_dags/example_external_task_marker_dag.py for tasks to queue
[2022-07-22 14:31:55,480] {logging_mixin.py:115} INFO - [2022-07-22 14:31:55,479] {dagbag.py:508} INFO - Filling up the DagBag from /home/airflow/.local/lib/python3.7/site-packages/airflow/example_dags/example_external_task_marker_dag.py
[2022-07-22 14:31:55,485] {processor.py:651} INFO - DAG(s) dict_keys(['example_external_task_marker_parent', 'example_external_task_marker_child']) retrieved from /home/airflow/.local/lib/python3.7/site-packages/airflow/example_dags/example_external_task_marker_dag.py
[2022-07-22 14:31:55,615] {logging_mixin.py:115} INFO - [2022-07-22 14:31:55,615] {dag.py:2420} INFO - Sync 2 DAGs
[2022-07-22 14:31:55,657] {logging_mixin.py:115} INFO - [2022-07-22 14:31:55,657] {dag.py:2972} INFO - Setting next_dagrun for example_external_task_marker_child to None, run_after=None
[2022-07-22 14:31:55,658] {logging_mixin.py:115} INFO - [2022-07-22 14:31:55,658] {dag.py:2972} INFO - Setting next_dagrun for example_external_task_marker_parent to None, run_after=None
[2022-07-22 14:31:55,678] {processor.py:161} INFO - Processing /home/airflow/.local/lib/python3.7/site-packages/airflow/example_dags/example_external_task_marker_dag.py took 0.203 seconds
[2022-07-22 14:32:26,503] {processor.py:153} INFO - Started process (PID=1350) to work on /home/airflow/.local/lib/python3.7/site-packages/airflow/example_dags/example_external_task_marker_dag.py
[2022-07-22 14:32:26,504] {processor.py:641} INFO - Processing file /home/airflow/.local/lib/python3.7/site-packages/airflow/example_dags/example_external_task_marker_dag.py for tasks to queue
[2022-07-22 14:32:26,504] {logging_mixin.py:115} INFO - [2022-07-22 14:32:26,504] {dagbag.py:508} INFO - Filling up the DagBag from /home/airflow/.local/lib/python3.7/site-packages/airflow/example_dags/example_external_task_marker_dag.py
[2022-07-22 14:32:26,508] {processor.py:651} INFO - DAG(s) dict_keys(['example_external_task_marker_parent', 'example_external_task_marker_child']) retrieved from /home/airflow/.local/lib/python3.7/site-packages/airflow/example_dags/example_external_task_marker_dag.py
[2022-07-22 14:32:26,577] {logging_mixin.py:115} INFO - [2022-07-22 14:32:26,577] {dag.py:2420} INFO - Sync 2 DAGs
[2022-07-22 14:32:26,629] {logging_mixin.py:115} INFO - [2022-07-22 14:32:26,629] {dag.py:2972} INFO - Setting next_dagrun for example_external_task_marker_child to None, run_after=None
[2022-07-22 14:32:26,630] {logging_mixin.py:115} INFO - [2022-07-22 14:32:26,630] {dag.py:2972} INFO - Setting next_dagrun for example_external_task_marker_parent to None, run_after=None
[2022-07-22 14:32:26,653] {processor.py:161} INFO - Processing /home/airflow/.local/lib/python3.7/site-packages/airflow/example_dags/example_external_task_marker_dag.py took 0.153 seconds
[2022-07-22 14:32:57,386] {processor.py:153} INFO - Started process (PID=1552) to work on /home/airflow/.local/lib/python3.7/site-packages/airflow/example_dags/example_external_task_marker_dag.py
[2022-07-22 14:32:57,387] {processor.py:641} INFO - Processing file /home/airflow/.local/lib/python3.7/site-packages/airflow/example_dags/example_external_task_marker_dag.py for tasks to queue
[2022-07-22 14:32:57,388] {logging_mixin.py:115} INFO - [2022-07-22 14:32:57,387] {dagbag.py:508} INFO - Filling up the DagBag from /home/airflow/.local/lib/python3.7/site-packages/airflow/example_dags/example_external_task_marker_dag.py
[2022-07-22 14:32:57,396] {processor.py:651} INFO - DAG(s) dict_keys(['example_external_task_marker_parent', 'example_external_task_marker_child']) retrieved from /home/airflow/.local/lib/python3.7/site-packages/airflow/example_dags/example_external_task_marker_dag.py
[2022-07-22 14:32:57,450] {logging_mixin.py:115} INFO - [2022-07-22 14:32:57,450] {dag.py:2420} INFO - Sync 2 DAGs
[2022-07-22 14:32:57,475] {logging_mixin.py:115} INFO - [2022-07-22 14:32:57,475] {dag.py:2972} INFO - Setting next_dagrun for example_external_task_marker_child to None, run_after=None
[2022-07-22 14:32:57,475] {logging_mixin.py:115} INFO - [2022-07-22 14:32:57,475] {dag.py:2972} INFO - Setting next_dagrun for example_external_task_marker_parent to None, run_after=None
[2022-07-22 14:32:57,495] {processor.py:161} INFO - Processing /home/airflow/.local/lib/python3.7/site-packages/airflow/example_dags/example_external_task_marker_dag.py took 0.114 seconds
[2022-07-22 14:33:28,704] {processor.py:153} INFO - Started process (PID=1745) to work on /home/airflow/.local/lib/python3.7/site-packages/airflow/example_dags/example_external_task_marker_dag.py
[2022-07-22 14:33:28,704] {processor.py:641} INFO - Processing file /home/airflow/.local/lib/python3.7/site-packages/airflow/example_dags/example_external_task_marker_dag.py for tasks to queue
[2022-07-22 14:33:28,705] {logging_mixin.py:115} INFO - [2022-07-22 14:33:28,704] {dagbag.py:508} INFO - Filling up the DagBag from /home/airflow/.local/lib/python3.7/site-packages/airflow/example_dags/example_external_task_marker_dag.py
[2022-07-22 14:33:28,708] {processor.py:651} INFO - DAG(s) dict_keys(['example_external_task_marker_parent', 'example_external_task_marker_child']) retrieved from /home/airflow/.local/lib/python3.7/site-packages/airflow/example_dags/example_external_task_marker_dag.py
[2022-07-22 14:33:28,778] {logging_mixin.py:115} INFO - [2022-07-22 14:33:28,778] {dag.py:2420} INFO - Sync 2 DAGs
[2022-07-22 14:33:28,811] {logging_mixin.py:115} INFO - [2022-07-22 14:33:28,811] {dag.py:2972} INFO - Setting next_dagrun for example_external_task_marker_child to None, run_after=None
[2022-07-22 14:33:28,812] {logging_mixin.py:115} INFO - [2022-07-22 14:33:28,812] {dag.py:2972} INFO - Setting next_dagrun for example_external_task_marker_parent to None, run_after=None
[2022-07-22 14:33:28,838] {processor.py:161} INFO - Processing /home/airflow/.local/lib/python3.7/site-packages/airflow/example_dags/example_external_task_marker_dag.py took 0.137 seconds
[2022-07-22 14:34:50,957] {processor.py:153} INFO - Started process (PID=318) to work on /home/airflow/.local/lib/python3.7/site-packages/airflow/example_dags/example_external_task_marker_dag.py
[2022-07-22 14:34:50,958] {processor.py:641} INFO - Processing file /home/airflow/.local/lib/python3.7/site-packages/airflow/example_dags/example_external_task_marker_dag.py for tasks to queue
[2022-07-22 14:34:50,958] {logging_mixin.py:115} INFO - [2022-07-22 14:34:50,958] {dagbag.py:508} INFO - Filling up the DagBag from /home/airflow/.local/lib/python3.7/site-packages/airflow/example_dags/example_external_task_marker_dag.py
[2022-07-22 14:34:50,963] {processor.py:651} INFO - DAG(s) dict_keys(['example_external_task_marker_parent', 'example_external_task_marker_child']) retrieved from /home/airflow/.local/lib/python3.7/site-packages/airflow/example_dags/example_external_task_marker_dag.py
[2022-07-22 14:34:51,025] {logging_mixin.py:115} INFO - [2022-07-22 14:34:51,025] {dag.py:2420} INFO - Sync 2 DAGs
[2022-07-22 14:34:51,059] {logging_mixin.py:115} INFO - [2022-07-22 14:34:51,059] {dag.py:2972} INFO - Setting next_dagrun for example_external_task_marker_child to None, run_after=None
[2022-07-22 14:34:51,059] {logging_mixin.py:115} INFO - [2022-07-22 14:34:51,059] {dag.py:2972} INFO - Setting next_dagrun for example_external_task_marker_parent to None, run_after=None
[2022-07-22 14:34:51,078] {processor.py:161} INFO - Processing /home/airflow/.local/lib/python3.7/site-packages/airflow/example_dags/example_external_task_marker_dag.py took 0.125 seconds
[2022-07-22 14:35:21,608] {processor.py:153} INFO - Started process (PID=521) to work on /home/airflow/.local/lib/python3.7/site-packages/airflow/example_dags/example_external_task_marker_dag.py
[2022-07-22 14:35:21,609] {processor.py:641} INFO - Processing file /home/airflow/.local/lib/python3.7/site-packages/airflow/example_dags/example_external_task_marker_dag.py for tasks to queue
[2022-07-22 14:35:21,610] {logging_mixin.py:115} INFO - [2022-07-22 14:35:21,610] {dagbag.py:508} INFO - Filling up the DagBag from /home/airflow/.local/lib/python3.7/site-packages/airflow/example_dags/example_external_task_marker_dag.py
[2022-07-22 14:35:21,619] {processor.py:651} INFO - DAG(s) dict_keys(['example_external_task_marker_parent', 'example_external_task_marker_child']) retrieved from /home/airflow/.local/lib/python3.7/site-packages/airflow/example_dags/example_external_task_marker_dag.py
[2022-07-22 14:35:21,662] {logging_mixin.py:115} INFO - [2022-07-22 14:35:21,662] {dag.py:2420} INFO - Sync 2 DAGs
[2022-07-22 14:35:21,682] {logging_mixin.py:115} INFO - [2022-07-22 14:35:21,682] {dag.py:2972} INFO - Setting next_dagrun for example_external_task_marker_child to None, run_after=None
[2022-07-22 14:35:21,682] {logging_mixin.py:115} INFO - [2022-07-22 14:35:21,682] {dag.py:2972} INFO - Setting next_dagrun for example_external_task_marker_parent to None, run_after=None
[2022-07-22 14:35:21,698] {processor.py:161} INFO - Processing /home/airflow/.local/lib/python3.7/site-packages/airflow/example_dags/example_external_task_marker_dag.py took 0.097 seconds
