[2022-07-22 14:06:13,626] {processor.py:153} INFO - Started process (PID=255) to work on /home/airflow/.local/lib/python3.7/site-packages/airflow/example_dags/example_latest_only.py
[2022-07-22 14:06:13,626] {processor.py:641} INFO - Processing file /home/airflow/.local/lib/python3.7/site-packages/airflow/example_dags/example_latest_only.py for tasks to queue
[2022-07-22 14:06:13,627] {logging_mixin.py:115} INFO - [2022-07-22 14:06:13,627] {dagbag.py:508} INFO - Filling up the DagBag from /home/airflow/.local/lib/python3.7/site-packages/airflow/example_dags/example_latest_only.py
[2022-07-22 14:06:13,632] {processor.py:651} INFO - DAG(s) dict_keys(['latest_only']) retrieved from /home/airflow/.local/lib/python3.7/site-packages/airflow/example_dags/example_latest_only.py
[2022-07-22 14:06:13,739] {logging_mixin.py:115} INFO - [2022-07-22 14:06:13,739] {manager.py:508} INFO - Created Permission View: can read on DAG:latest_only
[2022-07-22 14:06:13,756] {logging_mixin.py:115} INFO - [2022-07-22 14:06:13,755] {manager.py:508} INFO - Created Permission View: can delete on DAG:latest_only
[2022-07-22 14:06:13,767] {logging_mixin.py:115} INFO - [2022-07-22 14:06:13,767] {manager.py:508} INFO - Created Permission View: can edit on DAG:latest_only
[2022-07-22 14:06:13,767] {logging_mixin.py:115} INFO - [2022-07-22 14:06:13,767] {dag.py:2420} INFO - Sync 1 DAGs
[2022-07-22 14:06:13,776] {logging_mixin.py:115} INFO - [2022-07-22 14:06:13,776] {dag.py:2439} INFO - Creating ORM DAG for latest_only
[2022-07-22 14:06:13,790] {logging_mixin.py:115} INFO - [2022-07-22 14:06:13,790] {dag.py:2972} INFO - Setting next_dagrun for latest_only to 2022-07-22T10:06:13.790540+00:00, run_after=2022-07-22T14:06:13.790540+00:00
[2022-07-22 14:06:13,809] {processor.py:161} INFO - Processing /home/airflow/.local/lib/python3.7/site-packages/airflow/example_dags/example_latest_only.py took 0.186 seconds
[2022-07-22 14:06:44,332] {processor.py:153} INFO - Started process (PID=450) to work on /home/airflow/.local/lib/python3.7/site-packages/airflow/example_dags/example_latest_only.py
[2022-07-22 14:06:44,333] {processor.py:641} INFO - Processing file /home/airflow/.local/lib/python3.7/site-packages/airflow/example_dags/example_latest_only.py for tasks to queue
[2022-07-22 14:06:44,335] {logging_mixin.py:115} INFO - [2022-07-22 14:06:44,335] {dagbag.py:508} INFO - Filling up the DagBag from /home/airflow/.local/lib/python3.7/site-packages/airflow/example_dags/example_latest_only.py
[2022-07-22 14:06:44,344] {processor.py:651} INFO - DAG(s) dict_keys(['latest_only']) retrieved from /home/airflow/.local/lib/python3.7/site-packages/airflow/example_dags/example_latest_only.py
[2022-07-22 14:06:44,393] {logging_mixin.py:115} INFO - [2022-07-22 14:06:44,393] {dag.py:2420} INFO - Sync 1 DAGs
[2022-07-22 14:06:44,417] {logging_mixin.py:115} INFO - [2022-07-22 14:06:44,417] {dag.py:2972} INFO - Setting next_dagrun for latest_only to 2022-07-22T10:06:44.417228+00:00, run_after=2022-07-22T14:06:44.417228+00:00
[2022-07-22 14:06:44,434] {processor.py:161} INFO - Processing /home/airflow/.local/lib/python3.7/site-packages/airflow/example_dags/example_latest_only.py took 0.109 seconds
[2022-07-22 14:07:15,028] {processor.py:153} INFO - Started process (PID=649) to work on /home/airflow/.local/lib/python3.7/site-packages/airflow/example_dags/example_latest_only.py
[2022-07-22 14:07:15,029] {processor.py:641} INFO - Processing file /home/airflow/.local/lib/python3.7/site-packages/airflow/example_dags/example_latest_only.py for tasks to queue
[2022-07-22 14:07:15,030] {logging_mixin.py:115} INFO - [2022-07-22 14:07:15,030] {dagbag.py:508} INFO - Filling up the DagBag from /home/airflow/.local/lib/python3.7/site-packages/airflow/example_dags/example_latest_only.py
[2022-07-22 14:07:15,039] {processor.py:651} INFO - DAG(s) dict_keys(['latest_only']) retrieved from /home/airflow/.local/lib/python3.7/site-packages/airflow/example_dags/example_latest_only.py
[2022-07-22 14:07:15,091] {logging_mixin.py:115} INFO - [2022-07-22 14:07:15,091] {dag.py:2420} INFO - Sync 1 DAGs
[2022-07-22 14:07:15,137] {logging_mixin.py:115} INFO - [2022-07-22 14:07:15,137] {dag.py:2972} INFO - Setting next_dagrun for latest_only to 2022-07-22T10:07:15.136928+00:00, run_after=2022-07-22T14:07:15.136928+00:00
[2022-07-22 14:07:15,153] {processor.py:161} INFO - Processing /home/airflow/.local/lib/python3.7/site-packages/airflow/example_dags/example_latest_only.py took 0.131 seconds
[2022-07-22 14:08:20,302] {processor.py:153} INFO - Started process (PID=259) to work on /home/airflow/.local/lib/python3.7/site-packages/airflow/example_dags/example_latest_only.py
[2022-07-22 14:08:20,302] {processor.py:641} INFO - Processing file /home/airflow/.local/lib/python3.7/site-packages/airflow/example_dags/example_latest_only.py for tasks to queue
[2022-07-22 14:08:20,303] {logging_mixin.py:115} INFO - [2022-07-22 14:08:20,303] {dagbag.py:508} INFO - Filling up the DagBag from /home/airflow/.local/lib/python3.7/site-packages/airflow/example_dags/example_latest_only.py
[2022-07-22 14:08:20,309] {processor.py:651} INFO - DAG(s) dict_keys(['latest_only']) retrieved from /home/airflow/.local/lib/python3.7/site-packages/airflow/example_dags/example_latest_only.py
[2022-07-22 14:08:20,347] {logging_mixin.py:115} INFO - [2022-07-22 14:08:20,347] {dag.py:2420} INFO - Sync 1 DAGs
[2022-07-22 14:08:20,386] {logging_mixin.py:115} INFO - [2022-07-22 14:08:20,386] {dag.py:2972} INFO - Setting next_dagrun for latest_only to 2022-07-22T10:08:20.386260+00:00, run_after=2022-07-22T14:08:20.386260+00:00
[2022-07-22 14:08:20,409] {processor.py:161} INFO - Processing /home/airflow/.local/lib/python3.7/site-packages/airflow/example_dags/example_latest_only.py took 0.111 seconds
[2022-07-22 14:08:51,487] {processor.py:153} INFO - Started process (PID=465) to work on /home/airflow/.local/lib/python3.7/site-packages/airflow/example_dags/example_latest_only.py
[2022-07-22 14:08:51,488] {processor.py:641} INFO - Processing file /home/airflow/.local/lib/python3.7/site-packages/airflow/example_dags/example_latest_only.py for tasks to queue
[2022-07-22 14:08:51,488] {logging_mixin.py:115} INFO - [2022-07-22 14:08:51,488] {dagbag.py:508} INFO - Filling up the DagBag from /home/airflow/.local/lib/python3.7/site-packages/airflow/example_dags/example_latest_only.py
[2022-07-22 14:08:51,492] {processor.py:651} INFO - DAG(s) dict_keys(['latest_only']) retrieved from /home/airflow/.local/lib/python3.7/site-packages/airflow/example_dags/example_latest_only.py
[2022-07-22 14:08:51,520] {logging_mixin.py:115} INFO - [2022-07-22 14:08:51,520] {dag.py:2420} INFO - Sync 1 DAGs
[2022-07-22 14:08:51,542] {logging_mixin.py:115} INFO - [2022-07-22 14:08:51,542] {dag.py:2972} INFO - Setting next_dagrun for latest_only to 2022-07-22T10:08:51.542301+00:00, run_after=2022-07-22T14:08:51.542301+00:00
[2022-07-22 14:08:51,562] {processor.py:161} INFO - Processing /home/airflow/.local/lib/python3.7/site-packages/airflow/example_dags/example_latest_only.py took 0.078 seconds
[2022-07-22 14:09:21,781] {processor.py:153} INFO - Started process (PID=667) to work on /home/airflow/.local/lib/python3.7/site-packages/airflow/example_dags/example_latest_only.py
[2022-07-22 14:09:21,782] {processor.py:641} INFO - Processing file /home/airflow/.local/lib/python3.7/site-packages/airflow/example_dags/example_latest_only.py for tasks to queue
[2022-07-22 14:09:21,783] {logging_mixin.py:115} INFO - [2022-07-22 14:09:21,783] {dagbag.py:508} INFO - Filling up the DagBag from /home/airflow/.local/lib/python3.7/site-packages/airflow/example_dags/example_latest_only.py
[2022-07-22 14:09:21,789] {processor.py:651} INFO - DAG(s) dict_keys(['latest_only']) retrieved from /home/airflow/.local/lib/python3.7/site-packages/airflow/example_dags/example_latest_only.py
[2022-07-22 14:09:21,818] {logging_mixin.py:115} INFO - [2022-07-22 14:09:21,818] {dag.py:2420} INFO - Sync 1 DAGs
[2022-07-22 14:09:21,837] {logging_mixin.py:115} INFO - [2022-07-22 14:09:21,837] {dag.py:2972} INFO - Setting next_dagrun for latest_only to 2022-07-22T10:09:21.837398+00:00, run_after=2022-07-22T14:09:21.837398+00:00
[2022-07-22 14:09:21,851] {processor.py:161} INFO - Processing /home/airflow/.local/lib/python3.7/site-packages/airflow/example_dags/example_latest_only.py took 0.075 seconds
[2022-07-22 14:09:52,095] {processor.py:153} INFO - Started process (PID=864) to work on /home/airflow/.local/lib/python3.7/site-packages/airflow/example_dags/example_latest_only.py
[2022-07-22 14:09:52,096] {processor.py:641} INFO - Processing file /home/airflow/.local/lib/python3.7/site-packages/airflow/example_dags/example_latest_only.py for tasks to queue
[2022-07-22 14:09:52,096] {logging_mixin.py:115} INFO - [2022-07-22 14:09:52,096] {dagbag.py:508} INFO - Filling up the DagBag from /home/airflow/.local/lib/python3.7/site-packages/airflow/example_dags/example_latest_only.py
[2022-07-22 14:09:52,100] {processor.py:651} INFO - DAG(s) dict_keys(['latest_only']) retrieved from /home/airflow/.local/lib/python3.7/site-packages/airflow/example_dags/example_latest_only.py
[2022-07-22 14:09:52,123] {logging_mixin.py:115} INFO - [2022-07-22 14:09:52,123] {dag.py:2420} INFO - Sync 1 DAGs
[2022-07-22 14:09:52,148] {logging_mixin.py:115} INFO - [2022-07-22 14:09:52,148] {dag.py:2972} INFO - Setting next_dagrun for latest_only to 2022-07-22T10:09:52.147943+00:00, run_after=2022-07-22T14:09:52.147943+00:00
[2022-07-22 14:09:52,174] {processor.py:161} INFO - Processing /home/airflow/.local/lib/python3.7/site-packages/airflow/example_dags/example_latest_only.py took 0.081 seconds
[2022-07-22 14:11:26,611] {processor.py:153} INFO - Started process (PID=259) to work on /home/airflow/.local/lib/python3.7/site-packages/airflow/example_dags/example_latest_only.py
[2022-07-22 14:11:26,612] {processor.py:641} INFO - Processing file /home/airflow/.local/lib/python3.7/site-packages/airflow/example_dags/example_latest_only.py for tasks to queue
[2022-07-22 14:11:26,612] {logging_mixin.py:115} INFO - [2022-07-22 14:11:26,612] {dagbag.py:508} INFO - Filling up the DagBag from /home/airflow/.local/lib/python3.7/site-packages/airflow/example_dags/example_latest_only.py
[2022-07-22 14:11:26,621] {processor.py:651} INFO - DAG(s) dict_keys(['latest_only']) retrieved from /home/airflow/.local/lib/python3.7/site-packages/airflow/example_dags/example_latest_only.py
[2022-07-22 14:11:26,724] {logging_mixin.py:115} INFO - [2022-07-22 14:11:26,723] {manager.py:508} INFO - Created Permission View: can read on DAG:latest_only
[2022-07-22 14:11:26,738] {logging_mixin.py:115} INFO - [2022-07-22 14:11:26,737] {manager.py:508} INFO - Created Permission View: can edit on DAG:latest_only
[2022-07-22 14:11:26,748] {logging_mixin.py:115} INFO - [2022-07-22 14:11:26,748] {manager.py:508} INFO - Created Permission View: can delete on DAG:latest_only
[2022-07-22 14:11:26,749] {logging_mixin.py:115} INFO - [2022-07-22 14:11:26,748] {dag.py:2420} INFO - Sync 1 DAGs
[2022-07-22 14:11:26,760] {logging_mixin.py:115} INFO - [2022-07-22 14:11:26,760] {dag.py:2439} INFO - Creating ORM DAG for latest_only
[2022-07-22 14:11:26,775] {logging_mixin.py:115} INFO - [2022-07-22 14:11:26,775] {dag.py:2972} INFO - Setting next_dagrun for latest_only to 2022-07-22T10:11:26.775436+00:00, run_after=2022-07-22T14:11:26.775436+00:00
[2022-07-22 14:11:26,797] {processor.py:161} INFO - Processing /home/airflow/.local/lib/python3.7/site-packages/airflow/example_dags/example_latest_only.py took 0.190 seconds
[2022-07-22 14:11:57,527] {processor.py:153} INFO - Started process (PID=444) to work on /home/airflow/.local/lib/python3.7/site-packages/airflow/example_dags/example_latest_only.py
[2022-07-22 14:11:57,528] {processor.py:641} INFO - Processing file /home/airflow/.local/lib/python3.7/site-packages/airflow/example_dags/example_latest_only.py for tasks to queue
[2022-07-22 14:11:57,529] {logging_mixin.py:115} INFO - [2022-07-22 14:11:57,528] {dagbag.py:508} INFO - Filling up the DagBag from /home/airflow/.local/lib/python3.7/site-packages/airflow/example_dags/example_latest_only.py
[2022-07-22 14:11:57,534] {processor.py:651} INFO - DAG(s) dict_keys(['latest_only']) retrieved from /home/airflow/.local/lib/python3.7/site-packages/airflow/example_dags/example_latest_only.py
[2022-07-22 14:11:57,579] {logging_mixin.py:115} INFO - [2022-07-22 14:11:57,579] {dag.py:2420} INFO - Sync 1 DAGs
[2022-07-22 14:11:57,615] {logging_mixin.py:115} INFO - [2022-07-22 14:11:57,615] {dag.py:2972} INFO - Setting next_dagrun for latest_only to 2022-07-22T10:11:57.615163+00:00, run_after=2022-07-22T14:11:57.615163+00:00
[2022-07-22 14:11:57,645] {processor.py:161} INFO - Processing /home/airflow/.local/lib/python3.7/site-packages/airflow/example_dags/example_latest_only.py took 0.121 seconds
[2022-07-22 14:12:54,717] {processor.py:153} INFO - Started process (PID=266) to work on /home/airflow/.local/lib/python3.7/site-packages/airflow/example_dags/example_latest_only.py
[2022-07-22 14:12:54,717] {processor.py:641} INFO - Processing file /home/airflow/.local/lib/python3.7/site-packages/airflow/example_dags/example_latest_only.py for tasks to queue
[2022-07-22 14:12:54,718] {logging_mixin.py:115} INFO - [2022-07-22 14:12:54,718] {dagbag.py:508} INFO - Filling up the DagBag from /home/airflow/.local/lib/python3.7/site-packages/airflow/example_dags/example_latest_only.py
[2022-07-22 14:12:54,724] {processor.py:651} INFO - DAG(s) dict_keys(['latest_only']) retrieved from /home/airflow/.local/lib/python3.7/site-packages/airflow/example_dags/example_latest_only.py
[2022-07-22 14:12:54,813] {logging_mixin.py:115} INFO - [2022-07-22 14:12:54,813] {manager.py:508} INFO - Created Permission View: can read on DAG:latest_only
[2022-07-22 14:12:54,836] {logging_mixin.py:115} INFO - [2022-07-22 14:12:54,836] {manager.py:508} INFO - Created Permission View: can delete on DAG:latest_only
[2022-07-22 14:12:54,855] {logging_mixin.py:115} INFO - [2022-07-22 14:12:54,854] {manager.py:508} INFO - Created Permission View: can edit on DAG:latest_only
[2022-07-22 14:12:54,855] {logging_mixin.py:115} INFO - [2022-07-22 14:12:54,855] {dag.py:2420} INFO - Sync 1 DAGs
[2022-07-22 14:12:54,863] {logging_mixin.py:115} INFO - [2022-07-22 14:12:54,863] {dag.py:2439} INFO - Creating ORM DAG for latest_only
[2022-07-22 14:12:54,875] {logging_mixin.py:115} INFO - [2022-07-22 14:12:54,874] {dag.py:2972} INFO - Setting next_dagrun for latest_only to 2022-07-22T10:12:54.874695+00:00, run_after=2022-07-22T14:12:54.874695+00:00
[2022-07-22 14:12:54,894] {processor.py:161} INFO - Processing /home/airflow/.local/lib/python3.7/site-packages/airflow/example_dags/example_latest_only.py took 0.180 seconds
[2022-07-22 14:13:24,974] {processor.py:153} INFO - Started process (PID=461) to work on /home/airflow/.local/lib/python3.7/site-packages/airflow/example_dags/example_latest_only.py
[2022-07-22 14:13:24,976] {processor.py:641} INFO - Processing file /home/airflow/.local/lib/python3.7/site-packages/airflow/example_dags/example_latest_only.py for tasks to queue
[2022-07-22 14:13:24,979] {logging_mixin.py:115} INFO - [2022-07-22 14:13:24,979] {dagbag.py:508} INFO - Filling up the DagBag from /home/airflow/.local/lib/python3.7/site-packages/airflow/example_dags/example_latest_only.py
[2022-07-22 14:13:24,990] {processor.py:651} INFO - DAG(s) dict_keys(['latest_only']) retrieved from /home/airflow/.local/lib/python3.7/site-packages/airflow/example_dags/example_latest_only.py
[2022-07-22 14:13:25,016] {logging_mixin.py:115} INFO - [2022-07-22 14:13:25,016] {dag.py:2420} INFO - Sync 1 DAGs
[2022-07-22 14:13:25,040] {logging_mixin.py:115} INFO - [2022-07-22 14:13:25,040] {dag.py:2972} INFO - Setting next_dagrun for latest_only to 2022-07-22T10:13:25.040412+00:00, run_after=2022-07-22T14:13:25.040412+00:00
[2022-07-22 14:13:25,055] {processor.py:161} INFO - Processing /home/airflow/.local/lib/python3.7/site-packages/airflow/example_dags/example_latest_only.py took 0.088 seconds
[2022-07-22 14:13:55,236] {processor.py:153} INFO - Started process (PID=727) to work on /home/airflow/.local/lib/python3.7/site-packages/airflow/example_dags/example_latest_only.py
[2022-07-22 14:13:55,237] {processor.py:641} INFO - Processing file /home/airflow/.local/lib/python3.7/site-packages/airflow/example_dags/example_latest_only.py for tasks to queue
[2022-07-22 14:13:55,238] {logging_mixin.py:115} INFO - [2022-07-22 14:13:55,238] {dagbag.py:508} INFO - Filling up the DagBag from /home/airflow/.local/lib/python3.7/site-packages/airflow/example_dags/example_latest_only.py
[2022-07-22 14:13:55,246] {processor.py:651} INFO - DAG(s) dict_keys(['latest_only']) retrieved from /home/airflow/.local/lib/python3.7/site-packages/airflow/example_dags/example_latest_only.py
[2022-07-22 14:13:55,288] {logging_mixin.py:115} INFO - [2022-07-22 14:13:55,287] {dag.py:2420} INFO - Sync 1 DAGs
[2022-07-22 14:13:55,315] {logging_mixin.py:115} INFO - [2022-07-22 14:13:55,315] {dag.py:2972} INFO - Setting next_dagrun for latest_only to 2022-07-22T10:13:55.315005+00:00, run_after=2022-07-22T14:13:55.315005+00:00
[2022-07-22 14:13:55,332] {processor.py:161} INFO - Processing /home/airflow/.local/lib/python3.7/site-packages/airflow/example_dags/example_latest_only.py took 0.101 seconds
[2022-07-22 14:14:48,071] {processor.py:153} INFO - Started process (PID=259) to work on /home/airflow/.local/lib/python3.7/site-packages/airflow/example_dags/example_latest_only.py
[2022-07-22 14:14:48,072] {processor.py:641} INFO - Processing file /home/airflow/.local/lib/python3.7/site-packages/airflow/example_dags/example_latest_only.py for tasks to queue
[2022-07-22 14:14:48,073] {logging_mixin.py:115} INFO - [2022-07-22 14:14:48,073] {dagbag.py:508} INFO - Filling up the DagBag from /home/airflow/.local/lib/python3.7/site-packages/airflow/example_dags/example_latest_only.py
[2022-07-22 14:14:48,080] {processor.py:651} INFO - DAG(s) dict_keys(['latest_only']) retrieved from /home/airflow/.local/lib/python3.7/site-packages/airflow/example_dags/example_latest_only.py
[2022-07-22 14:14:48,186] {logging_mixin.py:115} INFO - [2022-07-22 14:14:48,186] {manager.py:508} INFO - Created Permission View: can read on DAG:latest_only
[2022-07-22 14:14:48,202] {logging_mixin.py:115} INFO - [2022-07-22 14:14:48,202] {manager.py:508} INFO - Created Permission View: can edit on DAG:latest_only
[2022-07-22 14:14:48,218] {logging_mixin.py:115} INFO - [2022-07-22 14:14:48,218] {manager.py:508} INFO - Created Permission View: can delete on DAG:latest_only
[2022-07-22 14:14:48,218] {logging_mixin.py:115} INFO - [2022-07-22 14:14:48,218] {dag.py:2420} INFO - Sync 1 DAGs
[2022-07-22 14:14:48,232] {logging_mixin.py:115} INFO - [2022-07-22 14:14:48,232] {dag.py:2439} INFO - Creating ORM DAG for latest_only
[2022-07-22 14:14:48,249] {logging_mixin.py:115} INFO - [2022-07-22 14:14:48,249] {dag.py:2972} INFO - Setting next_dagrun for latest_only to 2022-07-22T10:14:48.248986+00:00, run_after=2022-07-22T14:14:48.248986+00:00
[2022-07-22 14:14:48,268] {processor.py:161} INFO - Processing /home/airflow/.local/lib/python3.7/site-packages/airflow/example_dags/example_latest_only.py took 0.200 seconds
[2022-07-22 14:15:18,973] {processor.py:153} INFO - Started process (PID=473) to work on /home/airflow/.local/lib/python3.7/site-packages/airflow/example_dags/example_latest_only.py
[2022-07-22 14:15:18,974] {processor.py:641} INFO - Processing file /home/airflow/.local/lib/python3.7/site-packages/airflow/example_dags/example_latest_only.py for tasks to queue
[2022-07-22 14:15:18,975] {logging_mixin.py:115} INFO - [2022-07-22 14:15:18,975] {dagbag.py:508} INFO - Filling up the DagBag from /home/airflow/.local/lib/python3.7/site-packages/airflow/example_dags/example_latest_only.py
[2022-07-22 14:15:18,985] {processor.py:651} INFO - DAG(s) dict_keys(['latest_only']) retrieved from /home/airflow/.local/lib/python3.7/site-packages/airflow/example_dags/example_latest_only.py
[2022-07-22 14:15:19,036] {logging_mixin.py:115} INFO - [2022-07-22 14:15:19,036] {dag.py:2420} INFO - Sync 1 DAGs
[2022-07-22 14:15:19,084] {logging_mixin.py:115} INFO - [2022-07-22 14:15:19,084] {dag.py:2972} INFO - Setting next_dagrun for latest_only to 2022-07-22T10:15:19.084073+00:00, run_after=2022-07-22T14:15:19.084073+00:00
[2022-07-22 14:15:19,100] {processor.py:161} INFO - Processing /home/airflow/.local/lib/python3.7/site-packages/airflow/example_dags/example_latest_only.py took 0.133 seconds
[2022-07-22 14:15:49,169] {processor.py:153} INFO - Started process (PID=675) to work on /home/airflow/.local/lib/python3.7/site-packages/airflow/example_dags/example_latest_only.py
[2022-07-22 14:15:49,170] {processor.py:641} INFO - Processing file /home/airflow/.local/lib/python3.7/site-packages/airflow/example_dags/example_latest_only.py for tasks to queue
[2022-07-22 14:15:49,171] {logging_mixin.py:115} INFO - [2022-07-22 14:15:49,171] {dagbag.py:508} INFO - Filling up the DagBag from /home/airflow/.local/lib/python3.7/site-packages/airflow/example_dags/example_latest_only.py
[2022-07-22 14:15:49,179] {processor.py:651} INFO - DAG(s) dict_keys(['latest_only']) retrieved from /home/airflow/.local/lib/python3.7/site-packages/airflow/example_dags/example_latest_only.py
[2022-07-22 14:15:49,229] {logging_mixin.py:115} INFO - [2022-07-22 14:15:49,229] {dag.py:2420} INFO - Sync 1 DAGs
[2022-07-22 14:15:49,248] {logging_mixin.py:115} INFO - [2022-07-22 14:15:49,248] {dag.py:2972} INFO - Setting next_dagrun for latest_only to 2022-07-22T10:15:49.248346+00:00, run_after=2022-07-22T14:15:49.248346+00:00
[2022-07-22 14:15:49,262] {processor.py:161} INFO - Processing /home/airflow/.local/lib/python3.7/site-packages/airflow/example_dags/example_latest_only.py took 0.099 seconds
[2022-07-22 14:16:19,812] {processor.py:153} INFO - Started process (PID=887) to work on /home/airflow/.local/lib/python3.7/site-packages/airflow/example_dags/example_latest_only.py
[2022-07-22 14:16:19,813] {processor.py:641} INFO - Processing file /home/airflow/.local/lib/python3.7/site-packages/airflow/example_dags/example_latest_only.py for tasks to queue
[2022-07-22 14:16:19,814] {logging_mixin.py:115} INFO - [2022-07-22 14:16:19,814] {dagbag.py:508} INFO - Filling up the DagBag from /home/airflow/.local/lib/python3.7/site-packages/airflow/example_dags/example_latest_only.py
[2022-07-22 14:16:19,820] {processor.py:651} INFO - DAG(s) dict_keys(['latest_only']) retrieved from /home/airflow/.local/lib/python3.7/site-packages/airflow/example_dags/example_latest_only.py
[2022-07-22 14:16:19,861] {logging_mixin.py:115} INFO - [2022-07-22 14:16:19,861] {dag.py:2420} INFO - Sync 1 DAGs
[2022-07-22 14:16:19,901] {logging_mixin.py:115} INFO - [2022-07-22 14:16:19,901] {dag.py:2972} INFO - Setting next_dagrun for latest_only to 2022-07-22T10:16:19.901278+00:00, run_after=2022-07-22T14:16:19.901278+00:00
[2022-07-22 14:16:19,925] {processor.py:161} INFO - Processing /home/airflow/.local/lib/python3.7/site-packages/airflow/example_dags/example_latest_only.py took 0.116 seconds
[2022-07-22 14:16:50,273] {processor.py:153} INFO - Started process (PID=1080) to work on /home/airflow/.local/lib/python3.7/site-packages/airflow/example_dags/example_latest_only.py
[2022-07-22 14:16:50,274] {processor.py:641} INFO - Processing file /home/airflow/.local/lib/python3.7/site-packages/airflow/example_dags/example_latest_only.py for tasks to queue
[2022-07-22 14:16:50,275] {logging_mixin.py:115} INFO - [2022-07-22 14:16:50,275] {dagbag.py:508} INFO - Filling up the DagBag from /home/airflow/.local/lib/python3.7/site-packages/airflow/example_dags/example_latest_only.py
[2022-07-22 14:16:50,285] {processor.py:651} INFO - DAG(s) dict_keys(['latest_only']) retrieved from /home/airflow/.local/lib/python3.7/site-packages/airflow/example_dags/example_latest_only.py
[2022-07-22 14:16:50,348] {logging_mixin.py:115} INFO - [2022-07-22 14:16:50,347] {dag.py:2420} INFO - Sync 1 DAGs
[2022-07-22 14:16:50,378] {logging_mixin.py:115} INFO - [2022-07-22 14:16:50,378] {dag.py:2972} INFO - Setting next_dagrun for latest_only to 2022-07-22T10:16:50.378014+00:00, run_after=2022-07-22T14:16:50.378014+00:00
[2022-07-22 14:16:50,391] {processor.py:161} INFO - Processing /home/airflow/.local/lib/python3.7/site-packages/airflow/example_dags/example_latest_only.py took 0.124 seconds
[2022-07-22 14:17:20,526] {processor.py:153} INFO - Started process (PID=1282) to work on /home/airflow/.local/lib/python3.7/site-packages/airflow/example_dags/example_latest_only.py
[2022-07-22 14:17:20,527] {processor.py:641} INFO - Processing file /home/airflow/.local/lib/python3.7/site-packages/airflow/example_dags/example_latest_only.py for tasks to queue
[2022-07-22 14:17:20,529] {logging_mixin.py:115} INFO - [2022-07-22 14:17:20,528] {dagbag.py:508} INFO - Filling up the DagBag from /home/airflow/.local/lib/python3.7/site-packages/airflow/example_dags/example_latest_only.py
[2022-07-22 14:17:20,539] {processor.py:651} INFO - DAG(s) dict_keys(['latest_only']) retrieved from /home/airflow/.local/lib/python3.7/site-packages/airflow/example_dags/example_latest_only.py
[2022-07-22 14:17:20,583] {logging_mixin.py:115} INFO - [2022-07-22 14:17:20,583] {dag.py:2420} INFO - Sync 1 DAGs
[2022-07-22 14:17:20,623] {logging_mixin.py:115} INFO - [2022-07-22 14:17:20,623] {dag.py:2972} INFO - Setting next_dagrun for latest_only to 2022-07-22T10:17:20.622968+00:00, run_after=2022-07-22T14:17:20.622968+00:00
[2022-07-22 14:17:20,649] {processor.py:161} INFO - Processing /home/airflow/.local/lib/python3.7/site-packages/airflow/example_dags/example_latest_only.py took 0.130 seconds
[2022-07-22 14:17:51,495] {processor.py:153} INFO - Started process (PID=1484) to work on /home/airflow/.local/lib/python3.7/site-packages/airflow/example_dags/example_latest_only.py
[2022-07-22 14:17:51,496] {processor.py:641} INFO - Processing file /home/airflow/.local/lib/python3.7/site-packages/airflow/example_dags/example_latest_only.py for tasks to queue
[2022-07-22 14:17:51,497] {logging_mixin.py:115} INFO - [2022-07-22 14:17:51,497] {dagbag.py:508} INFO - Filling up the DagBag from /home/airflow/.local/lib/python3.7/site-packages/airflow/example_dags/example_latest_only.py
[2022-07-22 14:17:51,503] {processor.py:651} INFO - DAG(s) dict_keys(['latest_only']) retrieved from /home/airflow/.local/lib/python3.7/site-packages/airflow/example_dags/example_latest_only.py
[2022-07-22 14:17:51,529] {logging_mixin.py:115} INFO - [2022-07-22 14:17:51,529] {dag.py:2420} INFO - Sync 1 DAGs
[2022-07-22 14:17:51,553] {logging_mixin.py:115} INFO - [2022-07-22 14:17:51,553] {dag.py:2972} INFO - Setting next_dagrun for latest_only to 2022-07-22T10:17:51.552882+00:00, run_after=2022-07-22T14:17:51.552882+00:00
[2022-07-22 14:17:51,573] {processor.py:161} INFO - Processing /home/airflow/.local/lib/python3.7/site-packages/airflow/example_dags/example_latest_only.py took 0.081 seconds
[2022-07-22 14:18:22,048] {processor.py:153} INFO - Started process (PID=1676) to work on /home/airflow/.local/lib/python3.7/site-packages/airflow/example_dags/example_latest_only.py
[2022-07-22 14:18:22,049] {processor.py:641} INFO - Processing file /home/airflow/.local/lib/python3.7/site-packages/airflow/example_dags/example_latest_only.py for tasks to queue
[2022-07-22 14:18:22,050] {logging_mixin.py:115} INFO - [2022-07-22 14:18:22,050] {dagbag.py:508} INFO - Filling up the DagBag from /home/airflow/.local/lib/python3.7/site-packages/airflow/example_dags/example_latest_only.py
[2022-07-22 14:18:22,061] {processor.py:651} INFO - DAG(s) dict_keys(['latest_only']) retrieved from /home/airflow/.local/lib/python3.7/site-packages/airflow/example_dags/example_latest_only.py
[2022-07-22 14:18:22,113] {logging_mixin.py:115} INFO - [2022-07-22 14:18:22,113] {dag.py:2420} INFO - Sync 1 DAGs
[2022-07-22 14:18:22,157] {logging_mixin.py:115} INFO - [2022-07-22 14:18:22,157] {dag.py:2972} INFO - Setting next_dagrun for latest_only to 2022-07-22T10:18:22.157338+00:00, run_after=2022-07-22T14:18:22.157338+00:00
[2022-07-22 14:18:22,171] {processor.py:161} INFO - Processing /home/airflow/.local/lib/python3.7/site-packages/airflow/example_dags/example_latest_only.py took 0.128 seconds
[2022-07-22 14:18:52,253] {processor.py:153} INFO - Started process (PID=1878) to work on /home/airflow/.local/lib/python3.7/site-packages/airflow/example_dags/example_latest_only.py
[2022-07-22 14:18:52,254] {processor.py:641} INFO - Processing file /home/airflow/.local/lib/python3.7/site-packages/airflow/example_dags/example_latest_only.py for tasks to queue
[2022-07-22 14:18:52,255] {logging_mixin.py:115} INFO - [2022-07-22 14:18:52,255] {dagbag.py:508} INFO - Filling up the DagBag from /home/airflow/.local/lib/python3.7/site-packages/airflow/example_dags/example_latest_only.py
[2022-07-22 14:18:52,264] {processor.py:651} INFO - DAG(s) dict_keys(['latest_only']) retrieved from /home/airflow/.local/lib/python3.7/site-packages/airflow/example_dags/example_latest_only.py
[2022-07-22 14:18:52,316] {logging_mixin.py:115} INFO - [2022-07-22 14:18:52,316] {dag.py:2420} INFO - Sync 1 DAGs
[2022-07-22 14:18:52,366] {logging_mixin.py:115} INFO - [2022-07-22 14:18:52,366] {dag.py:2972} INFO - Setting next_dagrun for latest_only to 2022-07-22T10:18:52.365672+00:00, run_after=2022-07-22T14:18:52.365672+00:00
[2022-07-22 14:18:52,397] {processor.py:161} INFO - Processing /home/airflow/.local/lib/python3.7/site-packages/airflow/example_dags/example_latest_only.py took 0.151 seconds
[2022-07-22 14:19:22,511] {processor.py:153} INFO - Started process (PID=2080) to work on /home/airflow/.local/lib/python3.7/site-packages/airflow/example_dags/example_latest_only.py
[2022-07-22 14:19:22,512] {processor.py:641} INFO - Processing file /home/airflow/.local/lib/python3.7/site-packages/airflow/example_dags/example_latest_only.py for tasks to queue
[2022-07-22 14:19:22,512] {logging_mixin.py:115} INFO - [2022-07-22 14:19:22,512] {dagbag.py:508} INFO - Filling up the DagBag from /home/airflow/.local/lib/python3.7/site-packages/airflow/example_dags/example_latest_only.py
[2022-07-22 14:19:22,518] {processor.py:651} INFO - DAG(s) dict_keys(['latest_only']) retrieved from /home/airflow/.local/lib/python3.7/site-packages/airflow/example_dags/example_latest_only.py
[2022-07-22 14:19:22,558] {logging_mixin.py:115} INFO - [2022-07-22 14:19:22,558] {dag.py:2420} INFO - Sync 1 DAGs
[2022-07-22 14:19:22,590] {logging_mixin.py:115} INFO - [2022-07-22 14:19:22,590] {dag.py:2972} INFO - Setting next_dagrun for latest_only to 2022-07-22T10:19:22.589949+00:00, run_after=2022-07-22T14:19:22.589949+00:00
[2022-07-22 14:19:22,610] {processor.py:161} INFO - Processing /home/airflow/.local/lib/python3.7/site-packages/airflow/example_dags/example_latest_only.py took 0.103 seconds
[2022-07-22 14:19:52,992] {processor.py:153} INFO - Started process (PID=2273) to work on /home/airflow/.local/lib/python3.7/site-packages/airflow/example_dags/example_latest_only.py
[2022-07-22 14:19:52,993] {processor.py:641} INFO - Processing file /home/airflow/.local/lib/python3.7/site-packages/airflow/example_dags/example_latest_only.py for tasks to queue
[2022-07-22 14:19:52,994] {logging_mixin.py:115} INFO - [2022-07-22 14:19:52,994] {dagbag.py:508} INFO - Filling up the DagBag from /home/airflow/.local/lib/python3.7/site-packages/airflow/example_dags/example_latest_only.py
[2022-07-22 14:19:53,005] {processor.py:651} INFO - DAG(s) dict_keys(['latest_only']) retrieved from /home/airflow/.local/lib/python3.7/site-packages/airflow/example_dags/example_latest_only.py
[2022-07-22 14:19:53,052] {logging_mixin.py:115} INFO - [2022-07-22 14:19:53,052] {dag.py:2420} INFO - Sync 1 DAGs
[2022-07-22 14:19:53,100] {logging_mixin.py:115} INFO - [2022-07-22 14:19:53,100] {dag.py:2972} INFO - Setting next_dagrun for latest_only to 2022-07-22T10:19:53.099979+00:00, run_after=2022-07-22T14:19:53.099979+00:00
[2022-07-22 14:19:53,115] {processor.py:161} INFO - Processing /home/airflow/.local/lib/python3.7/site-packages/airflow/example_dags/example_latest_only.py took 0.130 seconds
[2022-07-22 14:20:23,285] {processor.py:153} INFO - Started process (PID=2475) to work on /home/airflow/.local/lib/python3.7/site-packages/airflow/example_dags/example_latest_only.py
[2022-07-22 14:20:23,286] {processor.py:641} INFO - Processing file /home/airflow/.local/lib/python3.7/site-packages/airflow/example_dags/example_latest_only.py for tasks to queue
[2022-07-22 14:20:23,287] {logging_mixin.py:115} INFO - [2022-07-22 14:20:23,287] {dagbag.py:508} INFO - Filling up the DagBag from /home/airflow/.local/lib/python3.7/site-packages/airflow/example_dags/example_latest_only.py
[2022-07-22 14:20:23,296] {processor.py:651} INFO - DAG(s) dict_keys(['latest_only']) retrieved from /home/airflow/.local/lib/python3.7/site-packages/airflow/example_dags/example_latest_only.py
[2022-07-22 14:20:23,352] {logging_mixin.py:115} INFO - [2022-07-22 14:20:23,352] {dag.py:2420} INFO - Sync 1 DAGs
[2022-07-22 14:20:23,396] {logging_mixin.py:115} INFO - [2022-07-22 14:20:23,396] {dag.py:2972} INFO - Setting next_dagrun for latest_only to 2022-07-22T10:20:23.396395+00:00, run_after=2022-07-22T14:20:23.396395+00:00
[2022-07-22 14:20:23,412] {processor.py:161} INFO - Processing /home/airflow/.local/lib/python3.7/site-packages/airflow/example_dags/example_latest_only.py took 0.132 seconds
[2022-07-22 14:20:53,878] {processor.py:153} INFO - Started process (PID=2679) to work on /home/airflow/.local/lib/python3.7/site-packages/airflow/example_dags/example_latest_only.py
[2022-07-22 14:20:53,879] {processor.py:641} INFO - Processing file /home/airflow/.local/lib/python3.7/site-packages/airflow/example_dags/example_latest_only.py for tasks to queue
[2022-07-22 14:20:53,880] {logging_mixin.py:115} INFO - [2022-07-22 14:20:53,880] {dagbag.py:508} INFO - Filling up the DagBag from /home/airflow/.local/lib/python3.7/site-packages/airflow/example_dags/example_latest_only.py
[2022-07-22 14:20:53,890] {processor.py:651} INFO - DAG(s) dict_keys(['latest_only']) retrieved from /home/airflow/.local/lib/python3.7/site-packages/airflow/example_dags/example_latest_only.py
[2022-07-22 14:20:53,915] {logging_mixin.py:115} INFO - [2022-07-22 14:20:53,915] {dag.py:2420} INFO - Sync 1 DAGs
[2022-07-22 14:20:53,949] {logging_mixin.py:115} INFO - [2022-07-22 14:20:53,949] {dag.py:2972} INFO - Setting next_dagrun for latest_only to 2022-07-22T10:20:53.948629+00:00, run_after=2022-07-22T14:20:53.948629+00:00
[2022-07-22 14:20:53,973] {processor.py:161} INFO - Processing /home/airflow/.local/lib/python3.7/site-packages/airflow/example_dags/example_latest_only.py took 0.100 seconds
[2022-07-22 14:21:24,229] {processor.py:153} INFO - Started process (PID=2870) to work on /home/airflow/.local/lib/python3.7/site-packages/airflow/example_dags/example_latest_only.py
[2022-07-22 14:21:24,230] {processor.py:641} INFO - Processing file /home/airflow/.local/lib/python3.7/site-packages/airflow/example_dags/example_latest_only.py for tasks to queue
[2022-07-22 14:21:24,231] {logging_mixin.py:115} INFO - [2022-07-22 14:21:24,231] {dagbag.py:508} INFO - Filling up the DagBag from /home/airflow/.local/lib/python3.7/site-packages/airflow/example_dags/example_latest_only.py
[2022-07-22 14:21:24,240] {processor.py:651} INFO - DAG(s) dict_keys(['latest_only']) retrieved from /home/airflow/.local/lib/python3.7/site-packages/airflow/example_dags/example_latest_only.py
[2022-07-22 14:21:24,266] {logging_mixin.py:115} INFO - [2022-07-22 14:21:24,266] {dag.py:2420} INFO - Sync 1 DAGs
[2022-07-22 14:21:24,286] {logging_mixin.py:115} INFO - [2022-07-22 14:21:24,286] {dag.py:2972} INFO - Setting next_dagrun for latest_only to 2022-07-22T10:21:24.286445+00:00, run_after=2022-07-22T14:21:24.286445+00:00
[2022-07-22 14:21:24,300] {processor.py:161} INFO - Processing /home/airflow/.local/lib/python3.7/site-packages/airflow/example_dags/example_latest_only.py took 0.077 seconds
[2022-07-22 14:21:55,474] {processor.py:153} INFO - Started process (PID=3072) to work on /home/airflow/.local/lib/python3.7/site-packages/airflow/example_dags/example_latest_only.py
[2022-07-22 14:21:55,475] {processor.py:641} INFO - Processing file /home/airflow/.local/lib/python3.7/site-packages/airflow/example_dags/example_latest_only.py for tasks to queue
[2022-07-22 14:21:55,476] {logging_mixin.py:115} INFO - [2022-07-22 14:21:55,476] {dagbag.py:508} INFO - Filling up the DagBag from /home/airflow/.local/lib/python3.7/site-packages/airflow/example_dags/example_latest_only.py
[2022-07-22 14:21:55,487] {processor.py:651} INFO - DAG(s) dict_keys(['latest_only']) retrieved from /home/airflow/.local/lib/python3.7/site-packages/airflow/example_dags/example_latest_only.py
[2022-07-22 14:21:55,542] {logging_mixin.py:115} INFO - [2022-07-22 14:21:55,541] {dag.py:2420} INFO - Sync 1 DAGs
[2022-07-22 14:21:55,582] {logging_mixin.py:115} INFO - [2022-07-22 14:21:55,582] {dag.py:2972} INFO - Setting next_dagrun for latest_only to 2022-07-22T10:21:55.582311+00:00, run_after=2022-07-22T14:21:55.582311+00:00
[2022-07-22 14:21:55,606] {processor.py:161} INFO - Processing /home/airflow/.local/lib/python3.7/site-packages/airflow/example_dags/example_latest_only.py took 0.139 seconds
[2022-07-22 14:22:25,951] {processor.py:153} INFO - Started process (PID=3274) to work on /home/airflow/.local/lib/python3.7/site-packages/airflow/example_dags/example_latest_only.py
[2022-07-22 14:22:25,952] {processor.py:641} INFO - Processing file /home/airflow/.local/lib/python3.7/site-packages/airflow/example_dags/example_latest_only.py for tasks to queue
[2022-07-22 14:22:25,953] {logging_mixin.py:115} INFO - [2022-07-22 14:22:25,953] {dagbag.py:508} INFO - Filling up the DagBag from /home/airflow/.local/lib/python3.7/site-packages/airflow/example_dags/example_latest_only.py
[2022-07-22 14:22:25,966] {processor.py:651} INFO - DAG(s) dict_keys(['latest_only']) retrieved from /home/airflow/.local/lib/python3.7/site-packages/airflow/example_dags/example_latest_only.py
[2022-07-22 14:22:26,030] {logging_mixin.py:115} INFO - [2022-07-22 14:22:26,029] {dag.py:2420} INFO - Sync 1 DAGs
[2022-07-22 14:22:26,065] {logging_mixin.py:115} INFO - [2022-07-22 14:22:26,065] {dag.py:2972} INFO - Setting next_dagrun for latest_only to 2022-07-22T10:22:26.065493+00:00, run_after=2022-07-22T14:22:26.065493+00:00
[2022-07-22 14:22:26,080] {processor.py:161} INFO - Processing /home/airflow/.local/lib/python3.7/site-packages/airflow/example_dags/example_latest_only.py took 0.137 seconds
[2022-07-22 14:22:56,209] {processor.py:153} INFO - Started process (PID=3467) to work on /home/airflow/.local/lib/python3.7/site-packages/airflow/example_dags/example_latest_only.py
[2022-07-22 14:22:56,211] {processor.py:641} INFO - Processing file /home/airflow/.local/lib/python3.7/site-packages/airflow/example_dags/example_latest_only.py for tasks to queue
[2022-07-22 14:22:56,212] {logging_mixin.py:115} INFO - [2022-07-22 14:22:56,212] {dagbag.py:508} INFO - Filling up the DagBag from /home/airflow/.local/lib/python3.7/site-packages/airflow/example_dags/example_latest_only.py
[2022-07-22 14:22:56,223] {processor.py:651} INFO - DAG(s) dict_keys(['latest_only']) retrieved from /home/airflow/.local/lib/python3.7/site-packages/airflow/example_dags/example_latest_only.py
[2022-07-22 14:22:56,260] {logging_mixin.py:115} INFO - [2022-07-22 14:22:56,260] {dag.py:2420} INFO - Sync 1 DAGs
[2022-07-22 14:22:56,278] {logging_mixin.py:115} INFO - [2022-07-22 14:22:56,278] {dag.py:2972} INFO - Setting next_dagrun for latest_only to 2022-07-22T10:22:56.278417+00:00, run_after=2022-07-22T14:22:56.278417+00:00
[2022-07-22 14:22:56,291] {processor.py:161} INFO - Processing /home/airflow/.local/lib/python3.7/site-packages/airflow/example_dags/example_latest_only.py took 0.087 seconds
[2022-07-22 14:23:26,725] {processor.py:153} INFO - Started process (PID=3668) to work on /home/airflow/.local/lib/python3.7/site-packages/airflow/example_dags/example_latest_only.py
[2022-07-22 14:23:26,725] {processor.py:641} INFO - Processing file /home/airflow/.local/lib/python3.7/site-packages/airflow/example_dags/example_latest_only.py for tasks to queue
[2022-07-22 14:23:26,726] {logging_mixin.py:115} INFO - [2022-07-22 14:23:26,726] {dagbag.py:508} INFO - Filling up the DagBag from /home/airflow/.local/lib/python3.7/site-packages/airflow/example_dags/example_latest_only.py
[2022-07-22 14:23:26,736] {processor.py:651} INFO - DAG(s) dict_keys(['latest_only']) retrieved from /home/airflow/.local/lib/python3.7/site-packages/airflow/example_dags/example_latest_only.py
[2022-07-22 14:23:26,762] {logging_mixin.py:115} INFO - [2022-07-22 14:23:26,762] {dag.py:2420} INFO - Sync 1 DAGs
[2022-07-22 14:23:26,800] {logging_mixin.py:115} INFO - [2022-07-22 14:23:26,800] {dag.py:2972} INFO - Setting next_dagrun for latest_only to 2022-07-22T10:23:26.799926+00:00, run_after=2022-07-22T14:23:26.799926+00:00
[2022-07-22 14:23:26,825] {processor.py:161} INFO - Processing /home/airflow/.local/lib/python3.7/site-packages/airflow/example_dags/example_latest_only.py took 0.102 seconds
[2022-07-22 14:23:57,135] {processor.py:153} INFO - Started process (PID=3872) to work on /home/airflow/.local/lib/python3.7/site-packages/airflow/example_dags/example_latest_only.py
[2022-07-22 14:23:57,135] {processor.py:641} INFO - Processing file /home/airflow/.local/lib/python3.7/site-packages/airflow/example_dags/example_latest_only.py for tasks to queue
[2022-07-22 14:23:57,136] {logging_mixin.py:115} INFO - [2022-07-22 14:23:57,136] {dagbag.py:508} INFO - Filling up the DagBag from /home/airflow/.local/lib/python3.7/site-packages/airflow/example_dags/example_latest_only.py
[2022-07-22 14:23:57,140] {processor.py:651} INFO - DAG(s) dict_keys(['latest_only']) retrieved from /home/airflow/.local/lib/python3.7/site-packages/airflow/example_dags/example_latest_only.py
[2022-07-22 14:23:57,185] {logging_mixin.py:115} INFO - [2022-07-22 14:23:57,185] {dag.py:2420} INFO - Sync 1 DAGs
[2022-07-22 14:23:57,225] {logging_mixin.py:115} INFO - [2022-07-22 14:23:57,225] {dag.py:2972} INFO - Setting next_dagrun for latest_only to 2022-07-22T10:23:57.225694+00:00, run_after=2022-07-22T14:23:57.225694+00:00
[2022-07-22 14:23:57,241] {processor.py:161} INFO - Processing /home/airflow/.local/lib/python3.7/site-packages/airflow/example_dags/example_latest_only.py took 0.109 seconds
[2022-07-22 14:24:27,552] {processor.py:153} INFO - Started process (PID=4072) to work on /home/airflow/.local/lib/python3.7/site-packages/airflow/example_dags/example_latest_only.py
[2022-07-22 14:24:27,553] {processor.py:641} INFO - Processing file /home/airflow/.local/lib/python3.7/site-packages/airflow/example_dags/example_latest_only.py for tasks to queue
[2022-07-22 14:24:27,554] {logging_mixin.py:115} INFO - [2022-07-22 14:24:27,554] {dagbag.py:508} INFO - Filling up the DagBag from /home/airflow/.local/lib/python3.7/site-packages/airflow/example_dags/example_latest_only.py
[2022-07-22 14:24:27,562] {processor.py:651} INFO - DAG(s) dict_keys(['latest_only']) retrieved from /home/airflow/.local/lib/python3.7/site-packages/airflow/example_dags/example_latest_only.py
[2022-07-22 14:24:27,602] {logging_mixin.py:115} INFO - [2022-07-22 14:24:27,602] {dag.py:2420} INFO - Sync 1 DAGs
[2022-07-22 14:24:27,636] {logging_mixin.py:115} INFO - [2022-07-22 14:24:27,636] {dag.py:2972} INFO - Setting next_dagrun for latest_only to 2022-07-22T10:24:27.636571+00:00, run_after=2022-07-22T14:24:27.636571+00:00
[2022-07-22 14:24:27,651] {processor.py:161} INFO - Processing /home/airflow/.local/lib/python3.7/site-packages/airflow/example_dags/example_latest_only.py took 0.104 seconds
[2022-07-22 14:24:57,686] {processor.py:153} INFO - Started process (PID=4260) to work on /home/airflow/.local/lib/python3.7/site-packages/airflow/example_dags/example_latest_only.py
[2022-07-22 14:24:57,686] {processor.py:641} INFO - Processing file /home/airflow/.local/lib/python3.7/site-packages/airflow/example_dags/example_latest_only.py for tasks to queue
[2022-07-22 14:24:57,687] {logging_mixin.py:115} INFO - [2022-07-22 14:24:57,687] {dagbag.py:508} INFO - Filling up the DagBag from /home/airflow/.local/lib/python3.7/site-packages/airflow/example_dags/example_latest_only.py
[2022-07-22 14:24:57,693] {processor.py:651} INFO - DAG(s) dict_keys(['latest_only']) retrieved from /home/airflow/.local/lib/python3.7/site-packages/airflow/example_dags/example_latest_only.py
[2022-07-22 14:24:57,717] {logging_mixin.py:115} INFO - [2022-07-22 14:24:57,716] {dag.py:2420} INFO - Sync 1 DAGs
[2022-07-22 14:24:57,736] {logging_mixin.py:115} INFO - [2022-07-22 14:24:57,736] {dag.py:2972} INFO - Setting next_dagrun for latest_only to 2022-07-22T10:24:57.736337+00:00, run_after=2022-07-22T14:24:57.736337+00:00
[2022-07-22 14:24:57,747] {processor.py:161} INFO - Processing /home/airflow/.local/lib/python3.7/site-packages/airflow/example_dags/example_latest_only.py took 0.064 seconds
[2022-07-22 14:25:28,272] {processor.py:153} INFO - Started process (PID=4467) to work on /home/airflow/.local/lib/python3.7/site-packages/airflow/example_dags/example_latest_only.py
[2022-07-22 14:25:28,273] {processor.py:641} INFO - Processing file /home/airflow/.local/lib/python3.7/site-packages/airflow/example_dags/example_latest_only.py for tasks to queue
[2022-07-22 14:25:28,274] {logging_mixin.py:115} INFO - [2022-07-22 14:25:28,274] {dagbag.py:508} INFO - Filling up the DagBag from /home/airflow/.local/lib/python3.7/site-packages/airflow/example_dags/example_latest_only.py
[2022-07-22 14:25:28,284] {processor.py:651} INFO - DAG(s) dict_keys(['latest_only']) retrieved from /home/airflow/.local/lib/python3.7/site-packages/airflow/example_dags/example_latest_only.py
[2022-07-22 14:25:28,334] {logging_mixin.py:115} INFO - [2022-07-22 14:25:28,334] {dag.py:2420} INFO - Sync 1 DAGs
[2022-07-22 14:25:28,383] {logging_mixin.py:115} INFO - [2022-07-22 14:25:28,383] {dag.py:2972} INFO - Setting next_dagrun for latest_only to 2022-07-22T10:25:28.382795+00:00, run_after=2022-07-22T14:25:28.382795+00:00
[2022-07-22 14:25:28,406] {processor.py:161} INFO - Processing /home/airflow/.local/lib/python3.7/site-packages/airflow/example_dags/example_latest_only.py took 0.141 seconds
[2022-07-22 14:25:58,622] {processor.py:153} INFO - Started process (PID=4669) to work on /home/airflow/.local/lib/python3.7/site-packages/airflow/example_dags/example_latest_only.py
[2022-07-22 14:25:58,622] {processor.py:641} INFO - Processing file /home/airflow/.local/lib/python3.7/site-packages/airflow/example_dags/example_latest_only.py for tasks to queue
[2022-07-22 14:25:58,622] {logging_mixin.py:115} INFO - [2022-07-22 14:25:58,622] {dagbag.py:508} INFO - Filling up the DagBag from /home/airflow/.local/lib/python3.7/site-packages/airflow/example_dags/example_latest_only.py
[2022-07-22 14:25:58,626] {processor.py:651} INFO - DAG(s) dict_keys(['latest_only']) retrieved from /home/airflow/.local/lib/python3.7/site-packages/airflow/example_dags/example_latest_only.py
[2022-07-22 14:25:58,651] {logging_mixin.py:115} INFO - [2022-07-22 14:25:58,651] {dag.py:2420} INFO - Sync 1 DAGs
[2022-07-22 14:25:58,674] {logging_mixin.py:115} INFO - [2022-07-22 14:25:58,674] {dag.py:2972} INFO - Setting next_dagrun for latest_only to 2022-07-22T10:25:58.674174+00:00, run_after=2022-07-22T14:25:58.674174+00:00
[2022-07-22 14:25:58,689] {processor.py:161} INFO - Processing /home/airflow/.local/lib/python3.7/site-packages/airflow/example_dags/example_latest_only.py took 0.070 seconds
[2022-07-22 14:26:29,315] {processor.py:153} INFO - Started process (PID=4862) to work on /home/airflow/.local/lib/python3.7/site-packages/airflow/example_dags/example_latest_only.py
[2022-07-22 14:26:29,318] {processor.py:641} INFO - Processing file /home/airflow/.local/lib/python3.7/site-packages/airflow/example_dags/example_latest_only.py for tasks to queue
[2022-07-22 14:26:29,318] {logging_mixin.py:115} INFO - [2022-07-22 14:26:29,318] {dagbag.py:508} INFO - Filling up the DagBag from /home/airflow/.local/lib/python3.7/site-packages/airflow/example_dags/example_latest_only.py
[2022-07-22 14:26:29,322] {processor.py:651} INFO - DAG(s) dict_keys(['latest_only']) retrieved from /home/airflow/.local/lib/python3.7/site-packages/airflow/example_dags/example_latest_only.py
[2022-07-22 14:26:29,374] {logging_mixin.py:115} INFO - [2022-07-22 14:26:29,374] {dag.py:2420} INFO - Sync 1 DAGs
[2022-07-22 14:26:29,408] {logging_mixin.py:115} INFO - [2022-07-22 14:26:29,408] {dag.py:2972} INFO - Setting next_dagrun for latest_only to 2022-07-22T10:26:29.408678+00:00, run_after=2022-07-22T14:26:29.408678+00:00
[2022-07-22 14:26:29,423] {processor.py:161} INFO - Processing /home/airflow/.local/lib/python3.7/site-packages/airflow/example_dags/example_latest_only.py took 0.112 seconds
[2022-07-22 14:26:59,944] {processor.py:153} INFO - Started process (PID=5067) to work on /home/airflow/.local/lib/python3.7/site-packages/airflow/example_dags/example_latest_only.py
[2022-07-22 14:26:59,944] {processor.py:641} INFO - Processing file /home/airflow/.local/lib/python3.7/site-packages/airflow/example_dags/example_latest_only.py for tasks to queue
[2022-07-22 14:26:59,946] {logging_mixin.py:115} INFO - [2022-07-22 14:26:59,946] {dagbag.py:508} INFO - Filling up the DagBag from /home/airflow/.local/lib/python3.7/site-packages/airflow/example_dags/example_latest_only.py
[2022-07-22 14:26:59,955] {processor.py:651} INFO - DAG(s) dict_keys(['latest_only']) retrieved from /home/airflow/.local/lib/python3.7/site-packages/airflow/example_dags/example_latest_only.py
[2022-07-22 14:27:00,006] {logging_mixin.py:115} INFO - [2022-07-22 14:27:00,006] {dag.py:2420} INFO - Sync 1 DAGs
[2022-07-22 14:27:00,040] {logging_mixin.py:115} INFO - [2022-07-22 14:27:00,040] {dag.py:2972} INFO - Setting next_dagrun for latest_only to 2022-07-22T10:27:00.040609+00:00, run_after=2022-07-22T14:27:00.040609+00:00
[2022-07-22 14:27:00,051] {processor.py:161} INFO - Processing /home/airflow/.local/lib/python3.7/site-packages/airflow/example_dags/example_latest_only.py took 0.114 seconds
[2022-07-22 14:27:30,573] {processor.py:153} INFO - Started process (PID=5267) to work on /home/airflow/.local/lib/python3.7/site-packages/airflow/example_dags/example_latest_only.py
[2022-07-22 14:27:30,574] {processor.py:641} INFO - Processing file /home/airflow/.local/lib/python3.7/site-packages/airflow/example_dags/example_latest_only.py for tasks to queue
[2022-07-22 14:27:30,575] {logging_mixin.py:115} INFO - [2022-07-22 14:27:30,575] {dagbag.py:508} INFO - Filling up the DagBag from /home/airflow/.local/lib/python3.7/site-packages/airflow/example_dags/example_latest_only.py
[2022-07-22 14:27:30,587] {processor.py:651} INFO - DAG(s) dict_keys(['latest_only']) retrieved from /home/airflow/.local/lib/python3.7/site-packages/airflow/example_dags/example_latest_only.py
[2022-07-22 14:27:30,632] {logging_mixin.py:115} INFO - [2022-07-22 14:27:30,631] {dag.py:2420} INFO - Sync 1 DAGs
[2022-07-22 14:27:30,654] {logging_mixin.py:115} INFO - [2022-07-22 14:27:30,653] {dag.py:2972} INFO - Setting next_dagrun for latest_only to 2022-07-22T10:27:30.653738+00:00, run_after=2022-07-22T14:27:30.653738+00:00
[2022-07-22 14:27:30,665] {processor.py:161} INFO - Processing /home/airflow/.local/lib/python3.7/site-packages/airflow/example_dags/example_latest_only.py took 0.099 seconds
[2022-07-22 14:28:01,608] {processor.py:153} INFO - Started process (PID=5460) to work on /home/airflow/.local/lib/python3.7/site-packages/airflow/example_dags/example_latest_only.py
[2022-07-22 14:28:01,609] {processor.py:641} INFO - Processing file /home/airflow/.local/lib/python3.7/site-packages/airflow/example_dags/example_latest_only.py for tasks to queue
[2022-07-22 14:28:01,610] {logging_mixin.py:115} INFO - [2022-07-22 14:28:01,610] {dagbag.py:508} INFO - Filling up the DagBag from /home/airflow/.local/lib/python3.7/site-packages/airflow/example_dags/example_latest_only.py
[2022-07-22 14:28:01,620] {processor.py:651} INFO - DAG(s) dict_keys(['latest_only']) retrieved from /home/airflow/.local/lib/python3.7/site-packages/airflow/example_dags/example_latest_only.py
[2022-07-22 14:28:01,670] {logging_mixin.py:115} INFO - [2022-07-22 14:28:01,670] {dag.py:2420} INFO - Sync 1 DAGs
[2022-07-22 14:28:01,718] {logging_mixin.py:115} INFO - [2022-07-22 14:28:01,717] {dag.py:2972} INFO - Setting next_dagrun for latest_only to 2022-07-22T10:28:01.717599+00:00, run_after=2022-07-22T14:28:01.717599+00:00
[2022-07-22 14:28:01,740] {processor.py:161} INFO - Processing /home/airflow/.local/lib/python3.7/site-packages/airflow/example_dags/example_latest_only.py took 0.138 seconds
[2022-07-22 14:28:31,895] {processor.py:153} INFO - Started process (PID=5662) to work on /home/airflow/.local/lib/python3.7/site-packages/airflow/example_dags/example_latest_only.py
[2022-07-22 14:28:31,895] {processor.py:641} INFO - Processing file /home/airflow/.local/lib/python3.7/site-packages/airflow/example_dags/example_latest_only.py for tasks to queue
[2022-07-22 14:28:31,896] {logging_mixin.py:115} INFO - [2022-07-22 14:28:31,896] {dagbag.py:508} INFO - Filling up the DagBag from /home/airflow/.local/lib/python3.7/site-packages/airflow/example_dags/example_latest_only.py
[2022-07-22 14:28:31,900] {processor.py:651} INFO - DAG(s) dict_keys(['latest_only']) retrieved from /home/airflow/.local/lib/python3.7/site-packages/airflow/example_dags/example_latest_only.py
[2022-07-22 14:28:31,923] {logging_mixin.py:115} INFO - [2022-07-22 14:28:31,923] {dag.py:2420} INFO - Sync 1 DAGs
[2022-07-22 14:28:31,951] {logging_mixin.py:115} INFO - [2022-07-22 14:28:31,951] {dag.py:2972} INFO - Setting next_dagrun for latest_only to 2022-07-22T10:28:31.950923+00:00, run_after=2022-07-22T14:28:31.950923+00:00
[2022-07-22 14:28:31,966] {processor.py:161} INFO - Processing /home/airflow/.local/lib/python3.7/site-packages/airflow/example_dags/example_latest_only.py took 0.074 seconds
[2022-07-22 14:29:51,353] {processor.py:153} INFO - Started process (PID=259) to work on /home/airflow/.local/lib/python3.7/site-packages/airflow/example_dags/example_latest_only.py
[2022-07-22 14:29:51,355] {processor.py:641} INFO - Processing file /home/airflow/.local/lib/python3.7/site-packages/airflow/example_dags/example_latest_only.py for tasks to queue
[2022-07-22 14:29:51,357] {logging_mixin.py:115} INFO - [2022-07-22 14:29:51,357] {dagbag.py:508} INFO - Filling up the DagBag from /home/airflow/.local/lib/python3.7/site-packages/airflow/example_dags/example_latest_only.py
[2022-07-22 14:29:51,367] {processor.py:651} INFO - DAG(s) dict_keys(['latest_only']) retrieved from /home/airflow/.local/lib/python3.7/site-packages/airflow/example_dags/example_latest_only.py
[2022-07-22 14:29:51,400] {logging_mixin.py:115} INFO - [2022-07-22 14:29:51,400] {dag.py:2420} INFO - Sync 1 DAGs
[2022-07-22 14:29:51,427] {logging_mixin.py:115} INFO - [2022-07-22 14:29:51,427] {dag.py:2972} INFO - Setting next_dagrun for latest_only to 2022-07-22T10:29:51.427325+00:00, run_after=2022-07-22T14:29:51.427325+00:00
[2022-07-22 14:29:51,447] {processor.py:161} INFO - Processing /home/airflow/.local/lib/python3.7/site-packages/airflow/example_dags/example_latest_only.py took 0.097 seconds
[2022-07-22 14:30:22,273] {processor.py:153} INFO - Started process (PID=471) to work on /home/airflow/.local/lib/python3.7/site-packages/airflow/example_dags/example_latest_only.py
[2022-07-22 14:30:22,274] {processor.py:641} INFO - Processing file /home/airflow/.local/lib/python3.7/site-packages/airflow/example_dags/example_latest_only.py for tasks to queue
[2022-07-22 14:30:22,274] {logging_mixin.py:115} INFO - [2022-07-22 14:30:22,274] {dagbag.py:508} INFO - Filling up the DagBag from /home/airflow/.local/lib/python3.7/site-packages/airflow/example_dags/example_latest_only.py
[2022-07-22 14:30:22,280] {processor.py:651} INFO - DAG(s) dict_keys(['latest_only']) retrieved from /home/airflow/.local/lib/python3.7/site-packages/airflow/example_dags/example_latest_only.py
[2022-07-22 14:30:22,312] {logging_mixin.py:115} INFO - [2022-07-22 14:30:22,311] {dag.py:2420} INFO - Sync 1 DAGs
[2022-07-22 14:30:22,336] {logging_mixin.py:115} INFO - [2022-07-22 14:30:22,336] {dag.py:2972} INFO - Setting next_dagrun for latest_only to 2022-07-22T10:30:22.336078+00:00, run_after=2022-07-22T14:30:22.336078+00:00
[2022-07-22 14:30:22,353] {processor.py:161} INFO - Processing /home/airflow/.local/lib/python3.7/site-packages/airflow/example_dags/example_latest_only.py took 0.083 seconds
[2022-07-22 14:30:52,923] {processor.py:153} INFO - Started process (PID=673) to work on /home/airflow/.local/lib/python3.7/site-packages/airflow/example_dags/example_latest_only.py
[2022-07-22 14:30:52,924] {processor.py:641} INFO - Processing file /home/airflow/.local/lib/python3.7/site-packages/airflow/example_dags/example_latest_only.py for tasks to queue
[2022-07-22 14:30:52,924] {logging_mixin.py:115} INFO - [2022-07-22 14:30:52,924] {dagbag.py:508} INFO - Filling up the DagBag from /home/airflow/.local/lib/python3.7/site-packages/airflow/example_dags/example_latest_only.py
[2022-07-22 14:30:52,928] {processor.py:651} INFO - DAG(s) dict_keys(['latest_only']) retrieved from /home/airflow/.local/lib/python3.7/site-packages/airflow/example_dags/example_latest_only.py
[2022-07-22 14:30:52,953] {logging_mixin.py:115} INFO - [2022-07-22 14:30:52,953] {dag.py:2420} INFO - Sync 1 DAGs
[2022-07-22 14:30:52,975] {logging_mixin.py:115} INFO - [2022-07-22 14:30:52,975] {dag.py:2972} INFO - Setting next_dagrun for latest_only to 2022-07-22T10:30:52.974862+00:00, run_after=2022-07-22T14:30:52.974862+00:00
[2022-07-22 14:30:52,992] {processor.py:161} INFO - Processing /home/airflow/.local/lib/python3.7/site-packages/airflow/example_dags/example_latest_only.py took 0.071 seconds
[2022-07-22 14:31:23,735] {processor.py:153} INFO - Started process (PID=877) to work on /home/airflow/.local/lib/python3.7/site-packages/airflow/example_dags/example_latest_only.py
[2022-07-22 14:31:23,736] {processor.py:641} INFO - Processing file /home/airflow/.local/lib/python3.7/site-packages/airflow/example_dags/example_latest_only.py for tasks to queue
[2022-07-22 14:31:23,745] {logging_mixin.py:115} INFO - [2022-07-22 14:31:23,737] {dagbag.py:508} INFO - Filling up the DagBag from /home/airflow/.local/lib/python3.7/site-packages/airflow/example_dags/example_latest_only.py
[2022-07-22 14:31:23,754] {processor.py:651} INFO - DAG(s) dict_keys(['latest_only']) retrieved from /home/airflow/.local/lib/python3.7/site-packages/airflow/example_dags/example_latest_only.py
[2022-07-22 14:31:23,783] {logging_mixin.py:115} INFO - [2022-07-22 14:31:23,782] {dag.py:2420} INFO - Sync 1 DAGs
[2022-07-22 14:31:23,804] {logging_mixin.py:115} INFO - [2022-07-22 14:31:23,804] {dag.py:2972} INFO - Setting next_dagrun for latest_only to 2022-07-22T10:31:23.804424+00:00, run_after=2022-07-22T14:31:23.804424+00:00
[2022-07-22 14:31:23,821] {processor.py:161} INFO - Processing /home/airflow/.local/lib/python3.7/site-packages/airflow/example_dags/example_latest_only.py took 0.092 seconds
[2022-07-22 14:31:54,418] {processor.py:153} INFO - Started process (PID=1068) to work on /home/airflow/.local/lib/python3.7/site-packages/airflow/example_dags/example_latest_only.py
[2022-07-22 14:31:54,419] {processor.py:641} INFO - Processing file /home/airflow/.local/lib/python3.7/site-packages/airflow/example_dags/example_latest_only.py for tasks to queue
[2022-07-22 14:31:54,420] {logging_mixin.py:115} INFO - [2022-07-22 14:31:54,420] {dagbag.py:508} INFO - Filling up the DagBag from /home/airflow/.local/lib/python3.7/site-packages/airflow/example_dags/example_latest_only.py
[2022-07-22 14:31:54,430] {processor.py:651} INFO - DAG(s) dict_keys(['latest_only']) retrieved from /home/airflow/.local/lib/python3.7/site-packages/airflow/example_dags/example_latest_only.py
[2022-07-22 14:31:54,477] {logging_mixin.py:115} INFO - [2022-07-22 14:31:54,477] {dag.py:2420} INFO - Sync 1 DAGs
[2022-07-22 14:31:54,505] {logging_mixin.py:115} INFO - [2022-07-22 14:31:54,504] {dag.py:2972} INFO - Setting next_dagrun for latest_only to 2022-07-22T10:31:54.504732+00:00, run_after=2022-07-22T14:31:54.504732+00:00
[2022-07-22 14:31:54,518] {processor.py:161} INFO - Processing /home/airflow/.local/lib/python3.7/site-packages/airflow/example_dags/example_latest_only.py took 0.107 seconds
[2022-07-22 14:32:25,586] {processor.py:153} INFO - Started process (PID=1290) to work on /home/airflow/.local/lib/python3.7/site-packages/airflow/example_dags/example_latest_only.py
[2022-07-22 14:32:25,587] {processor.py:641} INFO - Processing file /home/airflow/.local/lib/python3.7/site-packages/airflow/example_dags/example_latest_only.py for tasks to queue
[2022-07-22 14:32:25,588] {logging_mixin.py:115} INFO - [2022-07-22 14:32:25,588] {dagbag.py:508} INFO - Filling up the DagBag from /home/airflow/.local/lib/python3.7/site-packages/airflow/example_dags/example_latest_only.py
[2022-07-22 14:32:25,597] {processor.py:651} INFO - DAG(s) dict_keys(['latest_only']) retrieved from /home/airflow/.local/lib/python3.7/site-packages/airflow/example_dags/example_latest_only.py
[2022-07-22 14:32:25,626] {logging_mixin.py:115} INFO - [2022-07-22 14:32:25,626] {dag.py:2420} INFO - Sync 1 DAGs
[2022-07-22 14:32:25,647] {logging_mixin.py:115} INFO - [2022-07-22 14:32:25,647] {dag.py:2972} INFO - Setting next_dagrun for latest_only to 2022-07-22T10:32:25.647631+00:00, run_after=2022-07-22T14:32:25.647631+00:00
[2022-07-22 14:32:25,669] {processor.py:161} INFO - Processing /home/airflow/.local/lib/python3.7/site-packages/airflow/example_dags/example_latest_only.py took 0.088 seconds
[2022-07-22 14:32:56,367] {processor.py:153} INFO - Started process (PID=1492) to work on /home/airflow/.local/lib/python3.7/site-packages/airflow/example_dags/example_latest_only.py
[2022-07-22 14:32:56,368] {processor.py:641} INFO - Processing file /home/airflow/.local/lib/python3.7/site-packages/airflow/example_dags/example_latest_only.py for tasks to queue
[2022-07-22 14:32:56,369] {logging_mixin.py:115} INFO - [2022-07-22 14:32:56,369] {dagbag.py:508} INFO - Filling up the DagBag from /home/airflow/.local/lib/python3.7/site-packages/airflow/example_dags/example_latest_only.py
[2022-07-22 14:32:56,380] {processor.py:651} INFO - DAG(s) dict_keys(['latest_only']) retrieved from /home/airflow/.local/lib/python3.7/site-packages/airflow/example_dags/example_latest_only.py
[2022-07-22 14:32:56,445] {logging_mixin.py:115} INFO - [2022-07-22 14:32:56,445] {dag.py:2420} INFO - Sync 1 DAGs
[2022-07-22 14:32:56,493] {logging_mixin.py:115} INFO - [2022-07-22 14:32:56,493] {dag.py:2972} INFO - Setting next_dagrun for latest_only to 2022-07-22T10:32:56.492866+00:00, run_after=2022-07-22T14:32:56.492866+00:00
[2022-07-22 14:32:56,547] {processor.py:161} INFO - Processing /home/airflow/.local/lib/python3.7/site-packages/airflow/example_dags/example_latest_only.py took 0.184 seconds
[2022-07-22 14:33:27,465] {processor.py:153} INFO - Started process (PID=1685) to work on /home/airflow/.local/lib/python3.7/site-packages/airflow/example_dags/example_latest_only.py
[2022-07-22 14:33:27,467] {processor.py:641} INFO - Processing file /home/airflow/.local/lib/python3.7/site-packages/airflow/example_dags/example_latest_only.py for tasks to queue
[2022-07-22 14:33:27,468] {logging_mixin.py:115} INFO - [2022-07-22 14:33:27,468] {dagbag.py:508} INFO - Filling up the DagBag from /home/airflow/.local/lib/python3.7/site-packages/airflow/example_dags/example_latest_only.py
[2022-07-22 14:33:27,479] {processor.py:651} INFO - DAG(s) dict_keys(['latest_only']) retrieved from /home/airflow/.local/lib/python3.7/site-packages/airflow/example_dags/example_latest_only.py
[2022-07-22 14:33:27,538] {logging_mixin.py:115} INFO - [2022-07-22 14:33:27,538] {dag.py:2420} INFO - Sync 1 DAGs
[2022-07-22 14:33:27,576] {logging_mixin.py:115} INFO - [2022-07-22 14:33:27,576] {dag.py:2972} INFO - Setting next_dagrun for latest_only to 2022-07-22T10:33:27.576083+00:00, run_after=2022-07-22T14:33:27.576083+00:00
[2022-07-22 14:33:27,590] {processor.py:161} INFO - Processing /home/airflow/.local/lib/python3.7/site-packages/airflow/example_dags/example_latest_only.py took 0.132 seconds
[2022-07-22 14:34:49,880] {processor.py:153} INFO - Started process (PID=258) to work on /home/airflow/.local/lib/python3.7/site-packages/airflow/example_dags/example_latest_only.py
[2022-07-22 14:34:49,880] {processor.py:641} INFO - Processing file /home/airflow/.local/lib/python3.7/site-packages/airflow/example_dags/example_latest_only.py for tasks to queue
[2022-07-22 14:34:49,881] {logging_mixin.py:115} INFO - [2022-07-22 14:34:49,881] {dagbag.py:508} INFO - Filling up the DagBag from /home/airflow/.local/lib/python3.7/site-packages/airflow/example_dags/example_latest_only.py
[2022-07-22 14:34:49,886] {processor.py:651} INFO - DAG(s) dict_keys(['latest_only']) retrieved from /home/airflow/.local/lib/python3.7/site-packages/airflow/example_dags/example_latest_only.py
[2022-07-22 14:34:49,931] {logging_mixin.py:115} INFO - [2022-07-22 14:34:49,931] {dag.py:2420} INFO - Sync 1 DAGs
[2022-07-22 14:34:49,952] {logging_mixin.py:115} INFO - [2022-07-22 14:34:49,952] {dag.py:2972} INFO - Setting next_dagrun for latest_only to 2022-07-22T10:34:49.952281+00:00, run_after=2022-07-22T14:34:49.952281+00:00
[2022-07-22 14:34:49,965] {processor.py:161} INFO - Processing /home/airflow/.local/lib/python3.7/site-packages/airflow/example_dags/example_latest_only.py took 0.089 seconds
[2022-07-22 14:35:20,664] {processor.py:153} INFO - Started process (PID=461) to work on /home/airflow/.local/lib/python3.7/site-packages/airflow/example_dags/example_latest_only.py
[2022-07-22 14:35:20,664] {processor.py:641} INFO - Processing file /home/airflow/.local/lib/python3.7/site-packages/airflow/example_dags/example_latest_only.py for tasks to queue
[2022-07-22 14:35:20,665] {logging_mixin.py:115} INFO - [2022-07-22 14:35:20,665] {dagbag.py:508} INFO - Filling up the DagBag from /home/airflow/.local/lib/python3.7/site-packages/airflow/example_dags/example_latest_only.py
[2022-07-22 14:35:20,669] {processor.py:651} INFO - DAG(s) dict_keys(['latest_only']) retrieved from /home/airflow/.local/lib/python3.7/site-packages/airflow/example_dags/example_latest_only.py
[2022-07-22 14:35:20,710] {logging_mixin.py:115} INFO - [2022-07-22 14:35:20,709] {dag.py:2420} INFO - Sync 1 DAGs
[2022-07-22 14:35:20,746] {logging_mixin.py:115} INFO - [2022-07-22 14:35:20,746] {dag.py:2972} INFO - Setting next_dagrun for latest_only to 2022-07-22T10:35:20.745776+00:00, run_after=2022-07-22T14:35:20.745776+00:00
[2022-07-22 14:35:20,768] {processor.py:161} INFO - Processing /home/airflow/.local/lib/python3.7/site-packages/airflow/example_dags/example_latest_only.py took 0.107 seconds
