[2022-07-22 14:06:12,155] {processor.py:153} INFO - Started process (PID=195) to work on /home/airflow/.local/lib/python3.7/site-packages/airflow/example_dags/example_branch_datetime_operator.py
[2022-07-22 14:06:12,156] {processor.py:641} INFO - Processing file /home/airflow/.local/lib/python3.7/site-packages/airflow/example_dags/example_branch_datetime_operator.py for tasks to queue
[2022-07-22 14:06:12,157] {logging_mixin.py:115} INFO - [2022-07-22 14:06:12,157] {dagbag.py:508} INFO - Filling up the DagBag from /home/airflow/.local/lib/python3.7/site-packages/airflow/example_dags/example_branch_datetime_operator.py
[2022-07-22 14:06:12,172] {processor.py:651} INFO - DAG(s) dict_keys(['example_branch_datetime_operator', 'example_branch_datetime_operator_2']) retrieved from /home/airflow/.local/lib/python3.7/site-packages/airflow/example_dags/example_branch_datetime_operator.py
[2022-07-22 14:06:12,282] {logging_mixin.py:115} INFO - [2022-07-22 14:06:12,282] {manager.py:508} INFO - Created Permission View: can read on DAG:example_branch_datetime_operator
[2022-07-22 14:06:12,298] {logging_mixin.py:115} INFO - [2022-07-22 14:06:12,298] {manager.py:508} INFO - Created Permission View: can delete on DAG:example_branch_datetime_operator
[2022-07-22 14:06:12,313] {logging_mixin.py:115} INFO - [2022-07-22 14:06:12,313] {manager.py:508} INFO - Created Permission View: can edit on DAG:example_branch_datetime_operator
[2022-07-22 14:06:12,342] {logging_mixin.py:115} INFO - [2022-07-22 14:06:12,342] {manager.py:508} INFO - Created Permission View: can read on DAG:example_branch_datetime_operator_2
[2022-07-22 14:06:12,355] {logging_mixin.py:115} INFO - [2022-07-22 14:06:12,355] {manager.py:508} INFO - Created Permission View: can delete on DAG:example_branch_datetime_operator_2
[2022-07-22 14:06:12,371] {logging_mixin.py:115} INFO - [2022-07-22 14:06:12,371] {manager.py:508} INFO - Created Permission View: can edit on DAG:example_branch_datetime_operator_2
[2022-07-22 14:06:12,372] {logging_mixin.py:115} INFO - [2022-07-22 14:06:12,372] {dag.py:2420} INFO - Sync 2 DAGs
[2022-07-22 14:06:12,388] {logging_mixin.py:115} INFO - [2022-07-22 14:06:12,388] {dag.py:2439} INFO - Creating ORM DAG for example_branch_datetime_operator
[2022-07-22 14:06:12,389] {logging_mixin.py:115} INFO - [2022-07-22 14:06:12,389] {dag.py:2439} INFO - Creating ORM DAG for example_branch_datetime_operator_2
[2022-07-22 14:06:12,412] {logging_mixin.py:115} INFO - [2022-07-22 14:06:12,412] {dag.py:2972} INFO - Setting next_dagrun for example_branch_datetime_operator to 2022-07-21T00:00:00+00:00, run_after=2022-07-22T00:00:00+00:00
[2022-07-22 14:06:12,415] {logging_mixin.py:115} INFO - [2022-07-22 14:06:12,415] {dag.py:2972} INFO - Setting next_dagrun for example_branch_datetime_operator_2 to 2022-07-21T00:00:00+00:00, run_after=2022-07-22T00:00:00+00:00
[2022-07-22 14:06:12,438] {processor.py:161} INFO - Processing /home/airflow/.local/lib/python3.7/site-packages/airflow/example_dags/example_branch_datetime_operator.py took 0.288 seconds
[2022-07-22 14:06:43,194] {processor.py:153} INFO - Started process (PID=390) to work on /home/airflow/.local/lib/python3.7/site-packages/airflow/example_dags/example_branch_datetime_operator.py
[2022-07-22 14:06:43,195] {processor.py:641} INFO - Processing file /home/airflow/.local/lib/python3.7/site-packages/airflow/example_dags/example_branch_datetime_operator.py for tasks to queue
[2022-07-22 14:06:43,196] {logging_mixin.py:115} INFO - [2022-07-22 14:06:43,196] {dagbag.py:508} INFO - Filling up the DagBag from /home/airflow/.local/lib/python3.7/site-packages/airflow/example_dags/example_branch_datetime_operator.py
[2022-07-22 14:06:43,216] {processor.py:651} INFO - DAG(s) dict_keys(['example_branch_datetime_operator', 'example_branch_datetime_operator_2']) retrieved from /home/airflow/.local/lib/python3.7/site-packages/airflow/example_dags/example_branch_datetime_operator.py
[2022-07-22 14:06:43,280] {logging_mixin.py:115} INFO - [2022-07-22 14:06:43,280] {dag.py:2420} INFO - Sync 2 DAGs
[2022-07-22 14:06:43,315] {logging_mixin.py:115} INFO - [2022-07-22 14:06:43,315] {dag.py:2972} INFO - Setting next_dagrun for example_branch_datetime_operator to 2022-07-21T00:00:00+00:00, run_after=2022-07-22T00:00:00+00:00
[2022-07-22 14:06:43,322] {logging_mixin.py:115} INFO - [2022-07-22 14:06:43,322] {dag.py:2972} INFO - Setting next_dagrun for example_branch_datetime_operator_2 to 2022-07-21T00:00:00+00:00, run_after=2022-07-22T00:00:00+00:00
[2022-07-22 14:06:43,339] {processor.py:161} INFO - Processing /home/airflow/.local/lib/python3.7/site-packages/airflow/example_dags/example_branch_datetime_operator.py took 0.150 seconds
[2022-07-22 14:07:13,871] {processor.py:153} INFO - Started process (PID=587) to work on /home/airflow/.local/lib/python3.7/site-packages/airflow/example_dags/example_branch_datetime_operator.py
[2022-07-22 14:07:13,871] {processor.py:641} INFO - Processing file /home/airflow/.local/lib/python3.7/site-packages/airflow/example_dags/example_branch_datetime_operator.py for tasks to queue
[2022-07-22 14:07:13,872] {logging_mixin.py:115} INFO - [2022-07-22 14:07:13,872] {dagbag.py:508} INFO - Filling up the DagBag from /home/airflow/.local/lib/python3.7/site-packages/airflow/example_dags/example_branch_datetime_operator.py
[2022-07-22 14:07:13,881] {processor.py:651} INFO - DAG(s) dict_keys(['example_branch_datetime_operator', 'example_branch_datetime_operator_2']) retrieved from /home/airflow/.local/lib/python3.7/site-packages/airflow/example_dags/example_branch_datetime_operator.py
[2022-07-22 14:07:13,906] {logging_mixin.py:115} INFO - [2022-07-22 14:07:13,906] {dag.py:2420} INFO - Sync 2 DAGs
[2022-07-22 14:07:13,925] {logging_mixin.py:115} INFO - [2022-07-22 14:07:13,925] {dag.py:2972} INFO - Setting next_dagrun for example_branch_datetime_operator to 2022-07-21T00:00:00+00:00, run_after=2022-07-22T00:00:00+00:00
[2022-07-22 14:07:13,926] {logging_mixin.py:115} INFO - [2022-07-22 14:07:13,926] {dag.py:2972} INFO - Setting next_dagrun for example_branch_datetime_operator_2 to 2022-07-21T00:00:00+00:00, run_after=2022-07-22T00:00:00+00:00
[2022-07-22 14:07:13,940] {processor.py:161} INFO - Processing /home/airflow/.local/lib/python3.7/site-packages/airflow/example_dags/example_branch_datetime_operator.py took 0.072 seconds
[2022-07-22 14:08:19,275] {processor.py:153} INFO - Started process (PID=199) to work on /home/airflow/.local/lib/python3.7/site-packages/airflow/example_dags/example_branch_datetime_operator.py
[2022-07-22 14:08:19,275] {processor.py:641} INFO - Processing file /home/airflow/.local/lib/python3.7/site-packages/airflow/example_dags/example_branch_datetime_operator.py for tasks to queue
[2022-07-22 14:08:19,276] {logging_mixin.py:115} INFO - [2022-07-22 14:08:19,276] {dagbag.py:508} INFO - Filling up the DagBag from /home/airflow/.local/lib/python3.7/site-packages/airflow/example_dags/example_branch_datetime_operator.py
[2022-07-22 14:08:19,286] {processor.py:651} INFO - DAG(s) dict_keys(['example_branch_datetime_operator', 'example_branch_datetime_operator_2']) retrieved from /home/airflow/.local/lib/python3.7/site-packages/airflow/example_dags/example_branch_datetime_operator.py
[2022-07-22 14:08:19,328] {logging_mixin.py:115} INFO - [2022-07-22 14:08:19,327] {dag.py:2420} INFO - Sync 2 DAGs
[2022-07-22 14:08:19,365] {logging_mixin.py:115} INFO - [2022-07-22 14:08:19,365] {dag.py:2972} INFO - Setting next_dagrun for example_branch_datetime_operator to 2022-07-21T00:00:00+00:00, run_after=2022-07-22T00:00:00+00:00
[2022-07-22 14:08:19,368] {logging_mixin.py:115} INFO - [2022-07-22 14:08:19,368] {dag.py:2972} INFO - Setting next_dagrun for example_branch_datetime_operator_2 to 2022-07-21T00:00:00+00:00, run_after=2022-07-22T00:00:00+00:00
[2022-07-22 14:08:19,393] {processor.py:161} INFO - Processing /home/airflow/.local/lib/python3.7/site-packages/airflow/example_dags/example_branch_datetime_operator.py took 0.121 seconds
[2022-07-22 14:08:50,343] {processor.py:153} INFO - Started process (PID=407) to work on /home/airflow/.local/lib/python3.7/site-packages/airflow/example_dags/example_branch_datetime_operator.py
[2022-07-22 14:08:50,344] {processor.py:641} INFO - Processing file /home/airflow/.local/lib/python3.7/site-packages/airflow/example_dags/example_branch_datetime_operator.py for tasks to queue
[2022-07-22 14:08:50,345] {logging_mixin.py:115} INFO - [2022-07-22 14:08:50,345] {dagbag.py:508} INFO - Filling up the DagBag from /home/airflow/.local/lib/python3.7/site-packages/airflow/example_dags/example_branch_datetime_operator.py
[2022-07-22 14:08:50,361] {processor.py:651} INFO - DAG(s) dict_keys(['example_branch_datetime_operator', 'example_branch_datetime_operator_2']) retrieved from /home/airflow/.local/lib/python3.7/site-packages/airflow/example_dags/example_branch_datetime_operator.py
[2022-07-22 14:08:50,413] {logging_mixin.py:115} INFO - [2022-07-22 14:08:50,413] {dag.py:2420} INFO - Sync 2 DAGs
[2022-07-22 14:08:50,444] {logging_mixin.py:115} INFO - [2022-07-22 14:08:50,444] {dag.py:2972} INFO - Setting next_dagrun for example_branch_datetime_operator to 2022-07-21T00:00:00+00:00, run_after=2022-07-22T00:00:00+00:00
[2022-07-22 14:08:50,446] {logging_mixin.py:115} INFO - [2022-07-22 14:08:50,445] {dag.py:2972} INFO - Setting next_dagrun for example_branch_datetime_operator_2 to 2022-07-21T00:00:00+00:00, run_after=2022-07-22T00:00:00+00:00
[2022-07-22 14:08:50,458] {processor.py:161} INFO - Processing /home/airflow/.local/lib/python3.7/site-packages/airflow/example_dags/example_branch_datetime_operator.py took 0.122 seconds
[2022-07-22 14:09:20,781] {processor.py:153} INFO - Started process (PID=609) to work on /home/airflow/.local/lib/python3.7/site-packages/airflow/example_dags/example_branch_datetime_operator.py
[2022-07-22 14:09:20,783] {processor.py:641} INFO - Processing file /home/airflow/.local/lib/python3.7/site-packages/airflow/example_dags/example_branch_datetime_operator.py for tasks to queue
[2022-07-22 14:09:20,784] {logging_mixin.py:115} INFO - [2022-07-22 14:09:20,784] {dagbag.py:508} INFO - Filling up the DagBag from /home/airflow/.local/lib/python3.7/site-packages/airflow/example_dags/example_branch_datetime_operator.py
[2022-07-22 14:09:20,805] {processor.py:651} INFO - DAG(s) dict_keys(['example_branch_datetime_operator', 'example_branch_datetime_operator_2']) retrieved from /home/airflow/.local/lib/python3.7/site-packages/airflow/example_dags/example_branch_datetime_operator.py
[2022-07-22 14:09:20,849] {logging_mixin.py:115} INFO - [2022-07-22 14:09:20,849] {dag.py:2420} INFO - Sync 2 DAGs
[2022-07-22 14:09:20,876] {logging_mixin.py:115} INFO - [2022-07-22 14:09:20,875] {dag.py:2972} INFO - Setting next_dagrun for example_branch_datetime_operator to 2022-07-21T00:00:00+00:00, run_after=2022-07-22T00:00:00+00:00
[2022-07-22 14:09:20,877] {logging_mixin.py:115} INFO - [2022-07-22 14:09:20,877] {dag.py:2972} INFO - Setting next_dagrun for example_branch_datetime_operator_2 to 2022-07-21T00:00:00+00:00, run_after=2022-07-22T00:00:00+00:00
[2022-07-22 14:09:20,892] {processor.py:161} INFO - Processing /home/airflow/.local/lib/python3.7/site-packages/airflow/example_dags/example_branch_datetime_operator.py took 0.117 seconds
[2022-07-22 14:09:51,132] {processor.py:153} INFO - Started process (PID=806) to work on /home/airflow/.local/lib/python3.7/site-packages/airflow/example_dags/example_branch_datetime_operator.py
[2022-07-22 14:09:51,133] {processor.py:641} INFO - Processing file /home/airflow/.local/lib/python3.7/site-packages/airflow/example_dags/example_branch_datetime_operator.py for tasks to queue
[2022-07-22 14:09:51,134] {logging_mixin.py:115} INFO - [2022-07-22 14:09:51,133] {dagbag.py:508} INFO - Filling up the DagBag from /home/airflow/.local/lib/python3.7/site-packages/airflow/example_dags/example_branch_datetime_operator.py
[2022-07-22 14:09:51,144] {processor.py:651} INFO - DAG(s) dict_keys(['example_branch_datetime_operator', 'example_branch_datetime_operator_2']) retrieved from /home/airflow/.local/lib/python3.7/site-packages/airflow/example_dags/example_branch_datetime_operator.py
[2022-07-22 14:09:51,179] {logging_mixin.py:115} INFO - [2022-07-22 14:09:51,179] {dag.py:2420} INFO - Sync 2 DAGs
[2022-07-22 14:09:51,205] {logging_mixin.py:115} INFO - [2022-07-22 14:09:51,205] {dag.py:2972} INFO - Setting next_dagrun for example_branch_datetime_operator to 2022-07-21T00:00:00+00:00, run_after=2022-07-22T00:00:00+00:00
[2022-07-22 14:09:51,207] {logging_mixin.py:115} INFO - [2022-07-22 14:09:51,207] {dag.py:2972} INFO - Setting next_dagrun for example_branch_datetime_operator_2 to 2022-07-21T00:00:00+00:00, run_after=2022-07-22T00:00:00+00:00
[2022-07-22 14:09:51,227] {processor.py:161} INFO - Processing /home/airflow/.local/lib/python3.7/site-packages/airflow/example_dags/example_branch_datetime_operator.py took 0.098 seconds
[2022-07-22 14:11:25,119] {processor.py:153} INFO - Started process (PID=199) to work on /home/airflow/.local/lib/python3.7/site-packages/airflow/example_dags/example_branch_datetime_operator.py
[2022-07-22 14:11:25,120] {processor.py:641} INFO - Processing file /home/airflow/.local/lib/python3.7/site-packages/airflow/example_dags/example_branch_datetime_operator.py for tasks to queue
[2022-07-22 14:11:25,121] {logging_mixin.py:115} INFO - [2022-07-22 14:11:25,121] {dagbag.py:508} INFO - Filling up the DagBag from /home/airflow/.local/lib/python3.7/site-packages/airflow/example_dags/example_branch_datetime_operator.py
[2022-07-22 14:11:25,139] {processor.py:651} INFO - DAG(s) dict_keys(['example_branch_datetime_operator', 'example_branch_datetime_operator_2']) retrieved from /home/airflow/.local/lib/python3.7/site-packages/airflow/example_dags/example_branch_datetime_operator.py
[2022-07-22 14:11:25,248] {logging_mixin.py:115} INFO - [2022-07-22 14:11:25,248] {manager.py:508} INFO - Created Permission View: can read on DAG:example_branch_datetime_operator
[2022-07-22 14:11:25,258] {logging_mixin.py:115} INFO - [2022-07-22 14:11:25,257] {manager.py:508} INFO - Created Permission View: can edit on DAG:example_branch_datetime_operator
[2022-07-22 14:11:25,265] {logging_mixin.py:115} INFO - [2022-07-22 14:11:25,265] {manager.py:508} INFO - Created Permission View: can delete on DAG:example_branch_datetime_operator
[2022-07-22 14:11:25,280] {logging_mixin.py:115} INFO - [2022-07-22 14:11:25,280] {manager.py:508} INFO - Created Permission View: can read on DAG:example_branch_datetime_operator_2
[2022-07-22 14:11:25,288] {logging_mixin.py:115} INFO - [2022-07-22 14:11:25,288] {manager.py:508} INFO - Created Permission View: can edit on DAG:example_branch_datetime_operator_2
[2022-07-22 14:11:25,301] {logging_mixin.py:115} INFO - [2022-07-22 14:11:25,300] {manager.py:508} INFO - Created Permission View: can delete on DAG:example_branch_datetime_operator_2
[2022-07-22 14:11:25,301] {logging_mixin.py:115} INFO - [2022-07-22 14:11:25,301] {dag.py:2420} INFO - Sync 2 DAGs
[2022-07-22 14:11:25,315] {logging_mixin.py:115} INFO - [2022-07-22 14:11:25,315] {dag.py:2439} INFO - Creating ORM DAG for example_branch_datetime_operator_2
[2022-07-22 14:11:25,317] {logging_mixin.py:115} INFO - [2022-07-22 14:11:25,316] {dag.py:2439} INFO - Creating ORM DAG for example_branch_datetime_operator
[2022-07-22 14:11:25,337] {logging_mixin.py:115} INFO - [2022-07-22 14:11:25,337] {dag.py:2972} INFO - Setting next_dagrun for example_branch_datetime_operator to 2022-07-21T00:00:00+00:00, run_after=2022-07-22T00:00:00+00:00
[2022-07-22 14:11:25,339] {logging_mixin.py:115} INFO - [2022-07-22 14:11:25,339] {dag.py:2972} INFO - Setting next_dagrun for example_branch_datetime_operator_2 to 2022-07-21T00:00:00+00:00, run_after=2022-07-22T00:00:00+00:00
[2022-07-22 14:11:25,353] {processor.py:161} INFO - Processing /home/airflow/.local/lib/python3.7/site-packages/airflow/example_dags/example_branch_datetime_operator.py took 0.239 seconds
[2022-07-22 14:11:55,396] {processor.py:153} INFO - Started process (PID=405) to work on /home/airflow/.local/lib/python3.7/site-packages/airflow/example_dags/example_branch_datetime_operator.py
[2022-07-22 14:11:55,397] {processor.py:641} INFO - Processing file /home/airflow/.local/lib/python3.7/site-packages/airflow/example_dags/example_branch_datetime_operator.py for tasks to queue
[2022-07-22 14:11:55,398] {logging_mixin.py:115} INFO - [2022-07-22 14:11:55,398] {dagbag.py:508} INFO - Filling up the DagBag from /home/airflow/.local/lib/python3.7/site-packages/airflow/example_dags/example_branch_datetime_operator.py
[2022-07-22 14:11:55,417] {processor.py:651} INFO - DAG(s) dict_keys(['example_branch_datetime_operator', 'example_branch_datetime_operator_2']) retrieved from /home/airflow/.local/lib/python3.7/site-packages/airflow/example_dags/example_branch_datetime_operator.py
[2022-07-22 14:11:55,479] {logging_mixin.py:115} INFO - [2022-07-22 14:11:55,478] {dag.py:2420} INFO - Sync 2 DAGs
[2022-07-22 14:11:55,516] {logging_mixin.py:115} INFO - [2022-07-22 14:11:55,516] {dag.py:2972} INFO - Setting next_dagrun for example_branch_datetime_operator to 2022-07-21T00:00:00+00:00, run_after=2022-07-22T00:00:00+00:00
[2022-07-22 14:11:55,518] {logging_mixin.py:115} INFO - [2022-07-22 14:11:55,518] {dag.py:2972} INFO - Setting next_dagrun for example_branch_datetime_operator_2 to 2022-07-21T00:00:00+00:00, run_after=2022-07-22T00:00:00+00:00
[2022-07-22 14:11:55,532] {processor.py:161} INFO - Processing /home/airflow/.local/lib/python3.7/site-packages/airflow/example_dags/example_branch_datetime_operator.py took 0.141 seconds
[2022-07-22 14:12:53,287] {processor.py:153} INFO - Started process (PID=199) to work on /home/airflow/.local/lib/python3.7/site-packages/airflow/example_dags/example_branch_datetime_operator.py
[2022-07-22 14:12:53,288] {processor.py:641} INFO - Processing file /home/airflow/.local/lib/python3.7/site-packages/airflow/example_dags/example_branch_datetime_operator.py for tasks to queue
[2022-07-22 14:12:53,289] {logging_mixin.py:115} INFO - [2022-07-22 14:12:53,289] {dagbag.py:508} INFO - Filling up the DagBag from /home/airflow/.local/lib/python3.7/site-packages/airflow/example_dags/example_branch_datetime_operator.py
[2022-07-22 14:12:53,312] {processor.py:651} INFO - DAG(s) dict_keys(['example_branch_datetime_operator', 'example_branch_datetime_operator_2']) retrieved from /home/airflow/.local/lib/python3.7/site-packages/airflow/example_dags/example_branch_datetime_operator.py
[2022-07-22 14:12:53,417] {logging_mixin.py:115} INFO - [2022-07-22 14:12:53,417] {manager.py:508} INFO - Created Permission View: can read on DAG:example_branch_datetime_operator
[2022-07-22 14:12:53,432] {logging_mixin.py:115} INFO - [2022-07-22 14:12:53,432] {manager.py:508} INFO - Created Permission View: can delete on DAG:example_branch_datetime_operator
[2022-07-22 14:12:53,440] {logging_mixin.py:115} INFO - [2022-07-22 14:12:53,439] {manager.py:508} INFO - Created Permission View: can edit on DAG:example_branch_datetime_operator
[2022-07-22 14:12:53,456] {logging_mixin.py:115} INFO - [2022-07-22 14:12:53,456] {manager.py:508} INFO - Created Permission View: can read on DAG:example_branch_datetime_operator_2
[2022-07-22 14:12:53,469] {logging_mixin.py:115} INFO - [2022-07-22 14:12:53,469] {manager.py:508} INFO - Created Permission View: can delete on DAG:example_branch_datetime_operator_2
[2022-07-22 14:12:53,482] {logging_mixin.py:115} INFO - [2022-07-22 14:12:53,482] {manager.py:508} INFO - Created Permission View: can edit on DAG:example_branch_datetime_operator_2
[2022-07-22 14:12:53,483] {logging_mixin.py:115} INFO - [2022-07-22 14:12:53,483] {dag.py:2420} INFO - Sync 2 DAGs
[2022-07-22 14:12:53,497] {logging_mixin.py:115} INFO - [2022-07-22 14:12:53,497] {dag.py:2439} INFO - Creating ORM DAG for example_branch_datetime_operator
[2022-07-22 14:12:53,498] {logging_mixin.py:115} INFO - [2022-07-22 14:12:53,498] {dag.py:2439} INFO - Creating ORM DAG for example_branch_datetime_operator_2
[2022-07-22 14:12:53,521] {logging_mixin.py:115} INFO - [2022-07-22 14:12:53,521] {dag.py:2972} INFO - Setting next_dagrun for example_branch_datetime_operator to 2022-07-21T00:00:00+00:00, run_after=2022-07-22T00:00:00+00:00
[2022-07-22 14:12:53,524] {logging_mixin.py:115} INFO - [2022-07-22 14:12:53,524] {dag.py:2972} INFO - Setting next_dagrun for example_branch_datetime_operator_2 to 2022-07-21T00:00:00+00:00, run_after=2022-07-22T00:00:00+00:00
[2022-07-22 14:12:53,544] {processor.py:161} INFO - Processing /home/airflow/.local/lib/python3.7/site-packages/airflow/example_dags/example_branch_datetime_operator.py took 0.262 seconds
[2022-07-22 14:13:23,622] {processor.py:153} INFO - Started process (PID=403) to work on /home/airflow/.local/lib/python3.7/site-packages/airflow/example_dags/example_branch_datetime_operator.py
[2022-07-22 14:13:23,622] {processor.py:641} INFO - Processing file /home/airflow/.local/lib/python3.7/site-packages/airflow/example_dags/example_branch_datetime_operator.py for tasks to queue
[2022-07-22 14:13:23,623] {logging_mixin.py:115} INFO - [2022-07-22 14:13:23,623] {dagbag.py:508} INFO - Filling up the DagBag from /home/airflow/.local/lib/python3.7/site-packages/airflow/example_dags/example_branch_datetime_operator.py
[2022-07-22 14:13:23,631] {processor.py:651} INFO - DAG(s) dict_keys(['example_branch_datetime_operator', 'example_branch_datetime_operator_2']) retrieved from /home/airflow/.local/lib/python3.7/site-packages/airflow/example_dags/example_branch_datetime_operator.py
[2022-07-22 14:13:23,663] {logging_mixin.py:115} INFO - [2022-07-22 14:13:23,663] {dag.py:2420} INFO - Sync 2 DAGs
[2022-07-22 14:13:23,683] {logging_mixin.py:115} INFO - [2022-07-22 14:13:23,683] {dag.py:2972} INFO - Setting next_dagrun for example_branch_datetime_operator to 2022-07-21T00:00:00+00:00, run_after=2022-07-22T00:00:00+00:00
[2022-07-22 14:13:23,685] {logging_mixin.py:115} INFO - [2022-07-22 14:13:23,685] {dag.py:2972} INFO - Setting next_dagrun for example_branch_datetime_operator_2 to 2022-07-21T00:00:00+00:00, run_after=2022-07-22T00:00:00+00:00
[2022-07-22 14:13:23,697] {processor.py:161} INFO - Processing /home/airflow/.local/lib/python3.7/site-packages/airflow/example_dags/example_branch_datetime_operator.py took 0.078 seconds
[2022-07-22 14:13:54,023] {processor.py:153} INFO - Started process (PID=603) to work on /home/airflow/.local/lib/python3.7/site-packages/airflow/example_dags/example_branch_datetime_operator.py
[2022-07-22 14:13:54,024] {processor.py:641} INFO - Processing file /home/airflow/.local/lib/python3.7/site-packages/airflow/example_dags/example_branch_datetime_operator.py for tasks to queue
[2022-07-22 14:13:54,026] {logging_mixin.py:115} INFO - [2022-07-22 14:13:54,026] {dagbag.py:508} INFO - Filling up the DagBag from /home/airflow/.local/lib/python3.7/site-packages/airflow/example_dags/example_branch_datetime_operator.py
[2022-07-22 14:13:54,047] {processor.py:651} INFO - DAG(s) dict_keys(['example_branch_datetime_operator', 'example_branch_datetime_operator_2']) retrieved from /home/airflow/.local/lib/python3.7/site-packages/airflow/example_dags/example_branch_datetime_operator.py
[2022-07-22 14:13:54,081] {logging_mixin.py:115} INFO - [2022-07-22 14:13:54,080] {dag.py:2420} INFO - Sync 2 DAGs
[2022-07-22 14:13:54,125] {logging_mixin.py:115} INFO - [2022-07-22 14:13:54,125] {dag.py:2972} INFO - Setting next_dagrun for example_branch_datetime_operator to 2022-07-21T00:00:00+00:00, run_after=2022-07-22T00:00:00+00:00
[2022-07-22 14:13:54,128] {logging_mixin.py:115} INFO - [2022-07-22 14:13:54,128] {dag.py:2972} INFO - Setting next_dagrun for example_branch_datetime_operator_2 to 2022-07-21T00:00:00+00:00, run_after=2022-07-22T00:00:00+00:00
[2022-07-22 14:13:54,148] {processor.py:161} INFO - Processing /home/airflow/.local/lib/python3.7/site-packages/airflow/example_dags/example_branch_datetime_operator.py took 0.132 seconds
[2022-07-22 14:14:46,464] {processor.py:153} INFO - Started process (PID=199) to work on /home/airflow/.local/lib/python3.7/site-packages/airflow/example_dags/example_branch_datetime_operator.py
[2022-07-22 14:14:46,465] {processor.py:641} INFO - Processing file /home/airflow/.local/lib/python3.7/site-packages/airflow/example_dags/example_branch_datetime_operator.py for tasks to queue
[2022-07-22 14:14:46,466] {logging_mixin.py:115} INFO - [2022-07-22 14:14:46,466] {dagbag.py:508} INFO - Filling up the DagBag from /home/airflow/.local/lib/python3.7/site-packages/airflow/example_dags/example_branch_datetime_operator.py
[2022-07-22 14:14:46,484] {processor.py:651} INFO - DAG(s) dict_keys(['example_branch_datetime_operator', 'example_branch_datetime_operator_2']) retrieved from /home/airflow/.local/lib/python3.7/site-packages/airflow/example_dags/example_branch_datetime_operator.py
[2022-07-22 14:14:46,579] {logging_mixin.py:115} INFO - [2022-07-22 14:14:46,579] {manager.py:508} INFO - Created Permission View: can read on DAG:example_branch_datetime_operator
[2022-07-22 14:14:46,591] {logging_mixin.py:115} INFO - [2022-07-22 14:14:46,591] {manager.py:508} INFO - Created Permission View: can edit on DAG:example_branch_datetime_operator
[2022-07-22 14:14:46,604] {logging_mixin.py:115} INFO - [2022-07-22 14:14:46,604] {manager.py:508} INFO - Created Permission View: can delete on DAG:example_branch_datetime_operator
[2022-07-22 14:14:46,631] {logging_mixin.py:115} INFO - [2022-07-22 14:14:46,631] {manager.py:508} INFO - Created Permission View: can read on DAG:example_branch_datetime_operator_2
[2022-07-22 14:14:46,644] {logging_mixin.py:115} INFO - [2022-07-22 14:14:46,644] {manager.py:508} INFO - Created Permission View: can edit on DAG:example_branch_datetime_operator_2
[2022-07-22 14:14:46,659] {logging_mixin.py:115} INFO - [2022-07-22 14:14:46,659] {manager.py:508} INFO - Created Permission View: can delete on DAG:example_branch_datetime_operator_2
[2022-07-22 14:14:46,660] {logging_mixin.py:115} INFO - [2022-07-22 14:14:46,660] {dag.py:2420} INFO - Sync 2 DAGs
[2022-07-22 14:14:46,681] {logging_mixin.py:115} INFO - [2022-07-22 14:14:46,681] {dag.py:2439} INFO - Creating ORM DAG for example_branch_datetime_operator
[2022-07-22 14:14:46,683] {logging_mixin.py:115} INFO - [2022-07-22 14:14:46,683] {dag.py:2439} INFO - Creating ORM DAG for example_branch_datetime_operator_2
[2022-07-22 14:14:46,713] {logging_mixin.py:115} INFO - [2022-07-22 14:14:46,712] {dag.py:2972} INFO - Setting next_dagrun for example_branch_datetime_operator to 2022-07-21T00:00:00+00:00, run_after=2022-07-22T00:00:00+00:00
[2022-07-22 14:14:46,717] {logging_mixin.py:115} INFO - [2022-07-22 14:14:46,717] {dag.py:2972} INFO - Setting next_dagrun for example_branch_datetime_operator_2 to 2022-07-21T00:00:00+00:00, run_after=2022-07-22T00:00:00+00:00
[2022-07-22 14:14:46,746] {processor.py:161} INFO - Processing /home/airflow/.local/lib/python3.7/site-packages/airflow/example_dags/example_branch_datetime_operator.py took 0.288 seconds
[2022-07-22 14:15:16,835] {processor.py:153} INFO - Started process (PID=413) to work on /home/airflow/.local/lib/python3.7/site-packages/airflow/example_dags/example_branch_datetime_operator.py
[2022-07-22 14:15:16,837] {processor.py:641} INFO - Processing file /home/airflow/.local/lib/python3.7/site-packages/airflow/example_dags/example_branch_datetime_operator.py for tasks to queue
[2022-07-22 14:15:16,838] {logging_mixin.py:115} INFO - [2022-07-22 14:15:16,838] {dagbag.py:508} INFO - Filling up the DagBag from /home/airflow/.local/lib/python3.7/site-packages/airflow/example_dags/example_branch_datetime_operator.py
[2022-07-22 14:15:16,853] {processor.py:651} INFO - DAG(s) dict_keys(['example_branch_datetime_operator', 'example_branch_datetime_operator_2']) retrieved from /home/airflow/.local/lib/python3.7/site-packages/airflow/example_dags/example_branch_datetime_operator.py
[2022-07-22 14:15:16,883] {logging_mixin.py:115} INFO - [2022-07-22 14:15:16,883] {dag.py:2420} INFO - Sync 2 DAGs
[2022-07-22 14:15:16,905] {logging_mixin.py:115} INFO - [2022-07-22 14:15:16,905] {dag.py:2972} INFO - Setting next_dagrun for example_branch_datetime_operator to 2022-07-21T00:00:00+00:00, run_after=2022-07-22T00:00:00+00:00
[2022-07-22 14:15:16,909] {logging_mixin.py:115} INFO - [2022-07-22 14:15:16,909] {dag.py:2972} INFO - Setting next_dagrun for example_branch_datetime_operator_2 to 2022-07-21T00:00:00+00:00, run_after=2022-07-22T00:00:00+00:00
[2022-07-22 14:15:16,935] {processor.py:161} INFO - Processing /home/airflow/.local/lib/python3.7/site-packages/airflow/example_dags/example_branch_datetime_operator.py took 0.106 seconds
[2022-07-22 14:15:47,184] {processor.py:153} INFO - Started process (PID=615) to work on /home/airflow/.local/lib/python3.7/site-packages/airflow/example_dags/example_branch_datetime_operator.py
[2022-07-22 14:15:47,185] {processor.py:641} INFO - Processing file /home/airflow/.local/lib/python3.7/site-packages/airflow/example_dags/example_branch_datetime_operator.py for tasks to queue
[2022-07-22 14:15:47,186] {logging_mixin.py:115} INFO - [2022-07-22 14:15:47,186] {dagbag.py:508} INFO - Filling up the DagBag from /home/airflow/.local/lib/python3.7/site-packages/airflow/example_dags/example_branch_datetime_operator.py
[2022-07-22 14:15:47,203] {processor.py:651} INFO - DAG(s) dict_keys(['example_branch_datetime_operator', 'example_branch_datetime_operator_2']) retrieved from /home/airflow/.local/lib/python3.7/site-packages/airflow/example_dags/example_branch_datetime_operator.py
[2022-07-22 14:15:47,252] {logging_mixin.py:115} INFO - [2022-07-22 14:15:47,252] {dag.py:2420} INFO - Sync 2 DAGs
[2022-07-22 14:15:47,304] {logging_mixin.py:115} INFO - [2022-07-22 14:15:47,303] {dag.py:2972} INFO - Setting next_dagrun for example_branch_datetime_operator to 2022-07-21T00:00:00+00:00, run_after=2022-07-22T00:00:00+00:00
[2022-07-22 14:15:47,307] {logging_mixin.py:115} INFO - [2022-07-22 14:15:47,307] {dag.py:2972} INFO - Setting next_dagrun for example_branch_datetime_operator_2 to 2022-07-21T00:00:00+00:00, run_after=2022-07-22T00:00:00+00:00
[2022-07-22 14:15:47,329] {processor.py:161} INFO - Processing /home/airflow/.local/lib/python3.7/site-packages/airflow/example_dags/example_branch_datetime_operator.py took 0.150 seconds
[2022-07-22 14:16:17,623] {processor.py:153} INFO - Started process (PID=820) to work on /home/airflow/.local/lib/python3.7/site-packages/airflow/example_dags/example_branch_datetime_operator.py
[2022-07-22 14:16:17,624] {processor.py:641} INFO - Processing file /home/airflow/.local/lib/python3.7/site-packages/airflow/example_dags/example_branch_datetime_operator.py for tasks to queue
[2022-07-22 14:16:17,625] {logging_mixin.py:115} INFO - [2022-07-22 14:16:17,625] {dagbag.py:508} INFO - Filling up the DagBag from /home/airflow/.local/lib/python3.7/site-packages/airflow/example_dags/example_branch_datetime_operator.py
[2022-07-22 14:16:17,636] {processor.py:651} INFO - DAG(s) dict_keys(['example_branch_datetime_operator', 'example_branch_datetime_operator_2']) retrieved from /home/airflow/.local/lib/python3.7/site-packages/airflow/example_dags/example_branch_datetime_operator.py
[2022-07-22 14:16:17,676] {logging_mixin.py:115} INFO - [2022-07-22 14:16:17,676] {dag.py:2420} INFO - Sync 2 DAGs
[2022-07-22 14:16:17,707] {logging_mixin.py:115} INFO - [2022-07-22 14:16:17,707] {dag.py:2972} INFO - Setting next_dagrun for example_branch_datetime_operator to 2022-07-21T00:00:00+00:00, run_after=2022-07-22T00:00:00+00:00
[2022-07-22 14:16:17,710] {logging_mixin.py:115} INFO - [2022-07-22 14:16:17,710] {dag.py:2972} INFO - Setting next_dagrun for example_branch_datetime_operator_2 to 2022-07-21T00:00:00+00:00, run_after=2022-07-22T00:00:00+00:00
[2022-07-22 14:16:17,732] {processor.py:161} INFO - Processing /home/airflow/.local/lib/python3.7/site-packages/airflow/example_dags/example_branch_datetime_operator.py took 0.112 seconds
[2022-07-22 14:16:48,131] {processor.py:153} INFO - Started process (PID=1020) to work on /home/airflow/.local/lib/python3.7/site-packages/airflow/example_dags/example_branch_datetime_operator.py
[2022-07-22 14:16:48,132] {processor.py:641} INFO - Processing file /home/airflow/.local/lib/python3.7/site-packages/airflow/example_dags/example_branch_datetime_operator.py for tasks to queue
[2022-07-22 14:16:48,133] {logging_mixin.py:115} INFO - [2022-07-22 14:16:48,133] {dagbag.py:508} INFO - Filling up the DagBag from /home/airflow/.local/lib/python3.7/site-packages/airflow/example_dags/example_branch_datetime_operator.py
[2022-07-22 14:16:48,153] {processor.py:651} INFO - DAG(s) dict_keys(['example_branch_datetime_operator', 'example_branch_datetime_operator_2']) retrieved from /home/airflow/.local/lib/python3.7/site-packages/airflow/example_dags/example_branch_datetime_operator.py
[2022-07-22 14:16:48,216] {logging_mixin.py:115} INFO - [2022-07-22 14:16:48,216] {dag.py:2420} INFO - Sync 2 DAGs
[2022-07-22 14:16:48,280] {logging_mixin.py:115} INFO - [2022-07-22 14:16:48,280] {dag.py:2972} INFO - Setting next_dagrun for example_branch_datetime_operator to 2022-07-21T00:00:00+00:00, run_after=2022-07-22T00:00:00+00:00
[2022-07-22 14:16:48,286] {logging_mixin.py:115} INFO - [2022-07-22 14:16:48,286] {dag.py:2972} INFO - Setting next_dagrun for example_branch_datetime_operator_2 to 2022-07-21T00:00:00+00:00, run_after=2022-07-22T00:00:00+00:00
[2022-07-22 14:16:48,311] {processor.py:161} INFO - Processing /home/airflow/.local/lib/python3.7/site-packages/airflow/example_dags/example_branch_datetime_operator.py took 0.186 seconds
[2022-07-22 14:17:18,494] {processor.py:153} INFO - Started process (PID=1222) to work on /home/airflow/.local/lib/python3.7/site-packages/airflow/example_dags/example_branch_datetime_operator.py
[2022-07-22 14:17:18,495] {processor.py:641} INFO - Processing file /home/airflow/.local/lib/python3.7/site-packages/airflow/example_dags/example_branch_datetime_operator.py for tasks to queue
[2022-07-22 14:17:18,495] {logging_mixin.py:115} INFO - [2022-07-22 14:17:18,495] {dagbag.py:508} INFO - Filling up the DagBag from /home/airflow/.local/lib/python3.7/site-packages/airflow/example_dags/example_branch_datetime_operator.py
[2022-07-22 14:17:18,503] {processor.py:651} INFO - DAG(s) dict_keys(['example_branch_datetime_operator', 'example_branch_datetime_operator_2']) retrieved from /home/airflow/.local/lib/python3.7/site-packages/airflow/example_dags/example_branch_datetime_operator.py
[2022-07-22 14:17:18,545] {logging_mixin.py:115} INFO - [2022-07-22 14:17:18,544] {dag.py:2420} INFO - Sync 2 DAGs
[2022-07-22 14:17:18,593] {logging_mixin.py:115} INFO - [2022-07-22 14:17:18,593] {dag.py:2972} INFO - Setting next_dagrun for example_branch_datetime_operator to 2022-07-21T00:00:00+00:00, run_after=2022-07-22T00:00:00+00:00
[2022-07-22 14:17:18,594] {logging_mixin.py:115} INFO - [2022-07-22 14:17:18,594] {dag.py:2972} INFO - Setting next_dagrun for example_branch_datetime_operator_2 to 2022-07-21T00:00:00+00:00, run_after=2022-07-22T00:00:00+00:00
[2022-07-22 14:17:18,608] {processor.py:161} INFO - Processing /home/airflow/.local/lib/python3.7/site-packages/airflow/example_dags/example_branch_datetime_operator.py took 0.116 seconds
[2022-07-22 14:17:49,623] {processor.py:153} INFO - Started process (PID=1415) to work on /home/airflow/.local/lib/python3.7/site-packages/airflow/example_dags/example_branch_datetime_operator.py
[2022-07-22 14:17:49,624] {processor.py:641} INFO - Processing file /home/airflow/.local/lib/python3.7/site-packages/airflow/example_dags/example_branch_datetime_operator.py for tasks to queue
[2022-07-22 14:17:49,625] {logging_mixin.py:115} INFO - [2022-07-22 14:17:49,625] {dagbag.py:508} INFO - Filling up the DagBag from /home/airflow/.local/lib/python3.7/site-packages/airflow/example_dags/example_branch_datetime_operator.py
[2022-07-22 14:17:49,641] {processor.py:651} INFO - DAG(s) dict_keys(['example_branch_datetime_operator', 'example_branch_datetime_operator_2']) retrieved from /home/airflow/.local/lib/python3.7/site-packages/airflow/example_dags/example_branch_datetime_operator.py
[2022-07-22 14:17:49,668] {logging_mixin.py:115} INFO - [2022-07-22 14:17:49,668] {dag.py:2420} INFO - Sync 2 DAGs
[2022-07-22 14:17:49,696] {logging_mixin.py:115} INFO - [2022-07-22 14:17:49,696] {dag.py:2972} INFO - Setting next_dagrun for example_branch_datetime_operator to 2022-07-21T00:00:00+00:00, run_after=2022-07-22T00:00:00+00:00
[2022-07-22 14:17:49,699] {logging_mixin.py:115} INFO - [2022-07-22 14:17:49,699] {dag.py:2972} INFO - Setting next_dagrun for example_branch_datetime_operator_2 to 2022-07-21T00:00:00+00:00, run_after=2022-07-22T00:00:00+00:00
[2022-07-22 14:17:49,716] {processor.py:161} INFO - Processing /home/airflow/.local/lib/python3.7/site-packages/airflow/example_dags/example_branch_datetime_operator.py took 0.098 seconds
[2022-07-22 14:18:20,698] {processor.py:153} INFO - Started process (PID=1616) to work on /home/airflow/.local/lib/python3.7/site-packages/airflow/example_dags/example_branch_datetime_operator.py
[2022-07-22 14:18:20,699] {processor.py:641} INFO - Processing file /home/airflow/.local/lib/python3.7/site-packages/airflow/example_dags/example_branch_datetime_operator.py for tasks to queue
[2022-07-22 14:18:20,700] {logging_mixin.py:115} INFO - [2022-07-22 14:18:20,700] {dagbag.py:508} INFO - Filling up the DagBag from /home/airflow/.local/lib/python3.7/site-packages/airflow/example_dags/example_branch_datetime_operator.py
[2022-07-22 14:18:20,721] {processor.py:651} INFO - DAG(s) dict_keys(['example_branch_datetime_operator', 'example_branch_datetime_operator_2']) retrieved from /home/airflow/.local/lib/python3.7/site-packages/airflow/example_dags/example_branch_datetime_operator.py
[2022-07-22 14:18:20,765] {logging_mixin.py:115} INFO - [2022-07-22 14:18:20,765] {dag.py:2420} INFO - Sync 2 DAGs
[2022-07-22 14:18:20,816] {logging_mixin.py:115} INFO - [2022-07-22 14:18:20,816] {dag.py:2972} INFO - Setting next_dagrun for example_branch_datetime_operator to 2022-07-21T00:00:00+00:00, run_after=2022-07-22T00:00:00+00:00
[2022-07-22 14:18:20,817] {logging_mixin.py:115} INFO - [2022-07-22 14:18:20,817] {dag.py:2972} INFO - Setting next_dagrun for example_branch_datetime_operator_2 to 2022-07-21T00:00:00+00:00, run_after=2022-07-22T00:00:00+00:00
[2022-07-22 14:18:20,831] {processor.py:161} INFO - Processing /home/airflow/.local/lib/python3.7/site-packages/airflow/example_dags/example_branch_datetime_operator.py took 0.139 seconds
[2022-07-22 14:18:51,180] {processor.py:153} INFO - Started process (PID=1818) to work on /home/airflow/.local/lib/python3.7/site-packages/airflow/example_dags/example_branch_datetime_operator.py
[2022-07-22 14:18:51,181] {processor.py:641} INFO - Processing file /home/airflow/.local/lib/python3.7/site-packages/airflow/example_dags/example_branch_datetime_operator.py for tasks to queue
[2022-07-22 14:18:51,182] {logging_mixin.py:115} INFO - [2022-07-22 14:18:51,182] {dagbag.py:508} INFO - Filling up the DagBag from /home/airflow/.local/lib/python3.7/site-packages/airflow/example_dags/example_branch_datetime_operator.py
[2022-07-22 14:18:51,200] {processor.py:651} INFO - DAG(s) dict_keys(['example_branch_datetime_operator', 'example_branch_datetime_operator_2']) retrieved from /home/airflow/.local/lib/python3.7/site-packages/airflow/example_dags/example_branch_datetime_operator.py
[2022-07-22 14:18:51,250] {logging_mixin.py:115} INFO - [2022-07-22 14:18:51,250] {dag.py:2420} INFO - Sync 2 DAGs
[2022-07-22 14:18:51,291] {logging_mixin.py:115} INFO - [2022-07-22 14:18:51,291] {dag.py:2972} INFO - Setting next_dagrun for example_branch_datetime_operator to 2022-07-21T00:00:00+00:00, run_after=2022-07-22T00:00:00+00:00
[2022-07-22 14:18:51,293] {logging_mixin.py:115} INFO - [2022-07-22 14:18:51,293] {dag.py:2972} INFO - Setting next_dagrun for example_branch_datetime_operator_2 to 2022-07-21T00:00:00+00:00, run_after=2022-07-22T00:00:00+00:00
[2022-07-22 14:18:51,308] {processor.py:161} INFO - Processing /home/airflow/.local/lib/python3.7/site-packages/airflow/example_dags/example_branch_datetime_operator.py took 0.132 seconds
[2022-07-22 14:19:21,526] {processor.py:153} INFO - Started process (PID=2020) to work on /home/airflow/.local/lib/python3.7/site-packages/airflow/example_dags/example_branch_datetime_operator.py
[2022-07-22 14:19:21,526] {processor.py:641} INFO - Processing file /home/airflow/.local/lib/python3.7/site-packages/airflow/example_dags/example_branch_datetime_operator.py for tasks to queue
[2022-07-22 14:19:21,527] {logging_mixin.py:115} INFO - [2022-07-22 14:19:21,527] {dagbag.py:508} INFO - Filling up the DagBag from /home/airflow/.local/lib/python3.7/site-packages/airflow/example_dags/example_branch_datetime_operator.py
[2022-07-22 14:19:21,538] {processor.py:651} INFO - DAG(s) dict_keys(['example_branch_datetime_operator', 'example_branch_datetime_operator_2']) retrieved from /home/airflow/.local/lib/python3.7/site-packages/airflow/example_dags/example_branch_datetime_operator.py
[2022-07-22 14:19:21,578] {logging_mixin.py:115} INFO - [2022-07-22 14:19:21,578] {dag.py:2420} INFO - Sync 2 DAGs
[2022-07-22 14:19:21,606] {logging_mixin.py:115} INFO - [2022-07-22 14:19:21,606] {dag.py:2972} INFO - Setting next_dagrun for example_branch_datetime_operator to 2022-07-21T00:00:00+00:00, run_after=2022-07-22T00:00:00+00:00
[2022-07-22 14:19:21,609] {logging_mixin.py:115} INFO - [2022-07-22 14:19:21,608] {dag.py:2972} INFO - Setting next_dagrun for example_branch_datetime_operator_2 to 2022-07-21T00:00:00+00:00, run_after=2022-07-22T00:00:00+00:00
[2022-07-22 14:19:21,631] {processor.py:161} INFO - Processing /home/airflow/.local/lib/python3.7/site-packages/airflow/example_dags/example_branch_datetime_operator.py took 0.109 seconds
[2022-07-22 14:19:51,702] {processor.py:153} INFO - Started process (PID=2213) to work on /home/airflow/.local/lib/python3.7/site-packages/airflow/example_dags/example_branch_datetime_operator.py
[2022-07-22 14:19:51,703] {processor.py:641} INFO - Processing file /home/airflow/.local/lib/python3.7/site-packages/airflow/example_dags/example_branch_datetime_operator.py for tasks to queue
[2022-07-22 14:19:51,704] {logging_mixin.py:115} INFO - [2022-07-22 14:19:51,704] {dagbag.py:508} INFO - Filling up the DagBag from /home/airflow/.local/lib/python3.7/site-packages/airflow/example_dags/example_branch_datetime_operator.py
[2022-07-22 14:19:51,718] {processor.py:651} INFO - DAG(s) dict_keys(['example_branch_datetime_operator', 'example_branch_datetime_operator_2']) retrieved from /home/airflow/.local/lib/python3.7/site-packages/airflow/example_dags/example_branch_datetime_operator.py
[2022-07-22 14:19:51,773] {logging_mixin.py:115} INFO - [2022-07-22 14:19:51,772] {dag.py:2420} INFO - Sync 2 DAGs
[2022-07-22 14:19:51,818] {logging_mixin.py:115} INFO - [2022-07-22 14:19:51,818] {dag.py:2972} INFO - Setting next_dagrun for example_branch_datetime_operator to 2022-07-21T00:00:00+00:00, run_after=2022-07-22T00:00:00+00:00
[2022-07-22 14:19:51,822] {logging_mixin.py:115} INFO - [2022-07-22 14:19:51,822] {dag.py:2972} INFO - Setting next_dagrun for example_branch_datetime_operator_2 to 2022-07-21T00:00:00+00:00, run_after=2022-07-22T00:00:00+00:00
[2022-07-22 14:19:51,850] {processor.py:161} INFO - Processing /home/airflow/.local/lib/python3.7/site-packages/airflow/example_dags/example_branch_datetime_operator.py took 0.153 seconds
[2022-07-22 14:20:21,914] {processor.py:153} INFO - Started process (PID=2410) to work on /home/airflow/.local/lib/python3.7/site-packages/airflow/example_dags/example_branch_datetime_operator.py
[2022-07-22 14:20:21,914] {processor.py:641} INFO - Processing file /home/airflow/.local/lib/python3.7/site-packages/airflow/example_dags/example_branch_datetime_operator.py for tasks to queue
[2022-07-22 14:20:21,915] {logging_mixin.py:115} INFO - [2022-07-22 14:20:21,914] {dagbag.py:508} INFO - Filling up the DagBag from /home/airflow/.local/lib/python3.7/site-packages/airflow/example_dags/example_branch_datetime_operator.py
[2022-07-22 14:20:21,924] {processor.py:651} INFO - DAG(s) dict_keys(['example_branch_datetime_operator', 'example_branch_datetime_operator_2']) retrieved from /home/airflow/.local/lib/python3.7/site-packages/airflow/example_dags/example_branch_datetime_operator.py
[2022-07-22 14:20:21,951] {logging_mixin.py:115} INFO - [2022-07-22 14:20:21,950] {dag.py:2420} INFO - Sync 2 DAGs
[2022-07-22 14:20:21,972] {logging_mixin.py:115} INFO - [2022-07-22 14:20:21,972] {dag.py:2972} INFO - Setting next_dagrun for example_branch_datetime_operator to 2022-07-21T00:00:00+00:00, run_after=2022-07-22T00:00:00+00:00
[2022-07-22 14:20:21,974] {logging_mixin.py:115} INFO - [2022-07-22 14:20:21,973] {dag.py:2972} INFO - Setting next_dagrun for example_branch_datetime_operator_2 to 2022-07-21T00:00:00+00:00, run_after=2022-07-22T00:00:00+00:00
[2022-07-22 14:20:21,989] {processor.py:161} INFO - Processing /home/airflow/.local/lib/python3.7/site-packages/airflow/example_dags/example_branch_datetime_operator.py took 0.079 seconds
[2022-07-22 14:20:52,536] {processor.py:153} INFO - Started process (PID=2614) to work on /home/airflow/.local/lib/python3.7/site-packages/airflow/example_dags/example_branch_datetime_operator.py
[2022-07-22 14:20:52,536] {processor.py:641} INFO - Processing file /home/airflow/.local/lib/python3.7/site-packages/airflow/example_dags/example_branch_datetime_operator.py for tasks to queue
[2022-07-22 14:20:52,537] {logging_mixin.py:115} INFO - [2022-07-22 14:20:52,537] {dagbag.py:508} INFO - Filling up the DagBag from /home/airflow/.local/lib/python3.7/site-packages/airflow/example_dags/example_branch_datetime_operator.py
[2022-07-22 14:20:52,545] {processor.py:651} INFO - DAG(s) dict_keys(['example_branch_datetime_operator', 'example_branch_datetime_operator_2']) retrieved from /home/airflow/.local/lib/python3.7/site-packages/airflow/example_dags/example_branch_datetime_operator.py
[2022-07-22 14:20:52,590] {logging_mixin.py:115} INFO - [2022-07-22 14:20:52,589] {dag.py:2420} INFO - Sync 2 DAGs
[2022-07-22 14:20:52,629] {logging_mixin.py:115} INFO - [2022-07-22 14:20:52,628] {dag.py:2972} INFO - Setting next_dagrun for example_branch_datetime_operator to 2022-07-21T00:00:00+00:00, run_after=2022-07-22T00:00:00+00:00
[2022-07-22 14:20:52,632] {logging_mixin.py:115} INFO - [2022-07-22 14:20:52,632] {dag.py:2972} INFO - Setting next_dagrun for example_branch_datetime_operator_2 to 2022-07-21T00:00:00+00:00, run_after=2022-07-22T00:00:00+00:00
[2022-07-22 14:20:52,654] {processor.py:161} INFO - Processing /home/airflow/.local/lib/python3.7/site-packages/airflow/example_dags/example_branch_datetime_operator.py took 0.121 seconds
[2022-07-22 14:21:23,045] {processor.py:153} INFO - Started process (PID=2805) to work on /home/airflow/.local/lib/python3.7/site-packages/airflow/example_dags/example_branch_datetime_operator.py
[2022-07-22 14:21:23,046] {processor.py:641} INFO - Processing file /home/airflow/.local/lib/python3.7/site-packages/airflow/example_dags/example_branch_datetime_operator.py for tasks to queue
[2022-07-22 14:21:23,047] {logging_mixin.py:115} INFO - [2022-07-22 14:21:23,047] {dagbag.py:508} INFO - Filling up the DagBag from /home/airflow/.local/lib/python3.7/site-packages/airflow/example_dags/example_branch_datetime_operator.py
[2022-07-22 14:21:23,056] {processor.py:651} INFO - DAG(s) dict_keys(['example_branch_datetime_operator', 'example_branch_datetime_operator_2']) retrieved from /home/airflow/.local/lib/python3.7/site-packages/airflow/example_dags/example_branch_datetime_operator.py
[2022-07-22 14:21:23,082] {logging_mixin.py:115} INFO - [2022-07-22 14:21:23,082] {dag.py:2420} INFO - Sync 2 DAGs
[2022-07-22 14:21:23,102] {logging_mixin.py:115} INFO - [2022-07-22 14:21:23,102] {dag.py:2972} INFO - Setting next_dagrun for example_branch_datetime_operator to 2022-07-21T00:00:00+00:00, run_after=2022-07-22T00:00:00+00:00
[2022-07-22 14:21:23,104] {logging_mixin.py:115} INFO - [2022-07-22 14:21:23,104] {dag.py:2972} INFO - Setting next_dagrun for example_branch_datetime_operator_2 to 2022-07-21T00:00:00+00:00, run_after=2022-07-22T00:00:00+00:00
[2022-07-22 14:21:23,120] {processor.py:161} INFO - Processing /home/airflow/.local/lib/python3.7/site-packages/airflow/example_dags/example_branch_datetime_operator.py took 0.078 seconds
[2022-07-22 14:21:54,245] {processor.py:153} INFO - Started process (PID=3012) to work on /home/airflow/.local/lib/python3.7/site-packages/airflow/example_dags/example_branch_datetime_operator.py
[2022-07-22 14:21:54,247] {processor.py:641} INFO - Processing file /home/airflow/.local/lib/python3.7/site-packages/airflow/example_dags/example_branch_datetime_operator.py for tasks to queue
[2022-07-22 14:21:54,248] {logging_mixin.py:115} INFO - [2022-07-22 14:21:54,248] {dagbag.py:508} INFO - Filling up the DagBag from /home/airflow/.local/lib/python3.7/site-packages/airflow/example_dags/example_branch_datetime_operator.py
[2022-07-22 14:21:54,266] {processor.py:651} INFO - DAG(s) dict_keys(['example_branch_datetime_operator', 'example_branch_datetime_operator_2']) retrieved from /home/airflow/.local/lib/python3.7/site-packages/airflow/example_dags/example_branch_datetime_operator.py
[2022-07-22 14:21:54,318] {logging_mixin.py:115} INFO - [2022-07-22 14:21:54,318] {dag.py:2420} INFO - Sync 2 DAGs
[2022-07-22 14:21:54,371] {logging_mixin.py:115} INFO - [2022-07-22 14:21:54,371] {dag.py:2972} INFO - Setting next_dagrun for example_branch_datetime_operator to 2022-07-21T00:00:00+00:00, run_after=2022-07-22T00:00:00+00:00
[2022-07-22 14:21:54,375] {logging_mixin.py:115} INFO - [2022-07-22 14:21:54,375] {dag.py:2972} INFO - Setting next_dagrun for example_branch_datetime_operator_2 to 2022-07-21T00:00:00+00:00, run_after=2022-07-22T00:00:00+00:00
[2022-07-22 14:21:54,406] {processor.py:161} INFO - Processing /home/airflow/.local/lib/python3.7/site-packages/airflow/example_dags/example_branch_datetime_operator.py took 0.167 seconds
[2022-07-22 14:22:24,615] {processor.py:153} INFO - Started process (PID=3214) to work on /home/airflow/.local/lib/python3.7/site-packages/airflow/example_dags/example_branch_datetime_operator.py
[2022-07-22 14:22:24,616] {processor.py:641} INFO - Processing file /home/airflow/.local/lib/python3.7/site-packages/airflow/example_dags/example_branch_datetime_operator.py for tasks to queue
[2022-07-22 14:22:24,617] {logging_mixin.py:115} INFO - [2022-07-22 14:22:24,617] {dagbag.py:508} INFO - Filling up the DagBag from /home/airflow/.local/lib/python3.7/site-packages/airflow/example_dags/example_branch_datetime_operator.py
[2022-07-22 14:22:24,634] {processor.py:651} INFO - DAG(s) dict_keys(['example_branch_datetime_operator', 'example_branch_datetime_operator_2']) retrieved from /home/airflow/.local/lib/python3.7/site-packages/airflow/example_dags/example_branch_datetime_operator.py
[2022-07-22 14:22:24,678] {logging_mixin.py:115} INFO - [2022-07-22 14:22:24,678] {dag.py:2420} INFO - Sync 2 DAGs
[2022-07-22 14:22:24,698] {logging_mixin.py:115} INFO - [2022-07-22 14:22:24,698] {dag.py:2972} INFO - Setting next_dagrun for example_branch_datetime_operator to 2022-07-21T00:00:00+00:00, run_after=2022-07-22T00:00:00+00:00
[2022-07-22 14:22:24,700] {logging_mixin.py:115} INFO - [2022-07-22 14:22:24,700] {dag.py:2972} INFO - Setting next_dagrun for example_branch_datetime_operator_2 to 2022-07-21T00:00:00+00:00, run_after=2022-07-22T00:00:00+00:00
[2022-07-22 14:22:24,713] {processor.py:161} INFO - Processing /home/airflow/.local/lib/python3.7/site-packages/airflow/example_dags/example_branch_datetime_operator.py took 0.103 seconds
[2022-07-22 14:22:55,160] {processor.py:153} INFO - Started process (PID=3407) to work on /home/airflow/.local/lib/python3.7/site-packages/airflow/example_dags/example_branch_datetime_operator.py
[2022-07-22 14:22:55,160] {processor.py:641} INFO - Processing file /home/airflow/.local/lib/python3.7/site-packages/airflow/example_dags/example_branch_datetime_operator.py for tasks to queue
[2022-07-22 14:22:55,161] {logging_mixin.py:115} INFO - [2022-07-22 14:22:55,161] {dagbag.py:508} INFO - Filling up the DagBag from /home/airflow/.local/lib/python3.7/site-packages/airflow/example_dags/example_branch_datetime_operator.py
[2022-07-22 14:22:55,169] {processor.py:651} INFO - DAG(s) dict_keys(['example_branch_datetime_operator', 'example_branch_datetime_operator_2']) retrieved from /home/airflow/.local/lib/python3.7/site-packages/airflow/example_dags/example_branch_datetime_operator.py
[2022-07-22 14:22:55,197] {logging_mixin.py:115} INFO - [2022-07-22 14:22:55,197] {dag.py:2420} INFO - Sync 2 DAGs
[2022-07-22 14:22:55,221] {logging_mixin.py:115} INFO - [2022-07-22 14:22:55,221] {dag.py:2972} INFO - Setting next_dagrun for example_branch_datetime_operator to 2022-07-21T00:00:00+00:00, run_after=2022-07-22T00:00:00+00:00
[2022-07-22 14:22:55,223] {logging_mixin.py:115} INFO - [2022-07-22 14:22:55,223] {dag.py:2972} INFO - Setting next_dagrun for example_branch_datetime_operator_2 to 2022-07-21T00:00:00+00:00, run_after=2022-07-22T00:00:00+00:00
[2022-07-22 14:22:55,236] {processor.py:161} INFO - Processing /home/airflow/.local/lib/python3.7/site-packages/airflow/example_dags/example_branch_datetime_operator.py took 0.078 seconds
[2022-07-22 14:23:25,591] {processor.py:153} INFO - Started process (PID=3608) to work on /home/airflow/.local/lib/python3.7/site-packages/airflow/example_dags/example_branch_datetime_operator.py
[2022-07-22 14:23:25,592] {processor.py:641} INFO - Processing file /home/airflow/.local/lib/python3.7/site-packages/airflow/example_dags/example_branch_datetime_operator.py for tasks to queue
[2022-07-22 14:23:25,594] {logging_mixin.py:115} INFO - [2022-07-22 14:23:25,594] {dagbag.py:508} INFO - Filling up the DagBag from /home/airflow/.local/lib/python3.7/site-packages/airflow/example_dags/example_branch_datetime_operator.py
[2022-07-22 14:23:25,619] {processor.py:651} INFO - DAG(s) dict_keys(['example_branch_datetime_operator', 'example_branch_datetime_operator_2']) retrieved from /home/airflow/.local/lib/python3.7/site-packages/airflow/example_dags/example_branch_datetime_operator.py
[2022-07-22 14:23:25,662] {logging_mixin.py:115} INFO - [2022-07-22 14:23:25,662] {dag.py:2420} INFO - Sync 2 DAGs
[2022-07-22 14:23:25,693] {logging_mixin.py:115} INFO - [2022-07-22 14:23:25,693] {dag.py:2972} INFO - Setting next_dagrun for example_branch_datetime_operator to 2022-07-21T00:00:00+00:00, run_after=2022-07-22T00:00:00+00:00
[2022-07-22 14:23:25,695] {logging_mixin.py:115} INFO - [2022-07-22 14:23:25,695] {dag.py:2972} INFO - Setting next_dagrun for example_branch_datetime_operator_2 to 2022-07-21T00:00:00+00:00, run_after=2022-07-22T00:00:00+00:00
[2022-07-22 14:23:25,709] {processor.py:161} INFO - Processing /home/airflow/.local/lib/python3.7/site-packages/airflow/example_dags/example_branch_datetime_operator.py took 0.126 seconds
[2022-07-22 14:23:55,986] {processor.py:153} INFO - Started process (PID=3810) to work on /home/airflow/.local/lib/python3.7/site-packages/airflow/example_dags/example_branch_datetime_operator.py
[2022-07-22 14:23:55,987] {processor.py:641} INFO - Processing file /home/airflow/.local/lib/python3.7/site-packages/airflow/example_dags/example_branch_datetime_operator.py for tasks to queue
[2022-07-22 14:23:55,987] {logging_mixin.py:115} INFO - [2022-07-22 14:23:55,987] {dagbag.py:508} INFO - Filling up the DagBag from /home/airflow/.local/lib/python3.7/site-packages/airflow/example_dags/example_branch_datetime_operator.py
[2022-07-22 14:23:55,999] {processor.py:651} INFO - DAG(s) dict_keys(['example_branch_datetime_operator', 'example_branch_datetime_operator_2']) retrieved from /home/airflow/.local/lib/python3.7/site-packages/airflow/example_dags/example_branch_datetime_operator.py
[2022-07-22 14:23:56,033] {logging_mixin.py:115} INFO - [2022-07-22 14:23:56,033] {dag.py:2420} INFO - Sync 2 DAGs
[2022-07-22 14:23:56,058] {logging_mixin.py:115} INFO - [2022-07-22 14:23:56,057] {dag.py:2972} INFO - Setting next_dagrun for example_branch_datetime_operator to 2022-07-21T00:00:00+00:00, run_after=2022-07-22T00:00:00+00:00
[2022-07-22 14:23:56,059] {logging_mixin.py:115} INFO - [2022-07-22 14:23:56,059] {dag.py:2972} INFO - Setting next_dagrun for example_branch_datetime_operator_2 to 2022-07-21T00:00:00+00:00, run_after=2022-07-22T00:00:00+00:00
[2022-07-22 14:23:56,072] {processor.py:161} INFO - Processing /home/airflow/.local/lib/python3.7/site-packages/airflow/example_dags/example_branch_datetime_operator.py took 0.090 seconds
[2022-07-22 14:24:26,391] {processor.py:153} INFO - Started process (PID=4003) to work on /home/airflow/.local/lib/python3.7/site-packages/airflow/example_dags/example_branch_datetime_operator.py
[2022-07-22 14:24:26,392] {processor.py:641} INFO - Processing file /home/airflow/.local/lib/python3.7/site-packages/airflow/example_dags/example_branch_datetime_operator.py for tasks to queue
[2022-07-22 14:24:26,394] {logging_mixin.py:115} INFO - [2022-07-22 14:24:26,394] {dagbag.py:508} INFO - Filling up the DagBag from /home/airflow/.local/lib/python3.7/site-packages/airflow/example_dags/example_branch_datetime_operator.py
[2022-07-22 14:24:26,413] {processor.py:651} INFO - DAG(s) dict_keys(['example_branch_datetime_operator', 'example_branch_datetime_operator_2']) retrieved from /home/airflow/.local/lib/python3.7/site-packages/airflow/example_dags/example_branch_datetime_operator.py
[2022-07-22 14:24:26,472] {logging_mixin.py:115} INFO - [2022-07-22 14:24:26,472] {dag.py:2420} INFO - Sync 2 DAGs
[2022-07-22 14:24:26,509] {logging_mixin.py:115} INFO - [2022-07-22 14:24:26,509] {dag.py:2972} INFO - Setting next_dagrun for example_branch_datetime_operator to 2022-07-21T00:00:00+00:00, run_after=2022-07-22T00:00:00+00:00
[2022-07-22 14:24:26,513] {logging_mixin.py:115} INFO - [2022-07-22 14:24:26,513] {dag.py:2972} INFO - Setting next_dagrun for example_branch_datetime_operator_2 to 2022-07-21T00:00:00+00:00, run_after=2022-07-22T00:00:00+00:00
[2022-07-22 14:24:26,543] {processor.py:161} INFO - Processing /home/airflow/.local/lib/python3.7/site-packages/airflow/example_dags/example_branch_datetime_operator.py took 0.161 seconds
[2022-07-22 14:24:56,651] {processor.py:153} INFO - Started process (PID=4205) to work on /home/airflow/.local/lib/python3.7/site-packages/airflow/example_dags/example_branch_datetime_operator.py
[2022-07-22 14:24:56,652] {processor.py:641} INFO - Processing file /home/airflow/.local/lib/python3.7/site-packages/airflow/example_dags/example_branch_datetime_operator.py for tasks to queue
[2022-07-22 14:24:56,652] {logging_mixin.py:115} INFO - [2022-07-22 14:24:56,652] {dagbag.py:508} INFO - Filling up the DagBag from /home/airflow/.local/lib/python3.7/site-packages/airflow/example_dags/example_branch_datetime_operator.py
[2022-07-22 14:24:56,664] {processor.py:651} INFO - DAG(s) dict_keys(['example_branch_datetime_operator', 'example_branch_datetime_operator_2']) retrieved from /home/airflow/.local/lib/python3.7/site-packages/airflow/example_dags/example_branch_datetime_operator.py
[2022-07-22 14:24:56,693] {logging_mixin.py:115} INFO - [2022-07-22 14:24:56,693] {dag.py:2420} INFO - Sync 2 DAGs
[2022-07-22 14:24:56,715] {logging_mixin.py:115} INFO - [2022-07-22 14:24:56,715] {dag.py:2972} INFO - Setting next_dagrun for example_branch_datetime_operator to 2022-07-21T00:00:00+00:00, run_after=2022-07-22T00:00:00+00:00
[2022-07-22 14:24:56,717] {logging_mixin.py:115} INFO - [2022-07-22 14:24:56,717] {dag.py:2972} INFO - Setting next_dagrun for example_branch_datetime_operator_2 to 2022-07-21T00:00:00+00:00, run_after=2022-07-22T00:00:00+00:00
[2022-07-22 14:24:56,727] {processor.py:161} INFO - Processing /home/airflow/.local/lib/python3.7/site-packages/airflow/example_dags/example_branch_datetime_operator.py took 0.080 seconds
[2022-07-22 14:25:26,795] {processor.py:153} INFO - Started process (PID=4402) to work on /home/airflow/.local/lib/python3.7/site-packages/airflow/example_dags/example_branch_datetime_operator.py
[2022-07-22 14:25:26,796] {processor.py:641} INFO - Processing file /home/airflow/.local/lib/python3.7/site-packages/airflow/example_dags/example_branch_datetime_operator.py for tasks to queue
[2022-07-22 14:25:26,797] {logging_mixin.py:115} INFO - [2022-07-22 14:25:26,797] {dagbag.py:508} INFO - Filling up the DagBag from /home/airflow/.local/lib/python3.7/site-packages/airflow/example_dags/example_branch_datetime_operator.py
[2022-07-22 14:25:26,816] {processor.py:651} INFO - DAG(s) dict_keys(['example_branch_datetime_operator', 'example_branch_datetime_operator_2']) retrieved from /home/airflow/.local/lib/python3.7/site-packages/airflow/example_dags/example_branch_datetime_operator.py
[2022-07-22 14:25:26,872] {logging_mixin.py:115} INFO - [2022-07-22 14:25:26,872] {dag.py:2420} INFO - Sync 2 DAGs
[2022-07-22 14:25:26,913] {logging_mixin.py:115} INFO - [2022-07-22 14:25:26,913] {dag.py:2972} INFO - Setting next_dagrun for example_branch_datetime_operator to 2022-07-21T00:00:00+00:00, run_after=2022-07-22T00:00:00+00:00
[2022-07-22 14:25:26,915] {logging_mixin.py:115} INFO - [2022-07-22 14:25:26,915] {dag.py:2972} INFO - Setting next_dagrun for example_branch_datetime_operator_2 to 2022-07-21T00:00:00+00:00, run_after=2022-07-22T00:00:00+00:00
[2022-07-22 14:25:26,926] {processor.py:161} INFO - Processing /home/airflow/.local/lib/python3.7/site-packages/airflow/example_dags/example_branch_datetime_operator.py took 0.137 seconds
[2022-07-22 14:25:57,337] {processor.py:153} INFO - Started process (PID=4595) to work on /home/airflow/.local/lib/python3.7/site-packages/airflow/example_dags/example_branch_datetime_operator.py
[2022-07-22 14:25:57,338] {processor.py:641} INFO - Processing file /home/airflow/.local/lib/python3.7/site-packages/airflow/example_dags/example_branch_datetime_operator.py for tasks to queue
[2022-07-22 14:25:57,339] {logging_mixin.py:115} INFO - [2022-07-22 14:25:57,339] {dagbag.py:508} INFO - Filling up the DagBag from /home/airflow/.local/lib/python3.7/site-packages/airflow/example_dags/example_branch_datetime_operator.py
[2022-07-22 14:25:57,356] {processor.py:651} INFO - DAG(s) dict_keys(['example_branch_datetime_operator', 'example_branch_datetime_operator_2']) retrieved from /home/airflow/.local/lib/python3.7/site-packages/airflow/example_dags/example_branch_datetime_operator.py
[2022-07-22 14:25:57,416] {logging_mixin.py:115} INFO - [2022-07-22 14:25:57,415] {dag.py:2420} INFO - Sync 2 DAGs
[2022-07-22 14:25:57,481] {logging_mixin.py:115} INFO - [2022-07-22 14:25:57,481] {dag.py:2972} INFO - Setting next_dagrun for example_branch_datetime_operator to 2022-07-21T00:00:00+00:00, run_after=2022-07-22T00:00:00+00:00
[2022-07-22 14:25:57,483] {logging_mixin.py:115} INFO - [2022-07-22 14:25:57,483] {dag.py:2972} INFO - Setting next_dagrun for example_branch_datetime_operator_2 to 2022-07-21T00:00:00+00:00, run_after=2022-07-22T00:00:00+00:00
[2022-07-22 14:25:57,496] {processor.py:161} INFO - Processing /home/airflow/.local/lib/python3.7/site-packages/airflow/example_dags/example_branch_datetime_operator.py took 0.167 seconds
[2022-07-22 14:26:28,432] {processor.py:153} INFO - Started process (PID=4802) to work on /home/airflow/.local/lib/python3.7/site-packages/airflow/example_dags/example_branch_datetime_operator.py
[2022-07-22 14:26:28,433] {processor.py:641} INFO - Processing file /home/airflow/.local/lib/python3.7/site-packages/airflow/example_dags/example_branch_datetime_operator.py for tasks to queue
[2022-07-22 14:26:28,434] {logging_mixin.py:115} INFO - [2022-07-22 14:26:28,434] {dagbag.py:508} INFO - Filling up the DagBag from /home/airflow/.local/lib/python3.7/site-packages/airflow/example_dags/example_branch_datetime_operator.py
[2022-07-22 14:26:28,447] {processor.py:651} INFO - DAG(s) dict_keys(['example_branch_datetime_operator', 'example_branch_datetime_operator_2']) retrieved from /home/airflow/.local/lib/python3.7/site-packages/airflow/example_dags/example_branch_datetime_operator.py
[2022-07-22 14:26:28,493] {logging_mixin.py:115} INFO - [2022-07-22 14:26:28,493] {dag.py:2420} INFO - Sync 2 DAGs
[2022-07-22 14:26:28,522] {logging_mixin.py:115} INFO - [2022-07-22 14:26:28,521] {dag.py:2972} INFO - Setting next_dagrun for example_branch_datetime_operator to 2022-07-21T00:00:00+00:00, run_after=2022-07-22T00:00:00+00:00
[2022-07-22 14:26:28,524] {logging_mixin.py:115} INFO - [2022-07-22 14:26:28,523] {dag.py:2972} INFO - Setting next_dagrun for example_branch_datetime_operator_2 to 2022-07-21T00:00:00+00:00, run_after=2022-07-22T00:00:00+00:00
[2022-07-22 14:26:28,540] {processor.py:161} INFO - Processing /home/airflow/.local/lib/python3.7/site-packages/airflow/example_dags/example_branch_datetime_operator.py took 0.112 seconds
[2022-07-22 14:26:59,119] {processor.py:153} INFO - Started process (PID=5005) to work on /home/airflow/.local/lib/python3.7/site-packages/airflow/example_dags/example_branch_datetime_operator.py
[2022-07-22 14:26:59,119] {processor.py:641} INFO - Processing file /home/airflow/.local/lib/python3.7/site-packages/airflow/example_dags/example_branch_datetime_operator.py for tasks to queue
[2022-07-22 14:26:59,120] {logging_mixin.py:115} INFO - [2022-07-22 14:26:59,120] {dagbag.py:508} INFO - Filling up the DagBag from /home/airflow/.local/lib/python3.7/site-packages/airflow/example_dags/example_branch_datetime_operator.py
[2022-07-22 14:26:59,127] {processor.py:651} INFO - DAG(s) dict_keys(['example_branch_datetime_operator', 'example_branch_datetime_operator_2']) retrieved from /home/airflow/.local/lib/python3.7/site-packages/airflow/example_dags/example_branch_datetime_operator.py
[2022-07-22 14:26:59,153] {logging_mixin.py:115} INFO - [2022-07-22 14:26:59,153] {dag.py:2420} INFO - Sync 2 DAGs
[2022-07-22 14:26:59,177] {logging_mixin.py:115} INFO - [2022-07-22 14:26:59,177] {dag.py:2972} INFO - Setting next_dagrun for example_branch_datetime_operator to 2022-07-21T00:00:00+00:00, run_after=2022-07-22T00:00:00+00:00
[2022-07-22 14:26:59,179] {logging_mixin.py:115} INFO - [2022-07-22 14:26:59,179] {dag.py:2972} INFO - Setting next_dagrun for example_branch_datetime_operator_2 to 2022-07-21T00:00:00+00:00, run_after=2022-07-22T00:00:00+00:00
[2022-07-22 14:26:59,197] {processor.py:161} INFO - Processing /home/airflow/.local/lib/python3.7/site-packages/airflow/example_dags/example_branch_datetime_operator.py took 0.081 seconds
[2022-07-22 14:27:29,717] {processor.py:153} INFO - Started process (PID=5207) to work on /home/airflow/.local/lib/python3.7/site-packages/airflow/example_dags/example_branch_datetime_operator.py
[2022-07-22 14:27:29,718] {processor.py:641} INFO - Processing file /home/airflow/.local/lib/python3.7/site-packages/airflow/example_dags/example_branch_datetime_operator.py for tasks to queue
[2022-07-22 14:27:29,719] {logging_mixin.py:115} INFO - [2022-07-22 14:27:29,719] {dagbag.py:508} INFO - Filling up the DagBag from /home/airflow/.local/lib/python3.7/site-packages/airflow/example_dags/example_branch_datetime_operator.py
[2022-07-22 14:27:29,734] {processor.py:651} INFO - DAG(s) dict_keys(['example_branch_datetime_operator', 'example_branch_datetime_operator_2']) retrieved from /home/airflow/.local/lib/python3.7/site-packages/airflow/example_dags/example_branch_datetime_operator.py
[2022-07-22 14:27:29,765] {logging_mixin.py:115} INFO - [2022-07-22 14:27:29,765] {dag.py:2420} INFO - Sync 2 DAGs
[2022-07-22 14:27:29,795] {logging_mixin.py:115} INFO - [2022-07-22 14:27:29,795] {dag.py:2972} INFO - Setting next_dagrun for example_branch_datetime_operator to 2022-07-21T00:00:00+00:00, run_after=2022-07-22T00:00:00+00:00
[2022-07-22 14:27:29,796] {logging_mixin.py:115} INFO - [2022-07-22 14:27:29,796] {dag.py:2972} INFO - Setting next_dagrun for example_branch_datetime_operator_2 to 2022-07-21T00:00:00+00:00, run_after=2022-07-22T00:00:00+00:00
[2022-07-22 14:27:29,808] {processor.py:161} INFO - Processing /home/airflow/.local/lib/python3.7/site-packages/airflow/example_dags/example_branch_datetime_operator.py took 0.096 seconds
[2022-07-22 14:28:00,731] {processor.py:153} INFO - Started process (PID=5400) to work on /home/airflow/.local/lib/python3.7/site-packages/airflow/example_dags/example_branch_datetime_operator.py
[2022-07-22 14:28:00,732] {processor.py:641} INFO - Processing file /home/airflow/.local/lib/python3.7/site-packages/airflow/example_dags/example_branch_datetime_operator.py for tasks to queue
[2022-07-22 14:28:00,733] {logging_mixin.py:115} INFO - [2022-07-22 14:28:00,733] {dagbag.py:508} INFO - Filling up the DagBag from /home/airflow/.local/lib/python3.7/site-packages/airflow/example_dags/example_branch_datetime_operator.py
[2022-07-22 14:28:00,741] {processor.py:651} INFO - DAG(s) dict_keys(['example_branch_datetime_operator', 'example_branch_datetime_operator_2']) retrieved from /home/airflow/.local/lib/python3.7/site-packages/airflow/example_dags/example_branch_datetime_operator.py
[2022-07-22 14:28:00,767] {logging_mixin.py:115} INFO - [2022-07-22 14:28:00,767] {dag.py:2420} INFO - Sync 2 DAGs
[2022-07-22 14:28:00,802] {logging_mixin.py:115} INFO - [2022-07-22 14:28:00,802] {dag.py:2972} INFO - Setting next_dagrun for example_branch_datetime_operator to 2022-07-21T00:00:00+00:00, run_after=2022-07-22T00:00:00+00:00
[2022-07-22 14:28:00,804] {logging_mixin.py:115} INFO - [2022-07-22 14:28:00,804] {dag.py:2972} INFO - Setting next_dagrun for example_branch_datetime_operator_2 to 2022-07-21T00:00:00+00:00, run_after=2022-07-22T00:00:00+00:00
[2022-07-22 14:28:00,816] {processor.py:161} INFO - Processing /home/airflow/.local/lib/python3.7/site-packages/airflow/example_dags/example_branch_datetime_operator.py took 0.094 seconds
[2022-07-22 14:28:31,022] {processor.py:153} INFO - Started process (PID=5602) to work on /home/airflow/.local/lib/python3.7/site-packages/airflow/example_dags/example_branch_datetime_operator.py
[2022-07-22 14:28:31,023] {processor.py:641} INFO - Processing file /home/airflow/.local/lib/python3.7/site-packages/airflow/example_dags/example_branch_datetime_operator.py for tasks to queue
[2022-07-22 14:28:31,023] {logging_mixin.py:115} INFO - [2022-07-22 14:28:31,023] {dagbag.py:508} INFO - Filling up the DagBag from /home/airflow/.local/lib/python3.7/site-packages/airflow/example_dags/example_branch_datetime_operator.py
[2022-07-22 14:28:31,030] {processor.py:651} INFO - DAG(s) dict_keys(['example_branch_datetime_operator', 'example_branch_datetime_operator_2']) retrieved from /home/airflow/.local/lib/python3.7/site-packages/airflow/example_dags/example_branch_datetime_operator.py
[2022-07-22 14:28:31,060] {logging_mixin.py:115} INFO - [2022-07-22 14:28:31,060] {dag.py:2420} INFO - Sync 2 DAGs
[2022-07-22 14:28:31,081] {logging_mixin.py:115} INFO - [2022-07-22 14:28:31,081] {dag.py:2972} INFO - Setting next_dagrun for example_branch_datetime_operator to 2022-07-21T00:00:00+00:00, run_after=2022-07-22T00:00:00+00:00
[2022-07-22 14:28:31,083] {logging_mixin.py:115} INFO - [2022-07-22 14:28:31,083] {dag.py:2972} INFO - Setting next_dagrun for example_branch_datetime_operator_2 to 2022-07-21T00:00:00+00:00, run_after=2022-07-22T00:00:00+00:00
[2022-07-22 14:28:31,093] {processor.py:161} INFO - Processing /home/airflow/.local/lib/python3.7/site-packages/airflow/example_dags/example_branch_datetime_operator.py took 0.073 seconds
[2022-07-22 14:29:50,440] {processor.py:153} INFO - Started process (PID=199) to work on /home/airflow/.local/lib/python3.7/site-packages/airflow/example_dags/example_branch_datetime_operator.py
[2022-07-22 14:29:50,441] {processor.py:641} INFO - Processing file /home/airflow/.local/lib/python3.7/site-packages/airflow/example_dags/example_branch_datetime_operator.py for tasks to queue
[2022-07-22 14:29:50,442] {logging_mixin.py:115} INFO - [2022-07-22 14:29:50,442] {dagbag.py:508} INFO - Filling up the DagBag from /home/airflow/.local/lib/python3.7/site-packages/airflow/example_dags/example_branch_datetime_operator.py
[2022-07-22 14:29:50,461] {processor.py:651} INFO - DAG(s) dict_keys(['example_branch_datetime_operator', 'example_branch_datetime_operator_2']) retrieved from /home/airflow/.local/lib/python3.7/site-packages/airflow/example_dags/example_branch_datetime_operator.py
[2022-07-22 14:29:50,509] {logging_mixin.py:115} INFO - [2022-07-22 14:29:50,508] {dag.py:2420} INFO - Sync 2 DAGs
[2022-07-22 14:29:50,549] {logging_mixin.py:115} INFO - [2022-07-22 14:29:50,549] {dag.py:2972} INFO - Setting next_dagrun for example_branch_datetime_operator to 2022-07-21T00:00:00+00:00, run_after=2022-07-22T00:00:00+00:00
[2022-07-22 14:29:50,552] {logging_mixin.py:115} INFO - [2022-07-22 14:29:50,552] {dag.py:2972} INFO - Setting next_dagrun for example_branch_datetime_operator_2 to 2022-07-21T00:00:00+00:00, run_after=2022-07-22T00:00:00+00:00
[2022-07-22 14:29:50,571] {processor.py:161} INFO - Processing /home/airflow/.local/lib/python3.7/site-packages/airflow/example_dags/example_branch_datetime_operator.py took 0.133 seconds
[2022-07-22 14:30:21,326] {processor.py:153} INFO - Started process (PID=411) to work on /home/airflow/.local/lib/python3.7/site-packages/airflow/example_dags/example_branch_datetime_operator.py
[2022-07-22 14:30:21,326] {processor.py:641} INFO - Processing file /home/airflow/.local/lib/python3.7/site-packages/airflow/example_dags/example_branch_datetime_operator.py for tasks to queue
[2022-07-22 14:30:21,327] {logging_mixin.py:115} INFO - [2022-07-22 14:30:21,327] {dagbag.py:508} INFO - Filling up the DagBag from /home/airflow/.local/lib/python3.7/site-packages/airflow/example_dags/example_branch_datetime_operator.py
[2022-07-22 14:30:21,337] {processor.py:651} INFO - DAG(s) dict_keys(['example_branch_datetime_operator', 'example_branch_datetime_operator_2']) retrieved from /home/airflow/.local/lib/python3.7/site-packages/airflow/example_dags/example_branch_datetime_operator.py
[2022-07-22 14:30:21,380] {logging_mixin.py:115} INFO - [2022-07-22 14:30:21,380] {dag.py:2420} INFO - Sync 2 DAGs
[2022-07-22 14:30:21,420] {logging_mixin.py:115} INFO - [2022-07-22 14:30:21,420] {dag.py:2972} INFO - Setting next_dagrun for example_branch_datetime_operator to 2022-07-21T00:00:00+00:00, run_after=2022-07-22T00:00:00+00:00
[2022-07-22 14:30:21,422] {logging_mixin.py:115} INFO - [2022-07-22 14:30:21,422] {dag.py:2972} INFO - Setting next_dagrun for example_branch_datetime_operator_2 to 2022-07-21T00:00:00+00:00, run_after=2022-07-22T00:00:00+00:00
[2022-07-22 14:30:21,435] {processor.py:161} INFO - Processing /home/airflow/.local/lib/python3.7/site-packages/airflow/example_dags/example_branch_datetime_operator.py took 0.113 seconds
[2022-07-22 14:30:52,062] {processor.py:153} INFO - Started process (PID=613) to work on /home/airflow/.local/lib/python3.7/site-packages/airflow/example_dags/example_branch_datetime_operator.py
[2022-07-22 14:30:52,064] {processor.py:641} INFO - Processing file /home/airflow/.local/lib/python3.7/site-packages/airflow/example_dags/example_branch_datetime_operator.py for tasks to queue
[2022-07-22 14:30:52,065] {logging_mixin.py:115} INFO - [2022-07-22 14:30:52,064] {dagbag.py:508} INFO - Filling up the DagBag from /home/airflow/.local/lib/python3.7/site-packages/airflow/example_dags/example_branch_datetime_operator.py
[2022-07-22 14:30:52,082] {processor.py:651} INFO - DAG(s) dict_keys(['example_branch_datetime_operator', 'example_branch_datetime_operator_2']) retrieved from /home/airflow/.local/lib/python3.7/site-packages/airflow/example_dags/example_branch_datetime_operator.py
[2022-07-22 14:30:52,121] {logging_mixin.py:115} INFO - [2022-07-22 14:30:52,121] {dag.py:2420} INFO - Sync 2 DAGs
[2022-07-22 14:30:52,151] {logging_mixin.py:115} INFO - [2022-07-22 14:30:52,151] {dag.py:2972} INFO - Setting next_dagrun for example_branch_datetime_operator to 2022-07-21T00:00:00+00:00, run_after=2022-07-22T00:00:00+00:00
[2022-07-22 14:30:52,153] {logging_mixin.py:115} INFO - [2022-07-22 14:30:52,153] {dag.py:2972} INFO - Setting next_dagrun for example_branch_datetime_operator_2 to 2022-07-21T00:00:00+00:00, run_after=2022-07-22T00:00:00+00:00
[2022-07-22 14:30:52,175] {processor.py:161} INFO - Processing /home/airflow/.local/lib/python3.7/site-packages/airflow/example_dags/example_branch_datetime_operator.py took 0.118 seconds
[2022-07-22 14:31:22,823] {processor.py:153} INFO - Started process (PID=806) to work on /home/airflow/.local/lib/python3.7/site-packages/airflow/example_dags/example_branch_datetime_operator.py
[2022-07-22 14:31:22,824] {processor.py:641} INFO - Processing file /home/airflow/.local/lib/python3.7/site-packages/airflow/example_dags/example_branch_datetime_operator.py for tasks to queue
[2022-07-22 14:31:22,824] {logging_mixin.py:115} INFO - [2022-07-22 14:31:22,824] {dagbag.py:508} INFO - Filling up the DagBag from /home/airflow/.local/lib/python3.7/site-packages/airflow/example_dags/example_branch_datetime_operator.py
[2022-07-22 14:31:22,833] {processor.py:651} INFO - DAG(s) dict_keys(['example_branch_datetime_operator', 'example_branch_datetime_operator_2']) retrieved from /home/airflow/.local/lib/python3.7/site-packages/airflow/example_dags/example_branch_datetime_operator.py
[2022-07-22 14:31:22,857] {logging_mixin.py:115} INFO - [2022-07-22 14:31:22,857] {dag.py:2420} INFO - Sync 2 DAGs
[2022-07-22 14:31:22,877] {logging_mixin.py:115} INFO - [2022-07-22 14:31:22,876] {dag.py:2972} INFO - Setting next_dagrun for example_branch_datetime_operator to 2022-07-21T00:00:00+00:00, run_after=2022-07-22T00:00:00+00:00
[2022-07-22 14:31:22,879] {logging_mixin.py:115} INFO - [2022-07-22 14:31:22,879] {dag.py:2972} INFO - Setting next_dagrun for example_branch_datetime_operator_2 to 2022-07-21T00:00:00+00:00, run_after=2022-07-22T00:00:00+00:00
[2022-07-22 14:31:22,904] {processor.py:161} INFO - Processing /home/airflow/.local/lib/python3.7/site-packages/airflow/example_dags/example_branch_datetime_operator.py took 0.085 seconds
[2022-07-22 14:31:53,489] {processor.py:153} INFO - Started process (PID=1008) to work on /home/airflow/.local/lib/python3.7/site-packages/airflow/example_dags/example_branch_datetime_operator.py
[2022-07-22 14:31:53,489] {processor.py:641} INFO - Processing file /home/airflow/.local/lib/python3.7/site-packages/airflow/example_dags/example_branch_datetime_operator.py for tasks to queue
[2022-07-22 14:31:53,490] {logging_mixin.py:115} INFO - [2022-07-22 14:31:53,490] {dagbag.py:508} INFO - Filling up the DagBag from /home/airflow/.local/lib/python3.7/site-packages/airflow/example_dags/example_branch_datetime_operator.py
[2022-07-22 14:31:53,498] {processor.py:651} INFO - DAG(s) dict_keys(['example_branch_datetime_operator', 'example_branch_datetime_operator_2']) retrieved from /home/airflow/.local/lib/python3.7/site-packages/airflow/example_dags/example_branch_datetime_operator.py
[2022-07-22 14:31:53,546] {logging_mixin.py:115} INFO - [2022-07-22 14:31:53,546] {dag.py:2420} INFO - Sync 2 DAGs
[2022-07-22 14:31:53,581] {logging_mixin.py:115} INFO - [2022-07-22 14:31:53,581] {dag.py:2972} INFO - Setting next_dagrun for example_branch_datetime_operator to 2022-07-21T00:00:00+00:00, run_after=2022-07-22T00:00:00+00:00
[2022-07-22 14:31:53,582] {logging_mixin.py:115} INFO - [2022-07-22 14:31:53,582] {dag.py:2972} INFO - Setting next_dagrun for example_branch_datetime_operator_2 to 2022-07-21T00:00:00+00:00, run_after=2022-07-22T00:00:00+00:00
[2022-07-22 14:31:53,596] {processor.py:161} INFO - Processing /home/airflow/.local/lib/python3.7/site-packages/airflow/example_dags/example_branch_datetime_operator.py took 0.110 seconds
[2022-07-22 14:32:24,615] {processor.py:153} INFO - Started process (PID=1230) to work on /home/airflow/.local/lib/python3.7/site-packages/airflow/example_dags/example_branch_datetime_operator.py
[2022-07-22 14:32:24,617] {processor.py:641} INFO - Processing file /home/airflow/.local/lib/python3.7/site-packages/airflow/example_dags/example_branch_datetime_operator.py for tasks to queue
[2022-07-22 14:32:24,618] {logging_mixin.py:115} INFO - [2022-07-22 14:32:24,617] {dagbag.py:508} INFO - Filling up the DagBag from /home/airflow/.local/lib/python3.7/site-packages/airflow/example_dags/example_branch_datetime_operator.py
[2022-07-22 14:32:24,634] {processor.py:651} INFO - DAG(s) dict_keys(['example_branch_datetime_operator', 'example_branch_datetime_operator_2']) retrieved from /home/airflow/.local/lib/python3.7/site-packages/airflow/example_dags/example_branch_datetime_operator.py
[2022-07-22 14:32:24,666] {logging_mixin.py:115} INFO - [2022-07-22 14:32:24,666] {dag.py:2420} INFO - Sync 2 DAGs
[2022-07-22 14:32:24,692] {logging_mixin.py:115} INFO - [2022-07-22 14:32:24,692] {dag.py:2972} INFO - Setting next_dagrun for example_branch_datetime_operator to 2022-07-21T00:00:00+00:00, run_after=2022-07-22T00:00:00+00:00
[2022-07-22 14:32:24,694] {logging_mixin.py:115} INFO - [2022-07-22 14:32:24,694] {dag.py:2972} INFO - Setting next_dagrun for example_branch_datetime_operator_2 to 2022-07-21T00:00:00+00:00, run_after=2022-07-22T00:00:00+00:00
[2022-07-22 14:32:24,709] {processor.py:161} INFO - Processing /home/airflow/.local/lib/python3.7/site-packages/airflow/example_dags/example_branch_datetime_operator.py took 0.099 seconds
[2022-07-22 14:32:55,546] {processor.py:153} INFO - Started process (PID=1423) to work on /home/airflow/.local/lib/python3.7/site-packages/airflow/example_dags/example_branch_datetime_operator.py
[2022-07-22 14:32:55,546] {processor.py:641} INFO - Processing file /home/airflow/.local/lib/python3.7/site-packages/airflow/example_dags/example_branch_datetime_operator.py for tasks to queue
[2022-07-22 14:32:55,547] {logging_mixin.py:115} INFO - [2022-07-22 14:32:55,547] {dagbag.py:508} INFO - Filling up the DagBag from /home/airflow/.local/lib/python3.7/site-packages/airflow/example_dags/example_branch_datetime_operator.py
[2022-07-22 14:32:55,556] {processor.py:651} INFO - DAG(s) dict_keys(['example_branch_datetime_operator', 'example_branch_datetime_operator_2']) retrieved from /home/airflow/.local/lib/python3.7/site-packages/airflow/example_dags/example_branch_datetime_operator.py
[2022-07-22 14:32:55,587] {logging_mixin.py:115} INFO - [2022-07-22 14:32:55,587] {dag.py:2420} INFO - Sync 2 DAGs
[2022-07-22 14:32:55,610] {logging_mixin.py:115} INFO - [2022-07-22 14:32:55,610] {dag.py:2972} INFO - Setting next_dagrun for example_branch_datetime_operator to 2022-07-21T00:00:00+00:00, run_after=2022-07-22T00:00:00+00:00
[2022-07-22 14:32:55,612] {logging_mixin.py:115} INFO - [2022-07-22 14:32:55,611] {dag.py:2972} INFO - Setting next_dagrun for example_branch_datetime_operator_2 to 2022-07-21T00:00:00+00:00, run_after=2022-07-22T00:00:00+00:00
[2022-07-22 14:32:55,628] {processor.py:161} INFO - Processing /home/airflow/.local/lib/python3.7/site-packages/airflow/example_dags/example_branch_datetime_operator.py took 0.086 seconds
[2022-07-22 14:33:26,470] {processor.py:153} INFO - Started process (PID=1627) to work on /home/airflow/.local/lib/python3.7/site-packages/airflow/example_dags/example_branch_datetime_operator.py
[2022-07-22 14:33:26,470] {processor.py:641} INFO - Processing file /home/airflow/.local/lib/python3.7/site-packages/airflow/example_dags/example_branch_datetime_operator.py for tasks to queue
[2022-07-22 14:33:26,471] {logging_mixin.py:115} INFO - [2022-07-22 14:33:26,471] {dagbag.py:508} INFO - Filling up the DagBag from /home/airflow/.local/lib/python3.7/site-packages/airflow/example_dags/example_branch_datetime_operator.py
[2022-07-22 14:33:26,479] {processor.py:651} INFO - DAG(s) dict_keys(['example_branch_datetime_operator', 'example_branch_datetime_operator_2']) retrieved from /home/airflow/.local/lib/python3.7/site-packages/airflow/example_dags/example_branch_datetime_operator.py
[2022-07-22 14:33:26,504] {logging_mixin.py:115} INFO - [2022-07-22 14:33:26,504] {dag.py:2420} INFO - Sync 2 DAGs
[2022-07-22 14:33:26,525] {logging_mixin.py:115} INFO - [2022-07-22 14:33:26,525] {dag.py:2972} INFO - Setting next_dagrun for example_branch_datetime_operator to 2022-07-21T00:00:00+00:00, run_after=2022-07-22T00:00:00+00:00
[2022-07-22 14:33:26,527] {logging_mixin.py:115} INFO - [2022-07-22 14:33:26,527] {dag.py:2972} INFO - Setting next_dagrun for example_branch_datetime_operator_2 to 2022-07-21T00:00:00+00:00, run_after=2022-07-22T00:00:00+00:00
[2022-07-22 14:33:26,540] {processor.py:161} INFO - Processing /home/airflow/.local/lib/python3.7/site-packages/airflow/example_dags/example_branch_datetime_operator.py took 0.073 seconds
[2022-07-22 14:34:49,038] {processor.py:153} INFO - Started process (PID=198) to work on /home/airflow/.local/lib/python3.7/site-packages/airflow/example_dags/example_branch_datetime_operator.py
[2022-07-22 14:34:49,039] {processor.py:641} INFO - Processing file /home/airflow/.local/lib/python3.7/site-packages/airflow/example_dags/example_branch_datetime_operator.py for tasks to queue
[2022-07-22 14:34:49,040] {logging_mixin.py:115} INFO - [2022-07-22 14:34:49,040] {dagbag.py:508} INFO - Filling up the DagBag from /home/airflow/.local/lib/python3.7/site-packages/airflow/example_dags/example_branch_datetime_operator.py
[2022-07-22 14:34:49,048] {processor.py:651} INFO - DAG(s) dict_keys(['example_branch_datetime_operator', 'example_branch_datetime_operator_2']) retrieved from /home/airflow/.local/lib/python3.7/site-packages/airflow/example_dags/example_branch_datetime_operator.py
[2022-07-22 14:34:49,075] {logging_mixin.py:115} INFO - [2022-07-22 14:34:49,075] {dag.py:2420} INFO - Sync 2 DAGs
[2022-07-22 14:34:49,098] {logging_mixin.py:115} INFO - [2022-07-22 14:34:49,098] {dag.py:2972} INFO - Setting next_dagrun for example_branch_datetime_operator to 2022-07-21T00:00:00+00:00, run_after=2022-07-22T00:00:00+00:00
[2022-07-22 14:34:49,100] {logging_mixin.py:115} INFO - [2022-07-22 14:34:49,100] {dag.py:2972} INFO - Setting next_dagrun for example_branch_datetime_operator_2 to 2022-07-21T00:00:00+00:00, run_after=2022-07-22T00:00:00+00:00
[2022-07-22 14:34:49,112] {processor.py:161} INFO - Processing /home/airflow/.local/lib/python3.7/site-packages/airflow/example_dags/example_branch_datetime_operator.py took 0.076 seconds
[2022-07-22 14:35:19,764] {processor.py:153} INFO - Started process (PID=401) to work on /home/airflow/.local/lib/python3.7/site-packages/airflow/example_dags/example_branch_datetime_operator.py
[2022-07-22 14:35:19,765] {processor.py:641} INFO - Processing file /home/airflow/.local/lib/python3.7/site-packages/airflow/example_dags/example_branch_datetime_operator.py for tasks to queue
[2022-07-22 14:35:19,765] {logging_mixin.py:115} INFO - [2022-07-22 14:35:19,765] {dagbag.py:508} INFO - Filling up the DagBag from /home/airflow/.local/lib/python3.7/site-packages/airflow/example_dags/example_branch_datetime_operator.py
[2022-07-22 14:35:19,776] {processor.py:651} INFO - DAG(s) dict_keys(['example_branch_datetime_operator', 'example_branch_datetime_operator_2']) retrieved from /home/airflow/.local/lib/python3.7/site-packages/airflow/example_dags/example_branch_datetime_operator.py
[2022-07-22 14:35:19,818] {logging_mixin.py:115} INFO - [2022-07-22 14:35:19,817] {dag.py:2420} INFO - Sync 2 DAGs
[2022-07-22 14:35:19,846] {logging_mixin.py:115} INFO - [2022-07-22 14:35:19,846] {dag.py:2972} INFO - Setting next_dagrun for example_branch_datetime_operator to 2022-07-21T00:00:00+00:00, run_after=2022-07-22T00:00:00+00:00
[2022-07-22 14:35:19,848] {logging_mixin.py:115} INFO - [2022-07-22 14:35:19,848] {dag.py:2972} INFO - Setting next_dagrun for example_branch_datetime_operator_2 to 2022-07-21T00:00:00+00:00, run_after=2022-07-22T00:00:00+00:00
[2022-07-22 14:35:19,863] {processor.py:161} INFO - Processing /home/airflow/.local/lib/python3.7/site-packages/airflow/example_dags/example_branch_datetime_operator.py took 0.102 seconds
