[2022-07-22 14:06:14,712] {processor.py:153} INFO - Started process (PID=304) to work on /home/airflow/.local/lib/python3.7/site-packages/airflow/example_dags/example_latest_only_with_trigger.py
[2022-07-22 14:06:14,713] {processor.py:641} INFO - Processing file /home/airflow/.local/lib/python3.7/site-packages/airflow/example_dags/example_latest_only_with_trigger.py for tasks to queue
[2022-07-22 14:06:14,714] {logging_mixin.py:115} INFO - [2022-07-22 14:06:14,713] {dagbag.py:508} INFO - Filling up the DagBag from /home/airflow/.local/lib/python3.7/site-packages/airflow/example_dags/example_latest_only_with_trigger.py
[2022-07-22 14:06:14,722] {processor.py:651} INFO - DAG(s) dict_keys(['latest_only_with_trigger']) retrieved from /home/airflow/.local/lib/python3.7/site-packages/airflow/example_dags/example_latest_only_with_trigger.py
[2022-07-22 14:06:14,819] {logging_mixin.py:115} INFO - [2022-07-22 14:06:14,818] {manager.py:508} INFO - Created Permission View: can read on DAG:latest_only_with_trigger
[2022-07-22 14:06:14,831] {logging_mixin.py:115} INFO - [2022-07-22 14:06:14,831] {manager.py:508} INFO - Created Permission View: can delete on DAG:latest_only_with_trigger
[2022-07-22 14:06:14,841] {logging_mixin.py:115} INFO - [2022-07-22 14:06:14,841] {manager.py:508} INFO - Created Permission View: can edit on DAG:latest_only_with_trigger
[2022-07-22 14:06:14,842] {logging_mixin.py:115} INFO - [2022-07-22 14:06:14,841] {dag.py:2420} INFO - Sync 1 DAGs
[2022-07-22 14:06:14,850] {logging_mixin.py:115} INFO - [2022-07-22 14:06:14,850] {dag.py:2439} INFO - Creating ORM DAG for latest_only_with_trigger
[2022-07-22 14:06:14,866] {logging_mixin.py:115} INFO - [2022-07-22 14:06:14,865] {dag.py:2972} INFO - Setting next_dagrun for latest_only_with_trigger to 2022-07-22T10:06:14.865742+00:00, run_after=2022-07-22T14:06:14.865742+00:00
[2022-07-22 14:06:14,882] {processor.py:161} INFO - Processing /home/airflow/.local/lib/python3.7/site-packages/airflow/example_dags/example_latest_only_with_trigger.py took 0.175 seconds
[2022-07-22 14:06:44,945] {processor.py:153} INFO - Started process (PID=492) to work on /home/airflow/.local/lib/python3.7/site-packages/airflow/example_dags/example_latest_only_with_trigger.py
[2022-07-22 14:06:44,946] {processor.py:641} INFO - Processing file /home/airflow/.local/lib/python3.7/site-packages/airflow/example_dags/example_latest_only_with_trigger.py for tasks to queue
[2022-07-22 14:06:44,946] {logging_mixin.py:115} INFO - [2022-07-22 14:06:44,946] {dagbag.py:508} INFO - Filling up the DagBag from /home/airflow/.local/lib/python3.7/site-packages/airflow/example_dags/example_latest_only_with_trigger.py
[2022-07-22 14:06:44,952] {processor.py:651} INFO - DAG(s) dict_keys(['latest_only_with_trigger']) retrieved from /home/airflow/.local/lib/python3.7/site-packages/airflow/example_dags/example_latest_only_with_trigger.py
[2022-07-22 14:06:44,983] {logging_mixin.py:115} INFO - [2022-07-22 14:06:44,983] {dag.py:2420} INFO - Sync 1 DAGs
[2022-07-22 14:06:45,008] {logging_mixin.py:115} INFO - [2022-07-22 14:06:45,008] {dag.py:2972} INFO - Setting next_dagrun for latest_only_with_trigger to 2022-07-22T10:06:45.008136+00:00, run_after=2022-07-22T14:06:45.008136+00:00
[2022-07-22 14:06:45,025] {processor.py:161} INFO - Processing /home/airflow/.local/lib/python3.7/site-packages/airflow/example_dags/example_latest_only_with_trigger.py took 0.083 seconds
[2022-07-22 14:07:15,736] {processor.py:153} INFO - Started process (PID=687) to work on /home/airflow/.local/lib/python3.7/site-packages/airflow/example_dags/example_latest_only_with_trigger.py
[2022-07-22 14:07:15,737] {processor.py:641} INFO - Processing file /home/airflow/.local/lib/python3.7/site-packages/airflow/example_dags/example_latest_only_with_trigger.py for tasks to queue
[2022-07-22 14:07:15,739] {logging_mixin.py:115} INFO - [2022-07-22 14:07:15,739] {dagbag.py:508} INFO - Filling up the DagBag from /home/airflow/.local/lib/python3.7/site-packages/airflow/example_dags/example_latest_only_with_trigger.py
[2022-07-22 14:07:15,752] {processor.py:651} INFO - DAG(s) dict_keys(['latest_only_with_trigger']) retrieved from /home/airflow/.local/lib/python3.7/site-packages/airflow/example_dags/example_latest_only_with_trigger.py
[2022-07-22 14:07:15,800] {logging_mixin.py:115} INFO - [2022-07-22 14:07:15,799] {dag.py:2420} INFO - Sync 1 DAGs
[2022-07-22 14:07:15,830] {logging_mixin.py:115} INFO - [2022-07-22 14:07:15,830] {dag.py:2972} INFO - Setting next_dagrun for latest_only_with_trigger to 2022-07-22T10:07:15.830095+00:00, run_after=2022-07-22T14:07:15.830095+00:00
[2022-07-22 14:07:15,842] {processor.py:161} INFO - Processing /home/airflow/.local/lib/python3.7/site-packages/airflow/example_dags/example_latest_only_with_trigger.py took 0.111 seconds
[2022-07-22 14:08:20,932] {processor.py:153} INFO - Started process (PID=299) to work on /home/airflow/.local/lib/python3.7/site-packages/airflow/example_dags/example_latest_only_with_trigger.py
[2022-07-22 14:08:20,934] {processor.py:641} INFO - Processing file /home/airflow/.local/lib/python3.7/site-packages/airflow/example_dags/example_latest_only_with_trigger.py for tasks to queue
[2022-07-22 14:08:20,935] {logging_mixin.py:115} INFO - [2022-07-22 14:08:20,934] {dagbag.py:508} INFO - Filling up the DagBag from /home/airflow/.local/lib/python3.7/site-packages/airflow/example_dags/example_latest_only_with_trigger.py
[2022-07-22 14:08:20,945] {processor.py:651} INFO - DAG(s) dict_keys(['latest_only_with_trigger']) retrieved from /home/airflow/.local/lib/python3.7/site-packages/airflow/example_dags/example_latest_only_with_trigger.py
[2022-07-22 14:08:20,983] {logging_mixin.py:115} INFO - [2022-07-22 14:08:20,983] {dag.py:2420} INFO - Sync 1 DAGs
[2022-07-22 14:08:21,014] {logging_mixin.py:115} INFO - [2022-07-22 14:08:21,014] {dag.py:2972} INFO - Setting next_dagrun for latest_only_with_trigger to 2022-07-22T10:08:21.013996+00:00, run_after=2022-07-22T14:08:21.013996+00:00
[2022-07-22 14:08:21,036] {processor.py:161} INFO - Processing /home/airflow/.local/lib/python3.7/site-packages/airflow/example_dags/example_latest_only_with_trigger.py took 0.108 seconds
[2022-07-22 14:08:52,174] {processor.py:153} INFO - Started process (PID=504) to work on /home/airflow/.local/lib/python3.7/site-packages/airflow/example_dags/example_latest_only_with_trigger.py
[2022-07-22 14:08:52,174] {processor.py:641} INFO - Processing file /home/airflow/.local/lib/python3.7/site-packages/airflow/example_dags/example_latest_only_with_trigger.py for tasks to queue
[2022-07-22 14:08:52,175] {logging_mixin.py:115} INFO - [2022-07-22 14:08:52,175] {dagbag.py:508} INFO - Filling up the DagBag from /home/airflow/.local/lib/python3.7/site-packages/airflow/example_dags/example_latest_only_with_trigger.py
[2022-07-22 14:08:52,179] {processor.py:651} INFO - DAG(s) dict_keys(['latest_only_with_trigger']) retrieved from /home/airflow/.local/lib/python3.7/site-packages/airflow/example_dags/example_latest_only_with_trigger.py
[2022-07-22 14:08:52,225] {logging_mixin.py:115} INFO - [2022-07-22 14:08:52,225] {dag.py:2420} INFO - Sync 1 DAGs
[2022-07-22 14:08:52,250] {logging_mixin.py:115} INFO - [2022-07-22 14:08:52,250] {dag.py:2972} INFO - Setting next_dagrun for latest_only_with_trigger to 2022-07-22T10:08:52.250107+00:00, run_after=2022-07-22T14:08:52.250107+00:00
[2022-07-22 14:08:52,263] {processor.py:161} INFO - Processing /home/airflow/.local/lib/python3.7/site-packages/airflow/example_dags/example_latest_only_with_trigger.py took 0.092 seconds
[2022-07-22 14:09:22,620] {processor.py:153} INFO - Started process (PID=707) to work on /home/airflow/.local/lib/python3.7/site-packages/airflow/example_dags/example_latest_only_with_trigger.py
[2022-07-22 14:09:22,621] {processor.py:641} INFO - Processing file /home/airflow/.local/lib/python3.7/site-packages/airflow/example_dags/example_latest_only_with_trigger.py for tasks to queue
[2022-07-22 14:09:22,622] {logging_mixin.py:115} INFO - [2022-07-22 14:09:22,622] {dagbag.py:508} INFO - Filling up the DagBag from /home/airflow/.local/lib/python3.7/site-packages/airflow/example_dags/example_latest_only_with_trigger.py
[2022-07-22 14:09:22,635] {processor.py:651} INFO - DAG(s) dict_keys(['latest_only_with_trigger']) retrieved from /home/airflow/.local/lib/python3.7/site-packages/airflow/example_dags/example_latest_only_with_trigger.py
[2022-07-22 14:09:22,691] {logging_mixin.py:115} INFO - [2022-07-22 14:09:22,690] {dag.py:2420} INFO - Sync 1 DAGs
[2022-07-22 14:09:22,727] {logging_mixin.py:115} INFO - [2022-07-22 14:09:22,727] {dag.py:2972} INFO - Setting next_dagrun for latest_only_with_trigger to 2022-07-22T10:09:22.726997+00:00, run_after=2022-07-22T14:09:22.726997+00:00
[2022-07-22 14:09:22,745] {processor.py:161} INFO - Processing /home/airflow/.local/lib/python3.7/site-packages/airflow/example_dags/example_latest_only_with_trigger.py took 0.132 seconds
[2022-07-22 14:09:52,852] {processor.py:153} INFO - Started process (PID=913) to work on /home/airflow/.local/lib/python3.7/site-packages/airflow/example_dags/example_latest_only_with_trigger.py
[2022-07-22 14:09:52,853] {processor.py:641} INFO - Processing file /home/airflow/.local/lib/python3.7/site-packages/airflow/example_dags/example_latest_only_with_trigger.py for tasks to queue
[2022-07-22 14:09:52,853] {logging_mixin.py:115} INFO - [2022-07-22 14:09:52,853] {dagbag.py:508} INFO - Filling up the DagBag from /home/airflow/.local/lib/python3.7/site-packages/airflow/example_dags/example_latest_only_with_trigger.py
[2022-07-22 14:09:52,862] {processor.py:651} INFO - DAG(s) dict_keys(['latest_only_with_trigger']) retrieved from /home/airflow/.local/lib/python3.7/site-packages/airflow/example_dags/example_latest_only_with_trigger.py
[2022-07-22 14:09:52,888] {logging_mixin.py:115} INFO - [2022-07-22 14:09:52,888] {dag.py:2420} INFO - Sync 1 DAGs
[2022-07-22 14:09:52,908] {logging_mixin.py:115} INFO - [2022-07-22 14:09:52,908] {dag.py:2972} INFO - Setting next_dagrun for latest_only_with_trigger to 2022-07-22T10:09:52.908237+00:00, run_after=2022-07-22T14:09:52.908237+00:00
[2022-07-22 14:09:52,923] {processor.py:161} INFO - Processing /home/airflow/.local/lib/python3.7/site-packages/airflow/example_dags/example_latest_only_with_trigger.py took 0.076 seconds
[2022-07-22 14:11:27,637] {processor.py:153} INFO - Started process (PID=308) to work on /home/airflow/.local/lib/python3.7/site-packages/airflow/example_dags/example_latest_only_with_trigger.py
[2022-07-22 14:11:27,638] {processor.py:641} INFO - Processing file /home/airflow/.local/lib/python3.7/site-packages/airflow/example_dags/example_latest_only_with_trigger.py for tasks to queue
[2022-07-22 14:11:27,639] {logging_mixin.py:115} INFO - [2022-07-22 14:11:27,638] {dagbag.py:508} INFO - Filling up the DagBag from /home/airflow/.local/lib/python3.7/site-packages/airflow/example_dags/example_latest_only_with_trigger.py
[2022-07-22 14:11:27,647] {processor.py:651} INFO - DAG(s) dict_keys(['latest_only_with_trigger']) retrieved from /home/airflow/.local/lib/python3.7/site-packages/airflow/example_dags/example_latest_only_with_trigger.py
[2022-07-22 14:11:27,727] {logging_mixin.py:115} INFO - [2022-07-22 14:11:27,726] {manager.py:508} INFO - Created Permission View: can read on DAG:latest_only_with_trigger
[2022-07-22 14:11:27,737] {logging_mixin.py:115} INFO - [2022-07-22 14:11:27,737] {manager.py:508} INFO - Created Permission View: can edit on DAG:latest_only_with_trigger
[2022-07-22 14:11:27,747] {logging_mixin.py:115} INFO - [2022-07-22 14:11:27,747] {manager.py:508} INFO - Created Permission View: can delete on DAG:latest_only_with_trigger
[2022-07-22 14:11:27,747] {logging_mixin.py:115} INFO - [2022-07-22 14:11:27,747] {dag.py:2420} INFO - Sync 1 DAGs
[2022-07-22 14:11:27,754] {logging_mixin.py:115} INFO - [2022-07-22 14:11:27,754] {dag.py:2439} INFO - Creating ORM DAG for latest_only_with_trigger
[2022-07-22 14:11:27,765] {logging_mixin.py:115} INFO - [2022-07-22 14:11:27,765] {dag.py:2972} INFO - Setting next_dagrun for latest_only_with_trigger to 2022-07-22T10:11:27.765331+00:00, run_after=2022-07-22T14:11:27.765331+00:00
[2022-07-22 14:11:27,780] {processor.py:161} INFO - Processing /home/airflow/.local/lib/python3.7/site-packages/airflow/example_dags/example_latest_only_with_trigger.py took 0.147 seconds
[2022-07-22 14:12:55,738] {processor.py:153} INFO - Started process (PID=310) to work on /home/airflow/.local/lib/python3.7/site-packages/airflow/example_dags/example_latest_only_with_trigger.py
[2022-07-22 14:12:55,738] {processor.py:641} INFO - Processing file /home/airflow/.local/lib/python3.7/site-packages/airflow/example_dags/example_latest_only_with_trigger.py for tasks to queue
[2022-07-22 14:12:55,739] {logging_mixin.py:115} INFO - [2022-07-22 14:12:55,739] {dagbag.py:508} INFO - Filling up the DagBag from /home/airflow/.local/lib/python3.7/site-packages/airflow/example_dags/example_latest_only_with_trigger.py
[2022-07-22 14:12:55,745] {processor.py:651} INFO - DAG(s) dict_keys(['latest_only_with_trigger']) retrieved from /home/airflow/.local/lib/python3.7/site-packages/airflow/example_dags/example_latest_only_with_trigger.py
[2022-07-22 14:12:55,854] {logging_mixin.py:115} INFO - [2022-07-22 14:12:55,854] {manager.py:508} INFO - Created Permission View: can read on DAG:latest_only_with_trigger
[2022-07-22 14:12:55,878] {logging_mixin.py:115} INFO - [2022-07-22 14:12:55,878] {manager.py:508} INFO - Created Permission View: can delete on DAG:latest_only_with_trigger
[2022-07-22 14:12:55,895] {logging_mixin.py:115} INFO - [2022-07-22 14:12:55,895] {manager.py:508} INFO - Created Permission View: can edit on DAG:latest_only_with_trigger
[2022-07-22 14:12:55,896] {logging_mixin.py:115} INFO - [2022-07-22 14:12:55,895] {dag.py:2420} INFO - Sync 1 DAGs
[2022-07-22 14:12:55,905] {logging_mixin.py:115} INFO - [2022-07-22 14:12:55,905] {dag.py:2439} INFO - Creating ORM DAG for latest_only_with_trigger
[2022-07-22 14:12:55,919] {logging_mixin.py:115} INFO - [2022-07-22 14:12:55,919] {dag.py:2972} INFO - Setting next_dagrun for latest_only_with_trigger to 2022-07-22T10:12:55.918991+00:00, run_after=2022-07-22T14:12:55.918991+00:00
[2022-07-22 14:12:55,941] {processor.py:161} INFO - Processing /home/airflow/.local/lib/python3.7/site-packages/airflow/example_dags/example_latest_only_with_trigger.py took 0.206 seconds
[2022-07-22 14:13:26,825] {processor.py:153} INFO - Started process (PID=501) to work on /home/airflow/.local/lib/python3.7/site-packages/airflow/example_dags/example_latest_only_with_trigger.py
[2022-07-22 14:13:26,826] {processor.py:641} INFO - Processing file /home/airflow/.local/lib/python3.7/site-packages/airflow/example_dags/example_latest_only_with_trigger.py for tasks to queue
[2022-07-22 14:13:26,826] {logging_mixin.py:115} INFO - [2022-07-22 14:13:26,826] {dagbag.py:508} INFO - Filling up the DagBag from /home/airflow/.local/lib/python3.7/site-packages/airflow/example_dags/example_latest_only_with_trigger.py
[2022-07-22 14:13:26,831] {processor.py:651} INFO - DAG(s) dict_keys(['latest_only_with_trigger']) retrieved from /home/airflow/.local/lib/python3.7/site-packages/airflow/example_dags/example_latest_only_with_trigger.py
[2022-07-22 14:13:26,875] {logging_mixin.py:115} INFO - [2022-07-22 14:13:26,874] {dag.py:2420} INFO - Sync 1 DAGs
[2022-07-22 14:13:26,918] {logging_mixin.py:115} INFO - [2022-07-22 14:13:26,918] {dag.py:2972} INFO - Setting next_dagrun for latest_only_with_trigger to 2022-07-22T10:13:26.918616+00:00, run_after=2022-07-22T14:13:26.918616+00:00
[2022-07-22 14:13:26,932] {processor.py:161} INFO - Processing /home/airflow/.local/lib/python3.7/site-packages/airflow/example_dags/example_latest_only_with_trigger.py took 0.110 seconds
[2022-07-22 14:14:49,153] {processor.py:153} INFO - Started process (PID=308) to work on /home/airflow/.local/lib/python3.7/site-packages/airflow/example_dags/example_latest_only_with_trigger.py
[2022-07-22 14:14:49,154] {processor.py:641} INFO - Processing file /home/airflow/.local/lib/python3.7/site-packages/airflow/example_dags/example_latest_only_with_trigger.py for tasks to queue
[2022-07-22 14:14:49,155] {logging_mixin.py:115} INFO - [2022-07-22 14:14:49,155] {dagbag.py:508} INFO - Filling up the DagBag from /home/airflow/.local/lib/python3.7/site-packages/airflow/example_dags/example_latest_only_with_trigger.py
[2022-07-22 14:14:49,162] {processor.py:651} INFO - DAG(s) dict_keys(['latest_only_with_trigger']) retrieved from /home/airflow/.local/lib/python3.7/site-packages/airflow/example_dags/example_latest_only_with_trigger.py
[2022-07-22 14:14:49,254] {logging_mixin.py:115} INFO - [2022-07-22 14:14:49,254] {manager.py:508} INFO - Created Permission View: can read on DAG:latest_only_with_trigger
[2022-07-22 14:14:49,266] {logging_mixin.py:115} INFO - [2022-07-22 14:14:49,266] {manager.py:508} INFO - Created Permission View: can edit on DAG:latest_only_with_trigger
[2022-07-22 14:14:49,274] {logging_mixin.py:115} INFO - [2022-07-22 14:14:49,274] {manager.py:508} INFO - Created Permission View: can delete on DAG:latest_only_with_trigger
[2022-07-22 14:14:49,275] {logging_mixin.py:115} INFO - [2022-07-22 14:14:49,275] {dag.py:2420} INFO - Sync 1 DAGs
[2022-07-22 14:14:49,282] {logging_mixin.py:115} INFO - [2022-07-22 14:14:49,282] {dag.py:2439} INFO - Creating ORM DAG for latest_only_with_trigger
[2022-07-22 14:14:49,293] {logging_mixin.py:115} INFO - [2022-07-22 14:14:49,293] {dag.py:2972} INFO - Setting next_dagrun for latest_only_with_trigger to 2022-07-22T10:14:49.293280+00:00, run_after=2022-07-22T14:14:49.293280+00:00
[2022-07-22 14:14:49,309] {processor.py:161} INFO - Processing /home/airflow/.local/lib/python3.7/site-packages/airflow/example_dags/example_latest_only_with_trigger.py took 0.159 seconds
[2022-07-22 14:15:19,669] {processor.py:153} INFO - Started process (PID=511) to work on /home/airflow/.local/lib/python3.7/site-packages/airflow/example_dags/example_latest_only_with_trigger.py
[2022-07-22 14:15:19,670] {processor.py:641} INFO - Processing file /home/airflow/.local/lib/python3.7/site-packages/airflow/example_dags/example_latest_only_with_trigger.py for tasks to queue
[2022-07-22 14:15:19,671] {logging_mixin.py:115} INFO - [2022-07-22 14:15:19,671] {dagbag.py:508} INFO - Filling up the DagBag from /home/airflow/.local/lib/python3.7/site-packages/airflow/example_dags/example_latest_only_with_trigger.py
[2022-07-22 14:15:19,683] {processor.py:651} INFO - DAG(s) dict_keys(['latest_only_with_trigger']) retrieved from /home/airflow/.local/lib/python3.7/site-packages/airflow/example_dags/example_latest_only_with_trigger.py
[2022-07-22 14:15:19,739] {logging_mixin.py:115} INFO - [2022-07-22 14:15:19,738] {dag.py:2420} INFO - Sync 1 DAGs
[2022-07-22 14:15:19,785] {logging_mixin.py:115} INFO - [2022-07-22 14:15:19,785] {dag.py:2972} INFO - Setting next_dagrun for latest_only_with_trigger to 2022-07-22T10:15:19.785149+00:00, run_after=2022-07-22T14:15:19.785149+00:00
[2022-07-22 14:15:19,811] {processor.py:161} INFO - Processing /home/airflow/.local/lib/python3.7/site-packages/airflow/example_dags/example_latest_only_with_trigger.py took 0.149 seconds
[2022-07-22 14:15:50,002] {processor.py:153} INFO - Started process (PID=717) to work on /home/airflow/.local/lib/python3.7/site-packages/airflow/example_dags/example_latest_only_with_trigger.py
[2022-07-22 14:15:50,003] {processor.py:641} INFO - Processing file /home/airflow/.local/lib/python3.7/site-packages/airflow/example_dags/example_latest_only_with_trigger.py for tasks to queue
[2022-07-22 14:15:50,004] {logging_mixin.py:115} INFO - [2022-07-22 14:15:50,004] {dagbag.py:508} INFO - Filling up the DagBag from /home/airflow/.local/lib/python3.7/site-packages/airflow/example_dags/example_latest_only_with_trigger.py
[2022-07-22 14:15:50,015] {processor.py:651} INFO - DAG(s) dict_keys(['latest_only_with_trigger']) retrieved from /home/airflow/.local/lib/python3.7/site-packages/airflow/example_dags/example_latest_only_with_trigger.py
[2022-07-22 14:15:50,065] {logging_mixin.py:115} INFO - [2022-07-22 14:15:50,065] {dag.py:2420} INFO - Sync 1 DAGs
[2022-07-22 14:15:50,106] {logging_mixin.py:115} INFO - [2022-07-22 14:15:50,106] {dag.py:2972} INFO - Setting next_dagrun for latest_only_with_trigger to 2022-07-22T10:15:50.105990+00:00, run_after=2022-07-22T14:15:50.105990+00:00
[2022-07-22 14:15:50,119] {processor.py:161} INFO - Processing /home/airflow/.local/lib/python3.7/site-packages/airflow/example_dags/example_latest_only_with_trigger.py took 0.124 seconds
[2022-07-22 14:16:20,521] {processor.py:153} INFO - Started process (PID=927) to work on /home/airflow/.local/lib/python3.7/site-packages/airflow/example_dags/example_latest_only_with_trigger.py
[2022-07-22 14:16:20,522] {processor.py:641} INFO - Processing file /home/airflow/.local/lib/python3.7/site-packages/airflow/example_dags/example_latest_only_with_trigger.py for tasks to queue
[2022-07-22 14:16:20,522] {logging_mixin.py:115} INFO - [2022-07-22 14:16:20,522] {dagbag.py:508} INFO - Filling up the DagBag from /home/airflow/.local/lib/python3.7/site-packages/airflow/example_dags/example_latest_only_with_trigger.py
[2022-07-22 14:16:20,526] {processor.py:651} INFO - DAG(s) dict_keys(['latest_only_with_trigger']) retrieved from /home/airflow/.local/lib/python3.7/site-packages/airflow/example_dags/example_latest_only_with_trigger.py
[2022-07-22 14:16:20,556] {logging_mixin.py:115} INFO - [2022-07-22 14:16:20,556] {dag.py:2420} INFO - Sync 1 DAGs
[2022-07-22 14:16:20,574] {logging_mixin.py:115} INFO - [2022-07-22 14:16:20,574] {dag.py:2972} INFO - Setting next_dagrun for latest_only_with_trigger to 2022-07-22T10:16:20.574108+00:00, run_after=2022-07-22T14:16:20.574108+00:00
[2022-07-22 14:16:20,594] {processor.py:161} INFO - Processing /home/airflow/.local/lib/python3.7/site-packages/airflow/example_dags/example_latest_only_with_trigger.py took 0.075 seconds
[2022-07-22 14:16:50,955] {processor.py:153} INFO - Started process (PID=1120) to work on /home/airflow/.local/lib/python3.7/site-packages/airflow/example_dags/example_latest_only_with_trigger.py
[2022-07-22 14:16:50,956] {processor.py:641} INFO - Processing file /home/airflow/.local/lib/python3.7/site-packages/airflow/example_dags/example_latest_only_with_trigger.py for tasks to queue
[2022-07-22 14:16:50,957] {logging_mixin.py:115} INFO - [2022-07-22 14:16:50,957] {dagbag.py:508} INFO - Filling up the DagBag from /home/airflow/.local/lib/python3.7/site-packages/airflow/example_dags/example_latest_only_with_trigger.py
[2022-07-22 14:16:50,967] {processor.py:651} INFO - DAG(s) dict_keys(['latest_only_with_trigger']) retrieved from /home/airflow/.local/lib/python3.7/site-packages/airflow/example_dags/example_latest_only_with_trigger.py
[2022-07-22 14:16:51,022] {logging_mixin.py:115} INFO - [2022-07-22 14:16:51,022] {dag.py:2420} INFO - Sync 1 DAGs
[2022-07-22 14:16:51,065] {logging_mixin.py:115} INFO - [2022-07-22 14:16:51,065] {dag.py:2972} INFO - Setting next_dagrun for latest_only_with_trigger to 2022-07-22T10:16:51.065121+00:00, run_after=2022-07-22T14:16:51.065121+00:00
[2022-07-22 14:16:51,079] {processor.py:161} INFO - Processing /home/airflow/.local/lib/python3.7/site-packages/airflow/example_dags/example_latest_only_with_trigger.py took 0.129 seconds
[2022-07-22 14:17:21,252] {processor.py:153} INFO - Started process (PID=1322) to work on /home/airflow/.local/lib/python3.7/site-packages/airflow/example_dags/example_latest_only_with_trigger.py
[2022-07-22 14:17:21,253] {processor.py:641} INFO - Processing file /home/airflow/.local/lib/python3.7/site-packages/airflow/example_dags/example_latest_only_with_trigger.py for tasks to queue
[2022-07-22 14:17:21,254] {logging_mixin.py:115} INFO - [2022-07-22 14:17:21,254] {dagbag.py:508} INFO - Filling up the DagBag from /home/airflow/.local/lib/python3.7/site-packages/airflow/example_dags/example_latest_only_with_trigger.py
[2022-07-22 14:17:21,266] {processor.py:651} INFO - DAG(s) dict_keys(['latest_only_with_trigger']) retrieved from /home/airflow/.local/lib/python3.7/site-packages/airflow/example_dags/example_latest_only_with_trigger.py
[2022-07-22 14:17:21,325] {logging_mixin.py:115} INFO - [2022-07-22 14:17:21,325] {dag.py:2420} INFO - Sync 1 DAGs
[2022-07-22 14:17:21,366] {logging_mixin.py:115} INFO - [2022-07-22 14:17:21,366] {dag.py:2972} INFO - Setting next_dagrun for latest_only_with_trigger to 2022-07-22T10:17:21.365884+00:00, run_after=2022-07-22T14:17:21.365884+00:00
[2022-07-22 14:17:21,404] {processor.py:161} INFO - Processing /home/airflow/.local/lib/python3.7/site-packages/airflow/example_dags/example_latest_only_with_trigger.py took 0.161 seconds
[2022-07-22 14:17:52,162] {processor.py:153} INFO - Started process (PID=1524) to work on /home/airflow/.local/lib/python3.7/site-packages/airflow/example_dags/example_latest_only_with_trigger.py
[2022-07-22 14:17:52,163] {processor.py:641} INFO - Processing file /home/airflow/.local/lib/python3.7/site-packages/airflow/example_dags/example_latest_only_with_trigger.py for tasks to queue
[2022-07-22 14:17:52,164] {logging_mixin.py:115} INFO - [2022-07-22 14:17:52,164] {dagbag.py:508} INFO - Filling up the DagBag from /home/airflow/.local/lib/python3.7/site-packages/airflow/example_dags/example_latest_only_with_trigger.py
[2022-07-22 14:17:52,175] {processor.py:651} INFO - DAG(s) dict_keys(['latest_only_with_trigger']) retrieved from /home/airflow/.local/lib/python3.7/site-packages/airflow/example_dags/example_latest_only_with_trigger.py
[2022-07-22 14:17:52,225] {logging_mixin.py:115} INFO - [2022-07-22 14:17:52,225] {dag.py:2420} INFO - Sync 1 DAGs
[2022-07-22 14:17:52,274] {logging_mixin.py:115} INFO - [2022-07-22 14:17:52,273] {dag.py:2972} INFO - Setting next_dagrun for latest_only_with_trigger to 2022-07-22T10:17:52.273345+00:00, run_after=2022-07-22T14:17:52.273345+00:00
[2022-07-22 14:17:52,298] {processor.py:161} INFO - Processing /home/airflow/.local/lib/python3.7/site-packages/airflow/example_dags/example_latest_only_with_trigger.py took 0.141 seconds
[2022-07-22 14:18:22,797] {processor.py:153} INFO - Started process (PID=1716) to work on /home/airflow/.local/lib/python3.7/site-packages/airflow/example_dags/example_latest_only_with_trigger.py
[2022-07-22 14:18:22,798] {processor.py:641} INFO - Processing file /home/airflow/.local/lib/python3.7/site-packages/airflow/example_dags/example_latest_only_with_trigger.py for tasks to queue
[2022-07-22 14:18:22,800] {logging_mixin.py:115} INFO - [2022-07-22 14:18:22,800] {dagbag.py:508} INFO - Filling up the DagBag from /home/airflow/.local/lib/python3.7/site-packages/airflow/example_dags/example_latest_only_with_trigger.py
[2022-07-22 14:18:22,811] {processor.py:651} INFO - DAG(s) dict_keys(['latest_only_with_trigger']) retrieved from /home/airflow/.local/lib/python3.7/site-packages/airflow/example_dags/example_latest_only_with_trigger.py
[2022-07-22 14:18:22,856] {logging_mixin.py:115} INFO - [2022-07-22 14:18:22,856] {dag.py:2420} INFO - Sync 1 DAGs
[2022-07-22 14:18:22,885] {logging_mixin.py:115} INFO - [2022-07-22 14:18:22,885] {dag.py:2972} INFO - Setting next_dagrun for latest_only_with_trigger to 2022-07-22T10:18:22.885597+00:00, run_after=2022-07-22T14:18:22.885597+00:00
[2022-07-22 14:18:22,915] {processor.py:161} INFO - Processing /home/airflow/.local/lib/python3.7/site-packages/airflow/example_dags/example_latest_only_with_trigger.py took 0.123 seconds
[2022-07-22 14:18:53,057] {processor.py:153} INFO - Started process (PID=1920) to work on /home/airflow/.local/lib/python3.7/site-packages/airflow/example_dags/example_latest_only_with_trigger.py
[2022-07-22 14:18:53,057] {processor.py:641} INFO - Processing file /home/airflow/.local/lib/python3.7/site-packages/airflow/example_dags/example_latest_only_with_trigger.py for tasks to queue
[2022-07-22 14:18:53,058] {logging_mixin.py:115} INFO - [2022-07-22 14:18:53,058] {dagbag.py:508} INFO - Filling up the DagBag from /home/airflow/.local/lib/python3.7/site-packages/airflow/example_dags/example_latest_only_with_trigger.py
[2022-07-22 14:18:53,062] {processor.py:651} INFO - DAG(s) dict_keys(['latest_only_with_trigger']) retrieved from /home/airflow/.local/lib/python3.7/site-packages/airflow/example_dags/example_latest_only_with_trigger.py
[2022-07-22 14:18:53,090] {logging_mixin.py:115} INFO - [2022-07-22 14:18:53,090] {dag.py:2420} INFO - Sync 1 DAGs
[2022-07-22 14:18:53,131] {logging_mixin.py:115} INFO - [2022-07-22 14:18:53,131] {dag.py:2972} INFO - Setting next_dagrun for latest_only_with_trigger to 2022-07-22T10:18:53.130929+00:00, run_after=2022-07-22T14:18:53.130929+00:00
[2022-07-22 14:18:53,163] {processor.py:161} INFO - Processing /home/airflow/.local/lib/python3.7/site-packages/airflow/example_dags/example_latest_only_with_trigger.py took 0.109 seconds
[2022-07-22 14:19:23,341] {processor.py:153} INFO - Started process (PID=2122) to work on /home/airflow/.local/lib/python3.7/site-packages/airflow/example_dags/example_latest_only_with_trigger.py
[2022-07-22 14:19:23,341] {processor.py:641} INFO - Processing file /home/airflow/.local/lib/python3.7/site-packages/airflow/example_dags/example_latest_only_with_trigger.py for tasks to queue
[2022-07-22 14:19:23,342] {logging_mixin.py:115} INFO - [2022-07-22 14:19:23,341] {dagbag.py:508} INFO - Filling up the DagBag from /home/airflow/.local/lib/python3.7/site-packages/airflow/example_dags/example_latest_only_with_trigger.py
[2022-07-22 14:19:23,346] {processor.py:651} INFO - DAG(s) dict_keys(['latest_only_with_trigger']) retrieved from /home/airflow/.local/lib/python3.7/site-packages/airflow/example_dags/example_latest_only_with_trigger.py
[2022-07-22 14:19:23,392] {logging_mixin.py:115} INFO - [2022-07-22 14:19:23,392] {dag.py:2420} INFO - Sync 1 DAGs
[2022-07-22 14:19:23,436] {logging_mixin.py:115} INFO - [2022-07-22 14:19:23,436] {dag.py:2972} INFO - Setting next_dagrun for latest_only_with_trigger to 2022-07-22T10:19:23.435666+00:00, run_after=2022-07-22T14:19:23.435666+00:00
[2022-07-22 14:19:23,464] {processor.py:161} INFO - Processing /home/airflow/.local/lib/python3.7/site-packages/airflow/example_dags/example_latest_only_with_trigger.py took 0.126 seconds
[2022-07-22 14:19:53,685] {processor.py:153} INFO - Started process (PID=2315) to work on /home/airflow/.local/lib/python3.7/site-packages/airflow/example_dags/example_latest_only_with_trigger.py
[2022-07-22 14:19:53,687] {processor.py:641} INFO - Processing file /home/airflow/.local/lib/python3.7/site-packages/airflow/example_dags/example_latest_only_with_trigger.py for tasks to queue
[2022-07-22 14:19:53,688] {logging_mixin.py:115} INFO - [2022-07-22 14:19:53,688] {dagbag.py:508} INFO - Filling up the DagBag from /home/airflow/.local/lib/python3.7/site-packages/airflow/example_dags/example_latest_only_with_trigger.py
[2022-07-22 14:19:53,699] {processor.py:651} INFO - DAG(s) dict_keys(['latest_only_with_trigger']) retrieved from /home/airflow/.local/lib/python3.7/site-packages/airflow/example_dags/example_latest_only_with_trigger.py
[2022-07-22 14:19:53,752] {logging_mixin.py:115} INFO - [2022-07-22 14:19:53,752] {dag.py:2420} INFO - Sync 1 DAGs
[2022-07-22 14:19:53,796] {logging_mixin.py:115} INFO - [2022-07-22 14:19:53,796] {dag.py:2972} INFO - Setting next_dagrun for latest_only_with_trigger to 2022-07-22T10:19:53.795922+00:00, run_after=2022-07-22T14:19:53.795922+00:00
[2022-07-22 14:19:53,812] {processor.py:161} INFO - Processing /home/airflow/.local/lib/python3.7/site-packages/airflow/example_dags/example_latest_only_with_trigger.py took 0.135 seconds
[2022-07-22 14:20:23,941] {processor.py:153} INFO - Started process (PID=2515) to work on /home/airflow/.local/lib/python3.7/site-packages/airflow/example_dags/example_latest_only_with_trigger.py
[2022-07-22 14:20:23,942] {processor.py:641} INFO - Processing file /home/airflow/.local/lib/python3.7/site-packages/airflow/example_dags/example_latest_only_with_trigger.py for tasks to queue
[2022-07-22 14:20:23,944] {logging_mixin.py:115} INFO - [2022-07-22 14:20:23,943] {dagbag.py:508} INFO - Filling up the DagBag from /home/airflow/.local/lib/python3.7/site-packages/airflow/example_dags/example_latest_only_with_trigger.py
[2022-07-22 14:20:23,954] {processor.py:651} INFO - DAG(s) dict_keys(['latest_only_with_trigger']) retrieved from /home/airflow/.local/lib/python3.7/site-packages/airflow/example_dags/example_latest_only_with_trigger.py
[2022-07-22 14:20:24,004] {logging_mixin.py:115} INFO - [2022-07-22 14:20:24,003] {dag.py:2420} INFO - Sync 1 DAGs
[2022-07-22 14:20:24,046] {logging_mixin.py:115} INFO - [2022-07-22 14:20:24,045] {dag.py:2972} INFO - Setting next_dagrun for latest_only_with_trigger to 2022-07-22T10:20:24.045575+00:00, run_after=2022-07-22T14:20:24.045575+00:00
[2022-07-22 14:20:24,059] {processor.py:161} INFO - Processing /home/airflow/.local/lib/python3.7/site-packages/airflow/example_dags/example_latest_only_with_trigger.py took 0.124 seconds
[2022-07-22 14:20:54,758] {processor.py:153} INFO - Started process (PID=2717) to work on /home/airflow/.local/lib/python3.7/site-packages/airflow/example_dags/example_latest_only_with_trigger.py
[2022-07-22 14:20:54,758] {processor.py:641} INFO - Processing file /home/airflow/.local/lib/python3.7/site-packages/airflow/example_dags/example_latest_only_with_trigger.py for tasks to queue
[2022-07-22 14:20:54,758] {logging_mixin.py:115} INFO - [2022-07-22 14:20:54,758] {dagbag.py:508} INFO - Filling up the DagBag from /home/airflow/.local/lib/python3.7/site-packages/airflow/example_dags/example_latest_only_with_trigger.py
[2022-07-22 14:20:54,763] {processor.py:651} INFO - DAG(s) dict_keys(['latest_only_with_trigger']) retrieved from /home/airflow/.local/lib/python3.7/site-packages/airflow/example_dags/example_latest_only_with_trigger.py
[2022-07-22 14:20:54,785] {logging_mixin.py:115} INFO - [2022-07-22 14:20:54,785] {dag.py:2420} INFO - Sync 1 DAGs
[2022-07-22 14:20:54,815] {logging_mixin.py:115} INFO - [2022-07-22 14:20:54,815] {dag.py:2972} INFO - Setting next_dagrun for latest_only_with_trigger to 2022-07-22T10:20:54.815533+00:00, run_after=2022-07-22T14:20:54.815533+00:00
[2022-07-22 14:20:54,838] {processor.py:161} INFO - Processing /home/airflow/.local/lib/python3.7/site-packages/airflow/example_dags/example_latest_only_with_trigger.py took 0.083 seconds
[2022-07-22 14:21:24,980] {processor.py:153} INFO - Started process (PID=2910) to work on /home/airflow/.local/lib/python3.7/site-packages/airflow/example_dags/example_latest_only_with_trigger.py
[2022-07-22 14:21:24,981] {processor.py:641} INFO - Processing file /home/airflow/.local/lib/python3.7/site-packages/airflow/example_dags/example_latest_only_with_trigger.py for tasks to queue
[2022-07-22 14:21:24,982] {logging_mixin.py:115} INFO - [2022-07-22 14:21:24,982] {dagbag.py:508} INFO - Filling up the DagBag from /home/airflow/.local/lib/python3.7/site-packages/airflow/example_dags/example_latest_only_with_trigger.py
[2022-07-22 14:21:24,990] {processor.py:651} INFO - DAG(s) dict_keys(['latest_only_with_trigger']) retrieved from /home/airflow/.local/lib/python3.7/site-packages/airflow/example_dags/example_latest_only_with_trigger.py
[2022-07-22 14:21:25,018] {logging_mixin.py:115} INFO - [2022-07-22 14:21:25,018] {dag.py:2420} INFO - Sync 1 DAGs
[2022-07-22 14:21:25,044] {logging_mixin.py:115} INFO - [2022-07-22 14:21:25,044] {dag.py:2972} INFO - Setting next_dagrun for latest_only_with_trigger to 2022-07-22T10:21:25.043630+00:00, run_after=2022-07-22T14:21:25.043630+00:00
[2022-07-22 14:21:25,069] {processor.py:161} INFO - Processing /home/airflow/.local/lib/python3.7/site-packages/airflow/example_dags/example_latest_only_with_trigger.py took 0.093 seconds
[2022-07-22 14:21:56,188] {processor.py:153} INFO - Started process (PID=3112) to work on /home/airflow/.local/lib/python3.7/site-packages/airflow/example_dags/example_latest_only_with_trigger.py
[2022-07-22 14:21:56,189] {processor.py:641} INFO - Processing file /home/airflow/.local/lib/python3.7/site-packages/airflow/example_dags/example_latest_only_with_trigger.py for tasks to queue
[2022-07-22 14:21:56,190] {logging_mixin.py:115} INFO - [2022-07-22 14:21:56,190] {dagbag.py:508} INFO - Filling up the DagBag from /home/airflow/.local/lib/python3.7/site-packages/airflow/example_dags/example_latest_only_with_trigger.py
[2022-07-22 14:21:56,201] {processor.py:651} INFO - DAG(s) dict_keys(['latest_only_with_trigger']) retrieved from /home/airflow/.local/lib/python3.7/site-packages/airflow/example_dags/example_latest_only_with_trigger.py
[2022-07-22 14:21:56,231] {logging_mixin.py:115} INFO - [2022-07-22 14:21:56,231] {dag.py:2420} INFO - Sync 1 DAGs
[2022-07-22 14:21:56,289] {logging_mixin.py:115} INFO - [2022-07-22 14:21:56,289] {dag.py:2972} INFO - Setting next_dagrun for latest_only_with_trigger to 2022-07-22T10:21:56.289063+00:00, run_after=2022-07-22T14:21:56.289063+00:00
[2022-07-22 14:21:56,306] {processor.py:161} INFO - Processing /home/airflow/.local/lib/python3.7/site-packages/airflow/example_dags/example_latest_only_with_trigger.py took 0.125 seconds
[2022-07-22 14:22:26,753] {processor.py:153} INFO - Started process (PID=3314) to work on /home/airflow/.local/lib/python3.7/site-packages/airflow/example_dags/example_latest_only_with_trigger.py
[2022-07-22 14:22:26,754] {processor.py:641} INFO - Processing file /home/airflow/.local/lib/python3.7/site-packages/airflow/example_dags/example_latest_only_with_trigger.py for tasks to queue
[2022-07-22 14:22:26,755] {logging_mixin.py:115} INFO - [2022-07-22 14:22:26,755] {dagbag.py:508} INFO - Filling up the DagBag from /home/airflow/.local/lib/python3.7/site-packages/airflow/example_dags/example_latest_only_with_trigger.py
[2022-07-22 14:22:26,767] {processor.py:651} INFO - DAG(s) dict_keys(['latest_only_with_trigger']) retrieved from /home/airflow/.local/lib/python3.7/site-packages/airflow/example_dags/example_latest_only_with_trigger.py
[2022-07-22 14:22:26,831] {logging_mixin.py:115} INFO - [2022-07-22 14:22:26,830] {dag.py:2420} INFO - Sync 1 DAGs
[2022-07-22 14:22:26,868] {logging_mixin.py:115} INFO - [2022-07-22 14:22:26,868] {dag.py:2972} INFO - Setting next_dagrun for latest_only_with_trigger to 2022-07-22T10:22:26.868297+00:00, run_after=2022-07-22T14:22:26.868297+00:00
[2022-07-22 14:22:26,883] {processor.py:161} INFO - Processing /home/airflow/.local/lib/python3.7/site-packages/airflow/example_dags/example_latest_only_with_trigger.py took 0.136 seconds
[2022-07-22 14:22:56,959] {processor.py:153} INFO - Started process (PID=3514) to work on /home/airflow/.local/lib/python3.7/site-packages/airflow/example_dags/example_latest_only_with_trigger.py
[2022-07-22 14:22:56,960] {processor.py:641} INFO - Processing file /home/airflow/.local/lib/python3.7/site-packages/airflow/example_dags/example_latest_only_with_trigger.py for tasks to queue
[2022-07-22 14:22:56,960] {logging_mixin.py:115} INFO - [2022-07-22 14:22:56,960] {dagbag.py:508} INFO - Filling up the DagBag from /home/airflow/.local/lib/python3.7/site-packages/airflow/example_dags/example_latest_only_with_trigger.py
[2022-07-22 14:22:56,966] {processor.py:651} INFO - DAG(s) dict_keys(['latest_only_with_trigger']) retrieved from /home/airflow/.local/lib/python3.7/site-packages/airflow/example_dags/example_latest_only_with_trigger.py
[2022-07-22 14:22:57,003] {logging_mixin.py:115} INFO - [2022-07-22 14:22:57,003] {dag.py:2420} INFO - Sync 1 DAGs
[2022-07-22 14:22:57,038] {logging_mixin.py:115} INFO - [2022-07-22 14:22:57,038] {dag.py:2972} INFO - Setting next_dagrun for latest_only_with_trigger to 2022-07-22T10:22:57.037887+00:00, run_after=2022-07-22T14:22:57.037887+00:00
[2022-07-22 14:22:57,060] {processor.py:161} INFO - Processing /home/airflow/.local/lib/python3.7/site-packages/airflow/example_dags/example_latest_only_with_trigger.py took 0.104 seconds
[2022-07-22 14:23:27,405] {processor.py:153} INFO - Started process (PID=3708) to work on /home/airflow/.local/lib/python3.7/site-packages/airflow/example_dags/example_latest_only_with_trigger.py
[2022-07-22 14:23:27,405] {processor.py:641} INFO - Processing file /home/airflow/.local/lib/python3.7/site-packages/airflow/example_dags/example_latest_only_with_trigger.py for tasks to queue
[2022-07-22 14:23:27,406] {logging_mixin.py:115} INFO - [2022-07-22 14:23:27,406] {dagbag.py:508} INFO - Filling up the DagBag from /home/airflow/.local/lib/python3.7/site-packages/airflow/example_dags/example_latest_only_with_trigger.py
[2022-07-22 14:23:27,416] {processor.py:651} INFO - DAG(s) dict_keys(['latest_only_with_trigger']) retrieved from /home/airflow/.local/lib/python3.7/site-packages/airflow/example_dags/example_latest_only_with_trigger.py
[2022-07-22 14:23:27,448] {logging_mixin.py:115} INFO - [2022-07-22 14:23:27,448] {dag.py:2420} INFO - Sync 1 DAGs
[2022-07-22 14:23:27,486] {logging_mixin.py:115} INFO - [2022-07-22 14:23:27,486] {dag.py:2972} INFO - Setting next_dagrun for latest_only_with_trigger to 2022-07-22T10:23:27.485879+00:00, run_after=2022-07-22T14:23:27.485879+00:00
[2022-07-22 14:23:27,505] {processor.py:161} INFO - Processing /home/airflow/.local/lib/python3.7/site-packages/airflow/example_dags/example_latest_only_with_trigger.py took 0.105 seconds
[2022-07-22 14:23:57,877] {processor.py:153} INFO - Started process (PID=3910) to work on /home/airflow/.local/lib/python3.7/site-packages/airflow/example_dags/example_latest_only_with_trigger.py
[2022-07-22 14:23:57,878] {processor.py:641} INFO - Processing file /home/airflow/.local/lib/python3.7/site-packages/airflow/example_dags/example_latest_only_with_trigger.py for tasks to queue
[2022-07-22 14:23:57,880] {logging_mixin.py:115} INFO - [2022-07-22 14:23:57,880] {dagbag.py:508} INFO - Filling up the DagBag from /home/airflow/.local/lib/python3.7/site-packages/airflow/example_dags/example_latest_only_with_trigger.py
[2022-07-22 14:23:57,892] {processor.py:651} INFO - DAG(s) dict_keys(['latest_only_with_trigger']) retrieved from /home/airflow/.local/lib/python3.7/site-packages/airflow/example_dags/example_latest_only_with_trigger.py
[2022-07-22 14:23:57,943] {logging_mixin.py:115} INFO - [2022-07-22 14:23:57,943] {dag.py:2420} INFO - Sync 1 DAGs
[2022-07-22 14:23:57,982] {logging_mixin.py:115} INFO - [2022-07-22 14:23:57,981] {dag.py:2972} INFO - Setting next_dagrun for latest_only_with_trigger to 2022-07-22T10:23:57.981245+00:00, run_after=2022-07-22T14:23:57.981245+00:00
[2022-07-22 14:23:58,001] {processor.py:161} INFO - Processing /home/airflow/.local/lib/python3.7/site-packages/airflow/example_dags/example_latest_only_with_trigger.py took 0.131 seconds
[2022-07-22 14:24:28,194] {processor.py:153} INFO - Started process (PID=4112) to work on /home/airflow/.local/lib/python3.7/site-packages/airflow/example_dags/example_latest_only_with_trigger.py
[2022-07-22 14:24:28,195] {processor.py:641} INFO - Processing file /home/airflow/.local/lib/python3.7/site-packages/airflow/example_dags/example_latest_only_with_trigger.py for tasks to queue
[2022-07-22 14:24:28,196] {logging_mixin.py:115} INFO - [2022-07-22 14:24:28,196] {dagbag.py:508} INFO - Filling up the DagBag from /home/airflow/.local/lib/python3.7/site-packages/airflow/example_dags/example_latest_only_with_trigger.py
[2022-07-22 14:24:28,202] {processor.py:651} INFO - DAG(s) dict_keys(['latest_only_with_trigger']) retrieved from /home/airflow/.local/lib/python3.7/site-packages/airflow/example_dags/example_latest_only_with_trigger.py
[2022-07-22 14:24:28,237] {logging_mixin.py:115} INFO - [2022-07-22 14:24:28,236] {dag.py:2420} INFO - Sync 1 DAGs
[2022-07-22 14:24:28,270] {logging_mixin.py:115} INFO - [2022-07-22 14:24:28,270] {dag.py:2972} INFO - Setting next_dagrun for latest_only_with_trigger to 2022-07-22T10:24:28.270119+00:00, run_after=2022-07-22T14:24:28.270119+00:00
[2022-07-22 14:24:28,286] {processor.py:161} INFO - Processing /home/airflow/.local/lib/python3.7/site-packages/airflow/example_dags/example_latest_only_with_trigger.py took 0.095 seconds
[2022-07-22 14:24:58,660] {processor.py:153} INFO - Started process (PID=4305) to work on /home/airflow/.local/lib/python3.7/site-packages/airflow/example_dags/example_latest_only_with_trigger.py
[2022-07-22 14:24:58,661] {processor.py:641} INFO - Processing file /home/airflow/.local/lib/python3.7/site-packages/airflow/example_dags/example_latest_only_with_trigger.py for tasks to queue
[2022-07-22 14:24:58,662] {logging_mixin.py:115} INFO - [2022-07-22 14:24:58,662] {dagbag.py:508} INFO - Filling up the DagBag from /home/airflow/.local/lib/python3.7/site-packages/airflow/example_dags/example_latest_only_with_trigger.py
[2022-07-22 14:24:58,673] {processor.py:651} INFO - DAG(s) dict_keys(['latest_only_with_trigger']) retrieved from /home/airflow/.local/lib/python3.7/site-packages/airflow/example_dags/example_latest_only_with_trigger.py
[2022-07-22 14:24:58,707] {logging_mixin.py:115} INFO - [2022-07-22 14:24:58,707] {dag.py:2420} INFO - Sync 1 DAGs
[2022-07-22 14:24:58,743] {logging_mixin.py:115} INFO - [2022-07-22 14:24:58,743] {dag.py:2972} INFO - Setting next_dagrun for latest_only_with_trigger to 2022-07-22T10:24:58.743226+00:00, run_after=2022-07-22T14:24:58.743226+00:00
[2022-07-22 14:24:58,757] {processor.py:161} INFO - Processing /home/airflow/.local/lib/python3.7/site-packages/airflow/example_dags/example_latest_only_with_trigger.py took 0.102 seconds
[2022-07-22 14:25:29,070] {processor.py:153} INFO - Started process (PID=4507) to work on /home/airflow/.local/lib/python3.7/site-packages/airflow/example_dags/example_latest_only_with_trigger.py
[2022-07-22 14:25:29,071] {processor.py:641} INFO - Processing file /home/airflow/.local/lib/python3.7/site-packages/airflow/example_dags/example_latest_only_with_trigger.py for tasks to queue
[2022-07-22 14:25:29,071] {logging_mixin.py:115} INFO - [2022-07-22 14:25:29,071] {dagbag.py:508} INFO - Filling up the DagBag from /home/airflow/.local/lib/python3.7/site-packages/airflow/example_dags/example_latest_only_with_trigger.py
[2022-07-22 14:25:29,076] {processor.py:651} INFO - DAG(s) dict_keys(['latest_only_with_trigger']) retrieved from /home/airflow/.local/lib/python3.7/site-packages/airflow/example_dags/example_latest_only_with_trigger.py
[2022-07-22 14:25:29,123] {logging_mixin.py:115} INFO - [2022-07-22 14:25:29,123] {dag.py:2420} INFO - Sync 1 DAGs
[2022-07-22 14:25:29,168] {logging_mixin.py:115} INFO - [2022-07-22 14:25:29,168] {dag.py:2972} INFO - Setting next_dagrun for latest_only_with_trigger to 2022-07-22T10:25:29.168107+00:00, run_after=2022-07-22T14:25:29.168107+00:00
[2022-07-22 14:25:29,185] {processor.py:161} INFO - Processing /home/airflow/.local/lib/python3.7/site-packages/airflow/example_dags/example_latest_only_with_trigger.py took 0.119 seconds
[2022-07-22 14:26:00,186] {processor.py:153} INFO - Started process (PID=4709) to work on /home/airflow/.local/lib/python3.7/site-packages/airflow/example_dags/example_latest_only_with_trigger.py
[2022-07-22 14:26:00,187] {processor.py:641} INFO - Processing file /home/airflow/.local/lib/python3.7/site-packages/airflow/example_dags/example_latest_only_with_trigger.py for tasks to queue
[2022-07-22 14:26:00,188] {logging_mixin.py:115} INFO - [2022-07-22 14:26:00,188] {dagbag.py:508} INFO - Filling up the DagBag from /home/airflow/.local/lib/python3.7/site-packages/airflow/example_dags/example_latest_only_with_trigger.py
[2022-07-22 14:26:00,197] {processor.py:651} INFO - DAG(s) dict_keys(['latest_only_with_trigger']) retrieved from /home/airflow/.local/lib/python3.7/site-packages/airflow/example_dags/example_latest_only_with_trigger.py
[2022-07-22 14:26:00,233] {logging_mixin.py:115} INFO - [2022-07-22 14:26:00,233] {dag.py:2420} INFO - Sync 1 DAGs
[2022-07-22 14:26:00,266] {logging_mixin.py:115} INFO - [2022-07-22 14:26:00,266] {dag.py:2972} INFO - Setting next_dagrun for latest_only_with_trigger to 2022-07-22T10:26:00.265885+00:00, run_after=2022-07-22T14:26:00.265885+00:00
[2022-07-22 14:26:00,286] {processor.py:161} INFO - Processing /home/airflow/.local/lib/python3.7/site-packages/airflow/example_dags/example_latest_only_with_trigger.py took 0.105 seconds
[2022-07-22 14:26:30,907] {processor.py:153} INFO - Started process (PID=4902) to work on /home/airflow/.local/lib/python3.7/site-packages/airflow/example_dags/example_latest_only_with_trigger.py
[2022-07-22 14:26:30,908] {processor.py:641} INFO - Processing file /home/airflow/.local/lib/python3.7/site-packages/airflow/example_dags/example_latest_only_with_trigger.py for tasks to queue
[2022-07-22 14:26:30,909] {logging_mixin.py:115} INFO - [2022-07-22 14:26:30,909] {dagbag.py:508} INFO - Filling up the DagBag from /home/airflow/.local/lib/python3.7/site-packages/airflow/example_dags/example_latest_only_with_trigger.py
[2022-07-22 14:26:30,918] {processor.py:651} INFO - DAG(s) dict_keys(['latest_only_with_trigger']) retrieved from /home/airflow/.local/lib/python3.7/site-packages/airflow/example_dags/example_latest_only_with_trigger.py
[2022-07-22 14:26:30,956] {logging_mixin.py:115} INFO - [2022-07-22 14:26:30,956] {dag.py:2420} INFO - Sync 1 DAGs
[2022-07-22 14:26:30,980] {logging_mixin.py:115} INFO - [2022-07-22 14:26:30,980] {dag.py:2972} INFO - Setting next_dagrun for latest_only_with_trigger to 2022-07-22T10:26:30.980241+00:00, run_after=2022-07-22T14:26:30.980241+00:00
[2022-07-22 14:26:30,992] {processor.py:161} INFO - Processing /home/airflow/.local/lib/python3.7/site-packages/airflow/example_dags/example_latest_only_with_trigger.py took 0.091 seconds
[2022-07-22 14:27:01,603] {processor.py:153} INFO - Started process (PID=5107) to work on /home/airflow/.local/lib/python3.7/site-packages/airflow/example_dags/example_latest_only_with_trigger.py
[2022-07-22 14:27:01,604] {processor.py:641} INFO - Processing file /home/airflow/.local/lib/python3.7/site-packages/airflow/example_dags/example_latest_only_with_trigger.py for tasks to queue
[2022-07-22 14:27:01,604] {logging_mixin.py:115} INFO - [2022-07-22 14:27:01,604] {dagbag.py:508} INFO - Filling up the DagBag from /home/airflow/.local/lib/python3.7/site-packages/airflow/example_dags/example_latest_only_with_trigger.py
[2022-07-22 14:27:01,608] {processor.py:651} INFO - DAG(s) dict_keys(['latest_only_with_trigger']) retrieved from /home/airflow/.local/lib/python3.7/site-packages/airflow/example_dags/example_latest_only_with_trigger.py
[2022-07-22 14:27:01,631] {logging_mixin.py:115} INFO - [2022-07-22 14:27:01,630] {dag.py:2420} INFO - Sync 1 DAGs
[2022-07-22 14:27:01,652] {logging_mixin.py:115} INFO - [2022-07-22 14:27:01,652] {dag.py:2972} INFO - Setting next_dagrun for latest_only_with_trigger to 2022-07-22T10:27:01.651890+00:00, run_after=2022-07-22T14:27:01.651890+00:00
[2022-07-22 14:27:01,662] {processor.py:161} INFO - Processing /home/airflow/.local/lib/python3.7/site-packages/airflow/example_dags/example_latest_only_with_trigger.py took 0.061 seconds
[2022-07-22 14:27:32,219] {processor.py:153} INFO - Started process (PID=5309) to work on /home/airflow/.local/lib/python3.7/site-packages/airflow/example_dags/example_latest_only_with_trigger.py
[2022-07-22 14:27:32,220] {processor.py:641} INFO - Processing file /home/airflow/.local/lib/python3.7/site-packages/airflow/example_dags/example_latest_only_with_trigger.py for tasks to queue
[2022-07-22 14:27:32,221] {logging_mixin.py:115} INFO - [2022-07-22 14:27:32,221] {dagbag.py:508} INFO - Filling up the DagBag from /home/airflow/.local/lib/python3.7/site-packages/airflow/example_dags/example_latest_only_with_trigger.py
[2022-07-22 14:27:32,232] {processor.py:651} INFO - DAG(s) dict_keys(['latest_only_with_trigger']) retrieved from /home/airflow/.local/lib/python3.7/site-packages/airflow/example_dags/example_latest_only_with_trigger.py
[2022-07-22 14:27:32,283] {logging_mixin.py:115} INFO - [2022-07-22 14:27:32,283] {dag.py:2420} INFO - Sync 1 DAGs
[2022-07-22 14:27:32,326] {logging_mixin.py:115} INFO - [2022-07-22 14:27:32,326] {dag.py:2972} INFO - Setting next_dagrun for latest_only_with_trigger to 2022-07-22T10:27:32.326191+00:00, run_after=2022-07-22T14:27:32.326191+00:00
[2022-07-22 14:27:32,337] {processor.py:161} INFO - Processing /home/airflow/.local/lib/python3.7/site-packages/airflow/example_dags/example_latest_only_with_trigger.py took 0.123 seconds
[2022-07-22 14:28:02,406] {processor.py:153} INFO - Started process (PID=5499) to work on /home/airflow/.local/lib/python3.7/site-packages/airflow/example_dags/example_latest_only_with_trigger.py
[2022-07-22 14:28:02,407] {processor.py:641} INFO - Processing file /home/airflow/.local/lib/python3.7/site-packages/airflow/example_dags/example_latest_only_with_trigger.py for tasks to queue
[2022-07-22 14:28:02,407] {logging_mixin.py:115} INFO - [2022-07-22 14:28:02,407] {dagbag.py:508} INFO - Filling up the DagBag from /home/airflow/.local/lib/python3.7/site-packages/airflow/example_dags/example_latest_only_with_trigger.py
[2022-07-22 14:28:02,412] {processor.py:651} INFO - DAG(s) dict_keys(['latest_only_with_trigger']) retrieved from /home/airflow/.local/lib/python3.7/site-packages/airflow/example_dags/example_latest_only_with_trigger.py
[2022-07-22 14:28:02,457] {logging_mixin.py:115} INFO - [2022-07-22 14:28:02,457] {dag.py:2420} INFO - Sync 1 DAGs
[2022-07-22 14:28:02,500] {logging_mixin.py:115} INFO - [2022-07-22 14:28:02,500] {dag.py:2972} INFO - Setting next_dagrun for latest_only_with_trigger to 2022-07-22T10:28:02.500701+00:00, run_after=2022-07-22T14:28:02.500701+00:00
[2022-07-22 14:28:02,511] {processor.py:161} INFO - Processing /home/airflow/.local/lib/python3.7/site-packages/airflow/example_dags/example_latest_only_with_trigger.py took 0.108 seconds
[2022-07-22 14:28:32,650] {processor.py:153} INFO - Started process (PID=5702) to work on /home/airflow/.local/lib/python3.7/site-packages/airflow/example_dags/example_latest_only_with_trigger.py
[2022-07-22 14:28:32,650] {processor.py:641} INFO - Processing file /home/airflow/.local/lib/python3.7/site-packages/airflow/example_dags/example_latest_only_with_trigger.py for tasks to queue
[2022-07-22 14:28:32,650] {logging_mixin.py:115} INFO - [2022-07-22 14:28:32,650] {dagbag.py:508} INFO - Filling up the DagBag from /home/airflow/.local/lib/python3.7/site-packages/airflow/example_dags/example_latest_only_with_trigger.py
[2022-07-22 14:28:32,654] {processor.py:651} INFO - DAG(s) dict_keys(['latest_only_with_trigger']) retrieved from /home/airflow/.local/lib/python3.7/site-packages/airflow/example_dags/example_latest_only_with_trigger.py
[2022-07-22 14:28:32,677] {logging_mixin.py:115} INFO - [2022-07-22 14:28:32,677] {dag.py:2420} INFO - Sync 1 DAGs
[2022-07-22 14:28:32,701] {logging_mixin.py:115} INFO - [2022-07-22 14:28:32,701] {dag.py:2972} INFO - Setting next_dagrun for latest_only_with_trigger to 2022-07-22T10:28:32.700967+00:00, run_after=2022-07-22T14:28:32.700967+00:00
[2022-07-22 14:28:32,712] {processor.py:161} INFO - Processing /home/airflow/.local/lib/python3.7/site-packages/airflow/example_dags/example_latest_only_with_trigger.py took 0.065 seconds
[2022-07-22 14:29:52,025] {processor.py:153} INFO - Started process (PID=310) to work on /home/airflow/.local/lib/python3.7/site-packages/airflow/example_dags/example_latest_only_with_trigger.py
[2022-07-22 14:29:52,026] {processor.py:641} INFO - Processing file /home/airflow/.local/lib/python3.7/site-packages/airflow/example_dags/example_latest_only_with_trigger.py for tasks to queue
[2022-07-22 14:29:52,027] {logging_mixin.py:115} INFO - [2022-07-22 14:29:52,027] {dagbag.py:508} INFO - Filling up the DagBag from /home/airflow/.local/lib/python3.7/site-packages/airflow/example_dags/example_latest_only_with_trigger.py
[2022-07-22 14:29:52,040] {processor.py:651} INFO - DAG(s) dict_keys(['latest_only_with_trigger']) retrieved from /home/airflow/.local/lib/python3.7/site-packages/airflow/example_dags/example_latest_only_with_trigger.py
[2022-07-22 14:29:52,085] {logging_mixin.py:115} INFO - [2022-07-22 14:29:52,085] {dag.py:2420} INFO - Sync 1 DAGs
[2022-07-22 14:29:52,126] {logging_mixin.py:115} INFO - [2022-07-22 14:29:52,126] {dag.py:2972} INFO - Setting next_dagrun for latest_only_with_trigger to 2022-07-22T10:29:52.126024+00:00, run_after=2022-07-22T14:29:52.126024+00:00
[2022-07-22 14:29:52,156] {processor.py:161} INFO - Processing /home/airflow/.local/lib/python3.7/site-packages/airflow/example_dags/example_latest_only_with_trigger.py took 0.136 seconds
[2022-07-22 14:30:22,810] {processor.py:153} INFO - Started process (PID=511) to work on /home/airflow/.local/lib/python3.7/site-packages/airflow/example_dags/example_latest_only_with_trigger.py
[2022-07-22 14:30:22,811] {processor.py:641} INFO - Processing file /home/airflow/.local/lib/python3.7/site-packages/airflow/example_dags/example_latest_only_with_trigger.py for tasks to queue
[2022-07-22 14:30:22,811] {logging_mixin.py:115} INFO - [2022-07-22 14:30:22,811] {dagbag.py:508} INFO - Filling up the DagBag from /home/airflow/.local/lib/python3.7/site-packages/airflow/example_dags/example_latest_only_with_trigger.py
[2022-07-22 14:30:22,816] {processor.py:651} INFO - DAG(s) dict_keys(['latest_only_with_trigger']) retrieved from /home/airflow/.local/lib/python3.7/site-packages/airflow/example_dags/example_latest_only_with_trigger.py
[2022-07-22 14:30:22,856] {logging_mixin.py:115} INFO - [2022-07-22 14:30:22,855] {dag.py:2420} INFO - Sync 1 DAGs
[2022-07-22 14:30:22,878] {logging_mixin.py:115} INFO - [2022-07-22 14:30:22,878] {dag.py:2972} INFO - Setting next_dagrun for latest_only_with_trigger to 2022-07-22T10:30:22.877805+00:00, run_after=2022-07-22T14:30:22.877805+00:00
[2022-07-22 14:30:22,891] {processor.py:161} INFO - Processing /home/airflow/.local/lib/python3.7/site-packages/airflow/example_dags/example_latest_only_with_trigger.py took 0.084 seconds
[2022-07-22 14:30:53,573] {processor.py:153} INFO - Started process (PID=715) to work on /home/airflow/.local/lib/python3.7/site-packages/airflow/example_dags/example_latest_only_with_trigger.py
[2022-07-22 14:30:53,573] {processor.py:641} INFO - Processing file /home/airflow/.local/lib/python3.7/site-packages/airflow/example_dags/example_latest_only_with_trigger.py for tasks to queue
[2022-07-22 14:30:53,574] {logging_mixin.py:115} INFO - [2022-07-22 14:30:53,574] {dagbag.py:508} INFO - Filling up the DagBag from /home/airflow/.local/lib/python3.7/site-packages/airflow/example_dags/example_latest_only_with_trigger.py
[2022-07-22 14:30:53,583] {processor.py:651} INFO - DAG(s) dict_keys(['latest_only_with_trigger']) retrieved from /home/airflow/.local/lib/python3.7/site-packages/airflow/example_dags/example_latest_only_with_trigger.py
[2022-07-22 14:30:53,621] {logging_mixin.py:115} INFO - [2022-07-22 14:30:53,621] {dag.py:2420} INFO - Sync 1 DAGs
[2022-07-22 14:30:53,658] {logging_mixin.py:115} INFO - [2022-07-22 14:30:53,657] {dag.py:2972} INFO - Setting next_dagrun for latest_only_with_trigger to 2022-07-22T10:30:53.657575+00:00, run_after=2022-07-22T14:30:53.657575+00:00
[2022-07-22 14:30:53,682] {processor.py:161} INFO - Processing /home/airflow/.local/lib/python3.7/site-packages/airflow/example_dags/example_latest_only_with_trigger.py took 0.114 seconds
[2022-07-22 14:31:24,301] {processor.py:153} INFO - Started process (PID=915) to work on /home/airflow/.local/lib/python3.7/site-packages/airflow/example_dags/example_latest_only_with_trigger.py
[2022-07-22 14:31:24,301] {processor.py:641} INFO - Processing file /home/airflow/.local/lib/python3.7/site-packages/airflow/example_dags/example_latest_only_with_trigger.py for tasks to queue
[2022-07-22 14:31:24,302] {logging_mixin.py:115} INFO - [2022-07-22 14:31:24,302] {dagbag.py:508} INFO - Filling up the DagBag from /home/airflow/.local/lib/python3.7/site-packages/airflow/example_dags/example_latest_only_with_trigger.py
[2022-07-22 14:31:24,307] {processor.py:651} INFO - DAG(s) dict_keys(['latest_only_with_trigger']) retrieved from /home/airflow/.local/lib/python3.7/site-packages/airflow/example_dags/example_latest_only_with_trigger.py
[2022-07-22 14:31:24,335] {logging_mixin.py:115} INFO - [2022-07-22 14:31:24,335] {dag.py:2420} INFO - Sync 1 DAGs
[2022-07-22 14:31:24,358] {logging_mixin.py:115} INFO - [2022-07-22 14:31:24,357] {dag.py:2972} INFO - Setting next_dagrun for latest_only_with_trigger to 2022-07-22T10:31:24.357702+00:00, run_after=2022-07-22T14:31:24.357702+00:00
[2022-07-22 14:31:24,373] {processor.py:161} INFO - Processing /home/airflow/.local/lib/python3.7/site-packages/airflow/example_dags/example_latest_only_with_trigger.py took 0.075 seconds
[2022-07-22 14:31:55,100] {processor.py:153} INFO - Started process (PID=1108) to work on /home/airflow/.local/lib/python3.7/site-packages/airflow/example_dags/example_latest_only_with_trigger.py
[2022-07-22 14:31:55,101] {processor.py:641} INFO - Processing file /home/airflow/.local/lib/python3.7/site-packages/airflow/example_dags/example_latest_only_with_trigger.py for tasks to queue
[2022-07-22 14:31:55,101] {logging_mixin.py:115} INFO - [2022-07-22 14:31:55,101] {dagbag.py:508} INFO - Filling up the DagBag from /home/airflow/.local/lib/python3.7/site-packages/airflow/example_dags/example_latest_only_with_trigger.py
[2022-07-22 14:31:55,107] {processor.py:651} INFO - DAG(s) dict_keys(['latest_only_with_trigger']) retrieved from /home/airflow/.local/lib/python3.7/site-packages/airflow/example_dags/example_latest_only_with_trigger.py
[2022-07-22 14:31:55,155] {logging_mixin.py:115} INFO - [2022-07-22 14:31:55,155] {dag.py:2420} INFO - Sync 1 DAGs
[2022-07-22 14:31:55,210] {logging_mixin.py:115} INFO - [2022-07-22 14:31:55,210] {dag.py:2972} INFO - Setting next_dagrun for latest_only_with_trigger to 2022-07-22T10:31:55.209735+00:00, run_after=2022-07-22T14:31:55.209735+00:00
[2022-07-22 14:31:55,232] {processor.py:161} INFO - Processing /home/airflow/.local/lib/python3.7/site-packages/airflow/example_dags/example_latest_only_with_trigger.py took 0.135 seconds
[2022-07-22 14:32:26,180] {processor.py:153} INFO - Started process (PID=1330) to work on /home/airflow/.local/lib/python3.7/site-packages/airflow/example_dags/example_latest_only_with_trigger.py
[2022-07-22 14:32:26,182] {processor.py:641} INFO - Processing file /home/airflow/.local/lib/python3.7/site-packages/airflow/example_dags/example_latest_only_with_trigger.py for tasks to queue
[2022-07-22 14:32:26,184] {logging_mixin.py:115} INFO - [2022-07-22 14:32:26,184] {dagbag.py:508} INFO - Filling up the DagBag from /home/airflow/.local/lib/python3.7/site-packages/airflow/example_dags/example_latest_only_with_trigger.py
[2022-07-22 14:32:26,194] {processor.py:651} INFO - DAG(s) dict_keys(['latest_only_with_trigger']) retrieved from /home/airflow/.local/lib/python3.7/site-packages/airflow/example_dags/example_latest_only_with_trigger.py
[2022-07-22 14:32:26,250] {logging_mixin.py:115} INFO - [2022-07-22 14:32:26,250] {dag.py:2420} INFO - Sync 1 DAGs
[2022-07-22 14:32:26,290] {logging_mixin.py:115} INFO - [2022-07-22 14:32:26,290] {dag.py:2972} INFO - Setting next_dagrun for latest_only_with_trigger to 2022-07-22T10:32:26.290350+00:00, run_after=2022-07-22T14:32:26.290350+00:00
[2022-07-22 14:32:26,311] {processor.py:161} INFO - Processing /home/airflow/.local/lib/python3.7/site-packages/airflow/example_dags/example_latest_only_with_trigger.py took 0.139 seconds
[2022-07-22 14:32:57,136] {processor.py:153} INFO - Started process (PID=1534) to work on /home/airflow/.local/lib/python3.7/site-packages/airflow/example_dags/example_latest_only_with_trigger.py
[2022-07-22 14:32:57,137] {processor.py:641} INFO - Processing file /home/airflow/.local/lib/python3.7/site-packages/airflow/example_dags/example_latest_only_with_trigger.py for tasks to queue
[2022-07-22 14:32:57,138] {logging_mixin.py:115} INFO - [2022-07-22 14:32:57,138] {dagbag.py:508} INFO - Filling up the DagBag from /home/airflow/.local/lib/python3.7/site-packages/airflow/example_dags/example_latest_only_with_trigger.py
[2022-07-22 14:32:57,143] {processor.py:651} INFO - DAG(s) dict_keys(['latest_only_with_trigger']) retrieved from /home/airflow/.local/lib/python3.7/site-packages/airflow/example_dags/example_latest_only_with_trigger.py
[2022-07-22 14:32:57,168] {logging_mixin.py:115} INFO - [2022-07-22 14:32:57,168] {dag.py:2420} INFO - Sync 1 DAGs
[2022-07-22 14:32:57,190] {logging_mixin.py:115} INFO - [2022-07-22 14:32:57,190] {dag.py:2972} INFO - Setting next_dagrun for latest_only_with_trigger to 2022-07-22T10:32:57.190200+00:00, run_after=2022-07-22T14:32:57.190200+00:00
[2022-07-22 14:32:57,207] {processor.py:161} INFO - Processing /home/airflow/.local/lib/python3.7/site-packages/airflow/example_dags/example_latest_only_with_trigger.py took 0.074 seconds
[2022-07-22 14:33:28,350] {processor.py:153} INFO - Started process (PID=1725) to work on /home/airflow/.local/lib/python3.7/site-packages/airflow/example_dags/example_latest_only_with_trigger.py
[2022-07-22 14:33:28,351] {processor.py:641} INFO - Processing file /home/airflow/.local/lib/python3.7/site-packages/airflow/example_dags/example_latest_only_with_trigger.py for tasks to queue
[2022-07-22 14:33:28,352] {logging_mixin.py:115} INFO - [2022-07-22 14:33:28,352] {dagbag.py:508} INFO - Filling up the DagBag from /home/airflow/.local/lib/python3.7/site-packages/airflow/example_dags/example_latest_only_with_trigger.py
[2022-07-22 14:33:28,362] {processor.py:651} INFO - DAG(s) dict_keys(['latest_only_with_trigger']) retrieved from /home/airflow/.local/lib/python3.7/site-packages/airflow/example_dags/example_latest_only_with_trigger.py
[2022-07-22 14:33:28,419] {logging_mixin.py:115} INFO - [2022-07-22 14:33:28,419] {dag.py:2420} INFO - Sync 1 DAGs
[2022-07-22 14:33:28,458] {logging_mixin.py:115} INFO - [2022-07-22 14:33:28,458] {dag.py:2972} INFO - Setting next_dagrun for latest_only_with_trigger to 2022-07-22T10:33:28.457878+00:00, run_after=2022-07-22T14:33:28.457878+00:00
[2022-07-22 14:33:28,471] {processor.py:161} INFO - Processing /home/airflow/.local/lib/python3.7/site-packages/airflow/example_dags/example_latest_only_with_trigger.py took 0.126 seconds
[2022-07-22 14:34:50,535] {processor.py:153} INFO - Started process (PID=298) to work on /home/airflow/.local/lib/python3.7/site-packages/airflow/example_dags/example_latest_only_with_trigger.py
[2022-07-22 14:34:50,536] {processor.py:641} INFO - Processing file /home/airflow/.local/lib/python3.7/site-packages/airflow/example_dags/example_latest_only_with_trigger.py for tasks to queue
[2022-07-22 14:34:50,536] {logging_mixin.py:115} INFO - [2022-07-22 14:34:50,536] {dagbag.py:508} INFO - Filling up the DagBag from /home/airflow/.local/lib/python3.7/site-packages/airflow/example_dags/example_latest_only_with_trigger.py
[2022-07-22 14:34:50,542] {processor.py:651} INFO - DAG(s) dict_keys(['latest_only_with_trigger']) retrieved from /home/airflow/.local/lib/python3.7/site-packages/airflow/example_dags/example_latest_only_with_trigger.py
[2022-07-22 14:34:50,568] {logging_mixin.py:115} INFO - [2022-07-22 14:34:50,568] {dag.py:2420} INFO - Sync 1 DAGs
[2022-07-22 14:34:50,609] {logging_mixin.py:115} INFO - [2022-07-22 14:34:50,608] {dag.py:2972} INFO - Setting next_dagrun for latest_only_with_trigger to 2022-07-22T10:34:50.608409+00:00, run_after=2022-07-22T14:34:50.608409+00:00
[2022-07-22 14:34:50,624] {processor.py:161} INFO - Processing /home/airflow/.local/lib/python3.7/site-packages/airflow/example_dags/example_latest_only_with_trigger.py took 0.092 seconds
[2022-07-22 14:35:21,254] {processor.py:153} INFO - Started process (PID=501) to work on /home/airflow/.local/lib/python3.7/site-packages/airflow/example_dags/example_latest_only_with_trigger.py
[2022-07-22 14:35:21,255] {processor.py:641} INFO - Processing file /home/airflow/.local/lib/python3.7/site-packages/airflow/example_dags/example_latest_only_with_trigger.py for tasks to queue
[2022-07-22 14:35:21,255] {logging_mixin.py:115} INFO - [2022-07-22 14:35:21,255] {dagbag.py:508} INFO - Filling up the DagBag from /home/airflow/.local/lib/python3.7/site-packages/airflow/example_dags/example_latest_only_with_trigger.py
[2022-07-22 14:35:21,259] {processor.py:651} INFO - DAG(s) dict_keys(['latest_only_with_trigger']) retrieved from /home/airflow/.local/lib/python3.7/site-packages/airflow/example_dags/example_latest_only_with_trigger.py
[2022-07-22 14:35:21,281] {logging_mixin.py:115} INFO - [2022-07-22 14:35:21,281] {dag.py:2420} INFO - Sync 1 DAGs
[2022-07-22 14:35:21,300] {logging_mixin.py:115} INFO - [2022-07-22 14:35:21,300] {dag.py:2972} INFO - Setting next_dagrun for latest_only_with_trigger to 2022-07-22T10:35:21.300577+00:00, run_after=2022-07-22T14:35:21.300577+00:00
[2022-07-22 14:35:21,322] {processor.py:161} INFO - Processing /home/airflow/.local/lib/python3.7/site-packages/airflow/example_dags/example_latest_only_with_trigger.py took 0.070 seconds
