[2022-07-22 14:06:12,432] {processor.py:153} INFO - Started process (PID=203) to work on /home/airflow/.local/lib/python3.7/site-packages/airflow/example_dags/example_task_group_decorator.py
[2022-07-22 14:06:12,432] {processor.py:641} INFO - Processing file /home/airflow/.local/lib/python3.7/site-packages/airflow/example_dags/example_task_group_decorator.py for tasks to queue
[2022-07-22 14:06:12,434] {logging_mixin.py:115} INFO - [2022-07-22 14:06:12,434] {dagbag.py:508} INFO - Filling up the DagBag from /home/airflow/.local/lib/python3.7/site-packages/airflow/example_dags/example_task_group_decorator.py
[2022-07-22 14:06:12,464] {processor.py:651} INFO - DAG(s) dict_keys(['example_task_group_decorator']) retrieved from /home/airflow/.local/lib/python3.7/site-packages/airflow/example_dags/example_task_group_decorator.py
[2022-07-22 14:06:12,573] {logging_mixin.py:115} INFO - [2022-07-22 14:06:12,573] {manager.py:508} INFO - Created Permission View: can read on DAG:example_task_group_decorator
[2022-07-22 14:06:12,591] {logging_mixin.py:115} INFO - [2022-07-22 14:06:12,591] {manager.py:508} INFO - Created Permission View: can delete on DAG:example_task_group_decorator
[2022-07-22 14:06:12,614] {logging_mixin.py:115} INFO - [2022-07-22 14:06:12,614] {manager.py:508} INFO - Created Permission View: can edit on DAG:example_task_group_decorator
[2022-07-22 14:06:12,615] {logging_mixin.py:115} INFO - [2022-07-22 14:06:12,615] {dag.py:2420} INFO - Sync 1 DAGs
[2022-07-22 14:06:12,639] {logging_mixin.py:115} INFO - [2022-07-22 14:06:12,639] {dag.py:2439} INFO - Creating ORM DAG for example_task_group_decorator
[2022-07-22 14:06:12,673] {logging_mixin.py:115} INFO - [2022-07-22 14:06:12,673] {dag.py:2972} INFO - Setting next_dagrun for example_task_group_decorator to 2022-07-21T14:06:12.673170+00:00, run_after=2022-07-22T14:06:12.673170+00:00
[2022-07-22 14:06:12,698] {processor.py:161} INFO - Processing /home/airflow/.local/lib/python3.7/site-packages/airflow/example_dags/example_task_group_decorator.py took 0.271 seconds
[2022-07-22 14:06:43,379] {processor.py:153} INFO - Started process (PID=402) to work on /home/airflow/.local/lib/python3.7/site-packages/airflow/example_dags/example_task_group_decorator.py
[2022-07-22 14:06:43,380] {processor.py:641} INFO - Processing file /home/airflow/.local/lib/python3.7/site-packages/airflow/example_dags/example_task_group_decorator.py for tasks to queue
[2022-07-22 14:06:43,381] {logging_mixin.py:115} INFO - [2022-07-22 14:06:43,381] {dagbag.py:508} INFO - Filling up the DagBag from /home/airflow/.local/lib/python3.7/site-packages/airflow/example_dags/example_task_group_decorator.py
[2022-07-22 14:06:43,426] {processor.py:651} INFO - DAG(s) dict_keys(['example_task_group_decorator']) retrieved from /home/airflow/.local/lib/python3.7/site-packages/airflow/example_dags/example_task_group_decorator.py
[2022-07-22 14:06:43,530] {logging_mixin.py:115} INFO - [2022-07-22 14:06:43,530] {dag.py:2420} INFO - Sync 1 DAGs
[2022-07-22 14:06:43,549] {logging_mixin.py:115} INFO - [2022-07-22 14:06:43,549] {dag.py:2972} INFO - Setting next_dagrun for example_task_group_decorator to 2022-07-21T14:06:43.549337+00:00, run_after=2022-07-22T14:06:43.549337+00:00
[2022-07-22 14:06:43,568] {processor.py:161} INFO - Processing /home/airflow/.local/lib/python3.7/site-packages/airflow/example_dags/example_task_group_decorator.py took 0.195 seconds
[2022-07-22 14:07:13,983] {processor.py:153} INFO - Started process (PID=597) to work on /home/airflow/.local/lib/python3.7/site-packages/airflow/example_dags/example_task_group_decorator.py
[2022-07-22 14:07:13,984] {processor.py:641} INFO - Processing file /home/airflow/.local/lib/python3.7/site-packages/airflow/example_dags/example_task_group_decorator.py for tasks to queue
[2022-07-22 14:07:13,985] {logging_mixin.py:115} INFO - [2022-07-22 14:07:13,985] {dagbag.py:508} INFO - Filling up the DagBag from /home/airflow/.local/lib/python3.7/site-packages/airflow/example_dags/example_task_group_decorator.py
[2022-07-22 14:07:14,028] {processor.py:651} INFO - DAG(s) dict_keys(['example_task_group_decorator']) retrieved from /home/airflow/.local/lib/python3.7/site-packages/airflow/example_dags/example_task_group_decorator.py
[2022-07-22 14:07:14,085] {logging_mixin.py:115} INFO - [2022-07-22 14:07:14,085] {dag.py:2420} INFO - Sync 1 DAGs
[2022-07-22 14:07:14,106] {logging_mixin.py:115} INFO - [2022-07-22 14:07:14,106] {dag.py:2972} INFO - Setting next_dagrun for example_task_group_decorator to 2022-07-21T14:07:14.106297+00:00, run_after=2022-07-22T14:07:14.106297+00:00
[2022-07-22 14:07:14,121] {processor.py:161} INFO - Processing /home/airflow/.local/lib/python3.7/site-packages/airflow/example_dags/example_task_group_decorator.py took 0.144 seconds
[2022-07-22 14:08:19,403] {processor.py:153} INFO - Started process (PID=209) to work on /home/airflow/.local/lib/python3.7/site-packages/airflow/example_dags/example_task_group_decorator.py
[2022-07-22 14:08:19,404] {processor.py:641} INFO - Processing file /home/airflow/.local/lib/python3.7/site-packages/airflow/example_dags/example_task_group_decorator.py for tasks to queue
[2022-07-22 14:08:19,405] {logging_mixin.py:115} INFO - [2022-07-22 14:08:19,405] {dagbag.py:508} INFO - Filling up the DagBag from /home/airflow/.local/lib/python3.7/site-packages/airflow/example_dags/example_task_group_decorator.py
[2022-07-22 14:08:19,458] {processor.py:651} INFO - DAG(s) dict_keys(['example_task_group_decorator']) retrieved from /home/airflow/.local/lib/python3.7/site-packages/airflow/example_dags/example_task_group_decorator.py
[2022-07-22 14:08:19,531] {logging_mixin.py:115} INFO - [2022-07-22 14:08:19,531] {dag.py:2420} INFO - Sync 1 DAGs
[2022-07-22 14:08:19,565] {logging_mixin.py:115} INFO - [2022-07-22 14:08:19,565] {dag.py:2972} INFO - Setting next_dagrun for example_task_group_decorator to 2022-07-21T14:08:19.564830+00:00, run_after=2022-07-22T14:08:19.564830+00:00
[2022-07-22 14:08:19,590] {processor.py:161} INFO - Processing /home/airflow/.local/lib/python3.7/site-packages/airflow/example_dags/example_task_group_decorator.py took 0.192 seconds
[2022-07-22 14:08:50,498] {processor.py:153} INFO - Started process (PID=417) to work on /home/airflow/.local/lib/python3.7/site-packages/airflow/example_dags/example_task_group_decorator.py
[2022-07-22 14:08:50,499] {processor.py:641} INFO - Processing file /home/airflow/.local/lib/python3.7/site-packages/airflow/example_dags/example_task_group_decorator.py for tasks to queue
[2022-07-22 14:08:50,500] {logging_mixin.py:115} INFO - [2022-07-22 14:08:50,500] {dagbag.py:508} INFO - Filling up the DagBag from /home/airflow/.local/lib/python3.7/site-packages/airflow/example_dags/example_task_group_decorator.py
[2022-07-22 14:08:50,551] {processor.py:651} INFO - DAG(s) dict_keys(['example_task_group_decorator']) retrieved from /home/airflow/.local/lib/python3.7/site-packages/airflow/example_dags/example_task_group_decorator.py
[2022-07-22 14:08:50,663] {logging_mixin.py:115} INFO - [2022-07-22 14:08:50,663] {dag.py:2420} INFO - Sync 1 DAGs
[2022-07-22 14:08:50,679] {logging_mixin.py:115} INFO - [2022-07-22 14:08:50,679] {dag.py:2972} INFO - Setting next_dagrun for example_task_group_decorator to 2022-07-21T14:08:50.679268+00:00, run_after=2022-07-22T14:08:50.679268+00:00
[2022-07-22 14:08:50,699] {processor.py:161} INFO - Processing /home/airflow/.local/lib/python3.7/site-packages/airflow/example_dags/example_task_group_decorator.py took 0.207 seconds
[2022-07-22 14:09:20,931] {processor.py:153} INFO - Started process (PID=617) to work on /home/airflow/.local/lib/python3.7/site-packages/airflow/example_dags/example_task_group_decorator.py
[2022-07-22 14:09:20,932] {processor.py:641} INFO - Processing file /home/airflow/.local/lib/python3.7/site-packages/airflow/example_dags/example_task_group_decorator.py for tasks to queue
[2022-07-22 14:09:20,933] {logging_mixin.py:115} INFO - [2022-07-22 14:09:20,933] {dagbag.py:508} INFO - Filling up the DagBag from /home/airflow/.local/lib/python3.7/site-packages/airflow/example_dags/example_task_group_decorator.py
[2022-07-22 14:09:20,972] {processor.py:651} INFO - DAG(s) dict_keys(['example_task_group_decorator']) retrieved from /home/airflow/.local/lib/python3.7/site-packages/airflow/example_dags/example_task_group_decorator.py
[2022-07-22 14:09:21,032] {logging_mixin.py:115} INFO - [2022-07-22 14:09:21,032] {dag.py:2420} INFO - Sync 1 DAGs
[2022-07-22 14:09:21,049] {logging_mixin.py:115} INFO - [2022-07-22 14:09:21,048] {dag.py:2972} INFO - Setting next_dagrun for example_task_group_decorator to 2022-07-21T14:09:21.048679+00:00, run_after=2022-07-22T14:09:21.048679+00:00
[2022-07-22 14:09:21,068] {processor.py:161} INFO - Processing /home/airflow/.local/lib/python3.7/site-packages/airflow/example_dags/example_task_group_decorator.py took 0.144 seconds
[2022-07-22 14:09:51,264] {processor.py:153} INFO - Started process (PID=816) to work on /home/airflow/.local/lib/python3.7/site-packages/airflow/example_dags/example_task_group_decorator.py
[2022-07-22 14:09:51,265] {processor.py:641} INFO - Processing file /home/airflow/.local/lib/python3.7/site-packages/airflow/example_dags/example_task_group_decorator.py for tasks to queue
[2022-07-22 14:09:51,265] {logging_mixin.py:115} INFO - [2022-07-22 14:09:51,265] {dagbag.py:508} INFO - Filling up the DagBag from /home/airflow/.local/lib/python3.7/site-packages/airflow/example_dags/example_task_group_decorator.py
[2022-07-22 14:09:51,292] {processor.py:651} INFO - DAG(s) dict_keys(['example_task_group_decorator']) retrieved from /home/airflow/.local/lib/python3.7/site-packages/airflow/example_dags/example_task_group_decorator.py
[2022-07-22 14:09:51,368] {logging_mixin.py:115} INFO - [2022-07-22 14:09:51,368] {dag.py:2420} INFO - Sync 1 DAGs
[2022-07-22 14:09:51,392] {logging_mixin.py:115} INFO - [2022-07-22 14:09:51,392] {dag.py:2972} INFO - Setting next_dagrun for example_task_group_decorator to 2022-07-21T14:09:51.392028+00:00, run_after=2022-07-22T14:09:51.392028+00:00
[2022-07-22 14:09:51,410] {processor.py:161} INFO - Processing /home/airflow/.local/lib/python3.7/site-packages/airflow/example_dags/example_task_group_decorator.py took 0.150 seconds
[2022-07-22 14:11:25,381] {processor.py:153} INFO - Started process (PID=209) to work on /home/airflow/.local/lib/python3.7/site-packages/airflow/example_dags/example_task_group_decorator.py
[2022-07-22 14:11:25,382] {processor.py:641} INFO - Processing file /home/airflow/.local/lib/python3.7/site-packages/airflow/example_dags/example_task_group_decorator.py for tasks to queue
[2022-07-22 14:11:25,382] {logging_mixin.py:115} INFO - [2022-07-22 14:11:25,382] {dagbag.py:508} INFO - Filling up the DagBag from /home/airflow/.local/lib/python3.7/site-packages/airflow/example_dags/example_task_group_decorator.py
[2022-07-22 14:11:25,403] {processor.py:651} INFO - DAG(s) dict_keys(['example_task_group_decorator']) retrieved from /home/airflow/.local/lib/python3.7/site-packages/airflow/example_dags/example_task_group_decorator.py
[2022-07-22 14:11:25,527] {logging_mixin.py:115} INFO - [2022-07-22 14:11:25,527] {manager.py:508} INFO - Created Permission View: can read on DAG:example_task_group_decorator
[2022-07-22 14:11:25,547] {logging_mixin.py:115} INFO - [2022-07-22 14:11:25,547] {manager.py:508} INFO - Created Permission View: can edit on DAG:example_task_group_decorator
[2022-07-22 14:11:25,562] {logging_mixin.py:115} INFO - [2022-07-22 14:11:25,561] {manager.py:508} INFO - Created Permission View: can delete on DAG:example_task_group_decorator
[2022-07-22 14:11:25,562] {logging_mixin.py:115} INFO - [2022-07-22 14:11:25,562] {dag.py:2420} INFO - Sync 1 DAGs
[2022-07-22 14:11:25,579] {logging_mixin.py:115} INFO - [2022-07-22 14:11:25,579] {dag.py:2439} INFO - Creating ORM DAG for example_task_group_decorator
[2022-07-22 14:11:25,596] {logging_mixin.py:115} INFO - [2022-07-22 14:11:25,596] {dag.py:2972} INFO - Setting next_dagrun for example_task_group_decorator to 2022-07-21T14:11:25.596233+00:00, run_after=2022-07-22T14:11:25.596233+00:00
[2022-07-22 14:11:25,609] {processor.py:161} INFO - Processing /home/airflow/.local/lib/python3.7/site-packages/airflow/example_dags/example_task_group_decorator.py took 0.231 seconds
[2022-07-22 14:11:56,569] {processor.py:153} INFO - Started process (PID=417) to work on /home/airflow/.local/lib/python3.7/site-packages/airflow/example_dags/example_task_group_decorator.py
[2022-07-22 14:11:56,570] {processor.py:641} INFO - Processing file /home/airflow/.local/lib/python3.7/site-packages/airflow/example_dags/example_task_group_decorator.py for tasks to queue
[2022-07-22 14:11:56,571] {logging_mixin.py:115} INFO - [2022-07-22 14:11:56,571] {dagbag.py:508} INFO - Filling up the DagBag from /home/airflow/.local/lib/python3.7/site-packages/airflow/example_dags/example_task_group_decorator.py
[2022-07-22 14:11:56,618] {processor.py:651} INFO - DAG(s) dict_keys(['example_task_group_decorator']) retrieved from /home/airflow/.local/lib/python3.7/site-packages/airflow/example_dags/example_task_group_decorator.py
[2022-07-22 14:11:56,740] {logging_mixin.py:115} INFO - [2022-07-22 14:11:56,739] {dag.py:2420} INFO - Sync 1 DAGs
[2022-07-22 14:11:56,758] {logging_mixin.py:115} INFO - [2022-07-22 14:11:56,757] {dag.py:2972} INFO - Setting next_dagrun for example_task_group_decorator to 2022-07-21T14:11:56.757716+00:00, run_after=2022-07-22T14:11:56.757716+00:00
[2022-07-22 14:11:56,772] {processor.py:161} INFO - Processing /home/airflow/.local/lib/python3.7/site-packages/airflow/example_dags/example_task_group_decorator.py took 0.204 seconds
[2022-07-22 14:12:53,570] {processor.py:153} INFO - Started process (PID=209) to work on /home/airflow/.local/lib/python3.7/site-packages/airflow/example_dags/example_task_group_decorator.py
[2022-07-22 14:12:53,570] {processor.py:641} INFO - Processing file /home/airflow/.local/lib/python3.7/site-packages/airflow/example_dags/example_task_group_decorator.py for tasks to queue
[2022-07-22 14:12:53,571] {logging_mixin.py:115} INFO - [2022-07-22 14:12:53,571] {dagbag.py:508} INFO - Filling up the DagBag from /home/airflow/.local/lib/python3.7/site-packages/airflow/example_dags/example_task_group_decorator.py
[2022-07-22 14:12:53,592] {processor.py:651} INFO - DAG(s) dict_keys(['example_task_group_decorator']) retrieved from /home/airflow/.local/lib/python3.7/site-packages/airflow/example_dags/example_task_group_decorator.py
[2022-07-22 14:12:53,670] {logging_mixin.py:115} INFO - [2022-07-22 14:12:53,670] {manager.py:508} INFO - Created Permission View: can read on DAG:example_task_group_decorator
[2022-07-22 14:12:53,681] {logging_mixin.py:115} INFO - [2022-07-22 14:12:53,681] {manager.py:508} INFO - Created Permission View: can delete on DAG:example_task_group_decorator
[2022-07-22 14:12:53,694] {logging_mixin.py:115} INFO - [2022-07-22 14:12:53,694] {manager.py:508} INFO - Created Permission View: can edit on DAG:example_task_group_decorator
[2022-07-22 14:12:53,695] {logging_mixin.py:115} INFO - [2022-07-22 14:12:53,695] {dag.py:2420} INFO - Sync 1 DAGs
[2022-07-22 14:12:53,709] {logging_mixin.py:115} INFO - [2022-07-22 14:12:53,708] {dag.py:2439} INFO - Creating ORM DAG for example_task_group_decorator
[2022-07-22 14:12:53,729] {logging_mixin.py:115} INFO - [2022-07-22 14:12:53,729] {dag.py:2972} INFO - Setting next_dagrun for example_task_group_decorator to 2022-07-21T14:12:53.728707+00:00, run_after=2022-07-22T14:12:53.728707+00:00
[2022-07-22 14:12:53,752] {processor.py:161} INFO - Processing /home/airflow/.local/lib/python3.7/site-packages/airflow/example_dags/example_task_group_decorator.py took 0.185 seconds
[2022-07-22 14:13:23,926] {processor.py:153} INFO - Started process (PID=413) to work on /home/airflow/.local/lib/python3.7/site-packages/airflow/example_dags/example_task_group_decorator.py
[2022-07-22 14:13:23,927] {processor.py:641} INFO - Processing file /home/airflow/.local/lib/python3.7/site-packages/airflow/example_dags/example_task_group_decorator.py for tasks to queue
[2022-07-22 14:13:23,928] {logging_mixin.py:115} INFO - [2022-07-22 14:13:23,928] {dagbag.py:508} INFO - Filling up the DagBag from /home/airflow/.local/lib/python3.7/site-packages/airflow/example_dags/example_task_group_decorator.py
[2022-07-22 14:13:23,984] {processor.py:651} INFO - DAG(s) dict_keys(['example_task_group_decorator']) retrieved from /home/airflow/.local/lib/python3.7/site-packages/airflow/example_dags/example_task_group_decorator.py
[2022-07-22 14:13:24,099] {logging_mixin.py:115} INFO - [2022-07-22 14:13:24,099] {dag.py:2420} INFO - Sync 1 DAGs
[2022-07-22 14:13:24,116] {logging_mixin.py:115} INFO - [2022-07-22 14:13:24,116] {dag.py:2972} INFO - Setting next_dagrun for example_task_group_decorator to 2022-07-21T14:13:24.115866+00:00, run_after=2022-07-22T14:13:24.115866+00:00
[2022-07-22 14:13:24,129] {processor.py:161} INFO - Processing /home/airflow/.local/lib/python3.7/site-packages/airflow/example_dags/example_task_group_decorator.py took 0.209 seconds
[2022-07-22 14:13:54,242] {processor.py:153} INFO - Started process (PID=618) to work on /home/airflow/.local/lib/python3.7/site-packages/airflow/example_dags/example_task_group_decorator.py
[2022-07-22 14:13:54,243] {processor.py:641} INFO - Processing file /home/airflow/.local/lib/python3.7/site-packages/airflow/example_dags/example_task_group_decorator.py for tasks to queue
[2022-07-22 14:13:54,243] {logging_mixin.py:115} INFO - [2022-07-22 14:13:54,243] {dagbag.py:508} INFO - Filling up the DagBag from /home/airflow/.local/lib/python3.7/site-packages/airflow/example_dags/example_task_group_decorator.py
[2022-07-22 14:13:54,267] {processor.py:651} INFO - DAG(s) dict_keys(['example_task_group_decorator']) retrieved from /home/airflow/.local/lib/python3.7/site-packages/airflow/example_dags/example_task_group_decorator.py
[2022-07-22 14:13:54,361] {logging_mixin.py:115} INFO - [2022-07-22 14:13:54,361] {dag.py:2420} INFO - Sync 1 DAGs
[2022-07-22 14:13:54,379] {logging_mixin.py:115} INFO - [2022-07-22 14:13:54,379] {dag.py:2972} INFO - Setting next_dagrun for example_task_group_decorator to 2022-07-21T14:13:54.378865+00:00, run_after=2022-07-22T14:13:54.378865+00:00
[2022-07-22 14:13:54,394] {processor.py:161} INFO - Processing /home/airflow/.local/lib/python3.7/site-packages/airflow/example_dags/example_task_group_decorator.py took 0.154 seconds
[2022-07-22 14:14:46,786] {processor.py:153} INFO - Started process (PID=209) to work on /home/airflow/.local/lib/python3.7/site-packages/airflow/example_dags/example_task_group_decorator.py
[2022-07-22 14:14:46,787] {processor.py:641} INFO - Processing file /home/airflow/.local/lib/python3.7/site-packages/airflow/example_dags/example_task_group_decorator.py for tasks to queue
[2022-07-22 14:14:46,788] {logging_mixin.py:115} INFO - [2022-07-22 14:14:46,788] {dagbag.py:508} INFO - Filling up the DagBag from /home/airflow/.local/lib/python3.7/site-packages/airflow/example_dags/example_task_group_decorator.py
[2022-07-22 14:14:46,842] {processor.py:651} INFO - DAG(s) dict_keys(['example_task_group_decorator']) retrieved from /home/airflow/.local/lib/python3.7/site-packages/airflow/example_dags/example_task_group_decorator.py
[2022-07-22 14:14:46,942] {logging_mixin.py:115} INFO - [2022-07-22 14:14:46,942] {manager.py:508} INFO - Created Permission View: can read on DAG:example_task_group_decorator
[2022-07-22 14:14:46,960] {logging_mixin.py:115} INFO - [2022-07-22 14:14:46,960] {manager.py:508} INFO - Created Permission View: can edit on DAG:example_task_group_decorator
[2022-07-22 14:14:46,968] {logging_mixin.py:115} INFO - [2022-07-22 14:14:46,968] {manager.py:508} INFO - Created Permission View: can delete on DAG:example_task_group_decorator
[2022-07-22 14:14:46,969] {logging_mixin.py:115} INFO - [2022-07-22 14:14:46,969] {dag.py:2420} INFO - Sync 1 DAGs
[2022-07-22 14:14:46,976] {logging_mixin.py:115} INFO - [2022-07-22 14:14:46,976] {dag.py:2439} INFO - Creating ORM DAG for example_task_group_decorator
[2022-07-22 14:14:46,987] {logging_mixin.py:115} INFO - [2022-07-22 14:14:46,987] {dag.py:2972} INFO - Setting next_dagrun for example_task_group_decorator to 2022-07-21T14:14:46.986819+00:00, run_after=2022-07-22T14:14:46.986819+00:00
[2022-07-22 14:14:47,002] {processor.py:161} INFO - Processing /home/airflow/.local/lib/python3.7/site-packages/airflow/example_dags/example_task_group_decorator.py took 0.221 seconds
[2022-07-22 14:15:17,116] {processor.py:153} INFO - Started process (PID=425) to work on /home/airflow/.local/lib/python3.7/site-packages/airflow/example_dags/example_task_group_decorator.py
[2022-07-22 14:15:17,117] {processor.py:641} INFO - Processing file /home/airflow/.local/lib/python3.7/site-packages/airflow/example_dags/example_task_group_decorator.py for tasks to queue
[2022-07-22 14:15:17,118] {logging_mixin.py:115} INFO - [2022-07-22 14:15:17,118] {dagbag.py:508} INFO - Filling up the DagBag from /home/airflow/.local/lib/python3.7/site-packages/airflow/example_dags/example_task_group_decorator.py
[2022-07-22 14:15:17,175] {processor.py:651} INFO - DAG(s) dict_keys(['example_task_group_decorator']) retrieved from /home/airflow/.local/lib/python3.7/site-packages/airflow/example_dags/example_task_group_decorator.py
[2022-07-22 14:15:17,288] {logging_mixin.py:115} INFO - [2022-07-22 14:15:17,288] {dag.py:2420} INFO - Sync 1 DAGs
[2022-07-22 14:15:17,306] {logging_mixin.py:115} INFO - [2022-07-22 14:15:17,306] {dag.py:2972} INFO - Setting next_dagrun for example_task_group_decorator to 2022-07-21T14:15:17.305853+00:00, run_after=2022-07-22T14:15:17.305853+00:00
[2022-07-22 14:15:17,319] {processor.py:161} INFO - Processing /home/airflow/.local/lib/python3.7/site-packages/airflow/example_dags/example_task_group_decorator.py took 0.207 seconds
[2022-07-22 14:15:47,367] {processor.py:153} INFO - Started process (PID=627) to work on /home/airflow/.local/lib/python3.7/site-packages/airflow/example_dags/example_task_group_decorator.py
[2022-07-22 14:15:47,368] {processor.py:641} INFO - Processing file /home/airflow/.local/lib/python3.7/site-packages/airflow/example_dags/example_task_group_decorator.py for tasks to queue
[2022-07-22 14:15:47,369] {logging_mixin.py:115} INFO - [2022-07-22 14:15:47,369] {dagbag.py:508} INFO - Filling up the DagBag from /home/airflow/.local/lib/python3.7/site-packages/airflow/example_dags/example_task_group_decorator.py
[2022-07-22 14:15:47,418] {processor.py:651} INFO - DAG(s) dict_keys(['example_task_group_decorator']) retrieved from /home/airflow/.local/lib/python3.7/site-packages/airflow/example_dags/example_task_group_decorator.py
[2022-07-22 14:15:47,526] {logging_mixin.py:115} INFO - [2022-07-22 14:15:47,525] {dag.py:2420} INFO - Sync 1 DAGs
[2022-07-22 14:15:47,553] {logging_mixin.py:115} INFO - [2022-07-22 14:15:47,553] {dag.py:2972} INFO - Setting next_dagrun for example_task_group_decorator to 2022-07-21T14:15:47.552653+00:00, run_after=2022-07-22T14:15:47.552653+00:00
[2022-07-22 14:15:47,586] {processor.py:161} INFO - Processing /home/airflow/.local/lib/python3.7/site-packages/airflow/example_dags/example_task_group_decorator.py took 0.223 seconds
[2022-07-22 14:16:17,758] {processor.py:153} INFO - Started process (PID=830) to work on /home/airflow/.local/lib/python3.7/site-packages/airflow/example_dags/example_task_group_decorator.py
[2022-07-22 14:16:17,759] {processor.py:641} INFO - Processing file /home/airflow/.local/lib/python3.7/site-packages/airflow/example_dags/example_task_group_decorator.py for tasks to queue
[2022-07-22 14:16:17,759] {logging_mixin.py:115} INFO - [2022-07-22 14:16:17,759] {dagbag.py:508} INFO - Filling up the DagBag from /home/airflow/.local/lib/python3.7/site-packages/airflow/example_dags/example_task_group_decorator.py
[2022-07-22 14:16:17,779] {processor.py:651} INFO - DAG(s) dict_keys(['example_task_group_decorator']) retrieved from /home/airflow/.local/lib/python3.7/site-packages/airflow/example_dags/example_task_group_decorator.py
[2022-07-22 14:16:17,877] {logging_mixin.py:115} INFO - [2022-07-22 14:16:17,877] {dag.py:2420} INFO - Sync 1 DAGs
[2022-07-22 14:16:17,894] {logging_mixin.py:115} INFO - [2022-07-22 14:16:17,893] {dag.py:2972} INFO - Setting next_dagrun for example_task_group_decorator to 2022-07-21T14:16:17.893717+00:00, run_after=2022-07-22T14:16:17.893717+00:00
[2022-07-22 14:16:17,911] {processor.py:161} INFO - Processing /home/airflow/.local/lib/python3.7/site-packages/airflow/example_dags/example_task_group_decorator.py took 0.156 seconds
[2022-07-22 14:16:48,354] {processor.py:153} INFO - Started process (PID=1030) to work on /home/airflow/.local/lib/python3.7/site-packages/airflow/example_dags/example_task_group_decorator.py
[2022-07-22 14:16:48,355] {processor.py:641} INFO - Processing file /home/airflow/.local/lib/python3.7/site-packages/airflow/example_dags/example_task_group_decorator.py for tasks to queue
[2022-07-22 14:16:48,356] {logging_mixin.py:115} INFO - [2022-07-22 14:16:48,356] {dagbag.py:508} INFO - Filling up the DagBag from /home/airflow/.local/lib/python3.7/site-packages/airflow/example_dags/example_task_group_decorator.py
[2022-07-22 14:16:48,412] {processor.py:651} INFO - DAG(s) dict_keys(['example_task_group_decorator']) retrieved from /home/airflow/.local/lib/python3.7/site-packages/airflow/example_dags/example_task_group_decorator.py
[2022-07-22 14:16:48,510] {logging_mixin.py:115} INFO - [2022-07-22 14:16:48,510] {dag.py:2420} INFO - Sync 1 DAGs
[2022-07-22 14:16:48,528] {logging_mixin.py:115} INFO - [2022-07-22 14:16:48,527] {dag.py:2972} INFO - Setting next_dagrun for example_task_group_decorator to 2022-07-21T14:16:48.527787+00:00, run_after=2022-07-22T14:16:48.527787+00:00
[2022-07-22 14:16:48,540] {processor.py:161} INFO - Processing /home/airflow/.local/lib/python3.7/site-packages/airflow/example_dags/example_task_group_decorator.py took 0.194 seconds
[2022-07-22 14:17:18,647] {processor.py:153} INFO - Started process (PID=1232) to work on /home/airflow/.local/lib/python3.7/site-packages/airflow/example_dags/example_task_group_decorator.py
[2022-07-22 14:17:18,648] {processor.py:641} INFO - Processing file /home/airflow/.local/lib/python3.7/site-packages/airflow/example_dags/example_task_group_decorator.py for tasks to queue
[2022-07-22 14:17:18,649] {logging_mixin.py:115} INFO - [2022-07-22 14:17:18,649] {dagbag.py:508} INFO - Filling up the DagBag from /home/airflow/.local/lib/python3.7/site-packages/airflow/example_dags/example_task_group_decorator.py
[2022-07-22 14:17:18,695] {processor.py:651} INFO - DAG(s) dict_keys(['example_task_group_decorator']) retrieved from /home/airflow/.local/lib/python3.7/site-packages/airflow/example_dags/example_task_group_decorator.py
[2022-07-22 14:17:18,799] {logging_mixin.py:115} INFO - [2022-07-22 14:17:18,799] {dag.py:2420} INFO - Sync 1 DAGs
[2022-07-22 14:17:18,829] {logging_mixin.py:115} INFO - [2022-07-22 14:17:18,829] {dag.py:2972} INFO - Setting next_dagrun for example_task_group_decorator to 2022-07-21T14:17:18.828642+00:00, run_after=2022-07-22T14:17:18.828642+00:00
[2022-07-22 14:17:18,858] {processor.py:161} INFO - Processing /home/airflow/.local/lib/python3.7/site-packages/airflow/example_dags/example_task_group_decorator.py took 0.215 seconds
[2022-07-22 14:17:49,743] {processor.py:153} INFO - Started process (PID=1425) to work on /home/airflow/.local/lib/python3.7/site-packages/airflow/example_dags/example_task_group_decorator.py
[2022-07-22 14:17:49,744] {processor.py:641} INFO - Processing file /home/airflow/.local/lib/python3.7/site-packages/airflow/example_dags/example_task_group_decorator.py for tasks to queue
[2022-07-22 14:17:49,745] {logging_mixin.py:115} INFO - [2022-07-22 14:17:49,745] {dagbag.py:508} INFO - Filling up the DagBag from /home/airflow/.local/lib/python3.7/site-packages/airflow/example_dags/example_task_group_decorator.py
[2022-07-22 14:17:49,769] {processor.py:651} INFO - DAG(s) dict_keys(['example_task_group_decorator']) retrieved from /home/airflow/.local/lib/python3.7/site-packages/airflow/example_dags/example_task_group_decorator.py
[2022-07-22 14:17:49,862] {logging_mixin.py:115} INFO - [2022-07-22 14:17:49,862] {dag.py:2420} INFO - Sync 1 DAGs
[2022-07-22 14:17:49,880] {logging_mixin.py:115} INFO - [2022-07-22 14:17:49,879] {dag.py:2972} INFO - Setting next_dagrun for example_task_group_decorator to 2022-07-21T14:17:49.879468+00:00, run_after=2022-07-22T14:17:49.879468+00:00
[2022-07-22 14:17:49,903] {processor.py:161} INFO - Processing /home/airflow/.local/lib/python3.7/site-packages/airflow/example_dags/example_task_group_decorator.py took 0.162 seconds
[2022-07-22 14:18:20,876] {processor.py:153} INFO - Started process (PID=1626) to work on /home/airflow/.local/lib/python3.7/site-packages/airflow/example_dags/example_task_group_decorator.py
[2022-07-22 14:18:20,877] {processor.py:641} INFO - Processing file /home/airflow/.local/lib/python3.7/site-packages/airflow/example_dags/example_task_group_decorator.py for tasks to queue
[2022-07-22 14:18:20,878] {logging_mixin.py:115} INFO - [2022-07-22 14:18:20,878] {dagbag.py:508} INFO - Filling up the DagBag from /home/airflow/.local/lib/python3.7/site-packages/airflow/example_dags/example_task_group_decorator.py
[2022-07-22 14:18:20,924] {processor.py:651} INFO - DAG(s) dict_keys(['example_task_group_decorator']) retrieved from /home/airflow/.local/lib/python3.7/site-packages/airflow/example_dags/example_task_group_decorator.py
[2022-07-22 14:18:21,044] {logging_mixin.py:115} INFO - [2022-07-22 14:18:21,044] {dag.py:2420} INFO - Sync 1 DAGs
[2022-07-22 14:18:21,068] {logging_mixin.py:115} INFO - [2022-07-22 14:18:21,067] {dag.py:2972} INFO - Setting next_dagrun for example_task_group_decorator to 2022-07-21T14:18:21.067305+00:00, run_after=2022-07-22T14:18:21.067305+00:00
[2022-07-22 14:18:21,097] {processor.py:161} INFO - Processing /home/airflow/.local/lib/python3.7/site-packages/airflow/example_dags/example_task_group_decorator.py took 0.228 seconds
[2022-07-22 14:18:51,360] {processor.py:153} INFO - Started process (PID=1828) to work on /home/airflow/.local/lib/python3.7/site-packages/airflow/example_dags/example_task_group_decorator.py
[2022-07-22 14:18:51,361] {processor.py:641} INFO - Processing file /home/airflow/.local/lib/python3.7/site-packages/airflow/example_dags/example_task_group_decorator.py for tasks to queue
[2022-07-22 14:18:51,362] {logging_mixin.py:115} INFO - [2022-07-22 14:18:51,362] {dagbag.py:508} INFO - Filling up the DagBag from /home/airflow/.local/lib/python3.7/site-packages/airflow/example_dags/example_task_group_decorator.py
[2022-07-22 14:18:51,410] {processor.py:651} INFO - DAG(s) dict_keys(['example_task_group_decorator']) retrieved from /home/airflow/.local/lib/python3.7/site-packages/airflow/example_dags/example_task_group_decorator.py
[2022-07-22 14:18:51,440] {logging_mixin.py:115} INFO - [2022-07-22 14:18:51,440] {dag.py:2420} INFO - Sync 1 DAGs
[2022-07-22 14:18:51,466] {logging_mixin.py:115} INFO - [2022-07-22 14:18:51,466] {dag.py:2972} INFO - Setting next_dagrun for example_task_group_decorator to 2022-07-21T14:18:51.466195+00:00, run_after=2022-07-22T14:18:51.466195+00:00
[2022-07-22 14:18:51,478] {processor.py:161} INFO - Processing /home/airflow/.local/lib/python3.7/site-packages/airflow/example_dags/example_task_group_decorator.py took 0.127 seconds
[2022-07-22 14:19:21,662] {processor.py:153} INFO - Started process (PID=2030) to work on /home/airflow/.local/lib/python3.7/site-packages/airflow/example_dags/example_task_group_decorator.py
[2022-07-22 14:19:21,663] {processor.py:641} INFO - Processing file /home/airflow/.local/lib/python3.7/site-packages/airflow/example_dags/example_task_group_decorator.py for tasks to queue
[2022-07-22 14:19:21,664] {logging_mixin.py:115} INFO - [2022-07-22 14:19:21,664] {dagbag.py:508} INFO - Filling up the DagBag from /home/airflow/.local/lib/python3.7/site-packages/airflow/example_dags/example_task_group_decorator.py
[2022-07-22 14:19:21,696] {processor.py:651} INFO - DAG(s) dict_keys(['example_task_group_decorator']) retrieved from /home/airflow/.local/lib/python3.7/site-packages/airflow/example_dags/example_task_group_decorator.py
[2022-07-22 14:19:21,730] {logging_mixin.py:115} INFO - [2022-07-22 14:19:21,730] {dag.py:2420} INFO - Sync 1 DAGs
[2022-07-22 14:19:21,762] {logging_mixin.py:115} INFO - [2022-07-22 14:19:21,762] {dag.py:2972} INFO - Setting next_dagrun for example_task_group_decorator to 2022-07-21T14:19:21.762464+00:00, run_after=2022-07-22T14:19:21.762464+00:00
[2022-07-22 14:19:21,779] {processor.py:161} INFO - Processing /home/airflow/.local/lib/python3.7/site-packages/airflow/example_dags/example_task_group_decorator.py took 0.120 seconds
[2022-07-22 14:19:52,000] {processor.py:153} INFO - Started process (PID=2223) to work on /home/airflow/.local/lib/python3.7/site-packages/airflow/example_dags/example_task_group_decorator.py
[2022-07-22 14:19:52,002] {processor.py:641} INFO - Processing file /home/airflow/.local/lib/python3.7/site-packages/airflow/example_dags/example_task_group_decorator.py for tasks to queue
[2022-07-22 14:19:52,003] {logging_mixin.py:115} INFO - [2022-07-22 14:19:52,003] {dagbag.py:508} INFO - Filling up the DagBag from /home/airflow/.local/lib/python3.7/site-packages/airflow/example_dags/example_task_group_decorator.py
[2022-07-22 14:19:52,057] {processor.py:651} INFO - DAG(s) dict_keys(['example_task_group_decorator']) retrieved from /home/airflow/.local/lib/python3.7/site-packages/airflow/example_dags/example_task_group_decorator.py
[2022-07-22 14:19:52,114] {logging_mixin.py:115} INFO - [2022-07-22 14:19:52,114] {dag.py:2420} INFO - Sync 1 DAGs
[2022-07-22 14:19:52,131] {logging_mixin.py:115} INFO - [2022-07-22 14:19:52,131] {dag.py:2972} INFO - Setting next_dagrun for example_task_group_decorator to 2022-07-21T14:19:52.130965+00:00, run_after=2022-07-22T14:19:52.130965+00:00
[2022-07-22 14:19:52,147] {processor.py:161} INFO - Processing /home/airflow/.local/lib/python3.7/site-packages/airflow/example_dags/example_task_group_decorator.py took 0.153 seconds
[2022-07-22 14:20:22,327] {processor.py:153} INFO - Started process (PID=2425) to work on /home/airflow/.local/lib/python3.7/site-packages/airflow/example_dags/example_task_group_decorator.py
[2022-07-22 14:20:22,329] {processor.py:641} INFO - Processing file /home/airflow/.local/lib/python3.7/site-packages/airflow/example_dags/example_task_group_decorator.py for tasks to queue
[2022-07-22 14:20:22,330] {logging_mixin.py:115} INFO - [2022-07-22 14:20:22,330] {dagbag.py:508} INFO - Filling up the DagBag from /home/airflow/.local/lib/python3.7/site-packages/airflow/example_dags/example_task_group_decorator.py
[2022-07-22 14:20:22,385] {processor.py:651} INFO - DAG(s) dict_keys(['example_task_group_decorator']) retrieved from /home/airflow/.local/lib/python3.7/site-packages/airflow/example_dags/example_task_group_decorator.py
[2022-07-22 14:20:22,446] {logging_mixin.py:115} INFO - [2022-07-22 14:20:22,446] {dag.py:2420} INFO - Sync 1 DAGs
[2022-07-22 14:20:22,477] {logging_mixin.py:115} INFO - [2022-07-22 14:20:22,477] {dag.py:2972} INFO - Setting next_dagrun for example_task_group_decorator to 2022-07-21T14:20:22.477024+00:00, run_after=2022-07-22T14:20:22.477024+00:00
[2022-07-22 14:20:22,498] {processor.py:161} INFO - Processing /home/airflow/.local/lib/python3.7/site-packages/airflow/example_dags/example_task_group_decorator.py took 0.180 seconds
[2022-07-22 14:20:52,834] {processor.py:153} INFO - Started process (PID=2627) to work on /home/airflow/.local/lib/python3.7/site-packages/airflow/example_dags/example_task_group_decorator.py
[2022-07-22 14:20:52,835] {processor.py:641} INFO - Processing file /home/airflow/.local/lib/python3.7/site-packages/airflow/example_dags/example_task_group_decorator.py for tasks to queue
[2022-07-22 14:20:52,836] {logging_mixin.py:115} INFO - [2022-07-22 14:20:52,836] {dagbag.py:508} INFO - Filling up the DagBag from /home/airflow/.local/lib/python3.7/site-packages/airflow/example_dags/example_task_group_decorator.py
[2022-07-22 14:20:52,891] {processor.py:651} INFO - DAG(s) dict_keys(['example_task_group_decorator']) retrieved from /home/airflow/.local/lib/python3.7/site-packages/airflow/example_dags/example_task_group_decorator.py
[2022-07-22 14:20:52,968] {logging_mixin.py:115} INFO - [2022-07-22 14:20:52,968] {dag.py:2420} INFO - Sync 1 DAGs
[2022-07-22 14:20:52,988] {logging_mixin.py:115} INFO - [2022-07-22 14:20:52,987] {dag.py:2972} INFO - Setting next_dagrun for example_task_group_decorator to 2022-07-21T14:20:52.987687+00:00, run_after=2022-07-22T14:20:52.987687+00:00
[2022-07-22 14:20:53,008] {processor.py:161} INFO - Processing /home/airflow/.local/lib/python3.7/site-packages/airflow/example_dags/example_task_group_decorator.py took 0.180 seconds
[2022-07-22 14:21:23,258] {processor.py:153} INFO - Started process (PID=2820) to work on /home/airflow/.local/lib/python3.7/site-packages/airflow/example_dags/example_task_group_decorator.py
[2022-07-22 14:21:23,258] {processor.py:641} INFO - Processing file /home/airflow/.local/lib/python3.7/site-packages/airflow/example_dags/example_task_group_decorator.py for tasks to queue
[2022-07-22 14:21:23,259] {logging_mixin.py:115} INFO - [2022-07-22 14:21:23,259] {dagbag.py:508} INFO - Filling up the DagBag from /home/airflow/.local/lib/python3.7/site-packages/airflow/example_dags/example_task_group_decorator.py
[2022-07-22 14:21:23,278] {processor.py:651} INFO - DAG(s) dict_keys(['example_task_group_decorator']) retrieved from /home/airflow/.local/lib/python3.7/site-packages/airflow/example_dags/example_task_group_decorator.py
[2022-07-22 14:21:23,389] {logging_mixin.py:115} INFO - [2022-07-22 14:21:23,388] {dag.py:2420} INFO - Sync 1 DAGs
[2022-07-22 14:21:23,404] {logging_mixin.py:115} INFO - [2022-07-22 14:21:23,404] {dag.py:2972} INFO - Setting next_dagrun for example_task_group_decorator to 2022-07-21T14:21:23.404638+00:00, run_after=2022-07-22T14:21:23.404638+00:00
[2022-07-22 14:21:23,417] {processor.py:161} INFO - Processing /home/airflow/.local/lib/python3.7/site-packages/airflow/example_dags/example_task_group_decorator.py took 0.161 seconds
[2022-07-22 14:21:54,447] {processor.py:153} INFO - Started process (PID=3022) to work on /home/airflow/.local/lib/python3.7/site-packages/airflow/example_dags/example_task_group_decorator.py
[2022-07-22 14:21:54,448] {processor.py:641} INFO - Processing file /home/airflow/.local/lib/python3.7/site-packages/airflow/example_dags/example_task_group_decorator.py for tasks to queue
[2022-07-22 14:21:54,449] {logging_mixin.py:115} INFO - [2022-07-22 14:21:54,448] {dagbag.py:508} INFO - Filling up the DagBag from /home/airflow/.local/lib/python3.7/site-packages/airflow/example_dags/example_task_group_decorator.py
[2022-07-22 14:21:54,496] {processor.py:651} INFO - DAG(s) dict_keys(['example_task_group_decorator']) retrieved from /home/airflow/.local/lib/python3.7/site-packages/airflow/example_dags/example_task_group_decorator.py
[2022-07-22 14:21:54,602] {logging_mixin.py:115} INFO - [2022-07-22 14:21:54,602] {dag.py:2420} INFO - Sync 1 DAGs
[2022-07-22 14:21:54,620] {logging_mixin.py:115} INFO - [2022-07-22 14:21:54,620] {dag.py:2972} INFO - Setting next_dagrun for example_task_group_decorator to 2022-07-21T14:21:54.619772+00:00, run_after=2022-07-22T14:21:54.619772+00:00
[2022-07-22 14:21:54,633] {processor.py:161} INFO - Processing /home/airflow/.local/lib/python3.7/site-packages/airflow/example_dags/example_task_group_decorator.py took 0.191 seconds
[2022-07-22 14:22:24,751] {processor.py:153} INFO - Started process (PID=3226) to work on /home/airflow/.local/lib/python3.7/site-packages/airflow/example_dags/example_task_group_decorator.py
[2022-07-22 14:22:24,752] {processor.py:641} INFO - Processing file /home/airflow/.local/lib/python3.7/site-packages/airflow/example_dags/example_task_group_decorator.py for tasks to queue
[2022-07-22 14:22:24,752] {logging_mixin.py:115} INFO - [2022-07-22 14:22:24,752] {dagbag.py:508} INFO - Filling up the DagBag from /home/airflow/.local/lib/python3.7/site-packages/airflow/example_dags/example_task_group_decorator.py
[2022-07-22 14:22:24,804] {processor.py:651} INFO - DAG(s) dict_keys(['example_task_group_decorator']) retrieved from /home/airflow/.local/lib/python3.7/site-packages/airflow/example_dags/example_task_group_decorator.py
[2022-07-22 14:22:24,912] {logging_mixin.py:115} INFO - [2022-07-22 14:22:24,912] {dag.py:2420} INFO - Sync 1 DAGs
[2022-07-22 14:22:24,941] {logging_mixin.py:115} INFO - [2022-07-22 14:22:24,941] {dag.py:2972} INFO - Setting next_dagrun for example_task_group_decorator to 2022-07-21T14:22:24.941256+00:00, run_after=2022-07-22T14:22:24.941256+00:00
[2022-07-22 14:22:24,960] {processor.py:161} INFO - Processing /home/airflow/.local/lib/python3.7/site-packages/airflow/example_dags/example_task_group_decorator.py took 0.211 seconds
[2022-07-22 14:22:55,371] {processor.py:153} INFO - Started process (PID=3419) to work on /home/airflow/.local/lib/python3.7/site-packages/airflow/example_dags/example_task_group_decorator.py
[2022-07-22 14:22:55,372] {processor.py:641} INFO - Processing file /home/airflow/.local/lib/python3.7/site-packages/airflow/example_dags/example_task_group_decorator.py for tasks to queue
[2022-07-22 14:22:55,373] {logging_mixin.py:115} INFO - [2022-07-22 14:22:55,372] {dagbag.py:508} INFO - Filling up the DagBag from /home/airflow/.local/lib/python3.7/site-packages/airflow/example_dags/example_task_group_decorator.py
[2022-07-22 14:22:55,400] {processor.py:651} INFO - DAG(s) dict_keys(['example_task_group_decorator']) retrieved from /home/airflow/.local/lib/python3.7/site-packages/airflow/example_dags/example_task_group_decorator.py
[2022-07-22 14:22:55,479] {logging_mixin.py:115} INFO - [2022-07-22 14:22:55,478] {dag.py:2420} INFO - Sync 1 DAGs
[2022-07-22 14:22:55,507] {logging_mixin.py:115} INFO - [2022-07-22 14:22:55,507] {dag.py:2972} INFO - Setting next_dagrun for example_task_group_decorator to 2022-07-21T14:22:55.507180+00:00, run_after=2022-07-22T14:22:55.507180+00:00
[2022-07-22 14:22:55,525] {processor.py:161} INFO - Processing /home/airflow/.local/lib/python3.7/site-packages/airflow/example_dags/example_task_group_decorator.py took 0.157 seconds
[2022-07-22 14:23:25,746] {processor.py:153} INFO - Started process (PID=3618) to work on /home/airflow/.local/lib/python3.7/site-packages/airflow/example_dags/example_task_group_decorator.py
[2022-07-22 14:23:25,746] {processor.py:641} INFO - Processing file /home/airflow/.local/lib/python3.7/site-packages/airflow/example_dags/example_task_group_decorator.py for tasks to queue
[2022-07-22 14:23:25,747] {logging_mixin.py:115} INFO - [2022-07-22 14:23:25,747] {dagbag.py:508} INFO - Filling up the DagBag from /home/airflow/.local/lib/python3.7/site-packages/airflow/example_dags/example_task_group_decorator.py
[2022-07-22 14:23:25,767] {processor.py:651} INFO - DAG(s) dict_keys(['example_task_group_decorator']) retrieved from /home/airflow/.local/lib/python3.7/site-packages/airflow/example_dags/example_task_group_decorator.py
[2022-07-22 14:23:25,913] {logging_mixin.py:115} INFO - [2022-07-22 14:23:25,913] {dag.py:2420} INFO - Sync 1 DAGs
[2022-07-22 14:23:25,930] {logging_mixin.py:115} INFO - [2022-07-22 14:23:25,930] {dag.py:2972} INFO - Setting next_dagrun for example_task_group_decorator to 2022-07-21T14:23:25.930313+00:00, run_after=2022-07-22T14:23:25.930313+00:00
[2022-07-22 14:23:25,944] {processor.py:161} INFO - Processing /home/airflow/.local/lib/python3.7/site-packages/airflow/example_dags/example_task_group_decorator.py took 0.200 seconds
[2022-07-22 14:23:56,098] {processor.py:153} INFO - Started process (PID=3820) to work on /home/airflow/.local/lib/python3.7/site-packages/airflow/example_dags/example_task_group_decorator.py
[2022-07-22 14:23:56,099] {processor.py:641} INFO - Processing file /home/airflow/.local/lib/python3.7/site-packages/airflow/example_dags/example_task_group_decorator.py for tasks to queue
[2022-07-22 14:23:56,099] {logging_mixin.py:115} INFO - [2022-07-22 14:23:56,099] {dagbag.py:508} INFO - Filling up the DagBag from /home/airflow/.local/lib/python3.7/site-packages/airflow/example_dags/example_task_group_decorator.py
[2022-07-22 14:23:56,120] {processor.py:651} INFO - DAG(s) dict_keys(['example_task_group_decorator']) retrieved from /home/airflow/.local/lib/python3.7/site-packages/airflow/example_dags/example_task_group_decorator.py
[2022-07-22 14:23:56,226] {logging_mixin.py:115} INFO - [2022-07-22 14:23:56,226] {dag.py:2420} INFO - Sync 1 DAGs
[2022-07-22 14:23:56,244] {logging_mixin.py:115} INFO - [2022-07-22 14:23:56,244] {dag.py:2972} INFO - Setting next_dagrun for example_task_group_decorator to 2022-07-21T14:23:56.244400+00:00, run_after=2022-07-22T14:23:56.244400+00:00
[2022-07-22 14:23:56,259] {processor.py:161} INFO - Processing /home/airflow/.local/lib/python3.7/site-packages/airflow/example_dags/example_task_group_decorator.py took 0.163 seconds
[2022-07-22 14:24:26,588] {processor.py:153} INFO - Started process (PID=4015) to work on /home/airflow/.local/lib/python3.7/site-packages/airflow/example_dags/example_task_group_decorator.py
[2022-07-22 14:24:26,590] {processor.py:641} INFO - Processing file /home/airflow/.local/lib/python3.7/site-packages/airflow/example_dags/example_task_group_decorator.py for tasks to queue
[2022-07-22 14:24:26,591] {logging_mixin.py:115} INFO - [2022-07-22 14:24:26,591] {dagbag.py:508} INFO - Filling up the DagBag from /home/airflow/.local/lib/python3.7/site-packages/airflow/example_dags/example_task_group_decorator.py
[2022-07-22 14:24:26,652] {processor.py:651} INFO - DAG(s) dict_keys(['example_task_group_decorator']) retrieved from /home/airflow/.local/lib/python3.7/site-packages/airflow/example_dags/example_task_group_decorator.py
[2022-07-22 14:24:26,726] {logging_mixin.py:115} INFO - [2022-07-22 14:24:26,726] {dag.py:2420} INFO - Sync 1 DAGs
[2022-07-22 14:24:26,752] {logging_mixin.py:115} INFO - [2022-07-22 14:24:26,752] {dag.py:2972} INFO - Setting next_dagrun for example_task_group_decorator to 2022-07-21T14:24:26.752577+00:00, run_after=2022-07-22T14:24:26.752577+00:00
[2022-07-22 14:24:26,766] {processor.py:161} INFO - Processing /home/airflow/.local/lib/python3.7/site-packages/airflow/example_dags/example_task_group_decorator.py took 0.184 seconds
[2022-07-22 14:24:56,848] {processor.py:153} INFO - Started process (PID=4217) to work on /home/airflow/.local/lib/python3.7/site-packages/airflow/example_dags/example_task_group_decorator.py
[2022-07-22 14:24:56,848] {processor.py:641} INFO - Processing file /home/airflow/.local/lib/python3.7/site-packages/airflow/example_dags/example_task_group_decorator.py for tasks to queue
[2022-07-22 14:24:56,849] {logging_mixin.py:115} INFO - [2022-07-22 14:24:56,849] {dagbag.py:508} INFO - Filling up the DagBag from /home/airflow/.local/lib/python3.7/site-packages/airflow/example_dags/example_task_group_decorator.py
[2022-07-22 14:24:56,868] {processor.py:651} INFO - DAG(s) dict_keys(['example_task_group_decorator']) retrieved from /home/airflow/.local/lib/python3.7/site-packages/airflow/example_dags/example_task_group_decorator.py
[2022-07-22 14:24:56,986] {logging_mixin.py:115} INFO - [2022-07-22 14:24:56,985] {dag.py:2420} INFO - Sync 1 DAGs
[2022-07-22 14:24:57,031] {logging_mixin.py:115} INFO - [2022-07-22 14:24:57,030] {dag.py:2972} INFO - Setting next_dagrun for example_task_group_decorator to 2022-07-21T14:24:57.030078+00:00, run_after=2022-07-22T14:24:57.030078+00:00
[2022-07-22 14:24:57,060] {processor.py:161} INFO - Processing /home/airflow/.local/lib/python3.7/site-packages/airflow/example_dags/example_task_group_decorator.py took 0.215 seconds
[2022-07-22 14:25:27,119] {processor.py:153} INFO - Started process (PID=4417) to work on /home/airflow/.local/lib/python3.7/site-packages/airflow/example_dags/example_task_group_decorator.py
[2022-07-22 14:25:27,120] {processor.py:641} INFO - Processing file /home/airflow/.local/lib/python3.7/site-packages/airflow/example_dags/example_task_group_decorator.py for tasks to queue
[2022-07-22 14:25:27,121] {logging_mixin.py:115} INFO - [2022-07-22 14:25:27,121] {dagbag.py:508} INFO - Filling up the DagBag from /home/airflow/.local/lib/python3.7/site-packages/airflow/example_dags/example_task_group_decorator.py
[2022-07-22 14:25:27,163] {processor.py:651} INFO - DAG(s) dict_keys(['example_task_group_decorator']) retrieved from /home/airflow/.local/lib/python3.7/site-packages/airflow/example_dags/example_task_group_decorator.py
[2022-07-22 14:25:27,226] {logging_mixin.py:115} INFO - [2022-07-22 14:25:27,226] {dag.py:2420} INFO - Sync 1 DAGs
[2022-07-22 14:25:27,243] {logging_mixin.py:115} INFO - [2022-07-22 14:25:27,243] {dag.py:2972} INFO - Setting next_dagrun for example_task_group_decorator to 2022-07-21T14:25:27.243002+00:00, run_after=2022-07-22T14:25:27.243002+00:00
[2022-07-22 14:25:27,256] {processor.py:161} INFO - Processing /home/airflow/.local/lib/python3.7/site-packages/airflow/example_dags/example_task_group_decorator.py took 0.141 seconds
[2022-07-22 14:25:57,731] {processor.py:153} INFO - Started process (PID=4610) to work on /home/airflow/.local/lib/python3.7/site-packages/airflow/example_dags/example_task_group_decorator.py
[2022-07-22 14:25:57,731] {processor.py:641} INFO - Processing file /home/airflow/.local/lib/python3.7/site-packages/airflow/example_dags/example_task_group_decorator.py for tasks to queue
[2022-07-22 14:25:57,732] {logging_mixin.py:115} INFO - [2022-07-22 14:25:57,732] {dagbag.py:508} INFO - Filling up the DagBag from /home/airflow/.local/lib/python3.7/site-packages/airflow/example_dags/example_task_group_decorator.py
[2022-07-22 14:25:57,753] {processor.py:651} INFO - DAG(s) dict_keys(['example_task_group_decorator']) retrieved from /home/airflow/.local/lib/python3.7/site-packages/airflow/example_dags/example_task_group_decorator.py
[2022-07-22 14:25:57,786] {logging_mixin.py:115} INFO - [2022-07-22 14:25:57,785] {dag.py:2420} INFO - Sync 1 DAGs
[2022-07-22 14:25:57,830] {logging_mixin.py:115} INFO - [2022-07-22 14:25:57,829] {dag.py:2972} INFO - Setting next_dagrun for example_task_group_decorator to 2022-07-21T14:25:57.829427+00:00, run_after=2022-07-22T14:25:57.829427+00:00
[2022-07-22 14:25:57,855] {processor.py:161} INFO - Processing /home/airflow/.local/lib/python3.7/site-packages/airflow/example_dags/example_task_group_decorator.py took 0.134 seconds
[2022-07-22 14:26:28,575] {processor.py:153} INFO - Started process (PID=4812) to work on /home/airflow/.local/lib/python3.7/site-packages/airflow/example_dags/example_task_group_decorator.py
[2022-07-22 14:26:28,576] {processor.py:641} INFO - Processing file /home/airflow/.local/lib/python3.7/site-packages/airflow/example_dags/example_task_group_decorator.py for tasks to queue
[2022-07-22 14:26:28,577] {logging_mixin.py:115} INFO - [2022-07-22 14:26:28,577] {dagbag.py:508} INFO - Filling up the DagBag from /home/airflow/.local/lib/python3.7/site-packages/airflow/example_dags/example_task_group_decorator.py
[2022-07-22 14:26:28,625] {processor.py:651} INFO - DAG(s) dict_keys(['example_task_group_decorator']) retrieved from /home/airflow/.local/lib/python3.7/site-packages/airflow/example_dags/example_task_group_decorator.py
[2022-07-22 14:26:28,664] {logging_mixin.py:115} INFO - [2022-07-22 14:26:28,664] {dag.py:2420} INFO - Sync 1 DAGs
[2022-07-22 14:26:28,698] {logging_mixin.py:115} INFO - [2022-07-22 14:26:28,698] {dag.py:2972} INFO - Setting next_dagrun for example_task_group_decorator to 2022-07-21T14:26:28.698179+00:00, run_after=2022-07-22T14:26:28.698179+00:00
[2022-07-22 14:26:28,715] {processor.py:161} INFO - Processing /home/airflow/.local/lib/python3.7/site-packages/airflow/example_dags/example_task_group_decorator.py took 0.146 seconds
[2022-07-22 14:26:59,235] {processor.py:153} INFO - Started process (PID=5015) to work on /home/airflow/.local/lib/python3.7/site-packages/airflow/example_dags/example_task_group_decorator.py
[2022-07-22 14:26:59,237] {processor.py:641} INFO - Processing file /home/airflow/.local/lib/python3.7/site-packages/airflow/example_dags/example_task_group_decorator.py for tasks to queue
[2022-07-22 14:26:59,238] {logging_mixin.py:115} INFO - [2022-07-22 14:26:59,238] {dagbag.py:508} INFO - Filling up the DagBag from /home/airflow/.local/lib/python3.7/site-packages/airflow/example_dags/example_task_group_decorator.py
[2022-07-22 14:26:59,307] {processor.py:651} INFO - DAG(s) dict_keys(['example_task_group_decorator']) retrieved from /home/airflow/.local/lib/python3.7/site-packages/airflow/example_dags/example_task_group_decorator.py
[2022-07-22 14:26:59,337] {logging_mixin.py:115} INFO - [2022-07-22 14:26:59,337] {dag.py:2420} INFO - Sync 1 DAGs
[2022-07-22 14:26:59,358] {logging_mixin.py:115} INFO - [2022-07-22 14:26:59,358] {dag.py:2972} INFO - Setting next_dagrun for example_task_group_decorator to 2022-07-21T14:26:59.358300+00:00, run_after=2022-07-22T14:26:59.358300+00:00
[2022-07-22 14:26:59,375] {processor.py:161} INFO - Processing /home/airflow/.local/lib/python3.7/site-packages/airflow/example_dags/example_task_group_decorator.py took 0.148 seconds
[2022-07-22 14:27:29,855] {processor.py:153} INFO - Started process (PID=5217) to work on /home/airflow/.local/lib/python3.7/site-packages/airflow/example_dags/example_task_group_decorator.py
[2022-07-22 14:27:29,856] {processor.py:641} INFO - Processing file /home/airflow/.local/lib/python3.7/site-packages/airflow/example_dags/example_task_group_decorator.py for tasks to queue
[2022-07-22 14:27:29,858] {logging_mixin.py:115} INFO - [2022-07-22 14:27:29,858] {dagbag.py:508} INFO - Filling up the DagBag from /home/airflow/.local/lib/python3.7/site-packages/airflow/example_dags/example_task_group_decorator.py
[2022-07-22 14:27:29,898] {processor.py:651} INFO - DAG(s) dict_keys(['example_task_group_decorator']) retrieved from /home/airflow/.local/lib/python3.7/site-packages/airflow/example_dags/example_task_group_decorator.py
[2022-07-22 14:27:29,942] {logging_mixin.py:115} INFO - [2022-07-22 14:27:29,942] {dag.py:2420} INFO - Sync 1 DAGs
[2022-07-22 14:27:29,989] {logging_mixin.py:115} INFO - [2022-07-22 14:27:29,989] {dag.py:2972} INFO - Setting next_dagrun for example_task_group_decorator to 2022-07-21T14:27:29.988987+00:00, run_after=2022-07-22T14:27:29.988987+00:00
[2022-07-22 14:27:30,010] {processor.py:161} INFO - Processing /home/airflow/.local/lib/python3.7/site-packages/airflow/example_dags/example_task_group_decorator.py took 0.162 seconds
[2022-07-22 14:28:00,859] {processor.py:153} INFO - Started process (PID=5410) to work on /home/airflow/.local/lib/python3.7/site-packages/airflow/example_dags/example_task_group_decorator.py
[2022-07-22 14:28:00,859] {processor.py:641} INFO - Processing file /home/airflow/.local/lib/python3.7/site-packages/airflow/example_dags/example_task_group_decorator.py for tasks to queue
[2022-07-22 14:28:00,860] {logging_mixin.py:115} INFO - [2022-07-22 14:28:00,860] {dagbag.py:508} INFO - Filling up the DagBag from /home/airflow/.local/lib/python3.7/site-packages/airflow/example_dags/example_task_group_decorator.py
[2022-07-22 14:28:00,880] {processor.py:651} INFO - DAG(s) dict_keys(['example_task_group_decorator']) retrieved from /home/airflow/.local/lib/python3.7/site-packages/airflow/example_dags/example_task_group_decorator.py
[2022-07-22 14:28:00,965] {logging_mixin.py:115} INFO - [2022-07-22 14:28:00,965] {dag.py:2420} INFO - Sync 1 DAGs
[2022-07-22 14:28:00,981] {logging_mixin.py:115} INFO - [2022-07-22 14:28:00,981] {dag.py:2972} INFO - Setting next_dagrun for example_task_group_decorator to 2022-07-21T14:28:00.981374+00:00, run_after=2022-07-22T14:28:00.981374+00:00
[2022-07-22 14:28:01,005] {processor.py:161} INFO - Processing /home/airflow/.local/lib/python3.7/site-packages/airflow/example_dags/example_task_group_decorator.py took 0.149 seconds
[2022-07-22 14:28:31,189] {processor.py:153} INFO - Started process (PID=5612) to work on /home/airflow/.local/lib/python3.7/site-packages/airflow/example_dags/example_task_group_decorator.py
[2022-07-22 14:28:31,189] {processor.py:641} INFO - Processing file /home/airflow/.local/lib/python3.7/site-packages/airflow/example_dags/example_task_group_decorator.py for tasks to queue
[2022-07-22 14:28:31,190] {logging_mixin.py:115} INFO - [2022-07-22 14:28:31,190] {dagbag.py:508} INFO - Filling up the DagBag from /home/airflow/.local/lib/python3.7/site-packages/airflow/example_dags/example_task_group_decorator.py
[2022-07-22 14:28:31,232] {processor.py:651} INFO - DAG(s) dict_keys(['example_task_group_decorator']) retrieved from /home/airflow/.local/lib/python3.7/site-packages/airflow/example_dags/example_task_group_decorator.py
[2022-07-22 14:28:31,295] {logging_mixin.py:115} INFO - [2022-07-22 14:28:31,295] {dag.py:2420} INFO - Sync 1 DAGs
[2022-07-22 14:28:31,315] {logging_mixin.py:115} INFO - [2022-07-22 14:28:31,315] {dag.py:2972} INFO - Setting next_dagrun for example_task_group_decorator to 2022-07-21T14:28:31.315100+00:00, run_after=2022-07-22T14:28:31.315100+00:00
[2022-07-22 14:28:31,328] {processor.py:161} INFO - Processing /home/airflow/.local/lib/python3.7/site-packages/airflow/example_dags/example_task_group_decorator.py took 0.144 seconds
[2022-07-22 14:29:50,603] {processor.py:153} INFO - Started process (PID=209) to work on /home/airflow/.local/lib/python3.7/site-packages/airflow/example_dags/example_task_group_decorator.py
[2022-07-22 14:29:50,604] {processor.py:641} INFO - Processing file /home/airflow/.local/lib/python3.7/site-packages/airflow/example_dags/example_task_group_decorator.py for tasks to queue
[2022-07-22 14:29:50,606] {logging_mixin.py:115} INFO - [2022-07-22 14:29:50,605] {dagbag.py:508} INFO - Filling up the DagBag from /home/airflow/.local/lib/python3.7/site-packages/airflow/example_dags/example_task_group_decorator.py
[2022-07-22 14:29:50,657] {processor.py:651} INFO - DAG(s) dict_keys(['example_task_group_decorator']) retrieved from /home/airflow/.local/lib/python3.7/site-packages/airflow/example_dags/example_task_group_decorator.py
[2022-07-22 14:29:50,738] {logging_mixin.py:115} INFO - [2022-07-22 14:29:50,738] {dag.py:2420} INFO - Sync 1 DAGs
[2022-07-22 14:29:50,757] {logging_mixin.py:115} INFO - [2022-07-22 14:29:50,757] {dag.py:2972} INFO - Setting next_dagrun for example_task_group_decorator to 2022-07-21T14:29:50.757344+00:00, run_after=2022-07-22T14:29:50.757344+00:00
[2022-07-22 14:29:50,774] {processor.py:161} INFO - Processing /home/airflow/.local/lib/python3.7/site-packages/airflow/example_dags/example_task_group_decorator.py took 0.176 seconds
[2022-07-22 14:30:21,581] {processor.py:153} INFO - Started process (PID=426) to work on /home/airflow/.local/lib/python3.7/site-packages/airflow/example_dags/example_task_group_decorator.py
[2022-07-22 14:30:21,582] {processor.py:641} INFO - Processing file /home/airflow/.local/lib/python3.7/site-packages/airflow/example_dags/example_task_group_decorator.py for tasks to queue
[2022-07-22 14:30:21,583] {logging_mixin.py:115} INFO - [2022-07-22 14:30:21,583] {dagbag.py:508} INFO - Filling up the DagBag from /home/airflow/.local/lib/python3.7/site-packages/airflow/example_dags/example_task_group_decorator.py
[2022-07-22 14:30:21,613] {processor.py:651} INFO - DAG(s) dict_keys(['example_task_group_decorator']) retrieved from /home/airflow/.local/lib/python3.7/site-packages/airflow/example_dags/example_task_group_decorator.py
[2022-07-22 14:30:21,678] {logging_mixin.py:115} INFO - [2022-07-22 14:30:21,678] {dag.py:2420} INFO - Sync 1 DAGs
[2022-07-22 14:30:21,708] {logging_mixin.py:115} INFO - [2022-07-22 14:30:21,708] {dag.py:2972} INFO - Setting next_dagrun for example_task_group_decorator to 2022-07-21T14:30:21.708230+00:00, run_after=2022-07-22T14:30:21.708230+00:00
[2022-07-22 14:30:21,732] {processor.py:161} INFO - Processing /home/airflow/.local/lib/python3.7/site-packages/airflow/example_dags/example_task_group_decorator.py took 0.158 seconds
[2022-07-22 14:30:52,204] {processor.py:153} INFO - Started process (PID=623) to work on /home/airflow/.local/lib/python3.7/site-packages/airflow/example_dags/example_task_group_decorator.py
[2022-07-22 14:30:52,204] {processor.py:641} INFO - Processing file /home/airflow/.local/lib/python3.7/site-packages/airflow/example_dags/example_task_group_decorator.py for tasks to queue
[2022-07-22 14:30:52,205] {logging_mixin.py:115} INFO - [2022-07-22 14:30:52,205] {dagbag.py:508} INFO - Filling up the DagBag from /home/airflow/.local/lib/python3.7/site-packages/airflow/example_dags/example_task_group_decorator.py
[2022-07-22 14:30:52,224] {processor.py:651} INFO - DAG(s) dict_keys(['example_task_group_decorator']) retrieved from /home/airflow/.local/lib/python3.7/site-packages/airflow/example_dags/example_task_group_decorator.py
[2022-07-22 14:30:52,293] {logging_mixin.py:115} INFO - [2022-07-22 14:30:52,293] {dag.py:2420} INFO - Sync 1 DAGs
[2022-07-22 14:30:52,319] {logging_mixin.py:115} INFO - [2022-07-22 14:30:52,319] {dag.py:2972} INFO - Setting next_dagrun for example_task_group_decorator to 2022-07-21T14:30:52.319276+00:00, run_after=2022-07-22T14:30:52.319276+00:00
[2022-07-22 14:30:52,340] {processor.py:161} INFO - Processing /home/airflow/.local/lib/python3.7/site-packages/airflow/example_dags/example_task_group_decorator.py took 0.139 seconds
[2022-07-22 14:31:22,937] {processor.py:153} INFO - Started process (PID=816) to work on /home/airflow/.local/lib/python3.7/site-packages/airflow/example_dags/example_task_group_decorator.py
[2022-07-22 14:31:22,938] {processor.py:641} INFO - Processing file /home/airflow/.local/lib/python3.7/site-packages/airflow/example_dags/example_task_group_decorator.py for tasks to queue
[2022-07-22 14:31:22,939] {logging_mixin.py:115} INFO - [2022-07-22 14:31:22,939] {dagbag.py:508} INFO - Filling up the DagBag from /home/airflow/.local/lib/python3.7/site-packages/airflow/example_dags/example_task_group_decorator.py
[2022-07-22 14:31:22,961] {processor.py:651} INFO - DAG(s) dict_keys(['example_task_group_decorator']) retrieved from /home/airflow/.local/lib/python3.7/site-packages/airflow/example_dags/example_task_group_decorator.py
[2022-07-22 14:31:23,023] {logging_mixin.py:115} INFO - [2022-07-22 14:31:23,023] {dag.py:2420} INFO - Sync 1 DAGs
[2022-07-22 14:31:23,046] {logging_mixin.py:115} INFO - [2022-07-22 14:31:23,045] {dag.py:2972} INFO - Setting next_dagrun for example_task_group_decorator to 2022-07-21T14:31:23.045708+00:00, run_after=2022-07-22T14:31:23.045708+00:00
[2022-07-22 14:31:23,060] {processor.py:161} INFO - Processing /home/airflow/.local/lib/python3.7/site-packages/airflow/example_dags/example_task_group_decorator.py took 0.125 seconds
[2022-07-22 14:31:53,625] {processor.py:153} INFO - Started process (PID=1018) to work on /home/airflow/.local/lib/python3.7/site-packages/airflow/example_dags/example_task_group_decorator.py
[2022-07-22 14:31:53,626] {processor.py:641} INFO - Processing file /home/airflow/.local/lib/python3.7/site-packages/airflow/example_dags/example_task_group_decorator.py for tasks to queue
[2022-07-22 14:31:53,626] {logging_mixin.py:115} INFO - [2022-07-22 14:31:53,626] {dagbag.py:508} INFO - Filling up the DagBag from /home/airflow/.local/lib/python3.7/site-packages/airflow/example_dags/example_task_group_decorator.py
[2022-07-22 14:31:53,647] {processor.py:651} INFO - DAG(s) dict_keys(['example_task_group_decorator']) retrieved from /home/airflow/.local/lib/python3.7/site-packages/airflow/example_dags/example_task_group_decorator.py
[2022-07-22 14:31:53,749] {logging_mixin.py:115} INFO - [2022-07-22 14:31:53,749] {dag.py:2420} INFO - Sync 1 DAGs
[2022-07-22 14:31:53,767] {logging_mixin.py:115} INFO - [2022-07-22 14:31:53,766] {dag.py:2972} INFO - Setting next_dagrun for example_task_group_decorator to 2022-07-21T14:31:53.766621+00:00, run_after=2022-07-22T14:31:53.766621+00:00
[2022-07-22 14:31:53,780] {processor.py:161} INFO - Processing /home/airflow/.local/lib/python3.7/site-packages/airflow/example_dags/example_task_group_decorator.py took 0.157 seconds
[2022-07-22 14:32:24,749] {processor.py:153} INFO - Started process (PID=1240) to work on /home/airflow/.local/lib/python3.7/site-packages/airflow/example_dags/example_task_group_decorator.py
[2022-07-22 14:32:24,750] {processor.py:641} INFO - Processing file /home/airflow/.local/lib/python3.7/site-packages/airflow/example_dags/example_task_group_decorator.py for tasks to queue
[2022-07-22 14:32:24,752] {logging_mixin.py:115} INFO - [2022-07-22 14:32:24,751] {dagbag.py:508} INFO - Filling up the DagBag from /home/airflow/.local/lib/python3.7/site-packages/airflow/example_dags/example_task_group_decorator.py
[2022-07-22 14:32:24,809] {processor.py:651} INFO - DAG(s) dict_keys(['example_task_group_decorator']) retrieved from /home/airflow/.local/lib/python3.7/site-packages/airflow/example_dags/example_task_group_decorator.py
[2022-07-22 14:32:24,893] {logging_mixin.py:115} INFO - [2022-07-22 14:32:24,893] {dag.py:2420} INFO - Sync 1 DAGs
[2022-07-22 14:32:24,919] {logging_mixin.py:115} INFO - [2022-07-22 14:32:24,919] {dag.py:2972} INFO - Setting next_dagrun for example_task_group_decorator to 2022-07-21T14:32:24.918861+00:00, run_after=2022-07-22T14:32:24.918861+00:00
[2022-07-22 14:32:24,941] {processor.py:161} INFO - Processing /home/airflow/.local/lib/python3.7/site-packages/airflow/example_dags/example_task_group_decorator.py took 0.199 seconds
[2022-07-22 14:32:55,689] {processor.py:153} INFO - Started process (PID=1445) to work on /home/airflow/.local/lib/python3.7/site-packages/airflow/example_dags/example_task_group_decorator.py
[2022-07-22 14:32:55,690] {processor.py:641} INFO - Processing file /home/airflow/.local/lib/python3.7/site-packages/airflow/example_dags/example_task_group_decorator.py for tasks to queue
[2022-07-22 14:32:55,691] {logging_mixin.py:115} INFO - [2022-07-22 14:32:55,691] {dagbag.py:508} INFO - Filling up the DagBag from /home/airflow/.local/lib/python3.7/site-packages/airflow/example_dags/example_task_group_decorator.py
[2022-07-22 14:32:55,714] {processor.py:651} INFO - DAG(s) dict_keys(['example_task_group_decorator']) retrieved from /home/airflow/.local/lib/python3.7/site-packages/airflow/example_dags/example_task_group_decorator.py
[2022-07-22 14:32:55,807] {logging_mixin.py:115} INFO - [2022-07-22 14:32:55,807] {dag.py:2420} INFO - Sync 1 DAGs
[2022-07-22 14:32:55,826] {logging_mixin.py:115} INFO - [2022-07-22 14:32:55,826] {dag.py:2972} INFO - Setting next_dagrun for example_task_group_decorator to 2022-07-21T14:32:55.826166+00:00, run_after=2022-07-22T14:32:55.826166+00:00
[2022-07-22 14:32:55,842] {processor.py:161} INFO - Processing /home/airflow/.local/lib/python3.7/site-packages/airflow/example_dags/example_task_group_decorator.py took 0.156 seconds
[2022-07-22 14:33:26,711] {processor.py:153} INFO - Started process (PID=1642) to work on /home/airflow/.local/lib/python3.7/site-packages/airflow/example_dags/example_task_group_decorator.py
[2022-07-22 14:33:26,713] {processor.py:641} INFO - Processing file /home/airflow/.local/lib/python3.7/site-packages/airflow/example_dags/example_task_group_decorator.py for tasks to queue
[2022-07-22 14:33:26,714] {logging_mixin.py:115} INFO - [2022-07-22 14:33:26,714] {dagbag.py:508} INFO - Filling up the DagBag from /home/airflow/.local/lib/python3.7/site-packages/airflow/example_dags/example_task_group_decorator.py
[2022-07-22 14:33:26,747] {processor.py:651} INFO - DAG(s) dict_keys(['example_task_group_decorator']) retrieved from /home/airflow/.local/lib/python3.7/site-packages/airflow/example_dags/example_task_group_decorator.py
[2022-07-22 14:33:26,827] {logging_mixin.py:115} INFO - [2022-07-22 14:33:26,827] {dag.py:2420} INFO - Sync 1 DAGs
[2022-07-22 14:33:26,851] {logging_mixin.py:115} INFO - [2022-07-22 14:33:26,851] {dag.py:2972} INFO - Setting next_dagrun for example_task_group_decorator to 2022-07-21T14:33:26.850950+00:00, run_after=2022-07-22T14:33:26.850950+00:00
[2022-07-22 14:33:26,869] {processor.py:161} INFO - Processing /home/airflow/.local/lib/python3.7/site-packages/airflow/example_dags/example_task_group_decorator.py took 0.161 seconds
[2022-07-22 14:34:49,149] {processor.py:153} INFO - Started process (PID=208) to work on /home/airflow/.local/lib/python3.7/site-packages/airflow/example_dags/example_task_group_decorator.py
[2022-07-22 14:34:49,150] {processor.py:641} INFO - Processing file /home/airflow/.local/lib/python3.7/site-packages/airflow/example_dags/example_task_group_decorator.py for tasks to queue
[2022-07-22 14:34:49,151] {logging_mixin.py:115} INFO - [2022-07-22 14:34:49,151] {dagbag.py:508} INFO - Filling up the DagBag from /home/airflow/.local/lib/python3.7/site-packages/airflow/example_dags/example_task_group_decorator.py
[2022-07-22 14:34:49,197] {processor.py:651} INFO - DAG(s) dict_keys(['example_task_group_decorator']) retrieved from /home/airflow/.local/lib/python3.7/site-packages/airflow/example_dags/example_task_group_decorator.py
[2022-07-22 14:34:49,262] {logging_mixin.py:115} INFO - [2022-07-22 14:34:49,262] {dag.py:2420} INFO - Sync 1 DAGs
[2022-07-22 14:34:49,280] {logging_mixin.py:115} INFO - [2022-07-22 14:34:49,280] {dag.py:2972} INFO - Setting next_dagrun for example_task_group_decorator to 2022-07-21T14:34:49.279874+00:00, run_after=2022-07-22T14:34:49.279874+00:00
[2022-07-22 14:34:49,293] {processor.py:161} INFO - Processing /home/airflow/.local/lib/python3.7/site-packages/airflow/example_dags/example_task_group_decorator.py took 0.149 seconds
[2022-07-22 14:35:19,898] {processor.py:153} INFO - Started process (PID=411) to work on /home/airflow/.local/lib/python3.7/site-packages/airflow/example_dags/example_task_group_decorator.py
[2022-07-22 14:35:19,899] {processor.py:641} INFO - Processing file /home/airflow/.local/lib/python3.7/site-packages/airflow/example_dags/example_task_group_decorator.py for tasks to queue
[2022-07-22 14:35:19,900] {logging_mixin.py:115} INFO - [2022-07-22 14:35:19,899] {dagbag.py:508} INFO - Filling up the DagBag from /home/airflow/.local/lib/python3.7/site-packages/airflow/example_dags/example_task_group_decorator.py
[2022-07-22 14:35:19,930] {processor.py:651} INFO - DAG(s) dict_keys(['example_task_group_decorator']) retrieved from /home/airflow/.local/lib/python3.7/site-packages/airflow/example_dags/example_task_group_decorator.py
[2022-07-22 14:35:20,021] {logging_mixin.py:115} INFO - [2022-07-22 14:35:20,021] {dag.py:2420} INFO - Sync 1 DAGs
[2022-07-22 14:35:20,042] {logging_mixin.py:115} INFO - [2022-07-22 14:35:20,042] {dag.py:2972} INFO - Setting next_dagrun for example_task_group_decorator to 2022-07-21T14:35:20.041863+00:00, run_after=2022-07-22T14:35:20.041863+00:00
[2022-07-22 14:35:20,055] {processor.py:161} INFO - Processing /home/airflow/.local/lib/python3.7/site-packages/airflow/example_dags/example_task_group_decorator.py took 0.160 seconds
