[2022-07-22 14:06:13,877] {processor.py:153} INFO - Started process (PID=275) to work on /home/airflow/.local/lib/python3.7/site-packages/airflow/example_dags/example_sla_dag.py
[2022-07-22 14:06:13,877] {processor.py:641} INFO - Processing file /home/airflow/.local/lib/python3.7/site-packages/airflow/example_dags/example_sla_dag.py for tasks to queue
[2022-07-22 14:06:13,878] {logging_mixin.py:115} INFO - [2022-07-22 14:06:13,878] {dagbag.py:508} INFO - Filling up the DagBag from /home/airflow/.local/lib/python3.7/site-packages/airflow/example_dags/example_sla_dag.py
[2022-07-22 14:06:13,896] {processor.py:651} INFO - DAG(s) dict_keys(['example_sla_dag']) retrieved from /home/airflow/.local/lib/python3.7/site-packages/airflow/example_dags/example_sla_dag.py
[2022-07-22 14:06:14,004] {logging_mixin.py:115} INFO - [2022-07-22 14:06:14,004] {manager.py:508} INFO - Created Permission View: can read on DAG:example_sla_dag
[2022-07-22 14:06:14,019] {logging_mixin.py:115} INFO - [2022-07-22 14:06:14,019] {manager.py:508} INFO - Created Permission View: can delete on DAG:example_sla_dag
[2022-07-22 14:06:14,033] {logging_mixin.py:115} INFO - [2022-07-22 14:06:14,033] {manager.py:508} INFO - Created Permission View: can edit on DAG:example_sla_dag
[2022-07-22 14:06:14,034] {logging_mixin.py:115} INFO - [2022-07-22 14:06:14,034] {dag.py:2420} INFO - Sync 1 DAGs
[2022-07-22 14:06:14,046] {logging_mixin.py:115} INFO - [2022-07-22 14:06:14,046] {dag.py:2439} INFO - Creating ORM DAG for example_sla_dag
[2022-07-22 14:06:14,067] {logging_mixin.py:115} INFO - [2022-07-22 14:06:14,067] {dag.py:2972} INFO - Setting next_dagrun for example_sla_dag to 2022-07-22T14:04:00+00:00, run_after=2022-07-22T14:06:00+00:00
[2022-07-22 14:06:14,085] {processor.py:161} INFO - Processing /home/airflow/.local/lib/python3.7/site-packages/airflow/example_dags/example_sla_dag.py took 0.211 seconds
[2022-07-22 14:06:44,521] {processor.py:153} INFO - Started process (PID=465) to work on /home/airflow/.local/lib/python3.7/site-packages/airflow/example_dags/example_sla_dag.py
[2022-07-22 14:06:44,522] {processor.py:641} INFO - Processing file /home/airflow/.local/lib/python3.7/site-packages/airflow/example_dags/example_sla_dag.py for tasks to queue
[2022-07-22 14:06:44,523] {logging_mixin.py:115} INFO - [2022-07-22 14:06:44,523] {dagbag.py:508} INFO - Filling up the DagBag from /home/airflow/.local/lib/python3.7/site-packages/airflow/example_dags/example_sla_dag.py
[2022-07-22 14:06:44,537] {processor.py:651} INFO - DAG(s) dict_keys(['example_sla_dag']) retrieved from /home/airflow/.local/lib/python3.7/site-packages/airflow/example_dags/example_sla_dag.py
[2022-07-22 14:06:44,557] {logging_mixin.py:115} INFO - [2022-07-22 14:06:44,557] {dag.py:2420} INFO - Sync 1 DAGs
[2022-07-22 14:06:44,582] {logging_mixin.py:115} INFO - [2022-07-22 14:06:44,582] {dag.py:2972} INFO - Setting next_dagrun for example_sla_dag to 2022-07-22T14:04:00+00:00, run_after=2022-07-22T14:06:00+00:00
[2022-07-22 14:06:44,592] {processor.py:161} INFO - Processing /home/airflow/.local/lib/python3.7/site-packages/airflow/example_dags/example_sla_dag.py took 0.073 seconds
[2022-07-22 14:07:15,347] {processor.py:153} INFO - Started process (PID=664) to work on /home/airflow/.local/lib/python3.7/site-packages/airflow/example_dags/example_sla_dag.py
[2022-07-22 14:07:15,348] {processor.py:641} INFO - Processing file /home/airflow/.local/lib/python3.7/site-packages/airflow/example_dags/example_sla_dag.py for tasks to queue
[2022-07-22 14:07:15,349] {logging_mixin.py:115} INFO - [2022-07-22 14:07:15,349] {dagbag.py:508} INFO - Filling up the DagBag from /home/airflow/.local/lib/python3.7/site-packages/airflow/example_dags/example_sla_dag.py
[2022-07-22 14:07:15,379] {processor.py:651} INFO - DAG(s) dict_keys(['example_sla_dag']) retrieved from /home/airflow/.local/lib/python3.7/site-packages/airflow/example_dags/example_sla_dag.py
[2022-07-22 14:07:15,428] {logging_mixin.py:115} INFO - [2022-07-22 14:07:15,428] {dag.py:2420} INFO - Sync 1 DAGs
[2022-07-22 14:07:15,471] {logging_mixin.py:115} INFO - [2022-07-22 14:07:15,471] {dag.py:2972} INFO - Setting next_dagrun for example_sla_dag to 2022-07-22T14:04:00+00:00, run_after=2022-07-22T14:06:00+00:00
[2022-07-22 14:07:15,482] {processor.py:161} INFO - Processing /home/airflow/.local/lib/python3.7/site-packages/airflow/example_dags/example_sla_dag.py took 0.139 seconds
[2022-07-22 14:08:20,549] {processor.py:153} INFO - Started process (PID=276) to work on /home/airflow/.local/lib/python3.7/site-packages/airflow/example_dags/example_sla_dag.py
[2022-07-22 14:08:20,550] {processor.py:641} INFO - Processing file /home/airflow/.local/lib/python3.7/site-packages/airflow/example_dags/example_sla_dag.py for tasks to queue
[2022-07-22 14:08:20,551] {logging_mixin.py:115} INFO - [2022-07-22 14:08:20,551] {dagbag.py:508} INFO - Filling up the DagBag from /home/airflow/.local/lib/python3.7/site-packages/airflow/example_dags/example_sla_dag.py
[2022-07-22 14:08:20,580] {processor.py:651} INFO - DAG(s) dict_keys(['example_sla_dag']) retrieved from /home/airflow/.local/lib/python3.7/site-packages/airflow/example_dags/example_sla_dag.py
[2022-07-22 14:08:20,620] {logging_mixin.py:115} INFO - [2022-07-22 14:08:20,620] {dag.py:2420} INFO - Sync 1 DAGs
[2022-07-22 14:08:20,668] {logging_mixin.py:115} INFO - [2022-07-22 14:08:20,668] {dag.py:2972} INFO - Setting next_dagrun for example_sla_dag to 2022-07-22T14:06:00+00:00, run_after=2022-07-22T14:08:00+00:00
[2022-07-22 14:08:20,688] {processor.py:161} INFO - Processing /home/airflow/.local/lib/python3.7/site-packages/airflow/example_dags/example_sla_dag.py took 0.142 seconds
[2022-07-22 14:08:51,727] {processor.py:153} INFO - Started process (PID=480) to work on /home/airflow/.local/lib/python3.7/site-packages/airflow/example_dags/example_sla_dag.py
[2022-07-22 14:08:51,728] {processor.py:641} INFO - Processing file /home/airflow/.local/lib/python3.7/site-packages/airflow/example_dags/example_sla_dag.py for tasks to queue
[2022-07-22 14:08:51,729] {logging_mixin.py:115} INFO - [2022-07-22 14:08:51,729] {dagbag.py:508} INFO - Filling up the DagBag from /home/airflow/.local/lib/python3.7/site-packages/airflow/example_dags/example_sla_dag.py
[2022-07-22 14:08:51,765] {processor.py:651} INFO - DAG(s) dict_keys(['example_sla_dag']) retrieved from /home/airflow/.local/lib/python3.7/site-packages/airflow/example_dags/example_sla_dag.py
[2022-07-22 14:08:51,791] {logging_mixin.py:115} INFO - [2022-07-22 14:08:51,790] {dag.py:2420} INFO - Sync 1 DAGs
[2022-07-22 14:08:51,814] {logging_mixin.py:115} INFO - [2022-07-22 14:08:51,814] {dag.py:2972} INFO - Setting next_dagrun for example_sla_dag to 2022-07-22T14:06:00+00:00, run_after=2022-07-22T14:08:00+00:00
[2022-07-22 14:08:51,825] {processor.py:161} INFO - Processing /home/airflow/.local/lib/python3.7/site-packages/airflow/example_dags/example_sla_dag.py took 0.105 seconds
[2022-07-22 14:09:22,023] {processor.py:153} INFO - Started process (PID=682) to work on /home/airflow/.local/lib/python3.7/site-packages/airflow/example_dags/example_sla_dag.py
[2022-07-22 14:09:22,024] {processor.py:641} INFO - Processing file /home/airflow/.local/lib/python3.7/site-packages/airflow/example_dags/example_sla_dag.py for tasks to queue
[2022-07-22 14:09:22,025] {logging_mixin.py:115} INFO - [2022-07-22 14:09:22,025] {dagbag.py:508} INFO - Filling up the DagBag from /home/airflow/.local/lib/python3.7/site-packages/airflow/example_dags/example_sla_dag.py
[2022-07-22 14:09:22,065] {processor.py:651} INFO - DAG(s) dict_keys(['example_sla_dag']) retrieved from /home/airflow/.local/lib/python3.7/site-packages/airflow/example_dags/example_sla_dag.py
[2022-07-22 14:09:22,115] {logging_mixin.py:115} INFO - [2022-07-22 14:09:22,115] {dag.py:2420} INFO - Sync 1 DAGs
[2022-07-22 14:09:22,158] {logging_mixin.py:115} INFO - [2022-07-22 14:09:22,158] {dag.py:2972} INFO - Setting next_dagrun for example_sla_dag to 2022-07-22T14:06:00+00:00, run_after=2022-07-22T14:08:00+00:00
[2022-07-22 14:09:22,168] {processor.py:161} INFO - Processing /home/airflow/.local/lib/python3.7/site-packages/airflow/example_dags/example_sla_dag.py took 0.152 seconds
[2022-07-22 14:09:52,376] {processor.py:153} INFO - Started process (PID=886) to work on /home/airflow/.local/lib/python3.7/site-packages/airflow/example_dags/example_sla_dag.py
[2022-07-22 14:09:52,377] {processor.py:641} INFO - Processing file /home/airflow/.local/lib/python3.7/site-packages/airflow/example_dags/example_sla_dag.py for tasks to queue
[2022-07-22 14:09:52,378] {logging_mixin.py:115} INFO - [2022-07-22 14:09:52,378] {dagbag.py:508} INFO - Filling up the DagBag from /home/airflow/.local/lib/python3.7/site-packages/airflow/example_dags/example_sla_dag.py
[2022-07-22 14:09:52,405] {processor.py:651} INFO - DAG(s) dict_keys(['example_sla_dag']) retrieved from /home/airflow/.local/lib/python3.7/site-packages/airflow/example_dags/example_sla_dag.py
[2022-07-22 14:09:52,441] {logging_mixin.py:115} INFO - [2022-07-22 14:09:52,441] {dag.py:2420} INFO - Sync 1 DAGs
[2022-07-22 14:09:52,481] {logging_mixin.py:115} INFO - [2022-07-22 14:09:52,480] {dag.py:2972} INFO - Setting next_dagrun for example_sla_dag to 2022-07-22T14:06:00+00:00, run_after=2022-07-22T14:08:00+00:00
[2022-07-22 14:09:52,492] {processor.py:161} INFO - Processing /home/airflow/.local/lib/python3.7/site-packages/airflow/example_dags/example_sla_dag.py took 0.122 seconds
[2022-07-22 14:11:27,142] {processor.py:153} INFO - Started process (PID=283) to work on /home/airflow/.local/lib/python3.7/site-packages/airflow/example_dags/example_sla_dag.py
[2022-07-22 14:11:27,143] {processor.py:641} INFO - Processing file /home/airflow/.local/lib/python3.7/site-packages/airflow/example_dags/example_sla_dag.py for tasks to queue
[2022-07-22 14:11:27,143] {logging_mixin.py:115} INFO - [2022-07-22 14:11:27,143] {dagbag.py:508} INFO - Filling up the DagBag from /home/airflow/.local/lib/python3.7/site-packages/airflow/example_dags/example_sla_dag.py
[2022-07-22 14:11:27,160] {processor.py:651} INFO - DAG(s) dict_keys(['example_sla_dag']) retrieved from /home/airflow/.local/lib/python3.7/site-packages/airflow/example_dags/example_sla_dag.py
[2022-07-22 14:11:27,252] {logging_mixin.py:115} INFO - [2022-07-22 14:11:27,252] {manager.py:508} INFO - Created Permission View: can read on DAG:example_sla_dag
[2022-07-22 14:11:27,264] {logging_mixin.py:115} INFO - [2022-07-22 14:11:27,264] {manager.py:508} INFO - Created Permission View: can edit on DAG:example_sla_dag
[2022-07-22 14:11:27,275] {logging_mixin.py:115} INFO - [2022-07-22 14:11:27,275] {manager.py:508} INFO - Created Permission View: can delete on DAG:example_sla_dag
[2022-07-22 14:11:27,275] {logging_mixin.py:115} INFO - [2022-07-22 14:11:27,275] {dag.py:2420} INFO - Sync 1 DAGs
[2022-07-22 14:11:27,284] {logging_mixin.py:115} INFO - [2022-07-22 14:11:27,284] {dag.py:2439} INFO - Creating ORM DAG for example_sla_dag
[2022-07-22 14:11:27,300] {logging_mixin.py:115} INFO - [2022-07-22 14:11:27,299] {dag.py:2972} INFO - Setting next_dagrun for example_sla_dag to 2022-07-22T14:08:00+00:00, run_after=2022-07-22T14:10:00+00:00
[2022-07-22 14:11:27,313] {processor.py:161} INFO - Processing /home/airflow/.local/lib/python3.7/site-packages/airflow/example_dags/example_sla_dag.py took 0.178 seconds
[2022-07-22 14:11:57,829] {processor.py:153} INFO - Started process (PID=447) to work on /home/airflow/.local/lib/python3.7/site-packages/airflow/example_dags/example_sla_dag.py
[2022-07-22 14:11:57,830] {processor.py:641} INFO - Processing file /home/airflow/.local/lib/python3.7/site-packages/airflow/example_dags/example_sla_dag.py for tasks to queue
[2022-07-22 14:11:57,831] {logging_mixin.py:115} INFO - [2022-07-22 14:11:57,831] {dagbag.py:508} INFO - Filling up the DagBag from /home/airflow/.local/lib/python3.7/site-packages/airflow/example_dags/example_sla_dag.py
[2022-07-22 14:11:57,857] {processor.py:651} INFO - DAG(s) dict_keys(['example_sla_dag']) retrieved from /home/airflow/.local/lib/python3.7/site-packages/airflow/example_dags/example_sla_dag.py
[2022-07-22 14:11:57,893] {logging_mixin.py:115} INFO - [2022-07-22 14:11:57,893] {dag.py:2420} INFO - Sync 1 DAGs
[2022-07-22 14:11:58,156] {logging_mixin.py:115} INFO - [2022-07-22 14:11:58,156] {process_utils.py:240} INFO - Waiting up to 5 seconds for processes to exit...
[2022-07-22 14:12:55,067] {processor.py:153} INFO - Started process (PID=283) to work on /home/airflow/.local/lib/python3.7/site-packages/airflow/example_dags/example_sla_dag.py
[2022-07-22 14:12:55,067] {processor.py:641} INFO - Processing file /home/airflow/.local/lib/python3.7/site-packages/airflow/example_dags/example_sla_dag.py for tasks to queue
[2022-07-22 14:12:55,069] {logging_mixin.py:115} INFO - [2022-07-22 14:12:55,068] {dagbag.py:508} INFO - Filling up the DagBag from /home/airflow/.local/lib/python3.7/site-packages/airflow/example_dags/example_sla_dag.py
[2022-07-22 14:12:55,092] {processor.py:651} INFO - DAG(s) dict_keys(['example_sla_dag']) retrieved from /home/airflow/.local/lib/python3.7/site-packages/airflow/example_dags/example_sla_dag.py
[2022-07-22 14:12:55,176] {logging_mixin.py:115} INFO - [2022-07-22 14:12:55,176] {manager.py:508} INFO - Created Permission View: can read on DAG:example_sla_dag
[2022-07-22 14:12:55,186] {logging_mixin.py:115} INFO - [2022-07-22 14:12:55,186] {manager.py:508} INFO - Created Permission View: can delete on DAG:example_sla_dag
[2022-07-22 14:12:55,196] {logging_mixin.py:115} INFO - [2022-07-22 14:12:55,195] {manager.py:508} INFO - Created Permission View: can edit on DAG:example_sla_dag
[2022-07-22 14:12:55,196] {logging_mixin.py:115} INFO - [2022-07-22 14:12:55,196] {dag.py:2420} INFO - Sync 1 DAGs
[2022-07-22 14:12:55,204] {logging_mixin.py:115} INFO - [2022-07-22 14:12:55,204] {dag.py:2439} INFO - Creating ORM DAG for example_sla_dag
[2022-07-22 14:12:55,219] {logging_mixin.py:115} INFO - [2022-07-22 14:12:55,219] {dag.py:2972} INFO - Setting next_dagrun for example_sla_dag to 2022-07-22T14:10:00+00:00, run_after=2022-07-22T14:12:00+00:00
[2022-07-22 14:12:55,232] {processor.py:161} INFO - Processing /home/airflow/.local/lib/python3.7/site-packages/airflow/example_dags/example_sla_dag.py took 0.169 seconds
[2022-07-22 14:13:25,308] {processor.py:153} INFO - Started process (PID=478) to work on /home/airflow/.local/lib/python3.7/site-packages/airflow/example_dags/example_sla_dag.py
[2022-07-22 14:13:25,309] {processor.py:641} INFO - Processing file /home/airflow/.local/lib/python3.7/site-packages/airflow/example_dags/example_sla_dag.py for tasks to queue
[2022-07-22 14:13:25,310] {logging_mixin.py:115} INFO - [2022-07-22 14:13:25,310] {dagbag.py:508} INFO - Filling up the DagBag from /home/airflow/.local/lib/python3.7/site-packages/airflow/example_dags/example_sla_dag.py
[2022-07-22 14:13:25,345] {processor.py:651} INFO - DAG(s) dict_keys(['example_sla_dag']) retrieved from /home/airflow/.local/lib/python3.7/site-packages/airflow/example_dags/example_sla_dag.py
[2022-07-22 14:13:25,391] {logging_mixin.py:115} INFO - [2022-07-22 14:13:25,391] {dag.py:2420} INFO - Sync 1 DAGs
[2022-07-22 14:13:25,436] {logging_mixin.py:115} INFO - [2022-07-22 14:13:25,436] {dag.py:2972} INFO - Setting next_dagrun for example_sla_dag to 2022-07-22T14:10:00+00:00, run_after=2022-07-22T14:12:00+00:00
[2022-07-22 14:13:25,452] {processor.py:161} INFO - Processing /home/airflow/.local/lib/python3.7/site-packages/airflow/example_dags/example_sla_dag.py took 0.150 seconds
[2022-07-22 14:13:55,498] {processor.py:153} INFO - Started process (PID=730) to work on /home/airflow/.local/lib/python3.7/site-packages/airflow/example_dags/example_sla_dag.py
[2022-07-22 14:13:55,499] {processor.py:641} INFO - Processing file /home/airflow/.local/lib/python3.7/site-packages/airflow/example_dags/example_sla_dag.py for tasks to queue
[2022-07-22 14:13:55,500] {logging_mixin.py:115} INFO - [2022-07-22 14:13:55,500] {dagbag.py:508} INFO - Filling up the DagBag from /home/airflow/.local/lib/python3.7/site-packages/airflow/example_dags/example_sla_dag.py
[2022-07-22 14:13:55,519] {processor.py:651} INFO - DAG(s) dict_keys(['example_sla_dag']) retrieved from /home/airflow/.local/lib/python3.7/site-packages/airflow/example_dags/example_sla_dag.py
[2022-07-22 14:13:55,550] {logging_mixin.py:115} INFO - [2022-07-22 14:13:55,549] {dag.py:2420} INFO - Sync 1 DAGs
[2022-07-22 14:13:55,606] {logging_mixin.py:115} INFO - [2022-07-22 14:13:55,605] {dag.py:2972} INFO - Setting next_dagrun for example_sla_dag to 2022-07-22T14:10:00+00:00, run_after=2022-07-22T14:12:00+00:00
[2022-07-22 14:13:55,620] {processor.py:161} INFO - Processing /home/airflow/.local/lib/python3.7/site-packages/airflow/example_dags/example_sla_dag.py took 0.126 seconds
[2022-07-22 14:14:48,554] {processor.py:153} INFO - Started process (PID=283) to work on /home/airflow/.local/lib/python3.7/site-packages/airflow/example_dags/example_sla_dag.py
[2022-07-22 14:14:48,557] {processor.py:641} INFO - Processing file /home/airflow/.local/lib/python3.7/site-packages/airflow/example_dags/example_sla_dag.py for tasks to queue
[2022-07-22 14:14:48,558] {logging_mixin.py:115} INFO - [2022-07-22 14:14:48,558] {dagbag.py:508} INFO - Filling up the DagBag from /home/airflow/.local/lib/python3.7/site-packages/airflow/example_dags/example_sla_dag.py
[2022-07-22 14:14:48,598] {processor.py:651} INFO - DAG(s) dict_keys(['example_sla_dag']) retrieved from /home/airflow/.local/lib/python3.7/site-packages/airflow/example_dags/example_sla_dag.py
[2022-07-22 14:14:48,702] {logging_mixin.py:115} INFO - [2022-07-22 14:14:48,702] {manager.py:508} INFO - Created Permission View: can read on DAG:example_sla_dag
[2022-07-22 14:14:48,725] {logging_mixin.py:115} INFO - [2022-07-22 14:14:48,725] {manager.py:508} INFO - Created Permission View: can edit on DAG:example_sla_dag
[2022-07-22 14:14:48,735] {logging_mixin.py:115} INFO - [2022-07-22 14:14:48,735] {manager.py:508} INFO - Created Permission View: can delete on DAG:example_sla_dag
[2022-07-22 14:14:48,736] {logging_mixin.py:115} INFO - [2022-07-22 14:14:48,736] {dag.py:2420} INFO - Sync 1 DAGs
[2022-07-22 14:14:48,751] {logging_mixin.py:115} INFO - [2022-07-22 14:14:48,751] {dag.py:2439} INFO - Creating ORM DAG for example_sla_dag
[2022-07-22 14:14:48,778] {logging_mixin.py:115} INFO - [2022-07-22 14:14:48,778] {dag.py:2972} INFO - Setting next_dagrun for example_sla_dag to 2022-07-22T14:12:00+00:00, run_after=2022-07-22T14:14:00+00:00
[2022-07-22 14:14:48,793] {processor.py:161} INFO - Processing /home/airflow/.local/lib/python3.7/site-packages/airflow/example_dags/example_sla_dag.py took 0.245 seconds
[2022-07-22 14:15:19,167] {processor.py:153} INFO - Started process (PID=488) to work on /home/airflow/.local/lib/python3.7/site-packages/airflow/example_dags/example_sla_dag.py
[2022-07-22 14:15:19,168] {processor.py:641} INFO - Processing file /home/airflow/.local/lib/python3.7/site-packages/airflow/example_dags/example_sla_dag.py for tasks to queue
[2022-07-22 14:15:19,168] {logging_mixin.py:115} INFO - [2022-07-22 14:15:19,168] {dagbag.py:508} INFO - Filling up the DagBag from /home/airflow/.local/lib/python3.7/site-packages/airflow/example_dags/example_sla_dag.py
[2022-07-22 14:15:19,183] {processor.py:651} INFO - DAG(s) dict_keys(['example_sla_dag']) retrieved from /home/airflow/.local/lib/python3.7/site-packages/airflow/example_dags/example_sla_dag.py
[2022-07-22 14:15:19,223] {logging_mixin.py:115} INFO - [2022-07-22 14:15:19,222] {dag.py:2420} INFO - Sync 1 DAGs
[2022-07-22 14:15:19,284] {logging_mixin.py:115} INFO - [2022-07-22 14:15:19,284] {dag.py:2972} INFO - Setting next_dagrun for example_sla_dag to 2022-07-22T14:12:00+00:00, run_after=2022-07-22T14:14:00+00:00
[2022-07-22 14:15:19,307] {processor.py:161} INFO - Processing /home/airflow/.local/lib/python3.7/site-packages/airflow/example_dags/example_sla_dag.py took 0.143 seconds
[2022-07-22 14:15:49,438] {processor.py:153} INFO - Started process (PID=692) to work on /home/airflow/.local/lib/python3.7/site-packages/airflow/example_dags/example_sla_dag.py
[2022-07-22 14:15:49,439] {processor.py:641} INFO - Processing file /home/airflow/.local/lib/python3.7/site-packages/airflow/example_dags/example_sla_dag.py for tasks to queue
[2022-07-22 14:15:49,440] {logging_mixin.py:115} INFO - [2022-07-22 14:15:49,440] {dagbag.py:508} INFO - Filling up the DagBag from /home/airflow/.local/lib/python3.7/site-packages/airflow/example_dags/example_sla_dag.py
[2022-07-22 14:15:49,455] {processor.py:651} INFO - DAG(s) dict_keys(['example_sla_dag']) retrieved from /home/airflow/.local/lib/python3.7/site-packages/airflow/example_dags/example_sla_dag.py
[2022-07-22 14:15:49,479] {logging_mixin.py:115} INFO - [2022-07-22 14:15:49,479] {dag.py:2420} INFO - Sync 1 DAGs
[2022-07-22 14:15:49,503] {logging_mixin.py:115} INFO - [2022-07-22 14:15:49,503] {dag.py:2972} INFO - Setting next_dagrun for example_sla_dag to 2022-07-22T14:12:00+00:00, run_after=2022-07-22T14:14:00+00:00
[2022-07-22 14:15:49,514] {processor.py:161} INFO - Processing /home/airflow/.local/lib/python3.7/site-packages/airflow/example_dags/example_sla_dag.py took 0.078 seconds
[2022-07-22 14:16:20,018] {processor.py:153} INFO - Started process (PID=902) to work on /home/airflow/.local/lib/python3.7/site-packages/airflow/example_dags/example_sla_dag.py
[2022-07-22 14:16:20,018] {processor.py:641} INFO - Processing file /home/airflow/.local/lib/python3.7/site-packages/airflow/example_dags/example_sla_dag.py for tasks to queue
[2022-07-22 14:16:20,019] {logging_mixin.py:115} INFO - [2022-07-22 14:16:20,019] {dagbag.py:508} INFO - Filling up the DagBag from /home/airflow/.local/lib/python3.7/site-packages/airflow/example_dags/example_sla_dag.py
[2022-07-22 14:16:20,033] {processor.py:651} INFO - DAG(s) dict_keys(['example_sla_dag']) retrieved from /home/airflow/.local/lib/python3.7/site-packages/airflow/example_dags/example_sla_dag.py
[2022-07-22 14:16:20,059] {logging_mixin.py:115} INFO - [2022-07-22 14:16:20,059] {dag.py:2420} INFO - Sync 1 DAGs
[2022-07-22 14:16:20,083] {logging_mixin.py:115} INFO - [2022-07-22 14:16:20,083] {dag.py:2972} INFO - Setting next_dagrun for example_sla_dag to 2022-07-22T14:14:00+00:00, run_after=2022-07-22T14:16:00+00:00
[2022-07-22 14:16:20,100] {processor.py:161} INFO - Processing /home/airflow/.local/lib/python3.7/site-packages/airflow/example_dags/example_sla_dag.py took 0.084 seconds
[2022-07-22 14:16:50,519] {processor.py:153} INFO - Started process (PID=1095) to work on /home/airflow/.local/lib/python3.7/site-packages/airflow/example_dags/example_sla_dag.py
[2022-07-22 14:16:50,520] {processor.py:641} INFO - Processing file /home/airflow/.local/lib/python3.7/site-packages/airflow/example_dags/example_sla_dag.py for tasks to queue
[2022-07-22 14:16:50,521] {logging_mixin.py:115} INFO - [2022-07-22 14:16:50,521] {dagbag.py:508} INFO - Filling up the DagBag from /home/airflow/.local/lib/python3.7/site-packages/airflow/example_dags/example_sla_dag.py
[2022-07-22 14:16:50,550] {processor.py:651} INFO - DAG(s) dict_keys(['example_sla_dag']) retrieved from /home/airflow/.local/lib/python3.7/site-packages/airflow/example_dags/example_sla_dag.py
[2022-07-22 14:16:50,601] {logging_mixin.py:115} INFO - [2022-07-22 14:16:50,601] {dag.py:2420} INFO - Sync 1 DAGs
[2022-07-22 14:16:50,650] {logging_mixin.py:115} INFO - [2022-07-22 14:16:50,649] {dag.py:2972} INFO - Setting next_dagrun for example_sla_dag to 2022-07-22T14:14:00+00:00, run_after=2022-07-22T14:16:00+00:00
[2022-07-22 14:16:50,665] {processor.py:161} INFO - Processing /home/airflow/.local/lib/python3.7/site-packages/airflow/example_dags/example_sla_dag.py took 0.151 seconds
[2022-07-22 14:17:20,738] {processor.py:153} INFO - Started process (PID=1297) to work on /home/airflow/.local/lib/python3.7/site-packages/airflow/example_dags/example_sla_dag.py
[2022-07-22 14:17:20,739] {processor.py:641} INFO - Processing file /home/airflow/.local/lib/python3.7/site-packages/airflow/example_dags/example_sla_dag.py for tasks to queue
[2022-07-22 14:17:20,740] {logging_mixin.py:115} INFO - [2022-07-22 14:17:20,740] {dagbag.py:508} INFO - Filling up the DagBag from /home/airflow/.local/lib/python3.7/site-packages/airflow/example_dags/example_sla_dag.py
[2022-07-22 14:17:20,781] {processor.py:651} INFO - DAG(s) dict_keys(['example_sla_dag']) retrieved from /home/airflow/.local/lib/python3.7/site-packages/airflow/example_dags/example_sla_dag.py
[2022-07-22 14:17:20,812] {logging_mixin.py:115} INFO - [2022-07-22 14:17:20,812] {dag.py:2420} INFO - Sync 1 DAGs
[2022-07-22 14:17:20,859] {logging_mixin.py:115} INFO - [2022-07-22 14:17:20,859] {dag.py:2972} INFO - Setting next_dagrun for example_sla_dag to 2022-07-22T14:14:00+00:00, run_after=2022-07-22T14:16:00+00:00
[2022-07-22 14:17:20,879] {processor.py:161} INFO - Processing /home/airflow/.local/lib/python3.7/site-packages/airflow/example_dags/example_sla_dag.py took 0.148 seconds
[2022-07-22 14:17:51,686] {processor.py:153} INFO - Started process (PID=1499) to work on /home/airflow/.local/lib/python3.7/site-packages/airflow/example_dags/example_sla_dag.py
[2022-07-22 14:17:51,687] {processor.py:641} INFO - Processing file /home/airflow/.local/lib/python3.7/site-packages/airflow/example_dags/example_sla_dag.py for tasks to queue
[2022-07-22 14:17:51,688] {logging_mixin.py:115} INFO - [2022-07-22 14:17:51,688] {dagbag.py:508} INFO - Filling up the DagBag from /home/airflow/.local/lib/python3.7/site-packages/airflow/example_dags/example_sla_dag.py
[2022-07-22 14:17:51,722] {processor.py:651} INFO - DAG(s) dict_keys(['example_sla_dag']) retrieved from /home/airflow/.local/lib/python3.7/site-packages/airflow/example_dags/example_sla_dag.py
[2022-07-22 14:17:51,746] {logging_mixin.py:115} INFO - [2022-07-22 14:17:51,746] {dag.py:2420} INFO - Sync 1 DAGs
[2022-07-22 14:17:51,801] {logging_mixin.py:115} INFO - [2022-07-22 14:17:51,801] {dag.py:2972} INFO - Setting next_dagrun for example_sla_dag to 2022-07-22T14:14:00+00:00, run_after=2022-07-22T14:16:00+00:00
[2022-07-22 14:17:51,836] {processor.py:161} INFO - Processing /home/airflow/.local/lib/python3.7/site-packages/airflow/example_dags/example_sla_dag.py took 0.156 seconds
[2022-07-22 14:18:22,244] {processor.py:153} INFO - Started process (PID=1691) to work on /home/airflow/.local/lib/python3.7/site-packages/airflow/example_dags/example_sla_dag.py
[2022-07-22 14:18:22,246] {processor.py:641} INFO - Processing file /home/airflow/.local/lib/python3.7/site-packages/airflow/example_dags/example_sla_dag.py for tasks to queue
[2022-07-22 14:18:22,247] {logging_mixin.py:115} INFO - [2022-07-22 14:18:22,247] {dagbag.py:508} INFO - Filling up the DagBag from /home/airflow/.local/lib/python3.7/site-packages/airflow/example_dags/example_sla_dag.py
[2022-07-22 14:18:22,284] {processor.py:651} INFO - DAG(s) dict_keys(['example_sla_dag']) retrieved from /home/airflow/.local/lib/python3.7/site-packages/airflow/example_dags/example_sla_dag.py
[2022-07-22 14:18:22,330] {logging_mixin.py:115} INFO - [2022-07-22 14:18:22,330] {dag.py:2420} INFO - Sync 1 DAGs
[2022-07-22 14:18:22,382] {logging_mixin.py:115} INFO - [2022-07-22 14:18:22,382] {dag.py:2972} INFO - Setting next_dagrun for example_sla_dag to 2022-07-22T14:16:00+00:00, run_after=2022-07-22T14:18:00+00:00
[2022-07-22 14:18:22,394] {processor.py:161} INFO - Processing /home/airflow/.local/lib/python3.7/site-packages/airflow/example_dags/example_sla_dag.py took 0.157 seconds
[2022-07-22 14:18:52,481] {processor.py:153} INFO - Started process (PID=1893) to work on /home/airflow/.local/lib/python3.7/site-packages/airflow/example_dags/example_sla_dag.py
[2022-07-22 14:18:52,482] {processor.py:641} INFO - Processing file /home/airflow/.local/lib/python3.7/site-packages/airflow/example_dags/example_sla_dag.py for tasks to queue
[2022-07-22 14:18:52,483] {logging_mixin.py:115} INFO - [2022-07-22 14:18:52,483] {dagbag.py:508} INFO - Filling up the DagBag from /home/airflow/.local/lib/python3.7/site-packages/airflow/example_dags/example_sla_dag.py
[2022-07-22 14:18:52,516] {processor.py:651} INFO - DAG(s) dict_keys(['example_sla_dag']) retrieved from /home/airflow/.local/lib/python3.7/site-packages/airflow/example_dags/example_sla_dag.py
[2022-07-22 14:18:52,559] {logging_mixin.py:115} INFO - [2022-07-22 14:18:52,559] {dag.py:2420} INFO - Sync 1 DAGs
[2022-07-22 14:18:52,598] {logging_mixin.py:115} INFO - [2022-07-22 14:18:52,598] {dag.py:2972} INFO - Setting next_dagrun for example_sla_dag to 2022-07-22T14:16:00+00:00, run_after=2022-07-22T14:18:00+00:00
[2022-07-22 14:18:52,608] {processor.py:161} INFO - Processing /home/airflow/.local/lib/python3.7/site-packages/airflow/example_dags/example_sla_dag.py took 0.132 seconds
[2022-07-22 14:19:22,704] {processor.py:153} INFO - Started process (PID=2095) to work on /home/airflow/.local/lib/python3.7/site-packages/airflow/example_dags/example_sla_dag.py
[2022-07-22 14:19:22,705] {processor.py:641} INFO - Processing file /home/airflow/.local/lib/python3.7/site-packages/airflow/example_dags/example_sla_dag.py for tasks to queue
[2022-07-22 14:19:22,706] {logging_mixin.py:115} INFO - [2022-07-22 14:19:22,705] {dagbag.py:508} INFO - Filling up the DagBag from /home/airflow/.local/lib/python3.7/site-packages/airflow/example_dags/example_sla_dag.py
[2022-07-22 14:19:22,723] {processor.py:651} INFO - DAG(s) dict_keys(['example_sla_dag']) retrieved from /home/airflow/.local/lib/python3.7/site-packages/airflow/example_dags/example_sla_dag.py
[2022-07-22 14:19:22,746] {logging_mixin.py:115} INFO - [2022-07-22 14:19:22,746] {dag.py:2420} INFO - Sync 1 DAGs
[2022-07-22 14:19:22,783] {logging_mixin.py:115} INFO - [2022-07-22 14:19:22,783] {dag.py:2972} INFO - Setting next_dagrun for example_sla_dag to 2022-07-22T14:16:00+00:00, run_after=2022-07-22T14:18:00+00:00
[2022-07-22 14:19:22,799] {processor.py:161} INFO - Processing /home/airflow/.local/lib/python3.7/site-packages/airflow/example_dags/example_sla_dag.py took 0.098 seconds
[2022-07-22 14:19:53,181] {processor.py:153} INFO - Started process (PID=2288) to work on /home/airflow/.local/lib/python3.7/site-packages/airflow/example_dags/example_sla_dag.py
[2022-07-22 14:19:53,181] {processor.py:641} INFO - Processing file /home/airflow/.local/lib/python3.7/site-packages/airflow/example_dags/example_sla_dag.py for tasks to queue
[2022-07-22 14:19:53,182] {logging_mixin.py:115} INFO - [2022-07-22 14:19:53,182] {dagbag.py:508} INFO - Filling up the DagBag from /home/airflow/.local/lib/python3.7/site-packages/airflow/example_dags/example_sla_dag.py
[2022-07-22 14:19:53,202] {processor.py:651} INFO - DAG(s) dict_keys(['example_sla_dag']) retrieved from /home/airflow/.local/lib/python3.7/site-packages/airflow/example_dags/example_sla_dag.py
[2022-07-22 14:19:53,223] {logging_mixin.py:115} INFO - [2022-07-22 14:19:53,223] {dag.py:2420} INFO - Sync 1 DAGs
[2022-07-22 14:19:53,245] {logging_mixin.py:115} INFO - [2022-07-22 14:19:53,244] {dag.py:2972} INFO - Setting next_dagrun for example_sla_dag to 2022-07-22T14:16:00+00:00, run_after=2022-07-22T14:18:00+00:00
[2022-07-22 14:19:53,266] {processor.py:161} INFO - Processing /home/airflow/.local/lib/python3.7/site-packages/airflow/example_dags/example_sla_dag.py took 0.088 seconds
[2022-07-22 14:20:23,502] {processor.py:153} INFO - Started process (PID=2490) to work on /home/airflow/.local/lib/python3.7/site-packages/airflow/example_dags/example_sla_dag.py
[2022-07-22 14:20:23,504] {processor.py:641} INFO - Processing file /home/airflow/.local/lib/python3.7/site-packages/airflow/example_dags/example_sla_dag.py for tasks to queue
[2022-07-22 14:20:23,505] {logging_mixin.py:115} INFO - [2022-07-22 14:20:23,504] {dagbag.py:508} INFO - Filling up the DagBag from /home/airflow/.local/lib/python3.7/site-packages/airflow/example_dags/example_sla_dag.py
[2022-07-22 14:20:23,541] {processor.py:651} INFO - DAG(s) dict_keys(['example_sla_dag']) retrieved from /home/airflow/.local/lib/python3.7/site-packages/airflow/example_dags/example_sla_dag.py
[2022-07-22 14:20:23,590] {logging_mixin.py:115} INFO - [2022-07-22 14:20:23,590] {dag.py:2420} INFO - Sync 1 DAGs
[2022-07-22 14:20:23,649] {logging_mixin.py:115} INFO - [2022-07-22 14:20:23,649] {dag.py:2972} INFO - Setting next_dagrun for example_sla_dag to 2022-07-22T14:18:00+00:00, run_after=2022-07-22T14:20:00+00:00
[2022-07-22 14:20:23,672] {processor.py:161} INFO - Processing /home/airflow/.local/lib/python3.7/site-packages/airflow/example_dags/example_sla_dag.py took 0.176 seconds
[2022-07-22 14:20:54,188] {processor.py:153} INFO - Started process (PID=2692) to work on /home/airflow/.local/lib/python3.7/site-packages/airflow/example_dags/example_sla_dag.py
[2022-07-22 14:20:54,189] {processor.py:641} INFO - Processing file /home/airflow/.local/lib/python3.7/site-packages/airflow/example_dags/example_sla_dag.py for tasks to queue
[2022-07-22 14:20:54,190] {logging_mixin.py:115} INFO - [2022-07-22 14:20:54,190] {dagbag.py:508} INFO - Filling up the DagBag from /home/airflow/.local/lib/python3.7/site-packages/airflow/example_dags/example_sla_dag.py
[2022-07-22 14:20:54,206] {processor.py:651} INFO - DAG(s) dict_keys(['example_sla_dag']) retrieved from /home/airflow/.local/lib/python3.7/site-packages/airflow/example_dags/example_sla_dag.py
[2022-07-22 14:20:54,228] {logging_mixin.py:115} INFO - [2022-07-22 14:20:54,228] {dag.py:2420} INFO - Sync 1 DAGs
[2022-07-22 14:20:54,259] {logging_mixin.py:115} INFO - [2022-07-22 14:20:54,259] {dag.py:2972} INFO - Setting next_dagrun for example_sla_dag to 2022-07-22T14:18:00+00:00, run_after=2022-07-22T14:20:00+00:00
[2022-07-22 14:20:54,270] {processor.py:161} INFO - Processing /home/airflow/.local/lib/python3.7/site-packages/airflow/example_dags/example_sla_dag.py took 0.084 seconds
[2022-07-22 14:21:24,340] {processor.py:153} INFO - Started process (PID=2880) to work on /home/airflow/.local/lib/python3.7/site-packages/airflow/example_dags/example_sla_dag.py
[2022-07-22 14:21:24,341] {processor.py:641} INFO - Processing file /home/airflow/.local/lib/python3.7/site-packages/airflow/example_dags/example_sla_dag.py for tasks to queue
[2022-07-22 14:21:24,343] {logging_mixin.py:115} INFO - [2022-07-22 14:21:24,342] {dagbag.py:508} INFO - Filling up the DagBag from /home/airflow/.local/lib/python3.7/site-packages/airflow/example_dags/example_sla_dag.py
[2022-07-22 14:21:24,380] {processor.py:651} INFO - DAG(s) dict_keys(['example_sla_dag']) retrieved from /home/airflow/.local/lib/python3.7/site-packages/airflow/example_dags/example_sla_dag.py
[2022-07-22 14:21:24,431] {logging_mixin.py:115} INFO - [2022-07-22 14:21:24,431] {dag.py:2420} INFO - Sync 1 DAGs
[2022-07-22 14:21:24,481] {logging_mixin.py:115} INFO - [2022-07-22 14:21:24,481] {dag.py:2972} INFO - Setting next_dagrun for example_sla_dag to 2022-07-22T14:18:00+00:00, run_after=2022-07-22T14:20:00+00:00
[2022-07-22 14:21:24,491] {processor.py:161} INFO - Processing /home/airflow/.local/lib/python3.7/site-packages/airflow/example_dags/example_sla_dag.py took 0.157 seconds
[2022-07-22 14:21:55,753] {processor.py:153} INFO - Started process (PID=3087) to work on /home/airflow/.local/lib/python3.7/site-packages/airflow/example_dags/example_sla_dag.py
[2022-07-22 14:21:55,755] {processor.py:641} INFO - Processing file /home/airflow/.local/lib/python3.7/site-packages/airflow/example_dags/example_sla_dag.py for tasks to queue
[2022-07-22 14:21:55,756] {logging_mixin.py:115} INFO - [2022-07-22 14:21:55,756] {dagbag.py:508} INFO - Filling up the DagBag from /home/airflow/.local/lib/python3.7/site-packages/airflow/example_dags/example_sla_dag.py
[2022-07-22 14:21:55,794] {processor.py:651} INFO - DAG(s) dict_keys(['example_sla_dag']) retrieved from /home/airflow/.local/lib/python3.7/site-packages/airflow/example_dags/example_sla_dag.py
[2022-07-22 14:21:55,832] {logging_mixin.py:115} INFO - [2022-07-22 14:21:55,832] {dag.py:2420} INFO - Sync 1 DAGs
[2022-07-22 14:21:55,858] {logging_mixin.py:115} INFO - [2022-07-22 14:21:55,857] {dag.py:2972} INFO - Setting next_dagrun for example_sla_dag to 2022-07-22T14:18:00+00:00, run_after=2022-07-22T14:20:00+00:00
[2022-07-22 14:21:55,868] {processor.py:161} INFO - Processing /home/airflow/.local/lib/python3.7/site-packages/airflow/example_dags/example_sla_dag.py took 0.124 seconds
[2022-07-22 14:22:26,275] {processor.py:153} INFO - Started process (PID=3289) to work on /home/airflow/.local/lib/python3.7/site-packages/airflow/example_dags/example_sla_dag.py
[2022-07-22 14:22:26,277] {processor.py:641} INFO - Processing file /home/airflow/.local/lib/python3.7/site-packages/airflow/example_dags/example_sla_dag.py for tasks to queue
[2022-07-22 14:22:26,278] {logging_mixin.py:115} INFO - [2022-07-22 14:22:26,278] {dagbag.py:508} INFO - Filling up the DagBag from /home/airflow/.local/lib/python3.7/site-packages/airflow/example_dags/example_sla_dag.py
[2022-07-22 14:22:26,317] {processor.py:651} INFO - DAG(s) dict_keys(['example_sla_dag']) retrieved from /home/airflow/.local/lib/python3.7/site-packages/airflow/example_dags/example_sla_dag.py
[2022-07-22 14:22:26,368] {logging_mixin.py:115} INFO - [2022-07-22 14:22:26,368] {dag.py:2420} INFO - Sync 1 DAGs
[2022-07-22 14:22:26,401] {logging_mixin.py:115} INFO - [2022-07-22 14:22:26,401] {dag.py:2972} INFO - Setting next_dagrun for example_sla_dag to 2022-07-22T14:20:00+00:00, run_after=2022-07-22T14:22:00+00:00
[2022-07-22 14:22:26,412] {processor.py:161} INFO - Processing /home/airflow/.local/lib/python3.7/site-packages/airflow/example_dags/example_sla_dag.py took 0.143 seconds
[2022-07-22 14:22:56,492] {processor.py:153} INFO - Started process (PID=3484) to work on /home/airflow/.local/lib/python3.7/site-packages/airflow/example_dags/example_sla_dag.py
[2022-07-22 14:22:56,494] {processor.py:641} INFO - Processing file /home/airflow/.local/lib/python3.7/site-packages/airflow/example_dags/example_sla_dag.py for tasks to queue
[2022-07-22 14:22:56,495] {logging_mixin.py:115} INFO - [2022-07-22 14:22:56,495] {dagbag.py:508} INFO - Filling up the DagBag from /home/airflow/.local/lib/python3.7/site-packages/airflow/example_dags/example_sla_dag.py
[2022-07-22 14:22:56,530] {processor.py:651} INFO - DAG(s) dict_keys(['example_sla_dag']) retrieved from /home/airflow/.local/lib/python3.7/site-packages/airflow/example_dags/example_sla_dag.py
[2022-07-22 14:22:56,584] {logging_mixin.py:115} INFO - [2022-07-22 14:22:56,584] {dag.py:2420} INFO - Sync 1 DAGs
[2022-07-22 14:22:56,630] {logging_mixin.py:115} INFO - [2022-07-22 14:22:56,630] {dag.py:2972} INFO - Setting next_dagrun for example_sla_dag to 2022-07-22T14:20:00+00:00, run_after=2022-07-22T14:22:00+00:00
[2022-07-22 14:22:56,640] {processor.py:161} INFO - Processing /home/airflow/.local/lib/python3.7/site-packages/airflow/example_dags/example_sla_dag.py took 0.154 seconds
[2022-07-22 14:23:26,940] {processor.py:153} INFO - Started process (PID=3683) to work on /home/airflow/.local/lib/python3.7/site-packages/airflow/example_dags/example_sla_dag.py
[2022-07-22 14:23:26,941] {processor.py:641} INFO - Processing file /home/airflow/.local/lib/python3.7/site-packages/airflow/example_dags/example_sla_dag.py for tasks to queue
[2022-07-22 14:23:26,943] {logging_mixin.py:115} INFO - [2022-07-22 14:23:26,943] {dagbag.py:508} INFO - Filling up the DagBag from /home/airflow/.local/lib/python3.7/site-packages/airflow/example_dags/example_sla_dag.py
[2022-07-22 14:23:26,988] {processor.py:651} INFO - DAG(s) dict_keys(['example_sla_dag']) retrieved from /home/airflow/.local/lib/python3.7/site-packages/airflow/example_dags/example_sla_dag.py
[2022-07-22 14:23:27,037] {logging_mixin.py:115} INFO - [2022-07-22 14:23:27,037] {dag.py:2420} INFO - Sync 1 DAGs
[2022-07-22 14:23:27,096] {logging_mixin.py:115} INFO - [2022-07-22 14:23:27,096] {dag.py:2972} INFO - Setting next_dagrun for example_sla_dag to 2022-07-22T14:20:00+00:00, run_after=2022-07-22T14:22:00+00:00
[2022-07-22 14:23:27,117] {processor.py:161} INFO - Processing /home/airflow/.local/lib/python3.7/site-packages/airflow/example_dags/example_sla_dag.py took 0.185 seconds
[2022-07-22 14:23:57,448] {processor.py:153} INFO - Started process (PID=3887) to work on /home/airflow/.local/lib/python3.7/site-packages/airflow/example_dags/example_sla_dag.py
[2022-07-22 14:23:57,449] {processor.py:641} INFO - Processing file /home/airflow/.local/lib/python3.7/site-packages/airflow/example_dags/example_sla_dag.py for tasks to queue
[2022-07-22 14:23:57,450] {logging_mixin.py:115} INFO - [2022-07-22 14:23:57,450] {dagbag.py:508} INFO - Filling up the DagBag from /home/airflow/.local/lib/python3.7/site-packages/airflow/example_dags/example_sla_dag.py
[2022-07-22 14:23:57,487] {processor.py:651} INFO - DAG(s) dict_keys(['example_sla_dag']) retrieved from /home/airflow/.local/lib/python3.7/site-packages/airflow/example_dags/example_sla_dag.py
[2022-07-22 14:23:57,538] {logging_mixin.py:115} INFO - [2022-07-22 14:23:57,538] {dag.py:2420} INFO - Sync 1 DAGs
[2022-07-22 14:23:57,583] {logging_mixin.py:115} INFO - [2022-07-22 14:23:57,582] {dag.py:2972} INFO - Setting next_dagrun for example_sla_dag to 2022-07-22T14:20:00+00:00, run_after=2022-07-22T14:22:00+00:00
[2022-07-22 14:23:57,592] {processor.py:161} INFO - Processing /home/airflow/.local/lib/python3.7/site-packages/airflow/example_dags/example_sla_dag.py took 0.150 seconds
[2022-07-22 14:24:27,804] {processor.py:153} INFO - Started process (PID=4087) to work on /home/airflow/.local/lib/python3.7/site-packages/airflow/example_dags/example_sla_dag.py
[2022-07-22 14:24:27,805] {processor.py:641} INFO - Processing file /home/airflow/.local/lib/python3.7/site-packages/airflow/example_dags/example_sla_dag.py for tasks to queue
[2022-07-22 14:24:27,806] {logging_mixin.py:115} INFO - [2022-07-22 14:24:27,806] {dagbag.py:508} INFO - Filling up the DagBag from /home/airflow/.local/lib/python3.7/site-packages/airflow/example_dags/example_sla_dag.py
[2022-07-22 14:24:27,834] {processor.py:651} INFO - DAG(s) dict_keys(['example_sla_dag']) retrieved from /home/airflow/.local/lib/python3.7/site-packages/airflow/example_dags/example_sla_dag.py
[2022-07-22 14:24:27,869] {logging_mixin.py:115} INFO - [2022-07-22 14:24:27,869] {dag.py:2420} INFO - Sync 1 DAGs
[2022-07-22 14:24:27,915] {logging_mixin.py:115} INFO - [2022-07-22 14:24:27,914] {dag.py:2972} INFO - Setting next_dagrun for example_sla_dag to 2022-07-22T14:22:00+00:00, run_after=2022-07-22T14:24:00+00:00
[2022-07-22 14:24:27,928] {processor.py:161} INFO - Processing /home/airflow/.local/lib/python3.7/site-packages/airflow/example_dags/example_sla_dag.py took 0.128 seconds
[2022-07-22 14:24:58,162] {processor.py:153} INFO - Started process (PID=4282) to work on /home/airflow/.local/lib/python3.7/site-packages/airflow/example_dags/example_sla_dag.py
[2022-07-22 14:24:58,163] {processor.py:641} INFO - Processing file /home/airflow/.local/lib/python3.7/site-packages/airflow/example_dags/example_sla_dag.py for tasks to queue
[2022-07-22 14:24:58,163] {logging_mixin.py:115} INFO - [2022-07-22 14:24:58,163] {dagbag.py:508} INFO - Filling up the DagBag from /home/airflow/.local/lib/python3.7/site-packages/airflow/example_dags/example_sla_dag.py
[2022-07-22 14:24:58,176] {processor.py:651} INFO - DAG(s) dict_keys(['example_sla_dag']) retrieved from /home/airflow/.local/lib/python3.7/site-packages/airflow/example_dags/example_sla_dag.py
[2022-07-22 14:24:58,219] {logging_mixin.py:115} INFO - [2022-07-22 14:24:58,219] {dag.py:2420} INFO - Sync 1 DAGs
[2022-07-22 14:24:58,267] {logging_mixin.py:115} INFO - [2022-07-22 14:24:58,267] {dag.py:2972} INFO - Setting next_dagrun for example_sla_dag to 2022-07-22T14:22:00+00:00, run_after=2022-07-22T14:24:00+00:00
[2022-07-22 14:24:58,278] {processor.py:161} INFO - Processing /home/airflow/.local/lib/python3.7/site-packages/airflow/example_dags/example_sla_dag.py took 0.118 seconds
[2022-07-22 14:25:28,498] {processor.py:153} INFO - Started process (PID=4482) to work on /home/airflow/.local/lib/python3.7/site-packages/airflow/example_dags/example_sla_dag.py
[2022-07-22 14:25:28,499] {processor.py:641} INFO - Processing file /home/airflow/.local/lib/python3.7/site-packages/airflow/example_dags/example_sla_dag.py for tasks to queue
[2022-07-22 14:25:28,500] {logging_mixin.py:115} INFO - [2022-07-22 14:25:28,500] {dagbag.py:508} INFO - Filling up the DagBag from /home/airflow/.local/lib/python3.7/site-packages/airflow/example_dags/example_sla_dag.py
[2022-07-22 14:25:28,536] {processor.py:651} INFO - DAG(s) dict_keys(['example_sla_dag']) retrieved from /home/airflow/.local/lib/python3.7/site-packages/airflow/example_dags/example_sla_dag.py
[2022-07-22 14:25:28,584] {logging_mixin.py:115} INFO - [2022-07-22 14:25:28,584] {dag.py:2420} INFO - Sync 1 DAGs
[2022-07-22 14:25:28,640] {logging_mixin.py:115} INFO - [2022-07-22 14:25:28,640] {dag.py:2972} INFO - Setting next_dagrun for example_sla_dag to 2022-07-22T14:22:00+00:00, run_after=2022-07-22T14:24:00+00:00
[2022-07-22 14:25:28,665] {processor.py:161} INFO - Processing /home/airflow/.local/lib/python3.7/site-packages/airflow/example_dags/example_sla_dag.py took 0.173 seconds
[2022-07-22 14:25:58,789] {processor.py:153} INFO - Started process (PID=4684) to work on /home/airflow/.local/lib/python3.7/site-packages/airflow/example_dags/example_sla_dag.py
[2022-07-22 14:25:58,790] {processor.py:641} INFO - Processing file /home/airflow/.local/lib/python3.7/site-packages/airflow/example_dags/example_sla_dag.py for tasks to queue
[2022-07-22 14:25:58,790] {logging_mixin.py:115} INFO - [2022-07-22 14:25:58,790] {dagbag.py:508} INFO - Filling up the DagBag from /home/airflow/.local/lib/python3.7/site-packages/airflow/example_dags/example_sla_dag.py
[2022-07-22 14:25:58,804] {processor.py:651} INFO - DAG(s) dict_keys(['example_sla_dag']) retrieved from /home/airflow/.local/lib/python3.7/site-packages/airflow/example_dags/example_sla_dag.py
[2022-07-22 14:25:58,846] {logging_mixin.py:115} INFO - [2022-07-22 14:25:58,846] {dag.py:2420} INFO - Sync 1 DAGs
[2022-07-22 14:25:58,892] {logging_mixin.py:115} INFO - [2022-07-22 14:25:58,892] {dag.py:2972} INFO - Setting next_dagrun for example_sla_dag to 2022-07-22T14:22:00+00:00, run_after=2022-07-22T14:24:00+00:00
[2022-07-22 14:25:58,904] {processor.py:161} INFO - Processing /home/airflow/.local/lib/python3.7/site-packages/airflow/example_dags/example_sla_dag.py took 0.118 seconds
[2022-07-22 14:26:29,471] {processor.py:153} INFO - Started process (PID=4877) to work on /home/airflow/.local/lib/python3.7/site-packages/airflow/example_dags/example_sla_dag.py
[2022-07-22 14:26:29,472] {processor.py:641} INFO - Processing file /home/airflow/.local/lib/python3.7/site-packages/airflow/example_dags/example_sla_dag.py for tasks to queue
[2022-07-22 14:26:29,472] {logging_mixin.py:115} INFO - [2022-07-22 14:26:29,472] {dagbag.py:508} INFO - Filling up the DagBag from /home/airflow/.local/lib/python3.7/site-packages/airflow/example_dags/example_sla_dag.py
[2022-07-22 14:26:29,502] {processor.py:651} INFO - DAG(s) dict_keys(['example_sla_dag']) retrieved from /home/airflow/.local/lib/python3.7/site-packages/airflow/example_dags/example_sla_dag.py
[2022-07-22 14:26:29,541] {logging_mixin.py:115} INFO - [2022-07-22 14:26:29,541] {dag.py:2420} INFO - Sync 1 DAGs
[2022-07-22 14:26:29,591] {logging_mixin.py:115} INFO - [2022-07-22 14:26:29,591] {dag.py:2972} INFO - Setting next_dagrun for example_sla_dag to 2022-07-22T14:24:00+00:00, run_after=2022-07-22T14:26:00+00:00
[2022-07-22 14:26:29,602] {processor.py:161} INFO - Processing /home/airflow/.local/lib/python3.7/site-packages/airflow/example_dags/example_sla_dag.py took 0.137 seconds
[2022-07-22 14:27:00,205] {processor.py:153} INFO - Started process (PID=5080) to work on /home/airflow/.local/lib/python3.7/site-packages/airflow/example_dags/example_sla_dag.py
[2022-07-22 14:27:00,206] {processor.py:641} INFO - Processing file /home/airflow/.local/lib/python3.7/site-packages/airflow/example_dags/example_sla_dag.py for tasks to queue
[2022-07-22 14:27:00,207] {logging_mixin.py:115} INFO - [2022-07-22 14:27:00,207] {dagbag.py:508} INFO - Filling up the DagBag from /home/airflow/.local/lib/python3.7/site-packages/airflow/example_dags/example_sla_dag.py
[2022-07-22 14:27:00,246] {processor.py:651} INFO - DAG(s) dict_keys(['example_sla_dag']) retrieved from /home/airflow/.local/lib/python3.7/site-packages/airflow/example_dags/example_sla_dag.py
[2022-07-22 14:27:00,289] {logging_mixin.py:115} INFO - [2022-07-22 14:27:00,289] {dag.py:2420} INFO - Sync 1 DAGs
[2022-07-22 14:27:00,335] {logging_mixin.py:115} INFO - [2022-07-22 14:27:00,335] {dag.py:2972} INFO - Setting next_dagrun for example_sla_dag to 2022-07-22T14:24:00+00:00, run_after=2022-07-22T14:26:00+00:00
[2022-07-22 14:27:00,346] {processor.py:161} INFO - Processing /home/airflow/.local/lib/python3.7/site-packages/airflow/example_dags/example_sla_dag.py took 0.146 seconds
[2022-07-22 14:27:30,785] {processor.py:153} INFO - Started process (PID=5282) to work on /home/airflow/.local/lib/python3.7/site-packages/airflow/example_dags/example_sla_dag.py
[2022-07-22 14:27:30,787] {processor.py:641} INFO - Processing file /home/airflow/.local/lib/python3.7/site-packages/airflow/example_dags/example_sla_dag.py for tasks to queue
[2022-07-22 14:27:30,788] {logging_mixin.py:115} INFO - [2022-07-22 14:27:30,787] {dagbag.py:508} INFO - Filling up the DagBag from /home/airflow/.local/lib/python3.7/site-packages/airflow/example_dags/example_sla_dag.py
[2022-07-22 14:27:30,823] {processor.py:651} INFO - DAG(s) dict_keys(['example_sla_dag']) retrieved from /home/airflow/.local/lib/python3.7/site-packages/airflow/example_dags/example_sla_dag.py
[2022-07-22 14:27:30,872] {logging_mixin.py:115} INFO - [2022-07-22 14:27:30,872] {dag.py:2420} INFO - Sync 1 DAGs
[2022-07-22 14:27:30,920] {logging_mixin.py:115} INFO - [2022-07-22 14:27:30,920] {dag.py:2972} INFO - Setting next_dagrun for example_sla_dag to 2022-07-22T14:24:00+00:00, run_after=2022-07-22T14:26:00+00:00
[2022-07-22 14:27:30,933] {processor.py:161} INFO - Processing /home/airflow/.local/lib/python3.7/site-packages/airflow/example_dags/example_sla_dag.py took 0.154 seconds
[2022-07-22 14:28:01,854] {processor.py:153} INFO - Started process (PID=5475) to work on /home/airflow/.local/lib/python3.7/site-packages/airflow/example_dags/example_sla_dag.py
[2022-07-22 14:28:01,855] {processor.py:641} INFO - Processing file /home/airflow/.local/lib/python3.7/site-packages/airflow/example_dags/example_sla_dag.py for tasks to queue
[2022-07-22 14:28:01,856] {logging_mixin.py:115} INFO - [2022-07-22 14:28:01,856] {dagbag.py:508} INFO - Filling up the DagBag from /home/airflow/.local/lib/python3.7/site-packages/airflow/example_dags/example_sla_dag.py
[2022-07-22 14:28:01,891] {processor.py:651} INFO - DAG(s) dict_keys(['example_sla_dag']) retrieved from /home/airflow/.local/lib/python3.7/site-packages/airflow/example_dags/example_sla_dag.py
[2022-07-22 14:28:01,941] {logging_mixin.py:115} INFO - [2022-07-22 14:28:01,941] {dag.py:2420} INFO - Sync 1 DAGs
[2022-07-22 14:28:02,001] {logging_mixin.py:115} INFO - [2022-07-22 14:28:02,000] {dag.py:2972} INFO - Setting next_dagrun for example_sla_dag to 2022-07-22T14:26:00+00:00, run_after=2022-07-22T14:28:00+00:00
[2022-07-22 14:28:02,024] {processor.py:161} INFO - Processing /home/airflow/.local/lib/python3.7/site-packages/airflow/example_dags/example_sla_dag.py took 0.176 seconds
[2022-07-22 14:28:32,099] {processor.py:153} INFO - Started process (PID=5679) to work on /home/airflow/.local/lib/python3.7/site-packages/airflow/example_dags/example_sla_dag.py
[2022-07-22 14:28:32,100] {processor.py:641} INFO - Processing file /home/airflow/.local/lib/python3.7/site-packages/airflow/example_dags/example_sla_dag.py for tasks to queue
[2022-07-22 14:28:32,100] {logging_mixin.py:115} INFO - [2022-07-22 14:28:32,100] {dagbag.py:508} INFO - Filling up the DagBag from /home/airflow/.local/lib/python3.7/site-packages/airflow/example_dags/example_sla_dag.py
[2022-07-22 14:28:32,117] {processor.py:651} INFO - DAG(s) dict_keys(['example_sla_dag']) retrieved from /home/airflow/.local/lib/python3.7/site-packages/airflow/example_dags/example_sla_dag.py
[2022-07-22 14:28:32,140] {logging_mixin.py:115} INFO - [2022-07-22 14:28:32,140] {dag.py:2420} INFO - Sync 1 DAGs
[2022-07-22 14:28:32,168] {logging_mixin.py:115} INFO - [2022-07-22 14:28:32,168] {dag.py:2972} INFO - Setting next_dagrun for example_sla_dag to 2022-07-22T14:26:00+00:00, run_after=2022-07-22T14:28:00+00:00
[2022-07-22 14:28:32,179] {processor.py:161} INFO - Processing /home/airflow/.local/lib/python3.7/site-packages/airflow/example_dags/example_sla_dag.py took 0.083 seconds
[2022-07-22 14:29:51,572] {processor.py:153} INFO - Started process (PID=273) to work on /home/airflow/.local/lib/python3.7/site-packages/airflow/example_dags/example_sla_dag.py
[2022-07-22 14:29:51,572] {processor.py:641} INFO - Processing file /home/airflow/.local/lib/python3.7/site-packages/airflow/example_dags/example_sla_dag.py for tasks to queue
[2022-07-22 14:29:51,573] {logging_mixin.py:115} INFO - [2022-07-22 14:29:51,573] {dagbag.py:508} INFO - Filling up the DagBag from /home/airflow/.local/lib/python3.7/site-packages/airflow/example_dags/example_sla_dag.py
[2022-07-22 14:29:51,605] {processor.py:651} INFO - DAG(s) dict_keys(['example_sla_dag']) retrieved from /home/airflow/.local/lib/python3.7/site-packages/airflow/example_dags/example_sla_dag.py
[2022-07-22 14:29:51,633] {logging_mixin.py:115} INFO - [2022-07-22 14:29:51,633] {dag.py:2420} INFO - Sync 1 DAGs
[2022-07-22 14:29:51,678] {logging_mixin.py:115} INFO - [2022-07-22 14:29:51,678] {dag.py:2972} INFO - Setting next_dagrun for example_sla_dag to 2022-07-22T14:26:00+00:00, run_after=2022-07-22T14:28:00+00:00
[2022-07-22 14:29:51,696] {processor.py:161} INFO - Processing /home/airflow/.local/lib/python3.7/site-packages/airflow/example_dags/example_sla_dag.py took 0.130 seconds
[2022-07-22 14:30:22,472] {processor.py:153} INFO - Started process (PID=488) to work on /home/airflow/.local/lib/python3.7/site-packages/airflow/example_dags/example_sla_dag.py
[2022-07-22 14:30:22,473] {processor.py:641} INFO - Processing file /home/airflow/.local/lib/python3.7/site-packages/airflow/example_dags/example_sla_dag.py for tasks to queue
[2022-07-22 14:30:22,473] {logging_mixin.py:115} INFO - [2022-07-22 14:30:22,473] {dagbag.py:508} INFO - Filling up the DagBag from /home/airflow/.local/lib/python3.7/site-packages/airflow/example_dags/example_sla_dag.py
[2022-07-22 14:30:22,488] {processor.py:651} INFO - DAG(s) dict_keys(['example_sla_dag']) retrieved from /home/airflow/.local/lib/python3.7/site-packages/airflow/example_dags/example_sla_dag.py
[2022-07-22 14:30:22,522] {logging_mixin.py:115} INFO - [2022-07-22 14:30:22,522] {dag.py:2420} INFO - Sync 1 DAGs
[2022-07-22 14:30:22,569] {logging_mixin.py:115} INFO - [2022-07-22 14:30:22,569] {dag.py:2972} INFO - Setting next_dagrun for example_sla_dag to 2022-07-22T14:28:00+00:00, run_after=2022-07-22T14:30:00+00:00
[2022-07-22 14:30:22,582] {processor.py:161} INFO - Processing /home/airflow/.local/lib/python3.7/site-packages/airflow/example_dags/example_sla_dag.py took 0.112 seconds
[2022-07-22 14:30:53,105] {processor.py:153} INFO - Started process (PID=688) to work on /home/airflow/.local/lib/python3.7/site-packages/airflow/example_dags/example_sla_dag.py
[2022-07-22 14:30:53,105] {processor.py:641} INFO - Processing file /home/airflow/.local/lib/python3.7/site-packages/airflow/example_dags/example_sla_dag.py for tasks to queue
[2022-07-22 14:30:53,106] {logging_mixin.py:115} INFO - [2022-07-22 14:30:53,106] {dagbag.py:508} INFO - Filling up the DagBag from /home/airflow/.local/lib/python3.7/site-packages/airflow/example_dags/example_sla_dag.py
[2022-07-22 14:30:53,120] {processor.py:651} INFO - DAG(s) dict_keys(['example_sla_dag']) retrieved from /home/airflow/.local/lib/python3.7/site-packages/airflow/example_dags/example_sla_dag.py
[2022-07-22 14:30:53,157] {logging_mixin.py:115} INFO - [2022-07-22 14:30:53,156] {dag.py:2420} INFO - Sync 1 DAGs
[2022-07-22 14:30:53,206] {logging_mixin.py:115} INFO - [2022-07-22 14:30:53,206] {dag.py:2972} INFO - Setting next_dagrun for example_sla_dag to 2022-07-22T14:28:00+00:00, run_after=2022-07-22T14:30:00+00:00
[2022-07-22 14:30:53,216] {processor.py:161} INFO - Processing /home/airflow/.local/lib/python3.7/site-packages/airflow/example_dags/example_sla_dag.py took 0.114 seconds
[2022-07-22 14:31:23,891] {processor.py:153} INFO - Started process (PID=890) to work on /home/airflow/.local/lib/python3.7/site-packages/airflow/example_dags/example_sla_dag.py
[2022-07-22 14:31:23,892] {processor.py:641} INFO - Processing file /home/airflow/.local/lib/python3.7/site-packages/airflow/example_dags/example_sla_dag.py for tasks to queue
[2022-07-22 14:31:23,892] {logging_mixin.py:115} INFO - [2022-07-22 14:31:23,892] {dagbag.py:508} INFO - Filling up the DagBag from /home/airflow/.local/lib/python3.7/site-packages/airflow/example_dags/example_sla_dag.py
[2022-07-22 14:31:23,909] {processor.py:651} INFO - DAG(s) dict_keys(['example_sla_dag']) retrieved from /home/airflow/.local/lib/python3.7/site-packages/airflow/example_dags/example_sla_dag.py
[2022-07-22 14:31:23,939] {logging_mixin.py:115} INFO - [2022-07-22 14:31:23,939] {dag.py:2420} INFO - Sync 1 DAGs
[2022-07-22 14:31:23,984] {logging_mixin.py:115} INFO - [2022-07-22 14:31:23,983] {dag.py:2972} INFO - Setting next_dagrun for example_sla_dag to 2022-07-22T14:28:00+00:00, run_after=2022-07-22T14:30:00+00:00
[2022-07-22 14:31:24,008] {processor.py:161} INFO - Processing /home/airflow/.local/lib/python3.7/site-packages/airflow/example_dags/example_sla_dag.py took 0.119 seconds
[2022-07-22 14:31:54,628] {processor.py:153} INFO - Started process (PID=1083) to work on /home/airflow/.local/lib/python3.7/site-packages/airflow/example_dags/example_sla_dag.py
[2022-07-22 14:31:54,629] {processor.py:641} INFO - Processing file /home/airflow/.local/lib/python3.7/site-packages/airflow/example_dags/example_sla_dag.py for tasks to queue
[2022-07-22 14:31:54,630] {logging_mixin.py:115} INFO - [2022-07-22 14:31:54,630] {dagbag.py:508} INFO - Filling up the DagBag from /home/airflow/.local/lib/python3.7/site-packages/airflow/example_dags/example_sla_dag.py
[2022-07-22 14:31:54,662] {processor.py:651} INFO - DAG(s) dict_keys(['example_sla_dag']) retrieved from /home/airflow/.local/lib/python3.7/site-packages/airflow/example_dags/example_sla_dag.py
[2022-07-22 14:31:54,690] {logging_mixin.py:115} INFO - [2022-07-22 14:31:54,690] {dag.py:2420} INFO - Sync 1 DAGs
[2022-07-22 14:31:54,718] {logging_mixin.py:115} INFO - [2022-07-22 14:31:54,718] {dag.py:2972} INFO - Setting next_dagrun for example_sla_dag to 2022-07-22T14:28:00+00:00, run_after=2022-07-22T14:30:00+00:00
[2022-07-22 14:31:54,735] {processor.py:161} INFO - Processing /home/airflow/.local/lib/python3.7/site-packages/airflow/example_dags/example_sla_dag.py took 0.112 seconds
[2022-07-22 14:32:25,761] {processor.py:153} INFO - Started process (PID=1305) to work on /home/airflow/.local/lib/python3.7/site-packages/airflow/example_dags/example_sla_dag.py
[2022-07-22 14:32:25,763] {processor.py:641} INFO - Processing file /home/airflow/.local/lib/python3.7/site-packages/airflow/example_dags/example_sla_dag.py for tasks to queue
[2022-07-22 14:32:25,764] {logging_mixin.py:115} INFO - [2022-07-22 14:32:25,764] {dagbag.py:508} INFO - Filling up the DagBag from /home/airflow/.local/lib/python3.7/site-packages/airflow/example_dags/example_sla_dag.py
[2022-07-22 14:32:25,790] {processor.py:651} INFO - DAG(s) dict_keys(['example_sla_dag']) retrieved from /home/airflow/.local/lib/python3.7/site-packages/airflow/example_dags/example_sla_dag.py
[2022-07-22 14:32:25,817] {logging_mixin.py:115} INFO - [2022-07-22 14:32:25,817] {dag.py:2420} INFO - Sync 1 DAGs
[2022-07-22 14:32:25,849] {logging_mixin.py:115} INFO - [2022-07-22 14:32:25,848] {dag.py:2972} INFO - Setting next_dagrun for example_sla_dag to 2022-07-22T14:30:00+00:00, run_after=2022-07-22T14:32:00+00:00
[2022-07-22 14:32:25,866] {processor.py:161} INFO - Processing /home/airflow/.local/lib/python3.7/site-packages/airflow/example_dags/example_sla_dag.py took 0.112 seconds
[2022-07-22 14:32:56,661] {processor.py:153} INFO - Started process (PID=1507) to work on /home/airflow/.local/lib/python3.7/site-packages/airflow/example_dags/example_sla_dag.py
[2022-07-22 14:32:56,661] {processor.py:641} INFO - Processing file /home/airflow/.local/lib/python3.7/site-packages/airflow/example_dags/example_sla_dag.py for tasks to queue
[2022-07-22 14:32:56,662] {logging_mixin.py:115} INFO - [2022-07-22 14:32:56,662] {dagbag.py:508} INFO - Filling up the DagBag from /home/airflow/.local/lib/python3.7/site-packages/airflow/example_dags/example_sla_dag.py
[2022-07-22 14:32:56,691] {processor.py:651} INFO - DAG(s) dict_keys(['example_sla_dag']) retrieved from /home/airflow/.local/lib/python3.7/site-packages/airflow/example_dags/example_sla_dag.py
[2022-07-22 14:32:56,727] {logging_mixin.py:115} INFO - [2022-07-22 14:32:56,727] {dag.py:2420} INFO - Sync 1 DAGs
[2022-07-22 14:32:56,783] {logging_mixin.py:115} INFO - [2022-07-22 14:32:56,783] {dag.py:2972} INFO - Setting next_dagrun for example_sla_dag to 2022-07-22T14:30:00+00:00, run_after=2022-07-22T14:32:00+00:00
[2022-07-22 14:32:56,810] {processor.py:161} INFO - Processing /home/airflow/.local/lib/python3.7/site-packages/airflow/example_dags/example_sla_dag.py took 0.157 seconds
[2022-07-22 14:33:27,790] {processor.py:153} INFO - Started process (PID=1700) to work on /home/airflow/.local/lib/python3.7/site-packages/airflow/example_dags/example_sla_dag.py
[2022-07-22 14:33:27,792] {processor.py:641} INFO - Processing file /home/airflow/.local/lib/python3.7/site-packages/airflow/example_dags/example_sla_dag.py for tasks to queue
[2022-07-22 14:33:27,793] {logging_mixin.py:115} INFO - [2022-07-22 14:33:27,793] {dagbag.py:508} INFO - Filling up the DagBag from /home/airflow/.local/lib/python3.7/site-packages/airflow/example_dags/example_sla_dag.py
[2022-07-22 14:33:27,810] {processor.py:651} INFO - DAG(s) dict_keys(['example_sla_dag']) retrieved from /home/airflow/.local/lib/python3.7/site-packages/airflow/example_dags/example_sla_dag.py
[2022-07-22 14:33:27,832] {logging_mixin.py:115} INFO - [2022-07-22 14:33:27,832] {dag.py:2420} INFO - Sync 1 DAGs
[2022-07-22 14:33:27,872] {logging_mixin.py:115} INFO - [2022-07-22 14:33:27,872] {dag.py:2972} INFO - Setting next_dagrun for example_sla_dag to 2022-07-22T14:30:00+00:00, run_after=2022-07-22T14:32:00+00:00
[2022-07-22 14:33:27,886] {processor.py:161} INFO - Processing /home/airflow/.local/lib/python3.7/site-packages/airflow/example_dags/example_sla_dag.py took 0.103 seconds
[2022-07-22 14:34:50,055] {processor.py:153} INFO - Started process (PID=273) to work on /home/airflow/.local/lib/python3.7/site-packages/airflow/example_dags/example_sla_dag.py
[2022-07-22 14:34:50,056] {processor.py:641} INFO - Processing file /home/airflow/.local/lib/python3.7/site-packages/airflow/example_dags/example_sla_dag.py for tasks to queue
[2022-07-22 14:34:50,056] {logging_mixin.py:115} INFO - [2022-07-22 14:34:50,056] {dagbag.py:508} INFO - Filling up the DagBag from /home/airflow/.local/lib/python3.7/site-packages/airflow/example_dags/example_sla_dag.py
[2022-07-22 14:34:50,071] {processor.py:651} INFO - DAG(s) dict_keys(['example_sla_dag']) retrieved from /home/airflow/.local/lib/python3.7/site-packages/airflow/example_dags/example_sla_dag.py
[2022-07-22 14:34:50,092] {logging_mixin.py:115} INFO - [2022-07-22 14:34:50,091] {dag.py:2420} INFO - Sync 1 DAGs
[2022-07-22 14:34:50,131] {logging_mixin.py:115} INFO - [2022-07-22 14:34:50,131] {dag.py:2972} INFO - Setting next_dagrun for example_sla_dag to 2022-07-22T14:32:00+00:00, run_after=2022-07-22T14:34:00+00:00
[2022-07-22 14:34:50,151] {processor.py:161} INFO - Processing /home/airflow/.local/lib/python3.7/site-packages/airflow/example_dags/example_sla_dag.py took 0.098 seconds
[2022-07-22 14:35:20,856] {processor.py:153} INFO - Started process (PID=476) to work on /home/airflow/.local/lib/python3.7/site-packages/airflow/example_dags/example_sla_dag.py
[2022-07-22 14:35:20,857] {processor.py:641} INFO - Processing file /home/airflow/.local/lib/python3.7/site-packages/airflow/example_dags/example_sla_dag.py for tasks to queue
[2022-07-22 14:35:20,858] {logging_mixin.py:115} INFO - [2022-07-22 14:35:20,858] {dagbag.py:508} INFO - Filling up the DagBag from /home/airflow/.local/lib/python3.7/site-packages/airflow/example_dags/example_sla_dag.py
[2022-07-22 14:35:20,900] {processor.py:651} INFO - DAG(s) dict_keys(['example_sla_dag']) retrieved from /home/airflow/.local/lib/python3.7/site-packages/airflow/example_dags/example_sla_dag.py
[2022-07-22 14:35:20,931] {logging_mixin.py:115} INFO - [2022-07-22 14:35:20,931] {dag.py:2420} INFO - Sync 1 DAGs
[2022-07-22 14:35:20,953] {logging_mixin.py:115} INFO - [2022-07-22 14:35:20,952] {dag.py:2972} INFO - Setting next_dagrun for example_sla_dag to 2022-07-22T14:32:00+00:00, run_after=2022-07-22T14:34:00+00:00
[2022-07-22 14:35:20,964] {processor.py:161} INFO - Processing /home/airflow/.local/lib/python3.7/site-packages/airflow/example_dags/example_sla_dag.py took 0.114 seconds
