[2022-07-22 14:06:12,743] {processor.py:153} INFO - Started process (PID=218) to work on /home/airflow/.local/lib/python3.7/site-packages/airflow/example_dags/example_complex.py
[2022-07-22 14:06:12,744] {processor.py:641} INFO - Processing file /home/airflow/.local/lib/python3.7/site-packages/airflow/example_dags/example_complex.py for tasks to queue
[2022-07-22 14:06:12,745] {logging_mixin.py:115} INFO - [2022-07-22 14:06:12,745] {dagbag.py:508} INFO - Filling up the DagBag from /home/airflow/.local/lib/python3.7/site-packages/airflow/example_dags/example_complex.py
[2022-07-22 14:06:12,767] {processor.py:651} INFO - DAG(s) dict_keys(['example_complex']) retrieved from /home/airflow/.local/lib/python3.7/site-packages/airflow/example_dags/example_complex.py
[2022-07-22 14:06:12,858] {logging_mixin.py:115} INFO - [2022-07-22 14:06:12,858] {manager.py:508} INFO - Created Permission View: can read on DAG:example_complex
[2022-07-22 14:06:12,876] {logging_mixin.py:115} INFO - [2022-07-22 14:06:12,875] {manager.py:508} INFO - Created Permission View: can delete on DAG:example_complex
[2022-07-22 14:06:12,888] {logging_mixin.py:115} INFO - [2022-07-22 14:06:12,888] {manager.py:508} INFO - Created Permission View: can edit on DAG:example_complex
[2022-07-22 14:06:12,888] {logging_mixin.py:115} INFO - [2022-07-22 14:06:12,888] {dag.py:2420} INFO - Sync 1 DAGs
[2022-07-22 14:06:12,898] {logging_mixin.py:115} INFO - [2022-07-22 14:06:12,898] {dag.py:2439} INFO - Creating ORM DAG for example_complex
[2022-07-22 14:06:12,916] {logging_mixin.py:115} INFO - [2022-07-22 14:06:12,916] {dag.py:2972} INFO - Setting next_dagrun for example_complex to None, run_after=None
[2022-07-22 14:06:12,942] {processor.py:161} INFO - Processing /home/airflow/.local/lib/python3.7/site-packages/airflow/example_dags/example_complex.py took 0.203 seconds
[2022-07-22 14:06:43,718] {processor.py:153} INFO - Started process (PID=415) to work on /home/airflow/.local/lib/python3.7/site-packages/airflow/example_dags/example_complex.py
[2022-07-22 14:06:43,720] {processor.py:641} INFO - Processing file /home/airflow/.local/lib/python3.7/site-packages/airflow/example_dags/example_complex.py for tasks to queue
[2022-07-22 14:06:43,721] {logging_mixin.py:115} INFO - [2022-07-22 14:06:43,721] {dagbag.py:508} INFO - Filling up the DagBag from /home/airflow/.local/lib/python3.7/site-packages/airflow/example_dags/example_complex.py
[2022-07-22 14:06:43,750] {processor.py:651} INFO - DAG(s) dict_keys(['example_complex']) retrieved from /home/airflow/.local/lib/python3.7/site-packages/airflow/example_dags/example_complex.py
[2022-07-22 14:06:43,812] {logging_mixin.py:115} INFO - [2022-07-22 14:06:43,812] {dag.py:2420} INFO - Sync 1 DAGs
[2022-07-22 14:06:43,836] {logging_mixin.py:115} INFO - [2022-07-22 14:06:43,836] {dag.py:2972} INFO - Setting next_dagrun for example_complex to None, run_after=None
[2022-07-22 14:06:43,848] {processor.py:161} INFO - Processing /home/airflow/.local/lib/python3.7/site-packages/airflow/example_dags/example_complex.py took 0.137 seconds
[2022-07-22 14:07:14,207] {processor.py:153} INFO - Started process (PID=612) to work on /home/airflow/.local/lib/python3.7/site-packages/airflow/example_dags/example_complex.py
[2022-07-22 14:07:14,208] {processor.py:641} INFO - Processing file /home/airflow/.local/lib/python3.7/site-packages/airflow/example_dags/example_complex.py for tasks to queue
[2022-07-22 14:07:14,209] {logging_mixin.py:115} INFO - [2022-07-22 14:07:14,209] {dagbag.py:508} INFO - Filling up the DagBag from /home/airflow/.local/lib/python3.7/site-packages/airflow/example_dags/example_complex.py
[2022-07-22 14:07:14,235] {processor.py:651} INFO - DAG(s) dict_keys(['example_complex']) retrieved from /home/airflow/.local/lib/python3.7/site-packages/airflow/example_dags/example_complex.py
[2022-07-22 14:07:14,296] {logging_mixin.py:115} INFO - [2022-07-22 14:07:14,296] {dag.py:2420} INFO - Sync 1 DAGs
[2022-07-22 14:07:14,330] {logging_mixin.py:115} INFO - [2022-07-22 14:07:14,330] {dag.py:2972} INFO - Setting next_dagrun for example_complex to None, run_after=None
[2022-07-22 14:07:14,350] {processor.py:161} INFO - Processing /home/airflow/.local/lib/python3.7/site-packages/airflow/example_dags/example_complex.py took 0.148 seconds
[2022-07-22 14:08:19,622] {processor.py:153} INFO - Started process (PID=224) to work on /home/airflow/.local/lib/python3.7/site-packages/airflow/example_dags/example_complex.py
[2022-07-22 14:08:19,623] {processor.py:641} INFO - Processing file /home/airflow/.local/lib/python3.7/site-packages/airflow/example_dags/example_complex.py for tasks to queue
[2022-07-22 14:08:19,623] {logging_mixin.py:115} INFO - [2022-07-22 14:08:19,623] {dagbag.py:508} INFO - Filling up the DagBag from /home/airflow/.local/lib/python3.7/site-packages/airflow/example_dags/example_complex.py
[2022-07-22 14:08:19,641] {processor.py:651} INFO - DAG(s) dict_keys(['example_complex']) retrieved from /home/airflow/.local/lib/python3.7/site-packages/airflow/example_dags/example_complex.py
[2022-07-22 14:08:19,693] {logging_mixin.py:115} INFO - [2022-07-22 14:08:19,693] {dag.py:2420} INFO - Sync 1 DAGs
[2022-07-22 14:08:19,739] {logging_mixin.py:115} INFO - [2022-07-22 14:08:19,739] {dag.py:2972} INFO - Setting next_dagrun for example_complex to None, run_after=None
[2022-07-22 14:08:19,767] {processor.py:161} INFO - Processing /home/airflow/.local/lib/python3.7/site-packages/airflow/example_dags/example_complex.py took 0.148 seconds
[2022-07-22 14:08:50,913] {processor.py:153} INFO - Started process (PID=432) to work on /home/airflow/.local/lib/python3.7/site-packages/airflow/example_dags/example_complex.py
[2022-07-22 14:08:50,914] {processor.py:641} INFO - Processing file /home/airflow/.local/lib/python3.7/site-packages/airflow/example_dags/example_complex.py for tasks to queue
[2022-07-22 14:08:50,915] {logging_mixin.py:115} INFO - [2022-07-22 14:08:50,914] {dagbag.py:508} INFO - Filling up the DagBag from /home/airflow/.local/lib/python3.7/site-packages/airflow/example_dags/example_complex.py
[2022-07-22 14:08:50,943] {processor.py:651} INFO - DAG(s) dict_keys(['example_complex']) retrieved from /home/airflow/.local/lib/python3.7/site-packages/airflow/example_dags/example_complex.py
[2022-07-22 14:08:51,003] {logging_mixin.py:115} INFO - [2022-07-22 14:08:51,003] {dag.py:2420} INFO - Sync 1 DAGs
[2022-07-22 14:08:51,020] {logging_mixin.py:115} INFO - [2022-07-22 14:08:51,020] {dag.py:2972} INFO - Setting next_dagrun for example_complex to None, run_after=None
[2022-07-22 14:08:51,035] {processor.py:161} INFO - Processing /home/airflow/.local/lib/python3.7/site-packages/airflow/example_dags/example_complex.py took 0.128 seconds
[2022-07-22 14:09:21,122] {processor.py:153} INFO - Started process (PID=632) to work on /home/airflow/.local/lib/python3.7/site-packages/airflow/example_dags/example_complex.py
[2022-07-22 14:09:21,123] {processor.py:641} INFO - Processing file /home/airflow/.local/lib/python3.7/site-packages/airflow/example_dags/example_complex.py for tasks to queue
[2022-07-22 14:09:21,124] {logging_mixin.py:115} INFO - [2022-07-22 14:09:21,124] {dagbag.py:508} INFO - Filling up the DagBag from /home/airflow/.local/lib/python3.7/site-packages/airflow/example_dags/example_complex.py
[2022-07-22 14:09:21,151] {processor.py:651} INFO - DAG(s) dict_keys(['example_complex']) retrieved from /home/airflow/.local/lib/python3.7/site-packages/airflow/example_dags/example_complex.py
[2022-07-22 14:09:21,206] {logging_mixin.py:115} INFO - [2022-07-22 14:09:21,205] {dag.py:2420} INFO - Sync 1 DAGs
[2022-07-22 14:09:21,251] {logging_mixin.py:115} INFO - [2022-07-22 14:09:21,250] {dag.py:2972} INFO - Setting next_dagrun for example_complex to None, run_after=None
[2022-07-22 14:09:21,278] {processor.py:161} INFO - Processing /home/airflow/.local/lib/python3.7/site-packages/airflow/example_dags/example_complex.py took 0.162 seconds
[2022-07-22 14:09:51,571] {processor.py:153} INFO - Started process (PID=829) to work on /home/airflow/.local/lib/python3.7/site-packages/airflow/example_dags/example_complex.py
[2022-07-22 14:09:51,572] {processor.py:641} INFO - Processing file /home/airflow/.local/lib/python3.7/site-packages/airflow/example_dags/example_complex.py for tasks to queue
[2022-07-22 14:09:51,573] {logging_mixin.py:115} INFO - [2022-07-22 14:09:51,573] {dagbag.py:508} INFO - Filling up the DagBag from /home/airflow/.local/lib/python3.7/site-packages/airflow/example_dags/example_complex.py
[2022-07-22 14:09:51,601] {processor.py:651} INFO - DAG(s) dict_keys(['example_complex']) retrieved from /home/airflow/.local/lib/python3.7/site-packages/airflow/example_dags/example_complex.py
[2022-07-22 14:09:51,667] {logging_mixin.py:115} INFO - [2022-07-22 14:09:51,666] {dag.py:2420} INFO - Sync 1 DAGs
[2022-07-22 14:09:51,708] {logging_mixin.py:115} INFO - [2022-07-22 14:09:51,708] {dag.py:2972} INFO - Setting next_dagrun for example_complex to None, run_after=None
[2022-07-22 14:09:51,729] {processor.py:161} INFO - Processing /home/airflow/.local/lib/python3.7/site-packages/airflow/example_dags/example_complex.py took 0.164 seconds
[2022-07-22 14:11:25,724] {processor.py:153} INFO - Started process (PID=224) to work on /home/airflow/.local/lib/python3.7/site-packages/airflow/example_dags/example_complex.py
[2022-07-22 14:11:25,727] {processor.py:641} INFO - Processing file /home/airflow/.local/lib/python3.7/site-packages/airflow/example_dags/example_complex.py for tasks to queue
[2022-07-22 14:11:25,728] {logging_mixin.py:115} INFO - [2022-07-22 14:11:25,728] {dagbag.py:508} INFO - Filling up the DagBag from /home/airflow/.local/lib/python3.7/site-packages/airflow/example_dags/example_complex.py
[2022-07-22 14:11:25,764] {processor.py:651} INFO - DAG(s) dict_keys(['example_complex']) retrieved from /home/airflow/.local/lib/python3.7/site-packages/airflow/example_dags/example_complex.py
[2022-07-22 14:11:25,839] {logging_mixin.py:115} INFO - [2022-07-22 14:11:25,839] {manager.py:508} INFO - Created Permission View: can read on DAG:example_complex
[2022-07-22 14:11:25,847] {logging_mixin.py:115} INFO - [2022-07-22 14:11:25,847] {manager.py:508} INFO - Created Permission View: can edit on DAG:example_complex
[2022-07-22 14:11:25,855] {logging_mixin.py:115} INFO - [2022-07-22 14:11:25,854] {manager.py:508} INFO - Created Permission View: can delete on DAG:example_complex
[2022-07-22 14:11:25,855] {logging_mixin.py:115} INFO - [2022-07-22 14:11:25,855] {dag.py:2420} INFO - Sync 1 DAGs
[2022-07-22 14:11:25,862] {logging_mixin.py:115} INFO - [2022-07-22 14:11:25,862] {dag.py:2439} INFO - Creating ORM DAG for example_complex
[2022-07-22 14:11:25,872] {logging_mixin.py:115} INFO - [2022-07-22 14:11:25,872] {dag.py:2972} INFO - Setting next_dagrun for example_complex to None, run_after=None
[2022-07-22 14:11:25,886] {processor.py:161} INFO - Processing /home/airflow/.local/lib/python3.7/site-packages/airflow/example_dags/example_complex.py took 0.169 seconds
[2022-07-22 14:11:56,815] {processor.py:153} INFO - Started process (PID=430) to work on /home/airflow/.local/lib/python3.7/site-packages/airflow/example_dags/example_complex.py
[2022-07-22 14:11:56,816] {processor.py:641} INFO - Processing file /home/airflow/.local/lib/python3.7/site-packages/airflow/example_dags/example_complex.py for tasks to queue
[2022-07-22 14:11:56,817] {logging_mixin.py:115} INFO - [2022-07-22 14:11:56,817] {dagbag.py:508} INFO - Filling up the DagBag from /home/airflow/.local/lib/python3.7/site-packages/airflow/example_dags/example_complex.py
[2022-07-22 14:11:56,841] {processor.py:651} INFO - DAG(s) dict_keys(['example_complex']) retrieved from /home/airflow/.local/lib/python3.7/site-packages/airflow/example_dags/example_complex.py
[2022-07-22 14:11:56,881] {logging_mixin.py:115} INFO - [2022-07-22 14:11:56,881] {dag.py:2420} INFO - Sync 1 DAGs
[2022-07-22 14:11:56,915] {logging_mixin.py:115} INFO - [2022-07-22 14:11:56,915] {dag.py:2972} INFO - Setting next_dagrun for example_complex to None, run_after=None
[2022-07-22 14:11:56,948] {processor.py:161} INFO - Processing /home/airflow/.local/lib/python3.7/site-packages/airflow/example_dags/example_complex.py took 0.138 seconds
[2022-07-22 14:12:53,803] {processor.py:153} INFO - Started process (PID=224) to work on /home/airflow/.local/lib/python3.7/site-packages/airflow/example_dags/example_complex.py
[2022-07-22 14:12:53,804] {processor.py:641} INFO - Processing file /home/airflow/.local/lib/python3.7/site-packages/airflow/example_dags/example_complex.py for tasks to queue
[2022-07-22 14:12:53,805] {logging_mixin.py:115} INFO - [2022-07-22 14:12:53,805] {dagbag.py:508} INFO - Filling up the DagBag from /home/airflow/.local/lib/python3.7/site-packages/airflow/example_dags/example_complex.py
[2022-07-22 14:12:53,830] {processor.py:651} INFO - DAG(s) dict_keys(['example_complex']) retrieved from /home/airflow/.local/lib/python3.7/site-packages/airflow/example_dags/example_complex.py
[2022-07-22 14:12:53,933] {logging_mixin.py:115} INFO - [2022-07-22 14:12:53,933] {manager.py:508} INFO - Created Permission View: can read on DAG:example_complex
[2022-07-22 14:12:53,943] {logging_mixin.py:115} INFO - [2022-07-22 14:12:53,943] {manager.py:508} INFO - Created Permission View: can delete on DAG:example_complex
[2022-07-22 14:12:53,951] {logging_mixin.py:115} INFO - [2022-07-22 14:12:53,951] {manager.py:508} INFO - Created Permission View: can edit on DAG:example_complex
[2022-07-22 14:12:53,952] {logging_mixin.py:115} INFO - [2022-07-22 14:12:53,952] {dag.py:2420} INFO - Sync 1 DAGs
[2022-07-22 14:12:53,959] {logging_mixin.py:115} INFO - [2022-07-22 14:12:53,959] {dag.py:2439} INFO - Creating ORM DAG for example_complex
[2022-07-22 14:12:53,970] {logging_mixin.py:115} INFO - [2022-07-22 14:12:53,970] {dag.py:2972} INFO - Setting next_dagrun for example_complex to None, run_after=None
[2022-07-22 14:12:53,984] {processor.py:161} INFO - Processing /home/airflow/.local/lib/python3.7/site-packages/airflow/example_dags/example_complex.py took 0.187 seconds
[2022-07-22 14:13:24,166] {processor.py:153} INFO - Started process (PID=426) to work on /home/airflow/.local/lib/python3.7/site-packages/airflow/example_dags/example_complex.py
[2022-07-22 14:13:24,166] {processor.py:641} INFO - Processing file /home/airflow/.local/lib/python3.7/site-packages/airflow/example_dags/example_complex.py for tasks to queue
[2022-07-22 14:13:24,167] {logging_mixin.py:115} INFO - [2022-07-22 14:13:24,167] {dagbag.py:508} INFO - Filling up the DagBag from /home/airflow/.local/lib/python3.7/site-packages/airflow/example_dags/example_complex.py
[2022-07-22 14:13:24,177] {processor.py:651} INFO - DAG(s) dict_keys(['example_complex']) retrieved from /home/airflow/.local/lib/python3.7/site-packages/airflow/example_dags/example_complex.py
[2022-07-22 14:13:24,228] {logging_mixin.py:115} INFO - [2022-07-22 14:13:24,228] {dag.py:2420} INFO - Sync 1 DAGs
[2022-07-22 14:13:24,278] {logging_mixin.py:115} INFO - [2022-07-22 14:13:24,278] {dag.py:2972} INFO - Setting next_dagrun for example_complex to None, run_after=None
[2022-07-22 14:13:24,291] {processor.py:161} INFO - Processing /home/airflow/.local/lib/python3.7/site-packages/airflow/example_dags/example_complex.py took 0.128 seconds
[2022-07-22 14:13:54,409] {processor.py:153} INFO - Started process (PID=628) to work on /home/airflow/.local/lib/python3.7/site-packages/airflow/example_dags/example_complex.py
[2022-07-22 14:13:54,410] {processor.py:641} INFO - Processing file /home/airflow/.local/lib/python3.7/site-packages/airflow/example_dags/example_complex.py for tasks to queue
[2022-07-22 14:13:54,411] {logging_mixin.py:115} INFO - [2022-07-22 14:13:54,411] {dagbag.py:508} INFO - Filling up the DagBag from /home/airflow/.local/lib/python3.7/site-packages/airflow/example_dags/example_complex.py
[2022-07-22 14:13:54,439] {processor.py:651} INFO - DAG(s) dict_keys(['example_complex']) retrieved from /home/airflow/.local/lib/python3.7/site-packages/airflow/example_dags/example_complex.py
[2022-07-22 14:13:54,491] {logging_mixin.py:115} INFO - [2022-07-22 14:13:54,491] {dag.py:2420} INFO - Sync 1 DAGs
[2022-07-22 14:13:54,544] {logging_mixin.py:115} INFO - [2022-07-22 14:13:54,544] {dag.py:2972} INFO - Setting next_dagrun for example_complex to None, run_after=None
[2022-07-22 14:13:54,566] {processor.py:161} INFO - Processing /home/airflow/.local/lib/python3.7/site-packages/airflow/example_dags/example_complex.py took 0.164 seconds
[2022-07-22 14:14:47,081] {processor.py:153} INFO - Started process (PID=224) to work on /home/airflow/.local/lib/python3.7/site-packages/airflow/example_dags/example_complex.py
[2022-07-22 14:14:47,082] {processor.py:641} INFO - Processing file /home/airflow/.local/lib/python3.7/site-packages/airflow/example_dags/example_complex.py for tasks to queue
[2022-07-22 14:14:47,083] {logging_mixin.py:115} INFO - [2022-07-22 14:14:47,083] {dagbag.py:508} INFO - Filling up the DagBag from /home/airflow/.local/lib/python3.7/site-packages/airflow/example_dags/example_complex.py
[2022-07-22 14:14:47,106] {processor.py:651} INFO - DAG(s) dict_keys(['example_complex']) retrieved from /home/airflow/.local/lib/python3.7/site-packages/airflow/example_dags/example_complex.py
[2022-07-22 14:14:47,204] {logging_mixin.py:115} INFO - [2022-07-22 14:14:47,204] {manager.py:508} INFO - Created Permission View: can read on DAG:example_complex
[2022-07-22 14:14:47,214] {logging_mixin.py:115} INFO - [2022-07-22 14:14:47,214] {manager.py:508} INFO - Created Permission View: can edit on DAG:example_complex
[2022-07-22 14:14:47,222] {logging_mixin.py:115} INFO - [2022-07-22 14:14:47,222] {manager.py:508} INFO - Created Permission View: can delete on DAG:example_complex
[2022-07-22 14:14:47,223] {logging_mixin.py:115} INFO - [2022-07-22 14:14:47,223] {dag.py:2420} INFO - Sync 1 DAGs
[2022-07-22 14:14:47,230] {logging_mixin.py:115} INFO - [2022-07-22 14:14:47,230] {dag.py:2439} INFO - Creating ORM DAG for example_complex
[2022-07-22 14:14:47,240] {logging_mixin.py:115} INFO - [2022-07-22 14:14:47,240] {dag.py:2972} INFO - Setting next_dagrun for example_complex to None, run_after=None
[2022-07-22 14:14:47,257] {processor.py:161} INFO - Processing /home/airflow/.local/lib/python3.7/site-packages/airflow/example_dags/example_complex.py took 0.181 seconds
[2022-07-22 14:15:17,358] {processor.py:153} INFO - Started process (PID=438) to work on /home/airflow/.local/lib/python3.7/site-packages/airflow/example_dags/example_complex.py
[2022-07-22 14:15:17,359] {processor.py:641} INFO - Processing file /home/airflow/.local/lib/python3.7/site-packages/airflow/example_dags/example_complex.py for tasks to queue
[2022-07-22 14:15:17,360] {logging_mixin.py:115} INFO - [2022-07-22 14:15:17,360] {dagbag.py:508} INFO - Filling up the DagBag from /home/airflow/.local/lib/python3.7/site-packages/airflow/example_dags/example_complex.py
[2022-07-22 14:15:17,381] {processor.py:651} INFO - DAG(s) dict_keys(['example_complex']) retrieved from /home/airflow/.local/lib/python3.7/site-packages/airflow/example_dags/example_complex.py
[2022-07-22 14:15:17,441] {logging_mixin.py:115} INFO - [2022-07-22 14:15:17,441] {dag.py:2420} INFO - Sync 1 DAGs
[2022-07-22 14:15:17,475] {logging_mixin.py:115} INFO - [2022-07-22 14:15:17,475] {dag.py:2972} INFO - Setting next_dagrun for example_complex to None, run_after=None
[2022-07-22 14:15:17,488] {processor.py:161} INFO - Processing /home/airflow/.local/lib/python3.7/site-packages/airflow/example_dags/example_complex.py took 0.135 seconds
[2022-07-22 14:15:47,625] {processor.py:153} INFO - Started process (PID=640) to work on /home/airflow/.local/lib/python3.7/site-packages/airflow/example_dags/example_complex.py
[2022-07-22 14:15:47,626] {processor.py:641} INFO - Processing file /home/airflow/.local/lib/python3.7/site-packages/airflow/example_dags/example_complex.py for tasks to queue
[2022-07-22 14:15:47,626] {logging_mixin.py:115} INFO - [2022-07-22 14:15:47,626] {dagbag.py:508} INFO - Filling up the DagBag from /home/airflow/.local/lib/python3.7/site-packages/airflow/example_dags/example_complex.py
[2022-07-22 14:15:47,637] {processor.py:651} INFO - DAG(s) dict_keys(['example_complex']) retrieved from /home/airflow/.local/lib/python3.7/site-packages/airflow/example_dags/example_complex.py
[2022-07-22 14:15:47,678] {logging_mixin.py:115} INFO - [2022-07-22 14:15:47,678] {dag.py:2420} INFO - Sync 1 DAGs
[2022-07-22 14:15:47,707] {logging_mixin.py:115} INFO - [2022-07-22 14:15:47,707] {dag.py:2972} INFO - Setting next_dagrun for example_complex to None, run_after=None
[2022-07-22 14:15:47,729] {processor.py:161} INFO - Processing /home/airflow/.local/lib/python3.7/site-packages/airflow/example_dags/example_complex.py took 0.106 seconds
[2022-07-22 14:16:18,141] {processor.py:153} INFO - Started process (PID=843) to work on /home/airflow/.local/lib/python3.7/site-packages/airflow/example_dags/example_complex.py
[2022-07-22 14:16:18,141] {processor.py:641} INFO - Processing file /home/airflow/.local/lib/python3.7/site-packages/airflow/example_dags/example_complex.py for tasks to queue
[2022-07-22 14:16:18,142] {logging_mixin.py:115} INFO - [2022-07-22 14:16:18,142] {dagbag.py:508} INFO - Filling up the DagBag from /home/airflow/.local/lib/python3.7/site-packages/airflow/example_dags/example_complex.py
[2022-07-22 14:16:18,153] {processor.py:651} INFO - DAG(s) dict_keys(['example_complex']) retrieved from /home/airflow/.local/lib/python3.7/site-packages/airflow/example_dags/example_complex.py
[2022-07-22 14:16:18,213] {logging_mixin.py:115} INFO - [2022-07-22 14:16:18,212] {dag.py:2420} INFO - Sync 1 DAGs
[2022-07-22 14:16:18,252] {logging_mixin.py:115} INFO - [2022-07-22 14:16:18,252] {dag.py:2972} INFO - Setting next_dagrun for example_complex to None, run_after=None
[2022-07-22 14:16:18,270] {processor.py:161} INFO - Processing /home/airflow/.local/lib/python3.7/site-packages/airflow/example_dags/example_complex.py took 0.133 seconds
[2022-07-22 14:16:48,591] {processor.py:153} INFO - Started process (PID=1045) to work on /home/airflow/.local/lib/python3.7/site-packages/airflow/example_dags/example_complex.py
[2022-07-22 14:16:48,592] {processor.py:641} INFO - Processing file /home/airflow/.local/lib/python3.7/site-packages/airflow/example_dags/example_complex.py for tasks to queue
[2022-07-22 14:16:48,592] {logging_mixin.py:115} INFO - [2022-07-22 14:16:48,592] {dagbag.py:508} INFO - Filling up the DagBag from /home/airflow/.local/lib/python3.7/site-packages/airflow/example_dags/example_complex.py
[2022-07-22 14:16:48,602] {processor.py:651} INFO - DAG(s) dict_keys(['example_complex']) retrieved from /home/airflow/.local/lib/python3.7/site-packages/airflow/example_dags/example_complex.py
[2022-07-22 14:16:48,654] {logging_mixin.py:115} INFO - [2022-07-22 14:16:48,654] {dag.py:2420} INFO - Sync 1 DAGs
[2022-07-22 14:16:48,702] {logging_mixin.py:115} INFO - [2022-07-22 14:16:48,702] {dag.py:2972} INFO - Setting next_dagrun for example_complex to None, run_after=None
[2022-07-22 14:16:48,731] {processor.py:161} INFO - Processing /home/airflow/.local/lib/python3.7/site-packages/airflow/example_dags/example_complex.py took 0.142 seconds
[2022-07-22 14:17:18,904] {processor.py:153} INFO - Started process (PID=1247) to work on /home/airflow/.local/lib/python3.7/site-packages/airflow/example_dags/example_complex.py
[2022-07-22 14:17:18,905] {processor.py:641} INFO - Processing file /home/airflow/.local/lib/python3.7/site-packages/airflow/example_dags/example_complex.py for tasks to queue
[2022-07-22 14:17:18,906] {logging_mixin.py:115} INFO - [2022-07-22 14:17:18,906] {dagbag.py:508} INFO - Filling up the DagBag from /home/airflow/.local/lib/python3.7/site-packages/airflow/example_dags/example_complex.py
[2022-07-22 14:17:18,937] {processor.py:651} INFO - DAG(s) dict_keys(['example_complex']) retrieved from /home/airflow/.local/lib/python3.7/site-packages/airflow/example_dags/example_complex.py
[2022-07-22 14:17:18,995] {logging_mixin.py:115} INFO - [2022-07-22 14:17:18,995] {dag.py:2420} INFO - Sync 1 DAGs
[2022-07-22 14:17:19,042] {logging_mixin.py:115} INFO - [2022-07-22 14:17:19,042] {dag.py:2972} INFO - Setting next_dagrun for example_complex to None, run_after=None
[2022-07-22 14:17:19,068] {processor.py:161} INFO - Processing /home/airflow/.local/lib/python3.7/site-packages/airflow/example_dags/example_complex.py took 0.171 seconds
[2022-07-22 14:17:49,967] {processor.py:153} INFO - Started process (PID=1440) to work on /home/airflow/.local/lib/python3.7/site-packages/airflow/example_dags/example_complex.py
[2022-07-22 14:17:49,969] {processor.py:641} INFO - Processing file /home/airflow/.local/lib/python3.7/site-packages/airflow/example_dags/example_complex.py for tasks to queue
[2022-07-22 14:17:49,970] {logging_mixin.py:115} INFO - [2022-07-22 14:17:49,970] {dagbag.py:508} INFO - Filling up the DagBag from /home/airflow/.local/lib/python3.7/site-packages/airflow/example_dags/example_complex.py
[2022-07-22 14:17:49,985] {processor.py:651} INFO - DAG(s) dict_keys(['example_complex']) retrieved from /home/airflow/.local/lib/python3.7/site-packages/airflow/example_dags/example_complex.py
[2022-07-22 14:17:50,011] {logging_mixin.py:115} INFO - [2022-07-22 14:17:50,011] {dag.py:2420} INFO - Sync 1 DAGs
[2022-07-22 14:17:50,035] {logging_mixin.py:115} INFO - [2022-07-22 14:17:50,035] {dag.py:2972} INFO - Setting next_dagrun for example_complex to None, run_after=None
[2022-07-22 14:17:50,056] {processor.py:161} INFO - Processing /home/airflow/.local/lib/python3.7/site-packages/airflow/example_dags/example_complex.py took 0.095 seconds
[2022-07-22 14:18:21,323] {processor.py:153} INFO - Started process (PID=1643) to work on /home/airflow/.local/lib/python3.7/site-packages/airflow/example_dags/example_complex.py
[2022-07-22 14:18:21,324] {processor.py:641} INFO - Processing file /home/airflow/.local/lib/python3.7/site-packages/airflow/example_dags/example_complex.py for tasks to queue
[2022-07-22 14:18:21,326] {logging_mixin.py:115} INFO - [2022-07-22 14:18:21,325] {dagbag.py:508} INFO - Filling up the DagBag from /home/airflow/.local/lib/python3.7/site-packages/airflow/example_dags/example_complex.py
[2022-07-22 14:18:21,353] {processor.py:651} INFO - DAG(s) dict_keys(['example_complex']) retrieved from /home/airflow/.local/lib/python3.7/site-packages/airflow/example_dags/example_complex.py
[2022-07-22 14:18:21,416] {logging_mixin.py:115} INFO - [2022-07-22 14:18:21,416] {dag.py:2420} INFO - Sync 1 DAGs
[2022-07-22 14:18:21,455] {logging_mixin.py:115} INFO - [2022-07-22 14:18:21,455] {dag.py:2972} INFO - Setting next_dagrun for example_complex to None, run_after=None
[2022-07-22 14:18:21,474] {processor.py:161} INFO - Processing /home/airflow/.local/lib/python3.7/site-packages/airflow/example_dags/example_complex.py took 0.158 seconds
[2022-07-22 14:18:51,616] {processor.py:153} INFO - Started process (PID=1843) to work on /home/airflow/.local/lib/python3.7/site-packages/airflow/example_dags/example_complex.py
[2022-07-22 14:18:51,618] {processor.py:641} INFO - Processing file /home/airflow/.local/lib/python3.7/site-packages/airflow/example_dags/example_complex.py for tasks to queue
[2022-07-22 14:18:51,618] {logging_mixin.py:115} INFO - [2022-07-22 14:18:51,618] {dagbag.py:508} INFO - Filling up the DagBag from /home/airflow/.local/lib/python3.7/site-packages/airflow/example_dags/example_complex.py
[2022-07-22 14:18:51,629] {processor.py:651} INFO - DAG(s) dict_keys(['example_complex']) retrieved from /home/airflow/.local/lib/python3.7/site-packages/airflow/example_dags/example_complex.py
[2022-07-22 14:18:51,680] {logging_mixin.py:115} INFO - [2022-07-22 14:18:51,680] {dag.py:2420} INFO - Sync 1 DAGs
[2022-07-22 14:18:51,703] {logging_mixin.py:115} INFO - [2022-07-22 14:18:51,703] {dag.py:2972} INFO - Setting next_dagrun for example_complex to None, run_after=None
[2022-07-22 14:18:51,724] {processor.py:161} INFO - Processing /home/airflow/.local/lib/python3.7/site-packages/airflow/example_dags/example_complex.py took 0.110 seconds
[2022-07-22 14:19:21,828] {processor.py:153} INFO - Started process (PID=2045) to work on /home/airflow/.local/lib/python3.7/site-packages/airflow/example_dags/example_complex.py
[2022-07-22 14:19:21,829] {processor.py:641} INFO - Processing file /home/airflow/.local/lib/python3.7/site-packages/airflow/example_dags/example_complex.py for tasks to queue
[2022-07-22 14:19:21,830] {logging_mixin.py:115} INFO - [2022-07-22 14:19:21,829] {dagbag.py:508} INFO - Filling up the DagBag from /home/airflow/.local/lib/python3.7/site-packages/airflow/example_dags/example_complex.py
[2022-07-22 14:19:21,845] {processor.py:651} INFO - DAG(s) dict_keys(['example_complex']) retrieved from /home/airflow/.local/lib/python3.7/site-packages/airflow/example_dags/example_complex.py
[2022-07-22 14:19:21,876] {logging_mixin.py:115} INFO - [2022-07-22 14:19:21,876] {dag.py:2420} INFO - Sync 1 DAGs
[2022-07-22 14:19:21,900] {logging_mixin.py:115} INFO - [2022-07-22 14:19:21,900] {dag.py:2972} INFO - Setting next_dagrun for example_complex to None, run_after=None
[2022-07-22 14:19:21,920] {processor.py:161} INFO - Processing /home/airflow/.local/lib/python3.7/site-packages/airflow/example_dags/example_complex.py took 0.095 seconds
[2022-07-22 14:19:52,359] {processor.py:153} INFO - Started process (PID=2240) to work on /home/airflow/.local/lib/python3.7/site-packages/airflow/example_dags/example_complex.py
[2022-07-22 14:19:52,359] {processor.py:641} INFO - Processing file /home/airflow/.local/lib/python3.7/site-packages/airflow/example_dags/example_complex.py for tasks to queue
[2022-07-22 14:19:52,360] {logging_mixin.py:115} INFO - [2022-07-22 14:19:52,360] {dagbag.py:508} INFO - Filling up the DagBag from /home/airflow/.local/lib/python3.7/site-packages/airflow/example_dags/example_complex.py
[2022-07-22 14:19:52,369] {processor.py:651} INFO - DAG(s) dict_keys(['example_complex']) retrieved from /home/airflow/.local/lib/python3.7/site-packages/airflow/example_dags/example_complex.py
[2022-07-22 14:19:52,429] {logging_mixin.py:115} INFO - [2022-07-22 14:19:52,429] {dag.py:2420} INFO - Sync 1 DAGs
[2022-07-22 14:19:52,468] {logging_mixin.py:115} INFO - [2022-07-22 14:19:52,468] {dag.py:2972} INFO - Setting next_dagrun for example_complex to None, run_after=None
[2022-07-22 14:19:52,479] {processor.py:161} INFO - Processing /home/airflow/.local/lib/python3.7/site-packages/airflow/example_dags/example_complex.py took 0.122 seconds
[2022-07-22 14:20:22,689] {processor.py:153} INFO - Started process (PID=2442) to work on /home/airflow/.local/lib/python3.7/site-packages/airflow/example_dags/example_complex.py
[2022-07-22 14:20:22,690] {processor.py:641} INFO - Processing file /home/airflow/.local/lib/python3.7/site-packages/airflow/example_dags/example_complex.py for tasks to queue
[2022-07-22 14:20:22,691] {logging_mixin.py:115} INFO - [2022-07-22 14:20:22,691] {dagbag.py:508} INFO - Filling up the DagBag from /home/airflow/.local/lib/python3.7/site-packages/airflow/example_dags/example_complex.py
[2022-07-22 14:20:22,718] {processor.py:651} INFO - DAG(s) dict_keys(['example_complex']) retrieved from /home/airflow/.local/lib/python3.7/site-packages/airflow/example_dags/example_complex.py
[2022-07-22 14:20:22,779] {logging_mixin.py:115} INFO - [2022-07-22 14:20:22,779] {dag.py:2420} INFO - Sync 1 DAGs
[2022-07-22 14:20:22,799] {logging_mixin.py:115} INFO - [2022-07-22 14:20:22,799] {dag.py:2972} INFO - Setting next_dagrun for example_complex to None, run_after=None
[2022-07-22 14:20:22,810] {processor.py:161} INFO - Processing /home/airflow/.local/lib/python3.7/site-packages/airflow/example_dags/example_complex.py took 0.127 seconds
[2022-07-22 14:20:53,219] {processor.py:153} INFO - Started process (PID=2644) to work on /home/airflow/.local/lib/python3.7/site-packages/airflow/example_dags/example_complex.py
[2022-07-22 14:20:53,220] {processor.py:641} INFO - Processing file /home/airflow/.local/lib/python3.7/site-packages/airflow/example_dags/example_complex.py for tasks to queue
[2022-07-22 14:20:53,221] {logging_mixin.py:115} INFO - [2022-07-22 14:20:53,221] {dagbag.py:508} INFO - Filling up the DagBag from /home/airflow/.local/lib/python3.7/site-packages/airflow/example_dags/example_complex.py
[2022-07-22 14:20:53,234] {processor.py:651} INFO - DAG(s) dict_keys(['example_complex']) retrieved from /home/airflow/.local/lib/python3.7/site-packages/airflow/example_dags/example_complex.py
[2022-07-22 14:20:53,276] {logging_mixin.py:115} INFO - [2022-07-22 14:20:53,276] {dag.py:2420} INFO - Sync 1 DAGs
[2022-07-22 14:20:53,319] {logging_mixin.py:115} INFO - [2022-07-22 14:20:53,318] {dag.py:2972} INFO - Setting next_dagrun for example_complex to None, run_after=None
[2022-07-22 14:20:53,341] {processor.py:161} INFO - Processing /home/airflow/.local/lib/python3.7/site-packages/airflow/example_dags/example_complex.py took 0.126 seconds
[2022-07-22 14:21:23,618] {processor.py:153} INFO - Started process (PID=2835) to work on /home/airflow/.local/lib/python3.7/site-packages/airflow/example_dags/example_complex.py
[2022-07-22 14:21:23,620] {processor.py:641} INFO - Processing file /home/airflow/.local/lib/python3.7/site-packages/airflow/example_dags/example_complex.py for tasks to queue
[2022-07-22 14:21:23,621] {logging_mixin.py:115} INFO - [2022-07-22 14:21:23,621] {dagbag.py:508} INFO - Filling up the DagBag from /home/airflow/.local/lib/python3.7/site-packages/airflow/example_dags/example_complex.py
[2022-07-22 14:21:23,630] {processor.py:651} INFO - DAG(s) dict_keys(['example_complex']) retrieved from /home/airflow/.local/lib/python3.7/site-packages/airflow/example_dags/example_complex.py
[2022-07-22 14:21:23,697] {logging_mixin.py:115} INFO - [2022-07-22 14:21:23,697] {dag.py:2420} INFO - Sync 1 DAGs
[2022-07-22 14:21:23,731] {logging_mixin.py:115} INFO - [2022-07-22 14:21:23,731] {dag.py:2972} INFO - Setting next_dagrun for example_complex to None, run_after=None
[2022-07-22 14:21:23,742] {processor.py:161} INFO - Processing /home/airflow/.local/lib/python3.7/site-packages/airflow/example_dags/example_complex.py took 0.133 seconds
[2022-07-22 14:21:54,668] {processor.py:153} INFO - Started process (PID=3037) to work on /home/airflow/.local/lib/python3.7/site-packages/airflow/example_dags/example_complex.py
[2022-07-22 14:21:54,669] {processor.py:641} INFO - Processing file /home/airflow/.local/lib/python3.7/site-packages/airflow/example_dags/example_complex.py for tasks to queue
[2022-07-22 14:21:54,669] {logging_mixin.py:115} INFO - [2022-07-22 14:21:54,669] {dagbag.py:508} INFO - Filling up the DagBag from /home/airflow/.local/lib/python3.7/site-packages/airflow/example_dags/example_complex.py
[2022-07-22 14:21:54,679] {processor.py:651} INFO - DAG(s) dict_keys(['example_complex']) retrieved from /home/airflow/.local/lib/python3.7/site-packages/airflow/example_dags/example_complex.py
[2022-07-22 14:21:54,731] {logging_mixin.py:115} INFO - [2022-07-22 14:21:54,731] {dag.py:2420} INFO - Sync 1 DAGs
[2022-07-22 14:21:54,767] {logging_mixin.py:115} INFO - [2022-07-22 14:21:54,767] {dag.py:2972} INFO - Setting next_dagrun for example_complex to None, run_after=None
[2022-07-22 14:21:54,779] {processor.py:161} INFO - Processing /home/airflow/.local/lib/python3.7/site-packages/airflow/example_dags/example_complex.py took 0.113 seconds
[2022-07-22 14:22:25,188] {processor.py:153} INFO - Started process (PID=3239) to work on /home/airflow/.local/lib/python3.7/site-packages/airflow/example_dags/example_complex.py
[2022-07-22 14:22:25,189] {processor.py:641} INFO - Processing file /home/airflow/.local/lib/python3.7/site-packages/airflow/example_dags/example_complex.py for tasks to queue
[2022-07-22 14:22:25,190] {logging_mixin.py:115} INFO - [2022-07-22 14:22:25,190] {dagbag.py:508} INFO - Filling up the DagBag from /home/airflow/.local/lib/python3.7/site-packages/airflow/example_dags/example_complex.py
[2022-07-22 14:22:25,220] {processor.py:651} INFO - DAG(s) dict_keys(['example_complex']) retrieved from /home/airflow/.local/lib/python3.7/site-packages/airflow/example_dags/example_complex.py
[2022-07-22 14:22:25,287] {logging_mixin.py:115} INFO - [2022-07-22 14:22:25,286] {dag.py:2420} INFO - Sync 1 DAGs
[2022-07-22 14:22:25,317] {logging_mixin.py:115} INFO - [2022-07-22 14:22:25,317] {dag.py:2972} INFO - Setting next_dagrun for example_complex to None, run_after=None
[2022-07-22 14:22:25,332] {processor.py:161} INFO - Processing /home/airflow/.local/lib/python3.7/site-packages/airflow/example_dags/example_complex.py took 0.150 seconds
[2022-07-22 14:22:55,560] {processor.py:153} INFO - Started process (PID=3432) to work on /home/airflow/.local/lib/python3.7/site-packages/airflow/example_dags/example_complex.py
[2022-07-22 14:22:55,561] {processor.py:641} INFO - Processing file /home/airflow/.local/lib/python3.7/site-packages/airflow/example_dags/example_complex.py for tasks to queue
[2022-07-22 14:22:55,561] {logging_mixin.py:115} INFO - [2022-07-22 14:22:55,561] {dagbag.py:508} INFO - Filling up the DagBag from /home/airflow/.local/lib/python3.7/site-packages/airflow/example_dags/example_complex.py
[2022-07-22 14:22:55,574] {processor.py:651} INFO - DAG(s) dict_keys(['example_complex']) retrieved from /home/airflow/.local/lib/python3.7/site-packages/airflow/example_dags/example_complex.py
[2022-07-22 14:22:55,603] {logging_mixin.py:115} INFO - [2022-07-22 14:22:55,603] {dag.py:2420} INFO - Sync 1 DAGs
[2022-07-22 14:22:55,629] {logging_mixin.py:115} INFO - [2022-07-22 14:22:55,629] {dag.py:2972} INFO - Setting next_dagrun for example_complex to None, run_after=None
[2022-07-22 14:22:55,643] {processor.py:161} INFO - Processing /home/airflow/.local/lib/python3.7/site-packages/airflow/example_dags/example_complex.py took 0.087 seconds
[2022-07-22 14:23:26,009] {processor.py:153} INFO - Started process (PID=3633) to work on /home/airflow/.local/lib/python3.7/site-packages/airflow/example_dags/example_complex.py
[2022-07-22 14:23:26,010] {processor.py:641} INFO - Processing file /home/airflow/.local/lib/python3.7/site-packages/airflow/example_dags/example_complex.py for tasks to queue
[2022-07-22 14:23:26,011] {logging_mixin.py:115} INFO - [2022-07-22 14:23:26,011] {dagbag.py:508} INFO - Filling up the DagBag from /home/airflow/.local/lib/python3.7/site-packages/airflow/example_dags/example_complex.py
[2022-07-22 14:23:26,038] {processor.py:651} INFO - DAG(s) dict_keys(['example_complex']) retrieved from /home/airflow/.local/lib/python3.7/site-packages/airflow/example_dags/example_complex.py
[2022-07-22 14:23:26,106] {logging_mixin.py:115} INFO - [2022-07-22 14:23:26,106] {dag.py:2420} INFO - Sync 1 DAGs
[2022-07-22 14:23:26,133] {logging_mixin.py:115} INFO - [2022-07-22 14:23:26,133] {dag.py:2972} INFO - Setting next_dagrun for example_complex to None, run_after=None
[2022-07-22 14:23:26,148] {processor.py:161} INFO - Processing /home/airflow/.local/lib/python3.7/site-packages/airflow/example_dags/example_complex.py took 0.145 seconds
[2022-07-22 14:23:56,305] {processor.py:153} INFO - Started process (PID=3835) to work on /home/airflow/.local/lib/python3.7/site-packages/airflow/example_dags/example_complex.py
[2022-07-22 14:23:56,306] {processor.py:641} INFO - Processing file /home/airflow/.local/lib/python3.7/site-packages/airflow/example_dags/example_complex.py for tasks to queue
[2022-07-22 14:23:56,307] {logging_mixin.py:115} INFO - [2022-07-22 14:23:56,307] {dagbag.py:508} INFO - Filling up the DagBag from /home/airflow/.local/lib/python3.7/site-packages/airflow/example_dags/example_complex.py
[2022-07-22 14:23:56,348] {processor.py:651} INFO - DAG(s) dict_keys(['example_complex']) retrieved from /home/airflow/.local/lib/python3.7/site-packages/airflow/example_dags/example_complex.py
[2022-07-22 14:23:56,404] {logging_mixin.py:115} INFO - [2022-07-22 14:23:56,403] {dag.py:2420} INFO - Sync 1 DAGs
[2022-07-22 14:23:56,442] {logging_mixin.py:115} INFO - [2022-07-22 14:23:56,442] {dag.py:2972} INFO - Setting next_dagrun for example_complex to None, run_after=None
[2022-07-22 14:23:56,452] {processor.py:161} INFO - Processing /home/airflow/.local/lib/python3.7/site-packages/airflow/example_dags/example_complex.py took 0.154 seconds
[2022-07-22 14:24:26,811] {processor.py:153} INFO - Started process (PID=4028) to work on /home/airflow/.local/lib/python3.7/site-packages/airflow/example_dags/example_complex.py
[2022-07-22 14:24:26,812] {processor.py:641} INFO - Processing file /home/airflow/.local/lib/python3.7/site-packages/airflow/example_dags/example_complex.py for tasks to queue
[2022-07-22 14:24:26,814] {logging_mixin.py:115} INFO - [2022-07-22 14:24:26,814] {dagbag.py:508} INFO - Filling up the DagBag from /home/airflow/.local/lib/python3.7/site-packages/airflow/example_dags/example_complex.py
[2022-07-22 14:24:26,846] {processor.py:651} INFO - DAG(s) dict_keys(['example_complex']) retrieved from /home/airflow/.local/lib/python3.7/site-packages/airflow/example_dags/example_complex.py
[2022-07-22 14:24:26,909] {logging_mixin.py:115} INFO - [2022-07-22 14:24:26,909] {dag.py:2420} INFO - Sync 1 DAGs
[2022-07-22 14:24:26,951] {logging_mixin.py:115} INFO - [2022-07-22 14:24:26,951] {dag.py:2972} INFO - Setting next_dagrun for example_complex to None, run_after=None
[2022-07-22 14:24:26,971] {processor.py:161} INFO - Processing /home/airflow/.local/lib/python3.7/site-packages/airflow/example_dags/example_complex.py took 0.166 seconds
[2022-07-22 14:24:57,278] {processor.py:153} INFO - Started process (PID=4229) to work on /home/airflow/.local/lib/python3.7/site-packages/airflow/example_dags/example_complex.py
[2022-07-22 14:24:57,279] {processor.py:641} INFO - Processing file /home/airflow/.local/lib/python3.7/site-packages/airflow/example_dags/example_complex.py for tasks to queue
[2022-07-22 14:24:57,280] {logging_mixin.py:115} INFO - [2022-07-22 14:24:57,280] {dagbag.py:508} INFO - Filling up the DagBag from /home/airflow/.local/lib/python3.7/site-packages/airflow/example_dags/example_complex.py
[2022-07-22 14:24:57,301] {processor.py:651} INFO - DAG(s) dict_keys(['example_complex']) retrieved from /home/airflow/.local/lib/python3.7/site-packages/airflow/example_dags/example_complex.py
[2022-07-22 14:24:57,330] {logging_mixin.py:115} INFO - [2022-07-22 14:24:57,330] {dag.py:2420} INFO - Sync 1 DAGs
[2022-07-22 14:24:57,362] {logging_mixin.py:115} INFO - [2022-07-22 14:24:57,362] {dag.py:2972} INFO - Setting next_dagrun for example_complex to None, run_after=None
[2022-07-22 14:24:57,373] {processor.py:161} INFO - Processing /home/airflow/.local/lib/python3.7/site-packages/airflow/example_dags/example_complex.py took 0.100 seconds
[2022-07-22 14:25:27,529] {processor.py:153} INFO - Started process (PID=4434) to work on /home/airflow/.local/lib/python3.7/site-packages/airflow/example_dags/example_complex.py
[2022-07-22 14:25:27,530] {processor.py:641} INFO - Processing file /home/airflow/.local/lib/python3.7/site-packages/airflow/example_dags/example_complex.py for tasks to queue
[2022-07-22 14:25:27,530] {logging_mixin.py:115} INFO - [2022-07-22 14:25:27,530] {dagbag.py:508} INFO - Filling up the DagBag from /home/airflow/.local/lib/python3.7/site-packages/airflow/example_dags/example_complex.py
[2022-07-22 14:25:27,556] {processor.py:651} INFO - DAG(s) dict_keys(['example_complex']) retrieved from /home/airflow/.local/lib/python3.7/site-packages/airflow/example_dags/example_complex.py
[2022-07-22 14:25:27,611] {logging_mixin.py:115} INFO - [2022-07-22 14:25:27,611] {dag.py:2420} INFO - Sync 1 DAGs
[2022-07-22 14:25:27,651] {logging_mixin.py:115} INFO - [2022-07-22 14:25:27,650] {dag.py:2972} INFO - Setting next_dagrun for example_complex to None, run_after=None
[2022-07-22 14:25:27,665] {processor.py:161} INFO - Processing /home/airflow/.local/lib/python3.7/site-packages/airflow/example_dags/example_complex.py took 0.141 seconds
[2022-07-22 14:25:58,057] {processor.py:153} INFO - Started process (PID=4632) to work on /home/airflow/.local/lib/python3.7/site-packages/airflow/example_dags/example_complex.py
[2022-07-22 14:25:58,058] {processor.py:641} INFO - Processing file /home/airflow/.local/lib/python3.7/site-packages/airflow/example_dags/example_complex.py for tasks to queue
[2022-07-22 14:25:58,059] {logging_mixin.py:115} INFO - [2022-07-22 14:25:58,059] {dagbag.py:508} INFO - Filling up the DagBag from /home/airflow/.local/lib/python3.7/site-packages/airflow/example_dags/example_complex.py
[2022-07-22 14:25:58,081] {processor.py:651} INFO - DAG(s) dict_keys(['example_complex']) retrieved from /home/airflow/.local/lib/python3.7/site-packages/airflow/example_dags/example_complex.py
[2022-07-22 14:25:58,125] {logging_mixin.py:115} INFO - [2022-07-22 14:25:58,125] {dag.py:2420} INFO - Sync 1 DAGs
[2022-07-22 14:25:58,150] {logging_mixin.py:115} INFO - [2022-07-22 14:25:58,149] {dag.py:2972} INFO - Setting next_dagrun for example_complex to None, run_after=None
[2022-07-22 14:25:58,163] {processor.py:161} INFO - Processing /home/airflow/.local/lib/python3.7/site-packages/airflow/example_dags/example_complex.py took 0.114 seconds
[2022-07-22 14:26:28,783] {processor.py:153} INFO - Started process (PID=4827) to work on /home/airflow/.local/lib/python3.7/site-packages/airflow/example_dags/example_complex.py
[2022-07-22 14:26:28,784] {processor.py:641} INFO - Processing file /home/airflow/.local/lib/python3.7/site-packages/airflow/example_dags/example_complex.py for tasks to queue
[2022-07-22 14:26:28,785] {logging_mixin.py:115} INFO - [2022-07-22 14:26:28,785] {dagbag.py:508} INFO - Filling up the DagBag from /home/airflow/.local/lib/python3.7/site-packages/airflow/example_dags/example_complex.py
[2022-07-22 14:26:28,798] {processor.py:651} INFO - DAG(s) dict_keys(['example_complex']) retrieved from /home/airflow/.local/lib/python3.7/site-packages/airflow/example_dags/example_complex.py
[2022-07-22 14:26:28,837] {logging_mixin.py:115} INFO - [2022-07-22 14:26:28,837] {dag.py:2420} INFO - Sync 1 DAGs
[2022-07-22 14:26:28,872] {logging_mixin.py:115} INFO - [2022-07-22 14:26:28,872] {dag.py:2972} INFO - Setting next_dagrun for example_complex to None, run_after=None
[2022-07-22 14:26:28,887] {processor.py:161} INFO - Processing /home/airflow/.local/lib/python3.7/site-packages/airflow/example_dags/example_complex.py took 0.111 seconds
[2022-07-22 14:26:59,496] {processor.py:153} INFO - Started process (PID=5030) to work on /home/airflow/.local/lib/python3.7/site-packages/airflow/example_dags/example_complex.py
[2022-07-22 14:26:59,497] {processor.py:641} INFO - Processing file /home/airflow/.local/lib/python3.7/site-packages/airflow/example_dags/example_complex.py for tasks to queue
[2022-07-22 14:26:59,498] {logging_mixin.py:115} INFO - [2022-07-22 14:26:59,498] {dagbag.py:508} INFO - Filling up the DagBag from /home/airflow/.local/lib/python3.7/site-packages/airflow/example_dags/example_complex.py
[2022-07-22 14:26:59,511] {processor.py:651} INFO - DAG(s) dict_keys(['example_complex']) retrieved from /home/airflow/.local/lib/python3.7/site-packages/airflow/example_dags/example_complex.py
[2022-07-22 14:26:59,540] {logging_mixin.py:115} INFO - [2022-07-22 14:26:59,540] {dag.py:2420} INFO - Sync 1 DAGs
[2022-07-22 14:26:59,562] {logging_mixin.py:115} INFO - [2022-07-22 14:26:59,562] {dag.py:2972} INFO - Setting next_dagrun for example_complex to None, run_after=None
[2022-07-22 14:26:59,582] {processor.py:161} INFO - Processing /home/airflow/.local/lib/python3.7/site-packages/airflow/example_dags/example_complex.py took 0.090 seconds
[2022-07-22 14:27:30,044] {processor.py:153} INFO - Started process (PID=5232) to work on /home/airflow/.local/lib/python3.7/site-packages/airflow/example_dags/example_complex.py
[2022-07-22 14:27:30,044] {processor.py:641} INFO - Processing file /home/airflow/.local/lib/python3.7/site-packages/airflow/example_dags/example_complex.py for tasks to queue
[2022-07-22 14:27:30,045] {logging_mixin.py:115} INFO - [2022-07-22 14:27:30,045] {dagbag.py:508} INFO - Filling up the DagBag from /home/airflow/.local/lib/python3.7/site-packages/airflow/example_dags/example_complex.py
[2022-07-22 14:27:30,056] {processor.py:651} INFO - DAG(s) dict_keys(['example_complex']) retrieved from /home/airflow/.local/lib/python3.7/site-packages/airflow/example_dags/example_complex.py
[2022-07-22 14:27:30,091] {logging_mixin.py:115} INFO - [2022-07-22 14:27:30,091] {dag.py:2420} INFO - Sync 1 DAGs
[2022-07-22 14:27:30,126] {logging_mixin.py:115} INFO - [2022-07-22 14:27:30,126] {dag.py:2972} INFO - Setting next_dagrun for example_complex to None, run_after=None
[2022-07-22 14:27:30,141] {processor.py:161} INFO - Processing /home/airflow/.local/lib/python3.7/site-packages/airflow/example_dags/example_complex.py took 0.100 seconds
[2022-07-22 14:28:01,062] {processor.py:153} INFO - Started process (PID=5425) to work on /home/airflow/.local/lib/python3.7/site-packages/airflow/example_dags/example_complex.py
[2022-07-22 14:28:01,062] {processor.py:641} INFO - Processing file /home/airflow/.local/lib/python3.7/site-packages/airflow/example_dags/example_complex.py for tasks to queue
[2022-07-22 14:28:01,063] {logging_mixin.py:115} INFO - [2022-07-22 14:28:01,063] {dagbag.py:508} INFO - Filling up the DagBag from /home/airflow/.local/lib/python3.7/site-packages/airflow/example_dags/example_complex.py
[2022-07-22 14:28:01,091] {processor.py:651} INFO - DAG(s) dict_keys(['example_complex']) retrieved from /home/airflow/.local/lib/python3.7/site-packages/airflow/example_dags/example_complex.py
[2022-07-22 14:28:01,147] {logging_mixin.py:115} INFO - [2022-07-22 14:28:01,147] {dag.py:2420} INFO - Sync 1 DAGs
[2022-07-22 14:28:01,168] {logging_mixin.py:115} INFO - [2022-07-22 14:28:01,168] {dag.py:2972} INFO - Setting next_dagrun for example_complex to None, run_after=None
[2022-07-22 14:28:01,179] {processor.py:161} INFO - Processing /home/airflow/.local/lib/python3.7/site-packages/airflow/example_dags/example_complex.py took 0.123 seconds
[2022-07-22 14:28:31,385] {processor.py:153} INFO - Started process (PID=5627) to work on /home/airflow/.local/lib/python3.7/site-packages/airflow/example_dags/example_complex.py
[2022-07-22 14:28:31,387] {processor.py:641} INFO - Processing file /home/airflow/.local/lib/python3.7/site-packages/airflow/example_dags/example_complex.py for tasks to queue
[2022-07-22 14:28:31,389] {logging_mixin.py:115} INFO - [2022-07-22 14:28:31,389] {dagbag.py:508} INFO - Filling up the DagBag from /home/airflow/.local/lib/python3.7/site-packages/airflow/example_dags/example_complex.py
[2022-07-22 14:28:31,402] {processor.py:651} INFO - DAG(s) dict_keys(['example_complex']) retrieved from /home/airflow/.local/lib/python3.7/site-packages/airflow/example_dags/example_complex.py
[2022-07-22 14:28:31,447] {logging_mixin.py:115} INFO - [2022-07-22 14:28:31,446] {dag.py:2420} INFO - Sync 1 DAGs
[2022-07-22 14:28:31,481] {logging_mixin.py:115} INFO - [2022-07-22 14:28:31,481] {dag.py:2972} INFO - Setting next_dagrun for example_complex to None, run_after=None
[2022-07-22 14:28:31,492] {processor.py:161} INFO - Processing /home/airflow/.local/lib/python3.7/site-packages/airflow/example_dags/example_complex.py took 0.112 seconds
[2022-07-22 14:29:50,809] {processor.py:153} INFO - Started process (PID=224) to work on /home/airflow/.local/lib/python3.7/site-packages/airflow/example_dags/example_complex.py
[2022-07-22 14:29:50,809] {processor.py:641} INFO - Processing file /home/airflow/.local/lib/python3.7/site-packages/airflow/example_dags/example_complex.py for tasks to queue
[2022-07-22 14:29:50,810] {logging_mixin.py:115} INFO - [2022-07-22 14:29:50,810] {dagbag.py:508} INFO - Filling up the DagBag from /home/airflow/.local/lib/python3.7/site-packages/airflow/example_dags/example_complex.py
[2022-07-22 14:29:50,826] {processor.py:651} INFO - DAG(s) dict_keys(['example_complex']) retrieved from /home/airflow/.local/lib/python3.7/site-packages/airflow/example_dags/example_complex.py
[2022-07-22 14:29:50,863] {logging_mixin.py:115} INFO - [2022-07-22 14:29:50,862] {dag.py:2420} INFO - Sync 1 DAGs
[2022-07-22 14:29:50,911] {logging_mixin.py:115} INFO - [2022-07-22 14:29:50,911] {dag.py:2972} INFO - Setting next_dagrun for example_complex to None, run_after=None
[2022-07-22 14:29:50,931] {processor.py:161} INFO - Processing /home/airflow/.local/lib/python3.7/site-packages/airflow/example_dags/example_complex.py took 0.126 seconds
[2022-07-22 14:30:21,708] {processor.py:153} INFO - Started process (PID=436) to work on /home/airflow/.local/lib/python3.7/site-packages/airflow/example_dags/example_complex.py
[2022-07-22 14:30:21,708] {processor.py:641} INFO - Processing file /home/airflow/.local/lib/python3.7/site-packages/airflow/example_dags/example_complex.py for tasks to queue
[2022-07-22 14:30:21,709] {logging_mixin.py:115} INFO - [2022-07-22 14:30:21,709] {dagbag.py:508} INFO - Filling up the DagBag from /home/airflow/.local/lib/python3.7/site-packages/airflow/example_dags/example_complex.py
[2022-07-22 14:30:21,719] {processor.py:651} INFO - DAG(s) dict_keys(['example_complex']) retrieved from /home/airflow/.local/lib/python3.7/site-packages/airflow/example_dags/example_complex.py
[2022-07-22 14:30:21,745] {logging_mixin.py:115} INFO - [2022-07-22 14:30:21,745] {dag.py:2420} INFO - Sync 1 DAGs
[2022-07-22 14:30:21,784] {logging_mixin.py:115} INFO - [2022-07-22 14:30:21,784] {dag.py:2972} INFO - Setting next_dagrun for example_complex to None, run_after=None
[2022-07-22 14:30:21,808] {processor.py:161} INFO - Processing /home/airflow/.local/lib/python3.7/site-packages/airflow/example_dags/example_complex.py took 0.103 seconds
[2022-07-22 14:30:52,442] {processor.py:153} INFO - Started process (PID=638) to work on /home/airflow/.local/lib/python3.7/site-packages/airflow/example_dags/example_complex.py
[2022-07-22 14:30:52,442] {processor.py:641} INFO - Processing file /home/airflow/.local/lib/python3.7/site-packages/airflow/example_dags/example_complex.py for tasks to queue
[2022-07-22 14:30:52,443] {logging_mixin.py:115} INFO - [2022-07-22 14:30:52,443] {dagbag.py:508} INFO - Filling up the DagBag from /home/airflow/.local/lib/python3.7/site-packages/airflow/example_dags/example_complex.py
[2022-07-22 14:30:52,453] {processor.py:651} INFO - DAG(s) dict_keys(['example_complex']) retrieved from /home/airflow/.local/lib/python3.7/site-packages/airflow/example_dags/example_complex.py
[2022-07-22 14:30:52,481] {logging_mixin.py:115} INFO - [2022-07-22 14:30:52,481] {dag.py:2420} INFO - Sync 1 DAGs
[2022-07-22 14:30:52,500] {logging_mixin.py:115} INFO - [2022-07-22 14:30:52,500] {dag.py:2972} INFO - Setting next_dagrun for example_complex to None, run_after=None
[2022-07-22 14:30:52,513] {processor.py:161} INFO - Processing /home/airflow/.local/lib/python3.7/site-packages/airflow/example_dags/example_complex.py took 0.074 seconds
[2022-07-22 14:31:23,166] {processor.py:153} INFO - Started process (PID=838) to work on /home/airflow/.local/lib/python3.7/site-packages/airflow/example_dags/example_complex.py
[2022-07-22 14:31:23,167] {processor.py:641} INFO - Processing file /home/airflow/.local/lib/python3.7/site-packages/airflow/example_dags/example_complex.py for tasks to queue
[2022-07-22 14:31:23,168] {logging_mixin.py:115} INFO - [2022-07-22 14:31:23,168] {dagbag.py:508} INFO - Filling up the DagBag from /home/airflow/.local/lib/python3.7/site-packages/airflow/example_dags/example_complex.py
[2022-07-22 14:31:23,198] {processor.py:651} INFO - DAG(s) dict_keys(['example_complex']) retrieved from /home/airflow/.local/lib/python3.7/site-packages/airflow/example_dags/example_complex.py
[2022-07-22 14:31:23,229] {logging_mixin.py:115} INFO - [2022-07-22 14:31:23,229] {dag.py:2420} INFO - Sync 1 DAGs
[2022-07-22 14:31:23,253] {logging_mixin.py:115} INFO - [2022-07-22 14:31:23,252] {dag.py:2972} INFO - Setting next_dagrun for example_complex to None, run_after=None
[2022-07-22 14:31:23,271] {processor.py:161} INFO - Processing /home/airflow/.local/lib/python3.7/site-packages/airflow/example_dags/example_complex.py took 0.112 seconds
[2022-07-22 14:31:53,830] {processor.py:153} INFO - Started process (PID=1033) to work on /home/airflow/.local/lib/python3.7/site-packages/airflow/example_dags/example_complex.py
[2022-07-22 14:31:53,831] {processor.py:641} INFO - Processing file /home/airflow/.local/lib/python3.7/site-packages/airflow/example_dags/example_complex.py for tasks to queue
[2022-07-22 14:31:53,832] {logging_mixin.py:115} INFO - [2022-07-22 14:31:53,831] {dagbag.py:508} INFO - Filling up the DagBag from /home/airflow/.local/lib/python3.7/site-packages/airflow/example_dags/example_complex.py
[2022-07-22 14:31:53,855] {processor.py:651} INFO - DAG(s) dict_keys(['example_complex']) retrieved from /home/airflow/.local/lib/python3.7/site-packages/airflow/example_dags/example_complex.py
[2022-07-22 14:31:53,900] {logging_mixin.py:115} INFO - [2022-07-22 14:31:53,900] {dag.py:2420} INFO - Sync 1 DAGs
[2022-07-22 14:31:53,920] {logging_mixin.py:115} INFO - [2022-07-22 14:31:53,920] {dag.py:2972} INFO - Setting next_dagrun for example_complex to None, run_after=None
[2022-07-22 14:31:53,936] {processor.py:161} INFO - Processing /home/airflow/.local/lib/python3.7/site-packages/airflow/example_dags/example_complex.py took 0.111 seconds
[2022-07-22 14:32:24,990] {processor.py:153} INFO - Started process (PID=1255) to work on /home/airflow/.local/lib/python3.7/site-packages/airflow/example_dags/example_complex.py
[2022-07-22 14:32:24,991] {processor.py:641} INFO - Processing file /home/airflow/.local/lib/python3.7/site-packages/airflow/example_dags/example_complex.py for tasks to queue
[2022-07-22 14:32:24,993] {logging_mixin.py:115} INFO - [2022-07-22 14:32:24,992] {dagbag.py:508} INFO - Filling up the DagBag from /home/airflow/.local/lib/python3.7/site-packages/airflow/example_dags/example_complex.py
[2022-07-22 14:32:25,027] {processor.py:651} INFO - DAG(s) dict_keys(['example_complex']) retrieved from /home/airflow/.local/lib/python3.7/site-packages/airflow/example_dags/example_complex.py
[2022-07-22 14:32:25,067] {logging_mixin.py:115} INFO - [2022-07-22 14:32:25,067] {dag.py:2420} INFO - Sync 1 DAGs
[2022-07-22 14:32:25,097] {logging_mixin.py:115} INFO - [2022-07-22 14:32:25,097] {dag.py:2972} INFO - Setting next_dagrun for example_complex to None, run_after=None
[2022-07-22 14:32:25,119] {processor.py:161} INFO - Processing /home/airflow/.local/lib/python3.7/site-packages/airflow/example_dags/example_complex.py took 0.137 seconds
[2022-07-22 14:32:55,878] {processor.py:153} INFO - Started process (PID=1457) to work on /home/airflow/.local/lib/python3.7/site-packages/airflow/example_dags/example_complex.py
[2022-07-22 14:32:55,879] {processor.py:641} INFO - Processing file /home/airflow/.local/lib/python3.7/site-packages/airflow/example_dags/example_complex.py for tasks to queue
[2022-07-22 14:32:55,879] {logging_mixin.py:115} INFO - [2022-07-22 14:32:55,879] {dagbag.py:508} INFO - Filling up the DagBag from /home/airflow/.local/lib/python3.7/site-packages/airflow/example_dags/example_complex.py
[2022-07-22 14:32:55,890] {processor.py:651} INFO - DAG(s) dict_keys(['example_complex']) retrieved from /home/airflow/.local/lib/python3.7/site-packages/airflow/example_dags/example_complex.py
[2022-07-22 14:32:55,918] {logging_mixin.py:115} INFO - [2022-07-22 14:32:55,918] {dag.py:2420} INFO - Sync 1 DAGs
[2022-07-22 14:32:55,963] {logging_mixin.py:115} INFO - [2022-07-22 14:32:55,963] {dag.py:2972} INFO - Setting next_dagrun for example_complex to None, run_after=None
[2022-07-22 14:32:55,982] {processor.py:161} INFO - Processing /home/airflow/.local/lib/python3.7/site-packages/airflow/example_dags/example_complex.py took 0.107 seconds
[2022-07-22 14:33:26,842] {processor.py:153} INFO - Started process (PID=1650) to work on /home/airflow/.local/lib/python3.7/site-packages/airflow/example_dags/example_complex.py
[2022-07-22 14:33:26,843] {processor.py:641} INFO - Processing file /home/airflow/.local/lib/python3.7/site-packages/airflow/example_dags/example_complex.py for tasks to queue
[2022-07-22 14:33:26,843] {logging_mixin.py:115} INFO - [2022-07-22 14:33:26,843] {dagbag.py:508} INFO - Filling up the DagBag from /home/airflow/.local/lib/python3.7/site-packages/airflow/example_dags/example_complex.py
[2022-07-22 14:33:26,857] {processor.py:651} INFO - DAG(s) dict_keys(['example_complex']) retrieved from /home/airflow/.local/lib/python3.7/site-packages/airflow/example_dags/example_complex.py
[2022-07-22 14:33:26,894] {logging_mixin.py:115} INFO - [2022-07-22 14:33:26,894] {dag.py:2420} INFO - Sync 1 DAGs
[2022-07-22 14:33:26,916] {logging_mixin.py:115} INFO - [2022-07-22 14:33:26,916] {dag.py:2972} INFO - Setting next_dagrun for example_complex to None, run_after=None
[2022-07-22 14:33:26,930] {processor.py:161} INFO - Processing /home/airflow/.local/lib/python3.7/site-packages/airflow/example_dags/example_complex.py took 0.092 seconds
[2022-07-22 14:34:49,356] {processor.py:153} INFO - Started process (PID=223) to work on /home/airflow/.local/lib/python3.7/site-packages/airflow/example_dags/example_complex.py
[2022-07-22 14:34:49,356] {processor.py:641} INFO - Processing file /home/airflow/.local/lib/python3.7/site-packages/airflow/example_dags/example_complex.py for tasks to queue
[2022-07-22 14:34:49,357] {logging_mixin.py:115} INFO - [2022-07-22 14:34:49,357] {dagbag.py:508} INFO - Filling up the DagBag from /home/airflow/.local/lib/python3.7/site-packages/airflow/example_dags/example_complex.py
[2022-07-22 14:34:49,368] {processor.py:651} INFO - DAG(s) dict_keys(['example_complex']) retrieved from /home/airflow/.local/lib/python3.7/site-packages/airflow/example_dags/example_complex.py
[2022-07-22 14:34:49,424] {logging_mixin.py:115} INFO - [2022-07-22 14:34:49,424] {dag.py:2420} INFO - Sync 1 DAGs
[2022-07-22 14:34:49,450] {logging_mixin.py:115} INFO - [2022-07-22 14:34:49,450] {dag.py:2972} INFO - Setting next_dagrun for example_complex to None, run_after=None
[2022-07-22 14:34:49,461] {processor.py:161} INFO - Processing /home/airflow/.local/lib/python3.7/site-packages/airflow/example_dags/example_complex.py took 0.108 seconds
[2022-07-22 14:35:20,208] {processor.py:153} INFO - Started process (PID=428) to work on /home/airflow/.local/lib/python3.7/site-packages/airflow/example_dags/example_complex.py
[2022-07-22 14:35:20,209] {processor.py:641} INFO - Processing file /home/airflow/.local/lib/python3.7/site-packages/airflow/example_dags/example_complex.py for tasks to queue
[2022-07-22 14:35:20,213] {logging_mixin.py:115} INFO - [2022-07-22 14:35:20,213] {dagbag.py:508} INFO - Filling up the DagBag from /home/airflow/.local/lib/python3.7/site-packages/airflow/example_dags/example_complex.py
[2022-07-22 14:35:20,226] {processor.py:651} INFO - DAG(s) dict_keys(['example_complex']) retrieved from /home/airflow/.local/lib/python3.7/site-packages/airflow/example_dags/example_complex.py
[2022-07-22 14:35:20,261] {logging_mixin.py:115} INFO - [2022-07-22 14:35:20,261] {dag.py:2420} INFO - Sync 1 DAGs
[2022-07-22 14:35:20,291] {logging_mixin.py:115} INFO - [2022-07-22 14:35:20,291] {dag.py:2972} INFO - Setting next_dagrun for example_complex to None, run_after=None
[2022-07-22 14:35:20,307] {processor.py:161} INFO - Processing /home/airflow/.local/lib/python3.7/site-packages/airflow/example_dags/example_complex.py took 0.102 seconds
