[2022-07-22 14:06:12,473] {processor.py:153} INFO - Started process (PID=208) to work on /home/airflow/.local/lib/python3.7/site-packages/airflow/example_dags/example_branch_day_of_week_operator.py
[2022-07-22 14:06:12,474] {processor.py:641} INFO - Processing file /home/airflow/.local/lib/python3.7/site-packages/airflow/example_dags/example_branch_day_of_week_operator.py for tasks to queue
[2022-07-22 14:06:12,475] {logging_mixin.py:115} INFO - [2022-07-22 14:06:12,475] {dagbag.py:508} INFO - Filling up the DagBag from /home/airflow/.local/lib/python3.7/site-packages/airflow/example_dags/example_branch_day_of_week_operator.py
[2022-07-22 14:06:12,489] {processor.py:651} INFO - DAG(s) dict_keys(['example_weekday_branch_operator']) retrieved from /home/airflow/.local/lib/python3.7/site-packages/airflow/example_dags/example_branch_day_of_week_operator.py
[2022-07-22 14:06:12,592] {logging_mixin.py:115} INFO - [2022-07-22 14:06:12,592] {manager.py:508} INFO - Created Permission View: can read on DAG:example_weekday_branch_operator
[2022-07-22 14:06:12,609] {logging_mixin.py:115} INFO - [2022-07-22 14:06:12,609] {manager.py:508} INFO - Created Permission View: can delete on DAG:example_weekday_branch_operator
[2022-07-22 14:06:12,622] {logging_mixin.py:115} INFO - [2022-07-22 14:06:12,622] {manager.py:508} INFO - Created Permission View: can edit on DAG:example_weekday_branch_operator
[2022-07-22 14:06:12,623] {logging_mixin.py:115} INFO - [2022-07-22 14:06:12,623] {dag.py:2420} INFO - Sync 1 DAGs
[2022-07-22 14:06:12,634] {logging_mixin.py:115} INFO - [2022-07-22 14:06:12,634] {dag.py:2439} INFO - Creating ORM DAG for example_weekday_branch_operator
[2022-07-22 14:06:12,653] {logging_mixin.py:115} INFO - [2022-07-22 14:06:12,652] {dag.py:2972} INFO - Setting next_dagrun for example_weekday_branch_operator to 2022-07-21T00:00:00+00:00, run_after=2022-07-22T00:00:00+00:00
[2022-07-22 14:06:12,675] {processor.py:161} INFO - Processing /home/airflow/.local/lib/python3.7/site-packages/airflow/example_dags/example_branch_day_of_week_operator.py took 0.208 seconds
[2022-07-22 14:06:43,605] {processor.py:153} INFO - Started process (PID=407) to work on /home/airflow/.local/lib/python3.7/site-packages/airflow/example_dags/example_branch_day_of_week_operator.py
[2022-07-22 14:06:43,606] {processor.py:641} INFO - Processing file /home/airflow/.local/lib/python3.7/site-packages/airflow/example_dags/example_branch_day_of_week_operator.py for tasks to queue
[2022-07-22 14:06:43,606] {logging_mixin.py:115} INFO - [2022-07-22 14:06:43,606] {dagbag.py:508} INFO - Filling up the DagBag from /home/airflow/.local/lib/python3.7/site-packages/airflow/example_dags/example_branch_day_of_week_operator.py
[2022-07-22 14:06:43,614] {processor.py:651} INFO - DAG(s) dict_keys(['example_weekday_branch_operator']) retrieved from /home/airflow/.local/lib/python3.7/site-packages/airflow/example_dags/example_branch_day_of_week_operator.py
[2022-07-22 14:06:43,635] {logging_mixin.py:115} INFO - [2022-07-22 14:06:43,635] {dag.py:2420} INFO - Sync 1 DAGs
[2022-07-22 14:06:43,662] {logging_mixin.py:115} INFO - [2022-07-22 14:06:43,662] {dag.py:2972} INFO - Setting next_dagrun for example_weekday_branch_operator to 2022-07-21T00:00:00+00:00, run_after=2022-07-22T00:00:00+00:00
[2022-07-22 14:06:43,675] {processor.py:161} INFO - Processing /home/airflow/.local/lib/python3.7/site-packages/airflow/example_dags/example_branch_day_of_week_operator.py took 0.073 seconds
[2022-07-22 14:07:14,044] {processor.py:153} INFO - Started process (PID=602) to work on /home/airflow/.local/lib/python3.7/site-packages/airflow/example_dags/example_branch_day_of_week_operator.py
[2022-07-22 14:07:14,045] {processor.py:641} INFO - Processing file /home/airflow/.local/lib/python3.7/site-packages/airflow/example_dags/example_branch_day_of_week_operator.py for tasks to queue
[2022-07-22 14:07:14,046] {logging_mixin.py:115} INFO - [2022-07-22 14:07:14,046] {dagbag.py:508} INFO - Filling up the DagBag from /home/airflow/.local/lib/python3.7/site-packages/airflow/example_dags/example_branch_day_of_week_operator.py
[2022-07-22 14:07:14,063] {processor.py:651} INFO - DAG(s) dict_keys(['example_weekday_branch_operator']) retrieved from /home/airflow/.local/lib/python3.7/site-packages/airflow/example_dags/example_branch_day_of_week_operator.py
[2022-07-22 14:07:14,122] {logging_mixin.py:115} INFO - [2022-07-22 14:07:14,122] {dag.py:2420} INFO - Sync 1 DAGs
[2022-07-22 14:07:14,158] {logging_mixin.py:115} INFO - [2022-07-22 14:07:14,158] {dag.py:2972} INFO - Setting next_dagrun for example_weekday_branch_operator to 2022-07-21T00:00:00+00:00, run_after=2022-07-22T00:00:00+00:00
[2022-07-22 14:07:14,171] {processor.py:161} INFO - Processing /home/airflow/.local/lib/python3.7/site-packages/airflow/example_dags/example_branch_day_of_week_operator.py took 0.133 seconds
[2022-07-22 14:08:19,428] {processor.py:153} INFO - Started process (PID=214) to work on /home/airflow/.local/lib/python3.7/site-packages/airflow/example_dags/example_branch_day_of_week_operator.py
[2022-07-22 14:08:19,430] {processor.py:641} INFO - Processing file /home/airflow/.local/lib/python3.7/site-packages/airflow/example_dags/example_branch_day_of_week_operator.py for tasks to queue
[2022-07-22 14:08:19,431] {logging_mixin.py:115} INFO - [2022-07-22 14:08:19,431] {dagbag.py:508} INFO - Filling up the DagBag from /home/airflow/.local/lib/python3.7/site-packages/airflow/example_dags/example_branch_day_of_week_operator.py
[2022-07-22 14:08:19,456] {processor.py:651} INFO - DAG(s) dict_keys(['example_weekday_branch_operator']) retrieved from /home/airflow/.local/lib/python3.7/site-packages/airflow/example_dags/example_branch_day_of_week_operator.py
[2022-07-22 14:08:19,480] {logging_mixin.py:115} INFO - [2022-07-22 14:08:19,480] {dag.py:2420} INFO - Sync 1 DAGs
[2022-07-22 14:08:19,499] {logging_mixin.py:115} INFO - [2022-07-22 14:08:19,499] {dag.py:2972} INFO - Setting next_dagrun for example_weekday_branch_operator to 2022-07-21T00:00:00+00:00, run_after=2022-07-22T00:00:00+00:00
[2022-07-22 14:08:19,511] {processor.py:161} INFO - Processing /home/airflow/.local/lib/python3.7/site-packages/airflow/example_dags/example_branch_day_of_week_operator.py took 0.085 seconds
[2022-07-22 14:08:50,743] {processor.py:153} INFO - Started process (PID=422) to work on /home/airflow/.local/lib/python3.7/site-packages/airflow/example_dags/example_branch_day_of_week_operator.py
[2022-07-22 14:08:50,744] {processor.py:641} INFO - Processing file /home/airflow/.local/lib/python3.7/site-packages/airflow/example_dags/example_branch_day_of_week_operator.py for tasks to queue
[2022-07-22 14:08:50,746] {logging_mixin.py:115} INFO - [2022-07-22 14:08:50,746] {dagbag.py:508} INFO - Filling up the DagBag from /home/airflow/.local/lib/python3.7/site-packages/airflow/example_dags/example_branch_day_of_week_operator.py
[2022-07-22 14:08:50,764] {processor.py:651} INFO - DAG(s) dict_keys(['example_weekday_branch_operator']) retrieved from /home/airflow/.local/lib/python3.7/site-packages/airflow/example_dags/example_branch_day_of_week_operator.py
[2022-07-22 14:08:50,818] {logging_mixin.py:115} INFO - [2022-07-22 14:08:50,818] {dag.py:2420} INFO - Sync 1 DAGs
[2022-07-22 14:08:50,855] {logging_mixin.py:115} INFO - [2022-07-22 14:08:50,855] {dag.py:2972} INFO - Setting next_dagrun for example_weekday_branch_operator to 2022-07-21T00:00:00+00:00, run_after=2022-07-22T00:00:00+00:00
[2022-07-22 14:08:50,868] {processor.py:161} INFO - Processing /home/airflow/.local/lib/python3.7/site-packages/airflow/example_dags/example_branch_day_of_week_operator.py took 0.131 seconds
[2022-07-22 14:09:20,971] {processor.py:153} INFO - Started process (PID=622) to work on /home/airflow/.local/lib/python3.7/site-packages/airflow/example_dags/example_branch_day_of_week_operator.py
[2022-07-22 14:09:20,972] {processor.py:641} INFO - Processing file /home/airflow/.local/lib/python3.7/site-packages/airflow/example_dags/example_branch_day_of_week_operator.py for tasks to queue
[2022-07-22 14:09:20,973] {logging_mixin.py:115} INFO - [2022-07-22 14:09:20,973] {dagbag.py:508} INFO - Filling up the DagBag from /home/airflow/.local/lib/python3.7/site-packages/airflow/example_dags/example_branch_day_of_week_operator.py
[2022-07-22 14:09:20,987] {processor.py:651} INFO - DAG(s) dict_keys(['example_weekday_branch_operator']) retrieved from /home/airflow/.local/lib/python3.7/site-packages/airflow/example_dags/example_branch_day_of_week_operator.py
[2022-07-22 14:09:21,026] {logging_mixin.py:115} INFO - [2022-07-22 14:09:21,026] {dag.py:2420} INFO - Sync 1 DAGs
[2022-07-22 14:09:21,046] {logging_mixin.py:115} INFO - [2022-07-22 14:09:21,046] {dag.py:2972} INFO - Setting next_dagrun for example_weekday_branch_operator to 2022-07-21T00:00:00+00:00, run_after=2022-07-22T00:00:00+00:00
[2022-07-22 14:09:21,060] {processor.py:161} INFO - Processing /home/airflow/.local/lib/python3.7/site-packages/airflow/example_dags/example_branch_day_of_week_operator.py took 0.094 seconds
[2022-07-22 14:09:51,454] {processor.py:153} INFO - Started process (PID=821) to work on /home/airflow/.local/lib/python3.7/site-packages/airflow/example_dags/example_branch_day_of_week_operator.py
[2022-07-22 14:09:51,455] {processor.py:641} INFO - Processing file /home/airflow/.local/lib/python3.7/site-packages/airflow/example_dags/example_branch_day_of_week_operator.py for tasks to queue
[2022-07-22 14:09:51,456] {logging_mixin.py:115} INFO - [2022-07-22 14:09:51,456] {dagbag.py:508} INFO - Filling up the DagBag from /home/airflow/.local/lib/python3.7/site-packages/airflow/example_dags/example_branch_day_of_week_operator.py
[2022-07-22 14:09:51,465] {processor.py:651} INFO - DAG(s) dict_keys(['example_weekday_branch_operator']) retrieved from /home/airflow/.local/lib/python3.7/site-packages/airflow/example_dags/example_branch_day_of_week_operator.py
[2022-07-22 14:09:51,503] {logging_mixin.py:115} INFO - [2022-07-22 14:09:51,503] {dag.py:2420} INFO - Sync 1 DAGs
[2022-07-22 14:09:51,542] {logging_mixin.py:115} INFO - [2022-07-22 14:09:51,542] {dag.py:2972} INFO - Setting next_dagrun for example_weekday_branch_operator to 2022-07-21T00:00:00+00:00, run_after=2022-07-22T00:00:00+00:00
[2022-07-22 14:09:51,556] {processor.py:161} INFO - Processing /home/airflow/.local/lib/python3.7/site-packages/airflow/example_dags/example_branch_day_of_week_operator.py took 0.108 seconds
[2022-07-22 14:11:25,437] {processor.py:153} INFO - Started process (PID=214) to work on /home/airflow/.local/lib/python3.7/site-packages/airflow/example_dags/example_branch_day_of_week_operator.py
[2022-07-22 14:11:25,439] {processor.py:641} INFO - Processing file /home/airflow/.local/lib/python3.7/site-packages/airflow/example_dags/example_branch_day_of_week_operator.py for tasks to queue
[2022-07-22 14:11:25,440] {logging_mixin.py:115} INFO - [2022-07-22 14:11:25,440] {dagbag.py:508} INFO - Filling up the DagBag from /home/airflow/.local/lib/python3.7/site-packages/airflow/example_dags/example_branch_day_of_week_operator.py
[2022-07-22 14:11:25,462] {processor.py:651} INFO - DAG(s) dict_keys(['example_weekday_branch_operator']) retrieved from /home/airflow/.local/lib/python3.7/site-packages/airflow/example_dags/example_branch_day_of_week_operator.py
[2022-07-22 14:11:25,574] {logging_mixin.py:115} INFO - [2022-07-22 14:11:25,573] {manager.py:508} INFO - Created Permission View: can read on DAG:example_weekday_branch_operator
[2022-07-22 14:11:25,594] {logging_mixin.py:115} INFO - [2022-07-22 14:11:25,594] {manager.py:508} INFO - Created Permission View: can edit on DAG:example_weekday_branch_operator
[2022-07-22 14:11:25,607] {logging_mixin.py:115} INFO - [2022-07-22 14:11:25,607] {manager.py:508} INFO - Created Permission View: can delete on DAG:example_weekday_branch_operator
[2022-07-22 14:11:25,608] {logging_mixin.py:115} INFO - [2022-07-22 14:11:25,607] {dag.py:2420} INFO - Sync 1 DAGs
[2022-07-22 14:11:25,622] {logging_mixin.py:115} INFO - [2022-07-22 14:11:25,622] {dag.py:2439} INFO - Creating ORM DAG for example_weekday_branch_operator
[2022-07-22 14:11:25,647] {logging_mixin.py:115} INFO - [2022-07-22 14:11:25,647] {dag.py:2972} INFO - Setting next_dagrun for example_weekday_branch_operator to 2022-07-21T00:00:00+00:00, run_after=2022-07-22T00:00:00+00:00
[2022-07-22 14:11:25,673] {processor.py:161} INFO - Processing /home/airflow/.local/lib/python3.7/site-packages/airflow/example_dags/example_branch_day_of_week_operator.py took 0.243 seconds
[2022-07-22 14:11:56,583] {processor.py:153} INFO - Started process (PID=420) to work on /home/airflow/.local/lib/python3.7/site-packages/airflow/example_dags/example_branch_day_of_week_operator.py
[2022-07-22 14:11:56,584] {processor.py:641} INFO - Processing file /home/airflow/.local/lib/python3.7/site-packages/airflow/example_dags/example_branch_day_of_week_operator.py for tasks to queue
[2022-07-22 14:11:56,585] {logging_mixin.py:115} INFO - [2022-07-22 14:11:56,585] {dagbag.py:508} INFO - Filling up the DagBag from /home/airflow/.local/lib/python3.7/site-packages/airflow/example_dags/example_branch_day_of_week_operator.py
[2022-07-22 14:11:56,602] {processor.py:651} INFO - DAG(s) dict_keys(['example_weekday_branch_operator']) retrieved from /home/airflow/.local/lib/python3.7/site-packages/airflow/example_dags/example_branch_day_of_week_operator.py
[2022-07-22 14:11:56,655] {logging_mixin.py:115} INFO - [2022-07-22 14:11:56,655] {dag.py:2420} INFO - Sync 1 DAGs
[2022-07-22 14:11:56,674] {logging_mixin.py:115} INFO - [2022-07-22 14:11:56,674] {dag.py:2972} INFO - Setting next_dagrun for example_weekday_branch_operator to 2022-07-21T00:00:00+00:00, run_after=2022-07-22T00:00:00+00:00
[2022-07-22 14:11:56,687] {processor.py:161} INFO - Processing /home/airflow/.local/lib/python3.7/site-packages/airflow/example_dags/example_branch_day_of_week_operator.py took 0.110 seconds
[2022-07-22 14:12:53,631] {processor.py:153} INFO - Started process (PID=214) to work on /home/airflow/.local/lib/python3.7/site-packages/airflow/example_dags/example_branch_day_of_week_operator.py
[2022-07-22 14:12:53,632] {processor.py:641} INFO - Processing file /home/airflow/.local/lib/python3.7/site-packages/airflow/example_dags/example_branch_day_of_week_operator.py for tasks to queue
[2022-07-22 14:12:53,632] {logging_mixin.py:115} INFO - [2022-07-22 14:12:53,632] {dagbag.py:508} INFO - Filling up the DagBag from /home/airflow/.local/lib/python3.7/site-packages/airflow/example_dags/example_branch_day_of_week_operator.py
[2022-07-22 14:12:53,640] {processor.py:651} INFO - DAG(s) dict_keys(['example_weekday_branch_operator']) retrieved from /home/airflow/.local/lib/python3.7/site-packages/airflow/example_dags/example_branch_day_of_week_operator.py
[2022-07-22 14:12:53,709] {logging_mixin.py:115} INFO - [2022-07-22 14:12:53,709] {manager.py:508} INFO - Created Permission View: can read on DAG:example_weekday_branch_operator
[2022-07-22 14:12:53,719] {logging_mixin.py:115} INFO - [2022-07-22 14:12:53,719] {manager.py:508} INFO - Created Permission View: can delete on DAG:example_weekday_branch_operator
[2022-07-22 14:12:53,727] {logging_mixin.py:115} INFO - [2022-07-22 14:12:53,727] {manager.py:508} INFO - Created Permission View: can edit on DAG:example_weekday_branch_operator
[2022-07-22 14:12:53,727] {logging_mixin.py:115} INFO - [2022-07-22 14:12:53,727] {dag.py:2420} INFO - Sync 1 DAGs
[2022-07-22 14:12:53,735] {logging_mixin.py:115} INFO - [2022-07-22 14:12:53,735] {dag.py:2439} INFO - Creating ORM DAG for example_weekday_branch_operator
[2022-07-22 14:12:53,748] {logging_mixin.py:115} INFO - [2022-07-22 14:12:53,748] {dag.py:2972} INFO - Setting next_dagrun for example_weekday_branch_operator to 2022-07-21T00:00:00+00:00, run_after=2022-07-22T00:00:00+00:00
[2022-07-22 14:12:53,765] {processor.py:161} INFO - Processing /home/airflow/.local/lib/python3.7/site-packages/airflow/example_dags/example_branch_day_of_week_operator.py took 0.137 seconds
[2022-07-22 14:13:23,936] {processor.py:153} INFO - Started process (PID=416) to work on /home/airflow/.local/lib/python3.7/site-packages/airflow/example_dags/example_branch_day_of_week_operator.py
[2022-07-22 14:13:23,938] {processor.py:641} INFO - Processing file /home/airflow/.local/lib/python3.7/site-packages/airflow/example_dags/example_branch_day_of_week_operator.py for tasks to queue
[2022-07-22 14:13:23,939] {logging_mixin.py:115} INFO - [2022-07-22 14:13:23,939] {dagbag.py:508} INFO - Filling up the DagBag from /home/airflow/.local/lib/python3.7/site-packages/airflow/example_dags/example_branch_day_of_week_operator.py
[2022-07-22 14:13:23,955] {processor.py:651} INFO - DAG(s) dict_keys(['example_weekday_branch_operator']) retrieved from /home/airflow/.local/lib/python3.7/site-packages/airflow/example_dags/example_branch_day_of_week_operator.py
[2022-07-22 14:13:24,000] {logging_mixin.py:115} INFO - [2022-07-22 14:13:24,000] {dag.py:2420} INFO - Sync 1 DAGs
[2022-07-22 14:13:24,049] {logging_mixin.py:115} INFO - [2022-07-22 14:13:24,049] {dag.py:2972} INFO - Setting next_dagrun for example_weekday_branch_operator to 2022-07-21T00:00:00+00:00, run_after=2022-07-22T00:00:00+00:00
[2022-07-22 14:13:24,075] {processor.py:161} INFO - Processing /home/airflow/.local/lib/python3.7/site-packages/airflow/example_dags/example_branch_day_of_week_operator.py took 0.145 seconds
[2022-07-22 14:13:54,187] {processor.py:153} INFO - Started process (PID=613) to work on /home/airflow/.local/lib/python3.7/site-packages/airflow/example_dags/example_branch_day_of_week_operator.py
[2022-07-22 14:13:54,188] {processor.py:641} INFO - Processing file /home/airflow/.local/lib/python3.7/site-packages/airflow/example_dags/example_branch_day_of_week_operator.py for tasks to queue
[2022-07-22 14:13:54,190] {logging_mixin.py:115} INFO - [2022-07-22 14:13:54,189] {dagbag.py:508} INFO - Filling up the DagBag from /home/airflow/.local/lib/python3.7/site-packages/airflow/example_dags/example_branch_day_of_week_operator.py
[2022-07-22 14:13:54,205] {processor.py:651} INFO - DAG(s) dict_keys(['example_weekday_branch_operator']) retrieved from /home/airflow/.local/lib/python3.7/site-packages/airflow/example_dags/example_branch_day_of_week_operator.py
[2022-07-22 14:13:54,233] {logging_mixin.py:115} INFO - [2022-07-22 14:13:54,233] {dag.py:2420} INFO - Sync 1 DAGs
[2022-07-22 14:13:54,262] {logging_mixin.py:115} INFO - [2022-07-22 14:13:54,262] {dag.py:2972} INFO - Setting next_dagrun for example_weekday_branch_operator to 2022-07-21T00:00:00+00:00, run_after=2022-07-22T00:00:00+00:00
[2022-07-22 14:13:54,276] {processor.py:161} INFO - Processing /home/airflow/.local/lib/python3.7/site-packages/airflow/example_dags/example_branch_day_of_week_operator.py took 0.092 seconds
[2022-07-22 14:14:46,899] {processor.py:153} INFO - Started process (PID=214) to work on /home/airflow/.local/lib/python3.7/site-packages/airflow/example_dags/example_branch_day_of_week_operator.py
[2022-07-22 14:14:46,899] {processor.py:641} INFO - Processing file /home/airflow/.local/lib/python3.7/site-packages/airflow/example_dags/example_branch_day_of_week_operator.py for tasks to queue
[2022-07-22 14:14:46,900] {logging_mixin.py:115} INFO - [2022-07-22 14:14:46,900] {dagbag.py:508} INFO - Filling up the DagBag from /home/airflow/.local/lib/python3.7/site-packages/airflow/example_dags/example_branch_day_of_week_operator.py
[2022-07-22 14:14:46,911] {processor.py:651} INFO - DAG(s) dict_keys(['example_weekday_branch_operator']) retrieved from /home/airflow/.local/lib/python3.7/site-packages/airflow/example_dags/example_branch_day_of_week_operator.py
[2022-07-22 14:14:46,988] {logging_mixin.py:115} INFO - [2022-07-22 14:14:46,988] {manager.py:508} INFO - Created Permission View: can read on DAG:example_weekday_branch_operator
[2022-07-22 14:14:46,997] {logging_mixin.py:115} INFO - [2022-07-22 14:14:46,997] {manager.py:508} INFO - Created Permission View: can edit on DAG:example_weekday_branch_operator
[2022-07-22 14:14:47,006] {logging_mixin.py:115} INFO - [2022-07-22 14:14:47,006] {manager.py:508} INFO - Created Permission View: can delete on DAG:example_weekday_branch_operator
[2022-07-22 14:14:47,007] {logging_mixin.py:115} INFO - [2022-07-22 14:14:47,006] {dag.py:2420} INFO - Sync 1 DAGs
[2022-07-22 14:14:47,015] {logging_mixin.py:115} INFO - [2022-07-22 14:14:47,015] {dag.py:2439} INFO - Creating ORM DAG for example_weekday_branch_operator
[2022-07-22 14:14:47,028] {logging_mixin.py:115} INFO - [2022-07-22 14:14:47,027] {dag.py:2972} INFO - Setting next_dagrun for example_weekday_branch_operator to 2022-07-21T00:00:00+00:00, run_after=2022-07-22T00:00:00+00:00
[2022-07-22 14:14:47,043] {processor.py:161} INFO - Processing /home/airflow/.local/lib/python3.7/site-packages/airflow/example_dags/example_branch_day_of_week_operator.py took 0.148 seconds
[2022-07-22 14:15:17,130] {processor.py:153} INFO - Started process (PID=428) to work on /home/airflow/.local/lib/python3.7/site-packages/airflow/example_dags/example_branch_day_of_week_operator.py
[2022-07-22 14:15:17,131] {processor.py:641} INFO - Processing file /home/airflow/.local/lib/python3.7/site-packages/airflow/example_dags/example_branch_day_of_week_operator.py for tasks to queue
[2022-07-22 14:15:17,132] {logging_mixin.py:115} INFO - [2022-07-22 14:15:17,132] {dagbag.py:508} INFO - Filling up the DagBag from /home/airflow/.local/lib/python3.7/site-packages/airflow/example_dags/example_branch_day_of_week_operator.py
[2022-07-22 14:15:17,150] {processor.py:651} INFO - DAG(s) dict_keys(['example_weekday_branch_operator']) retrieved from /home/airflow/.local/lib/python3.7/site-packages/airflow/example_dags/example_branch_day_of_week_operator.py
[2022-07-22 14:15:17,198] {logging_mixin.py:115} INFO - [2022-07-22 14:15:17,198] {dag.py:2420} INFO - Sync 1 DAGs
[2022-07-22 14:15:17,240] {logging_mixin.py:115} INFO - [2022-07-22 14:15:17,240] {dag.py:2972} INFO - Setting next_dagrun for example_weekday_branch_operator to 2022-07-21T00:00:00+00:00, run_after=2022-07-22T00:00:00+00:00
[2022-07-22 14:15:17,253] {processor.py:161} INFO - Processing /home/airflow/.local/lib/python3.7/site-packages/airflow/example_dags/example_branch_day_of_week_operator.py took 0.130 seconds
[2022-07-22 14:15:47,389] {processor.py:153} INFO - Started process (PID=630) to work on /home/airflow/.local/lib/python3.7/site-packages/airflow/example_dags/example_branch_day_of_week_operator.py
[2022-07-22 14:15:47,390] {processor.py:641} INFO - Processing file /home/airflow/.local/lib/python3.7/site-packages/airflow/example_dags/example_branch_day_of_week_operator.py for tasks to queue
[2022-07-22 14:15:47,391] {logging_mixin.py:115} INFO - [2022-07-22 14:15:47,390] {dagbag.py:508} INFO - Filling up the DagBag from /home/airflow/.local/lib/python3.7/site-packages/airflow/example_dags/example_branch_day_of_week_operator.py
[2022-07-22 14:15:47,406] {processor.py:651} INFO - DAG(s) dict_keys(['example_weekday_branch_operator']) retrieved from /home/airflow/.local/lib/python3.7/site-packages/airflow/example_dags/example_branch_day_of_week_operator.py
[2022-07-22 14:15:47,431] {logging_mixin.py:115} INFO - [2022-07-22 14:15:47,431] {dag.py:2420} INFO - Sync 1 DAGs
[2022-07-22 14:15:47,466] {logging_mixin.py:115} INFO - [2022-07-22 14:15:47,466] {dag.py:2972} INFO - Setting next_dagrun for example_weekday_branch_operator to 2022-07-21T00:00:00+00:00, run_after=2022-07-22T00:00:00+00:00
[2022-07-22 14:15:47,481] {processor.py:161} INFO - Processing /home/airflow/.local/lib/python3.7/site-packages/airflow/example_dags/example_branch_day_of_week_operator.py took 0.098 seconds
[2022-07-22 14:16:17,960] {processor.py:153} INFO - Started process (PID=835) to work on /home/airflow/.local/lib/python3.7/site-packages/airflow/example_dags/example_branch_day_of_week_operator.py
[2022-07-22 14:16:17,962] {processor.py:641} INFO - Processing file /home/airflow/.local/lib/python3.7/site-packages/airflow/example_dags/example_branch_day_of_week_operator.py for tasks to queue
[2022-07-22 14:16:17,963] {logging_mixin.py:115} INFO - [2022-07-22 14:16:17,963] {dagbag.py:508} INFO - Filling up the DagBag from /home/airflow/.local/lib/python3.7/site-packages/airflow/example_dags/example_branch_day_of_week_operator.py
[2022-07-22 14:16:17,982] {processor.py:651} INFO - DAG(s) dict_keys(['example_weekday_branch_operator']) retrieved from /home/airflow/.local/lib/python3.7/site-packages/airflow/example_dags/example_branch_day_of_week_operator.py
[2022-07-22 14:16:18,033] {logging_mixin.py:115} INFO - [2022-07-22 14:16:18,033] {dag.py:2420} INFO - Sync 1 DAGs
[2022-07-22 14:16:18,074] {logging_mixin.py:115} INFO - [2022-07-22 14:16:18,073] {dag.py:2972} INFO - Setting next_dagrun for example_weekday_branch_operator to 2022-07-21T00:00:00+00:00, run_after=2022-07-22T00:00:00+00:00
[2022-07-22 14:16:18,093] {processor.py:161} INFO - Processing /home/airflow/.local/lib/python3.7/site-packages/airflow/example_dags/example_branch_day_of_week_operator.py took 0.139 seconds
[2022-07-22 14:16:48,453] {processor.py:153} INFO - Started process (PID=1035) to work on /home/airflow/.local/lib/python3.7/site-packages/airflow/example_dags/example_branch_day_of_week_operator.py
[2022-07-22 14:16:48,453] {processor.py:641} INFO - Processing file /home/airflow/.local/lib/python3.7/site-packages/airflow/example_dags/example_branch_day_of_week_operator.py for tasks to queue
[2022-07-22 14:16:48,454] {logging_mixin.py:115} INFO - [2022-07-22 14:16:48,454] {dagbag.py:508} INFO - Filling up the DagBag from /home/airflow/.local/lib/python3.7/site-packages/airflow/example_dags/example_branch_day_of_week_operator.py
[2022-07-22 14:16:48,461] {processor.py:651} INFO - DAG(s) dict_keys(['example_weekday_branch_operator']) retrieved from /home/airflow/.local/lib/python3.7/site-packages/airflow/example_dags/example_branch_day_of_week_operator.py
[2022-07-22 14:16:48,493] {logging_mixin.py:115} INFO - [2022-07-22 14:16:48,493] {dag.py:2420} INFO - Sync 1 DAGs
[2022-07-22 14:16:48,542] {logging_mixin.py:115} INFO - [2022-07-22 14:16:48,542] {dag.py:2972} INFO - Setting next_dagrun for example_weekday_branch_operator to 2022-07-21T00:00:00+00:00, run_after=2022-07-22T00:00:00+00:00
[2022-07-22 14:16:48,565] {processor.py:161} INFO - Processing /home/airflow/.local/lib/python3.7/site-packages/airflow/example_dags/example_branch_day_of_week_operator.py took 0.115 seconds
[2022-07-22 14:17:18,727] {processor.py:153} INFO - Started process (PID=1237) to work on /home/airflow/.local/lib/python3.7/site-packages/airflow/example_dags/example_branch_day_of_week_operator.py
[2022-07-22 14:17:18,728] {processor.py:641} INFO - Processing file /home/airflow/.local/lib/python3.7/site-packages/airflow/example_dags/example_branch_day_of_week_operator.py for tasks to queue
[2022-07-22 14:17:18,730] {logging_mixin.py:115} INFO - [2022-07-22 14:17:18,729] {dagbag.py:508} INFO - Filling up the DagBag from /home/airflow/.local/lib/python3.7/site-packages/airflow/example_dags/example_branch_day_of_week_operator.py
[2022-07-22 14:17:18,747] {processor.py:651} INFO - DAG(s) dict_keys(['example_weekday_branch_operator']) retrieved from /home/airflow/.local/lib/python3.7/site-packages/airflow/example_dags/example_branch_day_of_week_operator.py
[2022-07-22 14:17:18,791] {logging_mixin.py:115} INFO - [2022-07-22 14:17:18,791] {dag.py:2420} INFO - Sync 1 DAGs
[2022-07-22 14:17:18,812] {logging_mixin.py:115} INFO - [2022-07-22 14:17:18,812] {dag.py:2972} INFO - Setting next_dagrun for example_weekday_branch_operator to 2022-07-21T00:00:00+00:00, run_after=2022-07-22T00:00:00+00:00
[2022-07-22 14:17:18,825] {processor.py:161} INFO - Processing /home/airflow/.local/lib/python3.7/site-packages/airflow/example_dags/example_branch_day_of_week_operator.py took 0.104 seconds
[2022-07-22 14:17:49,826] {processor.py:153} INFO - Started process (PID=1430) to work on /home/airflow/.local/lib/python3.7/site-packages/airflow/example_dags/example_branch_day_of_week_operator.py
[2022-07-22 14:17:49,827] {processor.py:641} INFO - Processing file /home/airflow/.local/lib/python3.7/site-packages/airflow/example_dags/example_branch_day_of_week_operator.py for tasks to queue
[2022-07-22 14:17:49,828] {logging_mixin.py:115} INFO - [2022-07-22 14:17:49,828] {dagbag.py:508} INFO - Filling up the DagBag from /home/airflow/.local/lib/python3.7/site-packages/airflow/example_dags/example_branch_day_of_week_operator.py
[2022-07-22 14:17:49,845] {processor.py:651} INFO - DAG(s) dict_keys(['example_weekday_branch_operator']) retrieved from /home/airflow/.local/lib/python3.7/site-packages/airflow/example_dags/example_branch_day_of_week_operator.py
[2022-07-22 14:17:49,874] {logging_mixin.py:115} INFO - [2022-07-22 14:17:49,873] {dag.py:2420} INFO - Sync 1 DAGs
[2022-07-22 14:17:49,900] {logging_mixin.py:115} INFO - [2022-07-22 14:17:49,900] {dag.py:2972} INFO - Setting next_dagrun for example_weekday_branch_operator to 2022-07-21T00:00:00+00:00, run_after=2022-07-22T00:00:00+00:00
[2022-07-22 14:17:49,922] {processor.py:161} INFO - Processing /home/airflow/.local/lib/python3.7/site-packages/airflow/example_dags/example_branch_day_of_week_operator.py took 0.102 seconds
[2022-07-22 14:18:20,973] {processor.py:153} INFO - Started process (PID=1631) to work on /home/airflow/.local/lib/python3.7/site-packages/airflow/example_dags/example_branch_day_of_week_operator.py
[2022-07-22 14:18:20,974] {processor.py:641} INFO - Processing file /home/airflow/.local/lib/python3.7/site-packages/airflow/example_dags/example_branch_day_of_week_operator.py for tasks to queue
[2022-07-22 14:18:20,975] {logging_mixin.py:115} INFO - [2022-07-22 14:18:20,975] {dagbag.py:508} INFO - Filling up the DagBag from /home/airflow/.local/lib/python3.7/site-packages/airflow/example_dags/example_branch_day_of_week_operator.py
[2022-07-22 14:18:20,992] {processor.py:651} INFO - DAG(s) dict_keys(['example_weekday_branch_operator']) retrieved from /home/airflow/.local/lib/python3.7/site-packages/airflow/example_dags/example_branch_day_of_week_operator.py
[2022-07-22 14:18:21,038] {logging_mixin.py:115} INFO - [2022-07-22 14:18:21,038] {dag.py:2420} INFO - Sync 1 DAGs
[2022-07-22 14:18:21,079] {logging_mixin.py:115} INFO - [2022-07-22 14:18:21,078] {dag.py:2972} INFO - Setting next_dagrun for example_weekday_branch_operator to 2022-07-21T00:00:00+00:00, run_after=2022-07-22T00:00:00+00:00
[2022-07-22 14:18:21,091] {processor.py:161} INFO - Processing /home/airflow/.local/lib/python3.7/site-packages/airflow/example_dags/example_branch_day_of_week_operator.py took 0.123 seconds
[2022-07-22 14:18:51,454] {processor.py:153} INFO - Started process (PID=1833) to work on /home/airflow/.local/lib/python3.7/site-packages/airflow/example_dags/example_branch_day_of_week_operator.py
[2022-07-22 14:18:51,455] {processor.py:641} INFO - Processing file /home/airflow/.local/lib/python3.7/site-packages/airflow/example_dags/example_branch_day_of_week_operator.py for tasks to queue
[2022-07-22 14:18:51,455] {logging_mixin.py:115} INFO - [2022-07-22 14:18:51,455] {dagbag.py:508} INFO - Filling up the DagBag from /home/airflow/.local/lib/python3.7/site-packages/airflow/example_dags/example_branch_day_of_week_operator.py
[2022-07-22 14:18:51,463] {processor.py:651} INFO - DAG(s) dict_keys(['example_weekday_branch_operator']) retrieved from /home/airflow/.local/lib/python3.7/site-packages/airflow/example_dags/example_branch_day_of_week_operator.py
[2022-07-22 14:18:51,509] {logging_mixin.py:115} INFO - [2022-07-22 14:18:51,509] {dag.py:2420} INFO - Sync 1 DAGs
[2022-07-22 14:18:51,547] {logging_mixin.py:115} INFO - [2022-07-22 14:18:51,547] {dag.py:2972} INFO - Setting next_dagrun for example_weekday_branch_operator to 2022-07-21T00:00:00+00:00, run_after=2022-07-22T00:00:00+00:00
[2022-07-22 14:18:51,569] {processor.py:161} INFO - Processing /home/airflow/.local/lib/python3.7/site-packages/airflow/example_dags/example_branch_day_of_week_operator.py took 0.117 seconds
[2022-07-22 14:19:21,722] {processor.py:153} INFO - Started process (PID=2035) to work on /home/airflow/.local/lib/python3.7/site-packages/airflow/example_dags/example_branch_day_of_week_operator.py
[2022-07-22 14:19:21,723] {processor.py:641} INFO - Processing file /home/airflow/.local/lib/python3.7/site-packages/airflow/example_dags/example_branch_day_of_week_operator.py for tasks to queue
[2022-07-22 14:19:21,724] {logging_mixin.py:115} INFO - [2022-07-22 14:19:21,723] {dagbag.py:508} INFO - Filling up the DagBag from /home/airflow/.local/lib/python3.7/site-packages/airflow/example_dags/example_branch_day_of_week_operator.py
[2022-07-22 14:19:21,733] {processor.py:651} INFO - DAG(s) dict_keys(['example_weekday_branch_operator']) retrieved from /home/airflow/.local/lib/python3.7/site-packages/airflow/example_dags/example_branch_day_of_week_operator.py
[2022-07-22 14:19:21,762] {logging_mixin.py:115} INFO - [2022-07-22 14:19:21,762] {dag.py:2420} INFO - Sync 1 DAGs
[2022-07-22 14:19:21,784] {logging_mixin.py:115} INFO - [2022-07-22 14:19:21,784] {dag.py:2972} INFO - Setting next_dagrun for example_weekday_branch_operator to 2022-07-21T00:00:00+00:00, run_after=2022-07-22T00:00:00+00:00
[2022-07-22 14:19:21,800] {processor.py:161} INFO - Processing /home/airflow/.local/lib/python3.7/site-packages/airflow/example_dags/example_branch_day_of_week_operator.py took 0.082 seconds
[2022-07-22 14:19:52,059] {processor.py:153} INFO - Started process (PID=2228) to work on /home/airflow/.local/lib/python3.7/site-packages/airflow/example_dags/example_branch_day_of_week_operator.py
[2022-07-22 14:19:52,060] {processor.py:641} INFO - Processing file /home/airflow/.local/lib/python3.7/site-packages/airflow/example_dags/example_branch_day_of_week_operator.py for tasks to queue
[2022-07-22 14:19:52,061] {logging_mixin.py:115} INFO - [2022-07-22 14:19:52,060] {dagbag.py:508} INFO - Filling up the DagBag from /home/airflow/.local/lib/python3.7/site-packages/airflow/example_dags/example_branch_day_of_week_operator.py
[2022-07-22 14:19:52,074] {processor.py:651} INFO - DAG(s) dict_keys(['example_weekday_branch_operator']) retrieved from /home/airflow/.local/lib/python3.7/site-packages/airflow/example_dags/example_branch_day_of_week_operator.py
[2022-07-22 14:19:52,106] {logging_mixin.py:115} INFO - [2022-07-22 14:19:52,106] {dag.py:2420} INFO - Sync 1 DAGs
[2022-07-22 14:19:52,138] {logging_mixin.py:115} INFO - [2022-07-22 14:19:52,138] {dag.py:2972} INFO - Setting next_dagrun for example_weekday_branch_operator to 2022-07-21T00:00:00+00:00, run_after=2022-07-22T00:00:00+00:00
[2022-07-22 14:19:52,152] {processor.py:161} INFO - Processing /home/airflow/.local/lib/python3.7/site-packages/airflow/example_dags/example_branch_day_of_week_operator.py took 0.099 seconds
[2022-07-22 14:20:22,525] {processor.py:153} INFO - Started process (PID=2432) to work on /home/airflow/.local/lib/python3.7/site-packages/airflow/example_dags/example_branch_day_of_week_operator.py
[2022-07-22 14:20:22,526] {processor.py:641} INFO - Processing file /home/airflow/.local/lib/python3.7/site-packages/airflow/example_dags/example_branch_day_of_week_operator.py for tasks to queue
[2022-07-22 14:20:22,527] {logging_mixin.py:115} INFO - [2022-07-22 14:20:22,527] {dagbag.py:508} INFO - Filling up the DagBag from /home/airflow/.local/lib/python3.7/site-packages/airflow/example_dags/example_branch_day_of_week_operator.py
[2022-07-22 14:20:22,545] {processor.py:651} INFO - DAG(s) dict_keys(['example_weekday_branch_operator']) retrieved from /home/airflow/.local/lib/python3.7/site-packages/airflow/example_dags/example_branch_day_of_week_operator.py
[2022-07-22 14:20:22,592] {logging_mixin.py:115} INFO - [2022-07-22 14:20:22,592] {dag.py:2420} INFO - Sync 1 DAGs
[2022-07-22 14:20:22,634] {logging_mixin.py:115} INFO - [2022-07-22 14:20:22,634] {dag.py:2972} INFO - Setting next_dagrun for example_weekday_branch_operator to 2022-07-21T00:00:00+00:00, run_after=2022-07-22T00:00:00+00:00
[2022-07-22 14:20:22,646] {processor.py:161} INFO - Processing /home/airflow/.local/lib/python3.7/site-packages/airflow/example_dags/example_branch_day_of_week_operator.py took 0.127 seconds
[2022-07-22 14:20:53,048] {processor.py:153} INFO - Started process (PID=2633) to work on /home/airflow/.local/lib/python3.7/site-packages/airflow/example_dags/example_branch_day_of_week_operator.py
[2022-07-22 14:20:53,049] {processor.py:641} INFO - Processing file /home/airflow/.local/lib/python3.7/site-packages/airflow/example_dags/example_branch_day_of_week_operator.py for tasks to queue
[2022-07-22 14:20:53,050] {logging_mixin.py:115} INFO - [2022-07-22 14:20:53,050] {dagbag.py:508} INFO - Filling up the DagBag from /home/airflow/.local/lib/python3.7/site-packages/airflow/example_dags/example_branch_day_of_week_operator.py
[2022-07-22 14:20:53,075] {processor.py:651} INFO - DAG(s) dict_keys(['example_weekday_branch_operator']) retrieved from /home/airflow/.local/lib/python3.7/site-packages/airflow/example_dags/example_branch_day_of_week_operator.py
[2022-07-22 14:20:53,115] {logging_mixin.py:115} INFO - [2022-07-22 14:20:53,115] {dag.py:2420} INFO - Sync 1 DAGs
[2022-07-22 14:20:53,164] {logging_mixin.py:115} INFO - [2022-07-22 14:20:53,163] {dag.py:2972} INFO - Setting next_dagrun for example_weekday_branch_operator to 2022-07-21T00:00:00+00:00, run_after=2022-07-22T00:00:00+00:00
[2022-07-22 14:20:53,186] {processor.py:161} INFO - Processing /home/airflow/.local/lib/python3.7/site-packages/airflow/example_dags/example_branch_day_of_week_operator.py took 0.144 seconds
[2022-07-22 14:21:23,460] {processor.py:153} INFO - Started process (PID=2827) to work on /home/airflow/.local/lib/python3.7/site-packages/airflow/example_dags/example_branch_day_of_week_operator.py
[2022-07-22 14:21:23,461] {processor.py:641} INFO - Processing file /home/airflow/.local/lib/python3.7/site-packages/airflow/example_dags/example_branch_day_of_week_operator.py for tasks to queue
[2022-07-22 14:21:23,462] {logging_mixin.py:115} INFO - [2022-07-22 14:21:23,461] {dagbag.py:508} INFO - Filling up the DagBag from /home/airflow/.local/lib/python3.7/site-packages/airflow/example_dags/example_branch_day_of_week_operator.py
[2022-07-22 14:21:23,476] {processor.py:651} INFO - DAG(s) dict_keys(['example_weekday_branch_operator']) retrieved from /home/airflow/.local/lib/python3.7/site-packages/airflow/example_dags/example_branch_day_of_week_operator.py
[2022-07-22 14:21:23,526] {logging_mixin.py:115} INFO - [2022-07-22 14:21:23,526] {dag.py:2420} INFO - Sync 1 DAGs
[2022-07-22 14:21:23,558] {logging_mixin.py:115} INFO - [2022-07-22 14:21:23,558] {dag.py:2972} INFO - Setting next_dagrun for example_weekday_branch_operator to 2022-07-21T00:00:00+00:00, run_after=2022-07-22T00:00:00+00:00
[2022-07-22 14:21:23,571] {processor.py:161} INFO - Processing /home/airflow/.local/lib/python3.7/site-packages/airflow/example_dags/example_branch_day_of_week_operator.py took 0.116 seconds
[2022-07-22 14:21:54,533] {processor.py:153} INFO - Started process (PID=3027) to work on /home/airflow/.local/lib/python3.7/site-packages/airflow/example_dags/example_branch_day_of_week_operator.py
[2022-07-22 14:21:54,534] {processor.py:641} INFO - Processing file /home/airflow/.local/lib/python3.7/site-packages/airflow/example_dags/example_branch_day_of_week_operator.py for tasks to queue
[2022-07-22 14:21:54,535] {logging_mixin.py:115} INFO - [2022-07-22 14:21:54,535] {dagbag.py:508} INFO - Filling up the DagBag from /home/airflow/.local/lib/python3.7/site-packages/airflow/example_dags/example_branch_day_of_week_operator.py
[2022-07-22 14:21:54,553] {processor.py:651} INFO - DAG(s) dict_keys(['example_weekday_branch_operator']) retrieved from /home/airflow/.local/lib/python3.7/site-packages/airflow/example_dags/example_branch_day_of_week_operator.py
[2022-07-22 14:21:54,585] {logging_mixin.py:115} INFO - [2022-07-22 14:21:54,585] {dag.py:2420} INFO - Sync 1 DAGs
[2022-07-22 14:21:54,605] {logging_mixin.py:115} INFO - [2022-07-22 14:21:54,605] {dag.py:2972} INFO - Setting next_dagrun for example_weekday_branch_operator to 2022-07-21T00:00:00+00:00, run_after=2022-07-22T00:00:00+00:00
[2022-07-22 14:21:54,618] {processor.py:161} INFO - Processing /home/airflow/.local/lib/python3.7/site-packages/airflow/example_dags/example_branch_day_of_week_operator.py took 0.091 seconds
[2022-07-22 14:22:25,003] {processor.py:153} INFO - Started process (PID=3231) to work on /home/airflow/.local/lib/python3.7/site-packages/airflow/example_dags/example_branch_day_of_week_operator.py
[2022-07-22 14:22:25,004] {processor.py:641} INFO - Processing file /home/airflow/.local/lib/python3.7/site-packages/airflow/example_dags/example_branch_day_of_week_operator.py for tasks to queue
[2022-07-22 14:22:25,006] {logging_mixin.py:115} INFO - [2022-07-22 14:22:25,005] {dagbag.py:508} INFO - Filling up the DagBag from /home/airflow/.local/lib/python3.7/site-packages/airflow/example_dags/example_branch_day_of_week_operator.py
[2022-07-22 14:22:25,024] {processor.py:651} INFO - DAG(s) dict_keys(['example_weekday_branch_operator']) retrieved from /home/airflow/.local/lib/python3.7/site-packages/airflow/example_dags/example_branch_day_of_week_operator.py
[2022-07-22 14:22:25,074] {logging_mixin.py:115} INFO - [2022-07-22 14:22:25,074] {dag.py:2420} INFO - Sync 1 DAGs
[2022-07-22 14:22:25,124] {logging_mixin.py:115} INFO - [2022-07-22 14:22:25,124] {dag.py:2972} INFO - Setting next_dagrun for example_weekday_branch_operator to 2022-07-21T00:00:00+00:00, run_after=2022-07-22T00:00:00+00:00
[2022-07-22 14:22:25,142] {processor.py:161} INFO - Processing /home/airflow/.local/lib/python3.7/site-packages/airflow/example_dags/example_branch_day_of_week_operator.py took 0.145 seconds
[2022-07-22 14:22:55,373] {processor.py:153} INFO - Started process (PID=3422) to work on /home/airflow/.local/lib/python3.7/site-packages/airflow/example_dags/example_branch_day_of_week_operator.py
[2022-07-22 14:22:55,374] {processor.py:641} INFO - Processing file /home/airflow/.local/lib/python3.7/site-packages/airflow/example_dags/example_branch_day_of_week_operator.py for tasks to queue
[2022-07-22 14:22:55,375] {logging_mixin.py:115} INFO - [2022-07-22 14:22:55,375] {dagbag.py:508} INFO - Filling up the DagBag from /home/airflow/.local/lib/python3.7/site-packages/airflow/example_dags/example_branch_day_of_week_operator.py
[2022-07-22 14:22:55,385] {processor.py:651} INFO - DAG(s) dict_keys(['example_weekday_branch_operator']) retrieved from /home/airflow/.local/lib/python3.7/site-packages/airflow/example_dags/example_branch_day_of_week_operator.py
[2022-07-22 14:22:55,412] {logging_mixin.py:115} INFO - [2022-07-22 14:22:55,412] {dag.py:2420} INFO - Sync 1 DAGs
[2022-07-22 14:22:55,439] {logging_mixin.py:115} INFO - [2022-07-22 14:22:55,439] {dag.py:2972} INFO - Setting next_dagrun for example_weekday_branch_operator to 2022-07-21T00:00:00+00:00, run_after=2022-07-22T00:00:00+00:00
[2022-07-22 14:22:55,458] {processor.py:161} INFO - Processing /home/airflow/.local/lib/python3.7/site-packages/airflow/example_dags/example_branch_day_of_week_operator.py took 0.089 seconds
[2022-07-22 14:23:25,856] {processor.py:153} INFO - Started process (PID=3623) to work on /home/airflow/.local/lib/python3.7/site-packages/airflow/example_dags/example_branch_day_of_week_operator.py
[2022-07-22 14:23:25,857] {processor.py:641} INFO - Processing file /home/airflow/.local/lib/python3.7/site-packages/airflow/example_dags/example_branch_day_of_week_operator.py for tasks to queue
[2022-07-22 14:23:25,858] {logging_mixin.py:115} INFO - [2022-07-22 14:23:25,858] {dagbag.py:508} INFO - Filling up the DagBag from /home/airflow/.local/lib/python3.7/site-packages/airflow/example_dags/example_branch_day_of_week_operator.py
[2022-07-22 14:23:25,876] {processor.py:651} INFO - DAG(s) dict_keys(['example_weekday_branch_operator']) retrieved from /home/airflow/.local/lib/python3.7/site-packages/airflow/example_dags/example_branch_day_of_week_operator.py
[2022-07-22 14:23:25,921] {logging_mixin.py:115} INFO - [2022-07-22 14:23:25,921] {dag.py:2420} INFO - Sync 1 DAGs
[2022-07-22 14:23:25,956] {logging_mixin.py:115} INFO - [2022-07-22 14:23:25,955] {dag.py:2972} INFO - Setting next_dagrun for example_weekday_branch_operator to 2022-07-21T00:00:00+00:00, run_after=2022-07-22T00:00:00+00:00
[2022-07-22 14:23:25,975] {processor.py:161} INFO - Processing /home/airflow/.local/lib/python3.7/site-packages/airflow/example_dags/example_branch_day_of_week_operator.py took 0.124 seconds
[2022-07-22 14:23:56,128] {processor.py:153} INFO - Started process (PID=3825) to work on /home/airflow/.local/lib/python3.7/site-packages/airflow/example_dags/example_branch_day_of_week_operator.py
[2022-07-22 14:23:56,129] {processor.py:641} INFO - Processing file /home/airflow/.local/lib/python3.7/site-packages/airflow/example_dags/example_branch_day_of_week_operator.py for tasks to queue
[2022-07-22 14:23:56,130] {logging_mixin.py:115} INFO - [2022-07-22 14:23:56,129] {dagbag.py:508} INFO - Filling up the DagBag from /home/airflow/.local/lib/python3.7/site-packages/airflow/example_dags/example_branch_day_of_week_operator.py
[2022-07-22 14:23:56,136] {processor.py:651} INFO - DAG(s) dict_keys(['example_weekday_branch_operator']) retrieved from /home/airflow/.local/lib/python3.7/site-packages/airflow/example_dags/example_branch_day_of_week_operator.py
[2022-07-22 14:23:56,182] {logging_mixin.py:115} INFO - [2022-07-22 14:23:56,182] {dag.py:2420} INFO - Sync 1 DAGs
[2022-07-22 14:23:56,221] {logging_mixin.py:115} INFO - [2022-07-22 14:23:56,221] {dag.py:2972} INFO - Setting next_dagrun for example_weekday_branch_operator to 2022-07-21T00:00:00+00:00, run_after=2022-07-22T00:00:00+00:00
[2022-07-22 14:23:56,244] {processor.py:161} INFO - Processing /home/airflow/.local/lib/python3.7/site-packages/airflow/example_dags/example_branch_day_of_week_operator.py took 0.118 seconds
[2022-07-22 14:24:26,612] {processor.py:153} INFO - Started process (PID=4018) to work on /home/airflow/.local/lib/python3.7/site-packages/airflow/example_dags/example_branch_day_of_week_operator.py
[2022-07-22 14:24:26,614] {processor.py:641} INFO - Processing file /home/airflow/.local/lib/python3.7/site-packages/airflow/example_dags/example_branch_day_of_week_operator.py for tasks to queue
[2022-07-22 14:24:26,616] {logging_mixin.py:115} INFO - [2022-07-22 14:24:26,616] {dagbag.py:508} INFO - Filling up the DagBag from /home/airflow/.local/lib/python3.7/site-packages/airflow/example_dags/example_branch_day_of_week_operator.py
[2022-07-22 14:24:26,636] {processor.py:651} INFO - DAG(s) dict_keys(['example_weekday_branch_operator']) retrieved from /home/airflow/.local/lib/python3.7/site-packages/airflow/example_dags/example_branch_day_of_week_operator.py
[2022-07-22 14:24:26,679] {logging_mixin.py:115} INFO - [2022-07-22 14:24:26,678] {dag.py:2420} INFO - Sync 1 DAGs
[2022-07-22 14:24:26,725] {logging_mixin.py:115} INFO - [2022-07-22 14:24:26,725] {dag.py:2972} INFO - Setting next_dagrun for example_weekday_branch_operator to 2022-07-21T00:00:00+00:00, run_after=2022-07-22T00:00:00+00:00
[2022-07-22 14:24:26,738] {processor.py:161} INFO - Processing /home/airflow/.local/lib/python3.7/site-packages/airflow/example_dags/example_branch_day_of_week_operator.py took 0.134 seconds
[2022-07-22 14:24:57,109] {processor.py:153} INFO - Started process (PID=4222) to work on /home/airflow/.local/lib/python3.7/site-packages/airflow/example_dags/example_branch_day_of_week_operator.py
[2022-07-22 14:24:57,110] {processor.py:641} INFO - Processing file /home/airflow/.local/lib/python3.7/site-packages/airflow/example_dags/example_branch_day_of_week_operator.py for tasks to queue
[2022-07-22 14:24:57,112] {logging_mixin.py:115} INFO - [2022-07-22 14:24:57,112] {dagbag.py:508} INFO - Filling up the DagBag from /home/airflow/.local/lib/python3.7/site-packages/airflow/example_dags/example_branch_day_of_week_operator.py
[2022-07-22 14:24:57,131] {processor.py:651} INFO - DAG(s) dict_keys(['example_weekday_branch_operator']) retrieved from /home/airflow/.local/lib/python3.7/site-packages/airflow/example_dags/example_branch_day_of_week_operator.py
[2022-07-22 14:24:57,182] {logging_mixin.py:115} INFO - [2022-07-22 14:24:57,181] {dag.py:2420} INFO - Sync 1 DAGs
[2022-07-22 14:24:57,233] {logging_mixin.py:115} INFO - [2022-07-22 14:24:57,232] {dag.py:2972} INFO - Setting next_dagrun for example_weekday_branch_operator to 2022-07-21T00:00:00+00:00, run_after=2022-07-22T00:00:00+00:00
[2022-07-22 14:24:57,244] {processor.py:161} INFO - Processing /home/airflow/.local/lib/python3.7/site-packages/airflow/example_dags/example_branch_day_of_week_operator.py took 0.143 seconds
[2022-07-22 14:25:27,272] {processor.py:153} INFO - Started process (PID=4424) to work on /home/airflow/.local/lib/python3.7/site-packages/airflow/example_dags/example_branch_day_of_week_operator.py
[2022-07-22 14:25:27,273] {processor.py:641} INFO - Processing file /home/airflow/.local/lib/python3.7/site-packages/airflow/example_dags/example_branch_day_of_week_operator.py for tasks to queue
[2022-07-22 14:25:27,273] {logging_mixin.py:115} INFO - [2022-07-22 14:25:27,273] {dagbag.py:508} INFO - Filling up the DagBag from /home/airflow/.local/lib/python3.7/site-packages/airflow/example_dags/example_branch_day_of_week_operator.py
[2022-07-22 14:25:27,279] {processor.py:651} INFO - DAG(s) dict_keys(['example_weekday_branch_operator']) retrieved from /home/airflow/.local/lib/python3.7/site-packages/airflow/example_dags/example_branch_day_of_week_operator.py
[2022-07-22 14:25:27,308] {logging_mixin.py:115} INFO - [2022-07-22 14:25:27,308] {dag.py:2420} INFO - Sync 1 DAGs
[2022-07-22 14:25:27,329] {logging_mixin.py:115} INFO - [2022-07-22 14:25:27,328] {dag.py:2972} INFO - Setting next_dagrun for example_weekday_branch_operator to 2022-07-21T00:00:00+00:00, run_after=2022-07-22T00:00:00+00:00
[2022-07-22 14:25:27,339] {processor.py:161} INFO - Processing /home/airflow/.local/lib/python3.7/site-packages/airflow/example_dags/example_branch_day_of_week_operator.py took 0.069 seconds
[2022-07-22 14:25:57,836] {processor.py:153} INFO - Started process (PID=4615) to work on /home/airflow/.local/lib/python3.7/site-packages/airflow/example_dags/example_branch_day_of_week_operator.py
[2022-07-22 14:25:57,837] {processor.py:641} INFO - Processing file /home/airflow/.local/lib/python3.7/site-packages/airflow/example_dags/example_branch_day_of_week_operator.py for tasks to queue
[2022-07-22 14:25:57,838] {logging_mixin.py:115} INFO - [2022-07-22 14:25:57,838] {dagbag.py:508} INFO - Filling up the DagBag from /home/airflow/.local/lib/python3.7/site-packages/airflow/example_dags/example_branch_day_of_week_operator.py
[2022-07-22 14:25:57,857] {processor.py:651} INFO - DAG(s) dict_keys(['example_weekday_branch_operator']) retrieved from /home/airflow/.local/lib/python3.7/site-packages/airflow/example_dags/example_branch_day_of_week_operator.py
[2022-07-22 14:25:57,909] {logging_mixin.py:115} INFO - [2022-07-22 14:25:57,909] {dag.py:2420} INFO - Sync 1 DAGs
[2022-07-22 14:25:57,964] {logging_mixin.py:115} INFO - [2022-07-22 14:25:57,964] {dag.py:2972} INFO - Setting next_dagrun for example_weekday_branch_operator to 2022-07-21T00:00:00+00:00, run_after=2022-07-22T00:00:00+00:00
[2022-07-22 14:25:57,988] {processor.py:161} INFO - Processing /home/airflow/.local/lib/python3.7/site-packages/airflow/example_dags/example_branch_day_of_week_operator.py took 0.159 seconds
[2022-07-22 14:26:28,658] {processor.py:153} INFO - Started process (PID=4817) to work on /home/airflow/.local/lib/python3.7/site-packages/airflow/example_dags/example_branch_day_of_week_operator.py
[2022-07-22 14:26:28,658] {processor.py:641} INFO - Processing file /home/airflow/.local/lib/python3.7/site-packages/airflow/example_dags/example_branch_day_of_week_operator.py for tasks to queue
[2022-07-22 14:26:28,659] {logging_mixin.py:115} INFO - [2022-07-22 14:26:28,659] {dagbag.py:508} INFO - Filling up the DagBag from /home/airflow/.local/lib/python3.7/site-packages/airflow/example_dags/example_branch_day_of_week_operator.py
[2022-07-22 14:26:28,668] {processor.py:651} INFO - DAG(s) dict_keys(['example_weekday_branch_operator']) retrieved from /home/airflow/.local/lib/python3.7/site-packages/airflow/example_dags/example_branch_day_of_week_operator.py
[2022-07-22 14:26:28,696] {logging_mixin.py:115} INFO - [2022-07-22 14:26:28,696] {dag.py:2420} INFO - Sync 1 DAGs
[2022-07-22 14:26:28,726] {logging_mixin.py:115} INFO - [2022-07-22 14:26:28,726] {dag.py:2972} INFO - Setting next_dagrun for example_weekday_branch_operator to 2022-07-21T00:00:00+00:00, run_after=2022-07-22T00:00:00+00:00
[2022-07-22 14:26:28,743] {processor.py:161} INFO - Processing /home/airflow/.local/lib/python3.7/site-packages/airflow/example_dags/example_branch_day_of_week_operator.py took 0.089 seconds
[2022-07-22 14:26:59,349] {processor.py:153} INFO - Started process (PID=5020) to work on /home/airflow/.local/lib/python3.7/site-packages/airflow/example_dags/example_branch_day_of_week_operator.py
[2022-07-22 14:26:59,350] {processor.py:641} INFO - Processing file /home/airflow/.local/lib/python3.7/site-packages/airflow/example_dags/example_branch_day_of_week_operator.py for tasks to queue
[2022-07-22 14:26:59,351] {logging_mixin.py:115} INFO - [2022-07-22 14:26:59,351] {dagbag.py:508} INFO - Filling up the DagBag from /home/airflow/.local/lib/python3.7/site-packages/airflow/example_dags/example_branch_day_of_week_operator.py
[2022-07-22 14:26:59,364] {processor.py:651} INFO - DAG(s) dict_keys(['example_weekday_branch_operator']) retrieved from /home/airflow/.local/lib/python3.7/site-packages/airflow/example_dags/example_branch_day_of_week_operator.py
[2022-07-22 14:26:59,409] {logging_mixin.py:115} INFO - [2022-07-22 14:26:59,409] {dag.py:2420} INFO - Sync 1 DAGs
[2022-07-22 14:26:59,449] {logging_mixin.py:115} INFO - [2022-07-22 14:26:59,449] {dag.py:2972} INFO - Setting next_dagrun for example_weekday_branch_operator to 2022-07-21T00:00:00+00:00, run_after=2022-07-22T00:00:00+00:00
[2022-07-22 14:26:59,460] {processor.py:161} INFO - Processing /home/airflow/.local/lib/python3.7/site-packages/airflow/example_dags/example_branch_day_of_week_operator.py took 0.116 seconds
[2022-07-22 14:27:29,901] {processor.py:153} INFO - Started process (PID=5222) to work on /home/airflow/.local/lib/python3.7/site-packages/airflow/example_dags/example_branch_day_of_week_operator.py
[2022-07-22 14:27:29,902] {processor.py:641} INFO - Processing file /home/airflow/.local/lib/python3.7/site-packages/airflow/example_dags/example_branch_day_of_week_operator.py for tasks to queue
[2022-07-22 14:27:29,903] {logging_mixin.py:115} INFO - [2022-07-22 14:27:29,903] {dagbag.py:508} INFO - Filling up the DagBag from /home/airflow/.local/lib/python3.7/site-packages/airflow/example_dags/example_branch_day_of_week_operator.py
[2022-07-22 14:27:29,911] {processor.py:651} INFO - DAG(s) dict_keys(['example_weekday_branch_operator']) retrieved from /home/airflow/.local/lib/python3.7/site-packages/airflow/example_dags/example_branch_day_of_week_operator.py
[2022-07-22 14:27:29,952] {logging_mixin.py:115} INFO - [2022-07-22 14:27:29,951] {dag.py:2420} INFO - Sync 1 DAGs
[2022-07-22 14:27:29,985] {logging_mixin.py:115} INFO - [2022-07-22 14:27:29,985] {dag.py:2972} INFO - Setting next_dagrun for example_weekday_branch_operator to 2022-07-21T00:00:00+00:00, run_after=2022-07-22T00:00:00+00:00
[2022-07-22 14:27:29,998] {processor.py:161} INFO - Processing /home/airflow/.local/lib/python3.7/site-packages/airflow/example_dags/example_branch_day_of_week_operator.py took 0.103 seconds
[2022-07-22 14:28:00,942] {processor.py:153} INFO - Started process (PID=5415) to work on /home/airflow/.local/lib/python3.7/site-packages/airflow/example_dags/example_branch_day_of_week_operator.py
[2022-07-22 14:28:00,943] {processor.py:641} INFO - Processing file /home/airflow/.local/lib/python3.7/site-packages/airflow/example_dags/example_branch_day_of_week_operator.py for tasks to queue
[2022-07-22 14:28:00,944] {logging_mixin.py:115} INFO - [2022-07-22 14:28:00,944] {dagbag.py:508} INFO - Filling up the DagBag from /home/airflow/.local/lib/python3.7/site-packages/airflow/example_dags/example_branch_day_of_week_operator.py
[2022-07-22 14:28:00,961] {processor.py:651} INFO - DAG(s) dict_keys(['example_weekday_branch_operator']) retrieved from /home/airflow/.local/lib/python3.7/site-packages/airflow/example_dags/example_branch_day_of_week_operator.py
[2022-07-22 14:28:00,993] {logging_mixin.py:115} INFO - [2022-07-22 14:28:00,993] {dag.py:2420} INFO - Sync 1 DAGs
[2022-07-22 14:28:01,018] {logging_mixin.py:115} INFO - [2022-07-22 14:28:01,018] {dag.py:2972} INFO - Setting next_dagrun for example_weekday_branch_operator to 2022-07-21T00:00:00+00:00, run_after=2022-07-22T00:00:00+00:00
[2022-07-22 14:28:01,029] {processor.py:161} INFO - Processing /home/airflow/.local/lib/python3.7/site-packages/airflow/example_dags/example_branch_day_of_week_operator.py took 0.093 seconds
[2022-07-22 14:28:31,248] {processor.py:153} INFO - Started process (PID=5617) to work on /home/airflow/.local/lib/python3.7/site-packages/airflow/example_dags/example_branch_day_of_week_operator.py
[2022-07-22 14:28:31,249] {processor.py:641} INFO - Processing file /home/airflow/.local/lib/python3.7/site-packages/airflow/example_dags/example_branch_day_of_week_operator.py for tasks to queue
[2022-07-22 14:28:31,250] {logging_mixin.py:115} INFO - [2022-07-22 14:28:31,250] {dagbag.py:508} INFO - Filling up the DagBag from /home/airflow/.local/lib/python3.7/site-packages/airflow/example_dags/example_branch_day_of_week_operator.py
[2022-07-22 14:28:31,262] {processor.py:651} INFO - DAG(s) dict_keys(['example_weekday_branch_operator']) retrieved from /home/airflow/.local/lib/python3.7/site-packages/airflow/example_dags/example_branch_day_of_week_operator.py
[2022-07-22 14:28:31,298] {logging_mixin.py:115} INFO - [2022-07-22 14:28:31,298] {dag.py:2420} INFO - Sync 1 DAGs
[2022-07-22 14:28:31,339] {logging_mixin.py:115} INFO - [2022-07-22 14:28:31,339] {dag.py:2972} INFO - Setting next_dagrun for example_weekday_branch_operator to 2022-07-21T00:00:00+00:00, run_after=2022-07-22T00:00:00+00:00
[2022-07-22 14:28:31,355] {processor.py:161} INFO - Processing /home/airflow/.local/lib/python3.7/site-packages/airflow/example_dags/example_branch_day_of_week_operator.py took 0.113 seconds
[2022-07-22 14:29:50,639] {processor.py:153} INFO - Started process (PID=214) to work on /home/airflow/.local/lib/python3.7/site-packages/airflow/example_dags/example_branch_day_of_week_operator.py
[2022-07-22 14:29:50,640] {processor.py:641} INFO - Processing file /home/airflow/.local/lib/python3.7/site-packages/airflow/example_dags/example_branch_day_of_week_operator.py for tasks to queue
[2022-07-22 14:29:50,641] {logging_mixin.py:115} INFO - [2022-07-22 14:29:50,641] {dagbag.py:508} INFO - Filling up the DagBag from /home/airflow/.local/lib/python3.7/site-packages/airflow/example_dags/example_branch_day_of_week_operator.py
[2022-07-22 14:29:50,650] {processor.py:651} INFO - DAG(s) dict_keys(['example_weekday_branch_operator']) retrieved from /home/airflow/.local/lib/python3.7/site-packages/airflow/example_dags/example_branch_day_of_week_operator.py
[2022-07-22 14:29:50,686] {logging_mixin.py:115} INFO - [2022-07-22 14:29:50,686] {dag.py:2420} INFO - Sync 1 DAGs
[2022-07-22 14:29:50,711] {logging_mixin.py:115} INFO - [2022-07-22 14:29:50,711] {dag.py:2972} INFO - Setting next_dagrun for example_weekday_branch_operator to 2022-07-21T00:00:00+00:00, run_after=2022-07-22T00:00:00+00:00
[2022-07-22 14:29:50,728] {processor.py:161} INFO - Processing /home/airflow/.local/lib/python3.7/site-packages/airflow/example_dags/example_branch_day_of_week_operator.py took 0.091 seconds
[2022-07-22 14:30:21,469] {processor.py:153} INFO - Started process (PID=421) to work on /home/airflow/.local/lib/python3.7/site-packages/airflow/example_dags/example_branch_day_of_week_operator.py
[2022-07-22 14:30:21,470] {processor.py:641} INFO - Processing file /home/airflow/.local/lib/python3.7/site-packages/airflow/example_dags/example_branch_day_of_week_operator.py for tasks to queue
[2022-07-22 14:30:21,471] {logging_mixin.py:115} INFO - [2022-07-22 14:30:21,471] {dagbag.py:508} INFO - Filling up the DagBag from /home/airflow/.local/lib/python3.7/site-packages/airflow/example_dags/example_branch_day_of_week_operator.py
[2022-07-22 14:30:21,484] {processor.py:651} INFO - DAG(s) dict_keys(['example_weekday_branch_operator']) retrieved from /home/airflow/.local/lib/python3.7/site-packages/airflow/example_dags/example_branch_day_of_week_operator.py
[2022-07-22 14:30:21,508] {logging_mixin.py:115} INFO - [2022-07-22 14:30:21,508] {dag.py:2420} INFO - Sync 1 DAGs
[2022-07-22 14:30:21,533] {logging_mixin.py:115} INFO - [2022-07-22 14:30:21,533] {dag.py:2972} INFO - Setting next_dagrun for example_weekday_branch_operator to 2022-07-21T00:00:00+00:00, run_after=2022-07-22T00:00:00+00:00
[2022-07-22 14:30:21,564] {processor.py:161} INFO - Processing /home/airflow/.local/lib/python3.7/site-packages/airflow/example_dags/example_branch_day_of_week_operator.py took 0.098 seconds
[2022-07-22 14:30:52,320] {processor.py:153} INFO - Started process (PID=628) to work on /home/airflow/.local/lib/python3.7/site-packages/airflow/example_dags/example_branch_day_of_week_operator.py
[2022-07-22 14:30:52,321] {processor.py:641} INFO - Processing file /home/airflow/.local/lib/python3.7/site-packages/airflow/example_dags/example_branch_day_of_week_operator.py for tasks to queue
[2022-07-22 14:30:52,323] {logging_mixin.py:115} INFO - [2022-07-22 14:30:52,322] {dagbag.py:508} INFO - Filling up the DagBag from /home/airflow/.local/lib/python3.7/site-packages/airflow/example_dags/example_branch_day_of_week_operator.py
[2022-07-22 14:30:52,340] {processor.py:651} INFO - DAG(s) dict_keys(['example_weekday_branch_operator']) retrieved from /home/airflow/.local/lib/python3.7/site-packages/airflow/example_dags/example_branch_day_of_week_operator.py
[2022-07-22 14:30:52,373] {logging_mixin.py:115} INFO - [2022-07-22 14:30:52,373] {dag.py:2420} INFO - Sync 1 DAGs
[2022-07-22 14:30:52,401] {logging_mixin.py:115} INFO - [2022-07-22 14:30:52,401] {dag.py:2972} INFO - Setting next_dagrun for example_weekday_branch_operator to 2022-07-21T00:00:00+00:00, run_after=2022-07-22T00:00:00+00:00
[2022-07-22 14:30:52,416] {processor.py:161} INFO - Processing /home/airflow/.local/lib/python3.7/site-packages/airflow/example_dags/example_branch_day_of_week_operator.py took 0.101 seconds
[2022-07-22 14:31:23,011] {processor.py:153} INFO - Started process (PID=821) to work on /home/airflow/.local/lib/python3.7/site-packages/airflow/example_dags/example_branch_day_of_week_operator.py
[2022-07-22 14:31:23,011] {processor.py:641} INFO - Processing file /home/airflow/.local/lib/python3.7/site-packages/airflow/example_dags/example_branch_day_of_week_operator.py for tasks to queue
[2022-07-22 14:31:23,012] {logging_mixin.py:115} INFO - [2022-07-22 14:31:23,012] {dagbag.py:508} INFO - Filling up the DagBag from /home/airflow/.local/lib/python3.7/site-packages/airflow/example_dags/example_branch_day_of_week_operator.py
[2022-07-22 14:31:23,019] {processor.py:651} INFO - DAG(s) dict_keys(['example_weekday_branch_operator']) retrieved from /home/airflow/.local/lib/python3.7/site-packages/airflow/example_dags/example_branch_day_of_week_operator.py
[2022-07-22 14:31:23,055] {logging_mixin.py:115} INFO - [2022-07-22 14:31:23,055] {dag.py:2420} INFO - Sync 1 DAGs
[2022-07-22 14:31:23,102] {logging_mixin.py:115} INFO - [2022-07-22 14:31:23,102] {dag.py:2972} INFO - Setting next_dagrun for example_weekday_branch_operator to 2022-07-21T00:00:00+00:00, run_after=2022-07-22T00:00:00+00:00
[2022-07-22 14:31:23,123] {processor.py:161} INFO - Processing /home/airflow/.local/lib/python3.7/site-packages/airflow/example_dags/example_branch_day_of_week_operator.py took 0.115 seconds
[2022-07-22 14:31:53,692] {processor.py:153} INFO - Started process (PID=1023) to work on /home/airflow/.local/lib/python3.7/site-packages/airflow/example_dags/example_branch_day_of_week_operator.py
[2022-07-22 14:31:53,693] {processor.py:641} INFO - Processing file /home/airflow/.local/lib/python3.7/site-packages/airflow/example_dags/example_branch_day_of_week_operator.py for tasks to queue
[2022-07-22 14:31:53,693] {logging_mixin.py:115} INFO - [2022-07-22 14:31:53,693] {dagbag.py:508} INFO - Filling up the DagBag from /home/airflow/.local/lib/python3.7/site-packages/airflow/example_dags/example_branch_day_of_week_operator.py
[2022-07-22 14:31:53,700] {processor.py:651} INFO - DAG(s) dict_keys(['example_weekday_branch_operator']) retrieved from /home/airflow/.local/lib/python3.7/site-packages/airflow/example_dags/example_branch_day_of_week_operator.py
[2022-07-22 14:31:53,729] {logging_mixin.py:115} INFO - [2022-07-22 14:31:53,728] {dag.py:2420} INFO - Sync 1 DAGs
[2022-07-22 14:31:53,770] {logging_mixin.py:115} INFO - [2022-07-22 14:31:53,769] {dag.py:2972} INFO - Setting next_dagrun for example_weekday_branch_operator to 2022-07-21T00:00:00+00:00, run_after=2022-07-22T00:00:00+00:00
[2022-07-22 14:31:53,793] {processor.py:161} INFO - Processing /home/airflow/.local/lib/python3.7/site-packages/airflow/example_dags/example_branch_day_of_week_operator.py took 0.103 seconds
[2022-07-22 14:32:24,792] {processor.py:153} INFO - Started process (PID=1245) to work on /home/airflow/.local/lib/python3.7/site-packages/airflow/example_dags/example_branch_day_of_week_operator.py
[2022-07-22 14:32:24,793] {processor.py:641} INFO - Processing file /home/airflow/.local/lib/python3.7/site-packages/airflow/example_dags/example_branch_day_of_week_operator.py for tasks to queue
[2022-07-22 14:32:24,794] {logging_mixin.py:115} INFO - [2022-07-22 14:32:24,794] {dagbag.py:508} INFO - Filling up the DagBag from /home/airflow/.local/lib/python3.7/site-packages/airflow/example_dags/example_branch_day_of_week_operator.py
[2022-07-22 14:32:24,813] {processor.py:651} INFO - DAG(s) dict_keys(['example_weekday_branch_operator']) retrieved from /home/airflow/.local/lib/python3.7/site-packages/airflow/example_dags/example_branch_day_of_week_operator.py
[2022-07-22 14:32:24,846] {logging_mixin.py:115} INFO - [2022-07-22 14:32:24,846] {dag.py:2420} INFO - Sync 1 DAGs
[2022-07-22 14:32:24,878] {logging_mixin.py:115} INFO - [2022-07-22 14:32:24,878] {dag.py:2972} INFO - Setting next_dagrun for example_weekday_branch_operator to 2022-07-21T00:00:00+00:00, run_after=2022-07-22T00:00:00+00:00
[2022-07-22 14:32:24,893] {processor.py:161} INFO - Processing /home/airflow/.local/lib/python3.7/site-packages/airflow/example_dags/example_branch_day_of_week_operator.py took 0.106 seconds
[2022-07-22 14:32:55,663] {processor.py:153} INFO - Started process (PID=1440) to work on /home/airflow/.local/lib/python3.7/site-packages/airflow/example_dags/example_branch_day_of_week_operator.py
[2022-07-22 14:32:55,664] {processor.py:641} INFO - Processing file /home/airflow/.local/lib/python3.7/site-packages/airflow/example_dags/example_branch_day_of_week_operator.py for tasks to queue
[2022-07-22 14:32:55,665] {logging_mixin.py:115} INFO - [2022-07-22 14:32:55,665] {dagbag.py:508} INFO - Filling up the DagBag from /home/airflow/.local/lib/python3.7/site-packages/airflow/example_dags/example_branch_day_of_week_operator.py
[2022-07-22 14:32:55,681] {processor.py:651} INFO - DAG(s) dict_keys(['example_weekday_branch_operator']) retrieved from /home/airflow/.local/lib/python3.7/site-packages/airflow/example_dags/example_branch_day_of_week_operator.py
[2022-07-22 14:32:55,729] {logging_mixin.py:115} INFO - [2022-07-22 14:32:55,729] {dag.py:2420} INFO - Sync 1 DAGs
[2022-07-22 14:32:55,768] {logging_mixin.py:115} INFO - [2022-07-22 14:32:55,768] {dag.py:2972} INFO - Setting next_dagrun for example_weekday_branch_operator to 2022-07-21T00:00:00+00:00, run_after=2022-07-22T00:00:00+00:00
[2022-07-22 14:32:55,790] {processor.py:161} INFO - Processing /home/airflow/.local/lib/python3.7/site-packages/airflow/example_dags/example_branch_day_of_week_operator.py took 0.132 seconds
[2022-07-22 14:33:26,584] {processor.py:153} INFO - Started process (PID=1637) to work on /home/airflow/.local/lib/python3.7/site-packages/airflow/example_dags/example_branch_day_of_week_operator.py
[2022-07-22 14:33:26,584] {processor.py:641} INFO - Processing file /home/airflow/.local/lib/python3.7/site-packages/airflow/example_dags/example_branch_day_of_week_operator.py for tasks to queue
[2022-07-22 14:33:26,585] {logging_mixin.py:115} INFO - [2022-07-22 14:33:26,585] {dagbag.py:508} INFO - Filling up the DagBag from /home/airflow/.local/lib/python3.7/site-packages/airflow/example_dags/example_branch_day_of_week_operator.py
[2022-07-22 14:33:26,602] {processor.py:651} INFO - DAG(s) dict_keys(['example_weekday_branch_operator']) retrieved from /home/airflow/.local/lib/python3.7/site-packages/airflow/example_dags/example_branch_day_of_week_operator.py
[2022-07-22 14:33:26,628] {logging_mixin.py:115} INFO - [2022-07-22 14:33:26,627] {dag.py:2420} INFO - Sync 1 DAGs
[2022-07-22 14:33:26,659] {logging_mixin.py:115} INFO - [2022-07-22 14:33:26,659] {dag.py:2972} INFO - Setting next_dagrun for example_weekday_branch_operator to 2022-07-21T00:00:00+00:00, run_after=2022-07-22T00:00:00+00:00
[2022-07-22 14:33:26,678] {processor.py:161} INFO - Processing /home/airflow/.local/lib/python3.7/site-packages/airflow/example_dags/example_branch_day_of_week_operator.py took 0.099 seconds
[2022-07-22 14:34:49,226] {processor.py:153} INFO - Started process (PID=213) to work on /home/airflow/.local/lib/python3.7/site-packages/airflow/example_dags/example_branch_day_of_week_operator.py
[2022-07-22 14:34:49,226] {processor.py:641} INFO - Processing file /home/airflow/.local/lib/python3.7/site-packages/airflow/example_dags/example_branch_day_of_week_operator.py for tasks to queue
[2022-07-22 14:34:49,227] {logging_mixin.py:115} INFO - [2022-07-22 14:34:49,227] {dagbag.py:508} INFO - Filling up the DagBag from /home/airflow/.local/lib/python3.7/site-packages/airflow/example_dags/example_branch_day_of_week_operator.py
[2022-07-22 14:34:49,234] {processor.py:651} INFO - DAG(s) dict_keys(['example_weekday_branch_operator']) retrieved from /home/airflow/.local/lib/python3.7/site-packages/airflow/example_dags/example_branch_day_of_week_operator.py
[2022-07-22 14:34:49,271] {logging_mixin.py:115} INFO - [2022-07-22 14:34:49,271] {dag.py:2420} INFO - Sync 1 DAGs
[2022-07-22 14:34:49,310] {logging_mixin.py:115} INFO - [2022-07-22 14:34:49,310] {dag.py:2972} INFO - Setting next_dagrun for example_weekday_branch_operator to 2022-07-21T00:00:00+00:00, run_after=2022-07-22T00:00:00+00:00
[2022-07-22 14:34:49,324] {processor.py:161} INFO - Processing /home/airflow/.local/lib/python3.7/site-packages/airflow/example_dags/example_branch_day_of_week_operator.py took 0.101 seconds
[2022-07-22 14:35:19,980] {processor.py:153} INFO - Started process (PID=416) to work on /home/airflow/.local/lib/python3.7/site-packages/airflow/example_dags/example_branch_day_of_week_operator.py
[2022-07-22 14:35:19,981] {processor.py:641} INFO - Processing file /home/airflow/.local/lib/python3.7/site-packages/airflow/example_dags/example_branch_day_of_week_operator.py for tasks to queue
[2022-07-22 14:35:19,982] {logging_mixin.py:115} INFO - [2022-07-22 14:35:19,982] {dagbag.py:508} INFO - Filling up the DagBag from /home/airflow/.local/lib/python3.7/site-packages/airflow/example_dags/example_branch_day_of_week_operator.py
[2022-07-22 14:35:19,993] {processor.py:651} INFO - DAG(s) dict_keys(['example_weekday_branch_operator']) retrieved from /home/airflow/.local/lib/python3.7/site-packages/airflow/example_dags/example_branch_day_of_week_operator.py
[2022-07-22 14:35:20,023] {logging_mixin.py:115} INFO - [2022-07-22 14:35:20,023] {dag.py:2420} INFO - Sync 1 DAGs
[2022-07-22 14:35:20,048] {logging_mixin.py:115} INFO - [2022-07-22 14:35:20,048] {dag.py:2972} INFO - Setting next_dagrun for example_weekday_branch_operator to 2022-07-21T00:00:00+00:00, run_after=2022-07-22T00:00:00+00:00
[2022-07-22 14:35:20,060] {processor.py:161} INFO - Processing /home/airflow/.local/lib/python3.7/site-packages/airflow/example_dags/example_branch_day_of_week_operator.py took 0.085 seconds
