[2022-07-22 14:06:12,720] {processor.py:153} INFO - Started process (PID=215) to work on /home/airflow/.local/lib/python3.7/site-packages/airflow/example_dags/tutorial_etl_dag.py
[2022-07-22 14:06:12,721] {processor.py:641} INFO - Processing file /home/airflow/.local/lib/python3.7/site-packages/airflow/example_dags/tutorial_etl_dag.py for tasks to queue
[2022-07-22 14:06:12,722] {logging_mixin.py:115} INFO - [2022-07-22 14:06:12,722] {dagbag.py:508} INFO - Filling up the DagBag from /home/airflow/.local/lib/python3.7/site-packages/airflow/example_dags/tutorial_etl_dag.py
[2022-07-22 14:06:12,731] {processor.py:651} INFO - DAG(s) dict_keys(['tutorial_etl_dag']) retrieved from /home/airflow/.local/lib/python3.7/site-packages/airflow/example_dags/tutorial_etl_dag.py
[2022-07-22 14:06:12,830] {logging_mixin.py:115} INFO - [2022-07-22 14:06:12,830] {manager.py:508} INFO - Created Permission View: can read on DAG:tutorial_etl_dag
[2022-07-22 14:06:12,840] {logging_mixin.py:115} INFO - [2022-07-22 14:06:12,840] {manager.py:508} INFO - Created Permission View: can delete on DAG:tutorial_etl_dag
[2022-07-22 14:06:12,857] {logging_mixin.py:115} INFO - [2022-07-22 14:06:12,856] {manager.py:508} INFO - Created Permission View: can edit on DAG:tutorial_etl_dag
[2022-07-22 14:06:12,857] {logging_mixin.py:115} INFO - [2022-07-22 14:06:12,857] {dag.py:2420} INFO - Sync 1 DAGs
[2022-07-22 14:06:12,866] {logging_mixin.py:115} INFO - [2022-07-22 14:06:12,866] {dag.py:2439} INFO - Creating ORM DAG for tutorial_etl_dag
[2022-07-22 14:06:12,882] {logging_mixin.py:115} INFO - [2022-07-22 14:06:12,882] {dag.py:2972} INFO - Setting next_dagrun for tutorial_etl_dag to None, run_after=None
[2022-07-22 14:06:12,900] {processor.py:161} INFO - Processing /home/airflow/.local/lib/python3.7/site-packages/airflow/example_dags/tutorial_etl_dag.py took 0.184 seconds
[2022-07-22 14:06:43,620] {processor.py:153} INFO - Started process (PID=410) to work on /home/airflow/.local/lib/python3.7/site-packages/airflow/example_dags/tutorial_etl_dag.py
[2022-07-22 14:06:43,621] {processor.py:641} INFO - Processing file /home/airflow/.local/lib/python3.7/site-packages/airflow/example_dags/tutorial_etl_dag.py for tasks to queue
[2022-07-22 14:06:43,622] {logging_mixin.py:115} INFO - [2022-07-22 14:06:43,622] {dagbag.py:508} INFO - Filling up the DagBag from /home/airflow/.local/lib/python3.7/site-packages/airflow/example_dags/tutorial_etl_dag.py
[2022-07-22 14:06:43,634] {processor.py:651} INFO - DAG(s) dict_keys(['tutorial_etl_dag']) retrieved from /home/airflow/.local/lib/python3.7/site-packages/airflow/example_dags/tutorial_etl_dag.py
[2022-07-22 14:06:43,658] {logging_mixin.py:115} INFO - [2022-07-22 14:06:43,658] {dag.py:2420} INFO - Sync 1 DAGs
[2022-07-22 14:06:43,687] {logging_mixin.py:115} INFO - [2022-07-22 14:06:43,687] {dag.py:2972} INFO - Setting next_dagrun for tutorial_etl_dag to None, run_after=None
[2022-07-22 14:06:43,705] {processor.py:161} INFO - Processing /home/airflow/.local/lib/python3.7/site-packages/airflow/example_dags/tutorial_etl_dag.py took 0.090 seconds
[2022-07-22 14:07:14,155] {processor.py:153} INFO - Started process (PID=607) to work on /home/airflow/.local/lib/python3.7/site-packages/airflow/example_dags/tutorial_etl_dag.py
[2022-07-22 14:07:14,156] {processor.py:641} INFO - Processing file /home/airflow/.local/lib/python3.7/site-packages/airflow/example_dags/tutorial_etl_dag.py for tasks to queue
[2022-07-22 14:07:14,157] {logging_mixin.py:115} INFO - [2022-07-22 14:07:14,157] {dagbag.py:508} INFO - Filling up the DagBag from /home/airflow/.local/lib/python3.7/site-packages/airflow/example_dags/tutorial_etl_dag.py
[2022-07-22 14:07:14,168] {processor.py:651} INFO - DAG(s) dict_keys(['tutorial_etl_dag']) retrieved from /home/airflow/.local/lib/python3.7/site-packages/airflow/example_dags/tutorial_etl_dag.py
[2022-07-22 14:07:14,212] {logging_mixin.py:115} INFO - [2022-07-22 14:07:14,211] {dag.py:2420} INFO - Sync 1 DAGs
[2022-07-22 14:07:14,256] {logging_mixin.py:115} INFO - [2022-07-22 14:07:14,256] {dag.py:2972} INFO - Setting next_dagrun for tutorial_etl_dag to None, run_after=None
[2022-07-22 14:07:14,283] {processor.py:161} INFO - Processing /home/airflow/.local/lib/python3.7/site-packages/airflow/example_dags/tutorial_etl_dag.py took 0.132 seconds
[2022-07-22 14:08:19,547] {processor.py:153} INFO - Started process (PID=219) to work on /home/airflow/.local/lib/python3.7/site-packages/airflow/example_dags/tutorial_etl_dag.py
[2022-07-22 14:08:19,548] {processor.py:641} INFO - Processing file /home/airflow/.local/lib/python3.7/site-packages/airflow/example_dags/tutorial_etl_dag.py for tasks to queue
[2022-07-22 14:08:19,549] {logging_mixin.py:115} INFO - [2022-07-22 14:08:19,549] {dagbag.py:508} INFO - Filling up the DagBag from /home/airflow/.local/lib/python3.7/site-packages/airflow/example_dags/tutorial_etl_dag.py
[2022-07-22 14:08:19,564] {processor.py:651} INFO - DAG(s) dict_keys(['tutorial_etl_dag']) retrieved from /home/airflow/.local/lib/python3.7/site-packages/airflow/example_dags/tutorial_etl_dag.py
[2022-07-22 14:08:19,599] {logging_mixin.py:115} INFO - [2022-07-22 14:08:19,599] {dag.py:2420} INFO - Sync 1 DAGs
[2022-07-22 14:08:19,632] {logging_mixin.py:115} INFO - [2022-07-22 14:08:19,632] {dag.py:2972} INFO - Setting next_dagrun for tutorial_etl_dag to None, run_after=None
[2022-07-22 14:08:19,661] {processor.py:161} INFO - Processing /home/airflow/.local/lib/python3.7/site-packages/airflow/example_dags/tutorial_etl_dag.py took 0.119 seconds
[2022-07-22 14:08:50,753] {processor.py:153} INFO - Started process (PID=425) to work on /home/airflow/.local/lib/python3.7/site-packages/airflow/example_dags/tutorial_etl_dag.py
[2022-07-22 14:08:50,754] {processor.py:641} INFO - Processing file /home/airflow/.local/lib/python3.7/site-packages/airflow/example_dags/tutorial_etl_dag.py for tasks to queue
[2022-07-22 14:08:50,755] {logging_mixin.py:115} INFO - [2022-07-22 14:08:50,755] {dagbag.py:508} INFO - Filling up the DagBag from /home/airflow/.local/lib/python3.7/site-packages/airflow/example_dags/tutorial_etl_dag.py
[2022-07-22 14:08:50,770] {processor.py:651} INFO - DAG(s) dict_keys(['tutorial_etl_dag']) retrieved from /home/airflow/.local/lib/python3.7/site-packages/airflow/example_dags/tutorial_etl_dag.py
[2022-07-22 14:08:50,819] {logging_mixin.py:115} INFO - [2022-07-22 14:08:50,819] {dag.py:2420} INFO - Sync 1 DAGs
[2022-07-22 14:08:50,859] {logging_mixin.py:115} INFO - [2022-07-22 14:08:50,859] {dag.py:2972} INFO - Setting next_dagrun for tutorial_etl_dag to None, run_after=None
[2022-07-22 14:08:50,881] {processor.py:161} INFO - Processing /home/airflow/.local/lib/python3.7/site-packages/airflow/example_dags/tutorial_etl_dag.py took 0.134 seconds
[2022-07-22 14:09:21,101] {processor.py:153} INFO - Started process (PID=629) to work on /home/airflow/.local/lib/python3.7/site-packages/airflow/example_dags/tutorial_etl_dag.py
[2022-07-22 14:09:21,102] {processor.py:641} INFO - Processing file /home/airflow/.local/lib/python3.7/site-packages/airflow/example_dags/tutorial_etl_dag.py for tasks to queue
[2022-07-22 14:09:21,102] {logging_mixin.py:115} INFO - [2022-07-22 14:09:21,102] {dagbag.py:508} INFO - Filling up the DagBag from /home/airflow/.local/lib/python3.7/site-packages/airflow/example_dags/tutorial_etl_dag.py
[2022-07-22 14:09:21,107] {processor.py:651} INFO - DAG(s) dict_keys(['tutorial_etl_dag']) retrieved from /home/airflow/.local/lib/python3.7/site-packages/airflow/example_dags/tutorial_etl_dag.py
[2022-07-22 14:09:21,127] {logging_mixin.py:115} INFO - [2022-07-22 14:09:21,127] {dag.py:2420} INFO - Sync 1 DAGs
[2022-07-22 14:09:21,144] {logging_mixin.py:115} INFO - [2022-07-22 14:09:21,144] {dag.py:2972} INFO - Setting next_dagrun for tutorial_etl_dag to None, run_after=None
[2022-07-22 14:09:21,156] {processor.py:161} INFO - Processing /home/airflow/.local/lib/python3.7/site-packages/airflow/example_dags/tutorial_etl_dag.py took 0.057 seconds
[2022-07-22 14:09:51,455] {processor.py:153} INFO - Started process (PID=824) to work on /home/airflow/.local/lib/python3.7/site-packages/airflow/example_dags/tutorial_etl_dag.py
[2022-07-22 14:09:51,456] {processor.py:641} INFO - Processing file /home/airflow/.local/lib/python3.7/site-packages/airflow/example_dags/tutorial_etl_dag.py for tasks to queue
[2022-07-22 14:09:51,457] {logging_mixin.py:115} INFO - [2022-07-22 14:09:51,457] {dagbag.py:508} INFO - Filling up the DagBag from /home/airflow/.local/lib/python3.7/site-packages/airflow/example_dags/tutorial_etl_dag.py
[2022-07-22 14:09:51,465] {processor.py:651} INFO - DAG(s) dict_keys(['tutorial_etl_dag']) retrieved from /home/airflow/.local/lib/python3.7/site-packages/airflow/example_dags/tutorial_etl_dag.py
[2022-07-22 14:09:51,491] {logging_mixin.py:115} INFO - [2022-07-22 14:09:51,491] {dag.py:2420} INFO - Sync 1 DAGs
[2022-07-22 14:09:51,510] {logging_mixin.py:115} INFO - [2022-07-22 14:09:51,510] {dag.py:2972} INFO - Setting next_dagrun for tutorial_etl_dag to None, run_after=None
[2022-07-22 14:09:51,524] {processor.py:161} INFO - Processing /home/airflow/.local/lib/python3.7/site-packages/airflow/example_dags/tutorial_etl_dag.py took 0.071 seconds
[2022-07-22 14:11:25,645] {processor.py:153} INFO - Started process (PID=219) to work on /home/airflow/.local/lib/python3.7/site-packages/airflow/example_dags/tutorial_etl_dag.py
[2022-07-22 14:11:25,646] {processor.py:641} INFO - Processing file /home/airflow/.local/lib/python3.7/site-packages/airflow/example_dags/tutorial_etl_dag.py for tasks to queue
[2022-07-22 14:11:25,646] {logging_mixin.py:115} INFO - [2022-07-22 14:11:25,646] {dagbag.py:508} INFO - Filling up the DagBag from /home/airflow/.local/lib/python3.7/site-packages/airflow/example_dags/tutorial_etl_dag.py
[2022-07-22 14:11:25,654] {processor.py:651} INFO - DAG(s) dict_keys(['tutorial_etl_dag']) retrieved from /home/airflow/.local/lib/python3.7/site-packages/airflow/example_dags/tutorial_etl_dag.py
[2022-07-22 14:11:25,768] {logging_mixin.py:115} INFO - [2022-07-22 14:11:25,768] {manager.py:508} INFO - Created Permission View: can read on DAG:tutorial_etl_dag
[2022-07-22 14:11:25,778] {logging_mixin.py:115} INFO - [2022-07-22 14:11:25,778] {manager.py:508} INFO - Created Permission View: can edit on DAG:tutorial_etl_dag
[2022-07-22 14:11:25,786] {logging_mixin.py:115} INFO - [2022-07-22 14:11:25,786] {manager.py:508} INFO - Created Permission View: can delete on DAG:tutorial_etl_dag
[2022-07-22 14:11:25,787] {logging_mixin.py:115} INFO - [2022-07-22 14:11:25,787] {dag.py:2420} INFO - Sync 1 DAGs
[2022-07-22 14:11:25,795] {logging_mixin.py:115} INFO - [2022-07-22 14:11:25,795] {dag.py:2439} INFO - Creating ORM DAG for tutorial_etl_dag
[2022-07-22 14:11:25,806] {logging_mixin.py:115} INFO - [2022-07-22 14:11:25,806] {dag.py:2972} INFO - Setting next_dagrun for tutorial_etl_dag to None, run_after=None
[2022-07-22 14:11:25,820] {processor.py:161} INFO - Processing /home/airflow/.local/lib/python3.7/site-packages/airflow/example_dags/tutorial_etl_dag.py took 0.179 seconds
[2022-07-22 14:11:56,722] {processor.py:153} INFO - Started process (PID=425) to work on /home/airflow/.local/lib/python3.7/site-packages/airflow/example_dags/tutorial_etl_dag.py
[2022-07-22 14:11:56,723] {processor.py:641} INFO - Processing file /home/airflow/.local/lib/python3.7/site-packages/airflow/example_dags/tutorial_etl_dag.py for tasks to queue
[2022-07-22 14:11:56,723] {logging_mixin.py:115} INFO - [2022-07-22 14:11:56,723] {dagbag.py:508} INFO - Filling up the DagBag from /home/airflow/.local/lib/python3.7/site-packages/airflow/example_dags/tutorial_etl_dag.py
[2022-07-22 14:11:56,729] {processor.py:651} INFO - DAG(s) dict_keys(['tutorial_etl_dag']) retrieved from /home/airflow/.local/lib/python3.7/site-packages/airflow/example_dags/tutorial_etl_dag.py
[2022-07-22 14:11:56,784] {logging_mixin.py:115} INFO - [2022-07-22 14:11:56,783] {dag.py:2420} INFO - Sync 1 DAGs
[2022-07-22 14:11:56,823] {logging_mixin.py:115} INFO - [2022-07-22 14:11:56,823] {dag.py:2972} INFO - Setting next_dagrun for tutorial_etl_dag to None, run_after=None
[2022-07-22 14:11:56,843] {processor.py:161} INFO - Processing /home/airflow/.local/lib/python3.7/site-packages/airflow/example_dags/tutorial_etl_dag.py took 0.123 seconds
[2022-07-22 14:12:53,792] {processor.py:153} INFO - Started process (PID=221) to work on /home/airflow/.local/lib/python3.7/site-packages/airflow/example_dags/tutorial_etl_dag.py
[2022-07-22 14:12:53,792] {processor.py:641} INFO - Processing file /home/airflow/.local/lib/python3.7/site-packages/airflow/example_dags/tutorial_etl_dag.py for tasks to queue
[2022-07-22 14:12:53,793] {logging_mixin.py:115} INFO - [2022-07-22 14:12:53,793] {dagbag.py:508} INFO - Filling up the DagBag from /home/airflow/.local/lib/python3.7/site-packages/airflow/example_dags/tutorial_etl_dag.py
[2022-07-22 14:12:53,806] {processor.py:651} INFO - DAG(s) dict_keys(['tutorial_etl_dag']) retrieved from /home/airflow/.local/lib/python3.7/site-packages/airflow/example_dags/tutorial_etl_dag.py
[2022-07-22 14:12:53,887] {logging_mixin.py:115} INFO - [2022-07-22 14:12:53,887] {manager.py:508} INFO - Created Permission View: can read on DAG:tutorial_etl_dag
[2022-07-22 14:12:53,897] {logging_mixin.py:115} INFO - [2022-07-22 14:12:53,897] {manager.py:508} INFO - Created Permission View: can delete on DAG:tutorial_etl_dag
[2022-07-22 14:12:53,905] {logging_mixin.py:115} INFO - [2022-07-22 14:12:53,905] {manager.py:508} INFO - Created Permission View: can edit on DAG:tutorial_etl_dag
[2022-07-22 14:12:53,906] {logging_mixin.py:115} INFO - [2022-07-22 14:12:53,906] {dag.py:2420} INFO - Sync 1 DAGs
[2022-07-22 14:12:53,914] {logging_mixin.py:115} INFO - [2022-07-22 14:12:53,913] {dag.py:2439} INFO - Creating ORM DAG for tutorial_etl_dag
[2022-07-22 14:12:53,924] {logging_mixin.py:115} INFO - [2022-07-22 14:12:53,924] {dag.py:2972} INFO - Setting next_dagrun for tutorial_etl_dag to None, run_after=None
[2022-07-22 14:12:53,937] {processor.py:161} INFO - Processing /home/airflow/.local/lib/python3.7/site-packages/airflow/example_dags/tutorial_etl_dag.py took 0.152 seconds
[2022-07-22 14:13:24,108] {processor.py:153} INFO - Started process (PID=421) to work on /home/airflow/.local/lib/python3.7/site-packages/airflow/example_dags/tutorial_etl_dag.py
[2022-07-22 14:13:24,109] {processor.py:641} INFO - Processing file /home/airflow/.local/lib/python3.7/site-packages/airflow/example_dags/tutorial_etl_dag.py for tasks to queue
[2022-07-22 14:13:24,110] {logging_mixin.py:115} INFO - [2022-07-22 14:13:24,110] {dagbag.py:508} INFO - Filling up the DagBag from /home/airflow/.local/lib/python3.7/site-packages/airflow/example_dags/tutorial_etl_dag.py
[2022-07-22 14:13:24,116] {processor.py:651} INFO - DAG(s) dict_keys(['tutorial_etl_dag']) retrieved from /home/airflow/.local/lib/python3.7/site-packages/airflow/example_dags/tutorial_etl_dag.py
[2022-07-22 14:13:24,152] {logging_mixin.py:115} INFO - [2022-07-22 14:13:24,152] {dag.py:2420} INFO - Sync 1 DAGs
[2022-07-22 14:13:24,191] {logging_mixin.py:115} INFO - [2022-07-22 14:13:24,191] {dag.py:2972} INFO - Setting next_dagrun for tutorial_etl_dag to None, run_after=None
[2022-07-22 14:13:24,216] {processor.py:161} INFO - Processing /home/airflow/.local/lib/python3.7/site-packages/airflow/example_dags/tutorial_etl_dag.py took 0.111 seconds
[2022-07-22 14:13:54,303] {processor.py:153} INFO - Started process (PID=623) to work on /home/airflow/.local/lib/python3.7/site-packages/airflow/example_dags/tutorial_etl_dag.py
[2022-07-22 14:13:54,304] {processor.py:641} INFO - Processing file /home/airflow/.local/lib/python3.7/site-packages/airflow/example_dags/tutorial_etl_dag.py for tasks to queue
[2022-07-22 14:13:54,305] {logging_mixin.py:115} INFO - [2022-07-22 14:13:54,305] {dagbag.py:508} INFO - Filling up the DagBag from /home/airflow/.local/lib/python3.7/site-packages/airflow/example_dags/tutorial_etl_dag.py
[2022-07-22 14:13:54,310] {processor.py:651} INFO - DAG(s) dict_keys(['tutorial_etl_dag']) retrieved from /home/airflow/.local/lib/python3.7/site-packages/airflow/example_dags/tutorial_etl_dag.py
[2022-07-22 14:13:54,332] {logging_mixin.py:115} INFO - [2022-07-22 14:13:54,332] {dag.py:2420} INFO - Sync 1 DAGs
[2022-07-22 14:13:54,352] {logging_mixin.py:115} INFO - [2022-07-22 14:13:54,352] {dag.py:2972} INFO - Setting next_dagrun for tutorial_etl_dag to None, run_after=None
[2022-07-22 14:13:54,369] {processor.py:161} INFO - Processing /home/airflow/.local/lib/python3.7/site-packages/airflow/example_dags/tutorial_etl_dag.py took 0.068 seconds
[2022-07-22 14:14:47,039] {processor.py:153} INFO - Started process (PID=219) to work on /home/airflow/.local/lib/python3.7/site-packages/airflow/example_dags/tutorial_etl_dag.py
[2022-07-22 14:14:47,040] {processor.py:641} INFO - Processing file /home/airflow/.local/lib/python3.7/site-packages/airflow/example_dags/tutorial_etl_dag.py for tasks to queue
[2022-07-22 14:14:47,041] {logging_mixin.py:115} INFO - [2022-07-22 14:14:47,041] {dagbag.py:508} INFO - Filling up the DagBag from /home/airflow/.local/lib/python3.7/site-packages/airflow/example_dags/tutorial_etl_dag.py
[2022-07-22 14:14:47,053] {processor.py:651} INFO - DAG(s) dict_keys(['tutorial_etl_dag']) retrieved from /home/airflow/.local/lib/python3.7/site-packages/airflow/example_dags/tutorial_etl_dag.py
[2022-07-22 14:14:47,169] {logging_mixin.py:115} INFO - [2022-07-22 14:14:47,168] {manager.py:508} INFO - Created Permission View: can read on DAG:tutorial_etl_dag
[2022-07-22 14:14:47,185] {logging_mixin.py:115} INFO - [2022-07-22 14:14:47,185] {manager.py:508} INFO - Created Permission View: can edit on DAG:tutorial_etl_dag
[2022-07-22 14:14:47,198] {logging_mixin.py:115} INFO - [2022-07-22 14:14:47,198] {manager.py:508} INFO - Created Permission View: can delete on DAG:tutorial_etl_dag
[2022-07-22 14:14:47,199] {logging_mixin.py:115} INFO - [2022-07-22 14:14:47,199] {dag.py:2420} INFO - Sync 1 DAGs
[2022-07-22 14:14:47,213] {logging_mixin.py:115} INFO - [2022-07-22 14:14:47,212] {dag.py:2439} INFO - Creating ORM DAG for tutorial_etl_dag
[2022-07-22 14:14:47,233] {logging_mixin.py:115} INFO - [2022-07-22 14:14:47,233] {dag.py:2972} INFO - Setting next_dagrun for tutorial_etl_dag to None, run_after=None
[2022-07-22 14:14:47,253] {processor.py:161} INFO - Processing /home/airflow/.local/lib/python3.7/site-packages/airflow/example_dags/tutorial_etl_dag.py took 0.220 seconds
[2022-07-22 14:15:17,297] {processor.py:153} INFO - Started process (PID=433) to work on /home/airflow/.local/lib/python3.7/site-packages/airflow/example_dags/tutorial_etl_dag.py
[2022-07-22 14:15:17,298] {processor.py:641} INFO - Processing file /home/airflow/.local/lib/python3.7/site-packages/airflow/example_dags/tutorial_etl_dag.py for tasks to queue
[2022-07-22 14:15:17,299] {logging_mixin.py:115} INFO - [2022-07-22 14:15:17,299] {dagbag.py:508} INFO - Filling up the DagBag from /home/airflow/.local/lib/python3.7/site-packages/airflow/example_dags/tutorial_etl_dag.py
[2022-07-22 14:15:17,313] {processor.py:651} INFO - DAG(s) dict_keys(['tutorial_etl_dag']) retrieved from /home/airflow/.local/lib/python3.7/site-packages/airflow/example_dags/tutorial_etl_dag.py
[2022-07-22 14:15:17,349] {logging_mixin.py:115} INFO - [2022-07-22 14:15:17,349] {dag.py:2420} INFO - Sync 1 DAGs
[2022-07-22 14:15:17,368] {logging_mixin.py:115} INFO - [2022-07-22 14:15:17,368] {dag.py:2972} INFO - Setting next_dagrun for tutorial_etl_dag to None, run_after=None
[2022-07-22 14:15:17,381] {processor.py:161} INFO - Processing /home/airflow/.local/lib/python3.7/site-packages/airflow/example_dags/tutorial_etl_dag.py took 0.090 seconds
[2022-07-22 14:15:47,536] {processor.py:153} INFO - Started process (PID=635) to work on /home/airflow/.local/lib/python3.7/site-packages/airflow/example_dags/tutorial_etl_dag.py
[2022-07-22 14:15:47,537] {processor.py:641} INFO - Processing file /home/airflow/.local/lib/python3.7/site-packages/airflow/example_dags/tutorial_etl_dag.py for tasks to queue
[2022-07-22 14:15:47,539] {logging_mixin.py:115} INFO - [2022-07-22 14:15:47,539] {dagbag.py:508} INFO - Filling up the DagBag from /home/airflow/.local/lib/python3.7/site-packages/airflow/example_dags/tutorial_etl_dag.py
[2022-07-22 14:15:47,548] {processor.py:651} INFO - DAG(s) dict_keys(['tutorial_etl_dag']) retrieved from /home/airflow/.local/lib/python3.7/site-packages/airflow/example_dags/tutorial_etl_dag.py
[2022-07-22 14:15:47,602] {logging_mixin.py:115} INFO - [2022-07-22 14:15:47,602] {dag.py:2420} INFO - Sync 1 DAGs
[2022-07-22 14:15:47,654] {logging_mixin.py:115} INFO - [2022-07-22 14:15:47,654] {dag.py:2972} INFO - Setting next_dagrun for tutorial_etl_dag to None, run_after=None
[2022-07-22 14:15:47,677] {processor.py:161} INFO - Processing /home/airflow/.local/lib/python3.7/site-packages/airflow/example_dags/tutorial_etl_dag.py took 0.150 seconds
[2022-07-22 14:16:18,137] {processor.py:153} INFO - Started process (PID=840) to work on /home/airflow/.local/lib/python3.7/site-packages/airflow/example_dags/tutorial_etl_dag.py
[2022-07-22 14:16:18,137] {processor.py:641} INFO - Processing file /home/airflow/.local/lib/python3.7/site-packages/airflow/example_dags/tutorial_etl_dag.py for tasks to queue
[2022-07-22 14:16:18,138] {logging_mixin.py:115} INFO - [2022-07-22 14:16:18,138] {dagbag.py:508} INFO - Filling up the DagBag from /home/airflow/.local/lib/python3.7/site-packages/airflow/example_dags/tutorial_etl_dag.py
[2022-07-22 14:16:18,149] {processor.py:651} INFO - DAG(s) dict_keys(['tutorial_etl_dag']) retrieved from /home/airflow/.local/lib/python3.7/site-packages/airflow/example_dags/tutorial_etl_dag.py
[2022-07-22 14:16:18,198] {logging_mixin.py:115} INFO - [2022-07-22 14:16:18,198] {dag.py:2420} INFO - Sync 1 DAGs
[2022-07-22 14:16:18,246] {logging_mixin.py:115} INFO - [2022-07-22 14:16:18,246] {dag.py:2972} INFO - Setting next_dagrun for tutorial_etl_dag to None, run_after=None
[2022-07-22 14:16:18,262] {processor.py:161} INFO - Processing /home/airflow/.local/lib/python3.7/site-packages/airflow/example_dags/tutorial_etl_dag.py took 0.132 seconds
[2022-07-22 14:16:48,572] {processor.py:153} INFO - Started process (PID=1040) to work on /home/airflow/.local/lib/python3.7/site-packages/airflow/example_dags/tutorial_etl_dag.py
[2022-07-22 14:16:48,573] {processor.py:641} INFO - Processing file /home/airflow/.local/lib/python3.7/site-packages/airflow/example_dags/tutorial_etl_dag.py for tasks to queue
[2022-07-22 14:16:48,574] {logging_mixin.py:115} INFO - [2022-07-22 14:16:48,574] {dagbag.py:508} INFO - Filling up the DagBag from /home/airflow/.local/lib/python3.7/site-packages/airflow/example_dags/tutorial_etl_dag.py
[2022-07-22 14:16:48,585] {processor.py:651} INFO - DAG(s) dict_keys(['tutorial_etl_dag']) retrieved from /home/airflow/.local/lib/python3.7/site-packages/airflow/example_dags/tutorial_etl_dag.py
[2022-07-22 14:16:48,616] {logging_mixin.py:115} INFO - [2022-07-22 14:16:48,616] {dag.py:2420} INFO - Sync 1 DAGs
[2022-07-22 14:16:48,662] {logging_mixin.py:115} INFO - [2022-07-22 14:16:48,662] {dag.py:2972} INFO - Setting next_dagrun for tutorial_etl_dag to None, run_after=None
[2022-07-22 14:16:48,676] {processor.py:161} INFO - Processing /home/airflow/.local/lib/python3.7/site-packages/airflow/example_dags/tutorial_etl_dag.py took 0.108 seconds
[2022-07-22 14:17:18,867] {processor.py:153} INFO - Started process (PID=1242) to work on /home/airflow/.local/lib/python3.7/site-packages/airflow/example_dags/tutorial_etl_dag.py
[2022-07-22 14:17:18,868] {processor.py:641} INFO - Processing file /home/airflow/.local/lib/python3.7/site-packages/airflow/example_dags/tutorial_etl_dag.py for tasks to queue
[2022-07-22 14:17:18,869] {logging_mixin.py:115} INFO - [2022-07-22 14:17:18,869] {dagbag.py:508} INFO - Filling up the DagBag from /home/airflow/.local/lib/python3.7/site-packages/airflow/example_dags/tutorial_etl_dag.py
[2022-07-22 14:17:18,884] {processor.py:651} INFO - DAG(s) dict_keys(['tutorial_etl_dag']) retrieved from /home/airflow/.local/lib/python3.7/site-packages/airflow/example_dags/tutorial_etl_dag.py
[2022-07-22 14:17:18,936] {logging_mixin.py:115} INFO - [2022-07-22 14:17:18,936] {dag.py:2420} INFO - Sync 1 DAGs
[2022-07-22 14:17:18,980] {logging_mixin.py:115} INFO - [2022-07-22 14:17:18,980] {dag.py:2972} INFO - Setting next_dagrun for tutorial_etl_dag to None, run_after=None
[2022-07-22 14:17:19,008] {processor.py:161} INFO - Processing /home/airflow/.local/lib/python3.7/site-packages/airflow/example_dags/tutorial_etl_dag.py took 0.144 seconds
[2022-07-22 14:17:49,944] {processor.py:153} INFO - Started process (PID=1437) to work on /home/airflow/.local/lib/python3.7/site-packages/airflow/example_dags/tutorial_etl_dag.py
[2022-07-22 14:17:49,945] {processor.py:641} INFO - Processing file /home/airflow/.local/lib/python3.7/site-packages/airflow/example_dags/tutorial_etl_dag.py for tasks to queue
[2022-07-22 14:17:49,947] {logging_mixin.py:115} INFO - [2022-07-22 14:17:49,947] {dagbag.py:508} INFO - Filling up the DagBag from /home/airflow/.local/lib/python3.7/site-packages/airflow/example_dags/tutorial_etl_dag.py
[2022-07-22 14:17:49,955] {processor.py:651} INFO - DAG(s) dict_keys(['tutorial_etl_dag']) retrieved from /home/airflow/.local/lib/python3.7/site-packages/airflow/example_dags/tutorial_etl_dag.py
[2022-07-22 14:17:49,985] {logging_mixin.py:115} INFO - [2022-07-22 14:17:49,985] {dag.py:2420} INFO - Sync 1 DAGs
[2022-07-22 14:17:50,012] {logging_mixin.py:115} INFO - [2022-07-22 14:17:50,012] {dag.py:2972} INFO - Setting next_dagrun for tutorial_etl_dag to None, run_after=None
[2022-07-22 14:17:50,027] {processor.py:161} INFO - Processing /home/airflow/.local/lib/python3.7/site-packages/airflow/example_dags/tutorial_etl_dag.py took 0.086 seconds
[2022-07-22 14:18:21,135] {processor.py:153} INFO - Started process (PID=1638) to work on /home/airflow/.local/lib/python3.7/site-packages/airflow/example_dags/tutorial_etl_dag.py
[2022-07-22 14:18:21,136] {processor.py:641} INFO - Processing file /home/airflow/.local/lib/python3.7/site-packages/airflow/example_dags/tutorial_etl_dag.py for tasks to queue
[2022-07-22 14:18:21,138] {logging_mixin.py:115} INFO - [2022-07-22 14:18:21,137] {dagbag.py:508} INFO - Filling up the DagBag from /home/airflow/.local/lib/python3.7/site-packages/airflow/example_dags/tutorial_etl_dag.py
[2022-07-22 14:18:21,153] {processor.py:651} INFO - DAG(s) dict_keys(['tutorial_etl_dag']) retrieved from /home/airflow/.local/lib/python3.7/site-packages/airflow/example_dags/tutorial_etl_dag.py
[2022-07-22 14:18:21,203] {logging_mixin.py:115} INFO - [2022-07-22 14:18:21,203] {dag.py:2420} INFO - Sync 1 DAGs
[2022-07-22 14:18:21,249] {logging_mixin.py:115} INFO - [2022-07-22 14:18:21,249] {dag.py:2972} INFO - Setting next_dagrun for tutorial_etl_dag to None, run_after=None
[2022-07-22 14:18:21,277] {processor.py:161} INFO - Processing /home/airflow/.local/lib/python3.7/site-packages/airflow/example_dags/tutorial_etl_dag.py took 0.148 seconds
[2022-07-22 14:18:51,521] {processor.py:153} INFO - Started process (PID=1838) to work on /home/airflow/.local/lib/python3.7/site-packages/airflow/example_dags/tutorial_etl_dag.py
[2022-07-22 14:18:51,522] {processor.py:641} INFO - Processing file /home/airflow/.local/lib/python3.7/site-packages/airflow/example_dags/tutorial_etl_dag.py for tasks to queue
[2022-07-22 14:18:51,523] {logging_mixin.py:115} INFO - [2022-07-22 14:18:51,523] {dagbag.py:508} INFO - Filling up the DagBag from /home/airflow/.local/lib/python3.7/site-packages/airflow/example_dags/tutorial_etl_dag.py
[2022-07-22 14:18:51,535] {processor.py:651} INFO - DAG(s) dict_keys(['tutorial_etl_dag']) retrieved from /home/airflow/.local/lib/python3.7/site-packages/airflow/example_dags/tutorial_etl_dag.py
[2022-07-22 14:18:51,573] {logging_mixin.py:115} INFO - [2022-07-22 14:18:51,573] {dag.py:2420} INFO - Sync 1 DAGs
[2022-07-22 14:18:51,630] {logging_mixin.py:115} INFO - [2022-07-22 14:18:51,629] {dag.py:2972} INFO - Setting next_dagrun for tutorial_etl_dag to None, run_after=None
[2022-07-22 14:18:51,660] {processor.py:161} INFO - Processing /home/airflow/.local/lib/python3.7/site-packages/airflow/example_dags/tutorial_etl_dag.py took 0.144 seconds
[2022-07-22 14:19:21,807] {processor.py:153} INFO - Started process (PID=2040) to work on /home/airflow/.local/lib/python3.7/site-packages/airflow/example_dags/tutorial_etl_dag.py
[2022-07-22 14:19:21,808] {processor.py:641} INFO - Processing file /home/airflow/.local/lib/python3.7/site-packages/airflow/example_dags/tutorial_etl_dag.py for tasks to queue
[2022-07-22 14:19:21,809] {logging_mixin.py:115} INFO - [2022-07-22 14:19:21,809] {dagbag.py:508} INFO - Filling up the DagBag from /home/airflow/.local/lib/python3.7/site-packages/airflow/example_dags/tutorial_etl_dag.py
[2022-07-22 14:19:21,815] {processor.py:651} INFO - DAG(s) dict_keys(['tutorial_etl_dag']) retrieved from /home/airflow/.local/lib/python3.7/site-packages/airflow/example_dags/tutorial_etl_dag.py
[2022-07-22 14:19:21,843] {logging_mixin.py:115} INFO - [2022-07-22 14:19:21,843] {dag.py:2420} INFO - Sync 1 DAGs
[2022-07-22 14:19:21,874] {logging_mixin.py:115} INFO - [2022-07-22 14:19:21,874] {dag.py:2972} INFO - Setting next_dagrun for tutorial_etl_dag to None, run_after=None
[2022-07-22 14:19:21,903] {processor.py:161} INFO - Processing /home/airflow/.local/lib/python3.7/site-packages/airflow/example_dags/tutorial_etl_dag.py took 0.099 seconds
[2022-07-22 14:19:52,189] {processor.py:153} INFO - Started process (PID=2235) to work on /home/airflow/.local/lib/python3.7/site-packages/airflow/example_dags/tutorial_etl_dag.py
[2022-07-22 14:19:52,190] {processor.py:641} INFO - Processing file /home/airflow/.local/lib/python3.7/site-packages/airflow/example_dags/tutorial_etl_dag.py for tasks to queue
[2022-07-22 14:19:52,191] {logging_mixin.py:115} INFO - [2022-07-22 14:19:52,191] {dagbag.py:508} INFO - Filling up the DagBag from /home/airflow/.local/lib/python3.7/site-packages/airflow/example_dags/tutorial_etl_dag.py
[2022-07-22 14:19:52,205] {processor.py:651} INFO - DAG(s) dict_keys(['tutorial_etl_dag']) retrieved from /home/airflow/.local/lib/python3.7/site-packages/airflow/example_dags/tutorial_etl_dag.py
[2022-07-22 14:19:52,255] {logging_mixin.py:115} INFO - [2022-07-22 14:19:52,255] {dag.py:2420} INFO - Sync 1 DAGs
[2022-07-22 14:19:52,299] {logging_mixin.py:115} INFO - [2022-07-22 14:19:52,299] {dag.py:2972} INFO - Setting next_dagrun for tutorial_etl_dag to None, run_after=None
[2022-07-22 14:19:52,318] {processor.py:161} INFO - Processing /home/airflow/.local/lib/python3.7/site-packages/airflow/example_dags/tutorial_etl_dag.py took 0.135 seconds
[2022-07-22 14:20:22,550] {processor.py:153} INFO - Started process (PID=2435) to work on /home/airflow/.local/lib/python3.7/site-packages/airflow/example_dags/tutorial_etl_dag.py
[2022-07-22 14:20:22,551] {processor.py:641} INFO - Processing file /home/airflow/.local/lib/python3.7/site-packages/airflow/example_dags/tutorial_etl_dag.py for tasks to queue
[2022-07-22 14:20:22,553] {logging_mixin.py:115} INFO - [2022-07-22 14:20:22,553] {dagbag.py:508} INFO - Filling up the DagBag from /home/airflow/.local/lib/python3.7/site-packages/airflow/example_dags/tutorial_etl_dag.py
[2022-07-22 14:20:22,566] {processor.py:651} INFO - DAG(s) dict_keys(['tutorial_etl_dag']) retrieved from /home/airflow/.local/lib/python3.7/site-packages/airflow/example_dags/tutorial_etl_dag.py
[2022-07-22 14:20:22,611] {logging_mixin.py:115} INFO - [2022-07-22 14:20:22,611] {dag.py:2420} INFO - Sync 1 DAGs
[2022-07-22 14:20:22,640] {logging_mixin.py:115} INFO - [2022-07-22 14:20:22,640] {dag.py:2972} INFO - Setting next_dagrun for tutorial_etl_dag to None, run_after=None
[2022-07-22 14:20:22,653] {processor.py:161} INFO - Processing /home/airflow/.local/lib/python3.7/site-packages/airflow/example_dags/tutorial_etl_dag.py took 0.110 seconds
[2022-07-22 14:20:53,085] {processor.py:153} INFO - Started process (PID=2637) to work on /home/airflow/.local/lib/python3.7/site-packages/airflow/example_dags/tutorial_etl_dag.py
[2022-07-22 14:20:53,086] {processor.py:641} INFO - Processing file /home/airflow/.local/lib/python3.7/site-packages/airflow/example_dags/tutorial_etl_dag.py for tasks to queue
[2022-07-22 14:20:53,087] {logging_mixin.py:115} INFO - [2022-07-22 14:20:53,086] {dagbag.py:508} INFO - Filling up the DagBag from /home/airflow/.local/lib/python3.7/site-packages/airflow/example_dags/tutorial_etl_dag.py
[2022-07-22 14:20:53,094] {processor.py:651} INFO - DAG(s) dict_keys(['tutorial_etl_dag']) retrieved from /home/airflow/.local/lib/python3.7/site-packages/airflow/example_dags/tutorial_etl_dag.py
[2022-07-22 14:20:53,123] {logging_mixin.py:115} INFO - [2022-07-22 14:20:53,122] {dag.py:2420} INFO - Sync 1 DAGs
[2022-07-22 14:20:53,156] {logging_mixin.py:115} INFO - [2022-07-22 14:20:53,156] {dag.py:2972} INFO - Setting next_dagrun for tutorial_etl_dag to None, run_after=None
[2022-07-22 14:20:53,177] {processor.py:161} INFO - Processing /home/airflow/.local/lib/python3.7/site-packages/airflow/example_dags/tutorial_etl_dag.py took 0.095 seconds
[2022-07-22 14:21:23,491] {processor.py:153} INFO - Started process (PID=2830) to work on /home/airflow/.local/lib/python3.7/site-packages/airflow/example_dags/tutorial_etl_dag.py
[2022-07-22 14:21:23,493] {processor.py:641} INFO - Processing file /home/airflow/.local/lib/python3.7/site-packages/airflow/example_dags/tutorial_etl_dag.py for tasks to queue
[2022-07-22 14:21:23,494] {logging_mixin.py:115} INFO - [2022-07-22 14:21:23,494] {dagbag.py:508} INFO - Filling up the DagBag from /home/airflow/.local/lib/python3.7/site-packages/airflow/example_dags/tutorial_etl_dag.py
[2022-07-22 14:21:23,506] {processor.py:651} INFO - DAG(s) dict_keys(['tutorial_etl_dag']) retrieved from /home/airflow/.local/lib/python3.7/site-packages/airflow/example_dags/tutorial_etl_dag.py
[2022-07-22 14:21:23,553] {logging_mixin.py:115} INFO - [2022-07-22 14:21:23,553] {dag.py:2420} INFO - Sync 1 DAGs
[2022-07-22 14:21:23,592] {logging_mixin.py:115} INFO - [2022-07-22 14:21:23,592] {dag.py:2972} INFO - Setting next_dagrun for tutorial_etl_dag to None, run_after=None
[2022-07-22 14:21:23,618] {processor.py:161} INFO - Processing /home/airflow/.local/lib/python3.7/site-packages/airflow/example_dags/tutorial_etl_dag.py took 0.132 seconds
[2022-07-22 14:21:54,662] {processor.py:153} INFO - Started process (PID=3034) to work on /home/airflow/.local/lib/python3.7/site-packages/airflow/example_dags/tutorial_etl_dag.py
[2022-07-22 14:21:54,663] {processor.py:641} INFO - Processing file /home/airflow/.local/lib/python3.7/site-packages/airflow/example_dags/tutorial_etl_dag.py for tasks to queue
[2022-07-22 14:21:54,664] {logging_mixin.py:115} INFO - [2022-07-22 14:21:54,664] {dagbag.py:508} INFO - Filling up the DagBag from /home/airflow/.local/lib/python3.7/site-packages/airflow/example_dags/tutorial_etl_dag.py
[2022-07-22 14:21:54,679] {processor.py:651} INFO - DAG(s) dict_keys(['tutorial_etl_dag']) retrieved from /home/airflow/.local/lib/python3.7/site-packages/airflow/example_dags/tutorial_etl_dag.py
[2022-07-22 14:21:54,723] {logging_mixin.py:115} INFO - [2022-07-22 14:21:54,723] {dag.py:2420} INFO - Sync 1 DAGs
[2022-07-22 14:21:54,764] {logging_mixin.py:115} INFO - [2022-07-22 14:21:54,764] {dag.py:2972} INFO - Setting next_dagrun for tutorial_etl_dag to None, run_after=None
[2022-07-22 14:21:54,778] {processor.py:161} INFO - Processing /home/airflow/.local/lib/python3.7/site-packages/airflow/example_dags/tutorial_etl_dag.py took 0.121 seconds
[2022-07-22 14:22:25,180] {processor.py:153} INFO - Started process (PID=3236) to work on /home/airflow/.local/lib/python3.7/site-packages/airflow/example_dags/tutorial_etl_dag.py
[2022-07-22 14:22:25,181] {processor.py:641} INFO - Processing file /home/airflow/.local/lib/python3.7/site-packages/airflow/example_dags/tutorial_etl_dag.py for tasks to queue
[2022-07-22 14:22:25,182] {logging_mixin.py:115} INFO - [2022-07-22 14:22:25,182] {dagbag.py:508} INFO - Filling up the DagBag from /home/airflow/.local/lib/python3.7/site-packages/airflow/example_dags/tutorial_etl_dag.py
[2022-07-22 14:22:25,196] {processor.py:651} INFO - DAG(s) dict_keys(['tutorial_etl_dag']) retrieved from /home/airflow/.local/lib/python3.7/site-packages/airflow/example_dags/tutorial_etl_dag.py
[2022-07-22 14:22:25,246] {logging_mixin.py:115} INFO - [2022-07-22 14:22:25,246] {dag.py:2420} INFO - Sync 1 DAGs
[2022-07-22 14:22:25,296] {logging_mixin.py:115} INFO - [2022-07-22 14:22:25,296] {dag.py:2972} INFO - Setting next_dagrun for tutorial_etl_dag to None, run_after=None
[2022-07-22 14:22:25,326] {processor.py:161} INFO - Processing /home/airflow/.local/lib/python3.7/site-packages/airflow/example_dags/tutorial_etl_dag.py took 0.151 seconds
[2022-07-22 14:22:55,491] {processor.py:153} INFO - Started process (PID=3427) to work on /home/airflow/.local/lib/python3.7/site-packages/airflow/example_dags/tutorial_etl_dag.py
[2022-07-22 14:22:55,492] {processor.py:641} INFO - Processing file /home/airflow/.local/lib/python3.7/site-packages/airflow/example_dags/tutorial_etl_dag.py for tasks to queue
[2022-07-22 14:22:55,493] {logging_mixin.py:115} INFO - [2022-07-22 14:22:55,493] {dagbag.py:508} INFO - Filling up the DagBag from /home/airflow/.local/lib/python3.7/site-packages/airflow/example_dags/tutorial_etl_dag.py
[2022-07-22 14:22:55,502] {processor.py:651} INFO - DAG(s) dict_keys(['tutorial_etl_dag']) retrieved from /home/airflow/.local/lib/python3.7/site-packages/airflow/example_dags/tutorial_etl_dag.py
[2022-07-22 14:22:55,529] {logging_mixin.py:115} INFO - [2022-07-22 14:22:55,529] {dag.py:2420} INFO - Sync 1 DAGs
[2022-07-22 14:22:55,555] {logging_mixin.py:115} INFO - [2022-07-22 14:22:55,555] {dag.py:2972} INFO - Setting next_dagrun for tutorial_etl_dag to None, run_after=None
[2022-07-22 14:22:55,572] {processor.py:161} INFO - Processing /home/airflow/.local/lib/python3.7/site-packages/airflow/example_dags/tutorial_etl_dag.py took 0.085 seconds
[2022-07-22 14:23:25,987] {processor.py:153} INFO - Started process (PID=3628) to work on /home/airflow/.local/lib/python3.7/site-packages/airflow/example_dags/tutorial_etl_dag.py
[2022-07-22 14:23:25,988] {processor.py:641} INFO - Processing file /home/airflow/.local/lib/python3.7/site-packages/airflow/example_dags/tutorial_etl_dag.py for tasks to queue
[2022-07-22 14:23:25,990] {logging_mixin.py:115} INFO - [2022-07-22 14:23:25,990] {dagbag.py:508} INFO - Filling up the DagBag from /home/airflow/.local/lib/python3.7/site-packages/airflow/example_dags/tutorial_etl_dag.py
[2022-07-22 14:23:26,003] {processor.py:651} INFO - DAG(s) dict_keys(['tutorial_etl_dag']) retrieved from /home/airflow/.local/lib/python3.7/site-packages/airflow/example_dags/tutorial_etl_dag.py
[2022-07-22 14:23:26,050] {logging_mixin.py:115} INFO - [2022-07-22 14:23:26,049] {dag.py:2420} INFO - Sync 1 DAGs
[2022-07-22 14:23:26,105] {logging_mixin.py:115} INFO - [2022-07-22 14:23:26,105] {dag.py:2972} INFO - Setting next_dagrun for tutorial_etl_dag to None, run_after=None
[2022-07-22 14:23:26,124] {processor.py:161} INFO - Processing /home/airflow/.local/lib/python3.7/site-packages/airflow/example_dags/tutorial_etl_dag.py took 0.143 seconds
[2022-07-22 14:23:56,286] {processor.py:153} INFO - Started process (PID=3832) to work on /home/airflow/.local/lib/python3.7/site-packages/airflow/example_dags/tutorial_etl_dag.py
[2022-07-22 14:23:56,286] {processor.py:641} INFO - Processing file /home/airflow/.local/lib/python3.7/site-packages/airflow/example_dags/tutorial_etl_dag.py for tasks to queue
[2022-07-22 14:23:56,287] {logging_mixin.py:115} INFO - [2022-07-22 14:23:56,287] {dagbag.py:508} INFO - Filling up the DagBag from /home/airflow/.local/lib/python3.7/site-packages/airflow/example_dags/tutorial_etl_dag.py
[2022-07-22 14:23:56,301] {processor.py:651} INFO - DAG(s) dict_keys(['tutorial_etl_dag']) retrieved from /home/airflow/.local/lib/python3.7/site-packages/airflow/example_dags/tutorial_etl_dag.py
[2022-07-22 14:23:56,359] {logging_mixin.py:115} INFO - [2022-07-22 14:23:56,359] {dag.py:2420} INFO - Sync 1 DAGs
[2022-07-22 14:23:56,391] {logging_mixin.py:115} INFO - [2022-07-22 14:23:56,391] {dag.py:2972} INFO - Setting next_dagrun for tutorial_etl_dag to None, run_after=None
[2022-07-22 14:23:56,412] {processor.py:161} INFO - Processing /home/airflow/.local/lib/python3.7/site-packages/airflow/example_dags/tutorial_etl_dag.py took 0.132 seconds
[2022-07-22 14:24:26,777] {processor.py:153} INFO - Started process (PID=4023) to work on /home/airflow/.local/lib/python3.7/site-packages/airflow/example_dags/tutorial_etl_dag.py
[2022-07-22 14:24:26,779] {processor.py:641} INFO - Processing file /home/airflow/.local/lib/python3.7/site-packages/airflow/example_dags/tutorial_etl_dag.py for tasks to queue
[2022-07-22 14:24:26,780] {logging_mixin.py:115} INFO - [2022-07-22 14:24:26,780] {dagbag.py:508} INFO - Filling up the DagBag from /home/airflow/.local/lib/python3.7/site-packages/airflow/example_dags/tutorial_etl_dag.py
[2022-07-22 14:24:26,795] {processor.py:651} INFO - DAG(s) dict_keys(['tutorial_etl_dag']) retrieved from /home/airflow/.local/lib/python3.7/site-packages/airflow/example_dags/tutorial_etl_dag.py
[2022-07-22 14:24:26,842] {logging_mixin.py:115} INFO - [2022-07-22 14:24:26,842] {dag.py:2420} INFO - Sync 1 DAGs
[2022-07-22 14:24:26,890] {logging_mixin.py:115} INFO - [2022-07-22 14:24:26,890] {dag.py:2972} INFO - Setting next_dagrun for tutorial_etl_dag to None, run_after=None
[2022-07-22 14:24:26,918] {processor.py:161} INFO - Processing /home/airflow/.local/lib/python3.7/site-packages/airflow/example_dags/tutorial_etl_dag.py took 0.146 seconds
[2022-07-22 14:24:57,271] {processor.py:153} INFO - Started process (PID=4227) to work on /home/airflow/.local/lib/python3.7/site-packages/airflow/example_dags/tutorial_etl_dag.py
[2022-07-22 14:24:57,272] {processor.py:641} INFO - Processing file /home/airflow/.local/lib/python3.7/site-packages/airflow/example_dags/tutorial_etl_dag.py for tasks to queue
[2022-07-22 14:24:57,272] {logging_mixin.py:115} INFO - [2022-07-22 14:24:57,272] {dagbag.py:508} INFO - Filling up the DagBag from /home/airflow/.local/lib/python3.7/site-packages/airflow/example_dags/tutorial_etl_dag.py
[2022-07-22 14:24:57,277] {processor.py:651} INFO - DAG(s) dict_keys(['tutorial_etl_dag']) retrieved from /home/airflow/.local/lib/python3.7/site-packages/airflow/example_dags/tutorial_etl_dag.py
[2022-07-22 14:24:57,298] {logging_mixin.py:115} INFO - [2022-07-22 14:24:57,298] {dag.py:2420} INFO - Sync 1 DAGs
[2022-07-22 14:24:57,320] {logging_mixin.py:115} INFO - [2022-07-22 14:24:57,320] {dag.py:2972} INFO - Setting next_dagrun for tutorial_etl_dag to None, run_after=None
[2022-07-22 14:24:57,338] {processor.py:161} INFO - Processing /home/airflow/.local/lib/python3.7/site-packages/airflow/example_dags/tutorial_etl_dag.py took 0.069 seconds
[2022-07-22 14:25:27,370] {processor.py:153} INFO - Started process (PID=4429) to work on /home/airflow/.local/lib/python3.7/site-packages/airflow/example_dags/tutorial_etl_dag.py
[2022-07-22 14:25:27,371] {processor.py:641} INFO - Processing file /home/airflow/.local/lib/python3.7/site-packages/airflow/example_dags/tutorial_etl_dag.py for tasks to queue
[2022-07-22 14:25:27,372] {logging_mixin.py:115} INFO - [2022-07-22 14:25:27,372] {dagbag.py:508} INFO - Filling up the DagBag from /home/airflow/.local/lib/python3.7/site-packages/airflow/example_dags/tutorial_etl_dag.py
[2022-07-22 14:25:27,384] {processor.py:651} INFO - DAG(s) dict_keys(['tutorial_etl_dag']) retrieved from /home/airflow/.local/lib/python3.7/site-packages/airflow/example_dags/tutorial_etl_dag.py
[2022-07-22 14:25:27,432] {logging_mixin.py:115} INFO - [2022-07-22 14:25:27,431] {dag.py:2420} INFO - Sync 1 DAGs
[2022-07-22 14:25:27,480] {logging_mixin.py:115} INFO - [2022-07-22 14:25:27,480] {dag.py:2972} INFO - Setting next_dagrun for tutorial_etl_dag to None, run_after=None
[2022-07-22 14:25:27,490] {processor.py:161} INFO - Processing /home/airflow/.local/lib/python3.7/site-packages/airflow/example_dags/tutorial_etl_dag.py took 0.126 seconds
[2022-07-22 14:25:57,904] {processor.py:153} INFO - Started process (PID=4620) to work on /home/airflow/.local/lib/python3.7/site-packages/airflow/example_dags/tutorial_etl_dag.py
[2022-07-22 14:25:57,905] {processor.py:641} INFO - Processing file /home/airflow/.local/lib/python3.7/site-packages/airflow/example_dags/tutorial_etl_dag.py for tasks to queue
[2022-07-22 14:25:57,907] {logging_mixin.py:115} INFO - [2022-07-22 14:25:57,907] {dagbag.py:508} INFO - Filling up the DagBag from /home/airflow/.local/lib/python3.7/site-packages/airflow/example_dags/tutorial_etl_dag.py
[2022-07-22 14:25:57,920] {processor.py:651} INFO - DAG(s) dict_keys(['tutorial_etl_dag']) retrieved from /home/airflow/.local/lib/python3.7/site-packages/airflow/example_dags/tutorial_etl_dag.py
[2022-07-22 14:25:57,967] {logging_mixin.py:115} INFO - [2022-07-22 14:25:57,967] {dag.py:2420} INFO - Sync 1 DAGs
[2022-07-22 14:25:58,016] {logging_mixin.py:115} INFO - [2022-07-22 14:25:58,016] {dag.py:2972} INFO - Setting next_dagrun for tutorial_etl_dag to None, run_after=None
[2022-07-22 14:25:58,032] {processor.py:161} INFO - Processing /home/airflow/.local/lib/python3.7/site-packages/airflow/example_dags/tutorial_etl_dag.py took 0.135 seconds
[2022-07-22 14:26:28,749] {processor.py:153} INFO - Started process (PID=4822) to work on /home/airflow/.local/lib/python3.7/site-packages/airflow/example_dags/tutorial_etl_dag.py
[2022-07-22 14:26:28,750] {processor.py:641} INFO - Processing file /home/airflow/.local/lib/python3.7/site-packages/airflow/example_dags/tutorial_etl_dag.py for tasks to queue
[2022-07-22 14:26:28,751] {logging_mixin.py:115} INFO - [2022-07-22 14:26:28,751] {dagbag.py:508} INFO - Filling up the DagBag from /home/airflow/.local/lib/python3.7/site-packages/airflow/example_dags/tutorial_etl_dag.py
[2022-07-22 14:26:28,759] {processor.py:651} INFO - DAG(s) dict_keys(['tutorial_etl_dag']) retrieved from /home/airflow/.local/lib/python3.7/site-packages/airflow/example_dags/tutorial_etl_dag.py
[2022-07-22 14:26:28,798] {logging_mixin.py:115} INFO - [2022-07-22 14:26:28,798] {dag.py:2420} INFO - Sync 1 DAGs
[2022-07-22 14:26:28,828] {logging_mixin.py:115} INFO - [2022-07-22 14:26:28,828] {dag.py:2972} INFO - Setting next_dagrun for tutorial_etl_dag to None, run_after=None
[2022-07-22 14:26:28,843] {processor.py:161} INFO - Processing /home/airflow/.local/lib/python3.7/site-packages/airflow/example_dags/tutorial_etl_dag.py took 0.097 seconds
[2022-07-22 14:26:59,414] {processor.py:153} INFO - Started process (PID=5025) to work on /home/airflow/.local/lib/python3.7/site-packages/airflow/example_dags/tutorial_etl_dag.py
[2022-07-22 14:26:59,415] {processor.py:641} INFO - Processing file /home/airflow/.local/lib/python3.7/site-packages/airflow/example_dags/tutorial_etl_dag.py for tasks to queue
[2022-07-22 14:26:59,416] {logging_mixin.py:115} INFO - [2022-07-22 14:26:59,416] {dagbag.py:508} INFO - Filling up the DagBag from /home/airflow/.local/lib/python3.7/site-packages/airflow/example_dags/tutorial_etl_dag.py
[2022-07-22 14:26:59,422] {processor.py:651} INFO - DAG(s) dict_keys(['tutorial_etl_dag']) retrieved from /home/airflow/.local/lib/python3.7/site-packages/airflow/example_dags/tutorial_etl_dag.py
[2022-07-22 14:26:59,462] {logging_mixin.py:115} INFO - [2022-07-22 14:26:59,461] {dag.py:2420} INFO - Sync 1 DAGs
[2022-07-22 14:26:59,498] {logging_mixin.py:115} INFO - [2022-07-22 14:26:59,498] {dag.py:2972} INFO - Setting next_dagrun for tutorial_etl_dag to None, run_after=None
[2022-07-22 14:26:59,511] {processor.py:161} INFO - Processing /home/airflow/.local/lib/python3.7/site-packages/airflow/example_dags/tutorial_etl_dag.py took 0.104 seconds
[2022-07-22 14:27:30,032] {processor.py:153} INFO - Started process (PID=5229) to work on /home/airflow/.local/lib/python3.7/site-packages/airflow/example_dags/tutorial_etl_dag.py
[2022-07-22 14:27:30,033] {processor.py:641} INFO - Processing file /home/airflow/.local/lib/python3.7/site-packages/airflow/example_dags/tutorial_etl_dag.py for tasks to queue
[2022-07-22 14:27:30,034] {logging_mixin.py:115} INFO - [2022-07-22 14:27:30,034] {dagbag.py:508} INFO - Filling up the DagBag from /home/airflow/.local/lib/python3.7/site-packages/airflow/example_dags/tutorial_etl_dag.py
[2022-07-22 14:27:30,045] {processor.py:651} INFO - DAG(s) dict_keys(['tutorial_etl_dag']) retrieved from /home/airflow/.local/lib/python3.7/site-packages/airflow/example_dags/tutorial_etl_dag.py
[2022-07-22 14:27:30,074] {logging_mixin.py:115} INFO - [2022-07-22 14:27:30,074] {dag.py:2420} INFO - Sync 1 DAGs
[2022-07-22 14:27:30,105] {logging_mixin.py:115} INFO - [2022-07-22 14:27:30,105] {dag.py:2972} INFO - Setting next_dagrun for tutorial_etl_dag to None, run_after=None
[2022-07-22 14:27:30,122] {processor.py:161} INFO - Processing /home/airflow/.local/lib/python3.7/site-packages/airflow/example_dags/tutorial_etl_dag.py took 0.094 seconds
[2022-07-22 14:28:01,049] {processor.py:153} INFO - Started process (PID=5421) to work on /home/airflow/.local/lib/python3.7/site-packages/airflow/example_dags/tutorial_etl_dag.py
[2022-07-22 14:28:01,050] {processor.py:641} INFO - Processing file /home/airflow/.local/lib/python3.7/site-packages/airflow/example_dags/tutorial_etl_dag.py for tasks to queue
[2022-07-22 14:28:01,051] {logging_mixin.py:115} INFO - [2022-07-22 14:28:01,051] {dagbag.py:508} INFO - Filling up the DagBag from /home/airflow/.local/lib/python3.7/site-packages/airflow/example_dags/tutorial_etl_dag.py
[2022-07-22 14:28:01,064] {processor.py:651} INFO - DAG(s) dict_keys(['tutorial_etl_dag']) retrieved from /home/airflow/.local/lib/python3.7/site-packages/airflow/example_dags/tutorial_etl_dag.py
[2022-07-22 14:28:01,108] {logging_mixin.py:115} INFO - [2022-07-22 14:28:01,108] {dag.py:2420} INFO - Sync 1 DAGs
[2022-07-22 14:28:01,139] {logging_mixin.py:115} INFO - [2022-07-22 14:28:01,139] {dag.py:2972} INFO - Setting next_dagrun for tutorial_etl_dag to None, run_after=None
[2022-07-22 14:28:01,150] {processor.py:161} INFO - Processing /home/airflow/.local/lib/python3.7/site-packages/airflow/example_dags/tutorial_etl_dag.py took 0.106 seconds
[2022-07-22 14:28:31,358] {processor.py:153} INFO - Started process (PID=5622) to work on /home/airflow/.local/lib/python3.7/site-packages/airflow/example_dags/tutorial_etl_dag.py
[2022-07-22 14:28:31,359] {processor.py:641} INFO - Processing file /home/airflow/.local/lib/python3.7/site-packages/airflow/example_dags/tutorial_etl_dag.py for tasks to queue
[2022-07-22 14:28:31,360] {logging_mixin.py:115} INFO - [2022-07-22 14:28:31,360] {dagbag.py:508} INFO - Filling up the DagBag from /home/airflow/.local/lib/python3.7/site-packages/airflow/example_dags/tutorial_etl_dag.py
[2022-07-22 14:28:31,366] {processor.py:651} INFO - DAG(s) dict_keys(['tutorial_etl_dag']) retrieved from /home/airflow/.local/lib/python3.7/site-packages/airflow/example_dags/tutorial_etl_dag.py
[2022-07-22 14:28:31,389] {logging_mixin.py:115} INFO - [2022-07-22 14:28:31,389] {dag.py:2420} INFO - Sync 1 DAGs
[2022-07-22 14:28:31,411] {logging_mixin.py:115} INFO - [2022-07-22 14:28:31,411] {dag.py:2972} INFO - Setting next_dagrun for tutorial_etl_dag to None, run_after=None
[2022-07-22 14:28:31,423] {processor.py:161} INFO - Processing /home/airflow/.local/lib/python3.7/site-packages/airflow/example_dags/tutorial_etl_dag.py took 0.068 seconds
[2022-07-22 14:29:50,755] {processor.py:153} INFO - Started process (PID=219) to work on /home/airflow/.local/lib/python3.7/site-packages/airflow/example_dags/tutorial_etl_dag.py
[2022-07-22 14:29:50,755] {processor.py:641} INFO - Processing file /home/airflow/.local/lib/python3.7/site-packages/airflow/example_dags/tutorial_etl_dag.py for tasks to queue
[2022-07-22 14:29:50,756] {logging_mixin.py:115} INFO - [2022-07-22 14:29:50,756] {dagbag.py:508} INFO - Filling up the DagBag from /home/airflow/.local/lib/python3.7/site-packages/airflow/example_dags/tutorial_etl_dag.py
[2022-07-22 14:29:50,767] {processor.py:651} INFO - DAG(s) dict_keys(['tutorial_etl_dag']) retrieved from /home/airflow/.local/lib/python3.7/site-packages/airflow/example_dags/tutorial_etl_dag.py
[2022-07-22 14:29:50,794] {logging_mixin.py:115} INFO - [2022-07-22 14:29:50,794] {dag.py:2420} INFO - Sync 1 DAGs
[2022-07-22 14:29:50,823] {logging_mixin.py:115} INFO - [2022-07-22 14:29:50,823] {dag.py:2972} INFO - Setting next_dagrun for tutorial_etl_dag to None, run_after=None
[2022-07-22 14:29:50,842] {processor.py:161} INFO - Processing /home/airflow/.local/lib/python3.7/site-packages/airflow/example_dags/tutorial_etl_dag.py took 0.091 seconds
[2022-07-22 14:30:21,604] {processor.py:153} INFO - Started process (PID=431) to work on /home/airflow/.local/lib/python3.7/site-packages/airflow/example_dags/tutorial_etl_dag.py
[2022-07-22 14:30:21,605] {processor.py:641} INFO - Processing file /home/airflow/.local/lib/python3.7/site-packages/airflow/example_dags/tutorial_etl_dag.py for tasks to queue
[2022-07-22 14:30:21,605] {logging_mixin.py:115} INFO - [2022-07-22 14:30:21,605] {dagbag.py:508} INFO - Filling up the DagBag from /home/airflow/.local/lib/python3.7/site-packages/airflow/example_dags/tutorial_etl_dag.py
[2022-07-22 14:30:21,616] {processor.py:651} INFO - DAG(s) dict_keys(['tutorial_etl_dag']) retrieved from /home/airflow/.local/lib/python3.7/site-packages/airflow/example_dags/tutorial_etl_dag.py
[2022-07-22 14:30:21,643] {logging_mixin.py:115} INFO - [2022-07-22 14:30:21,643] {dag.py:2420} INFO - Sync 1 DAGs
[2022-07-22 14:30:21,662] {logging_mixin.py:115} INFO - [2022-07-22 14:30:21,662] {dag.py:2972} INFO - Setting next_dagrun for tutorial_etl_dag to None, run_after=None
[2022-07-22 14:30:21,674] {processor.py:161} INFO - Processing /home/airflow/.local/lib/python3.7/site-packages/airflow/example_dags/tutorial_etl_dag.py took 0.076 seconds
[2022-07-22 14:30:52,375] {processor.py:153} INFO - Started process (PID=633) to work on /home/airflow/.local/lib/python3.7/site-packages/airflow/example_dags/tutorial_etl_dag.py
[2022-07-22 14:30:52,376] {processor.py:641} INFO - Processing file /home/airflow/.local/lib/python3.7/site-packages/airflow/example_dags/tutorial_etl_dag.py for tasks to queue
[2022-07-22 14:30:52,377] {logging_mixin.py:115} INFO - [2022-07-22 14:30:52,377] {dagbag.py:508} INFO - Filling up the DagBag from /home/airflow/.local/lib/python3.7/site-packages/airflow/example_dags/tutorial_etl_dag.py
[2022-07-22 14:30:52,384] {processor.py:651} INFO - DAG(s) dict_keys(['tutorial_etl_dag']) retrieved from /home/airflow/.local/lib/python3.7/site-packages/airflow/example_dags/tutorial_etl_dag.py
[2022-07-22 14:30:52,410] {logging_mixin.py:115} INFO - [2022-07-22 14:30:52,410] {dag.py:2420} INFO - Sync 1 DAGs
[2022-07-22 14:30:52,431] {logging_mixin.py:115} INFO - [2022-07-22 14:30:52,430] {dag.py:2972} INFO - Setting next_dagrun for tutorial_etl_dag to None, run_after=None
[2022-07-22 14:30:52,445] {processor.py:161} INFO - Processing /home/airflow/.local/lib/python3.7/site-packages/airflow/example_dags/tutorial_etl_dag.py took 0.073 seconds
[2022-07-22 14:31:23,093] {processor.py:153} INFO - Started process (PID=826) to work on /home/airflow/.local/lib/python3.7/site-packages/airflow/example_dags/tutorial_etl_dag.py
[2022-07-22 14:31:23,094] {processor.py:641} INFO - Processing file /home/airflow/.local/lib/python3.7/site-packages/airflow/example_dags/tutorial_etl_dag.py for tasks to queue
[2022-07-22 14:31:23,094] {logging_mixin.py:115} INFO - [2022-07-22 14:31:23,094] {dagbag.py:508} INFO - Filling up the DagBag from /home/airflow/.local/lib/python3.7/site-packages/airflow/example_dags/tutorial_etl_dag.py
[2022-07-22 14:31:23,102] {processor.py:651} INFO - DAG(s) dict_keys(['tutorial_etl_dag']) retrieved from /home/airflow/.local/lib/python3.7/site-packages/airflow/example_dags/tutorial_etl_dag.py
[2022-07-22 14:31:23,129] {logging_mixin.py:115} INFO - [2022-07-22 14:31:23,129] {dag.py:2420} INFO - Sync 1 DAGs
[2022-07-22 14:31:23,169] {logging_mixin.py:115} INFO - [2022-07-22 14:31:23,169] {dag.py:2972} INFO - Setting next_dagrun for tutorial_etl_dag to None, run_after=None
[2022-07-22 14:31:23,190] {processor.py:161} INFO - Processing /home/airflow/.local/lib/python3.7/site-packages/airflow/example_dags/tutorial_etl_dag.py took 0.100 seconds
[2022-07-22 14:31:53,819] {processor.py:153} INFO - Started process (PID=1030) to work on /home/airflow/.local/lib/python3.7/site-packages/airflow/example_dags/tutorial_etl_dag.py
[2022-07-22 14:31:53,820] {processor.py:641} INFO - Processing file /home/airflow/.local/lib/python3.7/site-packages/airflow/example_dags/tutorial_etl_dag.py for tasks to queue
[2022-07-22 14:31:53,821] {logging_mixin.py:115} INFO - [2022-07-22 14:31:53,821] {dagbag.py:508} INFO - Filling up the DagBag from /home/airflow/.local/lib/python3.7/site-packages/airflow/example_dags/tutorial_etl_dag.py
[2022-07-22 14:31:53,833] {processor.py:651} INFO - DAG(s) dict_keys(['tutorial_etl_dag']) retrieved from /home/airflow/.local/lib/python3.7/site-packages/airflow/example_dags/tutorial_etl_dag.py
[2022-07-22 14:31:53,878] {logging_mixin.py:115} INFO - [2022-07-22 14:31:53,878] {dag.py:2420} INFO - Sync 1 DAGs
[2022-07-22 14:31:53,915] {logging_mixin.py:115} INFO - [2022-07-22 14:31:53,915] {dag.py:2972} INFO - Setting next_dagrun for tutorial_etl_dag to None, run_after=None
[2022-07-22 14:31:53,928] {processor.py:161} INFO - Processing /home/airflow/.local/lib/python3.7/site-packages/airflow/example_dags/tutorial_etl_dag.py took 0.114 seconds
[2022-07-22 14:32:24,936] {processor.py:153} INFO - Started process (PID=1250) to work on /home/airflow/.local/lib/python3.7/site-packages/airflow/example_dags/tutorial_etl_dag.py
[2022-07-22 14:32:24,937] {processor.py:641} INFO - Processing file /home/airflow/.local/lib/python3.7/site-packages/airflow/example_dags/tutorial_etl_dag.py for tasks to queue
[2022-07-22 14:32:24,939] {logging_mixin.py:115} INFO - [2022-07-22 14:32:24,938] {dagbag.py:508} INFO - Filling up the DagBag from /home/airflow/.local/lib/python3.7/site-packages/airflow/example_dags/tutorial_etl_dag.py
[2022-07-22 14:32:24,955] {processor.py:651} INFO - DAG(s) dict_keys(['tutorial_etl_dag']) retrieved from /home/airflow/.local/lib/python3.7/site-packages/airflow/example_dags/tutorial_etl_dag.py
[2022-07-22 14:32:25,012] {logging_mixin.py:115} INFO - [2022-07-22 14:32:25,011] {dag.py:2420} INFO - Sync 1 DAGs
[2022-07-22 14:32:25,060] {logging_mixin.py:115} INFO - [2022-07-22 14:32:25,060] {dag.py:2972} INFO - Setting next_dagrun for tutorial_etl_dag to None, run_after=None
[2022-07-22 14:32:25,076] {processor.py:161} INFO - Processing /home/airflow/.local/lib/python3.7/site-packages/airflow/example_dags/tutorial_etl_dag.py took 0.147 seconds
[2022-07-22 14:32:55,826] {processor.py:153} INFO - Started process (PID=1450) to work on /home/airflow/.local/lib/python3.7/site-packages/airflow/example_dags/tutorial_etl_dag.py
[2022-07-22 14:32:55,827] {processor.py:641} INFO - Processing file /home/airflow/.local/lib/python3.7/site-packages/airflow/example_dags/tutorial_etl_dag.py for tasks to queue
[2022-07-22 14:32:55,827] {logging_mixin.py:115} INFO - [2022-07-22 14:32:55,827] {dagbag.py:508} INFO - Filling up the DagBag from /home/airflow/.local/lib/python3.7/site-packages/airflow/example_dags/tutorial_etl_dag.py
[2022-07-22 14:32:55,834] {processor.py:651} INFO - DAG(s) dict_keys(['tutorial_etl_dag']) retrieved from /home/airflow/.local/lib/python3.7/site-packages/airflow/example_dags/tutorial_etl_dag.py
[2022-07-22 14:32:55,862] {logging_mixin.py:115} INFO - [2022-07-22 14:32:55,862] {dag.py:2420} INFO - Sync 1 DAGs
[2022-07-22 14:32:55,895] {logging_mixin.py:115} INFO - [2022-07-22 14:32:55,895] {dag.py:2972} INFO - Setting next_dagrun for tutorial_etl_dag to None, run_after=None
[2022-07-22 14:32:55,912] {processor.py:161} INFO - Processing /home/airflow/.local/lib/python3.7/site-packages/airflow/example_dags/tutorial_etl_dag.py took 0.089 seconds
[2022-07-22 14:33:26,718] {processor.py:153} INFO - Started process (PID=1645) to work on /home/airflow/.local/lib/python3.7/site-packages/airflow/example_dags/tutorial_etl_dag.py
[2022-07-22 14:33:26,719] {processor.py:641} INFO - Processing file /home/airflow/.local/lib/python3.7/site-packages/airflow/example_dags/tutorial_etl_dag.py for tasks to queue
[2022-07-22 14:33:26,720] {logging_mixin.py:115} INFO - [2022-07-22 14:33:26,719] {dagbag.py:508} INFO - Filling up the DagBag from /home/airflow/.local/lib/python3.7/site-packages/airflow/example_dags/tutorial_etl_dag.py
[2022-07-22 14:33:26,727] {processor.py:651} INFO - DAG(s) dict_keys(['tutorial_etl_dag']) retrieved from /home/airflow/.local/lib/python3.7/site-packages/airflow/example_dags/tutorial_etl_dag.py
[2022-07-22 14:33:26,758] {logging_mixin.py:115} INFO - [2022-07-22 14:33:26,758] {dag.py:2420} INFO - Sync 1 DAGs
[2022-07-22 14:33:26,786] {logging_mixin.py:115} INFO - [2022-07-22 14:33:26,786] {dag.py:2972} INFO - Setting next_dagrun for tutorial_etl_dag to None, run_after=None
[2022-07-22 14:33:26,807] {processor.py:161} INFO - Processing /home/airflow/.local/lib/python3.7/site-packages/airflow/example_dags/tutorial_etl_dag.py took 0.093 seconds
[2022-07-22 14:34:49,326] {processor.py:153} INFO - Started process (PID=218) to work on /home/airflow/.local/lib/python3.7/site-packages/airflow/example_dags/tutorial_etl_dag.py
[2022-07-22 14:34:49,327] {processor.py:641} INFO - Processing file /home/airflow/.local/lib/python3.7/site-packages/airflow/example_dags/tutorial_etl_dag.py for tasks to queue
[2022-07-22 14:34:49,328] {logging_mixin.py:115} INFO - [2022-07-22 14:34:49,327] {dagbag.py:508} INFO - Filling up the DagBag from /home/airflow/.local/lib/python3.7/site-packages/airflow/example_dags/tutorial_etl_dag.py
[2022-07-22 14:34:49,339] {processor.py:651} INFO - DAG(s) dict_keys(['tutorial_etl_dag']) retrieved from /home/airflow/.local/lib/python3.7/site-packages/airflow/example_dags/tutorial_etl_dag.py
[2022-07-22 14:34:49,376] {logging_mixin.py:115} INFO - [2022-07-22 14:34:49,375] {dag.py:2420} INFO - Sync 1 DAGs
[2022-07-22 14:34:49,423] {logging_mixin.py:115} INFO - [2022-07-22 14:34:49,422] {dag.py:2972} INFO - Setting next_dagrun for tutorial_etl_dag to None, run_after=None
[2022-07-22 14:34:49,434] {processor.py:161} INFO - Processing /home/airflow/.local/lib/python3.7/site-packages/airflow/example_dags/tutorial_etl_dag.py took 0.111 seconds
[2022-07-22 14:35:20,090] {processor.py:153} INFO - Started process (PID=423) to work on /home/airflow/.local/lib/python3.7/site-packages/airflow/example_dags/tutorial_etl_dag.py
[2022-07-22 14:35:20,091] {processor.py:641} INFO - Processing file /home/airflow/.local/lib/python3.7/site-packages/airflow/example_dags/tutorial_etl_dag.py for tasks to queue
[2022-07-22 14:35:20,092] {logging_mixin.py:115} INFO - [2022-07-22 14:35:20,091] {dagbag.py:508} INFO - Filling up the DagBag from /home/airflow/.local/lib/python3.7/site-packages/airflow/example_dags/tutorial_etl_dag.py
[2022-07-22 14:35:20,098] {processor.py:651} INFO - DAG(s) dict_keys(['tutorial_etl_dag']) retrieved from /home/airflow/.local/lib/python3.7/site-packages/airflow/example_dags/tutorial_etl_dag.py
[2022-07-22 14:35:20,133] {logging_mixin.py:115} INFO - [2022-07-22 14:35:20,133] {dag.py:2420} INFO - Sync 1 DAGs
[2022-07-22 14:35:20,158] {logging_mixin.py:115} INFO - [2022-07-22 14:35:20,158] {dag.py:2972} INFO - Setting next_dagrun for tutorial_etl_dag to None, run_after=None
[2022-07-22 14:35:20,173] {processor.py:161} INFO - Processing /home/airflow/.local/lib/python3.7/site-packages/airflow/example_dags/tutorial_etl_dag.py took 0.086 seconds
