[2022-07-22 14:16:06,837] {taskinstance.py:1179} INFO - Dependencies all met for <TaskInstance: get_options_data_FB.transform_options_data manual__2022-07-22T14:15:01.825087+00:00 [queued]>
[2022-07-22 14:16:06,853] {taskinstance.py:1179} INFO - Dependencies all met for <TaskInstance: get_options_data_FB.transform_options_data manual__2022-07-22T14:15:01.825087+00:00 [queued]>
[2022-07-22 14:16:06,854] {taskinstance.py:1376} INFO - 
--------------------------------------------------------------------------------
[2022-07-22 14:16:06,854] {taskinstance.py:1377} INFO - Starting attempt 1 of 2
[2022-07-22 14:16:06,855] {taskinstance.py:1378} INFO - 
--------------------------------------------------------------------------------
[2022-07-22 14:16:06,874] {taskinstance.py:1397} INFO - Executing <Task(PythonOperator): transform_options_data> on 2022-07-22 14:15:01.825087+00:00
[2022-07-22 14:16:06,880] {standard_task_runner.py:52} INFO - Started process 776 to run task
[2022-07-22 14:16:06,886] {standard_task_runner.py:79} INFO - Running: ['***', 'tasks', 'run', 'get_options_data_FB', 'transform_options_data', 'manual__2022-07-22T14:15:01.825087+00:00', '--job-id', '10', '--raw', '--subdir', 'DAGS_FOLDER/open_options.py', '--cfg-path', '/tmp/tmpsbpww23n', '--error-file', '/tmp/tmp4duhs_et']
[2022-07-22 14:16:06,888] {standard_task_runner.py:80} INFO - Job 10: Subtask transform_options_data
[2022-07-22 14:16:07,014] {task_command.py:371} INFO - Running <TaskInstance: get_options_data_FB.transform_options_data manual__2022-07-22T14:15:01.825087+00:00 [running]> on host 6ca3a31f58ff
[2022-07-22 14:16:07,172] {taskinstance.py:1591} INFO - Exporting the following env vars:
AIRFLOW_CTX_DAG_OWNER=chrischow
AIRFLOW_CTX_DAG_ID=get_options_data_FB
AIRFLOW_CTX_TASK_ID=transform_options_data
AIRFLOW_CTX_EXECUTION_DATE=2022-07-22T14:15:01.825087+00:00
AIRFLOW_CTX_TRY_NUMBER=1
AIRFLOW_CTX_DAG_RUN_ID=manual__2022-07-22T14:15:01.825087+00:00
[2022-07-22 14:16:07,455] {python.py:173} INFO - Done. Returned value was: None
[2022-07-22 14:16:07,474] {taskinstance.py:1420} INFO - Marking task as SUCCESS. dag_id=get_options_data_FB, task_id=transform_options_data, execution_date=20220722T141501, start_date=20220722T141606, end_date=20220722T141607
[2022-07-22 14:16:07,540] {local_task_job.py:156} INFO - Task exited with return code 0
[2022-07-22 14:16:07,642] {local_task_job.py:273} INFO - 1 downstream tasks scheduled from follow-on schedule check
