[2022-07-26 02:32:48,140] {taskinstance.py:1179} INFO - Dependencies all met for <TaskInstance: GOOG_historic_data.create_historic_table manual__2022-07-26T02:32:47.319864+00:00 [queued]>
[2022-07-26 02:32:48,150] {taskinstance.py:1179} INFO - Dependencies all met for <TaskInstance: GOOG_historic_data.create_historic_table manual__2022-07-26T02:32:47.319864+00:00 [queued]>
[2022-07-26 02:32:48,151] {taskinstance.py:1376} INFO - 
--------------------------------------------------------------------------------
[2022-07-26 02:32:48,151] {taskinstance.py:1377} INFO - Starting attempt 1 of 2
[2022-07-26 02:32:48,151] {taskinstance.py:1378} INFO - 
--------------------------------------------------------------------------------
[2022-07-26 02:32:48,166] {taskinstance.py:1397} INFO - Executing <Task(PythonOperator): create_historic_table> on 2022-07-26 02:32:47.319864+00:00
[2022-07-26 02:32:48,171] {standard_task_runner.py:52} INFO - Started process 16288 to run task
[2022-07-26 02:32:48,174] {standard_task_runner.py:79} INFO - Running: ['***', 'tasks', 'run', 'GOOG_historic_data', 'create_historic_table', 'manual__2022-07-26T02:32:47.319864+00:00', '--job-id', '84', '--raw', '--subdir', 'DAGS_FOLDER/open_options.py', '--cfg-path', '/tmp/tmpbk9trrld', '--error-file', '/tmp/tmpke3j07sx']
[2022-07-26 02:32:48,175] {standard_task_runner.py:80} INFO - Job 84: Subtask create_historic_table
[2022-07-26 02:32:48,251] {task_command.py:371} INFO - Running <TaskInstance: GOOG_historic_data.create_historic_table manual__2022-07-26T02:32:47.319864+00:00 [running]> on host 527e7914f635
[2022-07-26 02:32:48,333] {taskinstance.py:1591} INFO - Exporting the following env vars:
AIRFLOW_CTX_DAG_OWNER=vardhan
AIRFLOW_CTX_DAG_ID=GOOG_historic_data
AIRFLOW_CTX_TASK_ID=create_historic_table
AIRFLOW_CTX_EXECUTION_DATE=2022-07-26T02:32:47.319864+00:00
AIRFLOW_CTX_TRY_NUMBER=1
AIRFLOW_CTX_DAG_RUN_ID=manual__2022-07-26T02:32:47.319864+00:00
[2022-07-26 02:32:48,344] {base.py:68} INFO - Using connection ID 'postgres_optionsdata' for task execution.
[2022-07-26 02:32:48,348] {dbapi.py:231} INFO - Running statement: 
        CREATE TABLE IF NOT EXISTS historic_GOOG (
            symbol VARCHAR(32) NOT NULL,
            date BIGINT,
            high_price DOUBLE PRECISION,
            low_price DOUBLE PRECISION,
            open_price DOUBLE PRECISION,
            close_price DOUBLE PRECISION,
            total_volume INTEGER,
            PRIMARY KEY (symbol, date)
        )
    , parameters: None
[2022-07-26 02:32:48,349] {python.py:173} INFO - Done. Returned value was: None
[2022-07-26 02:32:48,365] {taskinstance.py:1420} INFO - Marking task as SUCCESS. dag_id=GOOG_historic_data, task_id=create_historic_table, execution_date=20220726T023247, start_date=20220726T023248, end_date=20220726T023248
[2022-07-26 02:32:48,426] {local_task_job.py:156} INFO - Task exited with return code 0
[2022-07-26 02:32:48,505] {local_task_job.py:273} INFO - 1 downstream tasks scheduled from follow-on schedule check
