[2022-07-26 01:52:07,871] {taskinstance.py:1179} INFO - Dependencies all met for <TaskInstance: get_options_data_GOOG.create_table scheduled__2022-07-26T01:00:00+00:00 [queued]>
[2022-07-26 01:52:07,883] {taskinstance.py:1179} INFO - Dependencies all met for <TaskInstance: get_options_data_GOOG.create_table scheduled__2022-07-26T01:00:00+00:00 [queued]>
[2022-07-26 01:52:07,883] {taskinstance.py:1376} INFO - 
--------------------------------------------------------------------------------
[2022-07-26 01:52:07,884] {taskinstance.py:1377} INFO - Starting attempt 1 of 2
[2022-07-26 01:52:07,884] {taskinstance.py:1378} INFO - 
--------------------------------------------------------------------------------
[2022-07-26 01:52:07,902] {taskinstance.py:1397} INFO - Executing <Task(PythonOperator): create_table> on 2022-07-26 01:00:00+00:00
[2022-07-26 01:52:07,909] {standard_task_runner.py:52} INFO - Started process 227 to run task
[2022-07-26 01:52:07,912] {standard_task_runner.py:79} INFO - Running: ['***', 'tasks', 'run', 'get_options_data_GOOG', 'create_table', 'scheduled__2022-07-26T01:00:00+00:00', '--job-id', '31', '--raw', '--subdir', 'DAGS_FOLDER/open_options.py', '--cfg-path', '/tmp/tmpbkz5a2y3', '--error-file', '/tmp/tmpq3o69qcj']
[2022-07-26 01:52:07,913] {standard_task_runner.py:80} INFO - Job 31: Subtask create_table
[2022-07-26 01:52:08,007] {task_command.py:371} INFO - Running <TaskInstance: get_options_data_GOOG.create_table scheduled__2022-07-26T01:00:00+00:00 [running]> on host 527e7914f635
[2022-07-26 01:52:08,086] {taskinstance.py:1591} INFO - Exporting the following env vars:
AIRFLOW_CTX_DAG_OWNER=vardhan
AIRFLOW_CTX_DAG_ID=get_options_data_GOOG
AIRFLOW_CTX_TASK_ID=create_table
AIRFLOW_CTX_EXECUTION_DATE=2022-07-26T01:00:00+00:00
AIRFLOW_CTX_TRY_NUMBER=1
AIRFLOW_CTX_DAG_RUN_ID=scheduled__2022-07-26T01:00:00+00:00
[2022-07-26 01:52:08,097] {base.py:68} INFO - Using connection ID 'postgres_optionsdata' for task execution.
[2022-07-26 01:52:08,105] {dbapi.py:231} INFO - Running statement: 
CREATE TABLE IF NOT EXISTS GOOG (
    put_call VARCHAR(5) NOT NULL,
    symbol VARCHAR(32) NOT NULL,
    description VARCHAR(64) NOT NULL,
    bid DOUBLE PRECISION,
    ask DOUBLE PRECISION,
    last DOUBLE PRECISION,
    bid_size INTEGER,
    ask_size INTEGER,
    last_size INTEGER,
    high_price DOUBLE PRECISION,
    low_price DOUBLE PRECISION,
    open_price DOUBLE PRECISION,
    close_price DOUBLE PRECISION,
    total_volume INTEGER,
    quote_time BIGINT,
    volatility DOUBLE PRECISION,
    delta DOUBLE PRECISION,
    gamma DOUBLE PRECISION,
    theta DOUBLE PRECISION,
    vega DOUBLE PRECISION,
    rho DOUBLE PRECISION,
    open_interest INTEGER,
    time_value DOUBLE PRECISION,
    theoretical_value DOUBLE PRECISION,
    strike_price DOUBLE PRECISION,
    expiration_date BIGINT,
    dte INTEGER,
    PRIMARY KEY (symbol, quote_time)
)
, parameters: None
[2022-07-26 01:52:08,106] {python.py:173} INFO - Done. Returned value was: None
[2022-07-26 01:52:08,121] {taskinstance.py:1420} INFO - Marking task as SUCCESS. dag_id=get_options_data_GOOG, task_id=create_table, execution_date=20220726T010000, start_date=20220726T015207, end_date=20220726T015208
[2022-07-26 01:52:08,166] {local_task_job.py:156} INFO - Task exited with return code 0
[2022-07-26 01:52:08,246] {local_task_job.py:273} INFO - 1 downstream tasks scheduled from follow-on schedule check
