[2022-07-22 14:16:08,734] {taskinstance.py:1179} INFO - Dependencies all met for <TaskInstance: get_options_data_FB.load_data_into_postgres manual__2022-07-22T14:15:01.825087+00:00 [queued]>
[2022-07-22 14:16:08,744] {taskinstance.py:1179} INFO - Dependencies all met for <TaskInstance: get_options_data_FB.load_data_into_postgres manual__2022-07-22T14:15:01.825087+00:00 [queued]>
[2022-07-22 14:16:08,744] {taskinstance.py:1376} INFO - 
--------------------------------------------------------------------------------
[2022-07-22 14:16:08,744] {taskinstance.py:1377} INFO - Starting attempt 1 of 2
[2022-07-22 14:16:08,745] {taskinstance.py:1378} INFO - 
--------------------------------------------------------------------------------
[2022-07-22 14:16:08,758] {taskinstance.py:1397} INFO - Executing <Task(PythonOperator): load_data_into_postgres> on 2022-07-22 14:15:01.825087+00:00
[2022-07-22 14:16:08,762] {standard_task_runner.py:52} INFO - Started process 788 to run task
[2022-07-22 14:16:08,767] {standard_task_runner.py:79} INFO - Running: ['***', 'tasks', 'run', 'get_options_data_FB', 'load_data_into_postgres', 'manual__2022-07-22T14:15:01.825087+00:00', '--job-id', '11', '--raw', '--subdir', 'DAGS_FOLDER/open_options.py', '--cfg-path', '/tmp/tmpebpl93g2', '--error-file', '/tmp/tmprmlt0_yr']
[2022-07-22 14:16:08,768] {standard_task_runner.py:80} INFO - Job 11: Subtask load_data_into_postgres
[2022-07-22 14:16:08,868] {task_command.py:371} INFO - Running <TaskInstance: get_options_data_FB.load_data_into_postgres manual__2022-07-22T14:15:01.825087+00:00 [running]> on host 6ca3a31f58ff
[2022-07-22 14:16:09,027] {taskinstance.py:1591} INFO - Exporting the following env vars:
AIRFLOW_CTX_DAG_OWNER=chrischow
AIRFLOW_CTX_DAG_ID=get_options_data_FB
AIRFLOW_CTX_TASK_ID=load_data_into_postgres
AIRFLOW_CTX_EXECUTION_DATE=2022-07-22T14:15:01.825087+00:00
AIRFLOW_CTX_TRY_NUMBER=1
AIRFLOW_CTX_DAG_RUN_ID=manual__2022-07-22T14:15:01.825087+00:00
[2022-07-22 14:16:09,271] {python.py:173} INFO - Done. Returned value was: None
[2022-07-22 14:16:09,293] {taskinstance.py:1420} INFO - Marking task as SUCCESS. dag_id=get_options_data_FB, task_id=load_data_into_postgres, execution_date=20220722T141501, start_date=20220722T141608, end_date=20220722T141609
[2022-07-22 14:16:09,378] {local_task_job.py:156} INFO - Task exited with return code 0
[2022-07-22 14:16:09,439] {local_task_job.py:273} INFO - 0 downstream tasks scheduled from follow-on schedule check
