[2022-07-22 14:30:07,046] {taskinstance.py:1179} INFO - Dependencies all met for <TaskInstance: get_options_data_FB.load_data_into_postgres scheduled__2022-07-22T14:00:00+00:00 [queued]>
[2022-07-22 14:30:07,059] {taskinstance.py:1179} INFO - Dependencies all met for <TaskInstance: get_options_data_FB.load_data_into_postgres scheduled__2022-07-22T14:00:00+00:00 [queued]>
[2022-07-22 14:30:07,059] {taskinstance.py:1376} INFO - 
--------------------------------------------------------------------------------
[2022-07-22 14:30:07,060] {taskinstance.py:1377} INFO - Starting attempt 1 of 2
[2022-07-22 14:30:07,060] {taskinstance.py:1378} INFO - 
--------------------------------------------------------------------------------
[2022-07-22 14:30:07,077] {taskinstance.py:1397} INFO - Executing <Task(PythonOperator): load_data_into_postgres> on 2022-07-22 14:00:00+00:00
[2022-07-22 14:30:07,083] {standard_task_runner.py:52} INFO - Started process 372 to run task
[2022-07-22 14:30:07,086] {standard_task_runner.py:79} INFO - Running: ['***', 'tasks', 'run', 'get_options_data_FB', 'load_data_into_postgres', 'scheduled__2022-07-22T14:00:00+00:00', '--job-id', '17', '--raw', '--subdir', 'DAGS_FOLDER/open_options.py', '--cfg-path', '/tmp/tmpoqi1x9h9', '--error-file', '/tmp/tmp7e93qqpb']
[2022-07-22 14:30:07,087] {standard_task_runner.py:80} INFO - Job 17: Subtask load_data_into_postgres
[2022-07-22 14:30:07,156] {task_command.py:371} INFO - Running <TaskInstance: get_options_data_FB.load_data_into_postgres scheduled__2022-07-22T14:00:00+00:00 [running]> on host 447256dddbfe
[2022-07-22 14:30:07,232] {taskinstance.py:1591} INFO - Exporting the following env vars:
AIRFLOW_CTX_DAG_OWNER=chrischow
AIRFLOW_CTX_DAG_ID=get_options_data_FB
AIRFLOW_CTX_TASK_ID=load_data_into_postgres
AIRFLOW_CTX_EXECUTION_DATE=2022-07-22T14:00:00+00:00
AIRFLOW_CTX_TRY_NUMBER=1
AIRFLOW_CTX_DAG_RUN_ID=scheduled__2022-07-22T14:00:00+00:00
[2022-07-22 14:30:07,429] {python.py:173} INFO - Done. Returned value was: None
[2022-07-22 14:30:07,441] {taskinstance.py:1420} INFO - Marking task as SUCCESS. dag_id=get_options_data_FB, task_id=load_data_into_postgres, execution_date=20220722T140000, start_date=20220722T143007, end_date=20220722T143007
[2022-07-22 14:30:07,499] {local_task_job.py:156} INFO - Task exited with return code 0
[2022-07-22 14:30:07,590] {local_task_job.py:273} INFO - 0 downstream tasks scheduled from follow-on schedule check
