[2022-07-26 01:52:12,259] {taskinstance.py:1179} INFO - Dependencies all met for <TaskInstance: get_options_data_GOOG.transform_options_data scheduled__2022-07-22T14:30:00+00:00 [queued]>
[2022-07-26 01:52:12,273] {taskinstance.py:1179} INFO - Dependencies all met for <TaskInstance: get_options_data_GOOG.transform_options_data scheduled__2022-07-22T14:30:00+00:00 [queued]>
[2022-07-26 01:52:12,274] {taskinstance.py:1376} INFO - 
--------------------------------------------------------------------------------
[2022-07-26 01:52:12,274] {taskinstance.py:1377} INFO - Starting attempt 1 of 2
[2022-07-26 01:52:12,274] {taskinstance.py:1378} INFO - 
--------------------------------------------------------------------------------
[2022-07-26 01:52:12,304] {taskinstance.py:1397} INFO - Executing <Task(PythonOperator): transform_options_data> on 2022-07-22 14:30:00+00:00
[2022-07-26 01:52:12,311] {standard_task_runner.py:52} INFO - Started process 365 to run task
[2022-07-26 01:52:12,317] {standard_task_runner.py:79} INFO - Running: ['***', 'tasks', 'run', 'get_options_data_GOOG', 'transform_options_data', 'scheduled__2022-07-22T14:30:00+00:00', '--job-id', '34', '--raw', '--subdir', 'DAGS_FOLDER/open_options.py', '--cfg-path', '/tmp/tmp7hcqudyw', '--error-file', '/tmp/tmp5dxwezu0']
[2022-07-26 01:52:12,319] {standard_task_runner.py:80} INFO - Job 34: Subtask transform_options_data
[2022-07-26 01:52:12,423] {task_command.py:371} INFO - Running <TaskInstance: get_options_data_GOOG.transform_options_data scheduled__2022-07-22T14:30:00+00:00 [running]> on host 527e7914f635
[2022-07-26 01:52:12,543] {taskinstance.py:1591} INFO - Exporting the following env vars:
AIRFLOW_CTX_DAG_OWNER=vardhan
AIRFLOW_CTX_DAG_ID=get_options_data_GOOG
AIRFLOW_CTX_TASK_ID=transform_options_data
AIRFLOW_CTX_EXECUTION_DATE=2022-07-22T14:30:00+00:00
AIRFLOW_CTX_TRY_NUMBER=1
AIRFLOW_CTX_DAG_RUN_ID=scheduled__2022-07-22T14:30:00+00:00
[2022-07-26 01:52:13,539] {python.py:173} INFO - Done. Returned value was: None
[2022-07-26 01:52:13,553] {taskinstance.py:1420} INFO - Marking task as SUCCESS. dag_id=get_options_data_GOOG, task_id=transform_options_data, execution_date=20220722T143000, start_date=20220726T015212, end_date=20220726T015213
[2022-07-26 01:52:13,622] {local_task_job.py:156} INFO - Task exited with return code 0
[2022-07-26 01:52:13,707] {local_task_job.py:273} INFO - 1 downstream tasks scheduled from follow-on schedule check
