[2022-07-26 01:53:43,385] {taskinstance.py:1179} INFO - Dependencies all met for <TaskInstance: GOOG_historic_data.extract_historic_data_from_tda manual__2022-07-26T01:52:38.961649+00:00 [queued]>
[2022-07-26 01:53:43,402] {taskinstance.py:1179} INFO - Dependencies all met for <TaskInstance: GOOG_historic_data.extract_historic_data_from_tda manual__2022-07-26T01:52:38.961649+00:00 [queued]>
[2022-07-26 01:53:43,402] {taskinstance.py:1376} INFO - 
--------------------------------------------------------------------------------
[2022-07-26 01:53:43,403] {taskinstance.py:1377} INFO - Starting attempt 1 of 2
[2022-07-26 01:53:43,403] {taskinstance.py:1378} INFO - 
--------------------------------------------------------------------------------
[2022-07-26 01:53:43,421] {taskinstance.py:1397} INFO - Executing <Task(PythonOperator): extract_historic_data_from_tda> on 2022-07-26 01:52:38.961649+00:00
[2022-07-26 01:53:43,429] {standard_task_runner.py:52} INFO - Started process 975 to run task
[2022-07-26 01:53:43,432] {standard_task_runner.py:79} INFO - Running: ['***', 'tasks', 'run', 'GOOG_historic_data', 'extract_historic_data_from_tda', 'manual__2022-07-26T01:52:38.961649+00:00', '--job-id', '43', '--raw', '--subdir', 'DAGS_FOLDER/open_options.py', '--cfg-path', '/tmp/tmpxv3mwk8r', '--error-file', '/tmp/tmprk8le3ns']
[2022-07-26 01:53:43,433] {standard_task_runner.py:80} INFO - Job 43: Subtask extract_historic_data_from_tda
[2022-07-26 01:53:43,505] {task_command.py:371} INFO - Running <TaskInstance: GOOG_historic_data.extract_historic_data_from_tda manual__2022-07-26T01:52:38.961649+00:00 [running]> on host 527e7914f635
[2022-07-26 01:53:43,583] {taskinstance.py:1591} INFO - Exporting the following env vars:
AIRFLOW_CTX_DAG_OWNER=vardhan
AIRFLOW_CTX_DAG_ID=GOOG_historic_data
AIRFLOW_CTX_TASK_ID=extract_historic_data_from_tda
AIRFLOW_CTX_EXECUTION_DATE=2022-07-26T01:52:38.961649+00:00
AIRFLOW_CTX_TRY_NUMBER=1
AIRFLOW_CTX_DAG_RUN_ID=manual__2022-07-26T01:52:38.961649+00:00
[2022-07-26 01:53:44,039] {logging_mixin.py:115} INFO - {'error': 'The access token being passed has expired or is invalid.'}
[2022-07-26 01:53:44,080] {python.py:173} INFO - Done. Returned value was: None
[2022-07-26 01:53:44,106] {taskinstance.py:1420} INFO - Marking task as SUCCESS. dag_id=GOOG_historic_data, task_id=extract_historic_data_from_tda, execution_date=20220726T015238, start_date=20220726T015343, end_date=20220726T015344
[2022-07-26 01:53:44,170] {local_task_job.py:156} INFO - Task exited with return code 0
[2022-07-26 01:53:44,277] {local_task_job.py:273} INFO - 1 downstream tasks scheduled from follow-on schedule check
