[2022-07-26 02:30:24,752] {taskinstance.py:1179} INFO - Dependencies all met for <TaskInstance: GOOG_historic_data.transform_historic_data manual__2022-07-26T02:30:19.186031+00:00 [queued]>
[2022-07-26 02:30:24,762] {taskinstance.py:1179} INFO - Dependencies all met for <TaskInstance: GOOG_historic_data.transform_historic_data manual__2022-07-26T02:30:19.186031+00:00 [queued]>
[2022-07-26 02:30:24,763] {taskinstance.py:1376} INFO - 
--------------------------------------------------------------------------------
[2022-07-26 02:30:24,763] {taskinstance.py:1377} INFO - Starting attempt 1 of 2
[2022-07-26 02:30:24,763] {taskinstance.py:1378} INFO - 
--------------------------------------------------------------------------------
[2022-07-26 02:30:24,778] {taskinstance.py:1397} INFO - Executing <Task(PythonOperator): transform_historic_data> on 2022-07-26 02:30:19.186031+00:00
[2022-07-26 02:30:24,784] {standard_task_runner.py:52} INFO - Started process 15421 to run task
[2022-07-26 02:30:24,788] {standard_task_runner.py:79} INFO - Running: ['***', 'tasks', 'run', 'GOOG_historic_data', 'transform_historic_data', 'manual__2022-07-26T02:30:19.186031+00:00', '--job-id', '81', '--raw', '--subdir', 'DAGS_FOLDER/open_options.py', '--cfg-path', '/tmp/tmpm3sl0uu0', '--error-file', '/tmp/tmpbxbwzmo_']
[2022-07-26 02:30:24,790] {standard_task_runner.py:80} INFO - Job 81: Subtask transform_historic_data
[2022-07-26 02:30:24,865] {task_command.py:371} INFO - Running <TaskInstance: GOOG_historic_data.transform_historic_data manual__2022-07-26T02:30:19.186031+00:00 [running]> on host 527e7914f635
[2022-07-26 02:30:24,947] {taskinstance.py:1591} INFO - Exporting the following env vars:
AIRFLOW_CTX_DAG_OWNER=vardhan
AIRFLOW_CTX_DAG_ID=GOOG_historic_data
AIRFLOW_CTX_TASK_ID=transform_historic_data
AIRFLOW_CTX_EXECUTION_DATE=2022-07-26T02:30:19.186031+00:00
AIRFLOW_CTX_TRY_NUMBER=1
AIRFLOW_CTX_DAG_RUN_ID=manual__2022-07-26T02:30:19.186031+00:00
[2022-07-26 02:30:25,441] {logging_mixin.py:115} INFO -        symbol           date  high_price  ...  open_price  close_price  total_volume
0      {GOOG}  1654691040000   116.95000  ...    116.9500    116.95000          4000
1      {GOOG}  1654692120000   117.22950  ...    117.2295    117.22950         40000
2      {GOOG}  1654695000000   117.28525  ...    116.8820    117.22350        281360
3      {GOOG}  1654695060000   117.00950  ...    117.0095    116.85450         36100
4      {GOOG}  1654695120000   116.89823  ...    116.8655    116.89175         46000
...       ...            ...         ...  ...         ...          ...           ...
14015  {GOOG}  1658533980000   108.48000  ...    108.4800    108.48000           108
14016  {GOOG}  1658534100000   108.48000  ...    108.4800    108.48000          1000
14017  {GOOG}  1658534160000   108.48000  ...    108.4800    108.48000           100
14018  {GOOG}  1658534280000   108.48000  ...    108.4800    108.48000          1340
14019  {GOOG}  1658534340000   108.50000  ...    108.4800    108.50000           718

[14020 rows x 7 columns]
[2022-07-26 02:30:25,821] {python.py:173} INFO - Done. Returned value was: None
[2022-07-26 02:30:25,835] {taskinstance.py:1420} INFO - Marking task as SUCCESS. dag_id=GOOG_historic_data, task_id=transform_historic_data, execution_date=20220726T023019, start_date=20220726T023024, end_date=20220726T023025
[2022-07-26 02:30:25,925] {local_task_job.py:156} INFO - Task exited with return code 0
[2022-07-26 02:30:26,001] {local_task_job.py:273} INFO - 1 downstream tasks scheduled from follow-on schedule check
