[2022-07-26 02:23:05,000] {taskinstance.py:1179} INFO - Dependencies all met for <TaskInstance: GOOG_historic_data.extract_historic_data_from_tda manual__2022-07-26T02:23:02.851999+00:00 [queued]>
[2022-07-26 02:23:05,021] {taskinstance.py:1179} INFO - Dependencies all met for <TaskInstance: GOOG_historic_data.extract_historic_data_from_tda manual__2022-07-26T02:23:02.851999+00:00 [queued]>
[2022-07-26 02:23:05,021] {taskinstance.py:1376} INFO - 
--------------------------------------------------------------------------------
[2022-07-26 02:23:05,021] {taskinstance.py:1377} INFO - Starting attempt 1 of 2
[2022-07-26 02:23:05,022] {taskinstance.py:1378} INFO - 
--------------------------------------------------------------------------------
[2022-07-26 02:23:05,054] {taskinstance.py:1397} INFO - Executing <Task(PythonOperator): extract_historic_data_from_tda> on 2022-07-26 02:23:02.851999+00:00
[2022-07-26 02:23:05,062] {standard_task_runner.py:52} INFO - Started process 12431 to run task
[2022-07-26 02:23:05,066] {standard_task_runner.py:79} INFO - Running: ['***', 'tasks', 'run', 'GOOG_historic_data', 'extract_historic_data_from_tda', 'manual__2022-07-26T02:23:02.851999+00:00', '--job-id', '72', '--raw', '--subdir', 'DAGS_FOLDER/open_options.py', '--cfg-path', '/tmp/tmppez7d0rf', '--error-file', '/tmp/tmpa3hilmsy']
[2022-07-26 02:23:05,068] {standard_task_runner.py:80} INFO - Job 72: Subtask extract_historic_data_from_tda
[2022-07-26 02:23:05,162] {task_command.py:371} INFO - Running <TaskInstance: GOOG_historic_data.extract_historic_data_from_tda manual__2022-07-26T02:23:02.851999+00:00 [running]> on host 527e7914f635
[2022-07-26 02:23:05,261] {taskinstance.py:1591} INFO - Exporting the following env vars:
AIRFLOW_CTX_DAG_OWNER=vardhan
AIRFLOW_CTX_DAG_ID=GOOG_historic_data
AIRFLOW_CTX_TASK_ID=extract_historic_data_from_tda
AIRFLOW_CTX_EXECUTION_DATE=2022-07-26T02:23:02.851999+00:00
AIRFLOW_CTX_TRY_NUMBER=1
AIRFLOW_CTX_DAG_RUN_ID=manual__2022-07-26T02:23:02.851999+00:00
[2022-07-26 02:23:05,653] {logging_mixin.py:115} INFO - {'error': 'Bad request.'}
[2022-07-26 02:23:05,670] {python.py:173} INFO - Done. Returned value was: None
[2022-07-26 02:23:05,686] {taskinstance.py:1420} INFO - Marking task as SUCCESS. dag_id=GOOG_historic_data, task_id=extract_historic_data_from_tda, execution_date=20220726T022302, start_date=20220726T022305, end_date=20220726T022305
[2022-07-26 02:23:05,720] {local_task_job.py:156} INFO - Task exited with return code 0
[2022-07-26 02:23:05,794] {local_task_job.py:273} INFO - 1 downstream tasks scheduled from follow-on schedule check
