[2022-07-26 01:58:59,738] {taskinstance.py:1179} INFO - Dependencies all met for <TaskInstance: GOOG_historic_data.create_historic_table manual__2022-07-26T01:58:58.467555+00:00 [queued]>
[2022-07-26 01:58:59,749] {taskinstance.py:1179} INFO - Dependencies all met for <TaskInstance: GOOG_historic_data.create_historic_table manual__2022-07-26T01:58:58.467555+00:00 [queued]>
[2022-07-26 01:58:59,750] {taskinstance.py:1376} INFO - 
--------------------------------------------------------------------------------
[2022-07-26 01:58:59,750] {taskinstance.py:1377} INFO - Starting attempt 1 of 2
[2022-07-26 01:58:59,750] {taskinstance.py:1378} INFO - 
--------------------------------------------------------------------------------
[2022-07-26 01:58:59,771] {taskinstance.py:1397} INFO - Executing <Task(PythonOperator): create_historic_table> on 2022-07-26 01:58:58.467555+00:00
[2022-07-26 01:58:59,776] {standard_task_runner.py:52} INFO - Started process 2998 to run task
[2022-07-26 01:58:59,779] {standard_task_runner.py:79} INFO - Running: ['***', 'tasks', 'run', 'GOOG_historic_data', 'create_historic_table', 'manual__2022-07-26T01:58:58.467555+00:00', '--job-id', '51', '--raw', '--subdir', 'DAGS_FOLDER/open_options.py', '--cfg-path', '/tmp/tmpo5zn2ud9', '--error-file', '/tmp/tmpom_2ocay']
[2022-07-26 01:58:59,780] {standard_task_runner.py:80} INFO - Job 51: Subtask create_historic_table
[2022-07-26 01:58:59,849] {task_command.py:371} INFO - Running <TaskInstance: GOOG_historic_data.create_historic_table manual__2022-07-26T01:58:58.467555+00:00 [running]> on host 527e7914f635
[2022-07-26 01:58:59,935] {taskinstance.py:1591} INFO - Exporting the following env vars:
AIRFLOW_CTX_DAG_OWNER=vardhan
AIRFLOW_CTX_DAG_ID=GOOG_historic_data
AIRFLOW_CTX_TASK_ID=create_historic_table
AIRFLOW_CTX_EXECUTION_DATE=2022-07-26T01:58:58.467555+00:00
AIRFLOW_CTX_TRY_NUMBER=1
AIRFLOW_CTX_DAG_RUN_ID=manual__2022-07-26T01:58:58.467555+00:00
[2022-07-26 01:58:59,947] {base.py:68} INFO - Using connection ID 'postgres_optionsdata' for task execution.
[2022-07-26 01:58:59,951] {dbapi.py:231} INFO - Running statement: 
        CREATE TABLE IF NOT EXISTS historic_GOOG (
            symbol VARCHAR(32) NOT NULL,
            date BIGINT,
            high_price DOUBLE PRECISION,
            low_price DOUBLE PRECISION,
            open_price DOUBLE PRECISION,
            close_price DOUBLE PRECISION,
            total_volume INTEGER,
            PRIMARY KEY (symbol, date)
        )
    , parameters: None
[2022-07-26 01:58:59,954] {python.py:173} INFO - Done. Returned value was: None
[2022-07-26 01:58:59,971] {taskinstance.py:1420} INFO - Marking task as SUCCESS. dag_id=GOOG_historic_data, task_id=create_historic_table, execution_date=20220726T015858, start_date=20220726T015859, end_date=20220726T015859
[2022-07-26 01:59:00,030] {local_task_job.py:156} INFO - Task exited with return code 0
[2022-07-26 01:59:00,103] {local_task_job.py:273} INFO - 1 downstream tasks scheduled from follow-on schedule check
