[2022-07-22 14:08:18,675] {processor.py:153} INFO - Started process (PID=170) to work on /opt/airflow/dags/open_options.py
[2022-07-22 14:08:18,676] {processor.py:641} INFO - Processing file /opt/airflow/dags/open_options.py for tasks to queue
[2022-07-22 14:08:18,676] {logging_mixin.py:115} INFO - [2022-07-22 14:08:18,676] {dagbag.py:508} INFO - Filling up the DagBag from /opt/airflow/dags/open_options.py
[2022-07-22 14:08:18,860] {processor.py:651} INFO - DAG(s) dict_keys(['get_options_data_FB', 'get_options_data_GOOG']) retrieved from /opt/airflow/dags/open_options.py
[2022-07-22 14:08:18,950] {logging_mixin.py:115} INFO - [2022-07-22 14:08:18,949] {manager.py:508} INFO - Created Permission View: can edit on DAG:get_options_data_FB
[2022-07-22 14:08:18,960] {logging_mixin.py:115} INFO - [2022-07-22 14:08:18,960] {manager.py:508} INFO - Created Permission View: can read on DAG:get_options_data_FB
[2022-07-22 14:08:18,967] {logging_mixin.py:115} INFO - [2022-07-22 14:08:18,967] {manager.py:508} INFO - Created Permission View: can delete on DAG:get_options_data_FB
[2022-07-22 14:08:18,984] {logging_mixin.py:115} INFO - [2022-07-22 14:08:18,983] {manager.py:508} INFO - Created Permission View: can edit on DAG:get_options_data_GOOG
[2022-07-22 14:08:18,991] {logging_mixin.py:115} INFO - [2022-07-22 14:08:18,991] {manager.py:508} INFO - Created Permission View: can read on DAG:get_options_data_GOOG
[2022-07-22 14:08:19,004] {logging_mixin.py:115} INFO - [2022-07-22 14:08:19,004] {manager.py:508} INFO - Created Permission View: can delete on DAG:get_options_data_GOOG
[2022-07-22 14:08:19,004] {logging_mixin.py:115} INFO - [2022-07-22 14:08:19,004] {dag.py:2420} INFO - Sync 2 DAGs
[2022-07-22 14:08:19,021] {logging_mixin.py:115} INFO - [2022-07-22 14:08:19,021] {dag.py:2439} INFO - Creating ORM DAG for get_options_data_GOOG
[2022-07-22 14:08:19,022] {logging_mixin.py:115} INFO - [2022-07-22 14:08:19,022] {dag.py:2439} INFO - Creating ORM DAG for get_options_data_FB
[2022-07-22 14:08:19,042] {logging_mixin.py:115} INFO - [2022-07-22 14:08:19,041] {dag.py:2972} INFO - Setting next_dagrun for get_options_data_FB to 2022-07-22T13:30:00+00:00, run_after=2022-07-22T14:00:00+00:00
[2022-07-22 14:08:19,049] {logging_mixin.py:115} INFO - [2022-07-22 14:08:19,049] {dag.py:2972} INFO - Setting next_dagrun for get_options_data_GOOG to 2022-07-22T13:30:00+00:00, run_after=2022-07-22T14:00:00+00:00
[2022-07-22 14:08:19,070] {processor.py:161} INFO - Processing /opt/airflow/dags/open_options.py took 0.399 seconds
[2022-07-22 14:08:49,781] {processor.py:153} INFO - Started process (PID=377) to work on /opt/airflow/dags/open_options.py
[2022-07-22 14:08:49,782] {processor.py:641} INFO - Processing file /opt/airflow/dags/open_options.py for tasks to queue
[2022-07-22 14:08:49,784] {logging_mixin.py:115} INFO - [2022-07-22 14:08:49,784] {dagbag.py:508} INFO - Filling up the DagBag from /opt/airflow/dags/open_options.py
[2022-07-22 14:08:50,037] {processor.py:651} INFO - DAG(s) dict_keys(['get_options_data_FB', 'get_options_data_GOOG']) retrieved from /opt/airflow/dags/open_options.py
[2022-07-22 14:08:50,073] {logging_mixin.py:115} INFO - [2022-07-22 14:08:50,073] {dag.py:2420} INFO - Sync 2 DAGs
[2022-07-22 14:08:50,117] {logging_mixin.py:115} INFO - [2022-07-22 14:08:50,117] {dag.py:2972} INFO - Setting next_dagrun for get_options_data_FB to 2022-07-22T14:00:00+00:00, run_after=2022-07-22T14:30:00+00:00
[2022-07-22 14:08:50,126] {logging_mixin.py:115} INFO - [2022-07-22 14:08:50,126] {dag.py:2972} INFO - Setting next_dagrun for get_options_data_GOOG to 2022-07-22T13:30:00+00:00, run_after=2022-07-22T14:00:00+00:00
[2022-07-22 14:08:50,149] {processor.py:161} INFO - Processing /opt/airflow/dags/open_options.py took 0.375 seconds
[2022-07-22 14:09:20,244] {processor.py:153} INFO - Started process (PID=584) to work on /opt/airflow/dags/open_options.py
[2022-07-22 14:09:20,245] {processor.py:641} INFO - Processing file /opt/airflow/dags/open_options.py for tasks to queue
[2022-07-22 14:09:20,246] {logging_mixin.py:115} INFO - [2022-07-22 14:09:20,246] {dagbag.py:508} INFO - Filling up the DagBag from /opt/airflow/dags/open_options.py
[2022-07-22 14:09:20,448] {processor.py:651} INFO - DAG(s) dict_keys(['get_options_data_FB', 'get_options_data_GOOG']) retrieved from /opt/airflow/dags/open_options.py
[2022-07-22 14:09:20,492] {logging_mixin.py:115} INFO - [2022-07-22 14:09:20,492] {dag.py:2420} INFO - Sync 2 DAGs
[2022-07-22 14:09:20,535] {logging_mixin.py:115} INFO - [2022-07-22 14:09:20,535] {dag.py:2972} INFO - Setting next_dagrun for get_options_data_FB to 2022-07-22T14:00:00+00:00, run_after=2022-07-22T14:30:00+00:00
[2022-07-22 14:09:20,544] {logging_mixin.py:115} INFO - [2022-07-22 14:09:20,543] {dag.py:2972} INFO - Setting next_dagrun for get_options_data_GOOG to 2022-07-22T13:30:00+00:00, run_after=2022-07-22T14:00:00+00:00
[2022-07-22 14:09:20,563] {processor.py:161} INFO - Processing /opt/airflow/dags/open_options.py took 0.325 seconds
[2022-07-22 14:09:50,626] {processor.py:153} INFO - Started process (PID=789) to work on /opt/airflow/dags/open_options.py
[2022-07-22 14:09:50,628] {processor.py:641} INFO - Processing file /opt/airflow/dags/open_options.py for tasks to queue
[2022-07-22 14:09:50,629] {logging_mixin.py:115} INFO - [2022-07-22 14:09:50,629] {dagbag.py:508} INFO - Filling up the DagBag from /opt/airflow/dags/open_options.py
[2022-07-22 14:09:50,858] {processor.py:651} INFO - DAG(s) dict_keys(['get_options_data_FB', 'get_options_data_GOOG']) retrieved from /opt/airflow/dags/open_options.py
[2022-07-22 14:09:50,887] {logging_mixin.py:115} INFO - [2022-07-22 14:09:50,887] {dag.py:2420} INFO - Sync 2 DAGs
[2022-07-22 14:09:50,922] {logging_mixin.py:115} INFO - [2022-07-22 14:09:50,922] {dag.py:2972} INFO - Setting next_dagrun for get_options_data_FB to 2022-07-22T14:00:00+00:00, run_after=2022-07-22T14:30:00+00:00
[2022-07-22 14:09:50,927] {logging_mixin.py:115} INFO - [2022-07-22 14:09:50,927] {dag.py:2972} INFO - Setting next_dagrun for get_options_data_GOOG to 2022-07-22T13:30:00+00:00, run_after=2022-07-22T14:00:00+00:00
[2022-07-22 14:09:50,946] {processor.py:161} INFO - Processing /opt/airflow/dags/open_options.py took 0.325 seconds
[2022-07-22 14:11:24,370] {processor.py:153} INFO - Started process (PID=170) to work on /opt/airflow/dags/open_options.py
[2022-07-22 14:11:24,371] {processor.py:641} INFO - Processing file /opt/airflow/dags/open_options.py for tasks to queue
[2022-07-22 14:11:24,377] {logging_mixin.py:115} INFO - [2022-07-22 14:11:24,377] {dagbag.py:508} INFO - Filling up the DagBag from /opt/airflow/dags/open_options.py
[2022-07-22 14:11:24,545] {processor.py:651} INFO - DAG(s) dict_keys(['get_options_data_FB', 'get_options_data_GOOG']) retrieved from /opt/airflow/dags/open_options.py
[2022-07-22 14:11:24,619] {logging_mixin.py:115} INFO - [2022-07-22 14:11:24,619] {manager.py:508} INFO - Created Permission View: can read on DAG:get_options_data_FB
[2022-07-22 14:11:24,630] {logging_mixin.py:115} INFO - [2022-07-22 14:11:24,630] {manager.py:508} INFO - Created Permission View: can edit on DAG:get_options_data_FB
[2022-07-22 14:11:24,640] {logging_mixin.py:115} INFO - [2022-07-22 14:11:24,640] {manager.py:508} INFO - Created Permission View: can delete on DAG:get_options_data_FB
[2022-07-22 14:11:24,666] {logging_mixin.py:115} INFO - [2022-07-22 14:11:24,666] {manager.py:508} INFO - Created Permission View: can read on DAG:get_options_data_GOOG
[2022-07-22 14:11:24,678] {logging_mixin.py:115} INFO - [2022-07-22 14:11:24,678] {manager.py:508} INFO - Created Permission View: can edit on DAG:get_options_data_GOOG
[2022-07-22 14:11:24,692] {logging_mixin.py:115} INFO - [2022-07-22 14:11:24,692] {manager.py:508} INFO - Created Permission View: can delete on DAG:get_options_data_GOOG
[2022-07-22 14:11:24,693] {logging_mixin.py:115} INFO - [2022-07-22 14:11:24,693] {dag.py:2420} INFO - Sync 2 DAGs
[2022-07-22 14:11:24,707] {logging_mixin.py:115} INFO - [2022-07-22 14:11:24,707] {dag.py:2439} INFO - Creating ORM DAG for get_options_data_GOOG
[2022-07-22 14:11:24,708] {logging_mixin.py:115} INFO - [2022-07-22 14:11:24,708] {dag.py:2439} INFO - Creating ORM DAG for get_options_data_FB
[2022-07-22 14:11:24,720] {logging_mixin.py:115} INFO - [2022-07-22 14:11:24,720] {dag.py:2972} INFO - Setting next_dagrun for get_options_data_FB to 2022-07-22T13:30:00+00:00, run_after=2022-07-22T14:00:00+00:00
[2022-07-22 14:11:24,725] {logging_mixin.py:115} INFO - [2022-07-22 14:11:24,725] {dag.py:2972} INFO - Setting next_dagrun for get_options_data_GOOG to 2022-07-22T13:30:00+00:00, run_after=2022-07-22T14:00:00+00:00
[2022-07-22 14:11:24,743] {processor.py:161} INFO - Processing /opt/airflow/dags/open_options.py took 0.377 seconds
[2022-07-22 14:11:54,917] {processor.py:153} INFO - Started process (PID=382) to work on /opt/airflow/dags/open_options.py
[2022-07-22 14:11:54,918] {processor.py:641} INFO - Processing file /opt/airflow/dags/open_options.py for tasks to queue
[2022-07-22 14:11:54,919] {logging_mixin.py:115} INFO - [2022-07-22 14:11:54,919] {dagbag.py:508} INFO - Filling up the DagBag from /opt/airflow/dags/open_options.py
[2022-07-22 14:11:55,210] {processor.py:651} INFO - DAG(s) dict_keys(['get_options_data_FB', 'get_options_data_GOOG']) retrieved from /opt/airflow/dags/open_options.py
[2022-07-22 14:11:55,247] {logging_mixin.py:115} INFO - [2022-07-22 14:11:55,247] {dag.py:2420} INFO - Sync 2 DAGs
[2022-07-22 14:11:55,268] {logging_mixin.py:115} INFO - [2022-07-22 14:11:55,268] {dag.py:2972} INFO - Setting next_dagrun for get_options_data_FB to 2022-07-22T14:00:00+00:00, run_after=2022-07-22T14:30:00+00:00
[2022-07-22 14:11:55,276] {logging_mixin.py:115} INFO - [2022-07-22 14:11:55,276] {dag.py:2972} INFO - Setting next_dagrun for get_options_data_GOOG to 2022-07-22T13:30:00+00:00, run_after=2022-07-22T14:00:00+00:00
[2022-07-22 14:11:55,288] {processor.py:161} INFO - Processing /opt/airflow/dags/open_options.py took 0.377 seconds
[2022-07-22 14:12:52,461] {processor.py:153} INFO - Started process (PID=170) to work on /opt/airflow/dags/open_options.py
[2022-07-22 14:12:52,462] {processor.py:641} INFO - Processing file /opt/airflow/dags/open_options.py for tasks to queue
[2022-07-22 14:12:52,463] {logging_mixin.py:115} INFO - [2022-07-22 14:12:52,463] {dagbag.py:508} INFO - Filling up the DagBag from /opt/airflow/dags/open_options.py
[2022-07-22 14:12:52,670] {processor.py:651} INFO - DAG(s) dict_keys(['get_options_data_FB', 'get_options_data_GOOG']) retrieved from /opt/airflow/dags/open_options.py
[2022-07-22 14:12:52,740] {logging_mixin.py:115} INFO - [2022-07-22 14:12:52,740] {manager.py:508} INFO - Created Permission View: can read on DAG:get_options_data_FB
[2022-07-22 14:12:52,759] {logging_mixin.py:115} INFO - [2022-07-22 14:12:52,758] {manager.py:508} INFO - Created Permission View: can delete on DAG:get_options_data_FB
[2022-07-22 14:12:52,775] {logging_mixin.py:115} INFO - [2022-07-22 14:12:52,775] {manager.py:508} INFO - Created Permission View: can edit on DAG:get_options_data_FB
[2022-07-22 14:12:52,802] {logging_mixin.py:115} INFO - [2022-07-22 14:12:52,801] {manager.py:508} INFO - Created Permission View: can read on DAG:get_options_data_GOOG
[2022-07-22 14:12:52,818] {logging_mixin.py:115} INFO - [2022-07-22 14:12:52,818] {manager.py:508} INFO - Created Permission View: can delete on DAG:get_options_data_GOOG
[2022-07-22 14:12:52,831] {logging_mixin.py:115} INFO - [2022-07-22 14:12:52,831] {manager.py:508} INFO - Created Permission View: can edit on DAG:get_options_data_GOOG
[2022-07-22 14:12:52,832] {logging_mixin.py:115} INFO - [2022-07-22 14:12:52,831] {dag.py:2420} INFO - Sync 2 DAGs
[2022-07-22 14:12:52,845] {logging_mixin.py:115} INFO - [2022-07-22 14:12:52,845] {dag.py:2439} INFO - Creating ORM DAG for get_options_data_FB
[2022-07-22 14:12:52,846] {logging_mixin.py:115} INFO - [2022-07-22 14:12:52,846] {dag.py:2439} INFO - Creating ORM DAG for get_options_data_GOOG
[2022-07-22 14:12:52,870] {logging_mixin.py:115} INFO - [2022-07-22 14:12:52,870] {dag.py:2972} INFO - Setting next_dagrun for get_options_data_FB to 2022-07-22T13:30:00+00:00, run_after=2022-07-22T14:00:00+00:00
[2022-07-22 14:12:52,874] {logging_mixin.py:115} INFO - [2022-07-22 14:12:52,874] {dag.py:2972} INFO - Setting next_dagrun for get_options_data_GOOG to 2022-07-22T13:30:00+00:00, run_after=2022-07-22T14:00:00+00:00
[2022-07-22 14:12:52,891] {processor.py:161} INFO - Processing /opt/airflow/dags/open_options.py took 0.433 seconds
[2022-07-22 14:13:23,011] {processor.py:153} INFO - Started process (PID=378) to work on /opt/airflow/dags/open_options.py
[2022-07-22 14:13:23,012] {processor.py:641} INFO - Processing file /opt/airflow/dags/open_options.py for tasks to queue
[2022-07-22 14:13:23,012] {logging_mixin.py:115} INFO - [2022-07-22 14:13:23,012] {dagbag.py:508} INFO - Filling up the DagBag from /opt/airflow/dags/open_options.py
[2022-07-22 14:13:23,162] {processor.py:651} INFO - DAG(s) dict_keys(['get_options_data_FB', 'get_options_data_GOOG']) retrieved from /opt/airflow/dags/open_options.py
[2022-07-22 14:13:23,183] {logging_mixin.py:115} INFO - [2022-07-22 14:13:23,182] {dag.py:2420} INFO - Sync 2 DAGs
[2022-07-22 14:13:23,226] {logging_mixin.py:115} INFO - [2022-07-22 14:13:23,226] {dag.py:2972} INFO - Setting next_dagrun for get_options_data_FB to 2022-07-22T13:30:00+00:00, run_after=2022-07-22T14:00:00+00:00
[2022-07-22 14:13:23,234] {logging_mixin.py:115} INFO - [2022-07-22 14:13:23,234] {dag.py:2972} INFO - Setting next_dagrun for get_options_data_GOOG to 2022-07-22T13:30:00+00:00, run_after=2022-07-22T14:00:00+00:00
[2022-07-22 14:13:23,257] {processor.py:161} INFO - Processing /opt/airflow/dags/open_options.py took 0.248 seconds
[2022-07-22 14:13:53,503] {processor.py:153} INFO - Started process (PID=575) to work on /opt/airflow/dags/open_options.py
[2022-07-22 14:13:53,505] {processor.py:641} INFO - Processing file /opt/airflow/dags/open_options.py for tasks to queue
[2022-07-22 14:13:53,506] {logging_mixin.py:115} INFO - [2022-07-22 14:13:53,506] {dagbag.py:508} INFO - Filling up the DagBag from /opt/airflow/dags/open_options.py
[2022-07-22 14:13:53,687] {processor.py:651} INFO - DAG(s) dict_keys(['get_options_data_FB', 'get_options_data_GOOG']) retrieved from /opt/airflow/dags/open_options.py
[2022-07-22 14:13:53,709] {logging_mixin.py:115} INFO - [2022-07-22 14:13:53,708] {dag.py:2420} INFO - Sync 2 DAGs
[2022-07-22 14:13:53,728] {logging_mixin.py:115} INFO - [2022-07-22 14:13:53,728] {dag.py:2972} INFO - Setting next_dagrun for get_options_data_FB to 2022-07-22T13:30:00+00:00, run_after=2022-07-22T14:00:00+00:00
[2022-07-22 14:13:53,731] {logging_mixin.py:115} INFO - [2022-07-22 14:13:53,731] {dag.py:2972} INFO - Setting next_dagrun for get_options_data_GOOG to 2022-07-22T13:30:00+00:00, run_after=2022-07-22T14:00:00+00:00
[2022-07-22 14:13:53,747] {processor.py:161} INFO - Processing /opt/airflow/dags/open_options.py took 0.251 seconds
[2022-07-22 14:14:45,754] {processor.py:153} INFO - Started process (PID=170) to work on /opt/airflow/dags/open_options.py
[2022-07-22 14:14:45,755] {processor.py:641} INFO - Processing file /opt/airflow/dags/open_options.py for tasks to queue
[2022-07-22 14:14:45,756] {logging_mixin.py:115} INFO - [2022-07-22 14:14:45,756] {dagbag.py:508} INFO - Filling up the DagBag from /opt/airflow/dags/open_options.py
[2022-07-22 14:14:45,919] {processor.py:651} INFO - DAG(s) dict_keys(['get_options_data_FB', 'get_options_data_GOOG']) retrieved from /opt/airflow/dags/open_options.py
[2022-07-22 14:14:46,012] {logging_mixin.py:115} INFO - [2022-07-22 14:14:46,011] {manager.py:508} INFO - Created Permission View: can read on DAG:get_options_data_FB
[2022-07-22 14:14:46,029] {logging_mixin.py:115} INFO - [2022-07-22 14:14:46,029] {manager.py:508} INFO - Created Permission View: can edit on DAG:get_options_data_FB
[2022-07-22 14:14:46,041] {logging_mixin.py:115} INFO - [2022-07-22 14:14:46,041] {manager.py:508} INFO - Created Permission View: can delete on DAG:get_options_data_FB
[2022-07-22 14:14:46,065] {logging_mixin.py:115} INFO - [2022-07-22 14:14:46,065] {manager.py:508} INFO - Created Permission View: can read on DAG:get_options_data_GOOG
[2022-07-22 14:14:46,078] {logging_mixin.py:115} INFO - [2022-07-22 14:14:46,078] {manager.py:508} INFO - Created Permission View: can edit on DAG:get_options_data_GOOG
[2022-07-22 14:14:46,089] {logging_mixin.py:115} INFO - [2022-07-22 14:14:46,089] {manager.py:508} INFO - Created Permission View: can delete on DAG:get_options_data_GOOG
[2022-07-22 14:14:46,090] {logging_mixin.py:115} INFO - [2022-07-22 14:14:46,090] {dag.py:2420} INFO - Sync 2 DAGs
[2022-07-22 14:14:46,097] {logging_mixin.py:115} INFO - [2022-07-22 14:14:46,097] {dag.py:2439} INFO - Creating ORM DAG for get_options_data_GOOG
[2022-07-22 14:14:46,097] {logging_mixin.py:115} INFO - [2022-07-22 14:14:46,097] {dag.py:2439} INFO - Creating ORM DAG for get_options_data_FB
[2022-07-22 14:14:46,113] {logging_mixin.py:115} INFO - [2022-07-22 14:14:46,113] {dag.py:2972} INFO - Setting next_dagrun for get_options_data_FB to 2022-07-22T13:30:00+00:00, run_after=2022-07-22T14:00:00+00:00
[2022-07-22 14:14:46,117] {logging_mixin.py:115} INFO - [2022-07-22 14:14:46,117] {dag.py:2972} INFO - Setting next_dagrun for get_options_data_GOOG to 2022-07-22T13:30:00+00:00, run_after=2022-07-22T14:00:00+00:00
[2022-07-22 14:14:46,134] {processor.py:161} INFO - Processing /opt/airflow/dags/open_options.py took 0.383 seconds
[2022-07-22 14:15:16,296] {processor.py:153} INFO - Started process (PID=385) to work on /opt/airflow/dags/open_options.py
[2022-07-22 14:15:16,298] {processor.py:641} INFO - Processing file /opt/airflow/dags/open_options.py for tasks to queue
[2022-07-22 14:15:16,299] {logging_mixin.py:115} INFO - [2022-07-22 14:15:16,299] {dagbag.py:508} INFO - Filling up the DagBag from /opt/airflow/dags/open_options.py
[2022-07-22 14:15:16,484] {processor.py:651} INFO - DAG(s) dict_keys(['get_options_data_FB', 'get_options_data_GOOG']) retrieved from /opt/airflow/dags/open_options.py
[2022-07-22 14:15:16,530] {logging_mixin.py:115} INFO - [2022-07-22 14:15:16,530] {dag.py:2420} INFO - Sync 2 DAGs
[2022-07-22 14:15:16,578] {logging_mixin.py:115} INFO - [2022-07-22 14:15:16,578] {dag.py:2972} INFO - Setting next_dagrun for get_options_data_FB to 2022-07-22T14:00:00+00:00, run_after=2022-07-22T14:30:00+00:00
[2022-07-22 14:15:16,581] {logging_mixin.py:115} INFO - [2022-07-22 14:15:16,581] {dag.py:2972} INFO - Setting next_dagrun for get_options_data_GOOG to 2022-07-22T13:30:00+00:00, run_after=2022-07-22T14:00:00+00:00
[2022-07-22 14:15:16,593] {processor.py:161} INFO - Processing /opt/airflow/dags/open_options.py took 0.305 seconds
[2022-07-22 14:15:46,713] {processor.py:153} INFO - Started process (PID=587) to work on /opt/airflow/dags/open_options.py
[2022-07-22 14:15:46,714] {processor.py:641} INFO - Processing file /opt/airflow/dags/open_options.py for tasks to queue
[2022-07-22 14:15:46,715] {logging_mixin.py:115} INFO - [2022-07-22 14:15:46,715] {dagbag.py:508} INFO - Filling up the DagBag from /opt/airflow/dags/open_options.py
[2022-07-22 14:15:46,930] {processor.py:651} INFO - DAG(s) dict_keys(['get_options_data_FB', 'get_options_data_GOOG']) retrieved from /opt/airflow/dags/open_options.py
[2022-07-22 14:15:46,969] {logging_mixin.py:115} INFO - [2022-07-22 14:15:46,969] {dag.py:2420} INFO - Sync 2 DAGs
[2022-07-22 14:15:47,009] {logging_mixin.py:115} INFO - [2022-07-22 14:15:47,009] {dag.py:2972} INFO - Setting next_dagrun for get_options_data_FB to 2022-07-22T14:00:00+00:00, run_after=2022-07-22T14:30:00+00:00
[2022-07-22 14:15:47,016] {logging_mixin.py:115} INFO - [2022-07-22 14:15:47,016] {dag.py:2972} INFO - Setting next_dagrun for get_options_data_GOOG to 2022-07-22T13:30:00+00:00, run_after=2022-07-22T14:00:00+00:00
[2022-07-22 14:15:47,029] {processor.py:161} INFO - Processing /opt/airflow/dags/open_options.py took 0.322 seconds
[2022-07-22 14:16:17,077] {processor.py:153} INFO - Started process (PID=793) to work on /opt/airflow/dags/open_options.py
[2022-07-22 14:16:17,078] {processor.py:641} INFO - Processing file /opt/airflow/dags/open_options.py for tasks to queue
[2022-07-22 14:16:17,079] {logging_mixin.py:115} INFO - [2022-07-22 14:16:17,079] {dagbag.py:508} INFO - Filling up the DagBag from /opt/airflow/dags/open_options.py
[2022-07-22 14:16:17,332] {processor.py:651} INFO - DAG(s) dict_keys(['get_options_data_FB', 'get_options_data_GOOG']) retrieved from /opt/airflow/dags/open_options.py
[2022-07-22 14:16:17,369] {logging_mixin.py:115} INFO - [2022-07-22 14:16:17,369] {dag.py:2420} INFO - Sync 2 DAGs
[2022-07-22 14:16:17,413] {logging_mixin.py:115} INFO - [2022-07-22 14:16:17,413] {dag.py:2972} INFO - Setting next_dagrun for get_options_data_FB to 2022-07-22T14:00:00+00:00, run_after=2022-07-22T14:30:00+00:00
[2022-07-22 14:16:17,416] {logging_mixin.py:115} INFO - [2022-07-22 14:16:17,416] {dag.py:2972} INFO - Setting next_dagrun for get_options_data_GOOG to 2022-07-22T13:30:00+00:00, run_after=2022-07-22T14:00:00+00:00
[2022-07-22 14:16:17,429] {processor.py:161} INFO - Processing /opt/airflow/dags/open_options.py took 0.357 seconds
[2022-07-22 14:16:47,637] {processor.py:153} INFO - Started process (PID=1002) to work on /opt/airflow/dags/open_options.py
[2022-07-22 14:16:47,638] {processor.py:641} INFO - Processing file /opt/airflow/dags/open_options.py for tasks to queue
[2022-07-22 14:16:47,639] {logging_mixin.py:115} INFO - [2022-07-22 14:16:47,639] {dagbag.py:508} INFO - Filling up the DagBag from /opt/airflow/dags/open_options.py
[2022-07-22 14:16:47,829] {processor.py:651} INFO - DAG(s) dict_keys(['get_options_data_FB', 'get_options_data_GOOG']) retrieved from /opt/airflow/dags/open_options.py
[2022-07-22 14:16:47,866] {logging_mixin.py:115} INFO - [2022-07-22 14:16:47,866] {dag.py:2420} INFO - Sync 2 DAGs
[2022-07-22 14:16:47,909] {logging_mixin.py:115} INFO - [2022-07-22 14:16:47,909] {dag.py:2972} INFO - Setting next_dagrun for get_options_data_FB to 2022-07-22T14:00:00+00:00, run_after=2022-07-22T14:30:00+00:00
[2022-07-22 14:16:47,915] {logging_mixin.py:115} INFO - [2022-07-22 14:16:47,915] {dag.py:2972} INFO - Setting next_dagrun for get_options_data_GOOG to 2022-07-22T13:30:00+00:00, run_after=2022-07-22T14:00:00+00:00
[2022-07-22 14:16:47,926] {processor.py:161} INFO - Processing /opt/airflow/dags/open_options.py took 0.294 seconds
[2022-07-22 14:17:17,992] {processor.py:153} INFO - Started process (PID=1204) to work on /opt/airflow/dags/open_options.py
[2022-07-22 14:17:17,993] {processor.py:641} INFO - Processing file /opt/airflow/dags/open_options.py for tasks to queue
[2022-07-22 14:17:17,994] {logging_mixin.py:115} INFO - [2022-07-22 14:17:17,994] {dagbag.py:508} INFO - Filling up the DagBag from /opt/airflow/dags/open_options.py
[2022-07-22 14:17:18,201] {processor.py:651} INFO - DAG(s) dict_keys(['get_options_data_FB', 'get_options_data_GOOG']) retrieved from /opt/airflow/dags/open_options.py
[2022-07-22 14:17:18,223] {logging_mixin.py:115} INFO - [2022-07-22 14:17:18,223] {dag.py:2420} INFO - Sync 2 DAGs
[2022-07-22 14:17:18,263] {logging_mixin.py:115} INFO - [2022-07-22 14:17:18,263] {dag.py:2972} INFO - Setting next_dagrun for get_options_data_FB to 2022-07-22T14:00:00+00:00, run_after=2022-07-22T14:30:00+00:00
[2022-07-22 14:17:18,270] {logging_mixin.py:115} INFO - [2022-07-22 14:17:18,270] {dag.py:2972} INFO - Setting next_dagrun for get_options_data_GOOG to 2022-07-22T13:30:00+00:00, run_after=2022-07-22T14:00:00+00:00
[2022-07-22 14:17:18,292] {processor.py:161} INFO - Processing /opt/airflow/dags/open_options.py took 0.304 seconds
[2022-07-22 14:17:49,225] {processor.py:153} INFO - Started process (PID=1397) to work on /opt/airflow/dags/open_options.py
[2022-07-22 14:17:49,226] {processor.py:641} INFO - Processing file /opt/airflow/dags/open_options.py for tasks to queue
[2022-07-22 14:17:49,228] {logging_mixin.py:115} INFO - [2022-07-22 14:17:49,227] {dagbag.py:508} INFO - Filling up the DagBag from /opt/airflow/dags/open_options.py
[2022-07-22 14:17:49,430] {processor.py:651} INFO - DAG(s) dict_keys(['get_options_data_FB', 'get_options_data_GOOG']) retrieved from /opt/airflow/dags/open_options.py
[2022-07-22 14:17:49,464] {logging_mixin.py:115} INFO - [2022-07-22 14:17:49,464] {dag.py:2420} INFO - Sync 2 DAGs
[2022-07-22 14:17:49,509] {logging_mixin.py:115} INFO - [2022-07-22 14:17:49,508] {dag.py:2972} INFO - Setting next_dagrun for get_options_data_FB to 2022-07-22T14:00:00+00:00, run_after=2022-07-22T14:30:00+00:00
[2022-07-22 14:17:49,512] {logging_mixin.py:115} INFO - [2022-07-22 14:17:49,512] {dag.py:2972} INFO - Setting next_dagrun for get_options_data_GOOG to 2022-07-22T13:30:00+00:00, run_after=2022-07-22T14:00:00+00:00
[2022-07-22 14:17:49,523] {processor.py:161} INFO - Processing /opt/airflow/dags/open_options.py took 0.303 seconds
[2022-07-22 14:18:20,341] {processor.py:153} INFO - Started process (PID=1598) to work on /opt/airflow/dags/open_options.py
[2022-07-22 14:18:20,343] {processor.py:641} INFO - Processing file /opt/airflow/dags/open_options.py for tasks to queue
[2022-07-22 14:18:20,344] {logging_mixin.py:115} INFO - [2022-07-22 14:18:20,343] {dagbag.py:508} INFO - Filling up the DagBag from /opt/airflow/dags/open_options.py
[2022-07-22 14:18:20,552] {processor.py:651} INFO - DAG(s) dict_keys(['get_options_data_FB', 'get_options_data_GOOG']) retrieved from /opt/airflow/dags/open_options.py
[2022-07-22 14:18:20,589] {logging_mixin.py:115} INFO - [2022-07-22 14:18:20,588] {dag.py:2420} INFO - Sync 2 DAGs
[2022-07-22 14:18:20,636] {logging_mixin.py:115} INFO - [2022-07-22 14:18:20,636] {dag.py:2972} INFO - Setting next_dagrun for get_options_data_FB to 2022-07-22T14:00:00+00:00, run_after=2022-07-22T14:30:00+00:00
[2022-07-22 14:18:20,639] {logging_mixin.py:115} INFO - [2022-07-22 14:18:20,639] {dag.py:2972} INFO - Setting next_dagrun for get_options_data_GOOG to 2022-07-22T13:30:00+00:00, run_after=2022-07-22T14:00:00+00:00
[2022-07-22 14:18:20,649] {processor.py:161} INFO - Processing /opt/airflow/dags/open_options.py took 0.314 seconds
[2022-07-22 14:18:50,827] {processor.py:153} INFO - Started process (PID=1800) to work on /opt/airflow/dags/open_options.py
[2022-07-22 14:18:50,828] {processor.py:641} INFO - Processing file /opt/airflow/dags/open_options.py for tasks to queue
[2022-07-22 14:18:50,830] {logging_mixin.py:115} INFO - [2022-07-22 14:18:50,830] {dagbag.py:508} INFO - Filling up the DagBag from /opt/airflow/dags/open_options.py
[2022-07-22 14:18:51,011] {processor.py:651} INFO - DAG(s) dict_keys(['get_options_data_FB', 'get_options_data_GOOG']) retrieved from /opt/airflow/dags/open_options.py
[2022-07-22 14:18:51,050] {logging_mixin.py:115} INFO - [2022-07-22 14:18:51,050] {dag.py:2420} INFO - Sync 2 DAGs
[2022-07-22 14:18:51,098] {logging_mixin.py:115} INFO - [2022-07-22 14:18:51,098] {dag.py:2972} INFO - Setting next_dagrun for get_options_data_FB to 2022-07-22T14:00:00+00:00, run_after=2022-07-22T14:30:00+00:00
[2022-07-22 14:18:51,107] {logging_mixin.py:115} INFO - [2022-07-22 14:18:51,106] {dag.py:2972} INFO - Setting next_dagrun for get_options_data_GOOG to 2022-07-22T13:30:00+00:00, run_after=2022-07-22T14:00:00+00:00
[2022-07-22 14:18:51,129] {processor.py:161} INFO - Processing /opt/airflow/dags/open_options.py took 0.308 seconds
[2022-07-22 14:19:21,217] {processor.py:153} INFO - Started process (PID=2007) to work on /opt/airflow/dags/open_options.py
[2022-07-22 14:19:21,217] {processor.py:641} INFO - Processing file /opt/airflow/dags/open_options.py for tasks to queue
[2022-07-22 14:19:21,218] {logging_mixin.py:115} INFO - [2022-07-22 14:19:21,218] {dagbag.py:508} INFO - Filling up the DagBag from /opt/airflow/dags/open_options.py
[2022-07-22 14:19:21,452] {processor.py:651} INFO - DAG(s) dict_keys(['get_options_data_FB', 'get_options_data_GOOG']) retrieved from /opt/airflow/dags/open_options.py
[2022-07-22 14:19:21,494] {logging_mixin.py:115} INFO - [2022-07-22 14:19:21,494] {dag.py:2420} INFO - Sync 2 DAGs
[2022-07-22 14:19:21,523] {logging_mixin.py:115} INFO - [2022-07-22 14:19:21,523] {dag.py:2972} INFO - Setting next_dagrun for get_options_data_FB to 2022-07-22T14:00:00+00:00, run_after=2022-07-22T14:30:00+00:00
[2022-07-22 14:19:21,527] {logging_mixin.py:115} INFO - [2022-07-22 14:19:21,527] {dag.py:2972} INFO - Setting next_dagrun for get_options_data_GOOG to 2022-07-22T13:30:00+00:00, run_after=2022-07-22T14:00:00+00:00
[2022-07-22 14:19:21,542] {processor.py:161} INFO - Processing /opt/airflow/dags/open_options.py took 0.328 seconds
[2022-07-22 14:19:51,692] {processor.py:153} INFO - Started process (PID=2210) to work on /opt/airflow/dags/open_options.py
[2022-07-22 14:19:51,692] {processor.py:641} INFO - Processing file /opt/airflow/dags/open_options.py for tasks to queue
[2022-07-22 14:19:51,693] {logging_mixin.py:115} INFO - [2022-07-22 14:19:51,693] {dagbag.py:508} INFO - Filling up the DagBag from /opt/airflow/dags/open_options.py
[2022-07-22 14:19:51,839] {processor.py:651} INFO - DAG(s) dict_keys(['get_options_data_FB', 'get_options_data_GOOG']) retrieved from /opt/airflow/dags/open_options.py
[2022-07-22 14:19:51,882] {logging_mixin.py:115} INFO - [2022-07-22 14:19:51,882] {dag.py:2420} INFO - Sync 2 DAGs
[2022-07-22 14:19:51,925] {logging_mixin.py:115} INFO - [2022-07-22 14:19:51,925] {dag.py:2972} INFO - Setting next_dagrun for get_options_data_FB to 2022-07-22T14:00:00+00:00, run_after=2022-07-22T14:30:00+00:00
[2022-07-22 14:19:51,928] {logging_mixin.py:115} INFO - [2022-07-22 14:19:51,928] {dag.py:2972} INFO - Setting next_dagrun for get_options_data_GOOG to 2022-07-22T13:30:00+00:00, run_after=2022-07-22T14:00:00+00:00
[2022-07-22 14:19:51,942] {processor.py:161} INFO - Processing /opt/airflow/dags/open_options.py took 0.252 seconds
[2022-07-22 14:20:22,005] {processor.py:153} INFO - Started process (PID=2417) to work on /opt/airflow/dags/open_options.py
[2022-07-22 14:20:22,005] {processor.py:641} INFO - Processing file /opt/airflow/dags/open_options.py for tasks to queue
[2022-07-22 14:20:22,005] {logging_mixin.py:115} INFO - [2022-07-22 14:20:22,005] {dagbag.py:508} INFO - Filling up the DagBag from /opt/airflow/dags/open_options.py
[2022-07-22 14:20:22,154] {processor.py:651} INFO - DAG(s) dict_keys(['get_options_data_FB', 'get_options_data_GOOG']) retrieved from /opt/airflow/dags/open_options.py
[2022-07-22 14:20:22,197] {logging_mixin.py:115} INFO - [2022-07-22 14:20:22,197] {dag.py:2420} INFO - Sync 2 DAGs
[2022-07-22 14:20:22,244] {logging_mixin.py:115} INFO - [2022-07-22 14:20:22,243] {dag.py:2972} INFO - Setting next_dagrun for get_options_data_FB to 2022-07-22T14:00:00+00:00, run_after=2022-07-22T14:30:00+00:00
[2022-07-22 14:20:22,246] {logging_mixin.py:115} INFO - [2022-07-22 14:20:22,246] {dag.py:2972} INFO - Setting next_dagrun for get_options_data_GOOG to 2022-07-22T13:30:00+00:00, run_after=2022-07-22T14:00:00+00:00
[2022-07-22 14:20:22,262] {processor.py:161} INFO - Processing /opt/airflow/dags/open_options.py took 0.261 seconds
[2022-07-22 14:20:52,687] {processor.py:153} INFO - Started process (PID=2619) to work on /opt/airflow/dags/open_options.py
[2022-07-22 14:20:52,688] {processor.py:641} INFO - Processing file /opt/airflow/dags/open_options.py for tasks to queue
[2022-07-22 14:20:52,688] {logging_mixin.py:115} INFO - [2022-07-22 14:20:52,688] {dagbag.py:508} INFO - Filling up the DagBag from /opt/airflow/dags/open_options.py
[2022-07-22 14:20:52,922] {processor.py:651} INFO - DAG(s) dict_keys(['get_options_data_FB', 'get_options_data_GOOG']) retrieved from /opt/airflow/dags/open_options.py
[2022-07-22 14:20:52,965] {logging_mixin.py:115} INFO - [2022-07-22 14:20:52,965] {dag.py:2420} INFO - Sync 2 DAGs
[2022-07-22 14:20:53,003] {logging_mixin.py:115} INFO - [2022-07-22 14:20:53,003] {dag.py:2972} INFO - Setting next_dagrun for get_options_data_FB to 2022-07-22T14:00:00+00:00, run_after=2022-07-22T14:30:00+00:00
[2022-07-22 14:20:53,013] {logging_mixin.py:115} INFO - [2022-07-22 14:20:53,013] {dag.py:2972} INFO - Setting next_dagrun for get_options_data_GOOG to 2022-07-22T13:30:00+00:00, run_after=2022-07-22T14:00:00+00:00
[2022-07-22 14:20:53,030] {processor.py:161} INFO - Processing /opt/airflow/dags/open_options.py took 0.346 seconds
[2022-07-22 14:21:23,169] {processor.py:153} INFO - Started process (PID=2815) to work on /opt/airflow/dags/open_options.py
[2022-07-22 14:21:23,170] {processor.py:641} INFO - Processing file /opt/airflow/dags/open_options.py for tasks to queue
[2022-07-22 14:21:23,170] {logging_mixin.py:115} INFO - [2022-07-22 14:21:23,170] {dagbag.py:508} INFO - Filling up the DagBag from /opt/airflow/dags/open_options.py
[2022-07-22 14:21:23,331] {processor.py:651} INFO - DAG(s) dict_keys(['get_options_data_FB', 'get_options_data_GOOG']) retrieved from /opt/airflow/dags/open_options.py
[2022-07-22 14:21:23,367] {logging_mixin.py:115} INFO - [2022-07-22 14:21:23,367] {dag.py:2420} INFO - Sync 2 DAGs
[2022-07-22 14:21:23,414] {logging_mixin.py:115} INFO - [2022-07-22 14:21:23,414] {dag.py:2972} INFO - Setting next_dagrun for get_options_data_FB to 2022-07-22T14:00:00+00:00, run_after=2022-07-22T14:30:00+00:00
[2022-07-22 14:21:23,420] {logging_mixin.py:115} INFO - [2022-07-22 14:21:23,420] {dag.py:2972} INFO - Setting next_dagrun for get_options_data_GOOG to 2022-07-22T13:30:00+00:00, run_after=2022-07-22T14:00:00+00:00
[2022-07-22 14:21:23,434] {processor.py:161} INFO - Processing /opt/airflow/dags/open_options.py took 0.268 seconds
[2022-07-22 14:21:53,844] {processor.py:153} INFO - Started process (PID=2994) to work on /opt/airflow/dags/open_options.py
[2022-07-22 14:21:53,845] {processor.py:641} INFO - Processing file /opt/airflow/dags/open_options.py for tasks to queue
[2022-07-22 14:21:53,846] {logging_mixin.py:115} INFO - [2022-07-22 14:21:53,846] {dagbag.py:508} INFO - Filling up the DagBag from /opt/airflow/dags/open_options.py
[2022-07-22 14:21:54,045] {processor.py:651} INFO - DAG(s) dict_keys(['get_options_data_FB', 'get_options_data_GOOG']) retrieved from /opt/airflow/dags/open_options.py
[2022-07-22 14:21:54,087] {logging_mixin.py:115} INFO - [2022-07-22 14:21:54,086] {dag.py:2420} INFO - Sync 2 DAGs
[2022-07-22 14:21:54,131] {logging_mixin.py:115} INFO - [2022-07-22 14:21:54,131] {dag.py:2972} INFO - Setting next_dagrun for get_options_data_FB to 2022-07-22T14:00:00+00:00, run_after=2022-07-22T14:30:00+00:00
[2022-07-22 14:21:54,140] {logging_mixin.py:115} INFO - [2022-07-22 14:21:54,140] {dag.py:2972} INFO - Setting next_dagrun for get_options_data_GOOG to 2022-07-22T13:30:00+00:00, run_after=2022-07-22T14:00:00+00:00
[2022-07-22 14:21:54,154] {processor.py:161} INFO - Processing /opt/airflow/dags/open_options.py took 0.317 seconds
[2022-07-22 14:22:24,324] {processor.py:153} INFO - Started process (PID=3201) to work on /opt/airflow/dags/open_options.py
[2022-07-22 14:22:24,325] {processor.py:641} INFO - Processing file /opt/airflow/dags/open_options.py for tasks to queue
[2022-07-22 14:22:24,326] {logging_mixin.py:115} INFO - [2022-07-22 14:22:24,326] {dagbag.py:508} INFO - Filling up the DagBag from /opt/airflow/dags/open_options.py
[2022-07-22 14:22:24,511] {processor.py:651} INFO - DAG(s) dict_keys(['get_options_data_FB', 'get_options_data_GOOG']) retrieved from /opt/airflow/dags/open_options.py
[2022-07-22 14:22:24,548] {logging_mixin.py:115} INFO - [2022-07-22 14:22:24,548] {dag.py:2420} INFO - Sync 2 DAGs
[2022-07-22 14:22:24,595] {logging_mixin.py:115} INFO - [2022-07-22 14:22:24,595] {dag.py:2972} INFO - Setting next_dagrun for get_options_data_FB to 2022-07-22T14:00:00+00:00, run_after=2022-07-22T14:30:00+00:00
[2022-07-22 14:22:24,598] {logging_mixin.py:115} INFO - [2022-07-22 14:22:24,597] {dag.py:2972} INFO - Setting next_dagrun for get_options_data_GOOG to 2022-07-22T13:30:00+00:00, run_after=2022-07-22T14:00:00+00:00
[2022-07-22 14:22:24,608] {processor.py:161} INFO - Processing /opt/airflow/dags/open_options.py took 0.288 seconds
[2022-07-22 14:22:54,872] {processor.py:153} INFO - Started process (PID=3389) to work on /opt/airflow/dags/open_options.py
[2022-07-22 14:22:54,872] {processor.py:641} INFO - Processing file /opt/airflow/dags/open_options.py for tasks to queue
[2022-07-22 14:22:54,873] {logging_mixin.py:115} INFO - [2022-07-22 14:22:54,873] {dagbag.py:508} INFO - Filling up the DagBag from /opt/airflow/dags/open_options.py
[2022-07-22 14:22:55,048] {processor.py:651} INFO - DAG(s) dict_keys(['get_options_data_FB', 'get_options_data_GOOG']) retrieved from /opt/airflow/dags/open_options.py
[2022-07-22 14:22:55,071] {logging_mixin.py:115} INFO - [2022-07-22 14:22:55,071] {dag.py:2420} INFO - Sync 2 DAGs
[2022-07-22 14:22:55,093] {logging_mixin.py:115} INFO - [2022-07-22 14:22:55,093] {dag.py:2972} INFO - Setting next_dagrun for get_options_data_FB to 2022-07-22T14:00:00+00:00, run_after=2022-07-22T14:30:00+00:00
[2022-07-22 14:22:55,099] {logging_mixin.py:115} INFO - [2022-07-22 14:22:55,099] {dag.py:2972} INFO - Setting next_dagrun for get_options_data_GOOG to 2022-07-22T13:30:00+00:00, run_after=2022-07-22T14:00:00+00:00
[2022-07-22 14:22:55,117] {processor.py:161} INFO - Processing /opt/airflow/dags/open_options.py took 0.248 seconds
[2022-07-22 14:23:25,289] {processor.py:153} INFO - Started process (PID=3595) to work on /opt/airflow/dags/open_options.py
[2022-07-22 14:23:25,290] {processor.py:641} INFO - Processing file /opt/airflow/dags/open_options.py for tasks to queue
[2022-07-22 14:23:25,291] {logging_mixin.py:115} INFO - [2022-07-22 14:23:25,291] {dagbag.py:508} INFO - Filling up the DagBag from /opt/airflow/dags/open_options.py
[2022-07-22 14:23:25,454] {processor.py:651} INFO - DAG(s) dict_keys(['get_options_data_FB', 'get_options_data_GOOG']) retrieved from /opt/airflow/dags/open_options.py
[2022-07-22 14:23:25,473] {logging_mixin.py:115} INFO - [2022-07-22 14:23:25,473] {dag.py:2420} INFO - Sync 2 DAGs
[2022-07-22 14:23:25,507] {logging_mixin.py:115} INFO - [2022-07-22 14:23:25,506] {dag.py:2972} INFO - Setting next_dagrun for get_options_data_FB to 2022-07-22T14:00:00+00:00, run_after=2022-07-22T14:30:00+00:00
[2022-07-22 14:23:25,515] {logging_mixin.py:115} INFO - [2022-07-22 14:23:25,515] {dag.py:2972} INFO - Setting next_dagrun for get_options_data_GOOG to 2022-07-22T13:30:00+00:00, run_after=2022-07-22T14:00:00+00:00
[2022-07-22 14:23:25,538] {processor.py:161} INFO - Processing /opt/airflow/dags/open_options.py took 0.255 seconds
[2022-07-22 14:23:55,630] {processor.py:153} INFO - Started process (PID=3797) to work on /opt/airflow/dags/open_options.py
[2022-07-22 14:23:55,631] {processor.py:641} INFO - Processing file /opt/airflow/dags/open_options.py for tasks to queue
[2022-07-22 14:23:55,632] {logging_mixin.py:115} INFO - [2022-07-22 14:23:55,632] {dagbag.py:508} INFO - Filling up the DagBag from /opt/airflow/dags/open_options.py
[2022-07-22 14:23:55,817] {processor.py:651} INFO - DAG(s) dict_keys(['get_options_data_FB', 'get_options_data_GOOG']) retrieved from /opt/airflow/dags/open_options.py
[2022-07-22 14:23:55,864] {logging_mixin.py:115} INFO - [2022-07-22 14:23:55,863] {dag.py:2420} INFO - Sync 2 DAGs
[2022-07-22 14:23:55,921] {logging_mixin.py:115} INFO - [2022-07-22 14:23:55,921] {dag.py:2972} INFO - Setting next_dagrun for get_options_data_FB to 2022-07-22T14:00:00+00:00, run_after=2022-07-22T14:30:00+00:00
[2022-07-22 14:23:55,925] {logging_mixin.py:115} INFO - [2022-07-22 14:23:55,925] {dag.py:2972} INFO - Setting next_dagrun for get_options_data_GOOG to 2022-07-22T13:30:00+00:00, run_after=2022-07-22T14:00:00+00:00
[2022-07-22 14:23:55,939] {processor.py:161} INFO - Processing /opt/airflow/dags/open_options.py took 0.315 seconds
[2022-07-22 14:24:26,037] {processor.py:153} INFO - Started process (PID=3990) to work on /opt/airflow/dags/open_options.py
[2022-07-22 14:24:26,039] {processor.py:641} INFO - Processing file /opt/airflow/dags/open_options.py for tasks to queue
[2022-07-22 14:24:26,040] {logging_mixin.py:115} INFO - [2022-07-22 14:24:26,040] {dagbag.py:508} INFO - Filling up the DagBag from /opt/airflow/dags/open_options.py
[2022-07-22 14:24:26,242] {processor.py:651} INFO - DAG(s) dict_keys(['get_options_data_FB', 'get_options_data_GOOG']) retrieved from /opt/airflow/dags/open_options.py
[2022-07-22 14:24:26,281] {logging_mixin.py:115} INFO - [2022-07-22 14:24:26,281] {dag.py:2420} INFO - Sync 2 DAGs
[2022-07-22 14:24:26,322] {logging_mixin.py:115} INFO - [2022-07-22 14:24:26,322] {dag.py:2972} INFO - Setting next_dagrun for get_options_data_FB to 2022-07-22T14:00:00+00:00, run_after=2022-07-22T14:30:00+00:00
[2022-07-22 14:24:26,325] {logging_mixin.py:115} INFO - [2022-07-22 14:24:26,325] {dag.py:2972} INFO - Setting next_dagrun for get_options_data_GOOG to 2022-07-22T13:30:00+00:00, run_after=2022-07-22T14:00:00+00:00
[2022-07-22 14:24:26,336] {processor.py:161} INFO - Processing /opt/airflow/dags/open_options.py took 0.306 seconds
[2022-07-22 14:24:56,506] {processor.py:153} INFO - Started process (PID=4197) to work on /opt/airflow/dags/open_options.py
[2022-07-22 14:24:56,507] {processor.py:641} INFO - Processing file /opt/airflow/dags/open_options.py for tasks to queue
[2022-07-22 14:24:56,509] {logging_mixin.py:115} INFO - [2022-07-22 14:24:56,509] {dagbag.py:508} INFO - Filling up the DagBag from /opt/airflow/dags/open_options.py
[2022-07-22 14:24:56,731] {processor.py:651} INFO - DAG(s) dict_keys(['get_options_data_FB', 'get_options_data_GOOG']) retrieved from /opt/airflow/dags/open_options.py
[2022-07-22 14:24:56,763] {logging_mixin.py:115} INFO - [2022-07-22 14:24:56,763] {dag.py:2420} INFO - Sync 2 DAGs
[2022-07-22 14:24:56,782] {logging_mixin.py:115} INFO - [2022-07-22 14:24:56,782] {dag.py:2972} INFO - Setting next_dagrun for get_options_data_FB to 2022-07-22T14:00:00+00:00, run_after=2022-07-22T14:30:00+00:00
[2022-07-22 14:24:56,785] {logging_mixin.py:115} INFO - [2022-07-22 14:24:56,785] {dag.py:2972} INFO - Setting next_dagrun for get_options_data_GOOG to 2022-07-22T13:30:00+00:00, run_after=2022-07-22T14:00:00+00:00
[2022-07-22 14:24:56,796] {processor.py:161} INFO - Processing /opt/airflow/dags/open_options.py took 0.297 seconds
[2022-07-22 14:25:26,956] {processor.py:153} INFO - Started process (PID=4409) to work on /opt/airflow/dags/open_options.py
[2022-07-22 14:25:26,956] {processor.py:641} INFO - Processing file /opt/airflow/dags/open_options.py for tasks to queue
[2022-07-22 14:25:26,956] {logging_mixin.py:115} INFO - [2022-07-22 14:25:26,956] {dagbag.py:508} INFO - Filling up the DagBag from /opt/airflow/dags/open_options.py
[2022-07-22 14:25:27,155] {processor.py:651} INFO - DAG(s) dict_keys(['get_options_data_FB', 'get_options_data_GOOG']) retrieved from /opt/airflow/dags/open_options.py
[2022-07-22 14:25:27,188] {logging_mixin.py:115} INFO - [2022-07-22 14:25:27,188] {dag.py:2420} INFO - Sync 2 DAGs
[2022-07-22 14:25:27,208] {logging_mixin.py:115} INFO - [2022-07-22 14:25:27,208] {dag.py:2972} INFO - Setting next_dagrun for get_options_data_FB to 2022-07-22T14:00:00+00:00, run_after=2022-07-22T14:30:00+00:00
[2022-07-22 14:25:27,211] {logging_mixin.py:115} INFO - [2022-07-22 14:25:27,211] {dag.py:2972} INFO - Setting next_dagrun for get_options_data_GOOG to 2022-07-22T13:30:00+00:00, run_after=2022-07-22T14:00:00+00:00
[2022-07-22 14:25:27,223] {processor.py:161} INFO - Processing /opt/airflow/dags/open_options.py took 0.270 seconds
[2022-07-22 14:25:57,493] {processor.py:153} INFO - Started process (PID=4600) to work on /opt/airflow/dags/open_options.py
[2022-07-22 14:25:57,494] {processor.py:641} INFO - Processing file /opt/airflow/dags/open_options.py for tasks to queue
[2022-07-22 14:25:57,494] {logging_mixin.py:115} INFO - [2022-07-22 14:25:57,494] {dagbag.py:508} INFO - Filling up the DagBag from /opt/airflow/dags/open_options.py
[2022-07-22 14:25:57,655] {processor.py:651} INFO - DAG(s) dict_keys(['get_options_data_FB', 'get_options_data_GOOG']) retrieved from /opt/airflow/dags/open_options.py
[2022-07-22 14:25:57,700] {logging_mixin.py:115} INFO - [2022-07-22 14:25:57,700] {dag.py:2420} INFO - Sync 2 DAGs
[2022-07-22 14:25:57,756] {logging_mixin.py:115} INFO - [2022-07-22 14:25:57,756] {dag.py:2972} INFO - Setting next_dagrun for get_options_data_FB to 2022-07-22T14:00:00+00:00, run_after=2022-07-22T14:30:00+00:00
[2022-07-22 14:25:57,764] {logging_mixin.py:115} INFO - [2022-07-22 14:25:57,764] {dag.py:2972} INFO - Setting next_dagrun for get_options_data_GOOG to 2022-07-22T13:30:00+00:00, run_after=2022-07-22T14:00:00+00:00
[2022-07-22 14:25:57,777] {processor.py:161} INFO - Processing /opt/airflow/dags/open_options.py took 0.288 seconds
[2022-07-22 14:26:28,078] {processor.py:153} INFO - Started process (PID=4784) to work on /opt/airflow/dags/open_options.py
[2022-07-22 14:26:28,079] {processor.py:641} INFO - Processing file /opt/airflow/dags/open_options.py for tasks to queue
[2022-07-22 14:26:28,080] {logging_mixin.py:115} INFO - [2022-07-22 14:26:28,080] {dagbag.py:508} INFO - Filling up the DagBag from /opt/airflow/dags/open_options.py
[2022-07-22 14:26:28,284] {processor.py:651} INFO - DAG(s) dict_keys(['get_options_data_FB', 'get_options_data_GOOG']) retrieved from /opt/airflow/dags/open_options.py
[2022-07-22 14:26:28,333] {logging_mixin.py:115} INFO - [2022-07-22 14:26:28,332] {dag.py:2420} INFO - Sync 2 DAGs
[2022-07-22 14:26:28,365] {logging_mixin.py:115} INFO - [2022-07-22 14:26:28,365] {dag.py:2972} INFO - Setting next_dagrun for get_options_data_FB to 2022-07-22T14:00:00+00:00, run_after=2022-07-22T14:30:00+00:00
[2022-07-22 14:26:28,368] {logging_mixin.py:115} INFO - [2022-07-22 14:26:28,368] {dag.py:2972} INFO - Setting next_dagrun for get_options_data_GOOG to 2022-07-22T13:30:00+00:00, run_after=2022-07-22T14:00:00+00:00
[2022-07-22 14:26:28,383] {processor.py:161} INFO - Processing /opt/airflow/dags/open_options.py took 0.310 seconds
[2022-07-22 14:26:58,761] {processor.py:153} INFO - Started process (PID=4987) to work on /opt/airflow/dags/open_options.py
[2022-07-22 14:26:58,763] {processor.py:641} INFO - Processing file /opt/airflow/dags/open_options.py for tasks to queue
[2022-07-22 14:26:58,764] {logging_mixin.py:115} INFO - [2022-07-22 14:26:58,764] {dagbag.py:508} INFO - Filling up the DagBag from /opt/airflow/dags/open_options.py
[2022-07-22 14:26:58,991] {processor.py:651} INFO - DAG(s) dict_keys(['get_options_data_FB', 'get_options_data_GOOG']) retrieved from /opt/airflow/dags/open_options.py
[2022-07-22 14:26:59,011] {logging_mixin.py:115} INFO - [2022-07-22 14:26:59,011] {dag.py:2420} INFO - Sync 2 DAGs
[2022-07-22 14:26:59,031] {logging_mixin.py:115} INFO - [2022-07-22 14:26:59,031] {dag.py:2972} INFO - Setting next_dagrun for get_options_data_FB to 2022-07-22T14:00:00+00:00, run_after=2022-07-22T14:30:00+00:00
[2022-07-22 14:26:59,034] {logging_mixin.py:115} INFO - [2022-07-22 14:26:59,034] {dag.py:2972} INFO - Setting next_dagrun for get_options_data_GOOG to 2022-07-22T13:30:00+00:00, run_after=2022-07-22T14:00:00+00:00
[2022-07-22 14:26:59,045] {processor.py:161} INFO - Processing /opt/airflow/dags/open_options.py took 0.294 seconds
[2022-07-22 14:27:29,106] {processor.py:153} INFO - Started process (PID=5170) to work on /opt/airflow/dags/open_options.py
[2022-07-22 14:27:29,107] {processor.py:641} INFO - Processing file /opt/airflow/dags/open_options.py for tasks to queue
[2022-07-22 14:27:29,108] {logging_mixin.py:115} INFO - [2022-07-22 14:27:29,108] {dagbag.py:508} INFO - Filling up the DagBag from /opt/airflow/dags/open_options.py
[2022-07-22 14:27:29,298] {processor.py:651} INFO - DAG(s) dict_keys(['get_options_data_FB', 'get_options_data_GOOG']) retrieved from /opt/airflow/dags/open_options.py
[2022-07-22 14:27:29,334] {logging_mixin.py:115} INFO - [2022-07-22 14:27:29,334] {dag.py:2420} INFO - Sync 2 DAGs
[2022-07-22 14:27:29,369] {logging_mixin.py:115} INFO - [2022-07-22 14:27:29,369] {dag.py:2972} INFO - Setting next_dagrun for get_options_data_FB to 2022-07-22T14:00:00+00:00, run_after=2022-07-22T14:30:00+00:00
[2022-07-22 14:27:29,376] {logging_mixin.py:115} INFO - [2022-07-22 14:27:29,376] {dag.py:2972} INFO - Setting next_dagrun for get_options_data_GOOG to 2022-07-22T13:30:00+00:00, run_after=2022-07-22T14:00:00+00:00
[2022-07-22 14:27:29,390] {processor.py:161} INFO - Processing /opt/airflow/dags/open_options.py took 0.291 seconds
[2022-07-22 14:28:00,140] {processor.py:153} INFO - Started process (PID=5372) to work on /opt/airflow/dags/open_options.py
[2022-07-22 14:28:00,141] {processor.py:641} INFO - Processing file /opt/airflow/dags/open_options.py for tasks to queue
[2022-07-22 14:28:00,142] {logging_mixin.py:115} INFO - [2022-07-22 14:28:00,142] {dagbag.py:508} INFO - Filling up the DagBag from /opt/airflow/dags/open_options.py
[2022-07-22 14:28:00,342] {processor.py:651} INFO - DAG(s) dict_keys(['get_options_data_FB', 'get_options_data_GOOG']) retrieved from /opt/airflow/dags/open_options.py
[2022-07-22 14:28:00,384] {logging_mixin.py:115} INFO - [2022-07-22 14:28:00,384] {dag.py:2420} INFO - Sync 2 DAGs
[2022-07-22 14:28:00,415] {logging_mixin.py:115} INFO - [2022-07-22 14:28:00,414] {dag.py:2972} INFO - Setting next_dagrun for get_options_data_FB to 2022-07-22T14:00:00+00:00, run_after=2022-07-22T14:30:00+00:00
[2022-07-22 14:28:00,422] {logging_mixin.py:115} INFO - [2022-07-22 14:28:00,422] {dag.py:2972} INFO - Setting next_dagrun for get_options_data_GOOG to 2022-07-22T13:30:00+00:00, run_after=2022-07-22T14:00:00+00:00
[2022-07-22 14:28:00,434] {processor.py:161} INFO - Processing /opt/airflow/dags/open_options.py took 0.301 seconds
[2022-07-22 14:28:25,427] {processor.py:153} INFO - Started process (PID=5565) to work on /opt/airflow/dags/open_options.py
[2022-07-22 14:28:25,427] {processor.py:641} INFO - Processing file /opt/airflow/dags/open_options.py for tasks to queue
[2022-07-22 14:28:25,428] {logging_mixin.py:115} INFO - [2022-07-22 14:28:25,428] {dagbag.py:508} INFO - Filling up the DagBag from /opt/airflow/dags/open_options.py
[2022-07-22 14:28:25,579] {processor.py:651} INFO - DAG(s) dict_keys(['get_options_data_FB', 'get_options_data_GOOG']) retrieved from /opt/airflow/dags/open_options.py
[2022-07-22 14:28:25,601] {logging_mixin.py:115} INFO - [2022-07-22 14:28:25,601] {dag.py:2420} INFO - Sync 2 DAGs
[2022-07-22 14:28:25,623] {logging_mixin.py:115} INFO - [2022-07-22 14:28:25,622] {dag.py:2972} INFO - Setting next_dagrun for get_options_data_FB to 2022-07-22T14:00:00+00:00, run_after=2022-07-22T14:30:00+00:00
[2022-07-22 14:28:25,626] {logging_mixin.py:115} INFO - [2022-07-22 14:28:25,626] {dag.py:2972} INFO - Setting next_dagrun for get_options_data_GOOG to 2022-07-22T13:30:00+00:00, run_after=2022-07-22T14:00:00+00:00
[2022-07-22 14:28:25,655] {processor.py:161} INFO - Processing /opt/airflow/dags/open_options.py took 0.234 seconds
[2022-07-22 14:29:50,054] {processor.py:153} INFO - Started process (PID=170) to work on /opt/airflow/dags/open_options.py
[2022-07-22 14:29:50,055] {processor.py:641} INFO - Processing file /opt/airflow/dags/open_options.py for tasks to queue
[2022-07-22 14:29:50,056] {logging_mixin.py:115} INFO - [2022-07-22 14:29:50,055] {dagbag.py:508} INFO - Filling up the DagBag from /opt/airflow/dags/open_options.py
[2022-07-22 14:29:50,233] {processor.py:651} INFO - DAG(s) dict_keys(['get_options_data_FB', 'get_options_data_GOOG']) retrieved from /opt/airflow/dags/open_options.py
[2022-07-22 14:29:50,255] {logging_mixin.py:115} INFO - [2022-07-22 14:29:50,255] {dag.py:2420} INFO - Sync 2 DAGs
[2022-07-22 14:29:50,281] {logging_mixin.py:115} INFO - [2022-07-22 14:29:50,280] {dag.py:2972} INFO - Setting next_dagrun for get_options_data_FB to 2022-07-22T14:00:00+00:00, run_after=2022-07-22T14:30:00+00:00
[2022-07-22 14:29:50,284] {logging_mixin.py:115} INFO - [2022-07-22 14:29:50,284] {dag.py:2972} INFO - Setting next_dagrun for get_options_data_GOOG to 2022-07-22T13:30:00+00:00, run_after=2022-07-22T14:00:00+00:00
[2022-07-22 14:29:50,296] {processor.py:161} INFO - Processing /opt/airflow/dags/open_options.py took 0.246 seconds
[2022-07-22 14:30:20,796] {processor.py:153} INFO - Started process (PID=383) to work on /opt/airflow/dags/open_options.py
[2022-07-22 14:30:20,797] {processor.py:641} INFO - Processing file /opt/airflow/dags/open_options.py for tasks to queue
[2022-07-22 14:30:20,799] {logging_mixin.py:115} INFO - [2022-07-22 14:30:20,798] {dagbag.py:508} INFO - Filling up the DagBag from /opt/airflow/dags/open_options.py
[2022-07-22 14:30:20,997] {processor.py:651} INFO - DAG(s) dict_keys(['get_options_data_FB', 'get_options_data_GOOG']) retrieved from /opt/airflow/dags/open_options.py
[2022-07-22 14:30:21,018] {logging_mixin.py:115} INFO - [2022-07-22 14:30:21,018] {dag.py:2420} INFO - Sync 2 DAGs
[2022-07-22 14:30:21,055] {logging_mixin.py:115} INFO - [2022-07-22 14:30:21,055] {dag.py:2972} INFO - Setting next_dagrun for get_options_data_FB to 2022-07-22T14:30:00+00:00, run_after=2022-07-22T15:00:00+00:00
[2022-07-22 14:30:21,059] {logging_mixin.py:115} INFO - [2022-07-22 14:30:21,059] {dag.py:2972} INFO - Setting next_dagrun for get_options_data_GOOG to 2022-07-22T14:00:00+00:00, run_after=2022-07-22T14:30:00+00:00
[2022-07-22 14:30:21,071] {processor.py:161} INFO - Processing /opt/airflow/dags/open_options.py took 0.281 seconds
[2022-07-22 14:30:51,572] {processor.py:153} INFO - Started process (PID=585) to work on /opt/airflow/dags/open_options.py
[2022-07-22 14:30:51,573] {processor.py:641} INFO - Processing file /opt/airflow/dags/open_options.py for tasks to queue
[2022-07-22 14:30:51,575] {logging_mixin.py:115} INFO - [2022-07-22 14:30:51,575] {dagbag.py:508} INFO - Filling up the DagBag from /opt/airflow/dags/open_options.py
[2022-07-22 14:30:51,750] {processor.py:651} INFO - DAG(s) dict_keys(['get_options_data_FB', 'get_options_data_GOOG']) retrieved from /opt/airflow/dags/open_options.py
[2022-07-22 14:30:51,785] {logging_mixin.py:115} INFO - [2022-07-22 14:30:51,785] {dag.py:2420} INFO - Sync 2 DAGs
[2022-07-22 14:30:51,823] {logging_mixin.py:115} INFO - [2022-07-22 14:30:51,823] {dag.py:2972} INFO - Setting next_dagrun for get_options_data_FB to 2022-07-22T14:30:00+00:00, run_after=2022-07-22T15:00:00+00:00
[2022-07-22 14:30:51,831] {logging_mixin.py:115} INFO - [2022-07-22 14:30:51,830] {dag.py:2972} INFO - Setting next_dagrun for get_options_data_GOOG to 2022-07-22T14:00:00+00:00, run_after=2022-07-22T14:30:00+00:00
[2022-07-22 14:30:51,843] {processor.py:161} INFO - Processing /opt/airflow/dags/open_options.py took 0.279 seconds
[2022-07-22 14:31:22,344] {processor.py:153} INFO - Started process (PID=778) to work on /opt/airflow/dags/open_options.py
[2022-07-22 14:31:22,345] {processor.py:641} INFO - Processing file /opt/airflow/dags/open_options.py for tasks to queue
[2022-07-22 14:31:22,346] {logging_mixin.py:115} INFO - [2022-07-22 14:31:22,346] {dagbag.py:508} INFO - Filling up the DagBag from /opt/airflow/dags/open_options.py
[2022-07-22 14:31:22,546] {processor.py:651} INFO - DAG(s) dict_keys(['get_options_data_FB', 'get_options_data_GOOG']) retrieved from /opt/airflow/dags/open_options.py
[2022-07-22 14:31:22,581] {logging_mixin.py:115} INFO - [2022-07-22 14:31:22,581] {dag.py:2420} INFO - Sync 2 DAGs
[2022-07-22 14:31:22,603] {logging_mixin.py:115} INFO - [2022-07-22 14:31:22,603] {dag.py:2972} INFO - Setting next_dagrun for get_options_data_FB to 2022-07-22T14:30:00+00:00, run_after=2022-07-22T15:00:00+00:00
[2022-07-22 14:31:22,607] {logging_mixin.py:115} INFO - [2022-07-22 14:31:22,607] {dag.py:2972} INFO - Setting next_dagrun for get_options_data_GOOG to 2022-07-22T14:00:00+00:00, run_after=2022-07-22T14:30:00+00:00
[2022-07-22 14:31:22,624] {processor.py:161} INFO - Processing /opt/airflow/dags/open_options.py took 0.285 seconds
[2022-07-22 14:31:52,998] {processor.py:153} INFO - Started process (PID=980) to work on /opt/airflow/dags/open_options.py
[2022-07-22 14:31:52,999] {processor.py:641} INFO - Processing file /opt/airflow/dags/open_options.py for tasks to queue
[2022-07-22 14:31:53,000] {logging_mixin.py:115} INFO - [2022-07-22 14:31:53,000] {dagbag.py:508} INFO - Filling up the DagBag from /opt/airflow/dags/open_options.py
[2022-07-22 14:31:53,246] {processor.py:651} INFO - DAG(s) dict_keys(['get_options_data_FB', 'get_options_data_GOOG']) retrieved from /opt/airflow/dags/open_options.py
[2022-07-22 14:31:53,270] {logging_mixin.py:115} INFO - [2022-07-22 14:31:53,269] {dag.py:2420} INFO - Sync 2 DAGs
[2022-07-22 14:31:53,293] {logging_mixin.py:115} INFO - [2022-07-22 14:31:53,293] {dag.py:2972} INFO - Setting next_dagrun for get_options_data_FB to 2022-07-22T14:30:00+00:00, run_after=2022-07-22T15:00:00+00:00
[2022-07-22 14:31:53,296] {logging_mixin.py:115} INFO - [2022-07-22 14:31:53,296] {dag.py:2972} INFO - Setting next_dagrun for get_options_data_GOOG to 2022-07-22T14:00:00+00:00, run_after=2022-07-22T14:30:00+00:00
[2022-07-22 14:31:53,308] {processor.py:161} INFO - Processing /opt/airflow/dags/open_options.py took 0.314 seconds
[2022-07-22 14:32:24,035] {processor.py:153} INFO - Started process (PID=1202) to work on /opt/airflow/dags/open_options.py
[2022-07-22 14:32:24,036] {processor.py:641} INFO - Processing file /opt/airflow/dags/open_options.py for tasks to queue
[2022-07-22 14:32:24,037] {logging_mixin.py:115} INFO - [2022-07-22 14:32:24,037] {dagbag.py:508} INFO - Filling up the DagBag from /opt/airflow/dags/open_options.py
[2022-07-22 14:32:24,273] {processor.py:651} INFO - DAG(s) dict_keys(['get_options_data_FB', 'get_options_data_GOOG']) retrieved from /opt/airflow/dags/open_options.py
[2022-07-22 14:32:24,313] {logging_mixin.py:115} INFO - [2022-07-22 14:32:24,313] {dag.py:2420} INFO - Sync 2 DAGs
[2022-07-22 14:32:24,358] {logging_mixin.py:115} INFO - [2022-07-22 14:32:24,358] {dag.py:2972} INFO - Setting next_dagrun for get_options_data_FB to 2022-07-22T14:30:00+00:00, run_after=2022-07-22T15:00:00+00:00
[2022-07-22 14:32:24,361] {logging_mixin.py:115} INFO - [2022-07-22 14:32:24,361] {dag.py:2972} INFO - Setting next_dagrun for get_options_data_GOOG to 2022-07-22T14:30:00+00:00, run_after=2022-07-22T15:00:00+00:00
[2022-07-22 14:32:24,373] {processor.py:161} INFO - Processing /opt/airflow/dags/open_options.py took 0.343 seconds
[2022-07-22 14:32:54,970] {processor.py:153} INFO - Started process (PID=1395) to work on /opt/airflow/dags/open_options.py
[2022-07-22 14:32:54,971] {processor.py:641} INFO - Processing file /opt/airflow/dags/open_options.py for tasks to queue
[2022-07-22 14:32:54,971] {logging_mixin.py:115} INFO - [2022-07-22 14:32:54,971] {dagbag.py:508} INFO - Filling up the DagBag from /opt/airflow/dags/open_options.py
[2022-07-22 14:32:55,268] {processor.py:651} INFO - DAG(s) dict_keys(['get_options_data_FB', 'get_options_data_GOOG']) retrieved from /opt/airflow/dags/open_options.py
[2022-07-22 14:32:55,305] {logging_mixin.py:115} INFO - [2022-07-22 14:32:55,305] {dag.py:2420} INFO - Sync 2 DAGs
[2022-07-22 14:32:55,354] {logging_mixin.py:115} INFO - [2022-07-22 14:32:55,354] {dag.py:2972} INFO - Setting next_dagrun for get_options_data_FB to 2022-07-22T14:30:00+00:00, run_after=2022-07-22T15:00:00+00:00
[2022-07-22 14:32:55,360] {logging_mixin.py:115} INFO - [2022-07-22 14:32:55,360] {dag.py:2972} INFO - Setting next_dagrun for get_options_data_GOOG to 2022-07-22T14:30:00+00:00, run_after=2022-07-22T15:00:00+00:00
[2022-07-22 14:32:55,377] {processor.py:161} INFO - Processing /opt/airflow/dags/open_options.py took 0.412 seconds
[2022-07-22 14:33:25,846] {processor.py:153} INFO - Started process (PID=1597) to work on /opt/airflow/dags/open_options.py
[2022-07-22 14:33:25,847] {processor.py:641} INFO - Processing file /opt/airflow/dags/open_options.py for tasks to queue
[2022-07-22 14:33:25,848] {logging_mixin.py:115} INFO - [2022-07-22 14:33:25,848] {dagbag.py:508} INFO - Filling up the DagBag from /opt/airflow/dags/open_options.py
[2022-07-22 14:33:26,057] {processor.py:651} INFO - DAG(s) dict_keys(['get_options_data_FB', 'get_options_data_GOOG']) retrieved from /opt/airflow/dags/open_options.py
[2022-07-22 14:33:26,079] {logging_mixin.py:115} INFO - [2022-07-22 14:33:26,079] {dag.py:2420} INFO - Sync 2 DAGs
[2022-07-22 14:33:26,118] {logging_mixin.py:115} INFO - [2022-07-22 14:33:26,118] {dag.py:2972} INFO - Setting next_dagrun for get_options_data_FB to 2022-07-22T14:30:00+00:00, run_after=2022-07-22T15:00:00+00:00
[2022-07-22 14:33:26,122] {logging_mixin.py:115} INFO - [2022-07-22 14:33:26,121] {dag.py:2972} INFO - Setting next_dagrun for get_options_data_GOOG to 2022-07-22T14:30:00+00:00, run_after=2022-07-22T15:00:00+00:00
[2022-07-22 14:33:26,143] {processor.py:161} INFO - Processing /opt/airflow/dags/open_options.py took 0.302 seconds
[2022-07-22 14:34:48,561] {processor.py:153} INFO - Started process (PID=170) to work on /opt/airflow/dags/open_options.py
[2022-07-22 14:34:48,562] {processor.py:641} INFO - Processing file /opt/airflow/dags/open_options.py for tasks to queue
[2022-07-22 14:34:48,563] {logging_mixin.py:115} INFO - [2022-07-22 14:34:48,563] {dagbag.py:508} INFO - Filling up the DagBag from /opt/airflow/dags/open_options.py
[2022-07-22 14:34:48,664] {processor.py:651} INFO - DAG(s) dict_keys(['get_options_data_FB', 'get_options_data_GOOG']) retrieved from /opt/airflow/dags/open_options.py
[2022-07-22 14:34:48,830] {logging_mixin.py:115} INFO - [2022-07-22 14:34:48,830] {dag.py:2420} INFO - Sync 2 DAGs
[2022-07-22 14:34:48,852] {logging_mixin.py:115} INFO - [2022-07-22 14:34:48,852] {dag.py:2972} INFO - Setting next_dagrun for get_options_data_FB to 2022-07-22T14:30:00+00:00, run_after=2022-07-22T15:00:00+00:00
[2022-07-22 14:34:48,856] {logging_mixin.py:115} INFO - [2022-07-22 14:34:48,856] {dag.py:2972} INFO - Setting next_dagrun for get_options_data_GOOG to 2022-07-22T14:30:00+00:00, run_after=2022-07-22T15:00:00+00:00
[2022-07-22 14:34:48,867] {processor.py:161} INFO - Processing /opt/airflow/dags/open_options.py took 0.311 seconds
[2022-07-22 14:35:19,305] {processor.py:153} INFO - Started process (PID=373) to work on /opt/airflow/dags/open_options.py
[2022-07-22 14:35:19,308] {processor.py:641} INFO - Processing file /opt/airflow/dags/open_options.py for tasks to queue
[2022-07-22 14:35:19,309] {logging_mixin.py:115} INFO - [2022-07-22 14:35:19,309] {dagbag.py:508} INFO - Filling up the DagBag from /opt/airflow/dags/open_options.py
[2022-07-22 14:35:19,510] {processor.py:651} INFO - DAG(s) dict_keys(['get_options_data_FB', 'get_options_data_GOOG']) retrieved from /opt/airflow/dags/open_options.py
[2022-07-22 14:35:19,537] {logging_mixin.py:115} INFO - [2022-07-22 14:35:19,537] {dag.py:2420} INFO - Sync 2 DAGs
[2022-07-22 14:35:19,567] {logging_mixin.py:115} INFO - [2022-07-22 14:35:19,567] {dag.py:2972} INFO - Setting next_dagrun for get_options_data_FB to 2022-07-22T14:30:00+00:00, run_after=2022-07-22T15:00:00+00:00
[2022-07-22 14:35:19,571] {logging_mixin.py:115} INFO - [2022-07-22 14:35:19,570] {dag.py:2972} INFO - Setting next_dagrun for get_options_data_GOOG to 2022-07-22T14:30:00+00:00, run_after=2022-07-22T15:00:00+00:00
[2022-07-22 14:35:19,584] {processor.py:161} INFO - Processing /opt/airflow/dags/open_options.py took 0.284 seconds
