[2022-07-26 03:01:52,026] {taskinstance.py:1179} INFO - Dependencies all met for <TaskInstance: GOOG_historic_data.create_historic_table manual__2022-07-26T03:01:50.939978+00:00 [queued]>
[2022-07-26 03:01:52,044] {taskinstance.py:1179} INFO - Dependencies all met for <TaskInstance: GOOG_historic_data.create_historic_table manual__2022-07-26T03:01:50.939978+00:00 [queued]>
[2022-07-26 03:01:52,044] {taskinstance.py:1376} INFO - 
--------------------------------------------------------------------------------
[2022-07-26 03:01:52,044] {taskinstance.py:1377} INFO - Starting attempt 1 of 2
[2022-07-26 03:01:52,044] {taskinstance.py:1378} INFO - 
--------------------------------------------------------------------------------
[2022-07-26 03:01:52,077] {taskinstance.py:1397} INFO - Executing <Task(PythonOperator): create_historic_table> on 2022-07-26 03:01:50.939978+00:00
[2022-07-26 03:01:52,084] {standard_task_runner.py:52} INFO - Started process 27848 to run task
[2022-07-26 03:01:52,087] {standard_task_runner.py:79} INFO - Running: ['***', 'tasks', 'run', 'GOOG_historic_data', 'create_historic_table', 'manual__2022-07-26T03:01:50.939978+00:00', '--job-id', '118', '--raw', '--subdir', 'DAGS_FOLDER/open_options.py', '--cfg-path', '/tmp/tmpyav1omlr', '--error-file', '/tmp/tmpezvyj0mc']
[2022-07-26 03:01:52,088] {standard_task_runner.py:80} INFO - Job 118: Subtask create_historic_table
[2022-07-26 03:01:52,195] {task_command.py:371} INFO - Running <TaskInstance: GOOG_historic_data.create_historic_table manual__2022-07-26T03:01:50.939978+00:00 [running]> on host 527e7914f635
[2022-07-26 03:01:52,283] {taskinstance.py:1591} INFO - Exporting the following env vars:
AIRFLOW_CTX_DAG_OWNER=vardhan
AIRFLOW_CTX_DAG_ID=GOOG_historic_data
AIRFLOW_CTX_TASK_ID=create_historic_table
AIRFLOW_CTX_EXECUTION_DATE=2022-07-26T03:01:50.939978+00:00
AIRFLOW_CTX_TRY_NUMBER=1
AIRFLOW_CTX_DAG_RUN_ID=manual__2022-07-26T03:01:50.939978+00:00
[2022-07-26 03:01:52,297] {base.py:68} INFO - Using connection ID 'postgres_optionsdata' for task execution.
[2022-07-26 03:01:52,302] {dbapi.py:231} INFO - Running statement: 
        CREATE TABLE IF NOT EXISTS historic_GOOG (
            symbol VARCHAR(32) NOT NULL,
            date BIGINT,
            high_price DOUBLE PRECISION,
            low_price DOUBLE PRECISION,
            open_price DOUBLE PRECISION,
            close_price DOUBLE PRECISION,
            total_volume INTEGER,
            PRIMARY KEY (symbol, date)
        )
    , parameters: None
[2022-07-26 03:01:52,303] {python.py:173} INFO - Done. Returned value was: None
[2022-07-26 03:01:52,325] {taskinstance.py:1420} INFO - Marking task as SUCCESS. dag_id=GOOG_historic_data, task_id=create_historic_table, execution_date=20220726T030150, start_date=20220726T030152, end_date=20220726T030152
[2022-07-26 03:01:52,381] {local_task_job.py:156} INFO - Task exited with return code 0
[2022-07-26 03:01:52,508] {local_task_job.py:273} INFO - 1 downstream tasks scheduled from follow-on schedule check
