[2022-07-22 14:32:10,009] {taskinstance.py:1179} INFO - Dependencies all met for <TaskInstance: get_options_data_GOOG.transform_options_data scheduled__2022-07-22T14:00:00+00:00 [queued]>
[2022-07-22 14:32:10,036] {taskinstance.py:1179} INFO - Dependencies all met for <TaskInstance: get_options_data_GOOG.transform_options_data scheduled__2022-07-22T14:00:00+00:00 [queued]>
[2022-07-22 14:32:10,037] {taskinstance.py:1376} INFO - 
--------------------------------------------------------------------------------
[2022-07-22 14:32:10,037] {taskinstance.py:1377} INFO - Starting attempt 1 of 2
[2022-07-22 14:32:10,037] {taskinstance.py:1378} INFO - 
--------------------------------------------------------------------------------
[2022-07-22 14:32:10,058] {taskinstance.py:1397} INFO - Executing <Task(PythonOperator): transform_options_data> on 2022-07-22 14:00:00+00:00
[2022-07-22 14:32:10,070] {standard_task_runner.py:79} INFO - Running: ['***', 'tasks', 'run', 'get_options_data_GOOG', 'transform_options_data', 'scheduled__2022-07-22T14:00:00+00:00', '--job-id', '22', '--raw', '--subdir', 'DAGS_FOLDER/open_options.py', '--cfg-path', '/tmp/tmpyvvxhnas', '--error-file', '/tmp/tmp7nzd3kdv']
[2022-07-22 14:32:10,071] {standard_task_runner.py:80} INFO - Job 22: Subtask transform_options_data
[2022-07-22 14:32:10,077] {standard_task_runner.py:52} INFO - Started process 1183 to run task
[2022-07-22 14:32:10,222] {task_command.py:371} INFO - Running <TaskInstance: get_options_data_GOOG.transform_options_data scheduled__2022-07-22T14:00:00+00:00 [running]> on host 447256dddbfe
[2022-07-22 14:32:10,386] {taskinstance.py:1591} INFO - Exporting the following env vars:
AIRFLOW_CTX_DAG_OWNER=chrischow
AIRFLOW_CTX_DAG_ID=get_options_data_GOOG
AIRFLOW_CTX_TASK_ID=transform_options_data
AIRFLOW_CTX_EXECUTION_DATE=2022-07-22T14:00:00+00:00
AIRFLOW_CTX_TRY_NUMBER=1
AIRFLOW_CTX_DAG_RUN_ID=scheduled__2022-07-22T14:00:00+00:00
[2022-07-22 14:32:10,928] {python.py:173} INFO - Done. Returned value was: None
[2022-07-22 14:32:10,944] {taskinstance.py:1420} INFO - Marking task as SUCCESS. dag_id=get_options_data_GOOG, task_id=transform_options_data, execution_date=20220722T140000, start_date=20220722T143210, end_date=20220722T143210
[2022-07-22 14:32:11,012] {local_task_job.py:156} INFO - Task exited with return code 0
[2022-07-22 14:32:11,077] {local_task_job.py:273} INFO - 1 downstream tasks scheduled from follow-on schedule check
