[2022-07-26 03:16:06,870] {taskinstance.py:1179} INFO - Dependencies all met for <TaskInstance: GOOG_historic_data.create_historic_table manual__2022-07-26T03:15:04.550266+00:00 [queued]>
[2022-07-26 03:16:06,879] {taskinstance.py:1179} INFO - Dependencies all met for <TaskInstance: GOOG_historic_data.create_historic_table manual__2022-07-26T03:15:04.550266+00:00 [queued]>
[2022-07-26 03:16:06,880] {taskinstance.py:1376} INFO - 
--------------------------------------------------------------------------------
[2022-07-26 03:16:06,880] {taskinstance.py:1377} INFO - Starting attempt 2 of 2
[2022-07-26 03:16:06,880] {taskinstance.py:1378} INFO - 
--------------------------------------------------------------------------------
[2022-07-26 03:16:06,897] {taskinstance.py:1397} INFO - Executing <Task(PythonOperator): create_historic_table> on 2022-07-26 03:15:04.550266+00:00
[2022-07-26 03:16:06,901] {standard_task_runner.py:52} INFO - Started process 33585 to run task
[2022-07-26 03:16:06,903] {standard_task_runner.py:79} INFO - Running: ['***', 'tasks', 'run', 'GOOG_historic_data', 'create_historic_table', 'manual__2022-07-26T03:15:04.550266+00:00', '--job-id', '166', '--raw', '--subdir', 'DAGS_FOLDER/open_options.py', '--cfg-path', '/tmp/tmp7v9bic_m', '--error-file', '/tmp/tmpzhh6y745']
[2022-07-26 03:16:06,904] {standard_task_runner.py:80} INFO - Job 166: Subtask create_historic_table
[2022-07-26 03:16:06,968] {task_command.py:371} INFO - Running <TaskInstance: GOOG_historic_data.create_historic_table manual__2022-07-26T03:15:04.550266+00:00 [running]> on host 527e7914f635
[2022-07-26 03:16:07,056] {taskinstance.py:1591} INFO - Exporting the following env vars:
AIRFLOW_CTX_DAG_OWNER=vardhan
AIRFLOW_CTX_DAG_ID=GOOG_historic_data
AIRFLOW_CTX_TASK_ID=create_historic_table
AIRFLOW_CTX_EXECUTION_DATE=2022-07-26T03:15:04.550266+00:00
AIRFLOW_CTX_TRY_NUMBER=2
AIRFLOW_CTX_DAG_RUN_ID=manual__2022-07-26T03:15:04.550266+00:00
[2022-07-26 03:16:07,066] {base.py:68} INFO - Using connection ID 'postgres_optionsdata' for task execution.
[2022-07-26 03:16:07,071] {dbapi.py:231} INFO - Running statement: 
        CREATE TABLE IF NOT EXISTS historic__GOOG (
            datetime BIGINT,
            high DOUBLE PRECISION,
            low DOUBLE PRECISION,
            open DOUBLE PRECISION,
            close DOUBLE PRECISION,
            volume INTEGER,
            PRIMARY KEY (datetime)
        )
    , parameters: None
[2022-07-26 03:16:07,072] {python.py:173} INFO - Done. Returned value was: None
[2022-07-26 03:16:07,092] {taskinstance.py:1420} INFO - Marking task as SUCCESS. dag_id=GOOG_historic_data, task_id=create_historic_table, execution_date=20220726T031504, start_date=20220726T031606, end_date=20220726T031607
[2022-07-26 03:16:07,156] {local_task_job.py:156} INFO - Task exited with return code 0
[2022-07-26 03:16:07,250] {local_task_job.py:273} INFO - 1 downstream tasks scheduled from follow-on schedule check
