[2022-07-22 14:15:05,989] {taskinstance.py:1179} INFO - Dependencies all met for <TaskInstance: get_options_data_FB.transform_options_data scheduled__2022-07-22T13:30:00+00:00 [queued]>
[2022-07-22 14:15:05,998] {taskinstance.py:1179} INFO - Dependencies all met for <TaskInstance: get_options_data_FB.transform_options_data scheduled__2022-07-22T13:30:00+00:00 [queued]>
[2022-07-22 14:15:05,998] {taskinstance.py:1376} INFO - 
--------------------------------------------------------------------------------
[2022-07-22 14:15:05,998] {taskinstance.py:1377} INFO - Starting attempt 1 of 2
[2022-07-22 14:15:05,998] {taskinstance.py:1378} INFO - 
--------------------------------------------------------------------------------
[2022-07-22 14:15:06,013] {taskinstance.py:1397} INFO - Executing <Task(PythonOperator): transform_options_data> on 2022-07-22 13:30:00+00:00
[2022-07-22 14:15:06,017] {standard_task_runner.py:52} INFO - Started process 371 to run task
[2022-07-22 14:15:06,020] {standard_task_runner.py:79} INFO - Running: ['***', 'tasks', 'run', 'get_options_data_FB', 'transform_options_data', 'scheduled__2022-07-22T13:30:00+00:00', '--job-id', '6', '--raw', '--subdir', 'DAGS_FOLDER/open_options.py', '--cfg-path', '/tmp/tmp7e9yhaa_', '--error-file', '/tmp/tmplgspg18s']
[2022-07-22 14:15:06,021] {standard_task_runner.py:80} INFO - Job 6: Subtask transform_options_data
[2022-07-22 14:15:06,133] {task_command.py:371} INFO - Running <TaskInstance: get_options_data_FB.transform_options_data scheduled__2022-07-22T13:30:00+00:00 [running]> on host 6ca3a31f58ff
[2022-07-22 14:15:06,293] {taskinstance.py:1591} INFO - Exporting the following env vars:
AIRFLOW_CTX_DAG_OWNER=chrischow
AIRFLOW_CTX_DAG_ID=get_options_data_FB
AIRFLOW_CTX_TASK_ID=transform_options_data
AIRFLOW_CTX_EXECUTION_DATE=2022-07-22T13:30:00+00:00
AIRFLOW_CTX_TRY_NUMBER=1
AIRFLOW_CTX_DAG_RUN_ID=scheduled__2022-07-22T13:30:00+00:00
[2022-07-22 14:15:07,104] {python.py:173} INFO - Done. Returned value was: None
[2022-07-22 14:15:07,133] {taskinstance.py:1420} INFO - Marking task as SUCCESS. dag_id=get_options_data_FB, task_id=transform_options_data, execution_date=20220722T133000, start_date=20220722T141505, end_date=20220722T141507
[2022-07-22 14:15:07,195] {local_task_job.py:156} INFO - Task exited with return code 0
[2022-07-22 14:15:07,308] {local_task_job.py:273} INFO - 1 downstream tasks scheduled from follow-on schedule check
