[2022-07-26 02:00:27,483] {taskinstance.py:1179} INFO - Dependencies all met for <TaskInstance: GOOG_historic_data.extract_historic_data_from_tda manual__2022-07-26T02:00:24.855422+00:00 [queued]>
[2022-07-26 02:00:27,493] {taskinstance.py:1179} INFO - Dependencies all met for <TaskInstance: GOOG_historic_data.extract_historic_data_from_tda manual__2022-07-26T02:00:24.855422+00:00 [queued]>
[2022-07-26 02:00:27,493] {taskinstance.py:1376} INFO - 
--------------------------------------------------------------------------------
[2022-07-26 02:00:27,493] {taskinstance.py:1377} INFO - Starting attempt 1 of 2
[2022-07-26 02:00:27,493] {taskinstance.py:1378} INFO - 
--------------------------------------------------------------------------------
[2022-07-26 02:00:27,510] {taskinstance.py:1397} INFO - Executing <Task(PythonOperator): extract_historic_data_from_tda> on 2022-07-26 02:00:24.855422+00:00
[2022-07-26 02:00:27,515] {standard_task_runner.py:52} INFO - Started process 3607 to run task
[2022-07-26 02:00:27,518] {standard_task_runner.py:79} INFO - Running: ['***', 'tasks', 'run', 'GOOG_historic_data', 'extract_historic_data_from_tda', 'manual__2022-07-26T02:00:24.855422+00:00', '--job-id', '56', '--raw', '--subdir', 'DAGS_FOLDER/open_options.py', '--cfg-path', '/tmp/tmpadj6nfy9', '--error-file', '/tmp/tmpb9swrh7i']
[2022-07-26 02:00:27,519] {standard_task_runner.py:80} INFO - Job 56: Subtask extract_historic_data_from_tda
[2022-07-26 02:00:27,589] {task_command.py:371} INFO - Running <TaskInstance: GOOG_historic_data.extract_historic_data_from_tda manual__2022-07-26T02:00:24.855422+00:00 [running]> on host 527e7914f635
[2022-07-26 02:00:27,679] {taskinstance.py:1591} INFO - Exporting the following env vars:
AIRFLOW_CTX_DAG_OWNER=vardhan
AIRFLOW_CTX_DAG_ID=GOOG_historic_data
AIRFLOW_CTX_TASK_ID=extract_historic_data_from_tda
AIRFLOW_CTX_EXECUTION_DATE=2022-07-26T02:00:24.855422+00:00
AIRFLOW_CTX_TRY_NUMBER=1
AIRFLOW_CTX_DAG_RUN_ID=manual__2022-07-26T02:00:24.855422+00:00
[2022-07-26 02:00:28,234] {logging_mixin.py:115} INFO - {'error': 'The access token being passed has expired or is invalid.'}
[2022-07-26 02:00:28,262] {python.py:173} INFO - Done. Returned value was: None
[2022-07-26 02:00:28,275] {taskinstance.py:1420} INFO - Marking task as SUCCESS. dag_id=GOOG_historic_data, task_id=extract_historic_data_from_tda, execution_date=20220726T020024, start_date=20220726T020027, end_date=20220726T020028
[2022-07-26 02:00:28,333] {local_task_job.py:156} INFO - Task exited with return code 0
[2022-07-26 02:00:28,459] {local_task_job.py:273} INFO - 1 downstream tasks scheduled from follow-on schedule check
