[2022-07-26 03:14:46,099] {taskinstance.py:1179} INFO - Dependencies all met for <TaskInstance: GOOG_historic_data.create_historic_table manual__2022-07-26T03:13:43.626205+00:00 [queued]>
[2022-07-26 03:14:46,107] {taskinstance.py:1179} INFO - Dependencies all met for <TaskInstance: GOOG_historic_data.create_historic_table manual__2022-07-26T03:13:43.626205+00:00 [queued]>
[2022-07-26 03:14:46,108] {taskinstance.py:1376} INFO - 
--------------------------------------------------------------------------------
[2022-07-26 03:14:46,108] {taskinstance.py:1377} INFO - Starting attempt 2 of 2
[2022-07-26 03:14:46,108] {taskinstance.py:1378} INFO - 
--------------------------------------------------------------------------------
[2022-07-26 03:14:46,120] {taskinstance.py:1397} INFO - Executing <Task(PythonOperator): create_historic_table> on 2022-07-26 03:13:43.626205+00:00
[2022-07-26 03:14:46,124] {standard_task_runner.py:52} INFO - Started process 32993 to run task
[2022-07-26 03:14:46,127] {standard_task_runner.py:79} INFO - Running: ['***', 'tasks', 'run', 'GOOG_historic_data', 'create_historic_table', 'manual__2022-07-26T03:13:43.626205+00:00', '--job-id', '160', '--raw', '--subdir', 'DAGS_FOLDER/open_options.py', '--cfg-path', '/tmp/tmp8qlbfrm7', '--error-file', '/tmp/tmpss154pmw']
[2022-07-26 03:14:46,128] {standard_task_runner.py:80} INFO - Job 160: Subtask create_historic_table
[2022-07-26 03:14:46,235] {task_command.py:371} INFO - Running <TaskInstance: GOOG_historic_data.create_historic_table manual__2022-07-26T03:13:43.626205+00:00 [running]> on host 527e7914f635
[2022-07-26 03:14:46,336] {taskinstance.py:1591} INFO - Exporting the following env vars:
AIRFLOW_CTX_DAG_OWNER=vardhan
AIRFLOW_CTX_DAG_ID=GOOG_historic_data
AIRFLOW_CTX_TASK_ID=create_historic_table
AIRFLOW_CTX_EXECUTION_DATE=2022-07-26T03:13:43.626205+00:00
AIRFLOW_CTX_TRY_NUMBER=2
AIRFLOW_CTX_DAG_RUN_ID=manual__2022-07-26T03:13:43.626205+00:00
[2022-07-26 03:14:46,355] {base.py:68} INFO - Using connection ID 'postgres_optionsdata' for task execution.
[2022-07-26 03:14:46,361] {dbapi.py:231} INFO - Running statement: 
        CREATE TABLE IF NOT EXISTS historic__GOOG (
            symbol VARCHAR(32) NOT NULL,
            datetime BIGINT,
            high DOUBLE PRECISION,
            low DOUBLE PRECISION,
            open DOUBLE PRECISION,
            close DOUBLE PRECISION,
            volume INTEGER,
            PRIMARY KEY (symbol, date)
        )
    , parameters: None
[2022-07-26 03:14:46,363] {taskinstance.py:1909} ERROR - Task failed with exception
Traceback (most recent call last):
  File "/home/airflow/.local/lib/python3.7/site-packages/airflow/operators/python.py", line 171, in execute
    return_value = self.execute_callable()
  File "/home/airflow/.local/lib/python3.7/site-packages/airflow/operators/python.py", line 189, in execute_callable
    return self.python_callable(*self.op_args, **self.op_kwargs)
  File "/opt/airflow/dags/open_options.py", line 44, in create_table_historic_data
    """)
  File "/home/airflow/.local/lib/python3.7/site-packages/airflow/hooks/dbapi.py", line 211, in run
    self._run_command(cur, sql_statement, parameters)
  File "/home/airflow/.local/lib/python3.7/site-packages/airflow/hooks/dbapi.py", line 235, in _run_command
    cur.execute(sql_statement)
psycopg2.errors.UndefinedColumn: column "date" named in key does not exist
LINE 10:             PRIMARY KEY (symbol, date)
                     ^

[2022-07-26 03:14:46,376] {taskinstance.py:1420} INFO - Marking task as FAILED. dag_id=GOOG_historic_data, task_id=create_historic_table, execution_date=20220726T031343, start_date=20220726T031446, end_date=20220726T031446
[2022-07-26 03:14:46,389] {standard_task_runner.py:97} ERROR - Failed to execute job 160 for task create_historic_table (column "date" named in key does not exist
LINE 10:             PRIMARY KEY (symbol, date)
                     ^
; 32993)
[2022-07-26 03:14:46,420] {local_task_job.py:156} INFO - Task exited with return code 1
[2022-07-26 03:14:46,532] {local_task_job.py:273} INFO - 0 downstream tasks scheduled from follow-on schedule check
